nohup: ignoring input
Starting Session for GoGo Conv: 25 W: 0.05 ...
Initializing objects...
Objects initialized.
Loading connectivity arrays...
MFGO Connectivity Array Loaded.
MFGR Connectivity Array Loaded.
GOGR Connectivity Array Loaded.
GRGO Connectivity Array Loaded.
GOGO Connectivity Array Loaded.
Connectivity Arrays Loaded
Trial 0: Cell 1 (Static) = 0.004213 | Cell 2 (Plastic) = 0.004213
Trial: 1, Time:19.532s
Trial 1: Cell 1 (Static) = 0.004225 | Cell 2 (Plastic) = 0.004225
Trial: 2, Time:19.308s
Trial 2: Cell 1 (Static) = 0.004238 | Cell 2 (Plastic) = 0.004238
Trial: 3, Time:19.494s
Trial 3: Cell 1 (Static) = 0.004251 | Cell 2 (Plastic) = 0.004251
Trial: 4, Time:19.286s
Trial 4: Cell 1 (Static) = 0.004263 | Cell 2 (Plastic) = 0.004263
Trial: 5, Time:19.303s
Trial 5: Cell 1 (Static) = 0.004276 | Cell 2 (Plastic) = 0.004276
Trial: 6, Time:19.364s
Trial 6: Cell 1 (Static) = 0.004289 | Cell 2 (Plastic) = 0.004289
Trial: 7, Time:19.255s
Trial 7: Cell 1 (Static) = 0.004302 | Cell 2 (Plastic) = 0.004302
Trial: 8, Time:19.579s
Trial 8: Cell 1 (Static) = 0.004315 | Cell 2 (Plastic) = 0.004315
Trial: 9, Time:19.517s
Trial 9: Cell 1 (Static) = 0.004328 | Cell 2 (Plastic) = 0.004328
Trial: 10, Time:19.397s
Trial 10: Cell 1 (Static) = 0.004341 | Cell 2 (Plastic) = 0.004341
Trial: 11, Time:19.529s
Trial 11: Cell 1 (Static) = 0.004354 | Cell 2 (Plastic) = 0.004354
Trial: 12, Time:19.849s
Trial 12: Cell 1 (Static) = 0.004367 | Cell 2 (Plastic) = 0.004367
Trial: 13, Time:20.021s
Trial 13: Cell 1 (Static) = 0.004380 | Cell 2 (Plastic) = 0.004380
Trial: 14, Time:20.150s
Trial 14: Cell 1 (Static) = 0.004393 | Cell 2 (Plastic) = 0.004393
Trial: 15, Time:19.937s
Trial 15: Cell 1 (Static) = 0.004406 | Cell 2 (Plastic) = 0.004406
Trial: 16, Time:19.907s
Trial 16: Cell 1 (Static) = 0.004419 | Cell 2 (Plastic) = 0.004419
Trial: 17, Time:19.688s
Trial 17: Cell 1 (Static) = 0.004433 | Cell 2 (Plastic) = 0.004433
Trial: 18, Time:19.867s
Trial 18: Cell 1 (Static) = 0.004446 | Cell 2 (Plastic) = 0.004446
Trial: 19, Time:20.162s
Trial 19: Cell 1 (Static) = 0.004459 | Cell 2 (Plastic) = 0.004459
Trial: 20, Time:20.433s
Trial 20: Cell 1 (Static) = 0.004473 | Cell 2 (Plastic) = 0.004473
Trial: 21, Time:20.177s
Trial 21: Cell 1 (Static) = 0.004486 | Cell 2 (Plastic) = 0.004486
Trial: 22, Time:20.352s
Trial 22: Cell 1 (Static) = 0.004500 | Cell 2 (Plastic) = 0.004500
Trial: 23, Time:20.244s
Trial 23: Cell 1 (Static) = 0.004513 | Cell 2 (Plastic) = 0.004513
Trial: 24, Time:20.185s
Trial 24: Cell 1 (Static) = 0.004527 | Cell 2 (Plastic) = 0.004527
Trial: 25, Time:20.061s
Trial 25: Cell 1 (Static) = 0.004540 | Cell 2 (Plastic) = 0.004540
Trial: 26, Time:20.062s
Trial 26: Cell 1 (Static) = 0.004554 | Cell 2 (Plastic) = 0.004554
Trial: 27, Time:20.411s
Trial 27: Cell 1 (Static) = 0.004567 | Cell 2 (Plastic) = 0.004567
Trial: 28, Time:20.682s
Trial 28: Cell 1 (Static) = 0.004581 | Cell 2 (Plastic) = 0.004581
Trial: 29, Time:20.536s
Trial 29: Cell 1 (Static) = 0.004595 | Cell 2 (Plastic) = 0.004595
Trial: 30, Time:20.592s
Trial 30: Cell 1 (Static) = 0.004609 | Cell 2 (Plastic) = 0.004609
Trial: 31, Time:20.650s
Trial 31: Cell 1 (Static) = 0.004623 | Cell 2 (Plastic) = 0.004623
Trial: 32, Time:20.942s
Trial 32: Cell 1 (Static) = 0.004636 | Cell 2 (Plastic) = 0.004636
Trial: 33, Time:20.975s
Trial 33: Cell 1 (Static) = 0.004650 | Cell 2 (Plastic) = 0.004650
Trial: 34, Time:21.358s
Trial 34: Cell 1 (Static) = 0.004664 | Cell 2 (Plastic) = 0.004664
Trial: 35, Time:21.145s
Trial 35: Cell 1 (Static) = 0.004678 | Cell 2 (Plastic) = 0.004678
Trial: 36, Time:21.213s
Trial 36: Cell 1 (Static) = 0.004692 | Cell 2 (Plastic) = 0.004692
Trial: 37, Time:21.356s
Trial 37: Cell 1 (Static) = 0.004706 | Cell 2 (Plastic) = 0.004706
Trial: 38, Time:21.431s
Trial 38: Cell 1 (Static) = 0.004720 | Cell 2 (Plastic) = 0.004720
Trial: 39, Time:21.547s
Trial 39: Cell 1 (Static) = 0.004735 | Cell 2 (Plastic) = 0.004735
Trial: 40, Time:21.640s
Trial 40: Cell 1 (Static) = 0.004749 | Cell 2 (Plastic) = 0.004749
Trial: 41, Time:21.804s
Trial 41: Cell 1 (Static) = 0.004763 | Cell 2 (Plastic) = 0.004763
Trial: 42, Time:21.842s
Trial 42: Cell 1 (Static) = 0.004777 | Cell 2 (Plastic) = 0.004777
Trial: 43, Time:21.906s
Trial 43: Cell 1 (Static) = 0.004792 | Cell 2 (Plastic) = 0.004792
Trial: 44, Time:22.389s
Trial 44: Cell 1 (Static) = 0.004806 | Cell 2 (Plastic) = 0.004806
Trial: 45, Time:22.343s
Trial 45: Cell 1 (Static) = 0.004821 | Cell 2 (Plastic) = 0.004821
Trial: 46, Time:22.202s
Trial 46: Cell 1 (Static) = 0.004835 | Cell 2 (Plastic) = 0.004835
Trial: 47, Time:22.426s
Trial 47: Cell 1 (Static) = 0.004849 | Cell 2 (Plastic) = 0.004849
Trial: 48, Time:22.401s
Trial 48: Cell 1 (Static) = 0.004864 | Cell 2 (Plastic) = 0.004864
Trial: 49, Time:22.507s
Trial 49: Cell 1 (Static) = 0.004879 | Cell 2 (Plastic) = 0.004879
Trial: 50, Time:22.621s
Trial 50: Cell 1 (Static) = 0.004893 | Cell 2 (Plastic) = 0.004893
Trial: 51, Time:22.354s
Trial 51: Cell 1 (Static) = 0.004908 | Cell 2 (Plastic) = 0.004908
Trial: 52, Time:22.335s
Trial 52: Cell 1 (Static) = 0.004923 | Cell 2 (Plastic) = 0.004923
Trial: 53, Time:22.524s
Trial 53: Cell 1 (Static) = 0.004937 | Cell 2 (Plastic) = 0.004937
Trial: 54, Time:22.896s
Trial 54: Cell 1 (Static) = 0.004952 | Cell 2 (Plastic) = 0.004952
Trial: 55, Time:22.870s
Trial 55: Cell 1 (Static) = 0.004967 | Cell 2 (Plastic) = 0.004967
Trial: 56, Time:23.110s
Trial 56: Cell 1 (Static) = 0.004982 | Cell 2 (Plastic) = 0.004982
Trial: 57, Time:23.166s
Trial 57: Cell 1 (Static) = 0.004997 | Cell 2 (Plastic) = 0.004997
Trial: 58, Time:23.173s
Trial 58: Cell 1 (Static) = 0.005012 | Cell 2 (Plastic) = 0.005012
Trial: 59, Time:23.129s
Trial 59: Cell 1 (Static) = 0.005027 | Cell 2 (Plastic) = 0.005012
Trial: 60, Time:23.099s
Trial 60: Cell 1 (Static) = 0.005042 | Cell 2 (Plastic) = 0.005027
Trial: 61, Time:22.803s
Trial 61: Cell 1 (Static) = 0.005057 | Cell 2 (Plastic) = 0.005042
Trial: 62, Time:23.120s
Trial 62: Cell 1 (Static) = 0.005072 | Cell 2 (Plastic) = 0.005057
Trial: 63, Time:23.014s
Trial 63: Cell 1 (Static) = 0.005088 | Cell 2 (Plastic) = 0.005072
Trial: 64, Time:23.627s
Trial 64: Cell 1 (Static) = 0.005103 | Cell 2 (Plastic) = 0.005088
Trial: 65, Time:23.697s
Trial 65: Cell 1 (Static) = 0.005118 | Cell 2 (Plastic) = 0.005103
Trial: 66, Time:23.626s
Trial 66: Cell 1 (Static) = 0.005133 | Cell 2 (Plastic) = 0.005118
Trial: 67, Time:23.747s
Trial 67: Cell 1 (Static) = 0.005149 | Cell 2 (Plastic) = 0.005133
Trial: 68, Time:23.876s
Trial 68: Cell 1 (Static) = 0.005164 | Cell 2 (Plastic) = 0.005149
Trial: 69, Time:23.846s
Trial 69: Cell 1 (Static) = 0.005180 | Cell 2 (Plastic) = 0.005164
Trial: 70, Time:24.253s
Trial 70: Cell 1 (Static) = 0.005195 | Cell 2 (Plastic) = 0.005149
Trial: 71, Time:23.766s
Trial 71: Cell 1 (Static) = 0.005211 | Cell 2 (Plastic) = 0.005133
Trial: 72, Time:23.960s
Trial 72: Cell 1 (Static) = 0.005227 | Cell 2 (Plastic) = 0.005118
Trial: 73, Time:23.924s
Trial 73: Cell 1 (Static) = 0.005242 | Cell 2 (Plastic) = 0.005133
Trial: 74, Time:24.288s
Trial 74: Cell 1 (Static) = 0.005258 | Cell 2 (Plastic) = 0.005149
Trial: 75, Time:23.941s
Trial 75: Cell 1 (Static) = 0.005274 | Cell 2 (Plastic) = 0.005164
Trial: 76, Time:24.306s
Trial 76: Cell 1 (Static) = 0.005290 | Cell 2 (Plastic) = 0.005180
Trial: 77, Time:24.227s
Trial 77: Cell 1 (Static) = 0.005305 | Cell 2 (Plastic) = 0.005195
Trial: 78, Time:24.546s
Trial 78: Cell 1 (Static) = 0.005321 | Cell 2 (Plastic) = 0.005211
Trial: 79, Time:24.161s
Trial 79: Cell 1 (Static) = 0.005337 | Cell 2 (Plastic) = 0.005227
Trial: 80, Time:24.451s
Trial 80: Cell 1 (Static) = 0.005353 | Cell 2 (Plastic) = 0.005242
Trial: 81, Time:24.703s
Trial 81: Cell 1 (Static) = 0.005369 | Cell 2 (Plastic) = 0.005258
Trial: 82, Time:24.621s
Trial 82: Cell 1 (Static) = 0.005386 | Cell 2 (Plastic) = 0.005274
Trial: 83, Time:24.616s
Trial 83: Cell 1 (Static) = 0.005402 | Cell 2 (Plastic) = 0.005290
Trial: 84, Time:24.689s
Trial 84: Cell 1 (Static) = 0.005418 | Cell 2 (Plastic) = 0.005305
Trial: 85, Time:24.844s
Trial 85: Cell 1 (Static) = 0.005434 | Cell 2 (Plastic) = 0.005321
Trial: 86, Time:25.159s
Trial 86: Cell 1 (Static) = 0.005450 | Cell 2 (Plastic) = 0.005337
Trial: 87, Time:24.985s
Trial 87: Cell 1 (Static) = 0.005467 | Cell 2 (Plastic) = 0.005353
Trial: 88, Time:25.178s
Trial 88: Cell 1 (Static) = 0.005483 | Cell 2 (Plastic) = 0.005369
Trial: 89, Time:25.167s
Trial 89: Cell 1 (Static) = 0.005500 | Cell 2 (Plastic) = 0.005386
Trial: 90, Time:25.009s
Trial 90: Cell 1 (Static) = 0.005516 | Cell 2 (Plastic) = 0.005402
Trial: 91, Time:25.254s
Trial 91: Cell 1 (Static) = 0.005533 | Cell 2 (Plastic) = 0.005418
Trial: 92, Time:25.326s
Trial 92: Cell 1 (Static) = 0.005549 | Cell 2 (Plastic) = 0.005402
Trial: 93, Time:24.978s
Trial 93: Cell 1 (Static) = 0.005566 | Cell 2 (Plastic) = 0.005386
Trial: 94, Time:25.236s
Trial 94: Cell 1 (Static) = 0.005583 | Cell 2 (Plastic) = 0.005369
Trial: 95, Time:25.348s
Trial 95: Cell 1 (Static) = 0.005599 | Cell 2 (Plastic) = 0.005386
Trial: 96, Time:25.669s
Trial 96: Cell 1 (Static) = 0.005616 | Cell 2 (Plastic) = 0.005402
Trial: 97, Time:25.189s
Trial 97: Cell 1 (Static) = 0.005633 | Cell 2 (Plastic) = 0.005386
Trial: 98, Time:25.205s
Trial 98: Cell 1 (Static) = 0.005650 | Cell 2 (Plastic) = 0.005369
Trial: 99, Time:25.494s
Trial 99: Cell 1 (Static) = 0.005667 | Cell 2 (Plastic) = 0.005386
Trial: 100, Time:25.914s
Trial 100: Cell 1 (Static) = 0.005684 | Cell 2 (Plastic) = 0.005402
Trial: 101, Time:26.578s
Trial 101: Cell 1 (Static) = 0.005701 | Cell 2 (Plastic) = 0.005418
Trial: 102, Time:26.460s
Trial 102: Cell 1 (Static) = 0.005718 | Cell 2 (Plastic) = 0.005434
Trial: 103, Time:26.224s
Trial 103: Cell 1 (Static) = 0.005735 | Cell 2 (Plastic) = 0.005450
Trial: 104, Time:26.482s
Trial 104: Cell 1 (Static) = 0.005752 | Cell 2 (Plastic) = 0.005467
Trial: 105, Time:26.363s
Trial 105: Cell 1 (Static) = 0.005770 | Cell 2 (Plastic) = 0.005483
Trial: 106, Time:26.519s
Trial 106: Cell 1 (Static) = 0.005787 | Cell 2 (Plastic) = 0.005500
Trial: 107, Time:26.256s
Trial 107: Cell 1 (Static) = 0.005804 | Cell 2 (Plastic) = 0.005516
Trial: 108, Time:26.483s
Trial 108: Cell 1 (Static) = 0.005822 | Cell 2 (Plastic) = 0.005533
Trial: 109, Time:26.195s
Trial 109: Cell 1 (Static) = 0.005839 | Cell 2 (Plastic) = 0.005549
Trial: 110, Time:26.725s
Trial 110: Cell 1 (Static) = 0.005857 | Cell 2 (Plastic) = 0.005566
Trial: 111, Time:26.398s
Trial 111: Cell 1 (Static) = 0.005874 | Cell 2 (Plastic) = 0.005549
Trial: 112, Time:26.814s
Trial 112: Cell 1 (Static) = 0.005892 | Cell 2 (Plastic) = 0.005533
Trial: 113, Time:26.720s
Trial 113: Cell 1 (Static) = 0.005910 | Cell 2 (Plastic) = 0.005549
Trial: 114, Time:26.973s
Trial 114: Cell 1 (Static) = 0.005927 | Cell 2 (Plastic) = 0.005566
Trial: 115, Time:26.617s
Trial 115: Cell 1 (Static) = 0.005945 | Cell 2 (Plastic) = 0.005549
Trial: 116, Time:26.722s
Trial 116: Cell 1 (Static) = 0.005963 | Cell 2 (Plastic) = 0.005533
Trial: 117, Time:26.674s
Trial 117: Cell 1 (Static) = 0.005981 | Cell 2 (Plastic) = 0.005516
Trial: 118, Time:26.752s
Trial 118: Cell 1 (Static) = 0.005999 | Cell 2 (Plastic) = 0.005500
Trial: 119, Time:26.911s
Trial 119: Cell 1 (Static) = 0.006017 | Cell 2 (Plastic) = 0.005483
Trial: 120, Time:27.094s
Trial 120: Cell 1 (Static) = 0.006035 | Cell 2 (Plastic) = 0.005467
Trial: 121, Time:27.029s
Trial 121: Cell 1 (Static) = 0.006053 | Cell 2 (Plastic) = 0.005450
Trial: 122, Time:26.866s
Trial 122: Cell 1 (Static) = 0.006071 | Cell 2 (Plastic) = 0.005434
Trial: 123, Time:26.804s
Trial 123: Cell 1 (Static) = 0.006089 | Cell 2 (Plastic) = 0.005418
Trial: 124, Time:27.416s
Trial 124: Cell 1 (Static) = 0.006108 | Cell 2 (Plastic) = 0.005402
Trial: 125, Time:27.018s
Trial 125: Cell 1 (Static) = 0.006126 | Cell 2 (Plastic) = 0.005418
Trial: 126, Time:27.348s
Trial 126: Cell 1 (Static) = 0.006108 | Cell 2 (Plastic) = 0.005434
Trial: 127, Time:27.071s
Trial 127: Cell 1 (Static) = 0.006126 | Cell 2 (Plastic) = 0.005450
Trial: 128, Time:27.347s
Trial 128: Cell 1 (Static) = 0.006108 | Cell 2 (Plastic) = 0.005467
Trial: 129, Time:27.393s
Trial 129: Cell 1 (Static) = 0.006089 | Cell 2 (Plastic) = 0.005483
Trial: 130, Time:27.789s
Trial 130: Cell 1 (Static) = 0.006071 | Cell 2 (Plastic) = 0.005500
Trial: 131, Time:27.643s
Trial 131: Cell 1 (Static) = 0.006089 | Cell 2 (Plastic) = 0.005516
Trial: 132, Time:28.000s
Trial 132: Cell 1 (Static) = 0.006071 | Cell 2 (Plastic) = 0.005533
Trial: 133, Time:27.888s
Trial 133: Cell 1 (Static) = 0.006053 | Cell 2 (Plastic) = 0.005549
Trial: 134, Time:28.296s
Trial 134: Cell 1 (Static) = 0.006035 | Cell 2 (Plastic) = 0.005566
Trial: 135, Time:27.700s
Trial 135: Cell 1 (Static) = 0.006017 | Cell 2 (Plastic) = 0.005583
Trial: 136, Time:27.894s
Trial 136: Cell 1 (Static) = 0.005999 | Cell 2 (Plastic) = 0.005599
Trial: 137, Time:28.011s
Trial 137: Cell 1 (Static) = 0.005981 | Cell 2 (Plastic) = 0.005616
Trial: 138, Time:28.178s
Trial 138: Cell 1 (Static) = 0.005963 | Cell 2 (Plastic) = 0.005633
Trial: 139, Time:27.879s
Trial 139: Cell 1 (Static) = 0.005945 | Cell 2 (Plastic) = 0.005650
Trial: 140, Time:28.219s
Trial 140: Cell 1 (Static) = 0.005963 | Cell 2 (Plastic) = 0.005667
Trial: 141, Time:28.008s
Trial 141: Cell 1 (Static) = 0.005945 | Cell 2 (Plastic) = 0.005684
Trial: 142, Time:28.454s
Trial 142: Cell 1 (Static) = 0.005963 | Cell 2 (Plastic) = 0.005701
Trial: 143, Time:28.466s
Trial 143: Cell 1 (Static) = 0.005981 | Cell 2 (Plastic) = 0.005718
Trial: 144, Time:28.715s
Trial 144: Cell 1 (Static) = 0.005999 | Cell 2 (Plastic) = 0.005735
Trial: 145, Time:28.898s
Trial 145: Cell 1 (Static) = 0.006017 | Cell 2 (Plastic) = 0.005752
Trial: 146, Time:29.252s
Trial 146: Cell 1 (Static) = 0.006035 | Cell 2 (Plastic) = 0.005770
Trial: 147, Time:29.318s
Trial 147: Cell 1 (Static) = 0.006053 | Cell 2 (Plastic) = 0.005787
Trial: 148, Time:29.301s
Trial 148: Cell 1 (Static) = 0.006071 | Cell 2 (Plastic) = 0.005804
Trial: 149, Time:29.165s
Trial 149: Cell 1 (Static) = 0.006089 | Cell 2 (Plastic) = 0.005822
Trial: 150, Time:28.990s
Trial 150: Cell 1 (Static) = 0.006108 | Cell 2 (Plastic) = 0.005839
Trial: 151, Time:29.166s
Trial 151: Cell 1 (Static) = 0.006126 | Cell 2 (Plastic) = 0.005857
Trial: 152, Time:29.634s
Trial 152: Cell 1 (Static) = 0.006144 | Cell 2 (Plastic) = 0.005874
Trial: 153, Time:29.733s
Trial 153: Cell 1 (Static) = 0.006163 | Cell 2 (Plastic) = 0.005892
Trial: 154, Time:29.800s
Trial 154: Cell 1 (Static) = 0.006181 | Cell 2 (Plastic) = 0.005910
Trial: 155, Time:29.996s
Trial 155: Cell 1 (Static) = 0.006200 | Cell 2 (Plastic) = 0.005892
Trial: 156, Time:29.958s
Trial 156: Cell 1 (Static) = 0.006181 | Cell 2 (Plastic) = 0.005874
Trial: 157, Time:29.635s
Trial 157: Cell 1 (Static) = 0.006163 | Cell 2 (Plastic) = 0.005892
Trial: 158, Time:30.001s
Trial 158: Cell 1 (Static) = 0.006144 | Cell 2 (Plastic) = 0.005910
Trial: 159, Time:29.464s
Trial 159: Cell 1 (Static) = 0.006126 | Cell 2 (Plastic) = 0.005927
Trial: 160, Time:29.799s
Trial 160: Cell 1 (Static) = 0.006144 | Cell 2 (Plastic) = 0.005910
Trial: 161, Time:29.534s
Trial 161: Cell 1 (Static) = 0.006163 | Cell 2 (Plastic) = 0.005927
Trial: 162, Time:29.927s
Trial 162: Cell 1 (Static) = 0.006181 | Cell 2 (Plastic) = 0.005945
Trial: 163, Time:29.981s
Trial 163: Cell 1 (Static) = 0.006163 | Cell 2 (Plastic) = 0.005963
Trial: 164, Time:30.166s
Trial 164: Cell 1 (Static) = 0.006144 | Cell 2 (Plastic) = 0.005981
Trial: 165, Time:29.921s
Trial 165: Cell 1 (Static) = 0.006163 | Cell 2 (Plastic) = 0.005999
Trial: 166, Time:30.292s
Trial 166: Cell 1 (Static) = 0.006181 | Cell 2 (Plastic) = 0.006017
Trial: 167, Time:29.977s
Trial 167: Cell 1 (Static) = 0.006200 | Cell 2 (Plastic) = 0.006035
Trial: 168, Time:30.235s
Trial 168: Cell 1 (Static) = 0.006218 | Cell 2 (Plastic) = 0.006053
Trial: 169, Time:30.011s
Trial 169: Cell 1 (Static) = 0.006237 | Cell 2 (Plastic) = 0.006071
Trial: 170, Time:29.999s
Trial 170: Cell 1 (Static) = 0.006256 | Cell 2 (Plastic) = 0.006089
Trial: 171, Time:29.923s
Trial 171: Cell 1 (Static) = 0.006274 | Cell 2 (Plastic) = 0.006108
Trial: 172, Time:29.957s
Trial 172: Cell 1 (Static) = 0.006293 | Cell 2 (Plastic) = 0.006089
Trial: 173, Time:30.204s
Trial 173: Cell 1 (Static) = 0.006274 | Cell 2 (Plastic) = 0.006108
Trial: 174, Time:30.136s
Trial 174: Cell 1 (Static) = 0.006256 | Cell 2 (Plastic) = 0.006126
Trial: 175, Time:30.152s
Trial 175: Cell 1 (Static) = 0.006274 | Cell 2 (Plastic) = 0.006108
Trial: 176, Time:30.664s
Trial 176: Cell 1 (Static) = 0.006256 | Cell 2 (Plastic) = 0.006126
Trial: 177, Time:30.369s
Trial 177: Cell 1 (Static) = 0.006274 | Cell 2 (Plastic) = 0.006108
Trial: 178, Time:30.588s
Trial 178: Cell 1 (Static) = 0.006293 | Cell 2 (Plastic) = 0.006089
Trial: 179, Time:30.679s
Trial 179: Cell 1 (Static) = 0.006312 | Cell 2 (Plastic) = 0.006071
Trial: 180, Time:30.842s
Trial 180: Cell 1 (Static) = 0.006331 | Cell 2 (Plastic) = 0.006053
Trial: 181, Time:30.381s
Trial 181: Cell 1 (Static) = 0.006350 | Cell 2 (Plastic) = 0.006035
Trial: 182, Time:30.464s
Trial 182: Cell 1 (Static) = 0.006369 | Cell 2 (Plastic) = 0.006017
Trial: 183, Time:30.421s
Trial 183: Cell 1 (Static) = 0.006388 | Cell 2 (Plastic) = 0.005999
Trial: 184, Time:30.491s
Trial 184: Cell 1 (Static) = 0.006407 | Cell 2 (Plastic) = 0.006017
Trial: 185, Time:30.645s
Trial 185: Cell 1 (Static) = 0.006427 | Cell 2 (Plastic) = 0.006035
Trial: 186, Time:30.733s
Trial 186: Cell 1 (Static) = 0.006446 | Cell 2 (Plastic) = 0.006053
Trial: 187, Time:30.667s
Trial 187: Cell 1 (Static) = 0.006465 | Cell 2 (Plastic) = 0.006071
Trial: 188, Time:30.707s
Trial 188: Cell 1 (Static) = 0.006485 | Cell 2 (Plastic) = 0.006089
Trial: 189, Time:30.604s
Trial 189: Cell 1 (Static) = 0.006504 | Cell 2 (Plastic) = 0.006108
Trial: 190, Time:31.053s
Trial 190: Cell 1 (Static) = 0.006524 | Cell 2 (Plastic) = 0.006089
Trial: 191, Time:31.493s
Trial 191: Cell 1 (Static) = 0.006543 | Cell 2 (Plastic) = 0.006071
Trial: 192, Time:31.640s
Trial 192: Cell 1 (Static) = 0.006563 | Cell 2 (Plastic) = 0.006089
Trial: 193, Time:31.220s
Trial 193: Cell 1 (Static) = 0.006582 | Cell 2 (Plastic) = 0.006108
Trial: 194, Time:31.497s
Trial 194: Cell 1 (Static) = 0.006602 | Cell 2 (Plastic) = 0.006126
Trial: 195, Time:31.416s
Trial 195: Cell 1 (Static) = 0.006622 | Cell 2 (Plastic) = 0.006144
Trial: 196, Time:31.691s
Trial 196: Cell 1 (Static) = 0.006642 | Cell 2 (Plastic) = 0.006163
Trial: 197, Time:31.687s
Trial 197: Cell 1 (Static) = 0.006662 | Cell 2 (Plastic) = 0.006181
Trial: 198, Time:31.432s
Trial 198: Cell 1 (Static) = 0.006682 | Cell 2 (Plastic) = 0.006200
Trial: 199, Time:31.503s
Trial 199: Cell 1 (Static) = 0.006702 | Cell 2 (Plastic) = 0.006218
Trial: 200, Time:31.520s
Trial 200: Cell 1 (Static) = 0.006722 | Cell 2 (Plastic) = 0.006200
Trial: 201, Time:31.465s
Trial 201: Cell 1 (Static) = 0.006742 | Cell 2 (Plastic) = 0.006181
Trial: 202, Time:31.627s
Trial 202: Cell 1 (Static) = 0.006762 | Cell 2 (Plastic) = 0.006163
Trial: 203, Time:31.555s
Trial 203: Cell 1 (Static) = 0.006783 | Cell 2 (Plastic) = 0.006144
Trial: 204, Time:31.756s
Trial 204: Cell 1 (Static) = 0.006803 | Cell 2 (Plastic) = 0.006126
Trial: 205, Time:31.466s
Trial 205: Cell 1 (Static) = 0.006823 | Cell 2 (Plastic) = 0.006108
Trial: 206, Time:31.683s
Trial 206: Cell 1 (Static) = 0.006844 | Cell 2 (Plastic) = 0.006089
Trial: 207, Time:31.572s
Trial 207: Cell 1 (Static) = 0.006864 | Cell 2 (Plastic) = 0.006071
Trial: 208, Time:31.904s
Trial 208: Cell 1 (Static) = 0.006885 | Cell 2 (Plastic) = 0.006089
Trial: 209, Time:31.674s
Trial 209: Cell 1 (Static) = 0.006864 | Cell 2 (Plastic) = 0.006108
Trial: 210, Time:31.642s
Trial 210: Cell 1 (Static) = 0.006885 | Cell 2 (Plastic) = 0.006126
Trial: 211, Time:31.452s
Trial 211: Cell 1 (Static) = 0.006906 | Cell 2 (Plastic) = 0.006144
Trial: 212, Time:31.583s
Trial 212: Cell 1 (Static) = 0.006926 | Cell 2 (Plastic) = 0.006163
Trial: 213, Time:31.932s
Trial 213: Cell 1 (Static) = 0.006947 | Cell 2 (Plastic) = 0.006181
Trial: 214, Time:32.250s
Trial 214: Cell 1 (Static) = 0.006968 | Cell 2 (Plastic) = 0.006200
Trial: 215, Time:32.575s
Trial 215: Cell 1 (Static) = 0.006989 | Cell 2 (Plastic) = 0.006218
Trial: 216, Time:32.690s
Trial 216: Cell 1 (Static) = 0.006968 | Cell 2 (Plastic) = 0.006237
Trial: 217, Time:32.507s
Trial 217: Cell 1 (Static) = 0.006989 | Cell 2 (Plastic) = 0.006256
Trial: 218, Time:32.985s
Trial 218: Cell 1 (Static) = 0.007010 | Cell 2 (Plastic) = 0.006237
Trial: 219, Time:33.118s
Trial 219: Cell 1 (Static) = 0.007031 | Cell 2 (Plastic) = 0.006218
Trial: 220, Time:33.022s
Trial 220: Cell 1 (Static) = 0.007052 | Cell 2 (Plastic) = 0.006200
Trial: 221, Time:33.203s
Trial 221: Cell 1 (Static) = 0.007073 | Cell 2 (Plastic) = 0.006181
Trial: 222, Time:32.961s
Trial 222: Cell 1 (Static) = 0.007094 | Cell 2 (Plastic) = 0.006200
Trial: 223, Time:33.446s
Trial 223: Cell 1 (Static) = 0.007116 | Cell 2 (Plastic) = 0.006218
Trial: 224, Time:33.361s
Trial 224: Cell 1 (Static) = 0.007137 | Cell 2 (Plastic) = 0.006237
Trial: 225, Time:32.826s
Trial 225: Cell 1 (Static) = 0.007158 | Cell 2 (Plastic) = 0.006256
Trial: 226, Time:33.197s
Trial 226: Cell 1 (Static) = 0.007180 | Cell 2 (Plastic) = 0.006274
Trial: 227, Time:33.200s
Trial 227: Cell 1 (Static) = 0.007201 | Cell 2 (Plastic) = 0.006293
Trial: 228, Time:33.273s
Trial 228: Cell 1 (Static) = 0.007223 | Cell 2 (Plastic) = 0.006312
Trial: 229, Time:33.248s
Trial 229: Cell 1 (Static) = 0.007245 | Cell 2 (Plastic) = 0.006331
Trial: 230, Time:33.165s
Trial 230: Cell 1 (Static) = 0.007266 | Cell 2 (Plastic) = 0.006350
Trial: 231, Time:33.666s
Trial 231: Cell 1 (Static) = 0.007288 | Cell 2 (Plastic) = 0.006369
Trial: 232, Time:33.420s
Trial 232: Cell 1 (Static) = 0.007310 | Cell 2 (Plastic) = 0.006388
Trial: 233, Time:32.994s
Trial 233: Cell 1 (Static) = 0.007332 | Cell 2 (Plastic) = 0.006407
Trial: 234, Time:33.096s
Trial 234: Cell 1 (Static) = 0.007354 | Cell 2 (Plastic) = 0.006427
Trial: 235, Time:33.462s
Trial 235: Cell 1 (Static) = 0.007376 | Cell 2 (Plastic) = 0.006446
Trial: 236, Time:33.616s
Trial 236: Cell 1 (Static) = 0.007398 | Cell 2 (Plastic) = 0.006465
Trial: 237, Time:33.748s
Trial 237: Cell 1 (Static) = 0.007420 | Cell 2 (Plastic) = 0.006485
Trial: 238, Time:34.276s
Trial 238: Cell 1 (Static) = 0.007443 | Cell 2 (Plastic) = 0.006504
Trial: 239, Time:33.934s
Trial 239: Cell 1 (Static) = 0.007465 | Cell 2 (Plastic) = 0.006524
Trial: 240, Time:33.426s
Trial 240: Cell 1 (Static) = 0.007487 | Cell 2 (Plastic) = 0.006543
Trial: 241, Time:33.940s
Trial 241: Cell 1 (Static) = 0.007510 | Cell 2 (Plastic) = 0.006563
Trial: 242, Time:33.922s
Trial 242: Cell 1 (Static) = 0.007532 | Cell 2 (Plastic) = 0.006582
Trial: 243, Time:33.952s
Trial 243: Cell 1 (Static) = 0.007510 | Cell 2 (Plastic) = 0.006602
Trial: 244, Time:34.025s
Trial 244: Cell 1 (Static) = 0.007532 | Cell 2 (Plastic) = 0.006622
Trial: 245, Time:34.374s
Trial 245: Cell 1 (Static) = 0.007555 | Cell 2 (Plastic) = 0.006642
Trial: 246, Time:34.335s
Trial 246: Cell 1 (Static) = 0.007532 | Cell 2 (Plastic) = 0.006662
Trial: 247, Time:34.172s
Trial 247: Cell 1 (Static) = 0.007555 | Cell 2 (Plastic) = 0.006682
Trial: 248, Time:34.220s
Trial 248: Cell 1 (Static) = 0.007578 | Cell 2 (Plastic) = 0.006702
Trial: 249, Time:34.466s
Trial 249: Cell 1 (Static) = 0.007600 | Cell 2 (Plastic) = 0.006722
Trial: 250, Time:34.300s
Trial 250: Cell 1 (Static) = 0.007578 | Cell 2 (Plastic) = 0.006742
Trial: 251, Time:34.110s
Trial 251: Cell 1 (Static) = 0.007555 | Cell 2 (Plastic) = 0.006762
Trial: 252, Time:34.431s
Trial 252: Cell 1 (Static) = 0.007532 | Cell 2 (Plastic) = 0.006742
Trial: 253, Time:34.471s
Trial 253: Cell 1 (Static) = 0.007510 | Cell 2 (Plastic) = 0.006762
Trial: 254, Time:34.650s
Trial 254: Cell 1 (Static) = 0.007532 | Cell 2 (Plastic) = 0.006783
Trial: 255, Time:34.830s
Trial 255: Cell 1 (Static) = 0.007555 | Cell 2 (Plastic) = 0.006803
Trial: 256, Time:34.768s
Trial 256: Cell 1 (Static) = 0.007578 | Cell 2 (Plastic) = 0.006823
Trial: 257, Time:34.708s
Trial 257: Cell 1 (Static) = 0.007600 | Cell 2 (Plastic) = 0.006844
Trial: 258, Time:34.630s
Trial 258: Cell 1 (Static) = 0.007623 | Cell 2 (Plastic) = 0.006864
Trial: 259, Time:34.485s
Trial 259: Cell 1 (Static) = 0.007600 | Cell 2 (Plastic) = 0.006885
Trial: 260, Time:34.806s
Trial 260: Cell 1 (Static) = 0.007578 | Cell 2 (Plastic) = 0.006906
Trial: 261, Time:34.721s
Trial 261: Cell 1 (Static) = 0.007555 | Cell 2 (Plastic) = 0.006926
Trial: 262, Time:34.549s
Trial 262: Cell 1 (Static) = 0.007532 | Cell 2 (Plastic) = 0.006947
Trial: 263, Time:34.549s
Trial 263: Cell 1 (Static) = 0.007510 | Cell 2 (Plastic) = 0.006968
Trial: 264, Time:34.976s
Trial 264: Cell 1 (Static) = 0.007487 | Cell 2 (Plastic) = 0.006947
Trial: 265, Time:34.491s
Trial 265: Cell 1 (Static) = 0.007465 | Cell 2 (Plastic) = 0.006968
Trial: 266, Time:35.145s
Trial 266: Cell 1 (Static) = 0.007443 | Cell 2 (Plastic) = 0.006989
Trial: 267, Time:34.952s
Trial 267: Cell 1 (Static) = 0.007420 | Cell 2 (Plastic) = 0.007010
Trial: 268, Time:34.947s
Trial 268: Cell 1 (Static) = 0.007398 | Cell 2 (Plastic) = 0.007031
Trial: 269, Time:34.811s
Trial 269: Cell 1 (Static) = 0.007376 | Cell 2 (Plastic) = 0.007052
Trial: 270, Time:34.904s
Trial 270: Cell 1 (Static) = 0.007354 | Cell 2 (Plastic) = 0.007073
Trial: 271, Time:34.766s
Trial 271: Cell 1 (Static) = 0.007332 | Cell 2 (Plastic) = 0.007052
Trial: 272, Time:35.097s
Trial 272: Cell 1 (Static) = 0.007310 | Cell 2 (Plastic) = 0.007031
Trial: 273, Time:34.632s
Trial 273: Cell 1 (Static) = 0.007288 | Cell 2 (Plastic) = 0.007010
Trial: 274, Time:35.005s
Trial 274: Cell 1 (Static) = 0.007266 | Cell 2 (Plastic) = 0.006989
Trial: 275, Time:34.787s
Trial 275: Cell 1 (Static) = 0.007288 | Cell 2 (Plastic) = 0.006968
Trial: 276, Time:34.838s
Trial 276: Cell 1 (Static) = 0.007310 | Cell 2 (Plastic) = 0.006947
Trial: 277, Time:35.183s
Trial 277: Cell 1 (Static) = 0.007288 | Cell 2 (Plastic) = 0.006968
Trial: 278, Time:35.177s
Trial 278: Cell 1 (Static) = 0.007266 | Cell 2 (Plastic) = 0.006989
Trial: 279, Time:35.412s
Trial 279: Cell 1 (Static) = 0.007245 | Cell 2 (Plastic) = 0.007010
Trial: 280, Time:35.405s
Trial 280: Cell 1 (Static) = 0.007223 | Cell 2 (Plastic) = 0.007031
Trial: 281, Time:35.498s
Trial 281: Cell 1 (Static) = 0.007201 | Cell 2 (Plastic) = 0.007052
Trial: 282, Time:35.326s
Trial 282: Cell 1 (Static) = 0.007223 | Cell 2 (Plastic) = 0.007073
Trial: 283, Time:35.900s
Trial 283: Cell 1 (Static) = 0.007245 | Cell 2 (Plastic) = 0.007094
Trial: 284, Time:35.467s
Trial 284: Cell 1 (Static) = 0.007266 | Cell 2 (Plastic) = 0.007116
Trial: 285, Time:35.482s
Trial 285: Cell 1 (Static) = 0.007245 | Cell 2 (Plastic) = 0.007137
Trial: 286, Time:35.532s
Trial 286: Cell 1 (Static) = 0.007223 | Cell 2 (Plastic) = 0.007158
Trial: 287, Time:35.611s
Trial 287: Cell 1 (Static) = 0.007201 | Cell 2 (Plastic) = 0.007180
Trial: 288, Time:35.273s
Trial 288: Cell 1 (Static) = 0.007180 | Cell 2 (Plastic) = 0.007201
Trial: 289, Time:35.262s
Trial 289: Cell 1 (Static) = 0.007158 | Cell 2 (Plastic) = 0.007180
Trial: 290, Time:35.752s
Trial 290: Cell 1 (Static) = 0.007137 | Cell 2 (Plastic) = 0.007201
Trial: 291, Time:35.454s
Trial 291: Cell 1 (Static) = 0.007158 | Cell 2 (Plastic) = 0.007223
Trial: 292, Time:35.376s
Trial 292: Cell 1 (Static) = 0.007180 | Cell 2 (Plastic) = 0.007245
Trial: 293, Time:35.499s
Trial 293: Cell 1 (Static) = 0.007201 | Cell 2 (Plastic) = 0.007223
Trial: 294, Time:35.124s
Trial 294: Cell 1 (Static) = 0.007223 | Cell 2 (Plastic) = 0.007201
Trial: 295, Time:35.215s
Trial 295: Cell 1 (Static) = 0.007245 | Cell 2 (Plastic) = 0.007223
Trial: 296, Time:35.819s
Trial 296: Cell 1 (Static) = 0.007266 | Cell 2 (Plastic) = 0.007201
Trial: 297, Time:35.497s
Trial 297: Cell 1 (Static) = 0.007288 | Cell 2 (Plastic) = 0.007223
Trial: 298, Time:35.484s
Trial 298: Cell 1 (Static) = 0.007310 | Cell 2 (Plastic) = 0.007245
Trial: 299, Time:35.783s
Trial 299: Cell 1 (Static) = 0.007332 | Cell 2 (Plastic) = 0.007266
Trial: 300, Time:35.956s
Trial 300: Cell 1 (Static) = 0.007354 | Cell 2 (Plastic) = 0.007288
Trial: 301, Time:35.946s
Trial 301: Cell 1 (Static) = 0.007376 | Cell 2 (Plastic) = 0.007310
Trial: 302, Time:36.383s
Trial 302: Cell 1 (Static) = 0.007398 | Cell 2 (Plastic) = 0.007332
Trial: 303, Time:36.806s
Trial 303: Cell 1 (Static) = 0.007420 | Cell 2 (Plastic) = 0.007354
Trial: 304, Time:36.949s
Trial 304: Cell 1 (Static) = 0.007398 | Cell 2 (Plastic) = 0.007376
Trial: 305, Time:37.441s
Trial 305: Cell 1 (Static) = 0.007376 | Cell 2 (Plastic) = 0.007398
Trial: 306, Time:37.019s
Trial 306: Cell 1 (Static) = 0.007398 | Cell 2 (Plastic) = 0.007420
Trial: 307, Time:36.716s
Trial 307: Cell 1 (Static) = 0.007420 | Cell 2 (Plastic) = 0.007443
Trial: 308, Time:36.852s
Trial 308: Cell 1 (Static) = 0.007398 | Cell 2 (Plastic) = 0.007465
Trial: 309, Time:36.835s
Trial 309: Cell 1 (Static) = 0.007376 | Cell 2 (Plastic) = 0.007487
Trial: 310, Time:36.520s
Trial 310: Cell 1 (Static) = 0.007354 | Cell 2 (Plastic) = 0.007510
Trial: 311, Time:36.607s
Trial 311: Cell 1 (Static) = 0.007332 | Cell 2 (Plastic) = 0.007532
Trial: 312, Time:37.512s
Trial 312: Cell 1 (Static) = 0.007310 | Cell 2 (Plastic) = 0.007555
Trial: 313, Time:36.668s
Trial 313: Cell 1 (Static) = 0.007288 | Cell 2 (Plastic) = 0.007578
Trial: 314, Time:36.788s
Trial 314: Cell 1 (Static) = 0.007266 | Cell 2 (Plastic) = 0.007600
Trial: 315, Time:36.790s
Trial 315: Cell 1 (Static) = 0.007245 | Cell 2 (Plastic) = 0.007623
Trial: 316, Time:37.559s
Trial 316: Cell 1 (Static) = 0.007266 | Cell 2 (Plastic) = 0.007646
Trial: 317, Time:37.347s
Trial 317: Cell 1 (Static) = 0.007288 | Cell 2 (Plastic) = 0.007623
Trial: 318, Time:36.740s
Trial 318: Cell 1 (Static) = 0.007310 | Cell 2 (Plastic) = 0.007600
Trial: 319, Time:36.546s
Trial 319: Cell 1 (Static) = 0.007332 | Cell 2 (Plastic) = 0.007578
Trial: 320, Time:36.644s
Trial 320: Cell 1 (Static) = 0.007354 | Cell 2 (Plastic) = 0.007555
Trial: 321, Time:36.831s
Trial 321: Cell 1 (Static) = 0.007376 | Cell 2 (Plastic) = 0.007578
Trial: 322, Time:36.711s
Trial 322: Cell 1 (Static) = 0.007398 | Cell 2 (Plastic) = 0.007600
Trial: 323, Time:36.678s
Trial 323: Cell 1 (Static) = 0.007420 | Cell 2 (Plastic) = 0.007623
Trial: 324, Time:36.761s
Trial 324: Cell 1 (Static) = 0.007398 | Cell 2 (Plastic) = 0.007646
Trial: 325, Time:37.111s
Trial 325: Cell 1 (Static) = 0.007376 | Cell 2 (Plastic) = 0.007669
Trial: 326, Time:37.116s
Trial 326: Cell 1 (Static) = 0.007354 | Cell 2 (Plastic) = 0.007646
Trial: 327, Time:37.610s
Trial 327: Cell 1 (Static) = 0.007332 | Cell 2 (Plastic) = 0.007669
Trial: 328, Time:36.818s
Trial 328: Cell 1 (Static) = 0.007310 | Cell 2 (Plastic) = 0.007692
Trial: 329, Time:37.073s
Trial 329: Cell 1 (Static) = 0.007288 | Cell 2 (Plastic) = 0.007715
Trial: 330, Time:36.949s
Trial 330: Cell 1 (Static) = 0.007266 | Cell 2 (Plastic) = 0.007738
Trial: 331, Time:37.256s
Trial 331: Cell 1 (Static) = 0.007245 | Cell 2 (Plastic) = 0.007761
Trial: 332, Time:37.538s
Trial 332: Cell 1 (Static) = 0.007245 | Cell 2 (Plastic) = 0.007785
Trial: 333, Time:38.384s
Trial 333: Cell 1 (Static) = 0.007266 | Cell 2 (Plastic) = 0.007808
Trial: 334, Time:37.669s
Trial 334: Cell 1 (Static) = 0.007288 | Cell 2 (Plastic) = 0.007831
Trial: 335, Time:37.693s
Trial 335: Cell 1 (Static) = 0.007310 | Cell 2 (Plastic) = 0.007855
Trial: 336, Time:37.894s
Trial 336: Cell 1 (Static) = 0.007332 | Cell 2 (Plastic) = 0.007879
Trial: 337, Time:37.785s
Trial 337: Cell 1 (Static) = 0.007354 | Cell 2 (Plastic) = 0.007902
Trial: 338, Time:38.208s
Trial 338: Cell 1 (Static) = 0.007376 | Cell 2 (Plastic) = 0.007926
Trial: 339, Time:37.994s
Trial 339: Cell 1 (Static) = 0.007398 | Cell 2 (Plastic) = 0.007950
Trial: 340, Time:37.845s
Trial 340: Cell 1 (Static) = 0.007420 | Cell 2 (Plastic) = 0.007973
Trial: 341, Time:37.666s
Trial 341: Cell 1 (Static) = 0.007443 | Cell 2 (Plastic) = 0.007997
Trial: 342, Time:37.542s
Trial 342: Cell 1 (Static) = 0.007465 | Cell 2 (Plastic) = 0.008021
Trial: 343, Time:37.558s
Trial 343: Cell 1 (Static) = 0.007487 | Cell 2 (Plastic) = 0.008045
Trial: 344, Time:37.608s
Trial 344: Cell 1 (Static) = 0.007465 | Cell 2 (Plastic) = 0.008070
Trial: 345, Time:37.407s
Trial 345: Cell 1 (Static) = 0.007487 | Cell 2 (Plastic) = 0.008045
Trial: 346, Time:37.661s
Trial 346: Cell 1 (Static) = 0.007510 | Cell 2 (Plastic) = 0.008021
Trial: 347, Time:37.669s
Trial 347: Cell 1 (Static) = 0.007532 | Cell 2 (Plastic) = 0.007997
Trial: 348, Time:37.507s
Trial 348: Cell 1 (Static) = 0.007555 | Cell 2 (Plastic) = 0.007973
Trial: 349, Time:37.968s
Trial 349: Cell 1 (Static) = 0.007578 | Cell 2 (Plastic) = 0.007950
Trial: 350, Time:37.747s
Trial 350: Cell 1 (Static) = 0.007600 | Cell 2 (Plastic) = 0.007926
Trial: 351, Time:38.207s
Trial 351: Cell 1 (Static) = 0.007623 | Cell 2 (Plastic) = 0.007902
Trial: 352, Time:38.263s
Trial 352: Cell 1 (Static) = 0.007646 | Cell 2 (Plastic) = 0.007879
Trial: 353, Time:38.350s
Trial 353: Cell 1 (Static) = 0.007669 | Cell 2 (Plastic) = 0.007855
Trial: 354, Time:38.375s
Trial 354: Cell 1 (Static) = 0.007692 | Cell 2 (Plastic) = 0.007831
Trial: 355, Time:38.358s
Trial 355: Cell 1 (Static) = 0.007715 | Cell 2 (Plastic) = 0.007808
Trial: 356, Time:38.954s
Trial 356: Cell 1 (Static) = 0.007738 | Cell 2 (Plastic) = 0.007785
Trial: 357, Time:38.494s
Trial 357: Cell 1 (Static) = 0.007761 | Cell 2 (Plastic) = 0.007808
Trial: 358, Time:38.440s
Trial 358: Cell 1 (Static) = 0.007785 | Cell 2 (Plastic) = 0.007831
Trial: 359, Time:38.465s
Trial 359: Cell 1 (Static) = 0.007808 | Cell 2 (Plastic) = 0.007855
Trial: 360, Time:38.485s
Trial 360: Cell 1 (Static) = 0.007831 | Cell 2 (Plastic) = 0.007831
Trial: 361, Time:38.594s
Trial 361: Cell 1 (Static) = 0.007855 | Cell 2 (Plastic) = 0.007808
Trial: 362, Time:38.718s
Trial 362: Cell 1 (Static) = 0.007879 | Cell 2 (Plastic) = 0.007785
Trial: 363, Time:38.435s
Trial 363: Cell 1 (Static) = 0.007902 | Cell 2 (Plastic) = 0.007761
Trial: 364, Time:38.939s
Trial 364: Cell 1 (Static) = 0.007926 | Cell 2 (Plastic) = 0.007738
Trial: 365, Time:38.913s
Trial 365: Cell 1 (Static) = 0.007950 | Cell 2 (Plastic) = 0.007715
Trial: 366, Time:38.766s
Trial 366: Cell 1 (Static) = 0.007973 | Cell 2 (Plastic) = 0.007692
Trial: 367, Time:38.968s
Trial 367: Cell 1 (Static) = 0.007997 | Cell 2 (Plastic) = 0.007669
Trial: 368, Time:38.869s
Trial 368: Cell 1 (Static) = 0.007973 | Cell 2 (Plastic) = 0.007692
Trial: 369, Time:38.975s
Trial 369: Cell 1 (Static) = 0.007950 | Cell 2 (Plastic) = 0.007669
Trial: 370, Time:39.034s
Trial 370: Cell 1 (Static) = 0.007973 | Cell 2 (Plastic) = 0.007646
Trial: 371, Time:39.551s
Trial 371: Cell 1 (Static) = 0.007950 | Cell 2 (Plastic) = 0.007623
Trial: 372, Time:38.530s
Trial 372: Cell 1 (Static) = 0.007926 | Cell 2 (Plastic) = 0.007600
Trial: 373, Time:38.994s
Trial 373: Cell 1 (Static) = 0.007902 | Cell 2 (Plastic) = 0.007623
Trial: 374, Time:38.830s
Trial 374: Cell 1 (Static) = 0.007879 | Cell 2 (Plastic) = 0.007646
Trial: 375, Time:38.902s
Trial 375: Cell 1 (Static) = 0.007855 | Cell 2 (Plastic) = 0.007669
Trial: 376, Time:38.977s
Trial 376: Cell 1 (Static) = 0.007831 | Cell 2 (Plastic) = 0.007692
Trial: 377, Time:39.075s
Trial 377: Cell 1 (Static) = 0.007808 | Cell 2 (Plastic) = 0.007715
Trial: 378, Time:38.676s
Trial 378: Cell 1 (Static) = 0.007785 | Cell 2 (Plastic) = 0.007738
Trial: 379, Time:38.680s
Trial 379: Cell 1 (Static) = 0.007761 | Cell 2 (Plastic) = 0.007761
Trial: 380, Time:39.134s
Trial 380: Cell 1 (Static) = 0.007738 | Cell 2 (Plastic) = 0.007785
Trial: 381, Time:38.971s
Trial 381: Cell 1 (Static) = 0.007761 | Cell 2 (Plastic) = 0.007808
Trial: 382, Time:39.545s
Trial 382: Cell 1 (Static) = 0.007785 | Cell 2 (Plastic) = 0.007785
Trial: 383, Time:38.841s
Trial 383: Cell 1 (Static) = 0.007761 | Cell 2 (Plastic) = 0.007808
Trial: 384, Time:38.910s
Trial 384: Cell 1 (Static) = 0.007738 | Cell 2 (Plastic) = 0.007785
Trial: 385, Time:39.124s
Trial 385: Cell 1 (Static) = 0.007761 | Cell 2 (Plastic) = 0.007761
Trial: 386, Time:39.321s
Trial 386: Cell 1 (Static) = 0.007785 | Cell 2 (Plastic) = 0.007738
Trial: 387, Time:39.274s
Trial 387: Cell 1 (Static) = 0.007808 | Cell 2 (Plastic) = 0.007715
Trial: 388, Time:39.226s
Trial 388: Cell 1 (Static) = 0.007831 | Cell 2 (Plastic) = 0.007692
Trial: 389, Time:39.276s
Trial 389: Cell 1 (Static) = 0.007855 | Cell 2 (Plastic) = 0.007669
Trial: 390, Time:38.983s
Trial 390: Cell 1 (Static) = 0.007879 | Cell 2 (Plastic) = 0.007692
Trial: 391, Time:39.106s
Trial 391: Cell 1 (Static) = 0.007902 | Cell 2 (Plastic) = 0.007715
Trial: 392, Time:39.491s
Trial 392: Cell 1 (Static) = 0.007926 | Cell 2 (Plastic) = 0.007738
Trial: 393, Time:39.460s
Trial 393: Cell 1 (Static) = 0.007950 | Cell 2 (Plastic) = 0.007761
Trial: 394, Time:39.449s
Trial 394: Cell 1 (Static) = 0.007973 | Cell 2 (Plastic) = 0.007785
Trial: 395, Time:39.620s
Trial 395: Cell 1 (Static) = 0.007997 | Cell 2 (Plastic) = 0.007808
Trial: 396, Time:39.760s
Trial 396: Cell 1 (Static) = 0.008021 | Cell 2 (Plastic) = 0.007831
Trial: 397, Time:40.465s
Trial 397: Cell 1 (Static) = 0.008045 | Cell 2 (Plastic) = 0.007855
Trial: 398, Time:39.739s
Trial 398: Cell 1 (Static) = 0.008070 | Cell 2 (Plastic) = 0.007879
Trial: 399, Time:39.778s
Trial 399: Cell 1 (Static) = 0.008094 | Cell 2 (Plastic) = 0.007902
Trial: 400, Time:40.409s
Trial 400: Cell 1 (Static) = 0.008118 | Cell 2 (Plastic) = 0.007926
Trial: 401, Time:40.030s
Trial 401: Cell 1 (Static) = 0.008142 | Cell 2 (Plastic) = 0.007950
Trial: 402, Time:39.973s
Trial 402: Cell 1 (Static) = 0.008167 | Cell 2 (Plastic) = 0.007926
Trial: 403, Time:40.050s
Trial 403: Cell 1 (Static) = 0.008191 | Cell 2 (Plastic) = 0.007902
Trial: 404, Time:39.995s
Trial 404: Cell 1 (Static) = 0.008216 | Cell 2 (Plastic) = 0.007879
Trial: 405, Time:40.256s
Trial 405: Cell 1 (Static) = 0.008241 | Cell 2 (Plastic) = 0.007855
Trial: 406, Time:39.922s
Trial 406: Cell 1 (Static) = 0.008216 | Cell 2 (Plastic) = 0.007831
Trial: 407, Time:40.071s
Trial 407: Cell 1 (Static) = 0.008241 | Cell 2 (Plastic) = 0.007808
Trial: 408, Time:39.819s
Trial 408: Cell 1 (Static) = 0.008265 | Cell 2 (Plastic) = 0.007785
Trial: 409, Time:39.950s
Trial 409: Cell 1 (Static) = 0.008241 | Cell 2 (Plastic) = 0.007808
Trial: 410, Time:40.074s
Trial 410: Cell 1 (Static) = 0.008216 | Cell 2 (Plastic) = 0.007831
Trial: 411, Time:40.706s
Trial 411: Cell 1 (Static) = 0.008191 | Cell 2 (Plastic) = 0.007855
Trial: 412, Time:40.737s
Trial 412: Cell 1 (Static) = 0.008167 | Cell 2 (Plastic) = 0.007879
Trial: 413, Time:40.528s
Trial 413: Cell 1 (Static) = 0.008142 | Cell 2 (Plastic) = 0.007855
Trial: 414, Time:40.337s
Trial 414: Cell 1 (Static) = 0.008167 | Cell 2 (Plastic) = 0.007831
Trial: 415, Time:40.628s
Trial 415: Cell 1 (Static) = 0.008191 | Cell 2 (Plastic) = 0.007808
Trial: 416, Time:40.591s
Trial 416: Cell 1 (Static) = 0.008216 | Cell 2 (Plastic) = 0.007785
Trial: 417, Time:40.915s
Trial 417: Cell 1 (Static) = 0.008241 | Cell 2 (Plastic) = 0.007761
Trial: 418, Time:40.476s
Trial 418: Cell 1 (Static) = 0.008265 | Cell 2 (Plastic) = 0.007738
Trial: 419, Time:41.136s
Trial 419: Cell 1 (Static) = 0.008290 | Cell 2 (Plastic) = 0.007761
Trial: 420, Time:40.809s
Trial 420: Cell 1 (Static) = 0.008315 | Cell 2 (Plastic) = 0.007785
Trial: 421, Time:40.676s
Trial 421: Cell 1 (Static) = 0.008290 | Cell 2 (Plastic) = 0.007808
Trial: 422, Time:40.618s
Trial 422: Cell 1 (Static) = 0.008265 | Cell 2 (Plastic) = 0.007831
Trial: 423, Time:41.017s
Trial 423: Cell 1 (Static) = 0.008290 | Cell 2 (Plastic) = 0.007855
Trial: 424, Time:40.435s
Trial 424: Cell 1 (Static) = 0.008315 | Cell 2 (Plastic) = 0.007879
Trial: 425, Time:40.919s
Trial 425: Cell 1 (Static) = 0.008340 | Cell 2 (Plastic) = 0.007902
Trial: 426, Time:41.149s
Trial 426: Cell 1 (Static) = 0.008365 | Cell 2 (Plastic) = 0.007926
Trial: 427, Time:40.509s
Trial 427: Cell 1 (Static) = 0.008390 | Cell 2 (Plastic) = 0.007950
Trial: 428, Time:40.292s
Trial 428: Cell 1 (Static) = 0.008415 | Cell 2 (Plastic) = 0.007973
Trial: 429, Time:40.299s
Trial 429: Cell 1 (Static) = 0.008440 | Cell 2 (Plastic) = 0.007997
Trial: 430, Time:40.495s
Trial 430: Cell 1 (Static) = 0.008466 | Cell 2 (Plastic) = 0.008021
Trial: 431, Time:40.698s
Trial 431: Cell 1 (Static) = 0.008491 | Cell 2 (Plastic) = 0.007997
Trial: 432, Time:40.884s
Trial 432: Cell 1 (Static) = 0.008517 | Cell 2 (Plastic) = 0.007973
Trial: 433, Time:41.092s
Trial 433: Cell 1 (Static) = 0.008542 | Cell 2 (Plastic) = 0.007950
Trial: 434, Time:40.938s
Trial 434: Cell 1 (Static) = 0.008568 | Cell 2 (Plastic) = 0.007926
Trial: 435, Time:41.010s
Trial 435: Cell 1 (Static) = 0.008594 | Cell 2 (Plastic) = 0.007902
Trial: 436, Time:40.783s
Trial 436: Cell 1 (Static) = 0.008619 | Cell 2 (Plastic) = 0.007926
Trial: 437, Time:40.759s
Trial 437: Cell 1 (Static) = 0.008645 | Cell 2 (Plastic) = 0.007902
Trial: 438, Time:40.716s
Trial 438: Cell 1 (Static) = 0.008671 | Cell 2 (Plastic) = 0.007879
Trial: 439, Time:40.917s
Trial 439: Cell 1 (Static) = 0.008697 | Cell 2 (Plastic) = 0.007902
Trial: 440, Time:40.844s
Trial 440: Cell 1 (Static) = 0.008723 | Cell 2 (Plastic) = 0.007926
Trial: 441, Time:41.067s
Trial 441: Cell 1 (Static) = 0.008749 | Cell 2 (Plastic) = 0.007950
Trial: 442, Time:40.637s
Trial 442: Cell 1 (Static) = 0.008776 | Cell 2 (Plastic) = 0.007973
Trial: 443, Time:40.641s
Trial 443: Cell 1 (Static) = 0.008802 | Cell 2 (Plastic) = 0.007997
Trial: 444, Time:41.264s
Trial 444: Cell 1 (Static) = 0.008776 | Cell 2 (Plastic) = 0.008021
Trial: 445, Time:41.278s
Trial 445: Cell 1 (Static) = 0.008749 | Cell 2 (Plastic) = 0.008045
Trial: 446, Time:41.558s
Trial 446: Cell 1 (Static) = 0.008723 | Cell 2 (Plastic) = 0.008021
Trial: 447, Time:41.469s
Trial 447: Cell 1 (Static) = 0.008697 | Cell 2 (Plastic) = 0.007997
Trial: 448, Time:41.363s
Trial 448: Cell 1 (Static) = 0.008671 | Cell 2 (Plastic) = 0.007973
Trial: 449, Time:41.534s
Trial 449: Cell 1 (Static) = 0.008645 | Cell 2 (Plastic) = 0.007950
Trial: 450, Time:41.594s
Trial 450: Cell 1 (Static) = 0.008619 | Cell 2 (Plastic) = 0.007926
Trial: 451, Time:41.514s
Trial 451: Cell 1 (Static) = 0.008594 | Cell 2 (Plastic) = 0.007902
Trial: 452, Time:41.458s
Trial 452: Cell 1 (Static) = 0.008568 | Cell 2 (Plastic) = 0.007879
Trial: 453, Time:41.893s
Trial 453: Cell 1 (Static) = 0.008542 | Cell 2 (Plastic) = 0.007855
Trial: 454, Time:42.120s
Trial 454: Cell 1 (Static) = 0.008568 | Cell 2 (Plastic) = 0.007831
Trial: 455, Time:42.563s
Trial 455: Cell 1 (Static) = 0.008542 | Cell 2 (Plastic) = 0.007808
Trial: 456, Time:42.466s
Trial 456: Cell 1 (Static) = 0.008517 | Cell 2 (Plastic) = 0.007785
Trial: 457, Time:42.246s
Trial 457: Cell 1 (Static) = 0.008491 | Cell 2 (Plastic) = 0.007761
Trial: 458, Time:42.429s
Trial 458: Cell 1 (Static) = 0.008517 | Cell 2 (Plastic) = 0.007785
Trial: 459, Time:42.344s
Trial 459: Cell 1 (Static) = 0.008542 | Cell 2 (Plastic) = 0.007808
Trial: 460, Time:42.344s
Trial 460: Cell 1 (Static) = 0.008568 | Cell 2 (Plastic) = 0.007831
Trial: 461, Time:41.923s
Trial 461: Cell 1 (Static) = 0.008594 | Cell 2 (Plastic) = 0.007855
Trial: 462, Time:42.402s
Trial 462: Cell 1 (Static) = 0.008619 | Cell 2 (Plastic) = 0.007879
Trial: 463, Time:42.137s
Trial 463: Cell 1 (Static) = 0.008645 | Cell 2 (Plastic) = 0.007902
Trial: 464, Time:42.134s
Trial 464: Cell 1 (Static) = 0.008671 | Cell 2 (Plastic) = 0.007926
Trial: 465, Time:42.491s
Trial 465: Cell 1 (Static) = 0.008645 | Cell 2 (Plastic) = 0.007950
Trial: 466, Time:42.395s
Trial 466: Cell 1 (Static) = 0.008619 | Cell 2 (Plastic) = 0.007926
Trial: 467, Time:41.903s
Trial 467: Cell 1 (Static) = 0.008645 | Cell 2 (Plastic) = 0.007902
Trial: 468, Time:42.024s
Trial 468: Cell 1 (Static) = 0.008671 | Cell 2 (Plastic) = 0.007879
Trial: 469, Time:42.135s
Trial 469: Cell 1 (Static) = 0.008697 | Cell 2 (Plastic) = 0.007855
Trial: 470, Time:42.515s
Trial 470: Cell 1 (Static) = 0.008723 | Cell 2 (Plastic) = 0.007831
Trial: 471, Time:42.602s
Trial 471: Cell 1 (Static) = 0.008749 | Cell 2 (Plastic) = 0.007808
Trial: 472, Time:42.588s
Trial 472: Cell 1 (Static) = 0.008776 | Cell 2 (Plastic) = 0.007785
Trial: 473, Time:42.886s
Trial 473: Cell 1 (Static) = 0.008802 | Cell 2 (Plastic) = 0.007761
Trial: 474, Time:42.600s
Trial 474: Cell 1 (Static) = 0.008828 | Cell 2 (Plastic) = 0.007785
Trial: 475, Time:42.603s
Trial 475: Cell 1 (Static) = 0.008855 | Cell 2 (Plastic) = 0.007808
Trial: 476, Time:42.292s
Trial 476: Cell 1 (Static) = 0.008881 | Cell 2 (Plastic) = 0.007831
Trial: 477, Time:42.606s
Trial 477: Cell 1 (Static) = 0.008908 | Cell 2 (Plastic) = 0.007855
Trial: 478, Time:42.602s
Trial 478: Cell 1 (Static) = 0.008935 | Cell 2 (Plastic) = 0.007879
Trial: 479, Time:42.850s
Trial 479: Cell 1 (Static) = 0.008962 | Cell 2 (Plastic) = 0.007902
Trial: 480, Time:42.877s
Trial 480: Cell 1 (Static) = 0.008988 | Cell 2 (Plastic) = 0.007926
Trial: 481, Time:42.670s
Trial 481: Cell 1 (Static) = 0.009015 | Cell 2 (Plastic) = 0.007950
Trial: 482, Time:42.940s
Trial 482: Cell 1 (Static) = 0.009042 | Cell 2 (Plastic) = 0.007973
Trial: 483, Time:42.842s
Trial 483: Cell 1 (Static) = 0.009070 | Cell 2 (Plastic) = 0.007997
Trial: 484, Time:42.719s
Trial 484: Cell 1 (Static) = 0.009097 | Cell 2 (Plastic) = 0.008021
Trial: 485, Time:42.826s
Trial 485: Cell 1 (Static) = 0.009124 | Cell 2 (Plastic) = 0.008045
Trial: 486, Time:42.900s
Trial 486: Cell 1 (Static) = 0.009151 | Cell 2 (Plastic) = 0.008070
Trial: 487, Time:42.879s
Trial 487: Cell 1 (Static) = 0.009179 | Cell 2 (Plastic) = 0.008094
Trial: 488, Time:42.718s
Trial 488: Cell 1 (Static) = 0.009206 | Cell 2 (Plastic) = 0.008118
Trial: 489, Time:42.634s
Trial 489: Cell 1 (Static) = 0.009234 | Cell 2 (Plastic) = 0.008142
Trial: 490, Time:42.241s
Trial 490: Cell 1 (Static) = 0.009262 | Cell 2 (Plastic) = 0.008167
Trial: 491, Time:42.386s
Trial 491: Cell 1 (Static) = 0.009290 | Cell 2 (Plastic) = 0.008191
Trial: 492, Time:42.704s
Trial 492: Cell 1 (Static) = 0.009317 | Cell 2 (Plastic) = 0.008216
Trial: 493, Time:43.150s
Trial 493: Cell 1 (Static) = 0.009345 | Cell 2 (Plastic) = 0.008241
Trial: 494, Time:43.206s
Trial 494: Cell 1 (Static) = 0.009373 | Cell 2 (Plastic) = 0.008265
Trial: 495, Time:43.291s
Trial 495: Cell 1 (Static) = 0.009402 | Cell 2 (Plastic) = 0.008290
Trial: 496, Time:43.088s
Trial 496: Cell 1 (Static) = 0.009430 | Cell 2 (Plastic) = 0.008315
Trial: 497, Time:42.765s
Trial 497: Cell 1 (Static) = 0.009458 | Cell 2 (Plastic) = 0.008340
Trial: 498, Time:42.702s
Trial 498: Cell 1 (Static) = 0.009486 | Cell 2 (Plastic) = 0.008365
Trial: 499, Time:42.828s
Trial 499: Cell 1 (Static) = 0.009458 | Cell 2 (Plastic) = 0.008390
Trial: 500, Time:42.930s
Trial 500: Cell 1 (Static) = 0.009430 | Cell 2 (Plastic) = 0.008415
Trial: 501, Time:43.380s
Trial 501: Cell 1 (Static) = 0.009402 | Cell 2 (Plastic) = 0.008440
Trial: 502, Time:43.219s
Trial 502: Cell 1 (Static) = 0.009373 | Cell 2 (Plastic) = 0.008466
Trial: 503, Time:42.990s
Trial 503: Cell 1 (Static) = 0.009345 | Cell 2 (Plastic) = 0.008491
Trial: 504, Time:43.488s
Trial 504: Cell 1 (Static) = 0.009317 | Cell 2 (Plastic) = 0.008517
Trial: 505, Time:42.955s
Trial 505: Cell 1 (Static) = 0.009345 | Cell 2 (Plastic) = 0.008542
Trial: 506, Time:42.994s
Trial 506: Cell 1 (Static) = 0.009373 | Cell 2 (Plastic) = 0.008568
Trial: 507, Time:43.211s
Trial 507: Cell 1 (Static) = 0.009402 | Cell 2 (Plastic) = 0.008594
Trial: 508, Time:42.831s
Trial 508: Cell 1 (Static) = 0.009430 | Cell 2 (Plastic) = 0.008568
Trial: 509, Time:42.990s
Trial 509: Cell 1 (Static) = 0.009458 | Cell 2 (Plastic) = 0.008594
Trial: 510, Time:43.276s
Trial 510: Cell 1 (Static) = 0.009486 | Cell 2 (Plastic) = 0.008619
Trial: 511, Time:43.374s
Trial 511: Cell 1 (Static) = 0.009515 | Cell 2 (Plastic) = 0.008645
Trial: 512, Time:43.524s
Trial 512: Cell 1 (Static) = 0.009543 | Cell 2 (Plastic) = 0.008671
Trial: 513, Time:43.408s
Trial 513: Cell 1 (Static) = 0.009572 | Cell 2 (Plastic) = 0.008697
Trial: 514, Time:43.505s
Trial 514: Cell 1 (Static) = 0.009601 | Cell 2 (Plastic) = 0.008723
Trial: 515, Time:43.581s
Trial 515: Cell 1 (Static) = 0.009630 | Cell 2 (Plastic) = 0.008749
Trial: 516, Time:43.672s
Trial 516: Cell 1 (Static) = 0.009658 | Cell 2 (Plastic) = 0.008776
Trial: 517, Time:43.319s
Trial 517: Cell 1 (Static) = 0.009687 | Cell 2 (Plastic) = 0.008802
Trial: 518, Time:42.805s
Trial 518: Cell 1 (Static) = 0.009717 | Cell 2 (Plastic) = 0.008776
Trial: 519, Time:43.262s
Trial 519: Cell 1 (Static) = 0.009746 | Cell 2 (Plastic) = 0.008749
Trial: 520, Time:43.425s
Trial 520: Cell 1 (Static) = 0.009775 | Cell 2 (Plastic) = 0.008776
Trial: 521, Time:43.651s
Trial 521: Cell 1 (Static) = 0.009804 | Cell 2 (Plastic) = 0.008802
Trial: 522, Time:43.482s
Trial 522: Cell 1 (Static) = 0.009834 | Cell 2 (Plastic) = 0.008828
Trial: 523, Time:43.220s
Trial 523: Cell 1 (Static) = 0.009863 | Cell 2 (Plastic) = 0.008802
Trial: 524, Time:43.735s
Trial 524: Cell 1 (Static) = 0.009893 | Cell 2 (Plastic) = 0.008776
Trial: 525, Time:43.677s
Trial 525: Cell 1 (Static) = 0.009922 | Cell 2 (Plastic) = 0.008802
Trial: 526, Time:43.699s
Trial 526: Cell 1 (Static) = 0.009893 | Cell 2 (Plastic) = 0.008828
Trial: 527, Time:43.269s
Trial 527: Cell 1 (Static) = 0.009863 | Cell 2 (Plastic) = 0.008855
Trial: 528, Time:43.324s
Trial 528: Cell 1 (Static) = 0.009834 | Cell 2 (Plastic) = 0.008828
Trial: 529, Time:43.068s
Trial 529: Cell 1 (Static) = 0.009804 | Cell 2 (Plastic) = 0.008855
Trial: 530, Time:43.027s
Trial 530: Cell 1 (Static) = 0.009775 | Cell 2 (Plastic) = 0.008881
Trial: 531, Time:43.353s
Trial 531: Cell 1 (Static) = 0.009746 | Cell 2 (Plastic) = 0.008908
Trial: 532, Time:43.642s
Trial 532: Cell 1 (Static) = 0.009717 | Cell 2 (Plastic) = 0.008935
Trial: 533, Time:43.437s
Trial 533: Cell 1 (Static) = 0.009687 | Cell 2 (Plastic) = 0.008908
Trial: 534, Time:43.481s
Trial 534: Cell 1 (Static) = 0.009717 | Cell 2 (Plastic) = 0.008935
Trial: 535, Time:44.140s
Trial 535: Cell 1 (Static) = 0.009746 | Cell 2 (Plastic) = 0.008962
Trial: 536, Time:43.847s
Trial 536: Cell 1 (Static) = 0.009717 | Cell 2 (Plastic) = 0.008988
Trial: 537, Time:44.502s
Trial 537: Cell 1 (Static) = 0.009687 | Cell 2 (Plastic) = 0.009015
Trial: 538, Time:44.611s
Trial 538: Cell 1 (Static) = 0.009658 | Cell 2 (Plastic) = 0.009042
Trial: 539, Time:44.355s
Trial 539: Cell 1 (Static) = 0.009687 | Cell 2 (Plastic) = 0.009070
Trial: 540, Time:44.016s
Trial 540: Cell 1 (Static) = 0.009717 | Cell 2 (Plastic) = 0.009097
Trial: 541, Time:44.160s
Trial 541: Cell 1 (Static) = 0.009746 | Cell 2 (Plastic) = 0.009124
Trial: 542, Time:44.281s
Trial 542: Cell 1 (Static) = 0.009775 | Cell 2 (Plastic) = 0.009151
Trial: 543, Time:44.071s
Trial 543: Cell 1 (Static) = 0.009746 | Cell 2 (Plastic) = 0.009179
Trial: 544, Time:44.138s
Trial 544: Cell 1 (Static) = 0.009717 | Cell 2 (Plastic) = 0.009151
Trial: 545, Time:44.368s
Trial 545: Cell 1 (Static) = 0.009746 | Cell 2 (Plastic) = 0.009124
Trial: 546, Time:44.386s
Trial 546: Cell 1 (Static) = 0.009775 | Cell 2 (Plastic) = 0.009097
Trial: 547, Time:44.221s
Trial 547: Cell 1 (Static) = 0.009804 | Cell 2 (Plastic) = 0.009070
Trial: 548, Time:44.233s
Trial 548: Cell 1 (Static) = 0.009834 | Cell 2 (Plastic) = 0.009097
Trial: 549, Time:44.502s
Trial 549: Cell 1 (Static) = 0.009863 | Cell 2 (Plastic) = 0.009124
Trial: 550, Time:44.238s
Trial 550: Cell 1 (Static) = 0.009893 | Cell 2 (Plastic) = 0.009151
Trial: 551, Time:44.413s
Trial 551: Cell 1 (Static) = 0.009863 | Cell 2 (Plastic) = 0.009179
Trial: 552, Time:44.001s
Trial 552: Cell 1 (Static) = 0.009834 | Cell 2 (Plastic) = 0.009206
Trial: 553, Time:44.444s
Trial 553: Cell 1 (Static) = 0.009804 | Cell 2 (Plastic) = 0.009234
Trial: 554, Time:43.849s
Trial 554: Cell 1 (Static) = 0.009775 | Cell 2 (Plastic) = 0.009262
Trial: 555, Time:44.110s
Trial 555: Cell 1 (Static) = 0.009746 | Cell 2 (Plastic) = 0.009290
Trial: 556, Time:44.434s
Trial 556: Cell 1 (Static) = 0.009717 | Cell 2 (Plastic) = 0.009317
Trial: 557, Time:44.564s
Trial 557: Cell 1 (Static) = 0.009687 | Cell 2 (Plastic) = 0.009290
Trial: 558, Time:44.441s
Trial 558: Cell 1 (Static) = 0.009658 | Cell 2 (Plastic) = 0.009262
Trial: 559, Time:44.872s
Trial 559: Cell 1 (Static) = 0.009630 | Cell 2 (Plastic) = 0.009234
Trial: 560, Time:44.636s
Trial 560: Cell 1 (Static) = 0.009601 | Cell 2 (Plastic) = 0.009206
Trial: 561, Time:44.725s
Trial 561: Cell 1 (Static) = 0.009572 | Cell 2 (Plastic) = 0.009179
Trial: 562, Time:44.636s
Trial 562: Cell 1 (Static) = 0.009543 | Cell 2 (Plastic) = 0.009151
Trial: 563, Time:44.402s
Trial 563: Cell 1 (Static) = 0.009515 | Cell 2 (Plastic) = 0.009124
Trial: 564, Time:44.540s
Trial 564: Cell 1 (Static) = 0.009486 | Cell 2 (Plastic) = 0.009097
Trial: 565, Time:44.146s
Trial 565: Cell 1 (Static) = 0.009458 | Cell 2 (Plastic) = 0.009070
Trial: 566, Time:44.282s
Trial 566: Cell 1 (Static) = 0.009430 | Cell 2 (Plastic) = 0.009042
Trial: 567, Time:44.205s
Trial 567: Cell 1 (Static) = 0.009402 | Cell 2 (Plastic) = 0.009015
Trial: 568, Time:44.370s
Trial 568: Cell 1 (Static) = 0.009373 | Cell 2 (Plastic) = 0.008988
Trial: 569, Time:44.182s
Trial 569: Cell 1 (Static) = 0.009402 | Cell 2 (Plastic) = 0.008962
Trial: 570, Time:44.026s
Trial 570: Cell 1 (Static) = 0.009430 | Cell 2 (Plastic) = 0.008935
Trial: 571, Time:44.449s
Trial 571: Cell 1 (Static) = 0.009458 | Cell 2 (Plastic) = 0.008908
Trial: 572, Time:44.427s
Trial 572: Cell 1 (Static) = 0.009486 | Cell 2 (Plastic) = 0.008881
Trial: 573, Time:44.978s
Trial 573: Cell 1 (Static) = 0.009515 | Cell 2 (Plastic) = 0.008855
Trial: 574, Time:45.473s
Trial 574: Cell 1 (Static) = 0.009543 | Cell 2 (Plastic) = 0.008828
Trial: 575, Time:44.795s
Trial 575: Cell 1 (Static) = 0.009572 | Cell 2 (Plastic) = 0.008802
Trial: 576, Time:44.674s
Trial 576: Cell 1 (Static) = 0.009601 | Cell 2 (Plastic) = 0.008828
Trial: 577, Time:44.455s
Trial 577: Cell 1 (Static) = 0.009630 | Cell 2 (Plastic) = 0.008802
Trial: 578, Time:44.805s
Trial 578: Cell 1 (Static) = 0.009658 | Cell 2 (Plastic) = 0.008776
Trial: 579, Time:45.118s
Trial 579: Cell 1 (Static) = 0.009687 | Cell 2 (Plastic) = 0.008802
Trial: 580, Time:45.542s
Trial 580: Cell 1 (Static) = 0.009717 | Cell 2 (Plastic) = 0.008828
Trial: 581, Time:45.381s
Trial 581: Cell 1 (Static) = 0.009746 | Cell 2 (Plastic) = 0.008855
Trial: 582, Time:45.410s
Trial 582: Cell 1 (Static) = 0.009775 | Cell 2 (Plastic) = 0.008881
Trial: 583, Time:46.474s
Trial 583: Cell 1 (Static) = 0.009746 | Cell 2 (Plastic) = 0.008908
Trial: 584, Time:45.642s
Trial 584: Cell 1 (Static) = 0.009717 | Cell 2 (Plastic) = 0.008935
Trial: 585, Time:45.743s
Trial 585: Cell 1 (Static) = 0.009746 | Cell 2 (Plastic) = 0.008908
Trial: 586, Time:46.009s
Trial 586: Cell 1 (Static) = 0.009775 | Cell 2 (Plastic) = 0.008881
Trial: 587, Time:46.831s
Trial 587: Cell 1 (Static) = 0.009804 | Cell 2 (Plastic) = 0.008855
Trial: 588, Time:45.736s
Trial 588: Cell 1 (Static) = 0.009834 | Cell 2 (Plastic) = 0.008881
Trial: 589, Time:45.862s
Trial 589: Cell 1 (Static) = 0.009863 | Cell 2 (Plastic) = 0.008908
Trial: 590, Time:45.740s
Trial 590: Cell 1 (Static) = 0.009893 | Cell 2 (Plastic) = 0.008881
Trial: 591, Time:46.270s
Trial 591: Cell 1 (Static) = 0.009922 | Cell 2 (Plastic) = 0.008855
Trial: 592, Time:46.548s
Trial 592: Cell 1 (Static) = 0.009952 | Cell 2 (Plastic) = 0.008828
Trial: 593, Time:45.677s
Trial 593: Cell 1 (Static) = 0.009922 | Cell 2 (Plastic) = 0.008802
Trial: 594, Time:46.220s
Trial 594: Cell 1 (Static) = 0.009893 | Cell 2 (Plastic) = 0.008828
Trial: 595, Time:45.446s
Trial 595: Cell 1 (Static) = 0.009863 | Cell 2 (Plastic) = 0.008855
Trial: 596, Time:45.450s
Trial 596: Cell 1 (Static) = 0.009834 | Cell 2 (Plastic) = 0.008881
Trial: 597, Time:46.495s
Trial 597: Cell 1 (Static) = 0.009804 | Cell 2 (Plastic) = 0.008855
Trial: 598, Time:45.436s
Trial 598: Cell 1 (Static) = 0.009775 | Cell 2 (Plastic) = 0.008828
Trial: 599, Time:45.362s
Trial 599: Cell 1 (Static) = 0.009746 | Cell 2 (Plastic) = 0.008802
Trial: 600, Time:45.345s
Trial 600: Cell 1 (Static) = 0.009717 | Cell 2 (Plastic) = 0.008776
Trial: 601, Time:45.743s
Trial 601: Cell 1 (Static) = 0.009687 | Cell 2 (Plastic) = 0.008749
Trial: 602, Time:45.914s
Trial 602: Cell 1 (Static) = 0.009658 | Cell 2 (Plastic) = 0.008776
Trial: 603, Time:45.976s
Trial 603: Cell 1 (Static) = 0.009630 | Cell 2 (Plastic) = 0.008802
Trial: 604, Time:45.316s
Trial 604: Cell 1 (Static) = 0.009601 | Cell 2 (Plastic) = 0.008828
Trial: 605, Time:45.436s
Trial 605: Cell 1 (Static) = 0.009572 | Cell 2 (Plastic) = 0.008855
Trial: 606, Time:45.622s
Trial 606: Cell 1 (Static) = 0.009543 | Cell 2 (Plastic) = 0.008881
Trial: 607, Time:45.454s
Trial 607: Cell 1 (Static) = 0.009515 | Cell 2 (Plastic) = 0.008908
Trial: 608, Time:45.761s
Trial 608: Cell 1 (Static) = 0.009486 | Cell 2 (Plastic) = 0.008935
Trial: 609, Time:45.952s
Trial 609: Cell 1 (Static) = 0.009458 | Cell 2 (Plastic) = 0.008962
Trial: 610, Time:45.672s
Trial 610: Cell 1 (Static) = 0.009430 | Cell 2 (Plastic) = 0.008988
Trial: 611, Time:45.916s
Trial 611: Cell 1 (Static) = 0.009402 | Cell 2 (Plastic) = 0.009015
Trial: 612, Time:46.128s
Trial 612: Cell 1 (Static) = 0.009373 | Cell 2 (Plastic) = 0.009042
Trial: 613, Time:46.287s
Trial 613: Cell 1 (Static) = 0.009345 | Cell 2 (Plastic) = 0.009070
Trial: 614, Time:46.073s
Trial 614: Cell 1 (Static) = 0.009317 | Cell 2 (Plastic) = 0.009042
Trial: 615, Time:46.313s
Trial 615: Cell 1 (Static) = 0.009290 | Cell 2 (Plastic) = 0.009070
Trial: 616, Time:46.678s
Trial 616: Cell 1 (Static) = 0.009262 | Cell 2 (Plastic) = 0.009097
Trial: 617, Time:46.327s
Trial 617: Cell 1 (Static) = 0.009234 | Cell 2 (Plastic) = 0.009124
Trial: 618, Time:46.160s
Trial 618: Cell 1 (Static) = 0.009206 | Cell 2 (Plastic) = 0.009151
Trial: 619, Time:46.080s
Trial 619: Cell 1 (Static) = 0.009179 | Cell 2 (Plastic) = 0.009179
Trial: 620, Time:45.848s
Trial 620: Cell 1 (Static) = 0.009151 | Cell 2 (Plastic) = 0.009206
Trial: 621, Time:46.036s
Trial 621: Cell 1 (Static) = 0.009124 | Cell 2 (Plastic) = 0.009234
Trial: 622, Time:45.880s
Trial 622: Cell 1 (Static) = 0.009097 | Cell 2 (Plastic) = 0.009262
Trial: 623, Time:45.974s
Trial 623: Cell 1 (Static) = 0.009070 | Cell 2 (Plastic) = 0.009290
Trial: 624, Time:45.630s
Trial 624: Cell 1 (Static) = 0.009042 | Cell 2 (Plastic) = 0.009317
Trial: 625, Time:45.723s
Trial 625: Cell 1 (Static) = 0.009015 | Cell 2 (Plastic) = 0.009345
Trial: 626, Time:45.800s
Trial 626: Cell 1 (Static) = 0.008988 | Cell 2 (Plastic) = 0.009373
Trial: 627, Time:45.712s
Trial 627: Cell 1 (Static) = 0.008962 | Cell 2 (Plastic) = 0.009402
Trial: 628, Time:45.499s
Trial 628: Cell 1 (Static) = 0.008935 | Cell 2 (Plastic) = 0.009430
Trial: 629, Time:45.753s
Trial 629: Cell 1 (Static) = 0.008908 | Cell 2 (Plastic) = 0.009458
Trial: 630, Time:45.429s
Trial 630: Cell 1 (Static) = 0.008935 | Cell 2 (Plastic) = 0.009486
Trial: 631, Time:45.781s
Trial 631: Cell 1 (Static) = 0.008962 | Cell 2 (Plastic) = 0.009515
Trial: 632, Time:46.625s
Trial 632: Cell 1 (Static) = 0.008935 | Cell 2 (Plastic) = 0.009543
Trial: 633, Time:45.627s
Trial 633: Cell 1 (Static) = 0.008908 | Cell 2 (Plastic) = 0.009572
Trial: 634, Time:45.849s
Trial 634: Cell 1 (Static) = 0.008881 | Cell 2 (Plastic) = 0.009543
Trial: 635, Time:45.700s
Trial 635: Cell 1 (Static) = 0.008855 | Cell 2 (Plastic) = 0.009515
Trial: 636, Time:45.623s
Trial 636: Cell 1 (Static) = 0.008828 | Cell 2 (Plastic) = 0.009486
Trial: 637, Time:45.297s
Trial 637: Cell 1 (Static) = 0.008855 | Cell 2 (Plastic) = 0.009458
Trial: 638, Time:45.727s
Trial 638: Cell 1 (Static) = 0.008881 | Cell 2 (Plastic) = 0.009430
Trial: 639, Time:45.876s
Trial 639: Cell 1 (Static) = 0.008855 | Cell 2 (Plastic) = 0.009402
Trial: 640, Time:46.365s
Trial 640: Cell 1 (Static) = 0.008828 | Cell 2 (Plastic) = 0.009430
Trial: 641, Time:46.182s
Trial 641: Cell 1 (Static) = 0.008802 | Cell 2 (Plastic) = 0.009458
Trial: 642, Time:45.961s
Trial 642: Cell 1 (Static) = 0.008828 | Cell 2 (Plastic) = 0.009430
Trial: 643, Time:46.223s
Trial 643: Cell 1 (Static) = 0.008855 | Cell 2 (Plastic) = 0.009402
Trial: 644, Time:46.072s
Trial 644: Cell 1 (Static) = 0.008881 | Cell 2 (Plastic) = 0.009373
Trial: 645, Time:45.926s
Trial 645: Cell 1 (Static) = 0.008908 | Cell 2 (Plastic) = 0.009345
Trial: 646, Time:45.877s
Trial 646: Cell 1 (Static) = 0.008935 | Cell 2 (Plastic) = 0.009317
Trial: 647, Time:45.944s
Trial 647: Cell 1 (Static) = 0.008962 | Cell 2 (Plastic) = 0.009290
Trial: 648, Time:45.550s
Trial 648: Cell 1 (Static) = 0.008988 | Cell 2 (Plastic) = 0.009262
Trial: 649, Time:45.902s
Trial 649: Cell 1 (Static) = 0.009015 | Cell 2 (Plastic) = 0.009234
Trial: 650, Time:46.019s
Trial 650: Cell 1 (Static) = 0.009042 | Cell 2 (Plastic) = 0.009206
Trial: 651, Time:46.088s
Trial 651: Cell 1 (Static) = 0.009070 | Cell 2 (Plastic) = 0.009234
Trial: 652, Time:45.550s
Trial 652: Cell 1 (Static) = 0.009097 | Cell 2 (Plastic) = 0.009206
Trial: 653, Time:46.154s
Trial 653: Cell 1 (Static) = 0.009124 | Cell 2 (Plastic) = 0.009179
Trial: 654, Time:46.474s
Trial 654: Cell 1 (Static) = 0.009097 | Cell 2 (Plastic) = 0.009151
Trial: 655, Time:46.564s
Trial 655: Cell 1 (Static) = 0.009070 | Cell 2 (Plastic) = 0.009179
Trial: 656, Time:46.588s
Trial 656: Cell 1 (Static) = 0.009097 | Cell 2 (Plastic) = 0.009206
Trial: 657, Time:46.396s
Trial 657: Cell 1 (Static) = 0.009124 | Cell 2 (Plastic) = 0.009234
Trial: 658, Time:45.980s
Trial 658: Cell 1 (Static) = 0.009151 | Cell 2 (Plastic) = 0.009262
Trial: 659, Time:46.477s
Trial 659: Cell 1 (Static) = 0.009179 | Cell 2 (Plastic) = 0.009234
Trial: 660, Time:47.184s
Trial 660: Cell 1 (Static) = 0.009206 | Cell 2 (Plastic) = 0.009206
Trial: 661, Time:46.268s
Trial 661: Cell 1 (Static) = 0.009234 | Cell 2 (Plastic) = 0.009179
Trial: 662, Time:46.536s
Trial 662: Cell 1 (Static) = 0.009262 | Cell 2 (Plastic) = 0.009206
Trial: 663, Time:46.351s
Trial 663: Cell 1 (Static) = 0.009290 | Cell 2 (Plastic) = 0.009234
Trial: 664, Time:46.390s
Trial 664: Cell 1 (Static) = 0.009317 | Cell 2 (Plastic) = 0.009262
Trial: 665, Time:46.350s
Trial 665: Cell 1 (Static) = 0.009345 | Cell 2 (Plastic) = 0.009290
Trial: 666, Time:46.457s
Trial 666: Cell 1 (Static) = 0.009373 | Cell 2 (Plastic) = 0.009317
Trial: 667, Time:46.438s
Trial 667: Cell 1 (Static) = 0.009402 | Cell 2 (Plastic) = 0.009345
Trial: 668, Time:46.837s
Trial 668: Cell 1 (Static) = 0.009430 | Cell 2 (Plastic) = 0.009373
Trial: 669, Time:46.565s
Trial 669: Cell 1 (Static) = 0.009458 | Cell 2 (Plastic) = 0.009402
Trial: 670, Time:46.069s
Trial 670: Cell 1 (Static) = 0.009486 | Cell 2 (Plastic) = 0.009373
Trial: 671, Time:46.652s
Trial 671: Cell 1 (Static) = 0.009515 | Cell 2 (Plastic) = 0.009345
Trial: 672, Time:45.752s
Trial 672: Cell 1 (Static) = 0.009515 | Cell 2 (Plastic) = 0.009317
Trial: 673, Time:46.074s
Trial 673: Cell 1 (Static) = 0.009486 | Cell 2 (Plastic) = 0.009290
Trial: 674, Time:46.404s
Trial 674: Cell 1 (Static) = 0.009458 | Cell 2 (Plastic) = 0.009262
Trial: 675, Time:46.910s
Trial 675: Cell 1 (Static) = 0.009486 | Cell 2 (Plastic) = 0.009234
Trial: 676, Time:46.886s
Trial 676: Cell 1 (Static) = 0.009515 | Cell 2 (Plastic) = 0.009206
Trial: 677, Time:46.972s
Trial 677: Cell 1 (Static) = 0.009486 | Cell 2 (Plastic) = 0.009179
Trial: 678, Time:47.319s
Trial 678: Cell 1 (Static) = 0.009458 | Cell 2 (Plastic) = 0.009151
Trial: 679, Time:47.854s
Trial 679: Cell 1 (Static) = 0.009458 | Cell 2 (Plastic) = 0.009124
Trial: 680, Time:47.373s
Trial 680: Cell 1 (Static) = 0.009486 | Cell 2 (Plastic) = 0.009097
Trial: 681, Time:47.412s
Trial 681: Cell 1 (Static) = 0.009486 | Cell 2 (Plastic) = 0.009070
Trial: 682, Time:46.960s
Trial 682: Cell 1 (Static) = 0.009458 | Cell 2 (Plastic) = 0.009042
Trial: 683, Time:47.003s
Trial 683: Cell 1 (Static) = 0.009430 | Cell 2 (Plastic) = 0.009015
Trial: 684, Time:46.487s
Trial 684: Cell 1 (Static) = 0.009402 | Cell 2 (Plastic) = 0.008988
Trial: 685, Time:46.881s
Trial 685: Cell 1 (Static) = 0.009373 | Cell 2 (Plastic) = 0.008962
Trial: 686, Time:46.667s
Trial 686: Cell 1 (Static) = 0.009345 | Cell 2 (Plastic) = 0.008935
Trial: 687, Time:47.630s
Trial 687: Cell 1 (Static) = 0.009317 | Cell 2 (Plastic) = 0.008908
Trial: 688, Time:46.930s
Trial 688: Cell 1 (Static) = 0.009290 | Cell 2 (Plastic) = 0.008881
Trial: 689, Time:46.884s
Trial 689: Cell 1 (Static) = 0.009262 | Cell 2 (Plastic) = 0.008855
Trial: 690, Time:47.489s
Trial 690: Cell 1 (Static) = 0.009234 | Cell 2 (Plastic) = 0.008881
Trial: 691, Time:47.282s
Trial 691: Cell 1 (Static) = 0.009206 | Cell 2 (Plastic) = 0.008855
Trial: 692, Time:47.437s
Trial 692: Cell 1 (Static) = 0.009179 | Cell 2 (Plastic) = 0.008828
Trial: 693, Time:47.447s
Trial 693: Cell 1 (Static) = 0.009151 | Cell 2 (Plastic) = 0.008855
Trial: 694, Time:47.474s
Trial 694: Cell 1 (Static) = 0.009124 | Cell 2 (Plastic) = 0.008828
Trial: 695, Time:47.599s
Trial 695: Cell 1 (Static) = 0.009097 | Cell 2 (Plastic) = 0.008802
Trial: 696, Time:47.667s
Trial 696: Cell 1 (Static) = 0.009070 | Cell 2 (Plastic) = 0.008776
Trial: 697, Time:48.011s
Trial 697: Cell 1 (Static) = 0.009042 | Cell 2 (Plastic) = 0.008749
Trial: 698, Time:48.135s
Trial 698: Cell 1 (Static) = 0.009015 | Cell 2 (Plastic) = 0.008723
Trial: 699, Time:47.821s
Trial 699: Cell 1 (Static) = 0.008988 | Cell 2 (Plastic) = 0.008697
Trial: 700, Time:47.683s
Trial 700: Cell 1 (Static) = 0.008962 | Cell 2 (Plastic) = 0.008723
Trial: 701, Time:48.296s
Trial 701: Cell 1 (Static) = 0.008935 | Cell 2 (Plastic) = 0.008697
Trial: 702, Time:48.126s
Trial 702: Cell 1 (Static) = 0.008908 | Cell 2 (Plastic) = 0.008671
Trial: 703, Time:48.230s
Trial 703: Cell 1 (Static) = 0.008881 | Cell 2 (Plastic) = 0.008645
Trial: 704, Time:48.429s
Trial 704: Cell 1 (Static) = 0.008855 | Cell 2 (Plastic) = 0.008619
Trial: 705, Time:48.175s
Trial 705: Cell 1 (Static) = 0.008828 | Cell 2 (Plastic) = 0.008645
Trial: 706, Time:48.009s
Trial 706: Cell 1 (Static) = 0.008802 | Cell 2 (Plastic) = 0.008671
Trial: 707, Time:48.226s
Trial 707: Cell 1 (Static) = 0.008776 | Cell 2 (Plastic) = 0.008697
Trial: 708, Time:48.001s
Trial 708: Cell 1 (Static) = 0.008749 | Cell 2 (Plastic) = 0.008723
Trial: 709, Time:47.906s
Trial 709: Cell 1 (Static) = 0.008723 | Cell 2 (Plastic) = 0.008749
Trial: 710, Time:47.689s
Trial 710: Cell 1 (Static) = 0.008697 | Cell 2 (Plastic) = 0.008776
Trial: 711, Time:47.574s
Trial 711: Cell 1 (Static) = 0.008671 | Cell 2 (Plastic) = 0.008802
Trial: 712, Time:47.819s
Trial 712: Cell 1 (Static) = 0.008645 | Cell 2 (Plastic) = 0.008828
Trial: 713, Time:47.682s
Trial 713: Cell 1 (Static) = 0.008671 | Cell 2 (Plastic) = 0.008802
Trial: 714, Time:47.675s
Trial 714: Cell 1 (Static) = 0.008697 | Cell 2 (Plastic) = 0.008828
Trial: 715, Time:47.229s
Trial 715: Cell 1 (Static) = 0.008723 | Cell 2 (Plastic) = 0.008855
Trial: 716, Time:47.219s
Trial 716: Cell 1 (Static) = 0.008749 | Cell 2 (Plastic) = 0.008881
Trial: 717, Time:48.146s
Trial 717: Cell 1 (Static) = 0.008776 | Cell 2 (Plastic) = 0.008908
Trial: 718, Time:47.470s
Trial 718: Cell 1 (Static) = 0.008802 | Cell 2 (Plastic) = 0.008935
Trial: 719, Time:47.904s
Trial 719: Cell 1 (Static) = 0.008828 | Cell 2 (Plastic) = 0.008962
Trial: 720, Time:47.496s
Trial 720: Cell 1 (Static) = 0.008855 | Cell 2 (Plastic) = 0.008988
Trial: 721, Time:47.277s
Trial 721: Cell 1 (Static) = 0.008881 | Cell 2 (Plastic) = 0.009015
Trial: 722, Time:47.816s
Trial 722: Cell 1 (Static) = 0.008908 | Cell 2 (Plastic) = 0.009042
Trial: 723, Time:48.445s
Trial 723: Cell 1 (Static) = 0.008935 | Cell 2 (Plastic) = 0.009070
Trial: 724, Time:47.955s
Trial 724: Cell 1 (Static) = 0.008908 | Cell 2 (Plastic) = 0.009097
Trial: 725, Time:48.537s
Trial 725: Cell 1 (Static) = 0.008881 | Cell 2 (Plastic) = 0.009124
Trial: 726, Time:47.922s
Trial 726: Cell 1 (Static) = 0.008855 | Cell 2 (Plastic) = 0.009151
Trial: 727, Time:48.387s
Trial 727: Cell 1 (Static) = 0.008828 | Cell 2 (Plastic) = 0.009179
Trial: 728, Time:47.416s
Trial 728: Cell 1 (Static) = 0.008802 | Cell 2 (Plastic) = 0.009206
Trial: 729, Time:908.930s
Trial 729: Cell 1 (Static) = 0.008776 | Cell 2 (Plastic) = 0.009179
Trial: 730, Time:965.988s
Trial 730: Cell 1 (Static) = 0.008749 | Cell 2 (Plastic) = 0.009206
Trial: 731, Time:5517.641s
Trial 731: Cell 1 (Static) = 0.008776 | Cell 2 (Plastic) = 0.009179
Trial: 732, Time:47.043s
Trial 732: Cell 1 (Static) = 0.008749 | Cell 2 (Plastic) = 0.009151
Trial: 733, Time:46.757s
Trial 733: Cell 1 (Static) = 0.008723 | Cell 2 (Plastic) = 0.009179
Trial: 734, Time:46.502s
Trial 734: Cell 1 (Static) = 0.008697 | Cell 2 (Plastic) = 0.009206
Trial: 735, Time:46.347s
Trial 735: Cell 1 (Static) = 0.008671 | Cell 2 (Plastic) = 0.009234
Trial: 736, Time:46.352s
Trial 736: Cell 1 (Static) = 0.008645 | Cell 2 (Plastic) = 0.009262
Trial: 737, Time:46.701s
Trial 737: Cell 1 (Static) = 0.008671 | Cell 2 (Plastic) = 0.009290
Trial: 738, Time:46.689s
Trial 738: Cell 1 (Static) = 0.008697 | Cell 2 (Plastic) = 0.009317
Trial: 739, Time:47.034s
Trial 739: Cell 1 (Static) = 0.008723 | Cell 2 (Plastic) = 0.009345
Trial: 740, Time:46.871s
Trial 740: Cell 1 (Static) = 0.008749 | Cell 2 (Plastic) = 0.009373
Trial: 741, Time:46.549s
Trial 741: Cell 1 (Static) = 0.008776 | Cell 2 (Plastic) = 0.009402
Trial: 742, Time:46.621s
Trial 742: Cell 1 (Static) = 0.008802 | Cell 2 (Plastic) = 0.009430
Trial: 743, Time:46.556s
Trial 743: Cell 1 (Static) = 0.008828 | Cell 2 (Plastic) = 0.009458
Trial: 744, Time:46.657s
Trial 744: Cell 1 (Static) = 0.008855 | Cell 2 (Plastic) = 0.009486
Trial: 745, Time:46.710s
Trial 745: Cell 1 (Static) = 0.008881 | Cell 2 (Plastic) = 0.009515
Trial: 746, Time:46.843s
Trial 746: Cell 1 (Static) = 0.008908 | Cell 2 (Plastic) = 0.009543
Trial: 747, Time:47.008s
Trial 747: Cell 1 (Static) = 0.008935 | Cell 2 (Plastic) = 0.009572
Trial: 748, Time:47.017s
Trial 748: Cell 1 (Static) = 0.008908 | Cell 2 (Plastic) = 0.009601
Trial: 749, Time:47.178s
Trial 749: Cell 1 (Static) = 0.008881 | Cell 2 (Plastic) = 0.009630
Trial: 750, Time:46.326s
Trial 750: Cell 1 (Static) = 0.008855 | Cell 2 (Plastic) = 0.009658
Trial: 751, Time:46.383s
Trial 751: Cell 1 (Static) = 0.008881 | Cell 2 (Plastic) = 0.009687
Trial: 752, Time:46.699s
Trial 752: Cell 1 (Static) = 0.008908 | Cell 2 (Plastic) = 0.009717
Trial: 753, Time:46.790s
Trial 753: Cell 1 (Static) = 0.008935 | Cell 2 (Plastic) = 0.009746
Trial: 754, Time:47.387s
Trial 754: Cell 1 (Static) = 0.008962 | Cell 2 (Plastic) = 0.009775
Trial: 755, Time:47.557s
Trial 755: Cell 1 (Static) = 0.008935 | Cell 2 (Plastic) = 0.009804
Trial: 756, Time:47.300s
Trial 756: Cell 1 (Static) = 0.008908 | Cell 2 (Plastic) = 0.009834
Trial: 757, Time:47.246s
Trial 757: Cell 1 (Static) = 0.008935 | Cell 2 (Plastic) = 0.009863
Trial: 758, Time:46.654s
Trial 758: Cell 1 (Static) = 0.008908 | Cell 2 (Plastic) = 0.009893
Trial: 759, Time:46.876s
Trial 759: Cell 1 (Static) = 0.008881 | Cell 2 (Plastic) = 0.009922
Trial: 760, Time:46.765s
Trial 760: Cell 1 (Static) = 0.008855 | Cell 2 (Plastic) = 0.009893
Trial: 761, Time:46.791s
Trial 761: Cell 1 (Static) = 0.008881 | Cell 2 (Plastic) = 0.009922
Trial: 762, Time:46.621s
Trial 762: Cell 1 (Static) = 0.008908 | Cell 2 (Plastic) = 0.009952
Trial: 763, Time:46.722s
Trial 763: Cell 1 (Static) = 0.008881 | Cell 2 (Plastic) = 0.009982
Trial: 764, Time:46.660s
Trial 764: Cell 1 (Static) = 0.008908 | Cell 2 (Plastic) = 0.010012
Trial: 765, Time:46.581s
Trial 765: Cell 1 (Static) = 0.008935 | Cell 2 (Plastic) = 0.009982
Trial: 766, Time:46.710s
Trial 766: Cell 1 (Static) = 0.008962 | Cell 2 (Plastic) = 0.009952
Trial: 767, Time:47.064s
Trial 767: Cell 1 (Static) = 0.008988 | Cell 2 (Plastic) = 0.009922
Trial: 768, Time:46.716s
Trial 768: Cell 1 (Static) = 0.009015 | Cell 2 (Plastic) = 0.009893
Trial: 769, Time:46.978s
Trial 769: Cell 1 (Static) = 0.009042 | Cell 2 (Plastic) = 0.009922
Trial: 770, Time:46.993s
Trial 770: Cell 1 (Static) = 0.009015 | Cell 2 (Plastic) = 0.009893
Trial: 771, Time:46.723s
Trial 771: Cell 1 (Static) = 0.008988 | Cell 2 (Plastic) = 0.009863
Trial: 772, Time:46.896s
Trial 772: Cell 1 (Static) = 0.009015 | Cell 2 (Plastic) = 0.009834
Trial: 773, Time:46.719s
Trial 773: Cell 1 (Static) = 0.009042 | Cell 2 (Plastic) = 0.009804
Trial: 774, Time:47.169s
Trial 774: Cell 1 (Static) = 0.009070 | Cell 2 (Plastic) = 0.009775
Trial: 775, Time:47.249s
Trial 775: Cell 1 (Static) = 0.009097 | Cell 2 (Plastic) = 0.009746
Trial: 776, Time:47.009s
Trial 776: Cell 1 (Static) = 0.009124 | Cell 2 (Plastic) = 0.009717
Trial: 777, Time:46.776s
Trial 777: Cell 1 (Static) = 0.009151 | Cell 2 (Plastic) = 0.009687
Trial: 778, Time:47.362s
Trial 778: Cell 1 (Static) = 0.009179 | Cell 2 (Plastic) = 0.009658
Trial: 779, Time:47.285s
Trial 779: Cell 1 (Static) = 0.009206 | Cell 2 (Plastic) = 0.009630
Trial: 780, Time:47.083s
Trial 780: Cell 1 (Static) = 0.009234 | Cell 2 (Plastic) = 0.009601
Trial: 781, Time:47.337s
Trial 781: Cell 1 (Static) = 0.009262 | Cell 2 (Plastic) = 0.009572
Trial: 782, Time:46.990s
Trial 782: Cell 1 (Static) = 0.009290 | Cell 2 (Plastic) = 0.009601
Trial: 783, Time:47.229s
Trial 783: Cell 1 (Static) = 0.009317 | Cell 2 (Plastic) = 0.009630
Trial: 784, Time:46.947s
Trial 784: Cell 1 (Static) = 0.009345 | Cell 2 (Plastic) = 0.009658
Trial: 785, Time:47.304s
Trial 785: Cell 1 (Static) = 0.009317 | Cell 2 (Plastic) = 0.009687
Trial: 786, Time:47.148s
Trial 786: Cell 1 (Static) = 0.009290 | Cell 2 (Plastic) = 0.009717
Trial: 787, Time:47.257s
Trial 787: Cell 1 (Static) = 0.009262 | Cell 2 (Plastic) = 0.009746
Trial: 788, Time:47.176s
Trial 788: Cell 1 (Static) = 0.009234 | Cell 2 (Plastic) = 0.009775
Trial: 789, Time:47.588s
Trial 789: Cell 1 (Static) = 0.009206 | Cell 2 (Plastic) = 0.009804
Trial: 790, Time:47.713s
Trial 790: Cell 1 (Static) = 0.009234 | Cell 2 (Plastic) = 0.009834
Trial: 791, Time:47.449s
Trial 791: Cell 1 (Static) = 0.009262 | Cell 2 (Plastic) = 0.009863
Trial: 792, Time:47.321s
Trial 792: Cell 1 (Static) = 0.009290 | Cell 2 (Plastic) = 0.009893
Trial: 793, Time:47.157s
Trial 793: Cell 1 (Static) = 0.009317 | Cell 2 (Plastic) = 0.009922
Trial: 794, Time:47.163s
Trial 794: Cell 1 (Static) = 0.009345 | Cell 2 (Plastic) = 0.009893
Trial: 795, Time:47.238s
Trial 795: Cell 1 (Static) = 0.009373 | Cell 2 (Plastic) = 0.009922
Trial: 796, Time:47.022s
Trial 796: Cell 1 (Static) = 0.009402 | Cell 2 (Plastic) = 0.009952
Trial: 797, Time:47.225s
Trial 797: Cell 1 (Static) = 0.009430 | Cell 2 (Plastic) = 0.009982
Trial: 798, Time:47.777s
Trial 798: Cell 1 (Static) = 0.009458 | Cell 2 (Plastic) = 0.010012
Trial: 799, Time:47.843s
Trial 799: Cell 1 (Static) = 0.009486 | Cell 2 (Plastic) = 0.010042
Trial: 800, Time:47.908s
Trial 800: Cell 1 (Static) = 0.009515 | Cell 2 (Plastic) = 0.010072
Trial: 801, Time:47.968s
Trial 801: Cell 1 (Static) = 0.009543 | Cell 2 (Plastic) = 0.010102
Trial: 802, Time:48.024s
Trial 802: Cell 1 (Static) = 0.009572 | Cell 2 (Plastic) = 0.010133
Trial: 803, Time:48.042s
Trial 803: Cell 1 (Static) = 0.009601 | Cell 2 (Plastic) = 0.010163
Trial: 804, Time:48.586s
Trial 804: Cell 1 (Static) = 0.009630 | Cell 2 (Plastic) = 0.010194
Trial: 805, Time:48.474s
Trial 805: Cell 1 (Static) = 0.009658 | Cell 2 (Plastic) = 0.010163
Trial: 806, Time:48.150s
Trial 806: Cell 1 (Static) = 0.009687 | Cell 2 (Plastic) = 0.010133
Trial: 807, Time:48.197s
Trial 807: Cell 1 (Static) = 0.009717 | Cell 2 (Plastic) = 0.010102
Trial: 808, Time:47.868s
Trial 808: Cell 1 (Static) = 0.009746 | Cell 2 (Plastic) = 0.010072
Trial: 809, Time:48.347s
Trial 809: Cell 1 (Static) = 0.009775 | Cell 2 (Plastic) = 0.010042
Trial: 810, Time:48.165s
Trial 810: Cell 1 (Static) = 0.009746 | Cell 2 (Plastic) = 0.010012
Trial: 811, Time:47.907s
Trial 811: Cell 1 (Static) = 0.009717 | Cell 2 (Plastic) = 0.009982
Trial: 812, Time:48.317s
Trial 812: Cell 1 (Static) = 0.009687 | Cell 2 (Plastic) = 0.009952
Trial: 813, Time:48.146s
Trial 813: Cell 1 (Static) = 0.009658 | Cell 2 (Plastic) = 0.009982
Trial: 814, Time:48.434s
Trial 814: Cell 1 (Static) = 0.009687 | Cell 2 (Plastic) = 0.010012
Trial: 815, Time:48.419s
Trial 815: Cell 1 (Static) = 0.009717 | Cell 2 (Plastic) = 0.010042
Trial: 816, Time:48.124s
Trial 816: Cell 1 (Static) = 0.009746 | Cell 2 (Plastic) = 0.010072
Trial: 817, Time:48.309s
Trial 817: Cell 1 (Static) = 0.009775 | Cell 2 (Plastic) = 0.010102
Trial: 818, Time:48.073s
Trial 818: Cell 1 (Static) = 0.009804 | Cell 2 (Plastic) = 0.010133
Trial: 819, Time:47.713s
Trial 819: Cell 1 (Static) = 0.009775 | Cell 2 (Plastic) = 0.010163
Trial: 820, Time:48.170s
Trial 820: Cell 1 (Static) = 0.009746 | Cell 2 (Plastic) = 0.010133
Trial: 821, Time:48.228s
Trial 821: Cell 1 (Static) = 0.009775 | Cell 2 (Plastic) = 0.010102
Trial: 822, Time:48.171s
Trial 822: Cell 1 (Static) = 0.009804 | Cell 2 (Plastic) = 0.010072
Trial: 823, Time:48.334s
Trial 823: Cell 1 (Static) = 0.009834 | Cell 2 (Plastic) = 0.010042
Trial: 824, Time:48.640s
Trial 824: Cell 1 (Static) = 0.009863 | Cell 2 (Plastic) = 0.010012
Trial: 825, Time:48.491s
Trial 825: Cell 1 (Static) = 0.009893 | Cell 2 (Plastic) = 0.010042
Trial: 826, Time:48.273s
Trial 826: Cell 1 (Static) = 0.009922 | Cell 2 (Plastic) = 0.010072
Trial: 827, Time:48.264s
Trial 827: Cell 1 (Static) = 0.009952 | Cell 2 (Plastic) = 0.010102
Trial: 828, Time:48.167s
Trial 828: Cell 1 (Static) = 0.009982 | Cell 2 (Plastic) = 0.010072
Trial: 829, Time:47.864s
Trial 829: Cell 1 (Static) = 0.010012 | Cell 2 (Plastic) = 0.010102
Trial: 830, Time:47.683s
Trial 830: Cell 1 (Static) = 0.009982 | Cell 2 (Plastic) = 0.010072
Trial: 831, Time:47.629s
Trial 831: Cell 1 (Static) = 0.009952 | Cell 2 (Plastic) = 0.010042
Trial: 832, Time:47.844s
Trial 832: Cell 1 (Static) = 0.009922 | Cell 2 (Plastic) = 0.010012
Trial: 833, Time:48.048s
Trial 833: Cell 1 (Static) = 0.009952 | Cell 2 (Plastic) = 0.009982
Trial: 834, Time:48.032s
Trial 834: Cell 1 (Static) = 0.009982 | Cell 2 (Plastic) = 0.009952
Trial: 835, Time:48.091s
Trial 835: Cell 1 (Static) = 0.010012 | Cell 2 (Plastic) = 0.009922
Trial: 836, Time:48.135s
Trial 836: Cell 1 (Static) = 0.010042 | Cell 2 (Plastic) = 0.009893
Trial: 837, Time:47.963s
Trial 837: Cell 1 (Static) = 0.010012 | Cell 2 (Plastic) = 0.009863
Trial: 838, Time:47.961s
Trial 838: Cell 1 (Static) = 0.010042 | Cell 2 (Plastic) = 0.009893
Trial: 839, Time:47.806s
Trial 839: Cell 1 (Static) = 0.010072 | Cell 2 (Plastic) = 0.009863
Trial: 840, Time:47.641s
Trial 840: Cell 1 (Static) = 0.010042 | Cell 2 (Plastic) = 0.009893
Trial: 841, Time:47.656s
Trial 841: Cell 1 (Static) = 0.010012 | Cell 2 (Plastic) = 0.009922
Trial: 842, Time:47.507s
Trial 842: Cell 1 (Static) = 0.009982 | Cell 2 (Plastic) = 0.009952
Trial: 843, Time:47.730s
Trial 843: Cell 1 (Static) = 0.010012 | Cell 2 (Plastic) = 0.009982
Trial: 844, Time:47.472s
Trial 844: Cell 1 (Static) = 0.010042 | Cell 2 (Plastic) = 0.010012
Trial: 845, Time:47.347s
Trial 845: Cell 1 (Static) = 0.010072 | Cell 2 (Plastic) = 0.010042
Trial: 846, Time:47.635s
Trial 846: Cell 1 (Static) = 0.010102 | Cell 2 (Plastic) = 0.010072
Trial: 847, Time:47.704s
Trial 847: Cell 1 (Static) = 0.010133 | Cell 2 (Plastic) = 0.010102
Trial: 848, Time:47.683s
Trial 848: Cell 1 (Static) = 0.010163 | Cell 2 (Plastic) = 0.010133
Trial: 849, Time:47.694s
Trial 849: Cell 1 (Static) = 0.010194 | Cell 2 (Plastic) = 0.010163
Trial: 850, Time:47.970s
Trial 850: Cell 1 (Static) = 0.010224 | Cell 2 (Plastic) = 0.010133
Trial: 851, Time:47.938s
Trial 851: Cell 1 (Static) = 0.010255 | Cell 2 (Plastic) = 0.010102
Trial: 852, Time:47.981s
Trial 852: Cell 1 (Static) = 0.010286 | Cell 2 (Plastic) = 0.010072
Trial: 853, Time:48.010s
Trial 853: Cell 1 (Static) = 0.010316 | Cell 2 (Plastic) = 0.010042
Trial: 854, Time:47.830s
Trial 854: Cell 1 (Static) = 0.010347 | Cell 2 (Plastic) = 0.010012
Trial: 855, Time:47.864s
Trial 855: Cell 1 (Static) = 0.010378 | Cell 2 (Plastic) = 0.009982
Trial: 856, Time:47.701s
Trial 856: Cell 1 (Static) = 0.010410 | Cell 2 (Plastic) = 0.009952
Trial: 857, Time:47.816s
Trial 857: Cell 1 (Static) = 0.010441 | Cell 2 (Plastic) = 0.009922
Trial: 858, Time:47.850s
Trial 858: Cell 1 (Static) = 0.010472 | Cell 2 (Plastic) = 0.009893
Trial: 859, Time:47.764s
Trial 859: Cell 1 (Static) = 0.010504 | Cell 2 (Plastic) = 0.009863
Trial: 860, Time:47.756s
Trial 860: Cell 1 (Static) = 0.010535 | Cell 2 (Plastic) = 0.009893
Trial: 861, Time:47.709s
Trial 861: Cell 1 (Static) = 0.010567 | Cell 2 (Plastic) = 0.009922
Trial: 862, Time:47.847s
Trial 862: Cell 1 (Static) = 0.010598 | Cell 2 (Plastic) = 0.009952
Trial: 863, Time:48.430s
Trial 863: Cell 1 (Static) = 0.010630 | Cell 2 (Plastic) = 0.009922
Trial: 864, Time:48.145s
Trial 864: Cell 1 (Static) = 0.010662 | Cell 2 (Plastic) = 0.009893
Trial: 865, Time:47.884s
Trial 865: Cell 1 (Static) = 0.010694 | Cell 2 (Plastic) = 0.009863
Trial: 866, Time:47.813s
Trial 866: Cell 1 (Static) = 0.010662 | Cell 2 (Plastic) = 0.009834
Trial: 867, Time:48.116s
Trial 867: Cell 1 (Static) = 0.010630 | Cell 2 (Plastic) = 0.009863
Trial: 868, Time:48.176s
Trial 868: Cell 1 (Static) = 0.010598 | Cell 2 (Plastic) = 0.009893
Trial: 869, Time:48.587s
Trial 869: Cell 1 (Static) = 0.010567 | Cell 2 (Plastic) = 0.009922
Trial: 870, Time:48.520s
Trial 870: Cell 1 (Static) = 0.010535 | Cell 2 (Plastic) = 0.009952
Trial: 871, Time:48.633s
Trial 871: Cell 1 (Static) = 0.010504 | Cell 2 (Plastic) = 0.009982
Trial: 872, Time:48.853s
Trial 872: Cell 1 (Static) = 0.010535 | Cell 2 (Plastic) = 0.010012
Trial: 873, Time:48.597s
Trial 873: Cell 1 (Static) = 0.010567 | Cell 2 (Plastic) = 0.010042
Trial: 874, Time:48.126s
Trial 874: Cell 1 (Static) = 0.010598 | Cell 2 (Plastic) = 0.010072
Trial: 875, Time:47.786s
Trial 875: Cell 1 (Static) = 0.010567 | Cell 2 (Plastic) = 0.010102
Trial: 876, Time:47.975s
Trial 876: Cell 1 (Static) = 0.010535 | Cell 2 (Plastic) = 0.010133
Trial: 877, Time:48.376s
Trial 877: Cell 1 (Static) = 0.010504 | Cell 2 (Plastic) = 0.010163
Trial: 878, Time:48.373s
Trial 878: Cell 1 (Static) = 0.010472 | Cell 2 (Plastic) = 0.010194
Trial: 879, Time:48.646s
Trial 879: Cell 1 (Static) = 0.010441 | Cell 2 (Plastic) = 0.010224
Trial: 880, Time:48.317s
Trial 880: Cell 1 (Static) = 0.010410 | Cell 2 (Plastic) = 0.010255
Trial: 881, Time:48.494s
Trial 881: Cell 1 (Static) = 0.010378 | Cell 2 (Plastic) = 0.010286
Trial: 882, Time:48.596s
Trial 882: Cell 1 (Static) = 0.010347 | Cell 2 (Plastic) = 0.010316
Trial: 883, Time:49.296s
Trial 883: Cell 1 (Static) = 0.010316 | Cell 2 (Plastic) = 0.010286
Trial: 884, Time:48.417s
Trial 884: Cell 1 (Static) = 0.010286 | Cell 2 (Plastic) = 0.010255
Trial: 885, Time:48.689s
Trial 885: Cell 1 (Static) = 0.010255 | Cell 2 (Plastic) = 0.010224
Trial: 886, Time:48.569s
Trial 886: Cell 1 (Static) = 0.010224 | Cell 2 (Plastic) = 0.010255
Trial: 887, Time:49.260s
Trial 887: Cell 1 (Static) = 0.010194 | Cell 2 (Plastic) = 0.010224
Trial: 888, Time:48.310s
Trial 888: Cell 1 (Static) = 0.010163 | Cell 2 (Plastic) = 0.010255
Trial: 889, Time:48.351s
Trial 889: Cell 1 (Static) = 0.010133 | Cell 2 (Plastic) = 0.010224
Trial: 890, Time:47.838s
Trial 890: Cell 1 (Static) = 0.010163 | Cell 2 (Plastic) = 0.010194
Trial: 891, Time:48.089s
Trial 891: Cell 1 (Static) = 0.010133 | Cell 2 (Plastic) = 0.010163
Trial: 892, Time:47.650s
Trial 892: Cell 1 (Static) = 0.010102 | Cell 2 (Plastic) = 0.010133
Trial: 893, Time:47.620s
Trial 893: Cell 1 (Static) = 0.010072 | Cell 2 (Plastic) = 0.010102
Trial: 894, Time:47.392s
Trial 894: Cell 1 (Static) = 0.010102 | Cell 2 (Plastic) = 0.010072
Trial: 895, Time:47.482s
Trial 895: Cell 1 (Static) = 0.010133 | Cell 2 (Plastic) = 0.010042
Trial: 896, Time:47.161s
Trial 896: Cell 1 (Static) = 0.010163 | Cell 2 (Plastic) = 0.010012
Trial: 897, Time:47.476s
Trial 897: Cell 1 (Static) = 0.010194 | Cell 2 (Plastic) = 0.009982
Trial: 898, Time:47.283s
Trial 898: Cell 1 (Static) = 0.010224 | Cell 2 (Plastic) = 0.009952
Trial: 899, Time:47.232s
Trial 899: Cell 1 (Static) = 0.010255 | Cell 2 (Plastic) = 0.009982
Trial: 900, Time:46.521s
Trial 900: Cell 1 (Static) = 0.010286 | Cell 2 (Plastic) = 0.010012
Trial: 901, Time:47.027s
Trial 901: Cell 1 (Static) = 0.010316 | Cell 2 (Plastic) = 0.010042
Trial: 902, Time:46.905s
Trial 902: Cell 1 (Static) = 0.010347 | Cell 2 (Plastic) = 0.010072
Trial: 903, Time:46.644s
Trial 903: Cell 1 (Static) = 0.010316 | Cell 2 (Plastic) = 0.010102
Trial: 904, Time:46.941s
Trial 904: Cell 1 (Static) = 0.010286 | Cell 2 (Plastic) = 0.010133
Trial: 905, Time:47.138s
Trial 905: Cell 1 (Static) = 0.010255 | Cell 2 (Plastic) = 0.010163
Trial: 906, Time:46.983s
Trial 906: Cell 1 (Static) = 0.010224 | Cell 2 (Plastic) = 0.010194
Trial: 907, Time:47.542s
Trial 907: Cell 1 (Static) = 0.010194 | Cell 2 (Plastic) = 0.010224
Trial: 908, Time:47.479s
Trial 908: Cell 1 (Static) = 0.010163 | Cell 2 (Plastic) = 0.010255
Trial: 909, Time:47.521s
Trial 909: Cell 1 (Static) = 0.010194 | Cell 2 (Plastic) = 0.010286
Trial: 910, Time:47.443s
Trial 910: Cell 1 (Static) = 0.010224 | Cell 2 (Plastic) = 0.010316
Trial: 911, Time:47.881s
Trial 911: Cell 1 (Static) = 0.010255 | Cell 2 (Plastic) = 0.010347
Trial: 912, Time:48.060s
Trial 912: Cell 1 (Static) = 0.010286 | Cell 2 (Plastic) = 0.010378
Trial: 913, Time:47.939s
Trial 913: Cell 1 (Static) = 0.010316 | Cell 2 (Plastic) = 0.010410
Trial: 914, Time:47.773s
Trial 914: Cell 1 (Static) = 0.010347 | Cell 2 (Plastic) = 0.010378
Trial: 915, Time:47.932s
Trial 915: Cell 1 (Static) = 0.010378 | Cell 2 (Plastic) = 0.010410
Trial: 916, Time:47.734s
Trial 916: Cell 1 (Static) = 0.010410 | Cell 2 (Plastic) = 0.010378
Trial: 917, Time:47.277s
Trial 917: Cell 1 (Static) = 0.010441 | Cell 2 (Plastic) = 0.010347
Trial: 918, Time:47.323s
Trial 918: Cell 1 (Static) = 0.010472 | Cell 2 (Plastic) = 0.010316
Trial: 919, Time:47.773s
Trial 919: Cell 1 (Static) = 0.010504 | Cell 2 (Plastic) = 0.010286
Trial: 920, Time:47.544s
Trial 920: Cell 1 (Static) = 0.010535 | Cell 2 (Plastic) = 0.010255
Trial: 921, Time:47.597s
Trial 921: Cell 1 (Static) = 0.010567 | Cell 2 (Plastic) = 0.010224
Trial: 922, Time:47.535s
Trial 922: Cell 1 (Static) = 0.010598 | Cell 2 (Plastic) = 0.010194
Trial: 923, Time:47.657s
Trial 923: Cell 1 (Static) = 0.010630 | Cell 2 (Plastic) = 0.010163
Trial: 924, Time:47.565s
Trial 924: Cell 1 (Static) = 0.010662 | Cell 2 (Plastic) = 0.010133
Trial: 925, Time:47.349s
Trial 925: Cell 1 (Static) = 0.010694 | Cell 2 (Plastic) = 0.010102
Trial: 926, Time:47.249s
Trial 926: Cell 1 (Static) = 0.010726 | Cell 2 (Plastic) = 0.010072
Trial: 927, Time:47.096s
Trial 927: Cell 1 (Static) = 0.010694 | Cell 2 (Plastic) = 0.010042
Trial: 928, Time:47.070s
Trial 928: Cell 1 (Static) = 0.010662 | Cell 2 (Plastic) = 0.010012
Trial: 929, Time:46.945s
Trial 929: Cell 1 (Static) = 0.010630 | Cell 2 (Plastic) = 0.009982
Trial: 930, Time:46.916s
Trial 930: Cell 1 (Static) = 0.010598 | Cell 2 (Plastic) = 0.010012
Trial: 931, Time:47.174s
Trial 931: Cell 1 (Static) = 0.010567 | Cell 2 (Plastic) = 0.010042
Trial: 932, Time:47.337s
Trial 932: Cell 1 (Static) = 0.010535 | Cell 2 (Plastic) = 0.010012
Trial: 933, Time:47.313s
Trial 933: Cell 1 (Static) = 0.010504 | Cell 2 (Plastic) = 0.009982
Trial: 934, Time:47.580s
Trial 934: Cell 1 (Static) = 0.010535 | Cell 2 (Plastic) = 0.010012
Trial: 935, Time:48.152s
Trial 935: Cell 1 (Static) = 0.010567 | Cell 2 (Plastic) = 0.010042
Trial: 936, Time:47.921s
Trial 936: Cell 1 (Static) = 0.010598 | Cell 2 (Plastic) = 0.010072
Trial: 937, Time:47.954s
Trial 937: Cell 1 (Static) = 0.010630 | Cell 2 (Plastic) = 0.010042
Trial: 938, Time:48.147s
Trial 938: Cell 1 (Static) = 0.010662 | Cell 2 (Plastic) = 0.010012
Trial: 939, Time:48.172s
Trial 939: Cell 1 (Static) = 0.010694 | Cell 2 (Plastic) = 0.009982
Trial: 940, Time:47.917s
Trial 940: Cell 1 (Static) = 0.010726 | Cell 2 (Plastic) = 0.009952
Trial: 941, Time:48.329s
Trial 941: Cell 1 (Static) = 0.010758 | Cell 2 (Plastic) = 0.009922
Trial: 942, Time:48.011s
Trial 942: Cell 1 (Static) = 0.010791 | Cell 2 (Plastic) = 0.009893
Trial: 943, Time:48.107s
Trial 943: Cell 1 (Static) = 0.010758 | Cell 2 (Plastic) = 0.009863
Trial: 944, Time:48.137s
Trial 944: Cell 1 (Static) = 0.010726 | Cell 2 (Plastic) = 0.009893
Trial: 945, Time:48.190s
Trial 945: Cell 1 (Static) = 0.010694 | Cell 2 (Plastic) = 0.009922
Trial: 946, Time:47.646s
Trial 946: Cell 1 (Static) = 0.010662 | Cell 2 (Plastic) = 0.009952
Trial: 947, Time:47.973s
Trial 947: Cell 1 (Static) = 0.010694 | Cell 2 (Plastic) = 0.009922
Trial: 948, Time:47.999s
Trial 948: Cell 1 (Static) = 0.010726 | Cell 2 (Plastic) = 0.009952
Trial: 949, Time:47.950s
Trial 949: Cell 1 (Static) = 0.010758 | Cell 2 (Plastic) = 0.009982
Trial: 950, Time:47.505s
Trial 950: Cell 1 (Static) = 0.010791 | Cell 2 (Plastic) = 0.010012
Trial: 951, Time:48.068s
Trial 951: Cell 1 (Static) = 0.010758 | Cell 2 (Plastic) = 0.010042
Trial: 952, Time:49.021s
Trial 952: Cell 1 (Static) = 0.010791 | Cell 2 (Plastic) = 0.010072
Trial: 953, Time:47.896s
Trial 953: Cell 1 (Static) = 0.010823 | Cell 2 (Plastic) = 0.010102
Trial: 954, Time:48.996s
Trial 954: Cell 1 (Static) = 0.010855 | Cell 2 (Plastic) = 0.010072
Trial: 955, Time:48.167s
Trial 955: Cell 1 (Static) = 0.010823 | Cell 2 (Plastic) = 0.010102
Trial: 956, Time:47.761s
Trial 956: Cell 1 (Static) = 0.010791 | Cell 2 (Plastic) = 0.010072
Trial: 957, Time:48.358s
Trial 957: Cell 1 (Static) = 0.010758 | Cell 2 (Plastic) = 0.010042
Trial: 958, Time:48.186s
Trial 958: Cell 1 (Static) = 0.010726 | Cell 2 (Plastic) = 0.010072
Trial: 959, Time:48.075s
Trial 959: Cell 1 (Static) = 0.010694 | Cell 2 (Plastic) = 0.010102
Trial: 960, Time:48.157s
Trial 960: Cell 1 (Static) = 0.010662 | Cell 2 (Plastic) = 0.010133
Trial: 961, Time:48.075s
Trial 961: Cell 1 (Static) = 0.010630 | Cell 2 (Plastic) = 0.010163
Trial: 962, Time:48.091s
Trial 962: Cell 1 (Static) = 0.010598 | Cell 2 (Plastic) = 0.010194
Trial: 963, Time:48.145s
Trial 963: Cell 1 (Static) = 0.010567 | Cell 2 (Plastic) = 0.010224
Trial: 964, Time:47.969s
Trial 964: Cell 1 (Static) = 0.010535 | Cell 2 (Plastic) = 0.010255
Trial: 965, Time:47.951s
Trial 965: Cell 1 (Static) = 0.010504 | Cell 2 (Plastic) = 0.010286
Trial: 966, Time:47.952s
Trial 966: Cell 1 (Static) = 0.010472 | Cell 2 (Plastic) = 0.010316
Trial: 967, Time:48.084s
Trial 967: Cell 1 (Static) = 0.010441 | Cell 2 (Plastic) = 0.010347
Trial: 968, Time:48.001s
Trial 968: Cell 1 (Static) = 0.010410 | Cell 2 (Plastic) = 0.010378
Trial: 969, Time:48.015s
Trial 969: Cell 1 (Static) = 0.010378 | Cell 2 (Plastic) = 0.010410
Trial: 970, Time:47.857s
Trial 970: Cell 1 (Static) = 0.010347 | Cell 2 (Plastic) = 0.010441
Trial: 971, Time:48.310s
Trial 971: Cell 1 (Static) = 0.010378 | Cell 2 (Plastic) = 0.010410
Trial: 972, Time:48.157s
Trial 972: Cell 1 (Static) = 0.010410 | Cell 2 (Plastic) = 0.010378
Trial: 973, Time:48.324s
Trial 973: Cell 1 (Static) = 0.010441 | Cell 2 (Plastic) = 0.010347
Trial: 974, Time:48.406s
Trial 974: Cell 1 (Static) = 0.010410 | Cell 2 (Plastic) = 0.010316
Trial: 975, Time:48.852s
Trial 975: Cell 1 (Static) = 0.010378 | Cell 2 (Plastic) = 0.010286
Trial: 976, Time:48.736s
Trial 976: Cell 1 (Static) = 0.010347 | Cell 2 (Plastic) = 0.010255
Trial: 977, Time:48.635s
Trial 977: Cell 1 (Static) = 0.010316 | Cell 2 (Plastic) = 0.010224
Trial: 978, Time:48.772s
Trial 978: Cell 1 (Static) = 0.010286 | Cell 2 (Plastic) = 0.010194
Trial: 979, Time:48.671s
Trial 979: Cell 1 (Static) = 0.010255 | Cell 2 (Plastic) = 0.010163
Trial: 980, Time:48.775s
Trial 980: Cell 1 (Static) = 0.010224 | Cell 2 (Plastic) = 0.010133
Trial: 981, Time:48.954s
Trial 981: Cell 1 (Static) = 0.010194 | Cell 2 (Plastic) = 0.010102
Trial: 982, Time:48.474s
Trial 982: Cell 1 (Static) = 0.010163 | Cell 2 (Plastic) = 0.010072
Trial: 983, Time:48.381s
Trial 983: Cell 1 (Static) = 0.010133 | Cell 2 (Plastic) = 0.010102
Trial: 984, Time:48.218s
Trial 984: Cell 1 (Static) = 0.010102 | Cell 2 (Plastic) = 0.010133
Trial: 985, Time:48.133s
Trial 985: Cell 1 (Static) = 0.010072 | Cell 2 (Plastic) = 0.010163
Trial: 986, Time:48.144s
Trial 986: Cell 1 (Static) = 0.010042 | Cell 2 (Plastic) = 0.010194
Trial: 987, Time:48.742s
Trial 987: Cell 1 (Static) = 0.010012 | Cell 2 (Plastic) = 0.010224
Trial: 988, Time:48.664s
Trial 988: Cell 1 (Static) = 0.010042 | Cell 2 (Plastic) = 0.010255
Trial: 989, Time:48.717s
Trial 989: Cell 1 (Static) = 0.010072 | Cell 2 (Plastic) = 0.010286
Trial: 990, Time:48.701s
Trial 990: Cell 1 (Static) = 0.010102 | Cell 2 (Plastic) = 0.010255
Trial: 991, Time:48.439s
Trial 991: Cell 1 (Static) = 0.010133 | Cell 2 (Plastic) = 0.010224
Trial: 992, Time:48.097s
Trial 992: Cell 1 (Static) = 0.010163 | Cell 2 (Plastic) = 0.010194
Trial: 993, Time:48.439s
Trial 993: Cell 1 (Static) = 0.010194 | Cell 2 (Plastic) = 0.010163
Trial: 994, Time:48.366s
Trial 994: Cell 1 (Static) = 0.010224 | Cell 2 (Plastic) = 0.010133
Trial: 995, Time:48.313s
Trial 995: Cell 1 (Static) = 0.010255 | Cell 2 (Plastic) = 0.010102
Trial: 996, Time:48.054s
Trial 996: Cell 1 (Static) = 0.010286 | Cell 2 (Plastic) = 0.010072
Trial: 997, Time:47.984s
Trial 997: Cell 1 (Static) = 0.010316 | Cell 2 (Plastic) = 0.010042
Trial: 998, Time:47.958s
Trial 998: Cell 1 (Static) = 0.010347 | Cell 2 (Plastic) = 0.010072
Trial: 999, Time:48.325s
Trial 999: Cell 1 (Static) = 0.010378 | Cell 2 (Plastic) = 0.010102
Trial: 1000, Time:48.391s
Raster array saved to '/home/data/einez/homeostat_SS/MFGoGr_SS_shuffleMF10percent_noCS_yesGoGo_nogrGo_mfgoplast_allcell_1000_trial/MFGoGr_SS_shuffleMF10percent_noCS_yesGoGo_nogrGo_mfgoplast_allcell_1000_trial_GOrasters.npy'
Raster array saved to '/home/data/einez/homeostat_SS/MFGoGr_SS_shuffleMF10percent_noCS_yesGoGo_nogrGo_mfgoplast_allcell_1000_trial/MFGoGr_SS_shuffleMF10percent_noCS_yesGoGo_nogrGo_mfgoplast_allcell_1000_trial_gogoW.npy'
Raster array saved to '/home/data/einez/homeostat_SS/MFGoGr_SS_shuffleMF10percent_noCS_yesGoGo_nogrGo_mfgoplast_allcell_1000_trial/MFGoGr_SS_shuffleMF10percent_noCS_yesGoGo_nogrGo_mfgoplast_allcell_1000_trial_grgoW.npy'
Raster array saved to '/home/data/einez/homeostat_SS/MFGoGr_SS_shuffleMF10percent_noCS_yesGoGo_nogrGo_mfgoplast_allcell_1000_trial/MFGoGr_SS_shuffleMF10percent_noCS_yesGoGo_nogrGo_mfgoplast_allcell_1000_trial_mfgoW.npy'
