nohup: ignoring input
Starting Session...
Initializing objects...
Objects initialized.
Loading connectivity arrays...
MFGO Connectivity Array Loaded.
MFGR Connectivity Array Loaded.
GOGR Connectivity Array Loaded.
GRGO Connectivity Array Loaded.
GOGO Connectivity Array Loaded.
Connectivity Arrays Loaded
48445622
Trial: 1, Time:35.442s
48859453
Trial: 2, Time:34.031s
48686789
Trial: 3, Time:35.382s
49313437
Trial: 4, Time:34.632s
48590033
Trial: 5, Time:34.045s
49782223
Trial: 6, Time:35.066s
50986907
Trial: 7, Time:35.200s
49925266
Trial: 8, Time:35.236s
49980538
Trial: 9, Time:35.112s
50635635
Trial: 10, Time:34.743s
49583991
Trial: 11, Time:34.593s
49217554
Trial: 12, Time:34.695s
49783049
Trial: 13, Time:35.146s
49456339
Trial: 14, Time:34.618s
49142331
Trial: 15, Time:35.032s
50560743
Trial: 16, Time:34.897s
49481654
Trial: 17, Time:34.724s
49956177
Trial: 18, Time:34.763s
49920503
Trial: 19, Time:35.021s
49090471
Trial: 20, Time:35.023s
47964925
Trial: 21, Time:34.632s
49042430
Trial: 22, Time:34.425s
48062118
Trial: 23, Time:34.331s
49602611
Trial: 24, Time:34.680s
49572076
Trial: 25, Time:34.710s
49910014
Trial: 26, Time:34.517s
51028166
Trial: 27, Time:35.338s
51208358
Trial: 28, Time:34.855s
52007905
Trial: 29, Time:35.137s
51804775
Trial: 30, Time:35.086s
52344654
Trial: 31, Time:35.464s
52099626
Trial: 32, Time:35.385s
51187577
Trial: 33, Time:35.283s
51435427
Trial: 34, Time:34.872s
50650887
Trial: 35, Time:34.753s
51076808
Trial: 36, Time:34.902s
50718995
Trial: 37, Time:34.848s
51298997
Trial: 38, Time:34.724s
51099327
Trial: 39, Time:35.131s
51734283
Trial: 40, Time:34.844s
51942534
Trial: 41, Time:35.084s
49740590
Trial: 42, Time:34.570s
50483287
Trial: 43, Time:35.073s
51577617
Trial: 44, Time:34.902s
49696468
Trial: 45, Time:34.843s
49700540
Trial: 46, Time:34.378s
51491091
Trial: 47, Time:34.978s
52415384
Trial: 48, Time:35.225s
52589503
Trial: 49, Time:35.537s
52848435
Trial: 50, Time:35.148s
53143025
Trial: 51, Time:35.695s
55476275
Trial: 52, Time:35.761s
56376369
Trial: 53, Time:36.089s
55313703
Trial: 54, Time:35.836s
56030413
Trial: 55, Time:36.295s
54677394
Trial: 56, Time:35.515s
53845905
Trial: 57, Time:35.646s
55200334
Trial: 58, Time:35.285s
55913789
Trial: 59, Time:35.564s
55803916
Trial: 60, Time:35.521s
56058040
Trial: 61, Time:35.706s
55008054
Trial: 62, Time:35.181s
54320430
Trial: 63, Time:35.440s
55528351
Trial: 64, Time:35.271s
55905299
Trial: 65, Time:35.460s
55271474
Trial: 66, Time:35.353s
55456948
Trial: 67, Time:35.638s
56486797
Trial: 68, Time:35.434s
56160112
Trial: 69, Time:35.807s
57028704
Trial: 70, Time:35.537s
56507395
Trial: 71, Time:35.564s
56202961
Trial: 72, Time:35.499s
56836831
Trial: 73, Time:35.890s
56750034
Trial: 74, Time:35.431s
55758262
Trial: 75, Time:35.628s
56713312
Trial: 76, Time:35.405s
56174040
Trial: 77, Time:35.394s
54841184
Trial: 78, Time:35.041s
54956909
Trial: 79, Time:35.280s
55368163
Trial: 80, Time:35.272s
55531957
Trial: 81, Time:35.424s
55814900
Trial: 82, Time:35.074s
55547902
Trial: 83, Time:35.111s
55375928
Trial: 84, Time:35.086s
55841606
Trial: 85, Time:35.431s
55114593
Trial: 86, Time:34.846s
55182852
Trial: 87, Time:35.250s
56631574
Trial: 88, Time:35.155s
55680460
Trial: 89, Time:35.089s
55212103
Trial: 90, Time:35.044s
53628182
Trial: 91, Time:34.875s
53571005
Trial: 92, Time:34.452s
52378552
Trial: 93, Time:34.460s
53003642
Trial: 94, Time:34.267s
52487185
Trial: 95, Time:34.292s
53120608
Trial: 96, Time:34.432s
53154741
Trial: 97, Time:34.688s
53488866
Trial: 98, Time:34.380s
53697519
Trial: 99, Time:34.840s
52446221
Trial: 100, Time:34.176s
53655951
Trial: 101, Time:34.599s
54352527
Trial: 102, Time:34.743s
53649309
Trial: 103, Time:34.756s
53536272
Trial: 104, Time:34.628s
55146686
Trial: 105, Time:35.168s
54447418
Trial: 106, Time:34.600s
54136401
Trial: 107, Time:34.471s
54105145
Trial: 108, Time:34.461s
54890778
Trial: 109, Time:34.877s
55632564
Trial: 110, Time:34.668s
56736973
Trial: 111, Time:35.294s
55961414
Trial: 112, Time:34.704s
54244420
Trial: 113, Time:34.432s
54827298
Trial: 114, Time:34.597s
54528711
Trial: 115, Time:34.727s
53635302
Trial: 116, Time:34.123s
54217058
Trial: 117, Time:34.656s
54838321
Trial: 118, Time:34.401s
54203642
Trial: 119, Time:34.322s
54097357
Trial: 120, Time:34.301s
55629570
Trial: 121, Time:34.855s
55746671
Trial: 122, Time:34.494s
56656203
Trial: 123, Time:35.115s
56207664
Trial: 124, Time:34.609s
57372896
Trial: 125, Time:35.044s
58548033
Trial: 126, Time:35.339s
57377996
Trial: 127, Time:35.243s
56956393
Trial: 128, Time:34.761s
58379396
Trial: 129, Time:35.430s
57585353
Trial: 130, Time:34.923s
58592756
Trial: 131, Time:35.288s
57351926
Trial: 132, Time:35.030s
57836430
Trial: 133, Time:35.255s
58729139
Trial: 134, Time:35.061s
60856291
Trial: 135, Time:35.940s
60652778
Trial: 136, Time:35.517s
60540011
Trial: 137, Time:35.796s
59276802
Trial: 138, Time:35.550s
59554501
Trial: 139, Time:35.725s
60295343
Trial: 140, Time:35.493s
60492853
Trial: 141, Time:35.920s
59956466
Trial: 142, Time:35.401s
59221862
Trial: 143, Time:35.462s
59537332
Trial: 144, Time:35.459s
59915091
Trial: 145, Time:35.563s
59165665
Trial: 146, Time:35.113s
57790609
Trial: 147, Time:35.050s
58502854
Trial: 148, Time:34.895s
59131189
Trial: 149, Time:35.157s
59272963
Trial: 150, Time:35.242s
58730717
Trial: 151, Time:35.242s
60930304
Trial: 152, Time:35.347s
60913287
Trial: 153, Time:35.702s
60533749
Trial: 154, Time:35.199s
59558846
Trial: 155, Time:35.287s
60452118
Trial: 156, Time:35.540s
60883229
Trial: 157, Time:35.637s
60749992
Trial: 158, Time:35.220s
60263770
Trial: 159, Time:35.511s
60088343
Trial: 160, Time:35.103s
60191218
Trial: 161, Time:35.378s
60149923
Trial: 162, Time:35.356s
62240017
Trial: 163, Time:35.814s
62036543
Trial: 164, Time:35.466s
62644507
Trial: 165, Time:35.875s
62231232
Trial: 166, Time:35.519s
62515483
Trial: 167, Time:35.899s
62040127
Trial: 168, Time:35.769s
63696873
Trial: 169, Time:36.174s
62823197
Trial: 170, Time:35.607s
63443031
Trial: 171, Time:36.112s
63229469
Trial: 172, Time:35.668s
62777190
Trial: 173, Time:35.890s
64086838
Trial: 174, Time:36.176s
65005082
Trial: 175, Time:36.307s
65240491
Trial: 176, Time:35.999s
66338595
Trial: 177, Time:36.588s
66881307
Trial: 178, Time:36.304s
67988532
Trial: 179, Time:36.919s
65826831
Trial: 180, Time:36.522s
67583885
Trial: 181, Time:36.800s
67355129
Trial: 182, Time:36.345s
65933594
Trial: 183, Time:36.491s
65424050
Trial: 184, Time:35.964s
63347827
Trial: 185, Time:35.856s
63241265
Trial: 186, Time:35.780s
63081609
Trial: 187, Time:35.908s
64441549
Trial: 188, Time:35.846s
65501461
Trial: 189, Time:36.351s
66183751
Trial: 190, Time:36.040s
67060922
Trial: 191, Time:36.609s
65278762
Trial: 192, Time:36.199s
65850928
Trial: 193, Time:36.275s
67019849
Trial: 194, Time:36.106s
68391596
Trial: 195, Time:36.820s
67668971
Trial: 196, Time:36.322s
68778979
Trial: 197, Time:36.984s
69210769
Trial: 198, Time:36.997s
70295230
Trial: 199, Time:37.127s
69245115
Trial: 200, Time:36.409s
69119660
Trial: 201, Time:36.968s
69354120
Trial: 202, Time:36.582s
71040925
Trial: 203, Time:37.259s
69557528
Trial: 204, Time:36.919s
69885961
Trial: 205, Time:37.020s
69710526
Trial: 206, Time:36.488s
68413571
Trial: 207, Time:36.648s
68094776
Trial: 208, Time:36.159s
69461621
Trial: 209, Time:36.826s
67647422
Trial: 210, Time:36.393s
66165638
Trial: 211, Time:36.107s
66521376
Trial: 212, Time:35.788s
65862654
Trial: 213, Time:35.980s
66786381
Trial: 214, Time:35.868s
66097855
Trial: 215, Time:36.137s
66474313
Trial: 216, Time:36.132s
66559332
Trial: 217, Time:36.128s
65900641
Trial: 218, Time:35.556s
66839555
Trial: 219, Time:36.099s
68830660
Trial: 220, Time:36.202s
68659235
Trial: 221, Time:36.661s
69821091
Trial: 222, Time:36.859s
70906421
Trial: 223, Time:36.901s
71687826
Trial: 224, Time:36.440s
70598186
Trial: 225, Time:36.790s
70187050
Trial: 226, Time:36.328s
69128843
Trial: 227, Time:36.492s
70855644
Trial: 228, Time:36.823s
69873406
Trial: 229, Time:36.732s
69223303
Trial: 230, Time:36.255s
68870840
Trial: 231, Time:36.606s
68330752
Trial: 232, Time:36.135s
67589535
Trial: 233, Time:36.308s
70141671
Trial: 234, Time:36.702s
70417709
Trial: 235, Time:36.698s
70928886
Trial: 236, Time:36.135s
70630595
Trial: 237, Time:36.768s
70336668
Trial: 238, Time:36.277s
71383780
Trial: 239, Time:36.951s
71016684
Trial: 240, Time:36.845s
69776332
Trial: 241, Time:36.588s
70129962
Trial: 242, Time:36.321s
69988842
Trial: 243, Time:36.740s
71252953
Trial: 244, Time:36.545s
70811847
Trial: 245, Time:36.878s
71458806
Trial: 246, Time:36.887s
71929368
Trial: 247, Time:36.955s
72779508
Trial: 248, Time:36.397s
72231212
Trial: 249, Time:37.076s
72223661
Trial: 250, Time:36.787s
70286883
Trial: 251, Time:36.852s
72077990
Trial: 252, Time:37.043s
73009963
Trial: 253, Time:37.347s
71993342
Trial: 254, Time:36.694s
71642934
Trial: 255, Time:36.932s
73023147
Trial: 256, Time:36.559s
73581246
Trial: 257, Time:37.122s
72873645
Trial: 258, Time:36.875s
72117766
Trial: 259, Time:36.895s
72919908
Trial: 260, Time:36.602s
73735518
Trial: 261, Time:37.207s
72809914
Trial: 262, Time:36.572s
73509732
Trial: 263, Time:37.159s
74202791
Trial: 264, Time:37.081s
73412658
Trial: 265, Time:37.023s
72046418
Trial: 266, Time:36.281s
72154326
Trial: 267, Time:36.915s
73092492
Trial: 268, Time:36.248s
72141213
Trial: 269, Time:36.456s
72658139
Trial: 270, Time:36.562s
74122261
Trial: 271, Time:37.037s
71412473
Trial: 272, Time:36.097s
71133968
Trial: 273, Time:36.446s
71086412
Trial: 274, Time:36.015s
70131054
Trial: 275, Time:36.100s
71101840
Trial: 276, Time:35.859s
71202614
Trial: 277, Time:35.771s
72530245
Trial: 278, Time:34.592s
71424853
Trial: 279, Time:35.930s
72358079
Trial: 280, Time:35.900s
72348895
Trial: 281, Time:36.080s
72502592
Trial: 282, Time:36.105s
71692837
Trial: 283, Time:35.888s
71195886
Trial: 284, Time:35.609s
71412280
Trial: 285, Time:35.779s
71236355
Trial: 286, Time:35.618s
71727969
Trial: 287, Time:35.955s
74032559
Trial: 288, Time:36.326s
73630140
Trial: 289, Time:36.285s
74699939
Trial: 290, Time:36.269s
74796020
Trial: 291, Time:36.461s
74646516
Trial: 292, Time:36.261s
72938158
Trial: 293, Time:36.150s
73873369
Trial: 294, Time:36.272s
75656715
Trial: 295, Time:36.646s
75303629
Trial: 296, Time:36.388s
74958504
Trial: 297, Time:36.552s
74635948
Trial: 298, Time:36.293s
76757811
Trial: 299, Time:36.885s
76200272
Trial: 300, Time:36.698s
75863770
Trial: 301, Time:36.715s
76129835
Trial: 302, Time:36.493s
77223763
Trial: 303, Time:36.902s
77979639
Trial: 304, Time:36.839s
78291508
Trial: 305, Time:37.086s
78570068
Trial: 306, Time:36.994s
77656088
Trial: 307, Time:37.001s
79754777
Trial: 308, Time:37.221s
77680926
Trial: 309, Time:36.996s
76591902
Trial: 310, Time:36.564s
78199657
Trial: 311, Time:36.973s
76605411
Trial: 312, Time:36.541s
76504996
Trial: 313, Time:36.611s
77897498
Trial: 314, Time:35.305s
76882459
Trial: 315, Time:36.696s
77499963
Trial: 316, Time:36.578s
78545220
Trial: 317, Time:36.991s
75892232
Trial: 318, Time:36.389s
76472689
Trial: 319, Time:36.522s
77545344
Trial: 320, Time:36.515s
78322083
Trial: 321, Time:36.884s
77396013
Trial: 322, Time:36.522s
77748633
Trial: 323, Time:36.874s
77127685
Trial: 324, Time:36.507s
75214166
Trial: 325, Time:36.221s
75942700
Trial: 326, Time:34.793s
77062682
Trial: 327, Time:36.689s
78401107
Trial: 328, Time:36.749s
80407589
Trial: 329, Time:37.322s
80145785
Trial: 330, Time:37.087s
80436500
Trial: 331, Time:37.153s
79930587
Trial: 332, Time:36.770s
79285674
Trial: 333, Time:36.848s
80049106
Trial: 334, Time:36.819s
79983524
Trial: 335, Time:38.120s
80427991
Trial: 336, Time:36.868s
81797363
Trial: 337, Time:38.195s
81674369
Trial: 338, Time:35.814s
82549166
Trial: 339, Time:38.406s
83446605
Trial: 340, Time:37.411s
82903055
Trial: 341, Time:38.445s
81971497
Trial: 342, Time:37.227s
83302024
Trial: 343, Time:38.414s
83043205
Trial: 344, Time:37.289s
81882564
Trial: 345, Time:38.131s
84086451
Trial: 346, Time:37.412s
82864042
Trial: 347, Time:38.316s
81488724
Trial: 348, Time:36.914s
82601860
Trial: 349, Time:38.110s
84099956
Trial: 350, Time:36.076s
83568134
Trial: 351, Time:38.405s
82818975
Trial: 352, Time:37.154s
82561259
Trial: 353, Time:38.171s
80439947
Trial: 354, Time:36.691s
81061899
Trial: 355, Time:37.722s
80977782
Trial: 356, Time:35.482s
81183529
Trial: 357, Time:37.933s
82414639
Trial: 358, Time:37.086s
83237711
Trial: 359, Time:37.772s
82708832
Trial: 360, Time:37.175s
83751213
Trial: 361, Time:37.717s
82428117
Trial: 362, Time:36.987s
84398342
Trial: 363, Time:37.714s
84883541
Trial: 364, Time:37.268s
85097488
Trial: 365, Time:37.878s
86716581
Trial: 366, Time:37.591s
85999476
Trial: 367, Time:37.613s
83769114
Trial: 368, Time:35.560s
82984675
Trial: 369, Time:37.428s
82839168
Trial: 370, Time:36.872s
83419340
Trial: 371, Time:37.579s
83196445
Trial: 372, Time:36.977s
83307269
Trial: 373, Time:37.505s
83986019
Trial: 374, Time:37.025s
85918219
Trial: 375, Time:37.746s
86403745
Trial: 376, Time:37.328s
87427808
Trial: 377, Time:38.161s
86846011
Trial: 378, Time:37.622s
87172570
Trial: 379, Time:37.823s
86293814
Trial: 380, Time:37.215s
86456195
Trial: 381, Time:37.718s
84818470
Trial: 382, Time:37.012s
85158726
Trial: 383, Time:37.686s
87786544
Trial: 384, Time:37.627s
85774137
Trial: 385, Time:37.572s
87473165
Trial: 386, Time:37.249s
87869837
Trial: 387, Time:38.200s
90170838
Trial: 388, Time:37.396s
88692967
Trial: 389, Time:38.666s
88707328
Trial: 390, Time:37.728s
87082585
Trial: 391, Time:38.074s
88025391
Trial: 392, Time:36.227s
87488072
Trial: 393, Time:38.212s
85559316
Trial: 394, Time:37.044s
86246780
Trial: 395, Time:38.341s
88210817
Trial: 396, Time:37.684s
87679926
Trial: 397, Time:38.044s
88364594
Trial: 398, Time:36.205s
88962533
Trial: 399, Time:38.287s
88219704
Trial: 400, Time:37.122s
88225322
Trial: 401, Time:38.460s
85962892
Trial: 402, Time:37.188s
89773011
Trial: 403, Time:38.160s
89051534
Trial: 404, Time:37.113s
89735117
Trial: 405, Time:37.784s
90150223
Trial: 406, Time:37.226s
90192291
Trial: 407, Time:38.882s
91127175
Trial: 408, Time:37.963s
87034797
Trial: 409, Time:38.008s
89212856
Trial: 410, Time:37.145s
90617370
Trial: 411, Time:38.196s
88696511
Trial: 412, Time:37.043s
89459791
Trial: 413, Time:38.469s
88926524
Trial: 414, Time:37.532s
89720686
Trial: 415, Time:37.603s
91282666
Trial: 416, Time:36.296s
92324564
Trial: 417, Time:37.801s
92623177
Trial: 418, Time:37.388s
92613274
Trial: 419, Time:38.613s
90151901
Trial: 420, Time:37.771s
91373409
Trial: 421, Time:37.801s
92508678
Trial: 422, Time:37.337s
91609538
Trial: 423, Time:38.327s
92694037
Trial: 424, Time:37.316s
94989762
Trial: 425, Time:39.461s
93010577
Trial: 426, Time:38.401s
92707746
Trial: 427, Time:38.158s
93338868
Trial: 428, Time:36.694s
94033926
Trial: 429, Time:37.950s
94340353
Trial: 430, Time:37.422s
95044714
Trial: 431, Time:39.474s
94938782
Trial: 432, Time:38.630s
95703582
Trial: 433, Time:38.632s
96393746
Trial: 434, Time:37.123s
96227974
Trial: 435, Time:38.056s
97757771
Trial: 436, Time:37.716s
95117207
Trial: 437, Time:39.601s
95518938
Trial: 438, Time:38.444s
95249665
Trial: 439, Time:38.961s
95264860
Trial: 440, Time:37.789s
96416027
Trial: 441, Time:38.972s
94499228
Trial: 442, Time:37.928s
95487803
Trial: 443, Time:38.373s
96227869
Trial: 444, Time:37.923s
95283096
Trial: 445, Time:39.056s
98401466
Trial: 446, Time:38.006s
98004675
Trial: 447, Time:38.456s
98674280
Trial: 448, Time:38.142s
100430154
Trial: 449, Time:38.982s
99272414
Trial: 450, Time:38.116s
98068198
Trial: 451, Time:39.954s
97198668
Trial: 452, Time:37.854s
98379410
Trial: 453, Time:38.464s
98196292
Trial: 454, Time:38.013s
98413732
Trial: 455, Time:39.156s
98743712
Trial: 456, Time:38.014s
97651563
Trial: 457, Time:39.424s
99834267
Trial: 458, Time:38.236s
99666662
Trial: 459, Time:38.838s
100163396
Trial: 460, Time:38.343s
99901323
Trial: 461, Time:38.879s
97492367
Trial: 462, Time:37.812s
97997784
Trial: 463, Time:39.331s
96093258
Trial: 464, Time:37.484s
96699125
Trial: 465, Time:38.063s
96947854
Trial: 466, Time:37.599s
95798941
Trial: 467, Time:38.016s
98356408
Trial: 468, Time:37.758s
99279089
Trial: 469, Time:39.421s
97758629
Trial: 470, Time:37.921s
100809002
Trial: 471, Time:38.935s
99026597
Trial: 472, Time:38.076s
98157073
Trial: 473, Time:38.359s
99192512
Trial: 474, Time:37.967s
98800483
Trial: 475, Time:40.123s
97641164
Trial: 476, Time:37.844s
97067906
Trial: 477, Time:38.274s
97253041
Trial: 478, Time:37.819s
96086659
Trial: 479, Time:38.159s
97388024
Trial: 480, Time:37.830s
97116160
Trial: 481, Time:39.970s
95315038
Trial: 482, Time:37.740s
97871589
Trial: 483, Time:38.608s
98447057
Trial: 484, Time:38.094s
97064124
Trial: 485, Time:38.413s
99327418
Trial: 486, Time:38.189s
99899384
Trial: 487, Time:39.795s
101686560
Trial: 488, Time:38.465s
101811532
Trial: 489, Time:39.025s
100035649
Trial: 490, Time:38.244s
99465336
Trial: 491, Time:38.555s
98508803
Trial: 492, Time:37.951s
98831343
Trial: 493, Time:39.505s
99648765
Trial: 494, Time:38.074s
102492171
Trial: 495, Time:39.047s
102319685
Trial: 496, Time:38.391s
102737518
Trial: 497, Time:39.025s
103409567
Trial: 498, Time:38.536s
101282269
Trial: 499, Time:39.778s
101565971
Trial: 500, Time:38.135s
101568090
Trial: 501, Time:38.752s
100715945
Trial: 502, Time:38.145s
101218270
Trial: 503, Time:38.683s
102053593
Trial: 504, Time:38.263s
101539430
Trial: 505, Time:39.754s
101520974
Trial: 506, Time:38.097s
99665047
Trial: 507, Time:38.456s
100362469
Trial: 508, Time:37.978s
99815026
Trial: 509, Time:38.391s
99890528
Trial: 510, Time:37.864s
101386443
Trial: 511, Time:39.756s
102754623
Trial: 512, Time:38.331s
103118141
Trial: 513, Time:38.923s
101425607
Trial: 514, Time:38.085s
101984599
Trial: 515, Time:38.775s
104578333
Trial: 516, Time:38.526s
107323185
Trial: 517, Time:40.596s
107614634
Trial: 518, Time:38.953s
105114743
Trial: 519, Time:39.103s
102721731
Trial: 520, Time:38.178s
101482900
Trial: 521, Time:38.523s
101452582
Trial: 522, Time:37.948s
103597729
Trial: 523, Time:39.843s
103406006
Trial: 524, Time:38.080s
103413007
Trial: 525, Time:38.751s
104099535
Trial: 526, Time:38.315s
103597788
Trial: 527, Time:38.805s
104403691
Trial: 528, Time:38.332s
103754099
Trial: 529, Time:39.773s
103886964
Trial: 530, Time:38.255s
104232937
Trial: 531, Time:38.871s
103648791
Trial: 532, Time:38.217s
103298034
Trial: 533, Time:38.680s
103873750
Trial: 534, Time:38.186s
103371195
Trial: 535, Time:39.681s
104136556
Trial: 536, Time:38.193s
103137161
Trial: 537, Time:38.671s
105461291
Trial: 538, Time:38.360s
106401068
Trial: 539, Time:39.101s
109445223
Trial: 540, Time:38.831s
108210611
Trial: 541, Time:40.260s
106286001
Trial: 542, Time:38.332s
110448570
Trial: 543, Time:39.680s
112680406
Trial: 544, Time:39.294s
113214573
Trial: 545, Time:40.072s
113111099
Trial: 546, Time:39.353s
110202366
Trial: 547, Time:40.416s
112165982
Trial: 548, Time:39.093s
111626450
Trial: 549, Time:39.783s
110872471
Trial: 550, Time:38.958s
110224218
Trial: 551, Time:39.491s
110281051
Trial: 552, Time:38.827s
111736833
Trial: 553, Time:40.649s
110779134
Trial: 554, Time:38.891s
112425006
Trial: 555, Time:39.822s
111891740
Trial: 556, Time:39.162s
112577814
Trial: 557, Time:40.020s
115568188
Trial: 558, Time:39.682s
116905429
Trial: 559, Time:41.242s
115440071
Trial: 560, Time:39.537s
117447270
Trial: 561, Time:40.617s
117037517
Trial: 562, Time:39.807s
115813365
Trial: 563, Time:40.384s
116208371
Trial: 564, Time:39.643s
116394856
Trial: 565, Time:41.142s
116739024
Trial: 566, Time:39.602s
114007817
Trial: 567, Time:40.032s
112120372
Trial: 568, Time:38.948s
112800226
Trial: 569, Time:39.726s
113544023
Trial: 570, Time:39.171s
112359856
Trial: 571, Time:40.599s
110619232
Trial: 572, Time:38.631s
110132001
Trial: 573, Time:39.316s
108201737
Trial: 574, Time:38.332s
108645543
Trial: 575, Time:39.004s
107690675
Trial: 576, Time:38.214s
108033103
Trial: 577, Time:39.868s
107866566
Trial: 578, Time:38.224s
108908265
Trial: 579, Time:39.021s
111708195
Trial: 580, Time:38.785s
110300389
Trial: 581, Time:39.181s
109273899
Trial: 582, Time:38.415s
109530269
Trial: 583, Time:40.029s
108571938
Trial: 584, Time:38.359s
110732344
Trial: 585, Time:39.382s
109685565
Trial: 586, Time:38.552s
110641119
Trial: 587, Time:39.320s
110230006
Trial: 588, Time:38.596s
111599130
Trial: 589, Time:40.212s
110225126
Trial: 590, Time:38.497s
109914257
Trial: 591, Time:39.085s
110973991
Trial: 592, Time:38.632s
111384126
Trial: 593, Time:39.343s
114234853
Trial: 594, Time:39.096s
110188355
Trial: 595, Time:40.062s
112589128
Trial: 596, Time:38.949s
111264096
Trial: 597, Time:39.461s
109888247
Trial: 598, Time:38.508s
108427996
Trial: 599, Time:38.829s
108671539
Trial: 600, Time:38.253s
110849316
Trial: 601, Time:40.162s
111339325
Trial: 602, Time:38.606s
112519005
Trial: 603, Time:39.505s
115068512
Trial: 604, Time:39.179s
114914529
Trial: 605, Time:39.938s
112973581
Trial: 606, Time:38.916s
112676820
Trial: 607, Time:40.398s
112896139
Trial: 608, Time:38.836s
110959902
Trial: 609, Time:39.277s
112325672
Trial: 610, Time:38.848s
113009110
Trial: 611, Time:39.585s
110971396
Trial: 612, Time:38.563s
111214807
Trial: 613, Time:40.293s
110947388
Trial: 614, Time:38.630s
111337502
Trial: 615, Time:39.277s
112308725
Trial: 616, Time:38.825s
112748762
Trial: 617, Time:39.586s
112041668
Trial: 618, Time:38.785s
114391797
Trial: 619, Time:40.732s
114987665
Trial: 620, Time:39.183s
116157263
Trial: 621, Time:39.992s
117071111
Trial: 622, Time:39.446s
117443169
Trial: 623, Time:40.242s
116476993
Trial: 624, Time:39.330s
115271558
Trial: 625, Time:40.754s
117425376
Trial: 626, Time:39.397s
116300480
Trial: 627, Time:40.119s
115938605
Trial: 628, Time:39.147s
116393084
Trial: 629, Time:39.886s
119833922
Trial: 630, Time:39.807s
118623799
Trial: 631, Time:41.236s
117906303
Trial: 632, Time:39.560s
119922091
Trial: 633, Time:40.708s
120872455
Trial: 634, Time:40.165s
116334320
Trial: 635, Time:39.957s
115663139
Trial: 636, Time:39.201s
117256677
Trial: 637, Time:40.964s
116943987
Trial: 638, Time:39.243s
114557084
Trial: 639, Time:39.502s
116886991
Trial: 640, Time:39.135s
116861609
Trial: 641, Time:39.889s
119537403
Trial: 642, Time:39.590s
121323803
Trial: 643, Time:41.262s
120735213
Trial: 644, Time:39.672s
121149042
Trial: 645, Time:40.563s
119212284
Trial: 646, Time:39.540s
118567174
Trial: 647, Time:40.179s
117828307
Trial: 648, Time:39.329s
118659526
Trial: 649, Time:40.904s
119048750
Trial: 650, Time:39.489s
123201781
Trial: 651, Time:40.863s
120492950
Trial: 652, Time:39.732s
119283215
Trial: 653, Time:40.265s
122797430
Trial: 654, Time:40.092s
121666767
Trial: 655, Time:41.358s
120501461
Trial: 656, Time:39.612s
120885326
Trial: 657, Time:40.550s
121079982
Trial: 658, Time:39.805s
118218248
Trial: 659, Time:40.127s
120207722
Trial: 660, Time:39.664s
117903309
Trial: 661, Time:40.745s
115960283
Trial: 662, Time:39.075s
118678556
Trial: 663, Time:40.178s
116605687
Trial: 664, Time:39.163s
117039764
Trial: 665, Time:39.956s
114499982
Trial: 666, Time:38.828s
112581884
Trial: 667, Time:40.145s
112050798
Trial: 668, Time:38.504s
113887735
Trial: 669, Time:39.448s
114374150
Trial: 670, Time:38.832s
113218358
Trial: 671, Time:39.370s
115065312
Trial: 672, Time:38.971s
118756946
Trial: 673, Time:41.116s
123033912
Trial: 674, Time:40.276s
123100635
Trial: 675, Time:40.858s
121744933
Trial: 676, Time:39.627s
119291228
Trial: 677, Time:39.786s
121903984
Trial: 678, Time:39.936s
119739933
Trial: 679, Time:41.022s
122660789
Trial: 680, Time:39.878s
121437263
Trial: 681, Time:40.356s
120617921
Trial: 682, Time:39.507s
119710770
Trial: 683, Time:40.087s
121300904
Trial: 684, Time:39.612s
117157230
Trial: 685, Time:40.474s
118061717
Trial: 686, Time:39.092s
119042798
Trial: 687, Time:39.954s
118764953
Trial: 688, Time:39.177s
118014901
Trial: 689, Time:39.887s
116924709
Trial: 690, Time:39.079s
117152404
Trial: 691, Time:40.605s
118742547
Trial: 692, Time:39.416s
122290382
Trial: 693, Time:40.634s
122228023
Trial: 694, Time:39.978s
121879722
Trial: 695, Time:40.682s
127543563
Trial: 696, Time:41.035s
128151108
Trial: 697, Time:42.269s
130345242
Trial: 698, Time:41.420s
128402906
Trial: 699, Time:41.702s
126496891
Trial: 700, Time:40.816s
128559682
Trial: 701, Time:41.651s
128004084
Trial: 702, Time:40.969s
127757801
Trial: 703, Time:42.122s
130875121
Trial: 704, Time:41.362s
132180845
Trial: 705, Time:42.192s
132498766
Trial: 706, Time:41.793s
134630266
Trial: 707, Time:42.717s
133969573
Trial: 708, Time:42.139s
133423081
Trial: 709, Time:42.972s
134338651
Trial: 710, Time:41.975s
132039365
Trial: 711, Time:42.180s
129576208
Trial: 712, Time:41.290s
130567111
Trial: 713, Time:42.044s
131418952
Trial: 714, Time:41.677s
128747257
Trial: 715, Time:42.360s
127788465
Trial: 716, Time:40.964s
126556158
Trial: 717, Time:41.405s
124402061
Trial: 718, Time:40.152s
121574333
Trial: 719, Time:40.468s
124005127
Trial: 720, Time:40.201s
122306687
Trial: 721, Time:41.308s
120987508
Trial: 722, Time:39.650s
119575000
Trial: 723, Time:40.136s
119423127
Trial: 724, Time:39.359s
118741505
Trial: 725, Time:40.005s
119983650
Trial: 726, Time:39.455s
119843594
Trial: 727, Time:40.870s
121903115
Trial: 728, Time:39.675s
118886155
Trial: 729, Time:40.037s
121660879
Trial: 730, Time:39.717s
119522893
Trial: 731, Time:40.183s
121180690
Trial: 732, Time:39.750s
119171019
Trial: 733, Time:40.880s
121955474
Trial: 734, Time:39.788s
122747570
Trial: 735, Time:40.790s
120499824
Trial: 736, Time:39.723s
125773219
Trial: 737, Time:41.196s
125410434
Trial: 738, Time:40.522s
128808553
Trial: 739, Time:42.344s
130032142
Trial: 740, Time:41.449s
132236275
Trial: 741, Time:42.347s
134345687
Trial: 742, Time:42.245s
131218253
Trial: 743, Time:42.212s
129419418
Trial: 744, Time:41.299s
131640304
Trial: 745, Time:42.527s
129307086
Trial: 746, Time:41.065s
128974672
Trial: 747, Time:41.594s
130811374
Trial: 748, Time:41.425s
131363113
Trial: 749, Time:42.004s
131766602
Trial: 750, Time:41.645s
127293742
Trial: 751, Time:41.917s
127707573
Trial: 752, Time:40.719s
130523433
Trial: 753, Time:41.876s
126793813
Trial: 754, Time:40.663s
125024465
Trial: 755, Time:40.876s
125651455
Trial: 756, Time:40.325s
122876085
Trial: 757, Time:41.357s
125260532
Trial: 758, Time:40.348s
126377107
Trial: 759, Time:41.173s
128718276
Trial: 760, Time:41.025s
124979495
Trial: 761, Time:41.037s
124002122
Trial: 762, Time:40.094s
128958669
Trial: 763, Time:42.046s
126526648
Trial: 764, Time:40.467s
128389574
Trial: 765, Time:41.403s
123410579
Trial: 766, Time:39.931s
125788689
Trial: 767, Time:41.108s
123222480
Trial: 768, Time:40.170s
120520010
Trial: 769, Time:41.226s
122018770
Trial: 770, Time:39.801s
120831646
Trial: 771, Time:40.427s
122849399
Trial: 772, Time:40.130s
122398382
Trial: 773, Time:40.660s
121877700
Trial: 774, Time:39.834s
123920632
Trial: 775, Time:41.580s
125583831
Trial: 776, Time:40.471s
128669456
Trial: 777, Time:41.649s
126557584
Trial: 778, Time:40.779s
126455831
Trial: 779, Time:41.354s
128211924
Trial: 780, Time:41.097s
126689224
Trial: 781, Time:42.049s
128187913
Trial: 782, Time:41.037s
123622291
Trial: 783, Time:40.864s
120618507
Trial: 784, Time:39.649s
126788013
Trial: 785, Time:41.322s
124605485
Trial: 786, Time:40.227s
125209345
Trial: 787, Time:41.605s
124807966
Trial: 788, Time:40.117s
126188545
Trial: 789, Time:41.193s
125560388
Trial: 790, Time:40.333s
127009513
Trial: 791, Time:41.211s
127105656
Trial: 792, Time:40.625s
127984563
Trial: 793, Time:42.007s
128614318
Trial: 794, Time:40.898s
128669259
Trial: 795, Time:41.380s
127573172
Trial: 796, Time:40.772s
126069831
Trial: 797, Time:41.061s
128091250
Trial: 798, Time:40.901s
128639247
Trial: 799, Time:42.143s
129004044
Trial: 800, Time:40.965s
125826137
Trial: 801, Time:40.945s
125953199
Trial: 802, Time:40.374s
130966109
Trial: 803, Time:41.800s
131175806
Trial: 804, Time:41.341s
130737234
Trial: 805, Time:42.317s
130668941
Trial: 806, Time:41.232s
128686191
Trial: 807, Time:41.509s
132455686
Trial: 808, Time:41.537s
129356061
Trial: 809, Time:41.636s
129564586
Trial: 810, Time:41.008s
129433664
Trial: 811, Time:42.133s
127411276
Trial: 812, Time:40.594s
127391610
Trial: 813, Time:41.278s
125793651
Trial: 814, Time:40.308s
125045371
Trial: 815, Time:40.916s
128294395
Trial: 816, Time:40.807s
125410179
Trial: 817, Time:41.619s
128013299
Trial: 818, Time:40.746s
126602978
Trial: 819, Time:41.041s
129183796
Trial: 820, Time:40.998s
128790563
Trial: 821, Time:41.519s
129864007
Trial: 822, Time:41.181s
125428347
Trial: 823, Time:41.692s
127748960
Trial: 824, Time:40.575s
127657917
Trial: 825, Time:41.050s
128345265
Trial: 826, Time:40.743s
128555625
Trial: 827, Time:41.382s
130848123
Trial: 828, Time:41.226s
128233183
Trial: 829, Time:41.948s
132594159
Trial: 830, Time:41.541s
129336373
Trial: 831, Time:41.464s
132070696
Trial: 832, Time:41.489s
128446716
Trial: 833, Time:41.353s
130614820
Trial: 834, Time:41.174s
128023111
Trial: 835, Time:42.191s
130292731
Trial: 836, Time:41.440s
128336855
Trial: 837, Time:41.467s
133951911
Trial: 838, Time:41.926s
131748469
Trial: 839, Time:42.168s
129953264
Trial: 840, Time:41.294s
128300371
Trial: 841, Time:42.215s
126407002
Trial: 842, Time:40.504s
127444016
Trial: 843, Time:41.411s
130564753
Trial: 844, Time:41.302s
127288397
Trial: 845, Time:41.329s
128139862
Trial: 846, Time:40.852s
127835208
Trial: 847, Time:41.998s
126092520
Trial: 848, Time:40.370s
124074356
Trial: 849, Time:40.768s
126377464
Trial: 850, Time:40.529s
127133029
Trial: 851, Time:41.224s
129805658
Trial: 852, Time:41.135s
131315538
Trial: 853, Time:42.463s
131122738
Trial: 854, Time:41.355s
128442608
Trial: 855, Time:41.991s
127214700
Trial: 856, Time:41.062s
126419538
Trial: 857, Time:41.494s
129132647
Trial: 858, Time:41.384s
127424989
Trial: 859, Time:42.313s
129140341
Trial: 860, Time:41.393s
127269081
Trial: 861, Time:41.632s
130459128
Trial: 862, Time:41.704s
131931237
Trial: 863, Time:42.396s
126435942
Trial: 864, Time:40.773s
124909431
Trial: 865, Time:41.799s
126693006
Trial: 866, Time:40.829s
128950730
Trial: 867, Time:41.749s
127256931
Trial: 868, Time:40.906s
127069957
Trial: 869, Time:41.509s
131513156
Trial: 870, Time:41.693s
130003455
Trial: 871, Time:42.446s
126854697
Trial: 872, Time:40.814s
127764451
Trial: 873, Time:41.624s
131066660
Trial: 874, Time:41.644s
131382560
Trial: 875, Time:42.233s
128658976
Trial: 876, Time:41.175s
131774388
Trial: 877, Time:42.716s
133644341
Trial: 878, Time:42.108s
131708449
Trial: 879, Time:42.435s
131587076
Trial: 880, Time:41.718s
127474484
Trial: 881, Time:41.601s
127225902
Trial: 882, Time:40.982s
129027211
Trial: 883, Time:42.514s
125654258
Trial: 884, Time:40.723s
124943666
Trial: 885, Time:41.208s
124973985
Trial: 886, Time:40.521s
123404861
Trial: 887, Time:40.843s
122921706
Trial: 888, Time:40.099s
122760401
Trial: 889, Time:41.554s
127411250
Trial: 890, Time:40.796s
125453387
Trial: 891, Time:41.388s
126564816
Trial: 892, Time:40.894s
127696896
Trial: 893, Time:41.758s
125254033
Trial: 894, Time:40.693s
128725082
Trial: 895, Time:42.536s
128836948
Trial: 896, Time:41.326s
126402901
Trial: 897, Time:41.639s
125880437
Trial: 898, Time:40.766s
125740931
Trial: 899, Time:41.485s
130680227
Trial: 900, Time:41.604s
131709339
Trial: 901, Time:42.909s
133242313
Trial: 902, Time:42.066s
130153205
Trial: 903, Time:42.178s
127811530
Trial: 904, Time:41.055s
128917858
Trial: 905, Time:42.052s
128481972
Trial: 906, Time:41.446s
127305450
Trial: 907, Time:42.530s
128348115
Trial: 908, Time:41.394s
132390297
Trial: 909, Time:42.700s
128421824
Trial: 910, Time:41.294s
130413710
Trial: 911, Time:41.973s
127760463
Trial: 912, Time:40.917s
129128366
Trial: 913, Time:42.416s
128768460
Trial: 914, Time:41.020s
127104305
Trial: 915, Time:41.410s
126886022
Trial: 916, Time:40.753s
131654275
Trial: 917, Time:42.098s
130900019
Trial: 918, Time:41.455s
135952242
Trial: 919, Time:43.206s
136646750
Trial: 920, Time:42.489s
136102896
Trial: 921, Time:42.815s
136784579
Trial: 922, Time:42.471s
133056452
Trial: 923, Time:42.135s
131431795
Trial: 924, Time:41.381s
127507178
Trial: 925, Time:42.067s
125630351
Trial: 926, Time:40.360s
124613056
Trial: 927, Time:40.845s
128311221
Trial: 928, Time:40.865s
128237464
Trial: 929, Time:41.435s
127324254
Trial: 930, Time:40.689s
129325678
Trial: 931, Time:42.281s
128235137
Trial: 932, Time:40.886s
127357978
Trial: 933, Time:41.454s
128880381
Trial: 934, Time:41.047s
128148470
Trial: 935, Time:41.617s
128922275
Trial: 936, Time:41.043s
129272594
Trial: 937, Time:42.495s
127036877
Trial: 938, Time:40.804s
125104508
Trial: 939, Time:41.098s
124302857
Trial: 940, Time:40.359s
126489628
Trial: 941, Time:41.609s
124731864
Trial: 942, Time:40.671s
128307752
Trial: 943, Time:42.506s
127537020
Trial: 944, Time:40.857s
124756430
Trial: 945, Time:41.073s
125607380
Trial: 946, Time:40.562s
124770414
Trial: 947, Time:41.101s
124685592
Trial: 948, Time:40.388s
125336467
Trial: 949, Time:41.852s
121798818
Trial: 950, Time:39.825s
119759493
Trial: 951, Time:40.096s
121040828
Trial: 952, Time:39.973s
120520008
Trial: 953, Time:40.842s
120988463
Trial: 954, Time:39.523s
122796307
Trial: 955, Time:41.413s
122978979
Trial: 956, Time:40.355s
127135276
Trial: 957, Time:41.425s
130057081
Trial: 958, Time:41.226s
128272583
Trial: 959, Time:41.613s
127233732
Trial: 960, Time:40.702s
126687611
Trial: 961, Time:41.861s
127601068
Trial: 962, Time:40.697s
125779809
Trial: 963, Time:40.941s
122023583
Trial: 964, Time:39.538s
125810884
Trial: 965, Time:41.406s
128346582
Trial: 966, Time:40.679s
125511555
Trial: 967, Time:41.840s
127066602
Trial: 968, Time:40.931s
129558124
Trial: 969, Time:41.668s
129146446
Trial: 970, Time:40.913s
130353291
Trial: 971, Time:41.610s
131425701
Trial: 972, Time:41.177s
131206279
Trial: 973, Time:42.369s
130081024
Trial: 974, Time:41.474s
127485110
Trial: 975, Time:41.082s
128019824
Trial: 976, Time:40.704s
130149671
Trial: 977, Time:41.622s
129883648
Trial: 978, Time:41.083s
131166253
Trial: 979, Time:42.359s
130579848
Trial: 980, Time:41.141s
132614351
Trial: 981, Time:42.128s
135886561
Trial: 982, Time:42.226s
133799766
Trial: 983, Time:42.262s
132468226
Trial: 984, Time:41.441s
132503824
Trial: 985, Time:42.526s
133476872
Trial: 986, Time:41.644s
134608031
Trial: 987, Time:42.410s
134423953
Trial: 988, Time:41.884s
132201923
Trial: 989, Time:42.079s
129373999
Trial: 990, Time:41.023s
126356811
Trial: 991, Time:41.842s
126340815
Trial: 992, Time:40.469s
126922435
Trial: 993, Time:41.385s
124266959
Trial: 994, Time:40.144s
125356866
Trial: 995, Time:41.045s
124907149
Trial: 996, Time:40.078s
127315040
Trial: 997, Time:41.916s
129310855
Trial: 998, Time:40.880s
128959080
Trial: 999, Time:41.596s
127564682
Trial: 1000, Time:40.838s
Raster array saved to '/home/data/einez/homeostat_SS/MFGoGr_SS_shuffleMF10percent_noCS_grgoplast_1000_trial/MFGoGr_SS_shuffleMF10percent_noCS_grgoplast_1000_trial_GOrasters.npy'
Raster array saved to '/home/data/einez/homeostat_SS/MFGoGr_SS_shuffleMF10percent_noCS_grgoplast_1000_trial/MFGoGr_SS_shuffleMF10percent_noCS_grgoplast_1000_trial_GRrasters.npy'
Raster array saved to '/home/data/einez/homeostat_SS/MFGoGr_SS_shuffleMF10percent_noCS_grgoplast_1000_trial/MFGoGr_SS_shuffleMF10percent_noCS_grgoplast_1000_trial_MFrasters.npy'
Raster array saved to '/home/data/einez/homeostat_SS/MFGoGr_SS_shuffleMF10percent_noCS_grgoplast_1000_trial/MFGoGr_SS_shuffleMF10percent_noCS_grgoplast_1000_trial_gogoW.npy'
Raster array saved to '/home/data/einez/homeostat_SS/MFGoGr_SS_shuffleMF10percent_noCS_grgoplast_1000_trial/MFGoGr_SS_shuffleMF10percent_noCS_grgoplast_1000_trial_grgoW.npy'
Raster array saved to '/home/data/einez/homeostat_SS/MFGoGr_SS_shuffleMF10percent_noCS_grgoplast_1000_trial/MFGoGr_SS_shuffleMF10percent_noCS_grgoplast_1000_trial_mfgoW.npy'
Raster array saved to '/home/data/einez/homeostat_SS/MFGoGr_SS_shuffleMF10percent_noCS_grgoplast_1000_trial/MFGoGr_SS_shuffleMF10percent_noCS_grgoplast_1000_trial_gogrW.npy'
Raster array saved to '/home/data/einez/homeostat_SS/MFGoGr_SS_shuffleMF10percent_noCS_grgoplast_1000_trial/MFGoGr_SS_shuffleMF10percent_noCS_grgoplast_1000_trial_mfgrW.npy'
