nohup: ignoring input
Starting Session for GoGo Conv: 25 W: 0.05 ...
Initializing objects...
Objects initialized.
Loading connectivity arrays...
MFGO Connectivity Array Loaded.
MFGR Connectivity Array Loaded.
GOGR Connectivity Array Loaded.
GRGO Connectivity Array Loaded.
GOGO Connectivity Array Loaded.
Connectivity Arrays Loaded
Trial 0: Cell 1 (Static) = 0.014955 | Cell 2 (Plastic) = 0.014955
Trial: 1, Time:57.649s
Trial 1: Cell 1 (Static) = 0.014910 | Cell 2 (Plastic) = 0.014910
Trial: 2, Time:53.344s
Trial 2: Cell 1 (Static) = 0.014866 | Cell 2 (Plastic) = 0.014866
Trial: 3, Time:53.325s
Trial 3: Cell 1 (Static) = 0.014821 | Cell 2 (Plastic) = 0.014821
Trial: 4, Time:53.639s
Trial 4: Cell 1 (Static) = 0.014777 | Cell 2 (Plastic) = 0.014777
Trial: 5, Time:52.943s
Trial 5: Cell 1 (Static) = 0.014733 | Cell 2 (Plastic) = 0.014733
Trial: 6, Time:53.236s
Trial 6: Cell 1 (Static) = 0.014689 | Cell 2 (Plastic) = 0.014689
Trial: 7, Time:52.862s
Trial 7: Cell 1 (Static) = 0.014645 | Cell 2 (Plastic) = 0.014645
Trial: 8, Time:52.650s
Trial 8: Cell 1 (Static) = 0.014601 | Cell 2 (Plastic) = 0.014601
Trial: 9, Time:52.136s
Trial 9: Cell 1 (Static) = 0.014557 | Cell 2 (Plastic) = 0.014557
Trial: 10, Time:52.163s
Trial 10: Cell 1 (Static) = 0.014514 | Cell 2 (Plastic) = 0.014514
Trial: 11, Time:51.840s
Trial 11: Cell 1 (Static) = 0.014470 | Cell 2 (Plastic) = 0.014470
Trial: 12, Time:52.090s
Trial 12: Cell 1 (Static) = 0.014427 | Cell 2 (Plastic) = 0.014427
Trial: 13, Time:51.958s
Trial 13: Cell 1 (Static) = 0.014384 | Cell 2 (Plastic) = 0.014384
Trial: 14, Time:52.273s
Trial 14: Cell 1 (Static) = 0.014341 | Cell 2 (Plastic) = 0.014341
Trial: 15, Time:52.110s
Trial 15: Cell 1 (Static) = 0.014298 | Cell 2 (Plastic) = 0.014298
Trial: 16, Time:52.164s
Trial 16: Cell 1 (Static) = 0.014255 | Cell 2 (Plastic) = 0.014255
Trial: 17, Time:52.156s
Trial 17: Cell 1 (Static) = 0.014213 | Cell 2 (Plastic) = 0.014213
Trial: 18, Time:52.053s
Trial 18: Cell 1 (Static) = 0.014170 | Cell 2 (Plastic) = 0.014170
Trial: 19, Time:51.586s
Trial 19: Cell 1 (Static) = 0.014128 | Cell 2 (Plastic) = 0.014128
Trial: 20, Time:51.742s
Trial 20: Cell 1 (Static) = 0.014085 | Cell 2 (Plastic) = 0.014085
Trial: 21, Time:51.679s
Trial 21: Cell 1 (Static) = 0.014043 | Cell 2 (Plastic) = 0.014043
Trial: 22, Time:52.037s
Trial 22: Cell 1 (Static) = 0.014001 | Cell 2 (Plastic) = 0.014001
Trial: 23, Time:52.034s
Trial 23: Cell 1 (Static) = 0.013959 | Cell 2 (Plastic) = 0.013959
Trial: 24, Time:51.622s
Trial 24: Cell 1 (Static) = 0.013918 | Cell 2 (Plastic) = 0.013918
Trial: 25, Time:51.584s
Trial 25: Cell 1 (Static) = 0.013876 | Cell 2 (Plastic) = 0.013876
Trial: 26, Time:51.486s
Trial 26: Cell 1 (Static) = 0.013835 | Cell 2 (Plastic) = 0.013835
Trial: 27, Time:51.546s
Trial 27: Cell 1 (Static) = 0.013793 | Cell 2 (Plastic) = 0.013793
Trial: 28, Time:51.500s
Trial 28: Cell 1 (Static) = 0.013752 | Cell 2 (Plastic) = 0.013752
Trial: 29, Time:51.296s
Trial 29: Cell 1 (Static) = 0.013711 | Cell 2 (Plastic) = 0.013711
Trial: 30, Time:51.511s
Trial 30: Cell 1 (Static) = 0.013670 | Cell 2 (Plastic) = 0.013670
Trial: 31, Time:51.392s
Trial 31: Cell 1 (Static) = 0.013629 | Cell 2 (Plastic) = 0.013629
Trial: 32, Time:51.925s
Trial 32: Cell 1 (Static) = 0.013588 | Cell 2 (Plastic) = 0.013588
Trial: 33, Time:52.087s
Trial 33: Cell 1 (Static) = 0.013548 | Cell 2 (Plastic) = 0.013548
Trial: 34, Time:51.380s
Trial 34: Cell 1 (Static) = 0.013507 | Cell 2 (Plastic) = 0.013507
Trial: 35, Time:51.834s
Trial 35: Cell 1 (Static) = 0.013467 | Cell 2 (Plastic) = 0.013467
Trial: 36, Time:51.316s
Trial 36: Cell 1 (Static) = 0.013426 | Cell 2 (Plastic) = 0.013426
Trial: 37, Time:51.548s
Trial 37: Cell 1 (Static) = 0.013386 | Cell 2 (Plastic) = 0.013386
Trial: 38, Time:51.040s
Trial 38: Cell 1 (Static) = 0.013346 | Cell 2 (Plastic) = 0.013346
Trial: 39, Time:51.159s
Trial 39: Cell 1 (Static) = 0.013306 | Cell 2 (Plastic) = 0.013306
Trial: 40, Time:51.656s
Trial 40: Cell 1 (Static) = 0.013266 | Cell 2 (Plastic) = 0.013266
Trial: 41, Time:52.036s
Trial 41: Cell 1 (Static) = 0.013227 | Cell 2 (Plastic) = 0.013227
Trial: 42, Time:52.248s
Trial 42: Cell 1 (Static) = 0.013187 | Cell 2 (Plastic) = 0.013187
Trial: 43, Time:51.982s
Trial 43: Cell 1 (Static) = 0.013148 | Cell 2 (Plastic) = 0.013148
Trial: 44, Time:52.433s
Trial 44: Cell 1 (Static) = 0.013108 | Cell 2 (Plastic) = 0.013108
Trial: 45, Time:52.443s
Trial 45: Cell 1 (Static) = 0.013069 | Cell 2 (Plastic) = 0.013069
Trial: 46, Time:52.279s
Trial 46: Cell 1 (Static) = 0.013030 | Cell 2 (Plastic) = 0.013030
Trial: 47, Time:51.911s
Trial 47: Cell 1 (Static) = 0.012991 | Cell 2 (Plastic) = 0.012991
Trial: 48, Time:51.836s
Trial 48: Cell 1 (Static) = 0.012952 | Cell 2 (Plastic) = 0.012952
Trial: 49, Time:51.740s
Trial 49: Cell 1 (Static) = 0.012914 | Cell 2 (Plastic) = 0.012914
Trial: 50, Time:51.854s
Trial 50: Cell 1 (Static) = 0.012875 | Cell 2 (Plastic) = 0.012875
Trial: 51, Time:52.000s
Trial 51: Cell 1 (Static) = 0.012836 | Cell 2 (Plastic) = 0.012836
Trial: 52, Time:51.990s
Trial 52: Cell 1 (Static) = 0.012798 | Cell 2 (Plastic) = 0.012798
Trial: 53, Time:51.836s
Trial 53: Cell 1 (Static) = 0.012760 | Cell 2 (Plastic) = 0.012760
Trial: 54, Time:51.558s
Trial 54: Cell 1 (Static) = 0.012722 | Cell 2 (Plastic) = 0.012722
Trial: 55, Time:51.111s
Trial 55: Cell 1 (Static) = 0.012683 | Cell 2 (Plastic) = 0.012683
Trial: 56, Time:51.082s
Trial 56: Cell 1 (Static) = 0.012646 | Cell 2 (Plastic) = 0.012646
Trial: 57, Time:51.363s
Trial 57: Cell 1 (Static) = 0.012608 | Cell 2 (Plastic) = 0.012608
Trial: 58, Time:51.572s
Trial 58: Cell 1 (Static) = 0.012570 | Cell 2 (Plastic) = 0.012570
Trial: 59, Time:51.419s
Trial 59: Cell 1 (Static) = 0.012532 | Cell 2 (Plastic) = 0.012532
Trial: 60, Time:51.387s
Trial 60: Cell 1 (Static) = 0.012495 | Cell 2 (Plastic) = 0.012495
Trial: 61, Time:51.677s
Trial 61: Cell 1 (Static) = 0.012458 | Cell 2 (Plastic) = 0.012458
Trial: 62, Time:51.411s
Trial 62: Cell 1 (Static) = 0.012420 | Cell 2 (Plastic) = 0.012420
Trial: 63, Time:51.694s
Trial 63: Cell 1 (Static) = 0.012383 | Cell 2 (Plastic) = 0.012383
Trial: 64, Time:51.864s
Trial 64: Cell 1 (Static) = 0.012346 | Cell 2 (Plastic) = 0.012346
Trial: 65, Time:52.141s
Trial 65: Cell 1 (Static) = 0.012309 | Cell 2 (Plastic) = 0.012309
Trial: 66, Time:52.376s
Trial 66: Cell 1 (Static) = 0.012272 | Cell 2 (Plastic) = 0.012272
Trial: 67, Time:52.396s
Trial 67: Cell 1 (Static) = 0.012236 | Cell 2 (Plastic) = 0.012236
Trial: 68, Time:52.207s
Trial 68: Cell 1 (Static) = 0.012199 | Cell 2 (Plastic) = 0.012199
Trial: 69, Time:52.322s
Trial 69: Cell 1 (Static) = 0.012163 | Cell 2 (Plastic) = 0.012163
Trial: 70, Time:52.139s
Trial 70: Cell 1 (Static) = 0.012126 | Cell 2 (Plastic) = 0.012126
Trial: 71, Time:52.136s
Trial 71: Cell 1 (Static) = 0.012090 | Cell 2 (Plastic) = 0.012090
Trial: 72, Time:51.752s
Trial 72: Cell 1 (Static) = 0.012054 | Cell 2 (Plastic) = 0.012054
Trial: 73, Time:51.832s
Trial 73: Cell 1 (Static) = 0.012018 | Cell 2 (Plastic) = 0.012018
Trial: 74, Time:51.647s
Trial 74: Cell 1 (Static) = 0.011982 | Cell 2 (Plastic) = 0.011982
Trial: 75, Time:52.021s
Trial 75: Cell 1 (Static) = 0.011946 | Cell 2 (Plastic) = 0.011946
Trial: 76, Time:51.404s
Trial 76: Cell 1 (Static) = 0.011910 | Cell 2 (Plastic) = 0.011910
Trial: 77, Time:51.502s
Trial 77: Cell 1 (Static) = 0.011875 | Cell 2 (Plastic) = 0.011875
Trial: 78, Time:51.998s
Trial 78: Cell 1 (Static) = 0.011839 | Cell 2 (Plastic) = 0.011839
Trial: 79, Time:51.909s
Trial 79: Cell 1 (Static) = 0.011804 | Cell 2 (Plastic) = 0.011804
Trial: 80, Time:51.970s
Trial 80: Cell 1 (Static) = 0.011768 | Cell 2 (Plastic) = 0.011768
Trial: 81, Time:52.144s
Trial 81: Cell 1 (Static) = 0.011733 | Cell 2 (Plastic) = 0.011733
Trial: 82, Time:52.295s
Trial 82: Cell 1 (Static) = 0.011698 | Cell 2 (Plastic) = 0.011698
Trial: 83, Time:52.185s
Trial 83: Cell 1 (Static) = 0.011663 | Cell 2 (Plastic) = 0.011663
Trial: 84, Time:52.486s
Trial 84: Cell 1 (Static) = 0.011628 | Cell 2 (Plastic) = 0.011628
Trial: 85, Time:52.066s
Trial 85: Cell 1 (Static) = 0.011593 | Cell 2 (Plastic) = 0.011593
Trial: 86, Time:51.901s
Trial 86: Cell 1 (Static) = 0.011559 | Cell 2 (Plastic) = 0.011559
Trial: 87, Time:52.008s
Trial 87: Cell 1 (Static) = 0.011524 | Cell 2 (Plastic) = 0.011524
Trial: 88, Time:52.004s
Trial 88: Cell 1 (Static) = 0.011490 | Cell 2 (Plastic) = 0.011490
Trial: 89, Time:51.714s
Trial 89: Cell 1 (Static) = 0.011455 | Cell 2 (Plastic) = 0.011455
Trial: 90, Time:51.533s
Trial 90: Cell 1 (Static) = 0.011421 | Cell 2 (Plastic) = 0.011421
Trial: 91, Time:51.539s
Trial 91: Cell 1 (Static) = 0.011387 | Cell 2 (Plastic) = 0.011387
Trial: 92, Time:51.774s
Trial 92: Cell 1 (Static) = 0.011353 | Cell 2 (Plastic) = 0.011353
Trial: 93, Time:51.389s
Trial 93: Cell 1 (Static) = 0.011319 | Cell 2 (Plastic) = 0.011319
Trial: 94, Time:51.846s
Trial 94: Cell 1 (Static) = 0.011285 | Cell 2 (Plastic) = 0.011285
Trial: 95, Time:51.504s
Trial 95: Cell 1 (Static) = 0.011251 | Cell 2 (Plastic) = 0.011251
Trial: 96, Time:51.048s
Trial 96: Cell 1 (Static) = 0.011218 | Cell 2 (Plastic) = 0.011218
Trial: 97, Time:51.464s
Trial 97: Cell 1 (Static) = 0.011184 | Cell 2 (Plastic) = 0.011184
Trial: 98, Time:51.721s
Trial 98: Cell 1 (Static) = 0.011151 | Cell 2 (Plastic) = 0.011151
Trial: 99, Time:51.859s
Trial 99: Cell 1 (Static) = 0.011117 | Cell 2 (Plastic) = 0.011117
Trial: 100, Time:52.168s
Trial 100: Cell 1 (Static) = 0.011084 | Cell 2 (Plastic) = 0.011084
Trial: 101, Time:51.990s
Trial 101: Cell 1 (Static) = 0.011051 | Cell 2 (Plastic) = 0.011051
Trial: 102, Time:52.150s
Trial 102: Cell 1 (Static) = 0.011018 | Cell 2 (Plastic) = 0.011018
Trial: 103, Time:52.436s
Trial 103: Cell 1 (Static) = 0.010985 | Cell 2 (Plastic) = 0.010985
Trial: 104, Time:52.226s
Trial 104: Cell 1 (Static) = 0.010952 | Cell 2 (Plastic) = 0.010952
Trial: 105, Time:52.418s
Trial 105: Cell 1 (Static) = 0.010919 | Cell 2 (Plastic) = 0.010919
Trial: 106, Time:51.802s
Trial 106: Cell 1 (Static) = 0.010887 | Cell 2 (Plastic) = 0.010887
Trial: 107, Time:52.454s
Trial 107: Cell 1 (Static) = 0.010854 | Cell 2 (Plastic) = 0.010854
Trial: 108, Time:52.424s
Trial 108: Cell 1 (Static) = 0.010822 | Cell 2 (Plastic) = 0.010822
Trial: 109, Time:52.138s
Trial 109: Cell 1 (Static) = 0.010789 | Cell 2 (Plastic) = 0.010789
Trial: 110, Time:51.988s
Trial 110: Cell 1 (Static) = 0.010757 | Cell 2 (Plastic) = 0.010757
Trial: 111, Time:51.673s
Trial 111: Cell 1 (Static) = 0.010725 | Cell 2 (Plastic) = 0.010725
Trial: 112, Time:51.415s
Trial 112: Cell 1 (Static) = 0.010693 | Cell 2 (Plastic) = 0.010693
Trial: 113, Time:51.621s
Trial 113: Cell 1 (Static) = 0.010661 | Cell 2 (Plastic) = 0.010661
Trial: 114, Time:51.892s
Trial 114: Cell 1 (Static) = 0.010629 | Cell 2 (Plastic) = 0.010629
Trial: 115, Time:51.316s
Trial 115: Cell 1 (Static) = 0.010597 | Cell 2 (Plastic) = 0.010597
Trial: 116, Time:51.568s
Trial 116: Cell 1 (Static) = 0.010565 | Cell 2 (Plastic) = 0.010565
Trial: 117, Time:51.932s
Trial 117: Cell 1 (Static) = 0.010534 | Cell 2 (Plastic) = 0.010534
Trial: 118, Time:51.921s
Trial 118: Cell 1 (Static) = 0.010502 | Cell 2 (Plastic) = 0.010502
Trial: 119, Time:51.799s
Trial 119: Cell 1 (Static) = 0.010471 | Cell 2 (Plastic) = 0.010471
Trial: 120, Time:52.278s
Trial 120: Cell 1 (Static) = 0.010439 | Cell 2 (Plastic) = 0.010439
Trial: 121, Time:52.029s
Trial 121: Cell 1 (Static) = 0.010408 | Cell 2 (Plastic) = 0.010408
Trial: 122, Time:52.387s
Trial 122: Cell 1 (Static) = 0.010377 | Cell 2 (Plastic) = 0.010377
Trial: 123, Time:51.988s
Trial 123: Cell 1 (Static) = 0.010346 | Cell 2 (Plastic) = 0.010346
Trial: 124, Time:52.465s
Trial 124: Cell 1 (Static) = 0.010315 | Cell 2 (Plastic) = 0.010315
Trial: 125, Time:52.191s
Trial 125: Cell 1 (Static) = 0.010284 | Cell 2 (Plastic) = 0.010284
Trial: 126, Time:52.698s
Trial 126: Cell 1 (Static) = 0.010254 | Cell 2 (Plastic) = 0.010254
Trial: 127, Time:52.443s
Trial 127: Cell 1 (Static) = 0.010223 | Cell 2 (Plastic) = 0.010223
Trial: 128, Time:52.352s
Trial 128: Cell 1 (Static) = 0.010192 | Cell 2 (Plastic) = 0.010192
Trial: 129, Time:52.395s
Trial 129: Cell 1 (Static) = 0.010162 | Cell 2 (Plastic) = 0.010162
Trial: 130, Time:52.018s
Trial 130: Cell 1 (Static) = 0.010131 | Cell 2 (Plastic) = 0.010131
Trial: 131, Time:52.212s
Trial 131: Cell 1 (Static) = 0.010101 | Cell 2 (Plastic) = 0.010101
Trial: 132, Time:51.678s
Trial 132: Cell 1 (Static) = 0.010071 | Cell 2 (Plastic) = 0.010071
Trial: 133, Time:51.645s
Trial 133: Cell 1 (Static) = 0.010041 | Cell 2 (Plastic) = 0.010041
Trial: 134, Time:51.671s
Trial 134: Cell 1 (Static) = 0.010011 | Cell 2 (Plastic) = 0.010011
Trial: 135, Time:51.900s
Trial 135: Cell 1 (Static) = 0.009981 | Cell 2 (Plastic) = 0.009981
Trial: 136, Time:51.160s
Trial 136: Cell 1 (Static) = 0.009951 | Cell 2 (Plastic) = 0.009951
Trial: 137, Time:50.996s
Trial 137: Cell 1 (Static) = 0.009921 | Cell 2 (Plastic) = 0.009921
Trial: 138, Time:51.516s
Trial 138: Cell 1 (Static) = 0.009891 | Cell 2 (Plastic) = 0.009891
Trial: 139, Time:51.613s
Trial 139: Cell 1 (Static) = 0.009862 | Cell 2 (Plastic) = 0.009862
Trial: 140, Time:51.316s
Trial 140: Cell 1 (Static) = 0.009832 | Cell 2 (Plastic) = 0.009832
Trial: 141, Time:51.284s
Trial 141: Cell 1 (Static) = 0.009803 | Cell 2 (Plastic) = 0.009803
Trial: 142, Time:51.013s
Trial 142: Cell 1 (Static) = 0.009774 | Cell 2 (Plastic) = 0.009774
Trial: 143, Time:51.139s
Trial 143: Cell 1 (Static) = 0.009744 | Cell 2 (Plastic) = 0.009744
Trial: 144, Time:51.312s
Trial 144: Cell 1 (Static) = 0.009715 | Cell 2 (Plastic) = 0.009715
Trial: 145, Time:51.099s
Trial 145: Cell 1 (Static) = 0.009686 | Cell 2 (Plastic) = 0.009686
Trial: 146, Time:51.200s
Trial 146: Cell 1 (Static) = 0.009657 | Cell 2 (Plastic) = 0.009657
Trial: 147, Time:51.373s
Trial 147: Cell 1 (Static) = 0.009628 | Cell 2 (Plastic) = 0.009628
Trial: 148, Time:52.096s
Trial 148: Cell 1 (Static) = 0.009600 | Cell 2 (Plastic) = 0.009600
Trial: 149, Time:52.130s
Trial 149: Cell 1 (Static) = 0.009571 | Cell 2 (Plastic) = 0.009571
Trial: 150, Time:52.042s
Trial 150: Cell 1 (Static) = 0.009542 | Cell 2 (Plastic) = 0.009542
Trial: 151, Time:52.028s
Trial 151: Cell 1 (Static) = 0.009514 | Cell 2 (Plastic) = 0.009514
Trial: 152, Time:51.953s
Trial 152: Cell 1 (Static) = 0.009485 | Cell 2 (Plastic) = 0.009485
Trial: 153, Time:52.317s
Trial 153: Cell 1 (Static) = 0.009457 | Cell 2 (Plastic) = 0.009457
Trial: 154, Time:52.562s
Trial 154: Cell 1 (Static) = 0.009429 | Cell 2 (Plastic) = 0.009429
Trial: 155, Time:52.428s
Trial 155: Cell 1 (Static) = 0.009400 | Cell 2 (Plastic) = 0.009400
Trial: 156, Time:51.948s
Trial 156: Cell 1 (Static) = 0.009372 | Cell 2 (Plastic) = 0.009372
Trial: 157, Time:51.487s
Trial 157: Cell 1 (Static) = 0.009344 | Cell 2 (Plastic) = 0.009344
Trial: 158, Time:52.486s
Trial 158: Cell 1 (Static) = 0.009316 | Cell 2 (Plastic) = 0.009316
Trial: 159, Time:52.404s
Trial 159: Cell 1 (Static) = 0.009288 | Cell 2 (Plastic) = 0.009288
Trial: 160, Time:52.355s
Trial 160: Cell 1 (Static) = 0.009261 | Cell 2 (Plastic) = 0.009261
Trial: 161, Time:52.697s
Trial 161: Cell 1 (Static) = 0.009233 | Cell 2 (Plastic) = 0.009233
Trial: 162, Time:52.070s
Trial 162: Cell 1 (Static) = 0.009205 | Cell 2 (Plastic) = 0.009205
Trial: 163, Time:51.998s
Trial 163: Cell 1 (Static) = 0.009178 | Cell 2 (Plastic) = 0.009178
Trial: 164, Time:52.257s
Trial 164: Cell 1 (Static) = 0.009150 | Cell 2 (Plastic) = 0.009150
Trial: 165, Time:52.054s
Trial 165: Cell 1 (Static) = 0.009123 | Cell 2 (Plastic) = 0.009123
Trial: 166, Time:51.593s
Trial 166: Cell 1 (Static) = 0.009096 | Cell 2 (Plastic) = 0.009096
Trial: 167, Time:51.649s
Trial 167: Cell 1 (Static) = 0.009068 | Cell 2 (Plastic) = 0.009068
Trial: 168, Time:51.402s
Trial 168: Cell 1 (Static) = 0.009041 | Cell 2 (Plastic) = 0.009041
Trial: 169, Time:51.486s
Trial 169: Cell 1 (Static) = 0.009014 | Cell 2 (Plastic) = 0.009014
Trial: 170, Time:51.672s
Trial 170: Cell 1 (Static) = 0.008987 | Cell 2 (Plastic) = 0.008987
Trial: 171, Time:51.983s
Trial 171: Cell 1 (Static) = 0.008960 | Cell 2 (Plastic) = 0.008960
Trial: 172, Time:52.150s
Trial 172: Cell 1 (Static) = 0.008934 | Cell 2 (Plastic) = 0.008934
Trial: 173, Time:52.185s
Trial 173: Cell 1 (Static) = 0.008907 | Cell 2 (Plastic) = 0.008907
Trial: 174, Time:52.354s
Trial 174: Cell 1 (Static) = 0.008880 | Cell 2 (Plastic) = 0.008880
Trial: 175, Time:52.474s
Trial 175: Cell 1 (Static) = 0.008854 | Cell 2 (Plastic) = 0.008854
Trial: 176, Time:52.484s
Trial 176: Cell 1 (Static) = 0.008827 | Cell 2 (Plastic) = 0.008827
Trial: 177, Time:52.246s
Trial 177: Cell 1 (Static) = 0.008801 | Cell 2 (Plastic) = 0.008801
Trial: 178, Time:52.654s
Trial 178: Cell 1 (Static) = 0.008775 | Cell 2 (Plastic) = 0.008775
Trial: 179, Time:52.606s
Trial 179: Cell 1 (Static) = 0.008748 | Cell 2 (Plastic) = 0.008748
Trial: 180, Time:52.703s
Trial 180: Cell 1 (Static) = 0.008722 | Cell 2 (Plastic) = 0.008722
Trial: 181, Time:51.762s
Trial 181: Cell 1 (Static) = 0.008696 | Cell 2 (Plastic) = 0.008696
Trial: 182, Time:51.791s
Trial 182: Cell 1 (Static) = 0.008670 | Cell 2 (Plastic) = 0.008670
Trial: 183, Time:51.360s
Trial 183: Cell 1 (Static) = 0.008644 | Cell 2 (Plastic) = 0.008644
Trial: 184, Time:51.314s
Trial 184: Cell 1 (Static) = 0.008618 | Cell 2 (Plastic) = 0.008618
Trial: 185, Time:51.611s
Trial 185: Cell 1 (Static) = 0.008592 | Cell 2 (Plastic) = 0.008592
Trial: 186, Time:51.423s
Trial 186: Cell 1 (Static) = 0.008567 | Cell 2 (Plastic) = 0.008567
Trial: 187, Time:51.655s
Trial 187: Cell 1 (Static) = 0.008541 | Cell 2 (Plastic) = 0.008541
Trial: 188, Time:51.319s
Trial 188: Cell 1 (Static) = 0.008516 | Cell 2 (Plastic) = 0.008516
Trial: 189, Time:51.279s
Trial 189: Cell 1 (Static) = 0.008490 | Cell 2 (Plastic) = 0.008490
Trial: 190, Time:51.002s
Trial 190: Cell 1 (Static) = 0.008465 | Cell 2 (Plastic) = 0.008465
Trial: 191, Time:51.042s
Trial 191: Cell 1 (Static) = 0.008439 | Cell 2 (Plastic) = 0.008439
Trial: 192, Time:51.053s
Trial 192: Cell 1 (Static) = 0.008414 | Cell 2 (Plastic) = 0.008414
Trial: 193, Time:50.992s
Trial 193: Cell 1 (Static) = 0.008389 | Cell 2 (Plastic) = 0.008389
Trial: 194, Time:50.843s
Trial 194: Cell 1 (Static) = 0.008364 | Cell 2 (Plastic) = 0.008364
Trial: 195, Time:50.900s
Trial 195: Cell 1 (Static) = 0.008339 | Cell 2 (Plastic) = 0.008339
Trial: 196, Time:50.688s
Trial 196: Cell 1 (Static) = 0.008314 | Cell 2 (Plastic) = 0.008314
Trial: 197, Time:50.458s
Trial 197: Cell 1 (Static) = 0.008289 | Cell 2 (Plastic) = 0.008289
Trial: 198, Time:50.513s
Trial 198: Cell 1 (Static) = 0.008264 | Cell 2 (Plastic) = 0.008264
Trial: 199, Time:50.695s
Trial 199: Cell 1 (Static) = 0.008240 | Cell 2 (Plastic) = 0.008240
Trial: 200, Time:50.847s
Trial 200: Cell 1 (Static) = 0.008215 | Cell 2 (Plastic) = 0.008215
Trial: 201, Time:51.251s
Trial 201: Cell 1 (Static) = 0.008190 | Cell 2 (Plastic) = 0.008190
Trial: 202, Time:50.911s
Trial 202: Cell 1 (Static) = 0.008166 | Cell 2 (Plastic) = 0.008166
Trial: 203, Time:50.404s
Trial 203: Cell 1 (Static) = 0.008141 | Cell 2 (Plastic) = 0.008141
Trial: 204, Time:50.409s
Trial 204: Cell 1 (Static) = 0.008117 | Cell 2 (Plastic) = 0.008117
Trial: 205, Time:50.381s
Trial 205: Cell 1 (Static) = 0.008093 | Cell 2 (Plastic) = 0.008093
Trial: 206, Time:50.428s
Trial 206: Cell 1 (Static) = 0.008069 | Cell 2 (Plastic) = 0.008069
Trial: 207, Time:50.034s
Trial 207: Cell 1 (Static) = 0.008044 | Cell 2 (Plastic) = 0.008044
Trial: 208, Time:49.891s
Trial 208: Cell 1 (Static) = 0.008020 | Cell 2 (Plastic) = 0.008020
Trial: 209, Time:50.421s
Trial 209: Cell 1 (Static) = 0.007996 | Cell 2 (Plastic) = 0.007996
Trial: 210, Time:50.951s
Trial 210: Cell 1 (Static) = 0.007972 | Cell 2 (Plastic) = 0.007972
Trial: 211, Time:51.019s
Trial 211: Cell 1 (Static) = 0.007949 | Cell 2 (Plastic) = 0.007949
Trial: 212, Time:51.109s
Trial 212: Cell 1 (Static) = 0.007925 | Cell 2 (Plastic) = 0.007925
Trial: 213, Time:50.756s
Trial 213: Cell 1 (Static) = 0.007901 | Cell 2 (Plastic) = 0.007901
Trial: 214, Time:51.122s
Trial 214: Cell 1 (Static) = 0.007878 | Cell 2 (Plastic) = 0.007878
Trial: 215, Time:50.829s
Trial 215: Cell 1 (Static) = 0.007854 | Cell 2 (Plastic) = 0.007854
Trial: 216, Time:51.287s
Trial 216: Cell 1 (Static) = 0.007830 | Cell 2 (Plastic) = 0.007830
Trial: 217, Time:51.562s
Trial 217: Cell 1 (Static) = 0.007807 | Cell 2 (Plastic) = 0.007807
Trial: 218, Time:51.447s
Trial 218: Cell 1 (Static) = 0.007784 | Cell 2 (Plastic) = 0.007784
Trial: 219, Time:51.455s
Trial 219: Cell 1 (Static) = 0.007760 | Cell 2 (Plastic) = 0.007760
Trial: 220, Time:51.613s
Trial 220: Cell 1 (Static) = 0.007737 | Cell 2 (Plastic) = 0.007737
Trial: 221, Time:51.698s
Trial 221: Cell 1 (Static) = 0.007714 | Cell 2 (Plastic) = 0.007714
Trial: 222, Time:51.710s
Trial 222: Cell 1 (Static) = 0.007691 | Cell 2 (Plastic) = 0.007691
Trial: 223, Time:51.741s
Trial 223: Cell 1 (Static) = 0.007668 | Cell 2 (Plastic) = 0.007668
Trial: 224, Time:51.334s
Trial 224: Cell 1 (Static) = 0.007645 | Cell 2 (Plastic) = 0.007645
Trial: 225, Time:51.452s
Trial 225: Cell 1 (Static) = 0.007622 | Cell 2 (Plastic) = 0.007622
Trial: 226, Time:51.379s
Trial 226: Cell 1 (Static) = 0.007599 | Cell 2 (Plastic) = 0.007599
Trial: 227, Time:51.602s
Trial 227: Cell 1 (Static) = 0.007577 | Cell 2 (Plastic) = 0.007577
Trial: 228, Time:52.344s
Trial 228: Cell 1 (Static) = 0.007554 | Cell 2 (Plastic) = 0.007554
Trial: 229, Time:53.011s
Trial 229: Cell 1 (Static) = 0.007531 | Cell 2 (Plastic) = 0.007531
Trial: 230, Time:52.696s
Trial 230: Cell 1 (Static) = 0.007509 | Cell 2 (Plastic) = 0.007509
Trial: 231, Time:53.019s
Trial 231: Cell 1 (Static) = 0.007486 | Cell 2 (Plastic) = 0.007486
Trial: 232, Time:53.210s
Trial 232: Cell 1 (Static) = 0.007464 | Cell 2 (Plastic) = 0.007464
Trial: 233, Time:52.926s
Trial 233: Cell 1 (Static) = 0.007442 | Cell 2 (Plastic) = 0.007442
Trial: 234, Time:52.797s
Trial 234: Cell 1 (Static) = 0.007419 | Cell 2 (Plastic) = 0.007419
Trial: 235, Time:52.484s
Trial 235: Cell 1 (Static) = 0.007397 | Cell 2 (Plastic) = 0.007397
Trial: 236, Time:51.867s
Trial 236: Cell 1 (Static) = 0.007375 | Cell 2 (Plastic) = 0.007375
Trial: 237, Time:51.753s
Trial 237: Cell 1 (Static) = 0.007353 | Cell 2 (Plastic) = 0.007353
Trial: 238, Time:52.369s
Trial 238: Cell 1 (Static) = 0.007331 | Cell 2 (Plastic) = 0.007331
Trial: 239, Time:52.256s
Trial 239: Cell 1 (Static) = 0.007309 | Cell 2 (Plastic) = 0.007309
Trial: 240, Time:51.956s
Trial 240: Cell 1 (Static) = 0.007287 | Cell 2 (Plastic) = 0.007287
Trial: 241, Time:51.799s
Trial 241: Cell 1 (Static) = 0.007265 | Cell 2 (Plastic) = 0.007265
Trial: 242, Time:51.855s
Trial 242: Cell 1 (Static) = 0.007244 | Cell 2 (Plastic) = 0.007244
Trial: 243, Time:52.525s
Trial 243: Cell 1 (Static) = 0.007222 | Cell 2 (Plastic) = 0.007222
Trial: 244, Time:51.699s
Trial 244: Cell 1 (Static) = 0.007201 | Cell 2 (Plastic) = 0.007201
Trial: 245, Time:51.727s
Trial 245: Cell 1 (Static) = 0.007179 | Cell 2 (Plastic) = 0.007179
Trial: 246, Time:52.469s
Trial 246: Cell 1 (Static) = 0.007157 | Cell 2 (Plastic) = 0.007157
Trial: 247, Time:51.938s
Trial 247: Cell 1 (Static) = 0.007136 | Cell 2 (Plastic) = 0.007136
Trial: 248, Time:52.362s
Trial 248: Cell 1 (Static) = 0.007115 | Cell 2 (Plastic) = 0.007115
Trial: 249, Time:52.295s
Trial 249: Cell 1 (Static) = 0.007093 | Cell 2 (Plastic) = 0.007093
Trial: 250, Time:52.603s
Trial 250: Cell 1 (Static) = 0.007072 | Cell 2 (Plastic) = 0.007072
Trial: 251, Time:52.356s
Trial 251: Cell 1 (Static) = 0.007051 | Cell 2 (Plastic) = 0.007051
Trial: 252, Time:52.641s
Trial 252: Cell 1 (Static) = 0.007030 | Cell 2 (Plastic) = 0.007030
Trial: 253, Time:53.036s
Trial 253: Cell 1 (Static) = 0.007009 | Cell 2 (Plastic) = 0.007009
Trial: 254, Time:52.271s
Trial 254: Cell 1 (Static) = 0.006988 | Cell 2 (Plastic) = 0.006988
Trial: 255, Time:52.368s
Trial 255: Cell 1 (Static) = 0.006967 | Cell 2 (Plastic) = 0.006967
Trial: 256, Time:53.179s
Trial 256: Cell 1 (Static) = 0.006946 | Cell 2 (Plastic) = 0.006946
Trial: 257, Time:52.591s
Trial 257: Cell 1 (Static) = 0.006925 | Cell 2 (Plastic) = 0.006925
Trial: 258, Time:52.254s
Trial 258: Cell 1 (Static) = 0.006905 | Cell 2 (Plastic) = 0.006905
Trial: 259, Time:52.437s
Trial 259: Cell 1 (Static) = 0.006884 | Cell 2 (Plastic) = 0.006884
Trial: 260, Time:51.968s
Trial 260: Cell 1 (Static) = 0.006864 | Cell 2 (Plastic) = 0.006864
Trial: 261, Time:52.031s
Trial 261: Cell 1 (Static) = 0.006843 | Cell 2 (Plastic) = 0.006843
Trial: 262, Time:52.110s
Trial 262: Cell 1 (Static) = 0.006823 | Cell 2 (Plastic) = 0.006823
Trial: 263, Time:52.039s
Trial 263: Cell 1 (Static) = 0.006802 | Cell 2 (Plastic) = 0.006802
Trial: 264, Time:51.919s
Trial 264: Cell 1 (Static) = 0.006782 | Cell 2 (Plastic) = 0.006782
Trial: 265, Time:51.487s
Trial 265: Cell 1 (Static) = 0.006762 | Cell 2 (Plastic) = 0.006762
Trial: 266, Time:51.444s
Trial 266: Cell 1 (Static) = 0.006741 | Cell 2 (Plastic) = 0.006741
Trial: 267, Time:51.438s
Trial 267: Cell 1 (Static) = 0.006721 | Cell 2 (Plastic) = 0.006721
Trial: 268, Time:51.494s
Trial 268: Cell 1 (Static) = 0.006701 | Cell 2 (Plastic) = 0.006701
Trial: 269, Time:52.130s
Trial 269: Cell 1 (Static) = 0.006681 | Cell 2 (Plastic) = 0.006681
Trial: 270, Time:51.569s
Trial 270: Cell 1 (Static) = 0.006661 | Cell 2 (Plastic) = 0.006661
Trial: 271, Time:51.762s
Trial 271: Cell 1 (Static) = 0.006641 | Cell 2 (Plastic) = 0.006641
Trial: 272, Time:51.528s
Trial 272: Cell 1 (Static) = 0.006621 | Cell 2 (Plastic) = 0.006621
Trial: 273, Time:51.956s
Trial 273: Cell 1 (Static) = 0.006601 | Cell 2 (Plastic) = 0.006601
Trial: 274, Time:52.334s
Trial 274: Cell 1 (Static) = 0.006582 | Cell 2 (Plastic) = 0.006582
Trial: 275, Time:51.876s
Trial 275: Cell 1 (Static) = 0.006562 | Cell 2 (Plastic) = 0.006562
Trial: 276, Time:51.658s
Trial 276: Cell 1 (Static) = 0.006542 | Cell 2 (Plastic) = 0.006542
Trial: 277, Time:51.664s
Trial 277: Cell 1 (Static) = 0.006523 | Cell 2 (Plastic) = 0.006523
Trial: 278, Time:52.518s
Trial 278: Cell 1 (Static) = 0.006503 | Cell 2 (Plastic) = 0.006503
Trial: 279, Time:52.066s
Trial 279: Cell 1 (Static) = 0.006484 | Cell 2 (Plastic) = 0.006484
Trial: 280, Time:52.177s
Trial 280: Cell 1 (Static) = 0.006464 | Cell 2 (Plastic) = 0.006464
Trial: 281, Time:52.379s
Trial 281: Cell 1 (Static) = 0.006445 | Cell 2 (Plastic) = 0.006445
Trial: 282, Time:52.185s
Trial 282: Cell 1 (Static) = 0.006426 | Cell 2 (Plastic) = 0.006426
Trial: 283, Time:52.495s
Trial 283: Cell 1 (Static) = 0.006407 | Cell 2 (Plastic) = 0.006407
Trial: 284, Time:52.276s
Trial 284: Cell 1 (Static) = 0.006387 | Cell 2 (Plastic) = 0.006387
Trial: 285, Time:52.301s
Trial 285: Cell 1 (Static) = 0.006368 | Cell 2 (Plastic) = 0.006368
Trial: 286, Time:52.824s
Trial 286: Cell 1 (Static) = 0.006349 | Cell 2 (Plastic) = 0.006349
Trial: 287, Time:52.557s
Trial 287: Cell 1 (Static) = 0.006330 | Cell 2 (Plastic) = 0.006330
Trial: 288, Time:52.772s
Trial 288: Cell 1 (Static) = 0.006311 | Cell 2 (Plastic) = 0.006311
Trial: 289, Time:52.720s
Trial 289: Cell 1 (Static) = 0.006292 | Cell 2 (Plastic) = 0.006292
Trial: 290, Time:52.647s
Trial 290: Cell 1 (Static) = 0.006274 | Cell 2 (Plastic) = 0.006274
Trial: 291, Time:52.665s
Trial 291: Cell 1 (Static) = 0.006255 | Cell 2 (Plastic) = 0.006255
Trial: 292, Time:52.568s
Trial 292: Cell 1 (Static) = 0.006236 | Cell 2 (Plastic) = 0.006236
Trial: 293, Time:52.535s
Trial 293: Cell 1 (Static) = 0.006218 | Cell 2 (Plastic) = 0.006218
Trial: 294, Time:52.926s
Trial 294: Cell 1 (Static) = 0.006199 | Cell 2 (Plastic) = 0.006199
Trial: 295, Time:52.520s
Trial 295: Cell 1 (Static) = 0.006180 | Cell 2 (Plastic) = 0.006180
Trial: 296, Time:52.700s
Trial 296: Cell 1 (Static) = 0.006162 | Cell 2 (Plastic) = 0.006162
Trial: 297, Time:52.192s
Trial 297: Cell 1 (Static) = 0.006143 | Cell 2 (Plastic) = 0.006143
Trial: 298, Time:52.047s
Trial 298: Cell 1 (Static) = 0.006125 | Cell 2 (Plastic) = 0.006125
Trial: 299, Time:51.846s
Trial 299: Cell 1 (Static) = 0.006107 | Cell 2 (Plastic) = 0.006107
Trial: 300, Time:51.788s
Trial 300: Cell 1 (Static) = 0.006089 | Cell 2 (Plastic) = 0.006089
Trial: 301, Time:51.762s
Trial 301: Cell 1 (Static) = 0.006070 | Cell 2 (Plastic) = 0.006070
Trial: 302, Time:51.509s
Trial 302: Cell 1 (Static) = 0.006052 | Cell 2 (Plastic) = 0.006052
Trial: 303, Time:51.659s
Trial 303: Cell 1 (Static) = 0.006034 | Cell 2 (Plastic) = 0.006034
Trial: 304, Time:51.741s
Trial 304: Cell 1 (Static) = 0.006016 | Cell 2 (Plastic) = 0.006016
Trial: 305, Time:51.991s
Trial 305: Cell 1 (Static) = 0.005998 | Cell 2 (Plastic) = 0.005998
Trial: 306, Time:52.155s
Trial 306: Cell 1 (Static) = 0.005980 | Cell 2 (Plastic) = 0.005980
Trial: 307, Time:52.107s
Trial 307: Cell 1 (Static) = 0.005962 | Cell 2 (Plastic) = 0.005962
Trial: 308, Time:52.418s
Trial 308: Cell 1 (Static) = 0.005944 | Cell 2 (Plastic) = 0.005944
Trial: 309, Time:51.915s
Trial 309: Cell 1 (Static) = 0.005927 | Cell 2 (Plastic) = 0.005927
Trial: 310, Time:51.300s
Trial 310: Cell 1 (Static) = 0.005909 | Cell 2 (Plastic) = 0.005909
Trial: 311, Time:51.217s
Trial 311: Cell 1 (Static) = 0.005891 | Cell 2 (Plastic) = 0.005891
Trial: 312, Time:51.697s
Trial 312: Cell 1 (Static) = 0.005874 | Cell 2 (Plastic) = 0.005874
Trial: 313, Time:52.458s
Trial 313: Cell 1 (Static) = 0.005856 | Cell 2 (Plastic) = 0.005856
Trial: 314, Time:52.463s
Trial 314: Cell 1 (Static) = 0.005838 | Cell 2 (Plastic) = 0.005838
Trial: 315, Time:53.261s
Trial 315: Cell 1 (Static) = 0.005821 | Cell 2 (Plastic) = 0.005821
Trial: 316, Time:52.134s
Trial 316: Cell 1 (Static) = 0.005804 | Cell 2 (Plastic) = 0.005804
Trial: 317, Time:51.952s
Trial 317: Cell 1 (Static) = 0.005786 | Cell 2 (Plastic) = 0.005786
Trial: 318, Time:52.502s
Trial 318: Cell 1 (Static) = 0.005769 | Cell 2 (Plastic) = 0.005769
Trial: 319, Time:53.119s
Trial 319: Cell 1 (Static) = 0.005752 | Cell 2 (Plastic) = 0.005752
Trial: 320, Time:52.892s
Trial 320: Cell 1 (Static) = 0.005734 | Cell 2 (Plastic) = 0.005734
Trial: 321, Time:53.227s
Trial 321: Cell 1 (Static) = 0.005717 | Cell 2 (Plastic) = 0.005717
Trial: 322, Time:52.307s
Trial 322: Cell 1 (Static) = 0.005700 | Cell 2 (Plastic) = 0.005700
Trial: 323, Time:51.877s
Trial 323: Cell 1 (Static) = 0.005683 | Cell 2 (Plastic) = 0.005683
Trial: 324, Time:52.319s
Trial 324: Cell 1 (Static) = 0.005666 | Cell 2 (Plastic) = 0.005666
Trial: 325, Time:52.283s
Trial 325: Cell 1 (Static) = 0.005649 | Cell 2 (Plastic) = 0.005649
Trial: 326, Time:52.829s
Trial 326: Cell 1 (Static) = 0.005632 | Cell 2 (Plastic) = 0.005632
Trial: 327, Time:52.825s
Trial 327: Cell 1 (Static) = 0.005615 | Cell 2 (Plastic) = 0.005615
Trial: 328, Time:52.261s
Trial 328: Cell 1 (Static) = 0.005599 | Cell 2 (Plastic) = 0.005599
Trial: 329, Time:52.004s
Trial 329: Cell 1 (Static) = 0.005582 | Cell 2 (Plastic) = 0.005582
Trial: 330, Time:51.631s
Trial 330: Cell 1 (Static) = 0.005565 | Cell 2 (Plastic) = 0.005565
Trial: 331, Time:51.808s
Trial 331: Cell 1 (Static) = 0.005549 | Cell 2 (Plastic) = 0.005549
Trial: 332, Time:51.431s
Trial 332: Cell 1 (Static) = 0.005532 | Cell 2 (Plastic) = 0.005532
Trial: 333, Time:51.960s
Trial 333: Cell 1 (Static) = 0.005515 | Cell 2 (Plastic) = 0.005515
Trial: 334, Time:51.799s
Trial 334: Cell 1 (Static) = 0.005499 | Cell 2 (Plastic) = 0.005499
Trial: 335, Time:51.697s
Trial 335: Cell 1 (Static) = 0.005482 | Cell 2 (Plastic) = 0.005482
Trial: 336, Time:52.160s
Trial 336: Cell 1 (Static) = 0.005466 | Cell 2 (Plastic) = 0.005466
Trial: 337, Time:51.747s
Trial 337: Cell 1 (Static) = 0.005450 | Cell 2 (Plastic) = 0.005450
Trial: 338, Time:52.000s
Trial 338: Cell 1 (Static) = 0.005433 | Cell 2 (Plastic) = 0.005433
Trial: 339, Time:52.733s
Trial 339: Cell 1 (Static) = 0.005417 | Cell 2 (Plastic) = 0.005417
Trial: 340, Time:52.428s
Trial 340: Cell 1 (Static) = 0.005401 | Cell 2 (Plastic) = 0.005401
Trial: 341, Time:52.753s
Trial 341: Cell 1 (Static) = 0.005385 | Cell 2 (Plastic) = 0.005385
Trial: 342, Time:51.965s
Trial 342: Cell 1 (Static) = 0.005369 | Cell 2 (Plastic) = 0.005369
Trial: 343, Time:52.029s
Trial 343: Cell 1 (Static) = 0.005353 | Cell 2 (Plastic) = 0.005353
Trial: 344, Time:52.087s
Trial 344: Cell 1 (Static) = 0.005337 | Cell 2 (Plastic) = 0.005337
Trial: 345, Time:52.214s
Trial 345: Cell 1 (Static) = 0.005321 | Cell 2 (Plastic) = 0.005321
Trial: 346, Time:52.099s
Trial 346: Cell 1 (Static) = 0.005305 | Cell 2 (Plastic) = 0.005305
Trial: 347, Time:51.912s
Trial 347: Cell 1 (Static) = 0.005289 | Cell 2 (Plastic) = 0.005289
Trial: 348, Time:52.058s
Trial 348: Cell 1 (Static) = 0.005273 | Cell 2 (Plastic) = 0.005273
Trial: 349, Time:52.154s
Trial 349: Cell 1 (Static) = 0.005257 | Cell 2 (Plastic) = 0.005257
Trial: 350, Time:52.361s
Trial 350: Cell 1 (Static) = 0.005242 | Cell 2 (Plastic) = 0.005242
Trial: 351, Time:52.449s
Trial 351: Cell 1 (Static) = 0.005226 | Cell 2 (Plastic) = 0.005226
Trial: 352, Time:52.180s
Trial 352: Cell 1 (Static) = 0.005210 | Cell 2 (Plastic) = 0.005210
Trial: 353, Time:52.034s
Trial 353: Cell 1 (Static) = 0.005195 | Cell 2 (Plastic) = 0.005195
Trial: 354, Time:51.964s
Trial 354: Cell 1 (Static) = 0.005179 | Cell 2 (Plastic) = 0.005179
Trial: 355, Time:52.096s
Trial 355: Cell 1 (Static) = 0.005164 | Cell 2 (Plastic) = 0.005164
Trial: 356, Time:51.855s
Trial 356: Cell 1 (Static) = 0.005148 | Cell 2 (Plastic) = 0.005148
Trial: 357, Time:51.811s
Trial 357: Cell 1 (Static) = 0.005133 | Cell 2 (Plastic) = 0.005133
Trial: 358, Time:51.933s
Trial 358: Cell 1 (Static) = 0.005117 | Cell 2 (Plastic) = 0.005117
Trial: 359, Time:51.503s
Trial 359: Cell 1 (Static) = 0.005102 | Cell 2 (Plastic) = 0.005102
Trial: 360, Time:51.907s
Trial 360: Cell 1 (Static) = 0.005087 | Cell 2 (Plastic) = 0.005087
Trial: 361, Time:51.771s
Trial 361: Cell 1 (Static) = 0.005072 | Cell 2 (Plastic) = 0.005072
Trial: 362, Time:51.732s
Trial 362: Cell 1 (Static) = 0.005057 | Cell 2 (Plastic) = 0.005057
Trial: 363, Time:51.918s
Trial 363: Cell 1 (Static) = 0.005041 | Cell 2 (Plastic) = 0.005041
Trial: 364, Time:52.096s
Trial 364: Cell 1 (Static) = 0.005026 | Cell 2 (Plastic) = 0.005026
Trial: 365, Time:51.828s
Trial 365: Cell 1 (Static) = 0.005011 | Cell 2 (Plastic) = 0.005011
Trial: 366, Time:51.876s
Trial 366: Cell 1 (Static) = 0.004996 | Cell 2 (Plastic) = 0.004996
Trial: 367, Time:52.250s
Trial 367: Cell 1 (Static) = 0.004981 | Cell 2 (Plastic) = 0.004981
Trial: 368, Time:52.562s
Trial 368: Cell 1 (Static) = 0.004966 | Cell 2 (Plastic) = 0.004966
Trial: 369, Time:52.483s
Trial 369: Cell 1 (Static) = 0.004952 | Cell 2 (Plastic) = 0.004952
Trial: 370, Time:52.523s
Trial 370: Cell 1 (Static) = 0.004937 | Cell 2 (Plastic) = 0.004937
Trial: 371, Time:52.895s
Trial 371: Cell 1 (Static) = 0.004922 | Cell 2 (Plastic) = 0.004922
Trial: 372, Time:52.551s
Trial 372: Cell 1 (Static) = 0.004907 | Cell 2 (Plastic) = 0.004907
Trial: 373, Time:52.364s
Trial 373: Cell 1 (Static) = 0.004893 | Cell 2 (Plastic) = 0.004893
Trial: 374, Time:52.552s
Trial 374: Cell 1 (Static) = 0.004878 | Cell 2 (Plastic) = 0.004878
Trial: 375, Time:51.847s
Trial 375: Cell 1 (Static) = 0.004863 | Cell 2 (Plastic) = 0.004863
Trial: 376, Time:52.022s
Trial 376: Cell 1 (Static) = 0.004849 | Cell 2 (Plastic) = 0.004849
Trial: 377, Time:51.918s
Trial 377: Cell 1 (Static) = 0.004834 | Cell 2 (Plastic) = 0.004834
Trial: 378, Time:51.478s
Trial 378: Cell 1 (Static) = 0.004820 | Cell 2 (Plastic) = 0.004820
Trial: 379, Time:51.237s
Trial 379: Cell 1 (Static) = 0.004805 | Cell 2 (Plastic) = 0.004805
Trial: 380, Time:51.348s
Trial 380: Cell 1 (Static) = 0.004791 | Cell 2 (Plastic) = 0.004791
Trial: 381, Time:51.537s
Trial 381: Cell 1 (Static) = 0.004777 | Cell 2 (Plastic) = 0.004777
Trial: 382, Time:51.349s
Trial 382: Cell 1 (Static) = 0.004762 | Cell 2 (Plastic) = 0.004762
Trial: 383, Time:51.706s
Trial 383: Cell 1 (Static) = 0.004748 | Cell 2 (Plastic) = 0.004748
Trial: 384, Time:50.875s
Trial 384: Cell 1 (Static) = 0.004734 | Cell 2 (Plastic) = 0.004734
Trial: 385, Time:51.711s
Trial 385: Cell 1 (Static) = 0.004720 | Cell 2 (Plastic) = 0.004720
Trial: 386, Time:52.025s
Trial 386: Cell 1 (Static) = 0.004706 | Cell 2 (Plastic) = 0.004706
Trial: 387, Time:52.311s
Trial 387: Cell 1 (Static) = 0.004692 | Cell 2 (Plastic) = 0.004692
Trial: 388, Time:52.468s
Trial 388: Cell 1 (Static) = 0.004678 | Cell 2 (Plastic) = 0.004678
Trial: 389, Time:52.385s
Trial 389: Cell 1 (Static) = 0.004664 | Cell 2 (Plastic) = 0.004664
Trial: 390, Time:52.523s
Trial 390: Cell 1 (Static) = 0.004650 | Cell 2 (Plastic) = 0.004650
Trial: 391, Time:52.693s
Trial 391: Cell 1 (Static) = 0.004636 | Cell 2 (Plastic) = 0.004636
Trial: 392, Time:52.809s
Trial 392: Cell 1 (Static) = 0.004622 | Cell 2 (Plastic) = 0.004622
Trial: 393, Time:52.705s
Trial 393: Cell 1 (Static) = 0.004608 | Cell 2 (Plastic) = 0.004608
Trial: 394, Time:52.512s
Trial 394: Cell 1 (Static) = 0.004594 | Cell 2 (Plastic) = 0.004594
Trial: 395, Time:52.432s
Trial 395: Cell 1 (Static) = 0.004581 | Cell 2 (Plastic) = 0.004581
Trial: 396, Time:52.481s
Trial 396: Cell 1 (Static) = 0.004567 | Cell 2 (Plastic) = 0.004567
Trial: 397, Time:52.633s
Trial 397: Cell 1 (Static) = 0.004553 | Cell 2 (Plastic) = 0.004553
Trial: 398, Time:52.650s
Trial 398: Cell 1 (Static) = 0.004540 | Cell 2 (Plastic) = 0.004540
Trial: 399, Time:52.619s
Trial 399: Cell 1 (Static) = 0.004526 | Cell 2 (Plastic) = 0.004526
Trial: 400, Time:52.754s
Trial 400: Cell 1 (Static) = 0.004512 | Cell 2 (Plastic) = 0.004512
Trial: 401, Time:52.283s
Trial 401: Cell 1 (Static) = 0.004499 | Cell 2 (Plastic) = 0.004499
Trial: 402, Time:52.670s
Trial 402: Cell 1 (Static) = 0.004486 | Cell 2 (Plastic) = 0.004486
Trial: 403, Time:52.735s
Trial 403: Cell 1 (Static) = 0.004472 | Cell 2 (Plastic) = 0.004472
Trial: 404, Time:52.569s
Trial 404: Cell 1 (Static) = 0.004459 | Cell 2 (Plastic) = 0.004459
Trial: 405, Time:52.566s
Trial 405: Cell 1 (Static) = 0.004445 | Cell 2 (Plastic) = 0.004445
Trial: 406, Time:52.525s
Trial 406: Cell 1 (Static) = 0.004432 | Cell 2 (Plastic) = 0.004432
Trial: 407, Time:52.376s
Trial 407: Cell 1 (Static) = 0.004419 | Cell 2 (Plastic) = 0.004419
Trial: 408, Time:52.685s
Trial 408: Cell 1 (Static) = 0.004406 | Cell 2 (Plastic) = 0.004406
Trial: 409, Time:52.597s
Trial 409: Cell 1 (Static) = 0.004392 | Cell 2 (Plastic) = 0.004392
Trial: 410, Time:53.229s
Trial 410: Cell 1 (Static) = 0.004379 | Cell 2 (Plastic) = 0.004379
Trial: 411, Time:52.357s
Trial 411: Cell 1 (Static) = 0.004366 | Cell 2 (Plastic) = 0.004366
Trial: 412, Time:52.317s
Trial 412: Cell 1 (Static) = 0.004353 | Cell 2 (Plastic) = 0.004353
Trial: 413, Time:52.517s
Trial 413: Cell 1 (Static) = 0.004340 | Cell 2 (Plastic) = 0.004340
Trial: 414, Time:52.356s
Trial 414: Cell 1 (Static) = 0.004327 | Cell 2 (Plastic) = 0.004327
Trial: 415, Time:52.386s
Trial 415: Cell 1 (Static) = 0.004314 | Cell 2 (Plastic) = 0.004314
Trial: 416, Time:52.231s
Trial 416: Cell 1 (Static) = 0.004301 | Cell 2 (Plastic) = 0.004301
Trial: 417, Time:51.791s
Trial 417: Cell 1 (Static) = 0.004288 | Cell 2 (Plastic) = 0.004288
Trial: 418, Time:51.955s
Trial 418: Cell 1 (Static) = 0.004276 | Cell 2 (Plastic) = 0.004276
Trial: 419, Time:51.682s
Trial 419: Cell 1 (Static) = 0.004263 | Cell 2 (Plastic) = 0.004263
Trial: 420, Time:51.843s
Trial 420: Cell 1 (Static) = 0.004250 | Cell 2 (Plastic) = 0.004250
Trial: 421, Time:52.006s
Trial 421: Cell 1 (Static) = 0.004237 | Cell 2 (Plastic) = 0.004237
Trial: 422, Time:52.309s
Trial 422: Cell 1 (Static) = 0.004225 | Cell 2 (Plastic) = 0.004225
Trial: 423, Time:51.803s
Trial 423: Cell 1 (Static) = 0.004212 | Cell 2 (Plastic) = 0.004212
Trial: 424, Time:52.072s
Trial 424: Cell 1 (Static) = 0.004199 | Cell 2 (Plastic) = 0.004199
Trial: 425, Time:51.860s
Trial 425: Cell 1 (Static) = 0.004187 | Cell 2 (Plastic) = 0.004187
Trial: 426, Time:52.157s
Trial 426: Cell 1 (Static) = 0.004174 | Cell 2 (Plastic) = 0.004174
Trial: 427, Time:52.159s
Trial 427: Cell 1 (Static) = 0.004162 | Cell 2 (Plastic) = 0.004162
Trial: 428, Time:52.011s
Trial 428: Cell 1 (Static) = 0.004149 | Cell 2 (Plastic) = 0.004149
Trial: 429, Time:51.656s
Trial 429: Cell 1 (Static) = 0.004137 | Cell 2 (Plastic) = 0.004137
Trial: 430, Time:51.839s
Trial 430: Cell 1 (Static) = 0.004125 | Cell 2 (Plastic) = 0.004125
Trial: 431, Time:52.340s
Trial 431: Cell 1 (Static) = 0.004112 | Cell 2 (Plastic) = 0.004112
Trial: 432, Time:51.629s
Trial 432: Cell 1 (Static) = 0.004100 | Cell 2 (Plastic) = 0.004100
Trial: 433, Time:51.454s
Trial 433: Cell 1 (Static) = 0.004088 | Cell 2 (Plastic) = 0.004088
Trial: 434, Time:51.827s
Trial 434: Cell 1 (Static) = 0.004076 | Cell 2 (Plastic) = 0.004076
Trial: 435, Time:51.822s
Trial 435: Cell 1 (Static) = 0.004063 | Cell 2 (Plastic) = 0.004063
Trial: 436, Time:51.774s
Trial 436: Cell 1 (Static) = 0.004051 | Cell 2 (Plastic) = 0.004051
Trial: 437, Time:51.604s
Trial 437: Cell 1 (Static) = 0.004039 | Cell 2 (Plastic) = 0.004039
Trial: 438, Time:52.063s
Trial 438: Cell 1 (Static) = 0.004027 | Cell 2 (Plastic) = 0.004027
Trial: 439, Time:52.517s
Trial 439: Cell 1 (Static) = 0.004015 | Cell 2 (Plastic) = 0.004015
Trial: 440, Time:51.893s
Trial 440: Cell 1 (Static) = 0.004003 | Cell 2 (Plastic) = 0.004003
Trial: 441, Time:51.789s
Trial 441: Cell 1 (Static) = 0.003991 | Cell 2 (Plastic) = 0.003991
Trial: 442, Time:52.306s
Trial 442: Cell 1 (Static) = 0.003979 | Cell 2 (Plastic) = 0.003979
Trial: 443, Time:52.432s
Trial 443: Cell 1 (Static) = 0.003967 | Cell 2 (Plastic) = 0.003967
Trial: 444, Time:52.511s
Trial 444: Cell 1 (Static) = 0.003955 | Cell 2 (Plastic) = 0.003955
Trial: 445, Time:52.802s
Trial 445: Cell 1 (Static) = 0.003943 | Cell 2 (Plastic) = 0.003943
Trial: 446, Time:52.656s
Trial 446: Cell 1 (Static) = 0.003932 | Cell 2 (Plastic) = 0.003932
Trial: 447, Time:52.226s
Trial 447: Cell 1 (Static) = 0.003920 | Cell 2 (Plastic) = 0.003920
Trial: 448, Time:52.652s
Trial 448: Cell 1 (Static) = 0.003908 | Cell 2 (Plastic) = 0.003908
Trial: 449, Time:52.646s
Trial 449: Cell 1 (Static) = 0.003896 | Cell 2 (Plastic) = 0.003896
Trial: 450, Time:52.209s
Trial 450: Cell 1 (Static) = 0.003885 | Cell 2 (Plastic) = 0.003885
Trial: 451, Time:52.401s
Trial 451: Cell 1 (Static) = 0.003873 | Cell 2 (Plastic) = 0.003873
Trial: 452, Time:52.725s
Trial 452: Cell 1 (Static) = 0.003862 | Cell 2 (Plastic) = 0.003862
Trial: 453, Time:52.174s
Trial 453: Cell 1 (Static) = 0.003850 | Cell 2 (Plastic) = 0.003850
Trial: 454, Time:52.410s
Trial 454: Cell 1 (Static) = 0.003839 | Cell 2 (Plastic) = 0.003839
Trial: 455, Time:52.366s
Trial 455: Cell 1 (Static) = 0.003827 | Cell 2 (Plastic) = 0.003827
Trial: 456, Time:52.663s
Trial 456: Cell 1 (Static) = 0.003816 | Cell 2 (Plastic) = 0.003816
Trial: 457, Time:51.821s
Trial 457: Cell 1 (Static) = 0.003804 | Cell 2 (Plastic) = 0.003804
Trial: 458, Time:52.335s
Trial 458: Cell 1 (Static) = 0.003793 | Cell 2 (Plastic) = 0.003793
Trial: 459, Time:52.375s
Trial 459: Cell 1 (Static) = 0.003781 | Cell 2 (Plastic) = 0.003781
Trial: 460, Time:52.597s
Trial 460: Cell 1 (Static) = 0.003770 | Cell 2 (Plastic) = 0.003770
Trial: 461, Time:52.777s
Trial 461: Cell 1 (Static) = 0.003759 | Cell 2 (Plastic) = 0.003759
Trial: 462, Time:52.714s
Trial 462: Cell 1 (Static) = 0.003748 | Cell 2 (Plastic) = 0.003748
Trial: 463, Time:52.522s
Trial 463: Cell 1 (Static) = 0.003736 | Cell 2 (Plastic) = 0.003736
Trial: 464, Time:52.483s
Trial 464: Cell 1 (Static) = 0.003725 | Cell 2 (Plastic) = 0.003725
Trial: 465, Time:52.017s
Trial 465: Cell 1 (Static) = 0.003714 | Cell 2 (Plastic) = 0.003714
Trial: 466, Time:52.199s
Trial 466: Cell 1 (Static) = 0.003703 | Cell 2 (Plastic) = 0.003703
Trial: 467, Time:52.027s
Trial 467: Cell 1 (Static) = 0.003692 | Cell 2 (Plastic) = 0.003692
Trial: 468, Time:51.957s
Trial 468: Cell 1 (Static) = 0.003681 | Cell 2 (Plastic) = 0.003681
Trial: 469, Time:51.961s
Trial 469: Cell 1 (Static) = 0.003670 | Cell 2 (Plastic) = 0.003670
Trial: 470, Time:51.739s
Trial 470: Cell 1 (Static) = 0.003659 | Cell 2 (Plastic) = 0.003659
Trial: 471, Time:51.477s
Trial 471: Cell 1 (Static) = 0.003648 | Cell 2 (Plastic) = 0.003648
Trial: 472, Time:51.191s
Trial 472: Cell 1 (Static) = 0.003637 | Cell 2 (Plastic) = 0.003637
Trial: 473, Time:51.579s
Trial 473: Cell 1 (Static) = 0.003626 | Cell 2 (Plastic) = 0.003626
Trial: 474, Time:51.208s
Trial 474: Cell 1 (Static) = 0.003615 | Cell 2 (Plastic) = 0.003615
Trial: 475, Time:50.754s
Trial 475: Cell 1 (Static) = 0.003605 | Cell 2 (Plastic) = 0.003605
Trial: 476, Time:50.227s
Trial 476: Cell 1 (Static) = 0.003594 | Cell 2 (Plastic) = 0.003594
Trial: 477, Time:50.562s
Trial 477: Cell 1 (Static) = 0.003583 | Cell 2 (Plastic) = 0.003583
Trial: 478, Time:50.475s
Trial 478: Cell 1 (Static) = 0.003572 | Cell 2 (Plastic) = 0.003572
Trial: 479, Time:50.173s
Trial 479: Cell 1 (Static) = 0.003562 | Cell 2 (Plastic) = 0.003562
Trial: 480, Time:50.297s
Trial 480: Cell 1 (Static) = 0.003551 | Cell 2 (Plastic) = 0.003551
Trial: 481, Time:50.641s
Trial 481: Cell 1 (Static) = 0.003540 | Cell 2 (Plastic) = 0.003540
Trial: 482, Time:50.807s
Trial 482: Cell 1 (Static) = 0.003530 | Cell 2 (Plastic) = 0.003530
Trial: 483, Time:50.349s
Trial 483: Cell 1 (Static) = 0.003519 | Cell 2 (Plastic) = 0.003519
Trial: 484, Time:50.667s
Trial 484: Cell 1 (Static) = 0.003509 | Cell 2 (Plastic) = 0.003509
Trial: 485, Time:51.336s
Trial 485: Cell 1 (Static) = 0.003498 | Cell 2 (Plastic) = 0.003498
Trial: 486, Time:51.519s
Trial 486: Cell 1 (Static) = 0.003488 | Cell 2 (Plastic) = 0.003488
Trial: 487, Time:50.927s
Trial 487: Cell 1 (Static) = 0.003477 | Cell 2 (Plastic) = 0.003477
Trial: 488, Time:50.535s
Trial 488: Cell 1 (Static) = 0.003467 | Cell 2 (Plastic) = 0.003467
Trial: 489, Time:50.936s
Trial 489: Cell 1 (Static) = 0.003456 | Cell 2 (Plastic) = 0.003456
Trial: 490, Time:50.718s
Trial 490: Cell 1 (Static) = 0.003446 | Cell 2 (Plastic) = 0.003446
Trial: 491, Time:51.237s
Trial 491: Cell 1 (Static) = 0.003436 | Cell 2 (Plastic) = 0.003436
Trial: 492, Time:51.705s
Trial 492: Cell 1 (Static) = 0.003426 | Cell 2 (Plastic) = 0.003426
Trial: 493, Time:51.766s
Trial 493: Cell 1 (Static) = 0.003415 | Cell 2 (Plastic) = 0.003415
Trial: 494, Time:51.297s
Trial 494: Cell 1 (Static) = 0.003405 | Cell 2 (Plastic) = 0.003405
Trial: 495, Time:51.751s
Trial 495: Cell 1 (Static) = 0.003395 | Cell 2 (Plastic) = 0.003395
Trial: 496, Time:51.413s
Trial 496: Cell 1 (Static) = 0.003385 | Cell 2 (Plastic) = 0.003385
Trial: 497, Time:51.192s
Trial 497: Cell 1 (Static) = 0.003375 | Cell 2 (Plastic) = 0.003375
Trial: 498, Time:51.087s
Trial 498: Cell 1 (Static) = 0.003365 | Cell 2 (Plastic) = 0.003365
Trial: 499, Time:51.157s
Trial 499: Cell 1 (Static) = 0.003354 | Cell 2 (Plastic) = 0.003354
Trial: 500, Time:50.889s
Trial 500: Cell 1 (Static) = 0.003344 | Cell 2 (Plastic) = 0.003344
Trial: 501, Time:50.933s
Trial 501: Cell 1 (Static) = 0.003334 | Cell 2 (Plastic) = 0.003334
Trial: 502, Time:50.947s
Trial 502: Cell 1 (Static) = 0.003324 | Cell 2 (Plastic) = 0.003324
Trial: 503, Time:51.064s
Trial 503: Cell 1 (Static) = 0.003315 | Cell 2 (Plastic) = 0.003315
Trial: 504, Time:51.135s
Trial 504: Cell 1 (Static) = 0.003305 | Cell 2 (Plastic) = 0.003305
Trial: 505, Time:50.753s
Trial 505: Cell 1 (Static) = 0.003295 | Cell 2 (Plastic) = 0.003295
Trial: 506, Time:50.729s
Trial 506: Cell 1 (Static) = 0.003285 | Cell 2 (Plastic) = 0.003285
Trial: 507, Time:50.483s
Trial 507: Cell 1 (Static) = 0.003275 | Cell 2 (Plastic) = 0.003275
Trial: 508, Time:50.411s
Trial 508: Cell 1 (Static) = 0.003265 | Cell 2 (Plastic) = 0.003265
Trial: 509, Time:50.278s
Trial 509: Cell 1 (Static) = 0.003255 | Cell 2 (Plastic) = 0.003255
Trial: 510, Time:51.779s
Trial 510: Cell 1 (Static) = 0.003246 | Cell 2 (Plastic) = 0.003246
Trial: 511, Time:51.070s
Trial 511: Cell 1 (Static) = 0.003236 | Cell 2 (Plastic) = 0.003236
Trial: 512, Time:50.776s
Trial 512: Cell 1 (Static) = 0.003226 | Cell 2 (Plastic) = 0.003226
Trial: 513, Time:51.393s
Trial 513: Cell 1 (Static) = 0.003217 | Cell 2 (Plastic) = 0.003217
Trial: 514, Time:51.456s
Trial 514: Cell 1 (Static) = 0.003207 | Cell 2 (Plastic) = 0.003207
Trial: 515, Time:51.251s
Trial 515: Cell 1 (Static) = 0.003197 | Cell 2 (Plastic) = 0.003197
Trial: 516, Time:51.739s
Trial 516: Cell 1 (Static) = 0.003188 | Cell 2 (Plastic) = 0.003188
Trial: 517, Time:51.710s
Trial 517: Cell 1 (Static) = 0.003178 | Cell 2 (Plastic) = 0.003178
Trial: 518, Time:51.224s
Trial 518: Cell 1 (Static) = 0.003169 | Cell 2 (Plastic) = 0.003169
Trial: 519, Time:51.107s
Trial 519: Cell 1 (Static) = 0.003159 | Cell 2 (Plastic) = 0.003159
Trial: 520, Time:51.049s
Trial 520: Cell 1 (Static) = 0.003150 | Cell 2 (Plastic) = 0.003150
Trial: 521, Time:51.158s
Trial 521: Cell 1 (Static) = 0.003141 | Cell 2 (Plastic) = 0.003141
Trial: 522, Time:51.303s
Trial 522: Cell 1 (Static) = 0.003131 | Cell 2 (Plastic) = 0.003131
Trial: 523, Time:50.954s
Trial 523: Cell 1 (Static) = 0.003122 | Cell 2 (Plastic) = 0.003122
Trial: 524, Time:50.894s
Trial 524: Cell 1 (Static) = 0.003112 | Cell 2 (Plastic) = 0.003112
Trial: 525, Time:51.283s
Trial 525: Cell 1 (Static) = 0.003103 | Cell 2 (Plastic) = 0.003103
Trial: 526, Time:51.030s
Trial 526: Cell 1 (Static) = 0.003094 | Cell 2 (Plastic) = 0.003094
Trial: 527, Time:50.725s
Trial 527: Cell 1 (Static) = 0.003085 | Cell 2 (Plastic) = 0.003085
Trial: 528, Time:51.104s
Trial 528: Cell 1 (Static) = 0.003075 | Cell 2 (Plastic) = 0.003075
Trial: 529, Time:51.122s
Trial 529: Cell 1 (Static) = 0.003066 | Cell 2 (Plastic) = 0.003066
Trial: 530, Time:51.226s
Trial 530: Cell 1 (Static) = 0.003057 | Cell 2 (Plastic) = 0.003057
Trial: 531, Time:51.914s
Trial 531: Cell 1 (Static) = 0.003048 | Cell 2 (Plastic) = 0.003048
Trial: 532, Time:51.770s
Trial 532: Cell 1 (Static) = 0.003039 | Cell 2 (Plastic) = 0.003039
Trial: 533, Time:51.513s
Trial 533: Cell 1 (Static) = 0.003030 | Cell 2 (Plastic) = 0.003030
Trial: 534, Time:50.816s
Trial 534: Cell 1 (Static) = 0.003021 | Cell 2 (Plastic) = 0.003021
Trial: 535, Time:51.303s
Trial 535: Cell 1 (Static) = 0.003012 | Cell 2 (Plastic) = 0.003012
Trial: 536, Time:50.576s
Trial 536: Cell 1 (Static) = 0.003003 | Cell 2 (Plastic) = 0.003003
Trial: 537, Time:50.179s
Trial 537: Cell 1 (Static) = 0.002994 | Cell 2 (Plastic) = 0.002994
Trial: 538, Time:49.914s
Trial 538: Cell 1 (Static) = 0.002985 | Cell 2 (Plastic) = 0.002985
Trial: 539, Time:49.836s
Trial 539: Cell 1 (Static) = 0.002976 | Cell 2 (Plastic) = 0.002976
Trial: 540, Time:49.671s
Trial 540: Cell 1 (Static) = 0.002967 | Cell 2 (Plastic) = 0.002967
Trial: 541, Time:49.873s
Trial 541: Cell 1 (Static) = 0.002958 | Cell 2 (Plastic) = 0.002958
Trial: 542, Time:50.178s
Trial 542: Cell 1 (Static) = 0.002949 | Cell 2 (Plastic) = 0.002949
Trial: 543, Time:50.466s
Trial 543: Cell 1 (Static) = 0.002940 | Cell 2 (Plastic) = 0.002940
Trial: 544, Time:50.586s
Trial 544: Cell 1 (Static) = 0.002931 | Cell 2 (Plastic) = 0.002931
Trial: 545, Time:50.321s
Trial 545: Cell 1 (Static) = 0.002923 | Cell 2 (Plastic) = 0.002923
Trial: 546, Time:50.931s
Trial 546: Cell 1 (Static) = 0.002914 | Cell 2 (Plastic) = 0.002914
Trial: 547, Time:50.655s
Trial 547: Cell 1 (Static) = 0.002905 | Cell 2 (Plastic) = 0.002905
Trial: 548, Time:50.852s
Trial 548: Cell 1 (Static) = 0.002897 | Cell 2 (Plastic) = 0.002897
Trial: 549, Time:50.618s
Trial 549: Cell 1 (Static) = 0.002888 | Cell 2 (Plastic) = 0.002888
Trial: 550, Time:50.487s
Trial 550: Cell 1 (Static) = 0.002879 | Cell 2 (Plastic) = 0.002879
Trial: 551, Time:51.047s
Trial 551: Cell 1 (Static) = 0.002871 | Cell 2 (Plastic) = 0.002871
Trial: 552, Time:51.045s
Trial 552: Cell 1 (Static) = 0.002862 | Cell 2 (Plastic) = 0.002862
Trial: 553, Time:52.002s
Trial 553: Cell 1 (Static) = 0.002853 | Cell 2 (Plastic) = 0.002853
Trial: 554, Time:51.532s
Trial 554: Cell 1 (Static) = 0.002845 | Cell 2 (Plastic) = 0.002845
Trial: 555, Time:51.729s
Trial 555: Cell 1 (Static) = 0.002836 | Cell 2 (Plastic) = 0.002836
Trial: 556, Time:52.416s
Trial 556: Cell 1 (Static) = 0.002828 | Cell 2 (Plastic) = 0.002828
Trial: 557, Time:52.090s
Trial 557: Cell 1 (Static) = 0.002819 | Cell 2 (Plastic) = 0.002819
Trial: 558, Time:52.147s
Trial 558: Cell 1 (Static) = 0.002811 | Cell 2 (Plastic) = 0.002811
Trial: 559, Time:52.693s
Trial 559: Cell 1 (Static) = 0.002803 | Cell 2 (Plastic) = 0.002803
Trial: 560, Time:52.360s
Trial 560: Cell 1 (Static) = 0.002794 | Cell 2 (Plastic) = 0.002794
Trial: 561, Time:52.415s
Trial 561: Cell 1 (Static) = 0.002786 | Cell 2 (Plastic) = 0.002786
Trial: 562, Time:52.415s
Trial 562: Cell 1 (Static) = 0.002778 | Cell 2 (Plastic) = 0.002778
Trial: 563, Time:52.289s
Trial 563: Cell 1 (Static) = 0.002769 | Cell 2 (Plastic) = 0.002769
Trial: 564, Time:52.053s
Trial 564: Cell 1 (Static) = 0.002761 | Cell 2 (Plastic) = 0.002761
Trial: 565, Time:52.001s
Trial 565: Cell 1 (Static) = 0.002753 | Cell 2 (Plastic) = 0.002753
Trial: 566, Time:51.999s
Trial 566: Cell 1 (Static) = 0.002744 | Cell 2 (Plastic) = 0.002744
Trial: 567, Time:52.116s
Trial 567: Cell 1 (Static) = 0.002736 | Cell 2 (Plastic) = 0.002736
Trial: 568, Time:51.490s
Trial 568: Cell 1 (Static) = 0.002728 | Cell 2 (Plastic) = 0.002728
Trial: 569, Time:51.175s
Trial 569: Cell 1 (Static) = 0.002720 | Cell 2 (Plastic) = 0.002720
Trial: 570, Time:50.697s
Trial 570: Cell 1 (Static) = 0.002712 | Cell 2 (Plastic) = 0.002712
Trial: 571, Time:51.328s
Trial 571: Cell 1 (Static) = 0.002704 | Cell 2 (Plastic) = 0.002704
Trial: 572, Time:51.473s
Trial 572: Cell 1 (Static) = 0.002696 | Cell 2 (Plastic) = 0.002696
Trial: 573, Time:51.683s
Trial 573: Cell 1 (Static) = 0.002688 | Cell 2 (Plastic) = 0.002688
Trial: 574, Time:52.221s
Trial 574: Cell 1 (Static) = 0.002680 | Cell 2 (Plastic) = 0.002680
Trial: 575, Time:52.483s
Trial 575: Cell 1 (Static) = 0.002671 | Cell 2 (Plastic) = 0.002671
Trial: 576, Time:51.846s
Trial 576: Cell 1 (Static) = 0.002664 | Cell 2 (Plastic) = 0.002664
Trial: 577, Time:52.041s
Trial 577: Cell 1 (Static) = 0.002656 | Cell 2 (Plastic) = 0.002656
Trial: 578, Time:51.634s
Trial 578: Cell 1 (Static) = 0.002648 | Cell 2 (Plastic) = 0.002648
Trial: 579, Time:51.469s
Trial 579: Cell 1 (Static) = 0.002640 | Cell 2 (Plastic) = 0.002640
Trial: 580, Time:51.582s
Trial 580: Cell 1 (Static) = 0.002632 | Cell 2 (Plastic) = 0.002632
Trial: 581, Time:51.611s
Trial 581: Cell 1 (Static) = 0.002624 | Cell 2 (Plastic) = 0.002624
Trial: 582, Time:50.996s
Trial 582: Cell 1 (Static) = 0.002616 | Cell 2 (Plastic) = 0.002616
Trial: 583, Time:51.132s
Trial 583: Cell 1 (Static) = 0.002608 | Cell 2 (Plastic) = 0.002608
Trial: 584, Time:51.700s
Trial 584: Cell 1 (Static) = 0.002600 | Cell 2 (Plastic) = 0.002600
Trial: 585, Time:51.935s
Trial 585: Cell 1 (Static) = 0.002593 | Cell 2 (Plastic) = 0.002593
Trial: 586, Time:51.708s
Trial 586: Cell 1 (Static) = 0.002585 | Cell 2 (Plastic) = 0.002585
Trial: 587, Time:51.807s
Trial 587: Cell 1 (Static) = 0.002577 | Cell 2 (Plastic) = 0.002577
Trial: 588, Time:52.047s
Trial 588: Cell 1 (Static) = 0.002569 | Cell 2 (Plastic) = 0.002569
Trial: 589, Time:52.115s
Trial 589: Cell 1 (Static) = 0.002562 | Cell 2 (Plastic) = 0.002562
Trial: 590, Time:51.344s
Trial 590: Cell 1 (Static) = 0.002554 | Cell 2 (Plastic) = 0.002554
Trial: 591, Time:51.516s
Trial 591: Cell 1 (Static) = 0.002546 | Cell 2 (Plastic) = 0.002546
Trial: 592, Time:52.301s
Trial 592: Cell 1 (Static) = 0.002539 | Cell 2 (Plastic) = 0.002539
Trial: 593, Time:52.013s
Trial 593: Cell 1 (Static) = 0.002531 | Cell 2 (Plastic) = 0.002531
Trial: 594, Time:51.775s
Trial 594: Cell 1 (Static) = 0.002524 | Cell 2 (Plastic) = 0.002524
Trial: 595, Time:52.273s
Trial 595: Cell 1 (Static) = 0.002516 | Cell 2 (Plastic) = 0.002516
Trial: 596, Time:52.101s
Trial 596: Cell 1 (Static) = 0.002509 | Cell 2 (Plastic) = 0.002509
Trial: 597, Time:51.660s
Trial 597: Cell 1 (Static) = 0.002501 | Cell 2 (Plastic) = 0.002501
Trial: 598, Time:52.033s
Trial 598: Cell 1 (Static) = 0.002494 | Cell 2 (Plastic) = 0.002494
Trial: 599, Time:52.438s
Trial 599: Cell 1 (Static) = 0.002486 | Cell 2 (Plastic) = 0.002486
Trial: 600, Time:52.144s
Trial 600: Cell 1 (Static) = 0.002479 | Cell 2 (Plastic) = 0.002479
Trial: 601, Time:52.297s
Trial 601: Cell 1 (Static) = 0.002471 | Cell 2 (Plastic) = 0.002471
Trial: 602, Time:52.049s
Trial 602: Cell 1 (Static) = 0.002464 | Cell 2 (Plastic) = 0.002464
Trial: 603, Time:52.232s
Trial 603: Cell 1 (Static) = 0.002457 | Cell 2 (Plastic) = 0.002457
Trial: 604, Time:51.803s
Trial 604: Cell 1 (Static) = 0.002449 | Cell 2 (Plastic) = 0.002449
Trial: 605, Time:52.523s
Trial 605: Cell 1 (Static) = 0.002442 | Cell 2 (Plastic) = 0.002442
Trial: 606, Time:53.056s
Trial 606: Cell 1 (Static) = 0.002435 | Cell 2 (Plastic) = 0.002435
Trial: 607, Time:52.621s
Trial 607: Cell 1 (Static) = 0.002427 | Cell 2 (Plastic) = 0.002427
Trial: 608, Time:52.905s
Trial 608: Cell 1 (Static) = 0.002420 | Cell 2 (Plastic) = 0.002420
Trial: 609, Time:53.716s
Trial 609: Cell 1 (Static) = 0.002413 | Cell 2 (Plastic) = 0.002413
Trial: 610, Time:53.082s
Trial 610: Cell 1 (Static) = 0.002406 | Cell 2 (Plastic) = 0.002406
Trial: 611, Time:52.610s
Trial 611: Cell 1 (Static) = 0.002398 | Cell 2 (Plastic) = 0.002398
Trial: 612, Time:52.383s
Trial 612: Cell 1 (Static) = 0.002391 | Cell 2 (Plastic) = 0.002391
Trial: 613, Time:52.367s
Trial 613: Cell 1 (Static) = 0.002384 | Cell 2 (Plastic) = 0.002384
Trial: 614, Time:52.096s
Trial 614: Cell 1 (Static) = 0.002377 | Cell 2 (Plastic) = 0.002377
Trial: 615, Time:52.892s
Trial 615: Cell 1 (Static) = 0.002370 | Cell 2 (Plastic) = 0.002370
Trial: 616, Time:51.800s
Trial 616: Cell 1 (Static) = 0.002363 | Cell 2 (Plastic) = 0.002363
Trial: 617, Time:51.785s
Trial 617: Cell 1 (Static) = 0.002356 | Cell 2 (Plastic) = 0.002356
Trial: 618, Time:52.642s
Trial 618: Cell 1 (Static) = 0.002349 | Cell 2 (Plastic) = 0.002349
Trial: 619, Time:51.915s
Trial 619: Cell 1 (Static) = 0.002342 | Cell 2 (Plastic) = 0.002342
Trial: 620, Time:51.619s
Trial 620: Cell 1 (Static) = 0.002335 | Cell 2 (Plastic) = 0.002335
Trial: 621, Time:51.797s
Trial 621: Cell 1 (Static) = 0.002328 | Cell 2 (Plastic) = 0.002328
Trial: 622, Time:52.392s
Trial 622: Cell 1 (Static) = 0.002321 | Cell 2 (Plastic) = 0.002321
Trial: 623, Time:52.255s
Trial 623: Cell 1 (Static) = 0.002314 | Cell 2 (Plastic) = 0.002314
Trial: 624, Time:52.497s
Trial 624: Cell 1 (Static) = 0.002307 | Cell 2 (Plastic) = 0.002307
Trial: 625, Time:52.657s
Trial 625: Cell 1 (Static) = 0.002300 | Cell 2 (Plastic) = 0.002300
Trial: 626, Time:52.811s
Trial 626: Cell 1 (Static) = 0.002293 | Cell 2 (Plastic) = 0.002293
Trial: 627, Time:52.963s
Trial 627: Cell 1 (Static) = 0.002286 | Cell 2 (Plastic) = 0.002286
Trial: 628, Time:52.530s
Trial 628: Cell 1 (Static) = 0.002279 | Cell 2 (Plastic) = 0.002279
Trial: 629, Time:52.614s
Trial 629: Cell 1 (Static) = 0.002272 | Cell 2 (Plastic) = 0.002272
Trial: 630, Time:52.770s
Trial 630: Cell 1 (Static) = 0.002266 | Cell 2 (Plastic) = 0.002266
Trial: 631, Time:52.982s
Trial 631: Cell 1 (Static) = 0.002259 | Cell 2 (Plastic) = 0.002259
Trial: 632, Time:53.164s
Trial 632: Cell 1 (Static) = 0.002252 | Cell 2 (Plastic) = 0.002252
Trial: 633, Time:53.279s
Trial 633: Cell 1 (Static) = 0.002245 | Cell 2 (Plastic) = 0.002245
Trial: 634, Time:53.704s
Trial 634: Cell 1 (Static) = 0.002239 | Cell 2 (Plastic) = 0.002239
Trial: 635, Time:53.383s
Trial 635: Cell 1 (Static) = 0.002232 | Cell 2 (Plastic) = 0.002232
Trial: 636, Time:52.878s
Trial 636: Cell 1 (Static) = 0.002225 | Cell 2 (Plastic) = 0.002225
Trial: 637, Time:52.913s
Trial 637: Cell 1 (Static) = 0.002219 | Cell 2 (Plastic) = 0.002219
Trial: 638, Time:52.995s
Trial 638: Cell 1 (Static) = 0.002212 | Cell 2 (Plastic) = 0.002212
Trial: 639, Time:52.834s
Trial 639: Cell 1 (Static) = 0.002205 | Cell 2 (Plastic) = 0.002205
Trial: 640, Time:52.728s
Trial 640: Cell 1 (Static) = 0.002199 | Cell 2 (Plastic) = 0.002199
Trial: 641, Time:52.479s
Trial 641: Cell 1 (Static) = 0.002192 | Cell 2 (Plastic) = 0.002192
Trial: 642, Time:52.497s
Trial 642: Cell 1 (Static) = 0.002186 | Cell 2 (Plastic) = 0.002186
Trial: 643, Time:52.936s
Trial 643: Cell 1 (Static) = 0.002179 | Cell 2 (Plastic) = 0.002179
Trial: 644, Time:52.647s
Trial 644: Cell 1 (Static) = 0.002173 | Cell 2 (Plastic) = 0.002173
Trial: 645, Time:52.990s
Trial 645: Cell 1 (Static) = 0.002166 | Cell 2 (Plastic) = 0.002166
Trial: 646, Time:52.795s
Trial 646: Cell 1 (Static) = 0.002160 | Cell 2 (Plastic) = 0.002160
Trial: 647, Time:52.891s
Trial 647: Cell 1 (Static) = 0.002153 | Cell 2 (Plastic) = 0.002153
Trial: 648, Time:52.274s
Trial 648: Cell 1 (Static) = 0.002147 | Cell 2 (Plastic) = 0.002147
Trial: 649, Time:51.977s
Trial 649: Cell 1 (Static) = 0.002140 | Cell 2 (Plastic) = 0.002140
Trial: 650, Time:51.707s
Trial 650: Cell 1 (Static) = 0.002134 | Cell 2 (Plastic) = 0.002134
Trial: 651, Time:52.167s
Trial 651: Cell 1 (Static) = 0.002128 | Cell 2 (Plastic) = 0.002128
Trial: 652, Time:51.622s
Trial 652: Cell 1 (Static) = 0.002121 | Cell 2 (Plastic) = 0.002121
Trial: 653, Time:51.723s
Trial 653: Cell 1 (Static) = 0.002115 | Cell 2 (Plastic) = 0.002115
Trial: 654, Time:52.794s
Trial 654: Cell 1 (Static) = 0.002109 | Cell 2 (Plastic) = 0.002109
Trial: 655, Time:52.188s
Trial 655: Cell 1 (Static) = 0.002102 | Cell 2 (Plastic) = 0.002102
Trial: 656, Time:52.100s
Trial 656: Cell 1 (Static) = 0.002096 | Cell 2 (Plastic) = 0.002096
Trial: 657, Time:52.267s
Trial 657: Cell 1 (Static) = 0.002090 | Cell 2 (Plastic) = 0.002090
Trial: 658, Time:52.873s
Trial 658: Cell 1 (Static) = 0.002083 | Cell 2 (Plastic) = 0.002083
Trial: 659, Time:52.837s
Trial 659: Cell 1 (Static) = 0.002077 | Cell 2 (Plastic) = 0.002077
Trial: 660, Time:52.781s
Trial 660: Cell 1 (Static) = 0.002071 | Cell 2 (Plastic) = 0.002071
Trial: 661, Time:52.324s
Trial 661: Cell 1 (Static) = 0.002065 | Cell 2 (Plastic) = 0.002065
Trial: 662, Time:52.305s
Trial 662: Cell 1 (Static) = 0.002059 | Cell 2 (Plastic) = 0.002059
Trial: 663, Time:52.563s
Trial 663: Cell 1 (Static) = 0.002052 | Cell 2 (Plastic) = 0.002052
Trial: 664, Time:52.688s
Trial 664: Cell 1 (Static) = 0.002046 | Cell 2 (Plastic) = 0.002046
Trial: 665, Time:52.340s
Trial 665: Cell 1 (Static) = 0.002040 | Cell 2 (Plastic) = 0.002040
Trial: 666, Time:51.962s
Trial 666: Cell 1 (Static) = 0.002034 | Cell 2 (Plastic) = 0.002034
Trial: 667, Time:51.928s
Trial 667: Cell 1 (Static) = 0.002028 | Cell 2 (Plastic) = 0.002028
Trial: 668, Time:51.887s
Trial 668: Cell 1 (Static) = 0.002022 | Cell 2 (Plastic) = 0.002022
Trial: 669, Time:52.321s
Trial 669: Cell 1 (Static) = 0.002016 | Cell 2 (Plastic) = 0.002016
Trial: 670, Time:52.226s
Trial 670: Cell 1 (Static) = 0.002010 | Cell 2 (Plastic) = 0.002010
Trial: 671, Time:52.007s
Trial 671: Cell 1 (Static) = 0.002004 | Cell 2 (Plastic) = 0.002004
Trial: 672, Time:51.554s
Trial 672: Cell 1 (Static) = 0.001998 | Cell 2 (Plastic) = 0.001998
Trial: 673, Time:52.349s
Trial 673: Cell 1 (Static) = 0.001992 | Cell 2 (Plastic) = 0.001992
Trial: 674, Time:51.781s
Trial 674: Cell 1 (Static) = 0.001986 | Cell 2 (Plastic) = 0.001986
Trial: 675, Time:51.715s
Trial 675: Cell 1 (Static) = 0.001980 | Cell 2 (Plastic) = 0.001980
Trial: 676, Time:51.270s
Trial 676: Cell 1 (Static) = 0.001974 | Cell 2 (Plastic) = 0.001974
Trial: 677, Time:52.050s
Trial 677: Cell 1 (Static) = 0.001968 | Cell 2 (Plastic) = 0.001968
Trial: 678, Time:51.910s
Trial 678: Cell 1 (Static) = 0.001962 | Cell 2 (Plastic) = 0.001962
Trial: 679, Time:51.650s
Trial 679: Cell 1 (Static) = 0.001956 | Cell 2 (Plastic) = 0.001956
Trial: 680, Time:51.408s
Trial 680: Cell 1 (Static) = 0.001951 | Cell 2 (Plastic) = 0.001951
Trial: 681, Time:51.320s
Trial 681: Cell 1 (Static) = 0.001945 | Cell 2 (Plastic) = 0.001945
Trial: 682, Time:51.342s
Trial 682: Cell 1 (Static) = 0.001939 | Cell 2 (Plastic) = 0.001939
Trial: 683, Time:51.613s
Trial 683: Cell 1 (Static) = 0.001933 | Cell 2 (Plastic) = 0.001933
Trial: 684, Time:51.630s
Trial 684: Cell 1 (Static) = 0.001927 | Cell 2 (Plastic) = 0.001927
Trial: 685, Time:52.027s
Trial 685: Cell 1 (Static) = 0.001922 | Cell 2 (Plastic) = 0.001922
Trial: 686, Time:51.951s
Trial 686: Cell 1 (Static) = 0.001916 | Cell 2 (Plastic) = 0.001916
Trial: 687, Time:51.475s
Trial 687: Cell 1 (Static) = 0.001910 | Cell 2 (Plastic) = 0.001910
Trial: 688, Time:51.326s
Trial 688: Cell 1 (Static) = 0.001904 | Cell 2 (Plastic) = 0.001904
Trial: 689, Time:51.042s
Trial 689: Cell 1 (Static) = 0.001899 | Cell 2 (Plastic) = 0.001899
Trial: 690, Time:50.992s
Trial 690: Cell 1 (Static) = 0.001893 | Cell 2 (Plastic) = 0.001893
Trial: 691, Time:51.680s
Trial 691: Cell 1 (Static) = 0.001887 | Cell 2 (Plastic) = 0.001887
Trial: 692, Time:51.057s
Trial 692: Cell 1 (Static) = 0.001882 | Cell 2 (Plastic) = 0.001882
Trial: 693, Time:51.255s
Trial 693: Cell 1 (Static) = 0.001876 | Cell 2 (Plastic) = 0.001876
Trial: 694, Time:50.888s
Trial 694: Cell 1 (Static) = 0.001870 | Cell 2 (Plastic) = 0.001870
Trial: 695, Time:51.458s
Trial 695: Cell 1 (Static) = 0.001865 | Cell 2 (Plastic) = 0.001865
Trial: 696, Time:51.639s
Trial 696: Cell 1 (Static) = 0.001859 | Cell 2 (Plastic) = 0.001859
Trial: 697, Time:51.638s
Trial 697: Cell 1 (Static) = 0.001854 | Cell 2 (Plastic) = 0.001854
Trial: 698, Time:51.417s
Trial 698: Cell 1 (Static) = 0.001848 | Cell 2 (Plastic) = 0.001848
Trial: 699, Time:51.556s
Trial 699: Cell 1 (Static) = 0.001843 | Cell 2 (Plastic) = 0.001843
Trial: 700, Time:51.775s
Trial 700: Cell 1 (Static) = 0.001837 | Cell 2 (Plastic) = 0.001837
Trial: 701, Time:51.379s
Trial 701: Cell 1 (Static) = 0.001832 | Cell 2 (Plastic) = 0.001832
Trial: 702, Time:52.234s
Trial 702: Cell 1 (Static) = 0.001826 | Cell 2 (Plastic) = 0.001826
Trial: 703, Time:51.884s
Trial 703: Cell 1 (Static) = 0.001821 | Cell 2 (Plastic) = 0.001821
Trial: 704, Time:51.533s
Trial 704: Cell 1 (Static) = 0.001815 | Cell 2 (Plastic) = 0.001815
Trial: 705, Time:51.802s
Trial 705: Cell 1 (Static) = 0.001810 | Cell 2 (Plastic) = 0.001810
Trial: 706, Time:52.220s
Trial 706: Cell 1 (Static) = 0.001804 | Cell 2 (Plastic) = 0.001804
Trial: 707, Time:52.367s
Trial 707: Cell 1 (Static) = 0.001799 | Cell 2 (Plastic) = 0.001799
Trial: 708, Time:52.138s
Trial 708: Cell 1 (Static) = 0.001794 | Cell 2 (Plastic) = 0.001794
Trial: 709, Time:51.936s
Trial 709: Cell 1 (Static) = 0.001788 | Cell 2 (Plastic) = 0.001788
Trial: 710, Time:52.134s
Trial 710: Cell 1 (Static) = 0.001783 | Cell 2 (Plastic) = 0.001783
Trial: 711, Time:52.457s
Trial 711: Cell 1 (Static) = 0.001778 | Cell 2 (Plastic) = 0.001778
Trial: 712, Time:52.356s
Trial 712: Cell 1 (Static) = 0.001772 | Cell 2 (Plastic) = 0.001772
Trial: 713, Time:52.502s
Trial 713: Cell 1 (Static) = 0.001767 | Cell 2 (Plastic) = 0.001767
Trial: 714, Time:52.248s
Trial 714: Cell 1 (Static) = 0.001762 | Cell 2 (Plastic) = 0.001762
Trial: 715, Time:51.961s
Trial 715: Cell 1 (Static) = 0.001756 | Cell 2 (Plastic) = 0.001756
Trial: 716, Time:52.293s
Trial 716: Cell 1 (Static) = 0.001751 | Cell 2 (Plastic) = 0.001751
Trial: 717, Time:52.298s
Trial 717: Cell 1 (Static) = 0.001746 | Cell 2 (Plastic) = 0.001746
Trial: 718, Time:52.555s
Trial 718: Cell 1 (Static) = 0.001741 | Cell 2 (Plastic) = 0.001741
Trial: 719, Time:52.195s
Trial 719: Cell 1 (Static) = 0.001735 | Cell 2 (Plastic) = 0.001735
Trial: 720, Time:51.708s
Trial 720: Cell 1 (Static) = 0.001730 | Cell 2 (Plastic) = 0.001730
Trial: 721, Time:51.928s
Trial 721: Cell 1 (Static) = 0.001725 | Cell 2 (Plastic) = 0.001725
Trial: 722, Time:51.672s
Trial 722: Cell 1 (Static) = 0.001720 | Cell 2 (Plastic) = 0.001720
Trial: 723, Time:52.047s
Trial 723: Cell 1 (Static) = 0.001715 | Cell 2 (Plastic) = 0.001715
Trial: 724, Time:52.337s
Trial 724: Cell 1 (Static) = 0.001710 | Cell 2 (Plastic) = 0.001710
Trial: 725, Time:52.857s
Trial 725: Cell 1 (Static) = 0.001705 | Cell 2 (Plastic) = 0.001705
Trial: 726, Time:53.124s
Trial 726: Cell 1 (Static) = 0.001699 | Cell 2 (Plastic) = 0.001699
Trial: 727, Time:52.937s
Trial 727: Cell 1 (Static) = 0.001694 | Cell 2 (Plastic) = 0.001694
Trial: 728, Time:53.047s
Trial 728: Cell 1 (Static) = 0.001689 | Cell 2 (Plastic) = 0.001689
Trial: 729, Time:52.471s
Trial 729: Cell 1 (Static) = 0.001684 | Cell 2 (Plastic) = 0.001684
Trial: 730, Time:52.553s
Trial 730: Cell 1 (Static) = 0.001679 | Cell 2 (Plastic) = 0.001679
Trial: 731, Time:52.543s
Trial 731: Cell 1 (Static) = 0.001674 | Cell 2 (Plastic) = 0.001674
Trial: 732, Time:52.471s
Trial 732: Cell 1 (Static) = 0.001669 | Cell 2 (Plastic) = 0.001669
Trial: 733, Time:52.857s
Trial 733: Cell 1 (Static) = 0.001664 | Cell 2 (Plastic) = 0.001664
Trial: 734, Time:52.979s
Trial 734: Cell 1 (Static) = 0.001659 | Cell 2 (Plastic) = 0.001659
Trial: 735, Time:52.974s
Trial 735: Cell 1 (Static) = 0.001654 | Cell 2 (Plastic) = 0.001654
Trial: 736, Time:52.563s
Trial 736: Cell 1 (Static) = 0.001649 | Cell 2 (Plastic) = 0.001649
Trial: 737, Time:52.650s
Trial 737: Cell 1 (Static) = 0.001644 | Cell 2 (Plastic) = 0.001644
Trial: 738, Time:52.265s
Trial 738: Cell 1 (Static) = 0.001639 | Cell 2 (Plastic) = 0.001639
Trial: 739, Time:52.634s
Trial 739: Cell 1 (Static) = 0.001635 | Cell 2 (Plastic) = 0.001635
Trial: 740, Time:52.425s
Trial 740: Cell 1 (Static) = 0.001630 | Cell 2 (Plastic) = 0.001630
Trial: 741, Time:52.404s
Trial 741: Cell 1 (Static) = 0.001625 | Cell 2 (Plastic) = 0.001625
Trial: 742, Time:52.355s
Trial 742: Cell 1 (Static) = 0.001620 | Cell 2 (Plastic) = 0.001620
Trial: 743, Time:52.336s
Trial 743: Cell 1 (Static) = 0.001615 | Cell 2 (Plastic) = 0.001615
Trial: 744, Time:52.037s
Trial 744: Cell 1 (Static) = 0.001610 | Cell 2 (Plastic) = 0.001610
Trial: 745, Time:52.024s
Trial 745: Cell 1 (Static) = 0.001605 | Cell 2 (Plastic) = 0.001605
Trial: 746, Time:51.870s
Trial 746: Cell 1 (Static) = 0.001601 | Cell 2 (Plastic) = 0.001601
Trial: 747, Time:51.910s
Trial 747: Cell 1 (Static) = 0.001596 | Cell 2 (Plastic) = 0.001596
Trial: 748, Time:51.617s
Trial 748: Cell 1 (Static) = 0.001591 | Cell 2 (Plastic) = 0.001591
Trial: 749, Time:51.635s
Trial 749: Cell 1 (Static) = 0.001586 | Cell 2 (Plastic) = 0.001586
Trial: 750, Time:51.371s
Trial 750: Cell 1 (Static) = 0.001582 | Cell 2 (Plastic) = 0.001582
Trial: 751, Time:51.659s
Trial 751: Cell 1 (Static) = 0.001577 | Cell 2 (Plastic) = 0.001577
Trial: 752, Time:51.656s
Trial 752: Cell 1 (Static) = 0.001572 | Cell 2 (Plastic) = 0.001572
Trial: 753, Time:51.604s
Trial 753: Cell 1 (Static) = 0.001567 | Cell 2 (Plastic) = 0.001567
Trial: 754, Time:51.473s
Trial 754: Cell 1 (Static) = 0.001563 | Cell 2 (Plastic) = 0.001563
Trial: 755, Time:51.649s
Trial 755: Cell 1 (Static) = 0.001558 | Cell 2 (Plastic) = 0.001558
Trial: 756, Time:51.124s
Trial 756: Cell 1 (Static) = 0.001553 | Cell 2 (Plastic) = 0.001553
Trial: 757, Time:51.588s
Trial 757: Cell 1 (Static) = 0.001549 | Cell 2 (Plastic) = 0.001549
Trial: 758, Time:51.912s
Trial 758: Cell 1 (Static) = 0.001544 | Cell 2 (Plastic) = 0.001544
Trial: 759, Time:52.192s
Trial 759: Cell 1 (Static) = 0.001540 | Cell 2 (Plastic) = 0.001540
Trial: 760, Time:52.498s
Trial 760: Cell 1 (Static) = 0.001535 | Cell 2 (Plastic) = 0.001535
Trial: 761, Time:52.209s
Trial 761: Cell 1 (Static) = 0.001530 | Cell 2 (Plastic) = 0.001530
Trial: 762, Time:52.501s
Trial 762: Cell 1 (Static) = 0.001526 | Cell 2 (Plastic) = 0.001526
Trial: 763, Time:52.202s
Trial 763: Cell 1 (Static) = 0.001521 | Cell 2 (Plastic) = 0.001521
Trial: 764, Time:52.462s
Trial 764: Cell 1 (Static) = 0.001517 | Cell 2 (Plastic) = 0.001517
Trial: 765, Time:52.354s
Trial 765: Cell 1 (Static) = 0.001512 | Cell 2 (Plastic) = 0.001512
Trial: 766, Time:52.252s
Trial 766: Cell 1 (Static) = 0.001508 | Cell 2 (Plastic) = 0.001508
Trial: 767, Time:52.572s
Trial 767: Cell 1 (Static) = 0.001503 | Cell 2 (Plastic) = 0.001503
Trial: 768, Time:52.485s
Trial 768: Cell 1 (Static) = 0.001499 | Cell 2 (Plastic) = 0.001499
Trial: 769, Time:52.265s
Trial 769: Cell 1 (Static) = 0.001494 | Cell 2 (Plastic) = 0.001494
Trial: 770, Time:51.840s
Trial 770: Cell 1 (Static) = 0.001490 | Cell 2 (Plastic) = 0.001490
Trial: 771, Time:51.608s
Trial 771: Cell 1 (Static) = 0.001485 | Cell 2 (Plastic) = 0.001485
Trial: 772, Time:51.664s
Trial 772: Cell 1 (Static) = 0.001481 | Cell 2 (Plastic) = 0.001481
Trial: 773, Time:51.900s
Trial 773: Cell 1 (Static) = 0.001476 | Cell 2 (Plastic) = 0.001476
Trial: 774, Time:51.549s
Trial 774: Cell 1 (Static) = 0.001472 | Cell 2 (Plastic) = 0.001472
Trial: 775, Time:51.244s
Trial 775: Cell 1 (Static) = 0.001467 | Cell 2 (Plastic) = 0.001467
Trial: 776, Time:51.009s
Trial 776: Cell 1 (Static) = 0.001463 | Cell 2 (Plastic) = 0.001463
Trial: 777, Time:51.450s
Trial 777: Cell 1 (Static) = 0.001459 | Cell 2 (Plastic) = 0.001459
Trial: 778, Time:51.129s
Trial 778: Cell 1 (Static) = 0.001454 | Cell 2 (Plastic) = 0.001454
Trial: 779, Time:51.183s
Trial 779: Cell 1 (Static) = 0.001450 | Cell 2 (Plastic) = 0.001450
Trial: 780, Time:51.802s
Trial 780: Cell 1 (Static) = 0.001446 | Cell 2 (Plastic) = 0.001446
Trial: 781, Time:52.265s
Trial 781: Cell 1 (Static) = 0.001441 | Cell 2 (Plastic) = 0.001441
Trial: 782, Time:52.125s
Trial 782: Cell 1 (Static) = 0.001437 | Cell 2 (Plastic) = 0.001437
Trial: 783, Time:52.176s
Trial 783: Cell 1 (Static) = 0.001433 | Cell 2 (Plastic) = 0.001433
Trial: 784, Time:52.340s
Trial 784: Cell 1 (Static) = 0.001428 | Cell 2 (Plastic) = 0.001428
Trial: 785, Time:52.311s
Trial 785: Cell 1 (Static) = 0.001424 | Cell 2 (Plastic) = 0.001424
Trial: 786, Time:52.329s
Trial 786: Cell 1 (Static) = 0.001420 | Cell 2 (Plastic) = 0.001420
Trial: 787, Time:52.129s
Trial 787: Cell 1 (Static) = 0.001416 | Cell 2 (Plastic) = 0.001416
Trial: 788, Time:52.113s
Trial 788: Cell 1 (Static) = 0.001411 | Cell 2 (Plastic) = 0.001411
Trial: 789, Time:52.210s
Trial 789: Cell 1 (Static) = 0.001407 | Cell 2 (Plastic) = 0.001407
Trial: 790, Time:52.252s
Trial 790: Cell 1 (Static) = 0.001403 | Cell 2 (Plastic) = 0.001403
Trial: 791, Time:52.318s
Trial 791: Cell 1 (Static) = 0.001399 | Cell 2 (Plastic) = 0.001399
Trial: 792, Time:51.806s
Trial 792: Cell 1 (Static) = 0.001395 | Cell 2 (Plastic) = 0.001395
Trial: 793, Time:51.785s
Trial 793: Cell 1 (Static) = 0.001390 | Cell 2 (Plastic) = 0.001390
Trial: 794, Time:51.837s
Trial 794: Cell 1 (Static) = 0.001386 | Cell 2 (Plastic) = 0.001386
Trial: 795, Time:52.065s
Trial 795: Cell 1 (Static) = 0.001382 | Cell 2 (Plastic) = 0.001382
Trial: 796, Time:52.349s
Trial 796: Cell 1 (Static) = 0.001378 | Cell 2 (Plastic) = 0.001378
Trial: 797, Time:53.009s
Trial 797: Cell 1 (Static) = 0.001374 | Cell 2 (Plastic) = 0.001374
Trial: 798, Time:52.016s
Trial 798: Cell 1 (Static) = 0.001370 | Cell 2 (Plastic) = 0.001370
Trial: 799, Time:53.100s
Trial 799: Cell 1 (Static) = 0.001366 | Cell 2 (Plastic) = 0.001366
Trial: 800, Time:52.109s
Trial 800: Cell 1 (Static) = 0.001362 | Cell 2 (Plastic) = 0.001362
Trial: 801, Time:51.920s
Trial 801: Cell 1 (Static) = 0.001358 | Cell 2 (Plastic) = 0.001358
Trial: 802, Time:52.122s
Trial 802: Cell 1 (Static) = 0.001353 | Cell 2 (Plastic) = 0.001353
Trial: 803, Time:52.805s
Trial 803: Cell 1 (Static) = 0.001349 | Cell 2 (Plastic) = 0.001349
Trial: 804, Time:52.347s
Trial 804: Cell 1 (Static) = 0.001345 | Cell 2 (Plastic) = 0.001345
Trial: 805, Time:52.166s
Trial 805: Cell 1 (Static) = 0.001341 | Cell 2 (Plastic) = 0.001341
Trial: 806, Time:52.280s
Trial 806: Cell 1 (Static) = 0.001337 | Cell 2 (Plastic) = 0.001337
Trial: 807, Time:52.298s
Trial 807: Cell 1 (Static) = 0.001333 | Cell 2 (Plastic) = 0.001333
Trial: 808, Time:52.451s
Trial 808: Cell 1 (Static) = 0.001329 | Cell 2 (Plastic) = 0.001329
Trial: 809, Time:52.521s
Trial 809: Cell 1 (Static) = 0.001325 | Cell 2 (Plastic) = 0.001325
Trial: 810, Time:52.681s
Trial 810: Cell 1 (Static) = 0.001321 | Cell 2 (Plastic) = 0.001321
Trial: 811, Time:51.961s
Trial 811: Cell 1 (Static) = 0.001317 | Cell 2 (Plastic) = 0.001317
Trial: 812, Time:52.253s
Trial 812: Cell 1 (Static) = 0.001314 | Cell 2 (Plastic) = 0.001314
Trial: 813, Time:52.983s
Trial 813: Cell 1 (Static) = 0.001310 | Cell 2 (Plastic) = 0.001310
Trial: 814, Time:52.528s
Trial 814: Cell 1 (Static) = 0.001306 | Cell 2 (Plastic) = 0.001306
Trial: 815, Time:52.583s
Trial 815: Cell 1 (Static) = 0.001302 | Cell 2 (Plastic) = 0.001302
Trial: 816, Time:52.234s
Trial 816: Cell 1 (Static) = 0.001298 | Cell 2 (Plastic) = 0.001298
Trial: 817, Time:51.946s
Trial 817: Cell 1 (Static) = 0.001294 | Cell 2 (Plastic) = 0.001294
Trial: 818, Time:51.892s
Trial 818: Cell 1 (Static) = 0.001290 | Cell 2 (Plastic) = 0.001290
Trial: 819, Time:51.651s
Trial 819: Cell 1 (Static) = 0.001286 | Cell 2 (Plastic) = 0.001286
Trial: 820, Time:51.594s
Trial 820: Cell 1 (Static) = 0.001282 | Cell 2 (Plastic) = 0.001282
Trial: 821, Time:51.463s
Trial 821: Cell 1 (Static) = 0.001279 | Cell 2 (Plastic) = 0.001279
Trial: 822, Time:51.703s
Trial 822: Cell 1 (Static) = 0.001275 | Cell 2 (Plastic) = 0.001275
Trial: 823, Time:51.640s
Trial 823: Cell 1 (Static) = 0.001271 | Cell 2 (Plastic) = 0.001271
Trial: 824, Time:51.652s
Trial 824: Cell 1 (Static) = 0.001267 | Cell 2 (Plastic) = 0.001267
Trial: 825, Time:52.112s
Trial 825: Cell 1 (Static) = 0.001263 | Cell 2 (Plastic) = 0.001263
Trial: 826, Time:51.869s
Trial 826: Cell 1 (Static) = 0.001260 | Cell 2 (Plastic) = 0.001260
Trial: 827, Time:51.835s
Trial 827: Cell 1 (Static) = 0.001256 | Cell 2 (Plastic) = 0.001256
Trial: 828, Time:51.766s
Trial 828: Cell 1 (Static) = 0.001252 | Cell 2 (Plastic) = 0.001252
Trial: 829, Time:51.781s
Trial 829: Cell 1 (Static) = 0.001248 | Cell 2 (Plastic) = 0.001248
Trial: 830, Time:52.034s
Trial 830: Cell 1 (Static) = 0.001245 | Cell 2 (Plastic) = 0.001245
Trial: 831, Time:52.058s
Trial 831: Cell 1 (Static) = 0.001241 | Cell 2 (Plastic) = 0.001241
Trial: 832, Time:51.749s
Trial 832: Cell 1 (Static) = 0.001237 | Cell 2 (Plastic) = 0.001237
Trial: 833, Time:51.526s
Trial 833: Cell 1 (Static) = 0.001233 | Cell 2 (Plastic) = 0.001233
Trial: 834, Time:52.063s
Trial 834: Cell 1 (Static) = 0.001230 | Cell 2 (Plastic) = 0.001230
Trial: 835, Time:52.442s
Trial 835: Cell 1 (Static) = 0.001226 | Cell 2 (Plastic) = 0.001226
Trial: 836, Time:52.095s
Trial 836: Cell 1 (Static) = 0.001222 | Cell 2 (Plastic) = 0.001222
Trial: 837, Time:52.160s
Trial 837: Cell 1 (Static) = 0.001219 | Cell 2 (Plastic) = 0.001219
Trial: 838, Time:52.250s
Trial 838: Cell 1 (Static) = 0.001215 | Cell 2 (Plastic) = 0.001215
Trial: 839, Time:52.312s
Trial 839: Cell 1 (Static) = 0.001211 | Cell 2 (Plastic) = 0.001211
Trial: 840, Time:52.018s
Trial 840: Cell 1 (Static) = 0.001208 | Cell 2 (Plastic) = 0.001208
Trial: 841, Time:51.858s
Trial 841: Cell 1 (Static) = 0.001204 | Cell 2 (Plastic) = 0.001204
Trial: 842, Time:51.852s
Trial 842: Cell 1 (Static) = 0.001201 | Cell 2 (Plastic) = 0.001201
Trial: 843, Time:51.857s
Trial 843: Cell 1 (Static) = 0.001197 | Cell 2 (Plastic) = 0.001197
Trial: 844, Time:51.544s
Trial 844: Cell 1 (Static) = 0.001193 | Cell 2 (Plastic) = 0.001193
Trial: 845, Time:51.674s
Trial 845: Cell 1 (Static) = 0.001190 | Cell 2 (Plastic) = 0.001190
Trial: 846, Time:51.744s
Trial 846: Cell 1 (Static) = 0.001186 | Cell 2 (Plastic) = 0.001186
Trial: 847, Time:51.353s
Trial 847: Cell 1 (Static) = 0.001183 | Cell 2 (Plastic) = 0.001183
Trial: 848, Time:52.088s
Trial 848: Cell 1 (Static) = 0.001179 | Cell 2 (Plastic) = 0.001179
Trial: 849, Time:52.666s
Trial 849: Cell 1 (Static) = 0.001176 | Cell 2 (Plastic) = 0.001176
Trial: 850, Time:52.089s
Trial 850: Cell 1 (Static) = 0.001172 | Cell 2 (Plastic) = 0.001172
Trial: 851, Time:52.297s
Trial 851: Cell 1 (Static) = 0.001169 | Cell 2 (Plastic) = 0.001169
Trial: 852, Time:52.480s
Trial 852: Cell 1 (Static) = 0.001165 | Cell 2 (Plastic) = 0.001165
Trial: 853, Time:51.940s
Trial 853: Cell 1 (Static) = 0.001162 | Cell 2 (Plastic) = 0.001162
Trial: 854, Time:51.509s
Trial 854: Cell 1 (Static) = 0.001158 | Cell 2 (Plastic) = 0.001158
Trial: 855, Time:51.918s
Trial 855: Cell 1 (Static) = 0.001155 | Cell 2 (Plastic) = 0.001155
Trial: 856, Time:51.888s
Trial 856: Cell 1 (Static) = 0.001151 | Cell 2 (Plastic) = 0.001151
Trial: 857, Time:51.965s
Trial 857: Cell 1 (Static) = 0.001148 | Cell 2 (Plastic) = 0.001148
Trial: 858, Time:52.688s
Trial 858: Cell 1 (Static) = 0.001144 | Cell 2 (Plastic) = 0.001144
Trial: 859, Time:52.343s
Trial 859: Cell 1 (Static) = 0.001141 | Cell 2 (Plastic) = 0.001141
Trial: 860, Time:52.378s
Trial 860: Cell 1 (Static) = 0.001138 | Cell 2 (Plastic) = 0.001138
Trial: 861, Time:883.997s
Trial 861: Cell 1 (Static) = 0.001134 | Cell 2 (Plastic) = 0.001134
Trial: 862, Time:1151.994s
Trial 862: Cell 1 (Static) = 0.001131 | Cell 2 (Plastic) = 0.001131
Trial: 863, Time:1538.731s
Trial 863: Cell 1 (Static) = 0.001127 | Cell 2 (Plastic) = 0.001127
Trial: 864, Time:51.618s
Trial 864: Cell 1 (Static) = 0.001124 | Cell 2 (Plastic) = 0.001124
Trial: 865, Time:51.241s
Trial 865: Cell 1 (Static) = 0.001121 | Cell 2 (Plastic) = 0.001121
Trial: 866, Time:51.580s
Trial 866: Cell 1 (Static) = 0.001117 | Cell 2 (Plastic) = 0.001117
Trial: 867, Time:51.371s
Trial 867: Cell 1 (Static) = 0.001114 | Cell 2 (Plastic) = 0.001114
Trial: 868, Time:51.578s
Trial 868: Cell 1 (Static) = 0.001111 | Cell 2 (Plastic) = 0.001111
Trial: 869, Time:51.584s
Trial 869: Cell 1 (Static) = 0.001107 | Cell 2 (Plastic) = 0.001107
Trial: 870, Time:51.731s
Trial 870: Cell 1 (Static) = 0.001104 | Cell 2 (Plastic) = 0.001104
Trial: 871, Time:51.342s
Trial 871: Cell 1 (Static) = 0.001101 | Cell 2 (Plastic) = 0.001101
Trial: 872, Time:51.645s
Trial 872: Cell 1 (Static) = 0.001097 | Cell 2 (Plastic) = 0.001097
Trial: 873, Time:51.735s
Trial 873: Cell 1 (Static) = 0.001094 | Cell 2 (Plastic) = 0.001094
Trial: 874, Time:51.648s
Trial 874: Cell 1 (Static) = 0.001091 | Cell 2 (Plastic) = 0.001091
Trial: 875, Time:51.304s
Trial 875: Cell 1 (Static) = 0.001088 | Cell 2 (Plastic) = 0.001088
Trial: 876, Time:51.368s
Trial 876: Cell 1 (Static) = 0.001084 | Cell 2 (Plastic) = 0.001084
Trial: 877, Time:51.226s
Trial 877: Cell 1 (Static) = 0.001081 | Cell 2 (Plastic) = 0.001081
Trial: 878, Time:51.488s
Trial 878: Cell 1 (Static) = 0.001078 | Cell 2 (Plastic) = 0.001078
Trial: 879, Time:51.251s
Trial 879: Cell 1 (Static) = 0.001075 | Cell 2 (Plastic) = 0.001075
Trial: 880, Time:51.165s
Trial 880: Cell 1 (Static) = 0.001071 | Cell 2 (Plastic) = 0.001071
Trial: 881, Time:51.364s
Trial 881: Cell 1 (Static) = 0.001068 | Cell 2 (Plastic) = 0.001068
Trial: 882, Time:51.289s
Trial 882: Cell 1 (Static) = 0.001065 | Cell 2 (Plastic) = 0.001065
Trial: 883, Time:51.239s
Trial 883: Cell 1 (Static) = 0.001062 | Cell 2 (Plastic) = 0.001062
Trial: 884, Time:51.715s
Trial 884: Cell 1 (Static) = 0.001059 | Cell 2 (Plastic) = 0.001059
Trial: 885, Time:51.958s
Trial 885: Cell 1 (Static) = 0.001056 | Cell 2 (Plastic) = 0.001056
Trial: 886, Time:51.987s
Trial 886: Cell 1 (Static) = 0.001052 | Cell 2 (Plastic) = 0.001052
Trial: 887, Time:51.567s
Trial 887: Cell 1 (Static) = 0.001049 | Cell 2 (Plastic) = 0.001049
Trial: 888, Time:51.607s
Trial 888: Cell 1 (Static) = 0.001046 | Cell 2 (Plastic) = 0.001046
Trial: 889, Time:51.142s
Trial 889: Cell 1 (Static) = 0.001043 | Cell 2 (Plastic) = 0.001043
Trial: 890, Time:50.772s
Trial 890: Cell 1 (Static) = 0.001040 | Cell 2 (Plastic) = 0.001040
Trial: 891, Time:51.095s
Trial 891: Cell 1 (Static) = 0.001037 | Cell 2 (Plastic) = 0.001037
Trial: 892, Time:50.893s
Trial 892: Cell 1 (Static) = 0.001034 | Cell 2 (Plastic) = 0.001034
Trial: 893, Time:50.576s
Trial 893: Cell 1 (Static) = 0.001031 | Cell 2 (Plastic) = 0.001031
Trial: 894, Time:50.940s
Trial 894: Cell 1 (Static) = 0.001027 | Cell 2 (Plastic) = 0.001027
Trial: 895, Time:50.805s
Trial 895: Cell 1 (Static) = 0.001024 | Cell 2 (Plastic) = 0.001024
Trial: 896, Time:50.418s
Trial 896: Cell 1 (Static) = 0.001021 | Cell 2 (Plastic) = 0.001021
Trial: 897, Time:50.510s
Trial 897: Cell 1 (Static) = 0.001018 | Cell 2 (Plastic) = 0.001018
Trial: 898, Time:50.812s
Trial 898: Cell 1 (Static) = 0.001015 | Cell 2 (Plastic) = 0.001015
Trial: 899, Time:50.802s
Trial 899: Cell 1 (Static) = 0.001012 | Cell 2 (Plastic) = 0.001012
Trial: 900, Time:51.002s
Trial 900: Cell 1 (Static) = 0.001009 | Cell 2 (Plastic) = 0.001009
Trial: 901, Time:51.025s
Trial 901: Cell 1 (Static) = 0.001006 | Cell 2 (Plastic) = 0.001006
Trial: 902, Time:51.105s
Trial 902: Cell 1 (Static) = 0.001003 | Cell 2 (Plastic) = 0.001003
Trial: 903, Time:51.170s
Trial 903: Cell 1 (Static) = 0.001000 | Cell 2 (Plastic) = 0.001000
Trial: 904, Time:51.358s
Trial 904: Cell 1 (Static) = 0.000997 | Cell 2 (Plastic) = 0.000997
Trial: 905, Time:51.455s
Trial 905: Cell 1 (Static) = 0.000994 | Cell 2 (Plastic) = 0.000994
Trial: 906, Time:51.772s
Trial 906: Cell 1 (Static) = 0.000991 | Cell 2 (Plastic) = 0.000991
Trial: 907, Time:51.807s
Trial 907: Cell 1 (Static) = 0.000988 | Cell 2 (Plastic) = 0.000988
Trial: 908, Time:51.817s
Trial 908: Cell 1 (Static) = 0.000985 | Cell 2 (Plastic) = 0.000985
Trial: 909, Time:52.057s
Trial 909: Cell 1 (Static) = 0.000982 | Cell 2 (Plastic) = 0.000982
Trial: 910, Time:51.804s
Trial 910: Cell 1 (Static) = 0.000979 | Cell 2 (Plastic) = 0.000979
Trial: 911, Time:51.745s
Trial 911: Cell 1 (Static) = 0.000976 | Cell 2 (Plastic) = 0.000976
Trial: 912, Time:51.864s
Trial 912: Cell 1 (Static) = 0.000974 | Cell 2 (Plastic) = 0.000974
Trial: 913, Time:51.540s
Trial 913: Cell 1 (Static) = 0.000971 | Cell 2 (Plastic) = 0.000971
Trial: 914, Time:51.827s
Trial 914: Cell 1 (Static) = 0.000968 | Cell 2 (Plastic) = 0.000968
Trial: 915, Time:51.811s
Trial 915: Cell 1 (Static) = 0.000965 | Cell 2 (Plastic) = 0.000965
Trial: 916, Time:51.872s
Trial 916: Cell 1 (Static) = 0.000962 | Cell 2 (Plastic) = 0.000962
Trial: 917, Time:51.540s
Trial 917: Cell 1 (Static) = 0.000959 | Cell 2 (Plastic) = 0.000959
Trial: 918, Time:51.698s
Trial 918: Cell 1 (Static) = 0.000956 | Cell 2 (Plastic) = 0.000956
Trial: 919, Time:51.552s
Trial 919: Cell 1 (Static) = 0.000953 | Cell 2 (Plastic) = 0.000953
Trial: 920, Time:51.182s
Trial 920: Cell 1 (Static) = 0.000950 | Cell 2 (Plastic) = 0.000950
Trial: 921, Time:51.263s
Trial 921: Cell 1 (Static) = 0.000948 | Cell 2 (Plastic) = 0.000948
Trial: 922, Time:51.504s
Trial 922: Cell 1 (Static) = 0.000945 | Cell 2 (Plastic) = 0.000945
Trial: 923, Time:51.414s
Trial 923: Cell 1 (Static) = 0.000942 | Cell 2 (Plastic) = 0.000942
Trial: 924, Time:51.207s
Trial 924: Cell 1 (Static) = 0.000939 | Cell 2 (Plastic) = 0.000939
Trial: 925, Time:50.995s
Trial 925: Cell 1 (Static) = 0.000936 | Cell 2 (Plastic) = 0.000936
Trial: 926, Time:51.070s
Trial 926: Cell 1 (Static) = 0.000934 | Cell 2 (Plastic) = 0.000934
Trial: 927, Time:51.007s
Trial 927: Cell 1 (Static) = 0.000931 | Cell 2 (Plastic) = 0.000931
Trial: 928, Time:50.604s
Trial 928: Cell 1 (Static) = 0.000928 | Cell 2 (Plastic) = 0.000928
Trial: 929, Time:50.634s
Trial 929: Cell 1 (Static) = 0.000925 | Cell 2 (Plastic) = 0.000925
Trial: 930, Time:50.239s
Trial 930: Cell 1 (Static) = 0.000922 | Cell 2 (Plastic) = 0.000922
Trial: 931, Time:49.933s
Trial 931: Cell 1 (Static) = 0.000920 | Cell 2 (Plastic) = 0.000920
Trial: 932, Time:50.484s
Trial 932: Cell 1 (Static) = 0.000917 | Cell 2 (Plastic) = 0.000917
Trial: 933, Time:50.892s
Trial 933: Cell 1 (Static) = 0.000914 | Cell 2 (Plastic) = 0.000914
Trial: 934, Time:50.753s
Trial 934: Cell 1 (Static) = 0.000911 | Cell 2 (Plastic) = 0.000911
Trial: 935, Time:50.867s
Trial 935: Cell 1 (Static) = 0.000909 | Cell 2 (Plastic) = 0.000909
Trial: 936, Time:50.741s
Trial 936: Cell 1 (Static) = 0.000906 | Cell 2 (Plastic) = 0.000906
Trial: 937, Time:50.620s
Trial 937: Cell 1 (Static) = 0.000903 | Cell 2 (Plastic) = 0.000903
Trial: 938, Time:51.144s
Trial 938: Cell 1 (Static) = 0.000901 | Cell 2 (Plastic) = 0.000901
Trial: 939, Time:50.892s
Trial 939: Cell 1 (Static) = 0.000898 | Cell 2 (Plastic) = 0.000898
Trial: 940, Time:50.752s
Trial 940: Cell 1 (Static) = 0.000895 | Cell 2 (Plastic) = 0.000895
Trial: 941, Time:50.204s
Trial 941: Cell 1 (Static) = 0.000893 | Cell 2 (Plastic) = 0.000893
Trial: 942, Time:50.385s
Trial 942: Cell 1 (Static) = 0.000890 | Cell 2 (Plastic) = 0.000890
Trial: 943, Time:50.532s
Trial 943: Cell 1 (Static) = 0.000887 | Cell 2 (Plastic) = 0.000887
Trial: 944, Time:50.900s
Trial 944: Cell 1 (Static) = 0.000885 | Cell 2 (Plastic) = 0.000885
Trial: 945, Time:50.838s
Trial 945: Cell 1 (Static) = 0.000882 | Cell 2 (Plastic) = 0.000882
Trial: 946, Time:50.699s
Trial 946: Cell 1 (Static) = 0.000879 | Cell 2 (Plastic) = 0.000879
Trial: 947, Time:50.192s
Trial 947: Cell 1 (Static) = 0.000877 | Cell 2 (Plastic) = 0.000877
Trial: 948, Time:50.352s
Trial 948: Cell 1 (Static) = 0.000874 | Cell 2 (Plastic) = 0.000874
Trial: 949, Time:50.289s
Trial 949: Cell 1 (Static) = 0.000871 | Cell 2 (Plastic) = 0.000871
Trial: 950, Time:50.345s
Trial 950: Cell 1 (Static) = 0.000869 | Cell 2 (Plastic) = 0.000869
Trial: 951, Time:50.342s
Trial 951: Cell 1 (Static) = 0.000866 | Cell 2 (Plastic) = 0.000866
Trial: 952, Time:51.037s
Trial 952: Cell 1 (Static) = 0.000864 | Cell 2 (Plastic) = 0.000864
Trial: 953, Time:51.446s
Trial 953: Cell 1 (Static) = 0.000861 | Cell 2 (Plastic) = 0.000861
Trial: 954, Time:51.167s
Trial 954: Cell 1 (Static) = 0.000858 | Cell 2 (Plastic) = 0.000858
Trial: 955, Time:51.345s
Trial 955: Cell 1 (Static) = 0.000856 | Cell 2 (Plastic) = 0.000856
Trial: 956, Time:51.177s
Trial 956: Cell 1 (Static) = 0.000853 | Cell 2 (Plastic) = 0.000853
Trial: 957, Time:51.238s
Trial 957: Cell 1 (Static) = 0.000851 | Cell 2 (Plastic) = 0.000851
Trial: 958, Time:51.473s
Trial 958: Cell 1 (Static) = 0.000848 | Cell 2 (Plastic) = 0.000848
Trial: 959, Time:50.902s
Trial 959: Cell 1 (Static) = 0.000846 | Cell 2 (Plastic) = 0.000846
Trial: 960, Time:51.493s
Trial 960: Cell 1 (Static) = 0.000843 | Cell 2 (Plastic) = 0.000843
Trial: 961, Time:51.361s
Trial 961: Cell 1 (Static) = 0.000841 | Cell 2 (Plastic) = 0.000841
Trial: 962, Time:50.783s
Trial 962: Cell 1 (Static) = 0.000838 | Cell 2 (Plastic) = 0.000838
Trial: 963, Time:50.790s
Trial 963: Cell 1 (Static) = 0.000836 | Cell 2 (Plastic) = 0.000836
Trial: 964, Time:51.188s
Trial 964: Cell 1 (Static) = 0.000833 | Cell 2 (Plastic) = 0.000833
Trial: 965, Time:50.902s
Trial 965: Cell 1 (Static) = 0.000831 | Cell 2 (Plastic) = 0.000831
Trial: 966, Time:51.142s
Trial 966: Cell 1 (Static) = 0.000828 | Cell 2 (Plastic) = 0.000828
Trial: 967, Time:51.131s
Trial 967: Cell 1 (Static) = 0.000826 | Cell 2 (Plastic) = 0.000826
Trial: 968, Time:51.322s
Trial 968: Cell 1 (Static) = 0.000823 | Cell 2 (Plastic) = 0.000823
Trial: 969, Time:51.529s
Trial 969: Cell 1 (Static) = 0.000821 | Cell 2 (Plastic) = 0.000821
Trial: 970, Time:51.310s
Trial 970: Cell 1 (Static) = 0.000818 | Cell 2 (Plastic) = 0.000818
Trial: 971, Time:50.697s
Trial 971: Cell 1 (Static) = 0.000816 | Cell 2 (Plastic) = 0.000816
Trial: 972, Time:50.626s
Trial 972: Cell 1 (Static) = 0.000813 | Cell 2 (Plastic) = 0.000813
Trial: 973, Time:50.903s
Trial 973: Cell 1 (Static) = 0.000811 | Cell 2 (Plastic) = 0.000811
Trial: 974, Time:50.869s
Trial 974: Cell 1 (Static) = 0.000809 | Cell 2 (Plastic) = 0.000809
Trial: 975, Time:50.829s
Trial 975: Cell 1 (Static) = 0.000806 | Cell 2 (Plastic) = 0.000806
Trial: 976, Time:50.879s
Trial 976: Cell 1 (Static) = 0.000804 | Cell 2 (Plastic) = 0.000804
Trial: 977, Time:50.478s
Trial 977: Cell 1 (Static) = 0.000801 | Cell 2 (Plastic) = 0.000801
Trial: 978, Time:50.499s
Trial 978: Cell 1 (Static) = 0.000799 | Cell 2 (Plastic) = 0.000799
Trial: 979, Time:50.990s
Trial 979: Cell 1 (Static) = 0.000796 | Cell 2 (Plastic) = 0.000796
Trial: 980, Time:50.852s
Trial 980: Cell 1 (Static) = 0.000794 | Cell 2 (Plastic) = 0.000794
Trial: 981, Time:50.752s
Trial 981: Cell 1 (Static) = 0.000792 | Cell 2 (Plastic) = 0.000792
Trial: 982, Time:51.292s
Trial 982: Cell 1 (Static) = 0.000789 | Cell 2 (Plastic) = 0.000789
Trial: 983, Time:51.075s
Trial 983: Cell 1 (Static) = 0.000787 | Cell 2 (Plastic) = 0.000787
Trial: 984, Time:51.004s
Trial 984: Cell 1 (Static) = 0.000785 | Cell 2 (Plastic) = 0.000785
Trial: 985, Time:51.008s
Trial 985: Cell 1 (Static) = 0.000782 | Cell 2 (Plastic) = 0.000782
Trial: 986, Time:50.992s
Trial 986: Cell 1 (Static) = 0.000780 | Cell 2 (Plastic) = 0.000780
Trial: 987, Time:50.848s
Trial 987: Cell 1 (Static) = 0.000778 | Cell 2 (Plastic) = 0.000778
Trial: 988, Time:50.756s
Trial 988: Cell 1 (Static) = 0.000775 | Cell 2 (Plastic) = 0.000775
Trial: 989, Time:50.748s
Trial 989: Cell 1 (Static) = 0.000773 | Cell 2 (Plastic) = 0.000773
Trial: 990, Time:50.528s
Trial 990: Cell 1 (Static) = 0.000771 | Cell 2 (Plastic) = 0.000771
Trial: 991, Time:51.000s
Trial 991: Cell 1 (Static) = 0.000768 | Cell 2 (Plastic) = 0.000768
Trial: 992, Time:50.779s
Trial 992: Cell 1 (Static) = 0.000766 | Cell 2 (Plastic) = 0.000766
Trial: 993, Time:50.717s
Trial 993: Cell 1 (Static) = 0.000764 | Cell 2 (Plastic) = 0.000764
Trial: 994, Time:50.886s
Trial 994: Cell 1 (Static) = 0.000761 | Cell 2 (Plastic) = 0.000761
Trial: 995, Time:50.758s
Trial 995: Cell 1 (Static) = 0.000759 | Cell 2 (Plastic) = 0.000759
Trial: 996, Time:50.832s
Trial 996: Cell 1 (Static) = 0.000757 | Cell 2 (Plastic) = 0.000757
Trial: 997, Time:51.196s
Trial 997: Cell 1 (Static) = 0.000755 | Cell 2 (Plastic) = 0.000755
Trial: 998, Time:51.262s
Trial 998: Cell 1 (Static) = 0.000752 | Cell 2 (Plastic) = 0.000752
Trial: 999, Time:51.458s
Trial 999: Cell 1 (Static) = 0.000750 | Cell 2 (Plastic) = 0.000750
Trial: 1000, Time:51.537s
Raster array saved to '/home/data/einez/homeostat_playground/MFGoGr_playground_shuffleMF10percent_noCS_yesGoGo_yesgrGo_gogrplast_allcell_1000_trial/MFGoGr_playground_shuffleMF10percent_noCS_yesGoGo_yesgrGo_gogrplast_allcell_1000_trial_GOrasters.npy'
Raster array saved to '/home/data/einez/homeostat_playground/MFGoGr_playground_shuffleMF10percent_noCS_yesGoGo_yesgrGo_gogrplast_allcell_1000_trial/MFGoGr_playground_shuffleMF10percent_noCS_yesGoGo_yesgrGo_gogrplast_allcell_1000_trial_GRrasters.npy'
Raster array saved to '/home/data/einez/homeostat_playground/MFGoGr_playground_shuffleMF10percent_noCS_yesGoGo_yesgrGo_gogrplast_allcell_1000_trial/MFGoGr_playground_shuffleMF10percent_noCS_yesGoGo_yesgrGo_gogrplast_allcell_1000_trial_gogoW.npy'
Raster array saved to '/home/data/einez/homeostat_playground/MFGoGr_playground_shuffleMF10percent_noCS_yesGoGo_yesgrGo_gogrplast_allcell_1000_trial/MFGoGr_playground_shuffleMF10percent_noCS_yesGoGo_yesgrGo_gogrplast_allcell_1000_trial_grgoW.npy'
Raster array saved to '/home/data/einez/homeostat_playground/MFGoGr_playground_shuffleMF10percent_noCS_yesGoGo_yesgrGo_gogrplast_allcell_1000_trial/MFGoGr_playground_shuffleMF10percent_noCS_yesGoGo_yesgrGo_gogrplast_allcell_1000_trial_mfgoW.npy'
Raster array saved to '/home/data/einez/homeostat_playground/MFGoGr_playground_shuffleMF10percent_noCS_yesGoGo_yesgrGo_gogrplast_allcell_1000_trial/MFGoGr_playground_shuffleMF10percent_noCS_yesGoGo_yesgrGo_gogrplast_allcell_1000_trial_mfgrW.npy'
Raster array saved to '/home/data/einez/homeostat_playground/MFGoGr_playground_shuffleMF10percent_noCS_yesGoGo_yesgrGo_gogrplast_allcell_1000_trial/MFGoGr_playground_shuffleMF10percent_noCS_yesGoGo_yesgrGo_gogrplast_allcell_1000_trial_gogrW.npy'
