nohup: ignoring input
Starting Session...
Initializing objects...
Objects initialized.
Loading connectivity arrays...
MFGO Connectivity Array Loaded.
MFGR Connectivity Array Loaded.
GOGR Connectivity Array Loaded.
GRGO Connectivity Array Loaded.
GOGO Connectivity Array Loaded.
Connectivity Arrays Loaded
48031278
Trial: 1, Time:35.203s
49846893
Trial: 2, Time:34.741s
50091383
Trial: 3, Time:35.055s
50288504
Trial: 4, Time:36.043s
50830657
Trial: 5, Time:36.073s
49688536
Trial: 6, Time:35.942s
49315767
Trial: 7, Time:35.188s
48014295
Trial: 8, Time:35.582s
49614038
Trial: 9, Time:34.947s
48191840
Trial: 10, Time:35.614s
48034909
Trial: 11, Time:34.491s
48317115
Trial: 12, Time:35.250s
49769718
Trial: 13, Time:35.033s
49399388
Trial: 14, Time:35.160s
49298882
Trial: 15, Time:35.430s
48616318
Trial: 16, Time:35.684s
47317366
Trial: 17, Time:35.045s
47161584
Trial: 18, Time:35.469s
47641715
Trial: 19, Time:34.751s
47427847
Trial: 20, Time:34.909s
48126647
Trial: 21, Time:34.739s
48170479
Trial: 22, Time:35.572s
48527012
Trial: 23, Time:34.951s
48658315
Trial: 24, Time:35.697s
48214429
Trial: 25, Time:34.834s
48928986
Trial: 26, Time:35.146s
50317466
Trial: 27, Time:35.102s
49527458
Trial: 28, Time:36.171s
50479671
Trial: 29, Time:35.267s
51707003
Trial: 30, Time:36.293s
51175260
Trial: 31, Time:35.402s
51782228
Trial: 32, Time:35.635s
51889201
Trial: 33, Time:35.365s
52265789
Trial: 34, Time:36.592s
52741169
Trial: 35, Time:35.697s
52464032
Trial: 36, Time:36.404s
52051032
Trial: 37, Time:35.783s
51744498
Trial: 38, Time:35.715s
51852766
Trial: 39, Time:35.502s
51604957
Trial: 40, Time:36.779s
52361466
Trial: 41, Time:35.793s
51860825
Trial: 42, Time:36.505s
51643214
Trial: 43, Time:35.466s
51734785
Trial: 44, Time:35.495s
52382516
Trial: 45, Time:35.340s
52038161
Trial: 46, Time:36.434s
50901878
Trial: 47, Time:35.156s
51160175
Trial: 48, Time:35.872s
50338906
Trial: 49, Time:34.851s
50472242
Trial: 50, Time:34.992s
50956498
Trial: 51, Time:35.271s
50901203
Trial: 52, Time:36.504s
50924855
Trial: 53, Time:35.240s
52276118
Trial: 54, Time:36.239s
51283893
Trial: 55, Time:35.206s
51732603
Trial: 56, Time:35.203s
51088571
Trial: 57, Time:34.816s
51071691
Trial: 58, Time:36.050s
51165323
Trial: 59, Time:35.008s
50421338
Trial: 60, Time:35.459s
49915483
Trial: 61, Time:34.586s
50676247
Trial: 62, Time:34.859s
50548779
Trial: 63, Time:35.021s
52278487
Trial: 64, Time:36.494s
51866851
Trial: 65, Time:35.251s
52870161
Trial: 66, Time:36.120s
52062557
Trial: 67, Time:35.099s
53338428
Trial: 68, Time:35.427s
53778467
Trial: 69, Time:35.350s
53417898
Trial: 70, Time:36.303s
53953807
Trial: 71, Time:35.756s
54038172
Trial: 72, Time:36.433s
53113002
Trial: 73, Time:35.738s
52905439
Trial: 74, Time:35.230s
53612046
Trial: 75, Time:35.464s
55314508
Trial: 76, Time:36.932s
54215298
Trial: 77, Time:36.008s
53503402
Trial: 78, Time:36.527s
53917741
Trial: 79, Time:35.551s
54244265
Trial: 80, Time:35.428s
53313276
Trial: 81, Time:35.059s
53432555
Trial: 82, Time:36.376s
52769799
Trial: 83, Time:35.094s
52254106
Trial: 84, Time:35.723s
53342887
Trial: 85, Time:35.497s
53836812
Trial: 86, Time:35.397s
54533703
Trial: 87, Time:35.352s
56068691
Trial: 88, Time:36.795s
54936075
Trial: 89, Time:35.877s
54799789
Trial: 90, Time:36.790s
55201848
Trial: 91, Time:35.632s
53801337
Trial: 92, Time:35.357s
53813331
Trial: 93, Time:35.153s
55481137
Trial: 94, Time:36.482s
55738036
Trial: 95, Time:35.883s
55451888
Trial: 96, Time:36.630s
55120634
Trial: 97, Time:35.819s
55062637
Trial: 98, Time:35.616s
55544702
Trial: 99, Time:35.612s
56236527
Trial: 100, Time:36.572s
54540910
Trial: 101, Time:35.464s
54645396
Trial: 102, Time:36.210s
55086206
Trial: 103, Time:35.842s
55212461
Trial: 104, Time:35.687s
53673330
Trial: 105, Time:35.366s
54400724
Trial: 106, Time:36.880s
53717726
Trial: 107, Time:35.793s
54931018
Trial: 108, Time:36.651s
54265689
Trial: 109, Time:35.531s
55014091
Trial: 110, Time:35.435s
55744816
Trial: 111, Time:35.729s
55121573
Trial: 112, Time:36.874s
56373045
Trial: 113, Time:35.869s
57090717
Trial: 114, Time:37.102s
57684256
Trial: 115, Time:36.242s
57777837
Trial: 116, Time:36.024s
57088899
Trial: 117, Time:35.900s
57242268
Trial: 118, Time:37.369s
57411505
Trial: 119, Time:36.252s
57464257
Trial: 120, Time:36.977s
57021326
Trial: 121, Time:36.079s
58046171
Trial: 122, Time:36.047s
57025438
Trial: 123, Time:35.792s
56713172
Trial: 124, Time:36.560s
57147241
Trial: 125, Time:36.046s
57079539
Trial: 126, Time:37.072s
56484049
Trial: 127, Time:36.223s
55301469
Trial: 128, Time:35.434s
56184127
Trial: 129, Time:35.585s
55012186
Trial: 130, Time:36.582s
55469297
Trial: 131, Time:35.514s
56375810
Trial: 132, Time:36.469s
57338062
Trial: 133, Time:36.031s
56110798
Trial: 134, Time:35.728s
58118359
Trial: 135, Time:35.937s
58683246
Trial: 136, Time:37.159s
57859351
Trial: 137, Time:36.003s
58381947
Trial: 138, Time:36.805s
57694708
Trial: 139, Time:35.878s
58726099
Trial: 140, Time:35.856s
58425009
Trial: 141, Time:35.943s
59194001
Trial: 142, Time:36.861s
59440656
Trial: 143, Time:36.244s
59830233
Trial: 144, Time:37.539s
59176200
Trial: 145, Time:36.607s
58560334
Trial: 146, Time:36.147s
59273361
Trial: 147, Time:36.211s
59410924
Trial: 148, Time:36.886s
59262117
Trial: 149, Time:36.172s
58342203
Trial: 150, Time:36.651s
59305657
Trial: 151, Time:36.330s
58214066
Trial: 152, Time:35.877s
59518733
Trial: 153, Time:36.455s
58880627
Trial: 154, Time:37.303s
60771642
Trial: 155, Time:36.864s
61739403
Trial: 156, Time:37.299s
60890499
Trial: 157, Time:36.278s
62165015
Trial: 158, Time:36.327s
60777227
Trial: 159, Time:36.319s
61195243
Trial: 160, Time:37.183s
61546863
Trial: 161, Time:36.517s
61726378
Trial: 162, Time:37.278s
61033459
Trial: 163, Time:36.430s
62784549
Trial: 164, Time:36.398s
62145940
Trial: 165, Time:36.564s
62936822
Trial: 166, Time:37.484s
62721349
Trial: 167, Time:36.657s
62107907
Trial: 168, Time:37.269s
61309983
Trial: 169, Time:36.516s
62075517
Trial: 170, Time:36.435s
62996700
Trial: 171, Time:37.047s
63071290
Trial: 172, Time:38.064s
64598810
Trial: 173, Time:37.363s
62255858
Trial: 174, Time:37.599s
63404941
Trial: 175, Time:37.043s
61412311
Trial: 176, Time:36.223s
61390717
Trial: 177, Time:36.565s
59543151
Trial: 178, Time:36.934s
60403609
Trial: 179, Time:36.450s
61023352
Trial: 180, Time:37.255s
60560763
Trial: 181, Time:36.397s
59918010
Trial: 182, Time:35.806s
59703871
Trial: 183, Time:35.904s
59217284
Trial: 184, Time:36.567s
60958554
Trial: 185, Time:36.248s
61886961
Trial: 186, Time:37.154s
61721760
Trial: 187, Time:36.347s
60071728
Trial: 188, Time:35.515s
60762208
Trial: 189, Time:36.013s
62184046
Trial: 190, Time:37.060s
61947462
Trial: 191, Time:36.441s
62989007
Trial: 192, Time:37.434s
62405960
Trial: 193, Time:36.744s
62721296
Trial: 194, Time:36.075s
63254459
Trial: 195, Time:36.511s
64688338
Trial: 196, Time:37.560s
65128695
Trial: 197, Time:37.308s
62546495
Trial: 198, Time:37.437s
61946198
Trial: 199, Time:36.537s
62512767
Trial: 200, Time:35.983s
62626399
Trial: 201, Time:36.515s
64057286
Trial: 202, Time:37.339s
61877569
Trial: 203, Time:36.066s
60259155
Trial: 204, Time:36.370s
63158765
Trial: 205, Time:36.264s
62428554
Trial: 206, Time:35.798s
63903226
Trial: 207, Time:36.793s
64456617
Trial: 208, Time:37.714s
63057569
Trial: 209, Time:36.703s
63768512
Trial: 210, Time:37.677s
63652829
Trial: 211, Time:36.854s
62433396
Trial: 212, Time:35.941s
61874340
Trial: 213, Time:36.228s
61906448
Trial: 214, Time:36.872s
64439724
Trial: 215, Time:36.577s
65274007
Trial: 216, Time:37.432s
65898988
Trial: 217, Time:36.896s
64613695
Trial: 218, Time:36.028s
64122030
Trial: 219, Time:36.297s
64041297
Trial: 220, Time:37.082s
62556915
Trial: 221, Time:36.310s
61751983
Trial: 222, Time:36.428s
61233600
Trial: 223, Time:36.337s
62102035
Trial: 224, Time:35.895s
61480554
Trial: 225, Time:36.116s
60169760
Trial: 226, Time:36.863s
61617527
Trial: 227, Time:36.786s
63836389
Trial: 228, Time:37.564s
65193087
Trial: 229, Time:36.964s
63857237
Trial: 230, Time:36.029s
63171663
Trial: 231, Time:36.336s
64923386
Trial: 232, Time:37.545s
65374667
Trial: 233, Time:37.196s
66986451
Trial: 234, Time:37.764s
65669188
Trial: 235, Time:37.192s
66552470
Trial: 236, Time:36.427s
65841621
Trial: 237, Time:36.840s
67102477
Trial: 238, Time:37.882s
67159633
Trial: 239, Time:37.752s
69381425
Trial: 240, Time:38.331s
66637804
Trial: 241, Time:37.482s
68424920
Trial: 242, Time:36.860s
67862797
Trial: 243, Time:37.410s
69284144
Trial: 244, Time:38.217s
70140834
Trial: 245, Time:38.035s
69400545
Trial: 246, Time:38.323s
70706909
Trial: 247, Time:38.307s
70033116
Trial: 248, Time:36.969s
69404314
Trial: 249, Time:37.635s
69315154
Trial: 250, Time:38.795s
69138403
Trial: 251, Time:37.776s
67583124
Trial: 252, Time:38.164s
68753850
Trial: 253, Time:37.554s
67589992
Trial: 254, Time:36.173s
66766531
Trial: 255, Time:36.909s
66295648
Trial: 256, Time:37.530s
66850689
Trial: 257, Time:37.115s
66379018
Trial: 258, Time:37.420s
66863272
Trial: 259, Time:37.066s
67087213
Trial: 260, Time:36.088s
65921446
Trial: 261, Time:36.525s
66927326
Trial: 262, Time:37.453s
67648358
Trial: 263, Time:37.156s
66007878
Trial: 264, Time:37.324s
66110523
Trial: 265, Time:37.111s
65994244
Trial: 266, Time:36.198s
66426165
Trial: 267, Time:36.705s
66272620
Trial: 268, Time:37.453s
67336969
Trial: 269, Time:37.461s
67375271
Trial: 270, Time:37.674s
68042681
Trial: 271, Time:37.568s
69691176
Trial: 272, Time:36.830s
71000410
Trial: 273, Time:37.812s
69901073
Trial: 274, Time:38.300s
70260561
Trial: 275, Time:37.876s
70170871
Trial: 276, Time:38.318s
68550285
Trial: 277, Time:37.359s
69195020
Trial: 278, Time:36.378s
68880699
Trial: 279, Time:37.028s
68896884
Trial: 280, Time:37.945s
70690325
Trial: 281, Time:37.542s
71997923
Trial: 282, Time:38.497s
72400873
Trial: 283, Time:37.864s
73008633
Trial: 284, Time:36.670s
73102440
Trial: 285, Time:37.818s
73327548
Trial: 286, Time:38.423s
74609926
Trial: 287, Time:38.248s
76279478
Trial: 288, Time:39.062s
76114290
Trial: 289, Time:38.575s
77551142
Trial: 290, Time:37.702s
79316998
Trial: 291, Time:39.124s
79238085
Trial: 292, Time:39.411s
76218073
Trial: 293, Time:38.735s
78412688
Trial: 294, Time:39.244s
78560744
Trial: 295, Time:39.092s
76904711
Trial: 296, Time:37.319s
75566293
Trial: 297, Time:38.281s
74606658
Trial: 298, Time:38.428s
77155771
Trial: 299, Time:38.729s
76645949
Trial: 300, Time:38.931s
77303489
Trial: 301, Time:38.906s
76377443
Trial: 302, Time:37.602s
76293505
Trial: 303, Time:38.720s
75017739
Trial: 304, Time:38.885s
75411332
Trial: 305, Time:38.414s
73936563
Trial: 306, Time:38.343s
74951663
Trial: 307, Time:38.246s
73527234
Trial: 308, Time:36.706s
75265243
Trial: 309, Time:38.121s
75109627
Trial: 310, Time:38.891s
78004872
Trial: 311, Time:38.804s
75869970
Trial: 312, Time:38.991s
75641499
Trial: 313, Time:38.292s
77066115
Trial: 314, Time:37.350s
76117440
Trial: 315, Time:38.181s
75365471
Trial: 316, Time:38.773s
77320621
Trial: 317, Time:38.648s
77347100
Trial: 318, Time:39.112s
78406711
Trial: 319, Time:38.823s
78652579
Trial: 320, Time:37.517s
78238841
Trial: 321, Time:38.578s
78699001
Trial: 322, Time:39.434s
76530813
Trial: 323, Time:38.520s
76793601
Trial: 324, Time:39.048s
77389711
Trial: 325, Time:38.566s
78050864
Trial: 326, Time:37.397s
78625394
Trial: 327, Time:38.714s
75808881
Trial: 328, Time:39.417s
77733059
Trial: 329, Time:39.371s
77153437
Trial: 330, Time:39.476s
77471481
Trial: 331, Time:39.162s
76036626
Trial: 332, Time:37.464s
77352634
Trial: 333, Time:38.965s
77610015
Trial: 334, Time:39.763s
77706312
Trial: 335, Time:39.462s
77011758
Trial: 336, Time:39.570s
77193288
Trial: 337, Time:39.348s
76667000
Trial: 338, Time:38.213s
75841520
Trial: 339, Time:38.466s
75999404
Trial: 340, Time:40.082s
76863578
Trial: 341, Time:39.693s
76221391
Trial: 342, Time:39.597s
75493620
Trial: 343, Time:38.874s
77924737
Trial: 344, Time:38.765s
75813863
Trial: 345, Time:38.375s
76041068
Trial: 346, Time:39.536s
75713110
Trial: 347, Time:38.794s
76196485
Trial: 348, Time:39.430s
77782045
Trial: 349, Time:39.542s
78175030
Trial: 350, Time:38.596s
77590045
Trial: 351, Time:38.485s
77760229
Trial: 352, Time:39.684s
76496267
Trial: 353, Time:38.702s
78430221
Trial: 354, Time:38.505s
77208200
Trial: 355, Time:38.352s
79262693
Trial: 356, Time:37.518s
80009650
Trial: 357, Time:38.673s
80458209
Trial: 358, Time:38.464s
80249567
Trial: 359, Time:39.162s
79975987
Trial: 360, Time:38.430s
80224295
Trial: 361, Time:38.646s
81060401
Trial: 362, Time:37.555s
81614679
Trial: 363, Time:39.203s
82256846
Trial: 364, Time:39.825s
81323946
Trial: 365, Time:38.996s
82061037
Trial: 366, Time:40.258s
82661481
Trial: 367, Time:39.392s
80768798
Trial: 368, Time:38.864s
81785811
Trial: 369, Time:38.967s
81860915
Trial: 370, Time:40.027s
82955253
Trial: 371, Time:39.947s
81373794
Trial: 372, Time:40.195s
83035052
Trial: 373, Time:39.632s
83149864
Trial: 374, Time:39.219s
81527758
Trial: 375, Time:38.827s
80964342
Trial: 376, Time:39.600s
81482075
Trial: 377, Time:39.416s
82658394
Trial: 378, Time:39.657s
80182832
Trial: 379, Time:38.855s
81252518
Trial: 380, Time:38.690s
82549127
Trial: 381, Time:38.744s
83276548
Trial: 382, Time:40.199s
82428916
Trial: 383, Time:39.152s
82998778
Trial: 384, Time:39.458s
83863103
Trial: 385, Time:39.834s
85547499
Trial: 386, Time:39.341s
84026632
Trial: 387, Time:39.155s
82409051
Trial: 388, Time:40.422s
82431955
Trial: 389, Time:39.856s
79863751
Trial: 390, Time:40.136s
80245878
Trial: 391, Time:39.330s
82099384
Trial: 392, Time:38.682s
83830107
Trial: 393, Time:39.344s
83957942
Trial: 394, Time:39.556s
83886936
Trial: 395, Time:39.558s
84047063
Trial: 396, Time:39.700s
85745802
Trial: 397, Time:39.675s
84302262
Trial: 398, Time:38.491s
83491348
Trial: 399, Time:39.126s
84489655
Trial: 400, Time:40.932s
84546556
Trial: 401, Time:39.789s
84780327
Trial: 402, Time:40.541s
83502651
Trial: 403, Time:39.882s
84864792
Trial: 404, Time:38.750s
84968229
Trial: 405, Time:40.095s
86043222
Trial: 406, Time:40.716s
86597930
Trial: 407, Time:40.402s
86443735
Trial: 408, Time:40.365s
85200258
Trial: 409, Time:40.594s
85235233
Trial: 410, Time:39.128s
84924840
Trial: 411, Time:39.653s
86262720
Trial: 412, Time:41.510s
86870464
Trial: 413, Time:40.126s
85315539
Trial: 414, Time:41.424s
84757111
Trial: 415, Time:39.343s
87253918
Trial: 416, Time:39.930s
87120646
Trial: 417, Time:39.915s
87051484
Trial: 418, Time:40.375s
85812789
Trial: 419, Time:39.949s
84889688
Trial: 420, Time:41.835s
83915986
Trial: 421, Time:39.485s
84159571
Trial: 422, Time:38.500s
85467340
Trial: 423, Time:39.227s
88862357
Trial: 424, Time:40.578s
87216514
Trial: 425, Time:39.985s
86568953
Trial: 426, Time:40.605s
85674882
Trial: 427, Time:39.468s
85680823
Trial: 428, Time:38.333s
84211126
Trial: 429, Time:38.876s
84589367
Trial: 430, Time:39.857s
83941407
Trial: 431, Time:39.132s
82523285
Trial: 432, Time:39.332s
83697778
Trial: 433, Time:38.895s
83747187
Trial: 434, Time:38.401s
86262372
Trial: 435, Time:39.350s
85924499
Trial: 436, Time:39.458s
86159540
Trial: 437, Time:39.066s
84726003
Trial: 438, Time:39.582s
87235349
Trial: 439, Time:38.997s
87120373
Trial: 440, Time:38.443s
86427140
Trial: 441, Time:39.252s
85870585
Trial: 442, Time:39.574s
88950694
Trial: 443, Time:39.619s
88852336
Trial: 444, Time:40.201s
89502207
Trial: 445, Time:38.942s
88839171
Trial: 446, Time:38.130s
89578670
Trial: 447, Time:40.090s
87453392
Trial: 448, Time:39.351s
85600906
Trial: 449, Time:38.620s
88123614
Trial: 450, Time:38.730s
85490031
Trial: 451, Time:38.521s
85391511
Trial: 452, Time:37.411s
86142034
Trial: 453, Time:39.091s
87553179
Trial: 454, Time:39.805s
87650129
Trial: 455, Time:39.318s
89782815
Trial: 456, Time:39.091s
88257065
Trial: 457, Time:38.775s
88331216
Trial: 458, Time:37.930s
86540847
Trial: 459, Time:38.936s
87307404
Trial: 460, Time:38.853s
89113902
Trial: 461, Time:39.225s
88772418
Trial: 462, Time:39.550s
89143075
Trial: 463, Time:38.770s
86962788
Trial: 464, Time:37.731s
88046315
Trial: 465, Time:39.250s
89486103
Trial: 466, Time:39.372s
89875829
Trial: 467, Time:38.698s
88138927
Trial: 468, Time:39.317s
88896217
Trial: 469, Time:38.594s
89365763
Trial: 470, Time:38.017s
91029444
Trial: 471, Time:39.581s
91169708
Trial: 472, Time:39.587s
90446801
Trial: 473, Time:39.401s
92734045
Trial: 474, Time:40.445s
93534273
Trial: 475, Time:38.869s
91422861
Trial: 476, Time:39.911s
