nohup: ignoring input
Starting Session...
Initializing objects...
Objects initialized.
Loading connectivity arrays...
MFGO Connectivity Array Loaded.
MFGR Connectivity Array Loaded.
GOGR Connectivity Array Loaded.
GRGO Connectivity Array Loaded.
GOGO Connectivity Array Loaded.
Connectivity Arrays Loaded
47785367
Trial: 1, Time:30.340s
48221303
Trial: 2, Time:29.665s
49065365
Trial: 3, Time:30.016s
47619850
Trial: 4, Time:29.997s
48015632
Trial: 5, Time:30.163s
47990017
Trial: 6, Time:30.086s
47188203
Trial: 7, Time:29.983s
48528587
Trial: 8, Time:30.423s
48591879
Trial: 9, Time:30.688s
47538260
Trial: 10, Time:30.308s
48274236
Trial: 11, Time:30.649s
49441841
Trial: 12, Time:31.544s
48942121
Trial: 13, Time:30.156s
49172405
Trial: 14, Time:30.027s
49481699
Trial: 15, Time:30.345s
49209454
Trial: 16, Time:30.365s
49869014
Trial: 17, Time:30.412s
48983557
Trial: 18, Time:30.305s
49438886
Trial: 19, Time:29.859s
49995005
Trial: 20, Time:30.286s
50059112
Trial: 21, Time:30.657s
50151419
Trial: 22, Time:30.946s
49946718
Trial: 23, Time:31.028s
51676513
Trial: 24, Time:31.264s
52336931
Trial: 25, Time:30.972s
51194163
Trial: 26, Time:30.939s
50544206
Trial: 27, Time:30.880s
50719384
Trial: 28, Time:30.701s
50096340
Trial: 29, Time:30.727s
49493541
Trial: 30, Time:30.648s
50691809
Trial: 31, Time:30.422s
51472179
Trial: 32, Time:30.636s
52014101
Trial: 33, Time:30.989s
52098589
Trial: 34, Time:30.990s
52094225
Trial: 35, Time:30.948s
49947227
Trial: 36, Time:30.561s
50198906
Trial: 37, Time:30.594s
49339191
Trial: 38, Time:30.498s
49749479
Trial: 39, Time:30.439s
49481646
Trial: 40, Time:30.410s
49460052
Trial: 41, Time:29.906s
50860343
Trial: 42, Time:30.722s
50619711
Trial: 43, Time:30.972s
50259621
Trial: 44, Time:30.914s
50654356
Trial: 45, Time:30.674s
49160283
Trial: 46, Time:30.724s
49422368
Trial: 47, Time:30.405s
49617564
Trial: 48, Time:30.091s
49995128
Trial: 49, Time:30.506s
49048525
Trial: 50, Time:30.405s
48300610
Trial: 51, Time:30.202s
49392064
Trial: 52, Time:30.386s
48285840
Trial: 53, Time:30.110s
49597833
Trial: 54, Time:30.364s
50402599
Trial: 55, Time:30.501s
50681158
Trial: 56, Time:30.564s
50152172
Trial: 57, Time:29.948s
49991721
Trial: 58, Time:30.442s
48765514
Trial: 59, Time:30.433s
49575071
Trial: 60, Time:30.646s
49546153
Trial: 61, Time:30.602s
50749042
Trial: 62, Time:30.603s
51239445
Trial: 63, Time:30.153s
50844176
Trial: 64, Time:30.588s
51312218
Trial: 65, Time:30.934s
52666870
Trial: 66, Time:30.941s
53368832
Trial: 67, Time:31.311s
53715205
Trial: 68, Time:31.096s
52910883
Trial: 69, Time:30.555s
52180782
Trial: 70, Time:30.758s
52158601
Trial: 71, Time:30.773s
52119213
Trial: 72, Time:30.749s
52702521
Trial: 73, Time:30.854s
51662666
Trial: 74, Time:30.634s
51805731
Trial: 75, Time:30.974s
51892315
Trial: 76, Time:31.007s
52597366
Trial: 77, Time:31.114s
52264884
Trial: 78, Time:31.069s
52903182
Trial: 79, Time:30.895s
52729392
Trial: 80, Time:30.300s
54441598
Trial: 81, Time:30.784s
54110792
Trial: 82, Time:31.280s
53233137
Trial: 83, Time:31.145s
52540751
Trial: 84, Time:30.914s
52974034
Trial: 85, Time:31.143s
53417957
Trial: 86, Time:30.967s
53748265
Trial: 87, Time:31.093s
53035977
Trial: 88, Time:30.819s
53134712
Trial: 89, Time:30.863s
54065118
Trial: 90, Time:30.424s
52951132
Trial: 91, Time:30.834s
53966129
Trial: 92, Time:30.994s
54308410
Trial: 93, Time:31.060s
54310213
Trial: 94, Time:31.027s
54497946
Trial: 95, Time:31.068s
53767396
Trial: 96, Time:30.280s
53506559
Trial: 97, Time:30.846s
53722865
Trial: 98, Time:30.856s
54079241
Trial: 99, Time:30.981s
53237212
Trial: 100, Time:30.817s
55623756
Trial: 101, Time:31.282s
55697592
Trial: 102, Time:30.593s
55301184
Trial: 103, Time:31.125s
56110834
Trial: 104, Time:31.248s
56625076
Trial: 105, Time:31.342s
55809387
Trial: 106, Time:31.152s
56234273
Trial: 107, Time:31.243s
56625458
Trial: 108, Time:30.691s
56306927
Trial: 109, Time:31.282s
57333087
Trial: 110, Time:31.473s
57746460
Trial: 111, Time:31.569s
56430414
Trial: 112, Time:31.261s
56914333
Trial: 113, Time:31.385s
56925977
Trial: 114, Time:30.727s
56713479
Trial: 115, Time:31.374s
57735149
Trial: 116, Time:31.517s
57092938
Trial: 117, Time:31.391s
57385090
Trial: 118, Time:31.426s
57704204
Trial: 119, Time:31.470s
59072301
Trial: 120, Time:31.056s
58770159
Trial: 121, Time:31.673s
58349998
Trial: 122, Time:31.551s
58524185
Trial: 123, Time:31.583s
58090293
Trial: 124, Time:31.474s
57872669
Trial: 125, Time:31.443s
59068598
Trial: 126, Time:31.008s
59770984
Trial: 127, Time:31.844s
58617440
Trial: 128, Time:31.588s
58537401
Trial: 129, Time:31.475s
58283672
Trial: 130, Time:31.387s
57885251
Trial: 131, Time:31.299s
56819288
Trial: 132, Time:30.351s
57267952
Trial: 133, Time:31.114s
58014447
Trial: 134, Time:31.126s
56682970
Trial: 135, Time:30.866s
56304883
Trial: 136, Time:30.766s
56371476
Trial: 137, Time:30.791s
57577996
Trial: 138, Time:30.269s
57587072
Trial: 139, Time:31.018s
58077266
Trial: 140, Time:31.080s
58113574
Trial: 141, Time:31.120s
58769840
Trial: 142, Time:31.453s
59751919
Trial: 143, Time:31.636s
58895865
Trial: 144, Time:31.390s
58862805
Trial: 145, Time:31.397s
60110427
Trial: 146, Time:31.879s
60739764
Trial: 147, Time:31.802s
61844471
Trial: 148, Time:32.307s
61468831
Trial: 149, Time:32.326s
61820747
Trial: 150, Time:32.111s
62528648
Trial: 151, Time:31.465s
63289655
Trial: 152, Time:32.336s
63266558
Trial: 153, Time:32.304s
63024907
Trial: 154, Time:32.207s
63525002
Trial: 155, Time:32.285s
63145928
Trial: 156, Time:32.183s
62994593
Trial: 157, Time:32.149s
61858055
Trial: 158, Time:32.185s
61064864
Trial: 159, Time:31.809s
60604213
Trial: 160, Time:31.749s
60824590
Trial: 161, Time:31.701s
61163860
Trial: 162, Time:31.767s
63202840
Trial: 163, Time:31.277s
60029639
Trial: 164, Time:31.532s
61185896
Trial: 165, Time:31.637s
59342742
Trial: 166, Time:31.321s
58340364
Trial: 167, Time:31.203s
59285284
Trial: 168, Time:31.682s
58902444
Trial: 169, Time:31.580s
61049628
Trial: 170, Time:31.784s
61393991
Trial: 171, Time:31.847s
61614338
Trial: 172, Time:31.915s
60627509
Trial: 173, Time:30.820s
60893265
Trial: 174, Time:31.710s
62313121
Trial: 175, Time:31.933s
61485363
Trial: 176, Time:31.787s
61730653
Trial: 177, Time:31.802s
62117917
Trial: 178, Time:31.896s
61949447
Trial: 179, Time:30.991s
63609676
Trial: 180, Time:32.081s
62027588
Trial: 181, Time:31.771s
61172955
Trial: 182, Time:31.515s
62463259
Trial: 183, Time:31.740s
62951779
Trial: 184, Time:31.791s
61426052
Trial: 185, Time:30.663s
63159007
Trial: 186, Time:31.794s
61873141
Trial: 187, Time:31.611s
62176049
Trial: 188, Time:32.007s
61415689
Trial: 189, Time:31.636s
63152682
Trial: 190, Time:32.105s
63942640
Trial: 191, Time:32.095s
63553938
Trial: 192, Time:32.042s
63544337
Trial: 193, Time:30.901s
62213308
Trial: 194, Time:31.526s
63252058
Trial: 195, Time:31.663s
62635216
Trial: 196, Time:31.652s
62964790
Trial: 197, Time:31.920s
64045239
Trial: 198, Time:31.987s
63081136
Trial: 199, Time:31.878s
64997361
Trial: 200, Time:32.305s
64296142
Trial: 201, Time:32.168s
63753839
Trial: 202, Time:30.959s
64689611
Trial: 203, Time:32.025s
64894205
Trial: 204, Time:31.923s
65049751
Trial: 205, Time:32.264s
65236867
Trial: 206, Time:32.278s
65429241
Trial: 207, Time:32.340s
66327396
Trial: 208, Time:32.528s
66794478
Trial: 209, Time:32.676s
67236454
Trial: 210, Time:31.545s
65464020
Trial: 211, Time:32.223s
67100425
Trial: 212, Time:32.316s
66651689
Trial: 213, Time:32.058s
66375347
Trial: 214, Time:32.211s
66448364
Trial: 215, Time:31.630s
65914638
Trial: 216, Time:32.126s
67435690
Trial: 217, Time:32.137s
68187548
Trial: 218, Time:32.622s
68404125
Trial: 219, Time:31.825s
68080687
Trial: 220, Time:32.595s
67834772
Trial: 221, Time:32.830s
69964710
Trial: 222, Time:32.284s
68995422
Trial: 223, Time:32.492s
68275345
Trial: 224, Time:32.389s
69700641
Trial: 225, Time:31.842s
69169269
Trial: 226, Time:32.750s
66883491
Trial: 227, Time:32.176s
67939442
Trial: 228, Time:32.787s
68183083
Trial: 229, Time:32.792s
68420028
Trial: 230, Time:32.945s
68388692
Trial: 231, Time:32.586s
69726471
Trial: 232, Time:33.079s
70720435
Trial: 233, Time:32.665s
70281077
Trial: 234, Time:32.844s
70225795
Trial: 235, Time:32.810s
70684866
Trial: 236, Time:32.950s
68774335
Trial: 237, Time:32.631s
69514545
Trial: 238, Time:32.714s
70895913
Trial: 239, Time:32.650s
71494668
Trial: 240, Time:33.078s
69343047
Trial: 241, Time:32.636s
70086225
Trial: 242, Time:32.724s
69376216
Trial: 243, Time:32.638s
69177356
Trial: 244, Time:32.563s
68986072
Trial: 245, Time:32.308s
69116025
Trial: 246, Time:32.643s
70035488
Trial: 247, Time:32.766s
71223821
Trial: 248, Time:32.926s
71512776
Trial: 249, Time:33.012s
71296116
Trial: 250, Time:32.924s
70779791
Trial: 251, Time:32.473s
69861584
Trial: 252, Time:32.600s
70831812
Trial: 253, Time:32.819s
69355144
Trial: 254, Time:32.598s
71224615
Trial: 255, Time:33.021s
70102283
Trial: 256, Time:32.775s
72947640
Trial: 257, Time:32.970s
69279078
Trial: 258, Time:32.939s
69755979
Trial: 259, Time:33.036s
68845926
Trial: 260, Time:32.788s
70263983
Trial: 261, Time:32.925s
69081449
Trial: 262, Time:32.639s
69072061
Trial: 263, Time:32.354s
69335111
Trial: 264, Time:32.683s
68837464
Trial: 265, Time:32.571s
68791213
Trial: 266, Time:32.427s
69215171
Trial: 267, Time:32.555s
70546588
Trial: 268, Time:32.741s
71774704
Trial: 269, Time:32.612s
72024255
Trial: 270, Time:33.034s
71900207
Trial: 271, Time:33.042s
70998691
Trial: 272, Time:32.810s
71952387
Trial: 273, Time:32.997s
73223612
Trial: 274, Time:33.397s
72099140
Trial: 275, Time:32.081s
72741538
Trial: 276, Time:33.100s
71619466
Trial: 277, Time:32.935s
71029747
Trial: 278, Time:32.796s
72609240
Trial: 279, Time:33.101s
71396205
Trial: 280, Time:32.772s
73093134
Trial: 281, Time:32.689s
73755091
Trial: 282, Time:33.188s
74175794
Trial: 283, Time:33.314s
76161941
Trial: 284, Time:33.617s
75590997
Trial: 285, Time:33.709s
75992797
Trial: 286, Time:33.714s
76777465
Trial: 287, Time:33.439s
78236245
Trial: 288, Time:34.097s
78072179
Trial: 289, Time:34.076s
79179243
Trial: 290, Time:34.173s
78427445
Trial: 291, Time:34.188s
78616696
Trial: 292, Time:34.442s
77189421
Trial: 293, Time:32.715s
78347271
Trial: 294, Time:34.345s
80157163
Trial: 295, Time:34.388s
79529463
Trial: 296, Time:34.293s
80374910
Trial: 297, Time:34.424s
81040105
Trial: 298, Time:34.438s
79412868
Trial: 299, Time:33.974s
79022884
Trial: 300, Time:34.278s
79530738
Trial: 301, Time:34.301s
78083999
Trial: 302, Time:34.037s
77250435
Trial: 303, Time:33.889s
76534144
Trial: 304, Time:33.617s
77437832
Trial: 305, Time:33.320s
78571342
Trial: 306, Time:33.922s
80526854
Trial: 307, Time:34.269s
81338986
Trial: 308, Time:34.340s
78922247
Trial: 309, Time:34.106s
79819484
Trial: 310, Time:34.206s
81122028
Trial: 311, Time:33.969s
80797061
Trial: 312, Time:34.436s
80292912
Trial: 313, Time:34.370s
79701611
Trial: 314, Time:34.153s
80626357
Trial: 315, Time:34.383s
81077705
Trial: 316, Time:34.358s
82567840
Trial: 317, Time:34.141s
82304739
Trial: 318, Time:34.560s
82851789
Trial: 319, Time:34.656s
82347743
Trial: 320, Time:34.528s
81566849
Trial: 321, Time:34.432s
81454777
Trial: 322, Time:34.293s
81954111
Trial: 323, Time:33.929s
84165889
Trial: 324, Time:34.771s
82500490
Trial: 325, Time:34.600s
83479875
Trial: 326, Time:34.645s
84010492
Trial: 327, Time:34.875s
83387771
Trial: 328, Time:34.599s
82524757
Trial: 329, Time:34.079s
82410255
Trial: 330, Time:34.632s
81456188
Trial: 331, Time:34.519s
82993864
Trial: 332, Time:34.672s
82240306
Trial: 333, Time:34.684s
82952725
Trial: 334, Time:34.801s
82604399
Trial: 335, Time:33.379s
82925312
Trial: 336, Time:34.988s
84680865
Trial: 337, Time:34.867s
83816098
Trial: 338, Time:34.701s
83965241
Trial: 339, Time:34.913s
84440484
Trial: 340, Time:34.756s
84686854
Trial: 341, Time:34.404s
84505706
Trial: 342, Time:34.752s
83785529
Trial: 343, Time:34.693s
83049494
Trial: 344, Time:34.567s
81789515
Trial: 345, Time:34.475s
82414502
Trial: 346, Time:34.435s
82622875
Trial: 347, Time:33.858s
81922427
Trial: 348, Time:34.163s
81273391
Trial: 349, Time:34.085s
83098509
Trial: 350, Time:34.259s
84842462
Trial: 351, Time:34.726s
85165819
Trial: 352, Time:34.479s
84372153
Trial: 353, Time:34.004s
85853590
Trial: 354, Time:34.501s
83773116
Trial: 355, Time:34.355s
82414973
Trial: 356, Time:34.127s
82171505
Trial: 357, Time:34.201s
84706251
Trial: 358, Time:34.378s
82711593
Trial: 359, Time:33.822s
85510650
Trial: 360, Time:34.446s
85882412
Trial: 361, Time:34.517s
85050372
Trial: 362, Time:34.385s
85567603
Trial: 363, Time:34.755s
83588258
Trial: 364, Time:34.194s
83493287
Trial: 365, Time:33.869s
83875526
Trial: 366, Time:34.287s
82311468
Trial: 367, Time:34.242s
80250481
Trial: 368, Time:33.887s
80334211
Trial: 369, Time:33.959s
82280368
Trial: 370, Time:34.058s
80628329
Trial: 371, Time:32.435s
80548922
Trial: 372, Time:33.916s
82783479
Trial: 373, Time:34.057s
80835991
Trial: 374, Time:33.725s
82208912
Trial: 375, Time:34.319s
82622649
Trial: 376, Time:34.536s
83511372
Trial: 377, Time:33.295s
83788656
Trial: 378, Time:34.918s
85449192
Trial: 379, Time:34.773s
85846962
Trial: 380, Time:34.693s
85785033
Trial: 381, Time:34.734s
85356914
Trial: 382, Time:34.396s
84237518
Trial: 383, Time:33.098s
82967970
Trial: 384, Time:34.168s
84553628
Trial: 385, Time:34.364s
84528188
Trial: 386, Time:34.335s
83847156
Trial: 387, Time:34.401s
84025816
Trial: 388, Time:34.415s
85645048
Trial: 389, Time:34.384s
85455395
Trial: 390, Time:34.610s
84203631
Trial: 391, Time:34.453s
85833490
Trial: 392, Time:34.460s
86685551
Trial: 393, Time:34.927s
87761448
Trial: 394, Time:34.565s
87933152
Trial: 395, Time:34.451s
88414951
Trial: 396, Time:34.743s
87581759
Trial: 397, Time:34.714s
89160462
Trial: 398, Time:34.778s
88884008
Trial: 399, Time:35.288s
87037609
Trial: 400, Time:34.518s
85675382
Trial: 401, Time:34.182s
87220170
Trial: 402, Time:34.467s
88482665
Trial: 403, Time:34.590s
87593949
Trial: 404, Time:34.604s
85306743
Trial: 405, Time:34.603s
86400605
Trial: 406, Time:34.417s
87870647
Trial: 407, Time:34.334s
86718949
Trial: 408, Time:34.455s
89501199
Trial: 409, Time:34.580s
90068616
Trial: 410, Time:34.584s
89042572
Trial: 411, Time:35.235s
89823837
Trial: 412, Time:34.573s
90645778
Trial: 413, Time:34.542s
89180906
Trial: 414, Time:34.664s
88485137
Trial: 415, Time:34.567s
86744627
Trial: 416, Time:34.389s
87024171
Trial: 417, Time:34.736s
88561220
Trial: 418, Time:34.462s
89451362
Trial: 419, Time:34.287s
89367643
Trial: 420, Time:34.353s
88902420
Trial: 421, Time:34.394s
88323134
Trial: 422, Time:34.357s
86642093
Trial: 423, Time:34.550s
86406883
Trial: 424, Time:34.163s
86332135
Trial: 425, Time:33.964s
84359360
Trial: 426, Time:33.989s
85173575
Trial: 427, Time:34.067s
84864939
Trial: 428, Time:33.931s
84119272
Trial: 429, Time:34.040s
84603295
Trial: 430, Time:33.894s
85213749
Trial: 431, Time:33.767s
85246792
Trial: 432, Time:33.957s
87184951
Trial: 433, Time:34.169s
89206618
Trial: 434, Time:34.294s
89505574
Trial: 435, Time:34.898s
90603486
Trial: 436, Time:34.341s
89709947
Trial: 437, Time:34.116s
91290080
Trial: 438, Time:34.366s
91047169
Trial: 439, Time:34.294s
90392253
Trial: 440, Time:34.190s
92470347
Trial: 441, Time:35.365s
93887376
Trial: 442, Time:34.455s
94834771
Trial: 443, Time:34.439s
94876579
Trial: 444, Time:34.521s
92242296
Trial: 445, Time:34.349s
92688739
Trial: 446, Time:34.355s
92134589
Trial: 447, Time:35.263s
92157348
Trial: 448, Time:34.344s
91565733
Trial: 449, Time:34.347s
91606368
Trial: 450, Time:34.497s
92448917
Trial: 451, Time:34.502s
95440374
Trial: 452, Time:34.708s
93549693
Trial: 453, Time:35.605s
94053032
Trial: 454, Time:34.556s
94787366
Trial: 455, Time:34.565s
95927308
Trial: 456, Time:34.742s
97333817
Trial: 457, Time:34.818s
96754699
Trial: 458, Time:34.796s
98441394
Trial: 459, Time:36.447s
96997192
Trial: 460, Time:34.771s
98471209
Trial: 461, Time:34.869s
99457647
Trial: 462, Time:35.049s
98478402
Trial: 463, Time:34.889s
99739582
Trial: 464, Time:35.063s
99019376
Trial: 465, Time:36.585s
97854229
Trial: 466, Time:34.952s
97523883
Trial: 467, Time:34.811s
99702847
Trial: 468, Time:35.140s
99496869
Trial: 469, Time:35.078s
98182750
Trial: 470, Time:34.966s
96669124
Trial: 471, Time:36.168s
96351250
Trial: 472, Time:34.692s
96593240
Trial: 473, Time:34.543s
95866963
Trial: 474, Time:34.590s
98458623
Trial: 475, Time:34.785s
98653776
Trial: 476, Time:34.841s
98543785
Trial: 477, Time:36.310s
100074608
Trial: 478, Time:34.984s
100935465
Trial: 479, Time:35.037s
101625658
Trial: 480, Time:35.181s
97206491
Trial: 481, Time:34.621s
98449262
Trial: 482, Time:34.775s
99764802
Trial: 483, Time:36.485s
99276704
Trial: 484, Time:34.855s
100536161
Trial: 485, Time:34.938s
99115148
Trial: 486, Time:34.959s
96975626
Trial: 487, Time:35.025s
98367815
Trial: 488, Time:35.192s
98540695
Trial: 489, Time:36.781s
96192086
Trial: 490, Time:34.982s
98289688
Trial: 491, Time:35.103s
97096329
Trial: 492, Time:34.962s
95898219
Trial: 493, Time:34.770s
94970774
Trial: 494, Time:34.707s
95167102
Trial: 495, Time:36.036s
96820443
Trial: 496, Time:34.844s
97341788
Trial: 497, Time:34.841s
96858225
Trial: 498, Time:34.860s
96460326
Trial: 499, Time:34.763s
97744584
Trial: 500, Time:34.929s
97114641
Trial: 501, Time:36.322s
99020408
Trial: 502, Time:35.054s
97773607
Trial: 503, Time:34.819s
97786873
Trial: 504, Time:34.879s
97981280
Trial: 505, Time:34.883s
99815877
Trial: 506, Time:35.096s
100063178
Trial: 507, Time:36.781s
98672023
Trial: 508, Time:34.947s
99690736
Trial: 509, Time:35.001s
99584759
Trial: 510, Time:35.067s
98152306
Trial: 511, Time:34.849s
99766439
Trial: 512, Time:35.055s
100519643
Trial: 513, Time:36.874s
99358133
Trial: 514, Time:35.057s
99784747
Trial: 515, Time:35.065s
101122147
Trial: 516, Time:35.293s
100662107
Trial: 517, Time:35.197s
99790674
Trial: 518, Time:35.099s
99649648
Trial: 519, Time:36.727s
102971770
Trial: 520, Time:35.489s
103553558
Trial: 521, Time:35.478s
102926294
Trial: 522, Time:37.213s
101630381
Trial: 523, Time:35.281s
102884866
Trial: 524, Time:35.468s
104319687
Trial: 525, Time:37.477s
104433877
Trial: 526, Time:35.699s
106255571
Trial: 527, Time:35.901s
104835795
Trial: 528, Time:35.752s
104335001
Trial: 529, Time:35.623s
104862598
Trial: 530, Time:35.723s
104818211
Trial: 531, Time:37.523s
103015504
Trial: 532, Time:35.448s
104885470
Trial: 533, Time:35.652s
105700758
Trial: 534, Time:35.821s
105661524
Trial: 535, Time:35.779s
105921358
Trial: 536, Time:35.843s
105175705
Trial: 537, Time:37.544s
105082348
Trial: 538, Time:35.707s
103396625
Trial: 539, Time:35.389s
107127844
Trial: 540, Time:36.000s
108491567
Trial: 541, Time:36.146s
107407412
Trial: 542, Time:36.018s
107638428
Trial: 543, Time:37.919s
107232511
Trial: 544, Time:35.988s
107583572
Trial: 545, Time:35.966s
106940865
Trial: 546, Time:35.927s
107707656
Trial: 547, Time:36.009s
107811256
Trial: 548, Time:36.050s
106240578
Trial: 549, Time:37.651s
106574868
Trial: 550, Time:35.745s
105520729
Trial: 551, Time:35.522s
104055026
Trial: 552, Time:35.358s
103555940
Trial: 553, Time:35.269s
103279689
Trial: 554, Time:35.244s
104431719
Trial: 555, Time:37.234s
103270073
Trial: 556, Time:35.238s
102987396
Trial: 557, Time:35.136s
103321313
Trial: 558, Time:35.056s
102335580
Trial: 559, Time:34.834s
100492216
Trial: 560, Time:34.625s
101065986
Trial: 561, Time:36.342s
100398287
Trial: 562, Time:34.605s
101166486
Trial: 563, Time:34.835s
102120771
Trial: 564, Time:35.041s
102986754
Trial: 565, Time:35.092s
105726331
Trial: 566, Time:35.428s
105308163
Trial: 567, Time:37.150s
107922602
Trial: 568, Time:35.685s
108986432
Trial: 569, Time:35.796s
107753478
Trial: 570, Time:35.656s
109497723
Trial: 571, Time:35.866s
110070521
Trial: 572, Time:35.971s
109474449
Trial: 573, Time:37.782s
108904083
Trial: 574, Time:35.769s
108226933
Trial: 575, Time:35.622s
107455548
Trial: 576, Time:35.570s
109262291
Trial: 577, Time:35.788s
108595372
Trial: 578, Time:35.735s
110112948
Trial: 579, Time:37.921s
111184406
Trial: 580, Time:36.161s
109888891
Trial: 581, Time:35.947s
112709721
Trial: 582, Time:36.351s
113906897
Trial: 583, Time:36.471s
111952617
Trial: 584, Time:36.184s
111263571
Trial: 585, Time:38.028s
111173759
Trial: 586, Time:36.052s
112942554
Trial: 587, Time:36.266s
113236438
Trial: 588, Time:36.373s
115515498
Trial: 589, Time:36.649s
114602756
Trial: 590, Time:36.554s
114988573
Trial: 591, Time:38.613s
115177675
Trial: 592, Time:36.609s
115172532
Trial: 593, Time:36.544s
114058688
Trial: 594, Time:36.437s
116441418
Trial: 595, Time:36.771s
114694128
Trial: 596, Time:36.506s
114723125
Trial: 597, Time:38.531s
115183807
Trial: 598, Time:36.574s
114847866
Trial: 599, Time:36.462s
116359601
Trial: 600, Time:36.728s
115895328
Trial: 601, Time:36.664s
115383291
Trial: 602, Time:36.594s
114642911
Trial: 603, Time:38.498s
117330885
Trial: 604, Time:36.862s
118034517
Trial: 605, Time:36.865s
117471233
Trial: 606, Time:36.756s
115663794
Trial: 607, Time:36.467s
116699870
Trial: 608, Time:36.651s
119368966
Trial: 609, Time:39.142s
117533161
Trial: 610, Time:36.782s
118382530
Trial: 611, Time:36.943s
118586709
Trial: 612, Time:37.037s
118498414
Trial: 613, Time:36.988s
115436552
Trial: 614, Time:36.567s
116789435
Trial: 615, Time:38.831s
115888616
Trial: 616, Time:36.605s
117025582
Trial: 617, Time:36.705s
117713213
Trial: 618, Time:36.862s
119122378
Trial: 619, Time:37.020s
119260656
Trial: 620, Time:37.080s
118792733
Trial: 621, Time:39.119s
119616858
Trial: 622, Time:37.138s
119274091
Trial: 623, Time:36.995s
121422488
Trial: 624, Time:37.369s
123167984
Trial: 625, Time:37.609s
122756749
Trial: 626, Time:37.570s
123693692
Trial: 627, Time:39.903s
125610182
Trial: 628, Time:37.954s
121557906
Trial: 629, Time:37.323s
119693837
Trial: 630, Time:37.099s
120495264
Trial: 631, Time:37.199s
121845848
Trial: 632, Time:37.385s
121711474
Trial: 633, Time:39.673s
122117497
Trial: 634, Time:37.569s
121773671
Trial: 635, Time:37.457s
122214132
Trial: 636, Time:37.523s
119830303
Trial: 637, Time:37.159s
121652007
Trial: 638, Time:37.380s
121827480
Trial: 639, Time:39.537s
122087959
Trial: 640, Time:37.383s
125729722
Trial: 641, Time:37.835s
124345145
Trial: 642, Time:37.679s
123323449
Trial: 643, Time:37.485s
126468218
Trial: 644, Time:37.982s
125880186
Trial: 645, Time:40.157s
125594687
Trial: 646, Time:37.817s
129277819
Trial: 647, Time:38.258s
132237058
Trial: 648, Time:38.743s
129566050
Trial: 649, Time:38.344s
127648591
Trial: 650, Time:38.261s
127491787
Trial: 651, Time:40.999s
127980821
Trial: 652, Time:38.881s
127351260
Trial: 653, Time:40.547s
124259038
Trial: 654, Time:38.315s
123493962
Trial: 655, Time:38.311s
119329629
Trial: 656, Time:37.835s
117894268
Trial: 657, Time:39.733s
118030764
Trial: 658, Time:37.515s
120409219
Trial: 659, Time:37.204s
117804758
Trial: 660, Time:36.995s
119593964
Trial: 661, Time:37.858s
117212885
Trial: 662, Time:36.927s
114224945
Trial: 663, Time:38.525s
114898803
Trial: 664, Time:36.550s
117060830
Trial: 665, Time:37.188s
116536257
Trial: 666, Time:36.797s
115202003
Trial: 667, Time:37.060s
114313738
Trial: 668, Time:36.355s
113803612
Trial: 669, Time:38.874s
115654912
Trial: 670, Time:36.654s
116564179
Trial: 671, Time:36.618s
117169604
Trial: 672, Time:36.689s
117730219
Trial: 673, Time:36.697s
117581080
Trial: 674, Time:36.707s
116645256
Trial: 675, Time:38.623s
116427277
Trial: 676, Time:37.030s
118019614
Trial: 677, Time:36.678s
118011842
Trial: 678, Time:36.774s
118119152
Trial: 679, Time:39.567s
118956650
Trial: 680, Time:39.617s
118926945
Trial: 681, Time:41.079s
120905253
Trial: 682, Time:38.859s
119966442
Trial: 683, Time:37.056s
122995773
Trial: 684, Time:39.944s
125019185
Trial: 685, Time:38.953s
120070715
Trial: 686, Time:39.145s
120983265
Trial: 687, Time:40.943s
121965123
Trial: 688, Time:39.801s
121699460
Trial: 689, Time:38.596s
119649066
Trial: 690, Time:39.117s
122115672
Trial: 691, Time:39.266s
123406540
Trial: 692, Time:39.442s
122903851
Trial: 693, Time:41.733s
123576545
Trial: 694, Time:40.123s
121919761
Trial: 695, Time:37.246s
123327338
Trial: 696, Time:39.929s
122259033
Trial: 697, Time:38.461s
123845290
Trial: 698, Time:39.673s
127340302
Trial: 699, Time:42.100s
122686669
Trial: 700, Time:40.477s
128527851
Trial: 701, Time:38.126s
125141272
Trial: 702, Time:40.785s
123112638
Trial: 703, Time:39.156s
123968238
Trial: 704, Time:40.234s
123312424
Trial: 705, Time:41.289s
124896221
Trial: 706, Time:40.525s
126563661
Trial: 707, Time:37.902s
122415045
Trial: 708, Time:39.745s
121160706
Trial: 709, Time:38.909s
122512393
Trial: 710, Time:40.127s
123453254
Trial: 711, Time:41.934s
123689883
Trial: 712, Time:40.230s
122801352
Trial: 713, Time:37.299s
123546224
Trial: 714, Time:39.947s
123215115
Trial: 715, Time:39.176s
127368175
Trial: 716, Time:40.343s
128793617
Trial: 717, Time:42.456s
129056867
Trial: 718, Time:41.050s
130401897
Trial: 719, Time:38.490s
130387796
Trial: 720, Time:41.080s
131302298
Trial: 721, Time:40.023s
131786959
Trial: 722, Time:41.165s
131297095
Trial: 723, Time:43.189s
128438242
Trial: 724, Time:40.683s
128027266
Trial: 725, Time:38.493s
126173617
Trial: 726, Time:40.080s
128492025
Trial: 727, Time:39.879s
129241901
Trial: 728, Time:40.674s
130219860
Trial: 729, Time:42.624s
126819269
Trial: 730, Time:40.626s
122752379
Trial: 731, Time:37.222s
123721082
Trial: 732, Time:40.042s
124922353
Trial: 733, Time:40.002s
124459129
Trial: 734, Time:40.101s
125843391
Trial: 735, Time:41.297s
127052447
Trial: 736, Time:39.054s
127396576
Trial: 737, Time:37.808s
125002678
Trial: 738, Time:38.679s
127331859
Trial: 739, Time:38.662s
129274770
Trial: 740, Time:39.346s
133040890
Trial: 741, Time:42.047s
130655484
Trial: 742, Time:39.394s
135630536
Trial: 743, Time:40.770s
135054209
Trial: 744, Time:41.847s
132214046
Trial: 745, Time:40.452s
132798689
Trial: 746, Time:40.447s
133137705
Trial: 747, Time:41.883s
133889945
Trial: 748, Time:39.792s
129799065
Trial: 749, Time:38.270s
129360079
Trial: 750, Time:39.298s
133420875
Trial: 751, Time:39.339s
129147954
Trial: 752, Time:39.169s
129320796
Trial: 753, Time:41.440s
129528363
Trial: 754, Time:39.209s
126952074
Trial: 755, Time:37.682s
129912291
Trial: 756, Time:39.351s
126006835
Trial: 757, Time:38.673s
127744759
Trial: 758, Time:38.935s
129218000
Trial: 759, Time:41.420s
126177416
Trial: 760, Time:38.737s
125966311
Trial: 761, Time:37.464s
124294456
Trial: 762, Time:38.478s
121844318
Trial: 763, Time:37.795s
125973541
Trial: 764, Time:38.745s
129703933
Trial: 765, Time:41.616s
126629607
Trial: 766, Time:38.788s
127527293
Trial: 767, Time:38.031s
127313125
Trial: 768, Time:39.014s
125220104
Trial: 769, Time:38.565s
124415913
Trial: 770, Time:38.337s
126459235
Trial: 771, Time:40.980s
127078839
Trial: 772, Time:39.090s
123329621
Trial: 773, Time:37.377s
123083821
Trial: 774, Time:38.481s
123158476
Trial: 775, Time:38.154s
126816272
Trial: 776, Time:38.813s
127380967
Trial: 777, Time:41.237s
124605972
Trial: 778, Time:38.687s
130455748
Trial: 779, Time:39.277s
128704543
Trial: 780, Time:39.365s
126752891
Trial: 781, Time:38.546s
124312364
Trial: 782, Time:40.178s
126328436
Trial: 783, Time:43.205s
122521854
Trial: 784, Time:38.303s
126176017
Trial: 785, Time:37.253s
125802951
Trial: 786, Time:37.056s
124767395
Trial: 787, Time:36.899s
126592239
Trial: 788, Time:37.160s
131152901
Trial: 789, Time:40.184s
132103910
Trial: 790, Time:38.191s
129367579
Trial: 791, Time:37.939s
129207669
Trial: 792, Time:37.948s
132202099
Trial: 793, Time:38.346s
124977594
Trial: 794, Time:37.368s
125400216
Trial: 795, Time:39.738s
125924539
Trial: 796, Time:37.476s
125413993
Trial: 797, Time:37.393s
123680179
Trial: 798, Time:37.186s
121154504
Trial: 799, Time:36.844s
123935551
Trial: 800, Time:37.236s
123858518
Trial: 801, Time:39.466s
123154900
Trial: 802, Time:37.121s
122177655
Trial: 803, Time:36.954s
124392628
Trial: 804, Time:37.257s
120444456
Trial: 805, Time:36.707s
121146480
Trial: 806, Time:36.841s
120023270
Trial: 807, Time:38.836s
123043403
Trial: 808, Time:37.076s
124362877
Trial: 809, Time:37.172s
120335789
Trial: 810, Time:36.705s
120550071
Trial: 811, Time:36.717s
121582515
Trial: 812, Time:36.871s
121706397
Trial: 813, Time:39.105s
122866433
Trial: 814, Time:37.049s
125355067
Trial: 815, Time:37.780s
121794306
Trial: 816, Time:36.899s
119710137
Trial: 817, Time:37.097s
119982232
Trial: 818, Time:37.107s
116831205
Trial: 819, Time:38.742s
117126830
Trial: 820, Time:36.781s
118202857
Trial: 821, Time:36.712s
121746826
Trial: 822, Time:36.861s
123195230
Trial: 823, Time:37.387s
123561707
Trial: 824, Time:37.528s
120321021
Trial: 825, Time:39.358s
123813474
Trial: 826, Time:37.487s
124815055
Trial: 827, Time:37.261s
118174443
Trial: 828, Time:36.286s
120475096
Trial: 829, Time:36.606s
117792220
Trial: 830, Time:37.132s
118106321
Trial: 831, Time:38.603s
120569284
Trial: 832, Time:36.765s
119272123
Trial: 833, Time:37.136s
118373092
Trial: 834, Time:36.395s
120829627
Trial: 835, Time:37.325s
120695731
Trial: 836, Time:36.681s
121856139
Trial: 837, Time:39.032s
125563466
Trial: 838, Time:37.923s
128883126
Trial: 839, Time:37.681s
127739646
Trial: 840, Time:37.798s
126267429
Trial: 841, Time:37.575s
129441038
Trial: 842, Time:38.329s
126532828
Trial: 843, Time:39.988s
128716326
Trial: 844, Time:37.956s
129409169
Trial: 845, Time:38.695s
132089100
Trial: 846, Time:38.522s
130604408
Trial: 847, Time:38.687s
128015139
Trial: 848, Time:37.921s
131066913
Trial: 849, Time:40.733s
129650237
Trial: 850, Time:38.152s
127722173
Trial: 851, Time:38.258s
126866472
Trial: 852, Time:37.794s
126648809
Trial: 853, Time:37.681s
126085212
Trial: 854, Time:37.629s
126891334
Trial: 855, Time:40.628s
125992043
Trial: 856, Time:37.574s
126719451
Trial: 857, Time:38.258s
126748909
Trial: 858, Time:37.683s
125300096
Trial: 859, Time:37.459s
124925371
Trial: 860, Time:37.984s
129019810
Trial: 861, Time:40.326s
130171757
Trial: 862, Time:37.980s
128742783
Trial: 863, Time:38.266s
133832153
Trial: 864, Time:38.765s
131428212
Trial: 865, Time:38.372s
129144531
Trial: 866, Time:37.943s
128600167
Trial: 867, Time:40.277s
127742669
Trial: 868, Time:38.327s
128962325
Trial: 869, Time:37.832s
129539621
Trial: 870, Time:37.933s
129483151
Trial: 871, Time:37.902s
130343592
Trial: 872, Time:38.625s
128942489
Trial: 873, Time:40.156s
128603693
Trial: 874, Time:37.785s
128435840
Trial: 875, Time:38.331s
126663774
Trial: 876, Time:37.814s
123278390
Trial: 877, Time:37.178s
127382684
Trial: 878, Time:37.683s
128685836
Trial: 879, Time:40.629s
129354886
Trial: 880, Time:37.734s
129367587
Trial: 881, Time:37.926s
127337646
Trial: 882, Time:37.808s
127977726
Trial: 883, Time:39.031s
127325164
Trial: 884, Time:38.501s
124235000
Trial: 885, Time:40.191s
124893372
Trial: 886, Time:37.995s
123053870
Trial: 887, Time:38.160s
126467921
Trial: 888, Time:38.148s
125562098
Trial: 889, Time:38.100s
128317454
Trial: 890, Time:38.402s
126296440
Trial: 891, Time:40.967s
123798774
Trial: 892, Time:37.719s
125169041
Trial: 893, Time:37.896s
126047675
Trial: 894, Time:38.564s
126063785
Trial: 895, Time:37.715s
127077612
Trial: 896, Time:37.863s
129296596
Trial: 897, Time:40.436s
128964305
Trial: 898, Time:38.645s
131991900
Trial: 899, Time:38.364s
130672972
Trial: 900, Time:38.200s
128763193
Trial: 901, Time:38.553s
129022843
Trial: 902, Time:37.954s
131474324
Trial: 903, Time:40.579s
130759438
Trial: 904, Time:38.678s
128280784
Trial: 905, Time:37.712s
128352426
Trial: 906, Time:37.733s
128056754
Trial: 907, Time:38.811s
126931410
Trial: 908, Time:37.471s
126799975
Trial: 909, Time:39.865s
126417831
Trial: 910, Time:37.818s
129145122
Trial: 911, Time:38.530s
130158608
Trial: 912, Time:38.429s
129268095
Trial: 913, Time:38.147s
127280222
Trial: 914, Time:38.440s
126322232
Trial: 915, Time:39.936s
125422490
Trial: 916, Time:37.321s
124628504
Trial: 917, Time:37.834s
123473453
Trial: 918, Time:37.224s
124704361
Trial: 919, Time:37.308s
122616295
Trial: 920, Time:37.590s
123717669
Trial: 921, Time:39.359s
123219119
Trial: 922, Time:37.044s
123992972
Trial: 923, Time:37.153s
126569682
Trial: 924, Time:37.547s
123364565
Trial: 925, Time:37.096s
126136220
Trial: 926, Time:37.452s
127358055
Trial: 927, Time:39.922s
126635052
Trial: 928, Time:37.446s
125444807
Trial: 929, Time:37.208s
125125527
Trial: 930, Time:37.393s
124505195
Trial: 931, Time:37.163s
127465850
Trial: 932, Time:37.559s
125184280
Trial: 933, Time:39.513s
123937756
Trial: 934, Time:37.118s
128116595
Trial: 935, Time:37.761s
128490174
Trial: 936, Time:37.828s
128105160
Trial: 937, Time:37.738s
126814594
Trial: 938, Time:37.577s
127645763
Trial: 939, Time:39.967s
130416244
Trial: 940, Time:38.017s
128545671
Trial: 941, Time:37.615s
128154749
Trial: 942, Time:37.643s
129898968
Trial: 943, Time:37.866s
127191658
Trial: 944, Time:37.513s
129645529
Trial: 945, Time:40.172s
133349263
Trial: 946, Time:38.770s
130473494
Trial: 947, Time:37.892s
130209010
Trial: 948, Time:37.891s
131395508
Trial: 949, Time:38.039s
130225824
Trial: 950, Time:37.910s
131401409
Trial: 951, Time:40.467s
138299398
Trial: 952, Time:38.980s
140461903
Trial: 953, Time:39.241s
137207516
Trial: 954, Time:38.820s
133589995
Trial: 955, Time:38.132s
135112761
Trial: 956, Time:38.465s
132230919
Trial: 957, Time:40.521s
132804270
Trial: 958, Time:38.116s
134194649
Trial: 959, Time:38.319s
131596343
Trial: 960, Time:38.003s
135140121
Trial: 961, Time:38.417s
138864129
Trial: 962, Time:39.039s
134643124
Trial: 963, Time:40.921s
136167828
Trial: 964, Time:38.524s
135043278
Trial: 965, Time:38.430s
138995429
Trial: 966, Time:38.974s
135776289
Trial: 967, Time:38.418s
131803713
Trial: 968, Time:37.879s
134350484
Trial: 969, Time:40.724s
132524621
Trial: 970, Time:37.973s
131719388
Trial: 971, Time:37.874s
128752074
Trial: 972, Time:37.603s
130307703
Trial: 973, Time:37.825s
130195960
Trial: 974, Time:37.845s
128923827
Trial: 975, Time:40.089s
130853472
Trial: 976, Time:37.936s
129725407
Trial: 977, Time:37.984s
128956495
Trial: 978, Time:37.850s
132097961
Trial: 979, Time:38.244s
130936716
Trial: 980, Time:38.068s
134499039
Trial: 981, Time:40.990s
140025826
Trial: 982, Time:39.238s
139596475
Trial: 983, Time:39.171s
138273813
Trial: 984, Time:39.015s
138211535
Trial: 985, Time:39.013s
136733631
Trial: 986, Time:38.802s
138831299
Trial: 987, Time:41.645s
133320242
Trial: 988, Time:38.304s
135543097
Trial: 989, Time:38.570s
131836532
Trial: 990, Time:38.086s
131559672
Trial: 991, Time:38.015s
132284799
Trial: 992, Time:38.126s
132871659
Trial: 993, Time:40.658s
134666564
Trial: 994, Time:38.478s
133290957
Trial: 995, Time:38.240s
132169202
Trial: 996, Time:38.112s
131802277
Trial: 997, Time:38.021s
130651170
Trial: 998, Time:37.794s
131857285
Trial: 999, Time:40.316s
136235656
Trial: 1000, Time:38.531s
Raster array saved to '/home/data/einez/homeostat_SS/MFGoGr_SS_shuffleMF10percent_noCS_yesGoGo_yesgrGo_grgoplast_1000_trial/MFGoGr_SS_shuffleMF10percent_noCS_yesGoGo_yesgrGo_grgoplast_1000_trial_GOrasters.npy'
Raster array saved to '/home/data/einez/homeostat_SS/MFGoGr_SS_shuffleMF10percent_noCS_yesGoGo_yesgrGo_grgoplast_1000_trial/MFGoGr_SS_shuffleMF10percent_noCS_yesGoGo_yesgrGo_grgoplast_1000_trial_GRrasters.npy'
Raster array saved to '/home/data/einez/homeostat_SS/MFGoGr_SS_shuffleMF10percent_noCS_yesGoGo_yesgrGo_grgoplast_1000_trial/MFGoGr_SS_shuffleMF10percent_noCS_yesGoGo_yesgrGo_grgoplast_1000_trial_MFrasters.npy'
Raster array saved to '/home/data/einez/homeostat_SS/MFGoGr_SS_shuffleMF10percent_noCS_yesGoGo_yesgrGo_grgoplast_1000_trial/MFGoGr_SS_shuffleMF10percent_noCS_yesGoGo_yesgrGo_grgoplast_1000_trial_gogoW.npy'
Raster array saved to '/home/data/einez/homeostat_SS/MFGoGr_SS_shuffleMF10percent_noCS_yesGoGo_yesgrGo_grgoplast_1000_trial/MFGoGr_SS_shuffleMF10percent_noCS_yesGoGo_yesgrGo_grgoplast_1000_trial_grgoW.npy'
Raster array saved to '/home/data/einez/homeostat_SS/MFGoGr_SS_shuffleMF10percent_noCS_yesGoGo_yesgrGo_grgoplast_1000_trial/MFGoGr_SS_shuffleMF10percent_noCS_yesGoGo_yesgrGo_grgoplast_1000_trial_mfgoW.npy'
Raster array saved to '/home/data/einez/homeostat_SS/MFGoGr_SS_shuffleMF10percent_noCS_yesGoGo_yesgrGo_grgoplast_1000_trial/MFGoGr_SS_shuffleMF10percent_noCS_yesGoGo_yesgrGo_grgoplast_1000_trial_gogrW.npy'
Raster array saved to '/home/data/einez/homeostat_SS/MFGoGr_SS_shuffleMF10percent_noCS_yesGoGo_yesgrGo_grgoplast_1000_trial/MFGoGr_SS_shuffleMF10percent_noCS_yesGoGo_yesgrGo_grgoplast_1000_trial_mfgrW.npy'
