nohup: ignoring input
Starting Session for GoGo Conv: 25 W: 0.05 ...
Initializing objects...
Objects initialized.
Loading connectivity arrays...
MFGO Connectivity Array Loaded.
MFGR Connectivity Array Loaded.
GOGR Connectivity Array Loaded.
GRGO Connectivity Array Loaded.
GOGO Connectivity Array Loaded.
Connectivity Arrays Loaded
Trial 0: Cell 1 (Static) = 0.004213 | Cell 2 (Plastic) = 0.004187
Trial: 1, Time:19.121s
Trial 1: Cell 1 (Static) = 0.004225 | Cell 2 (Plastic) = 0.004175
Trial: 2, Time:19.024s
Trial 2: Cell 1 (Static) = 0.004238 | Cell 2 (Plastic) = 0.004162
Trial: 3, Time:18.948s
Trial 3: Cell 1 (Static) = 0.004251 | Cell 2 (Plastic) = 0.004150
Trial: 4, Time:19.101s
Trial 4: Cell 1 (Static) = 0.004263 | Cell 2 (Plastic) = 0.004162
Trial: 5, Time:19.012s
Trial 5: Cell 1 (Static) = 0.004276 | Cell 2 (Plastic) = 0.004175
Trial: 6, Time:18.905s
Trial 6: Cell 1 (Static) = 0.004289 | Cell 2 (Plastic) = 0.004162
Trial: 7, Time:19.141s
Trial 7: Cell 1 (Static) = 0.004302 | Cell 2 (Plastic) = 0.004175
Trial: 8, Time:19.084s
Trial 8: Cell 1 (Static) = 0.004315 | Cell 2 (Plastic) = 0.004187
Trial: 9, Time:19.404s
Trial 9: Cell 1 (Static) = 0.004328 | Cell 2 (Plastic) = 0.004200
Trial: 10, Time:19.551s
Trial 10: Cell 1 (Static) = 0.004341 | Cell 2 (Plastic) = 0.004213
Trial: 11, Time:19.502s
Trial 11: Cell 1 (Static) = 0.004354 | Cell 2 (Plastic) = 0.004225
Trial: 12, Time:19.586s
Trial 12: Cell 1 (Static) = 0.004367 | Cell 2 (Plastic) = 0.004238
Trial: 13, Time:19.389s
Trial 13: Cell 1 (Static) = 0.004380 | Cell 2 (Plastic) = 0.004251
Trial: 14, Time:19.582s
Trial 14: Cell 1 (Static) = 0.004393 | Cell 2 (Plastic) = 0.004263
Trial: 15, Time:19.411s
Trial 15: Cell 1 (Static) = 0.004406 | Cell 2 (Plastic) = 0.004276
Trial: 16, Time:19.744s
Trial 16: Cell 1 (Static) = 0.004419 | Cell 2 (Plastic) = 0.004289
Trial: 17, Time:20.156s
Trial 17: Cell 1 (Static) = 0.004433 | Cell 2 (Plastic) = 0.004276
Trial: 18, Time:20.357s
Trial 18: Cell 1 (Static) = 0.004446 | Cell 2 (Plastic) = 0.004289
Trial: 19, Time:20.243s
Trial 19: Cell 1 (Static) = 0.004459 | Cell 2 (Plastic) = 0.004302
Trial: 20, Time:20.111s
Trial 20: Cell 1 (Static) = 0.004473 | Cell 2 (Plastic) = 0.004315
Trial: 21, Time:20.037s
Trial 21: Cell 1 (Static) = 0.004486 | Cell 2 (Plastic) = 0.004328
Trial: 22, Time:20.326s
Trial 22: Cell 1 (Static) = 0.004500 | Cell 2 (Plastic) = 0.004341
Trial: 23, Time:20.020s
Trial 23: Cell 1 (Static) = 0.004513 | Cell 2 (Plastic) = 0.004354
Trial: 24, Time:20.075s
Trial 24: Cell 1 (Static) = 0.004527 | Cell 2 (Plastic) = 0.004367
Trial: 25, Time:20.097s
Trial 25: Cell 1 (Static) = 0.004540 | Cell 2 (Plastic) = 0.004354
Trial: 26, Time:20.278s
Trial 26: Cell 1 (Static) = 0.004554 | Cell 2 (Plastic) = 0.004341
Trial: 27, Time:20.383s
Trial 27: Cell 1 (Static) = 0.004567 | Cell 2 (Plastic) = 0.004354
Trial: 28, Time:20.234s
Trial 28: Cell 1 (Static) = 0.004581 | Cell 2 (Plastic) = 0.004367
Trial: 29, Time:20.308s
Trial 29: Cell 1 (Static) = 0.004595 | Cell 2 (Plastic) = 0.004380
Trial: 30, Time:20.565s
Trial 30: Cell 1 (Static) = 0.004609 | Cell 2 (Plastic) = 0.004393
Trial: 31, Time:20.741s
Trial 31: Cell 1 (Static) = 0.004623 | Cell 2 (Plastic) = 0.004406
Trial: 32, Time:21.121s
Trial 32: Cell 1 (Static) = 0.004636 | Cell 2 (Plastic) = 0.004393
Trial: 33, Time:21.226s
Trial 33: Cell 1 (Static) = 0.004650 | Cell 2 (Plastic) = 0.004380
Trial: 34, Time:21.418s
Trial 34: Cell 1 (Static) = 0.004664 | Cell 2 (Plastic) = 0.004393
Trial: 35, Time:21.564s
Trial 35: Cell 1 (Static) = 0.004678 | Cell 2 (Plastic) = 0.004406
Trial: 36, Time:21.361s
Trial 36: Cell 1 (Static) = 0.004692 | Cell 2 (Plastic) = 0.004419
Trial: 37, Time:21.349s
Trial 37: Cell 1 (Static) = 0.004706 | Cell 2 (Plastic) = 0.004433
Trial: 38, Time:21.643s
Trial 38: Cell 1 (Static) = 0.004720 | Cell 2 (Plastic) = 0.004446
Trial: 39, Time:21.606s
Trial 39: Cell 1 (Static) = 0.004735 | Cell 2 (Plastic) = 0.004433
Trial: 40, Time:21.820s
Trial 40: Cell 1 (Static) = 0.004749 | Cell 2 (Plastic) = 0.004446
Trial: 41, Time:21.853s
Trial 41: Cell 1 (Static) = 0.004763 | Cell 2 (Plastic) = 0.004459
Trial: 42, Time:21.799s
Trial 42: Cell 1 (Static) = 0.004777 | Cell 2 (Plastic) = 0.004473
Trial: 43, Time:22.135s
Trial 43: Cell 1 (Static) = 0.004792 | Cell 2 (Plastic) = 0.004486
Trial: 44, Time:21.966s
Trial 44: Cell 1 (Static) = 0.004806 | Cell 2 (Plastic) = 0.004500
Trial: 45, Time:22.167s
Trial 45: Cell 1 (Static) = 0.004821 | Cell 2 (Plastic) = 0.004513
Trial: 46, Time:21.810s
Trial 46: Cell 1 (Static) = 0.004835 | Cell 2 (Plastic) = 0.004527
Trial: 47, Time:21.990s
Trial 47: Cell 1 (Static) = 0.004849 | Cell 2 (Plastic) = 0.004540
Trial: 48, Time:22.019s
Trial 48: Cell 1 (Static) = 0.004864 | Cell 2 (Plastic) = 0.004554
Trial: 49, Time:22.058s
Trial 49: Cell 1 (Static) = 0.004879 | Cell 2 (Plastic) = 0.004567
Trial: 50, Time:22.214s
Trial 50: Cell 1 (Static) = 0.004893 | Cell 2 (Plastic) = 0.004581
Trial: 51, Time:21.904s
Trial 51: Cell 1 (Static) = 0.004908 | Cell 2 (Plastic) = 0.004595
Trial: 52, Time:21.929s
Trial 52: Cell 1 (Static) = 0.004923 | Cell 2 (Plastic) = 0.004609
Trial: 53, Time:21.802s
Trial 53: Cell 1 (Static) = 0.004937 | Cell 2 (Plastic) = 0.004623
Trial: 54, Time:21.906s
Trial 54: Cell 1 (Static) = 0.004952 | Cell 2 (Plastic) = 0.004636
Trial: 55, Time:21.943s
Trial 55: Cell 1 (Static) = 0.004967 | Cell 2 (Plastic) = 0.004650
Trial: 56, Time:21.974s
Trial 56: Cell 1 (Static) = 0.004982 | Cell 2 (Plastic) = 0.004664
Trial: 57, Time:21.813s
Trial 57: Cell 1 (Static) = 0.004997 | Cell 2 (Plastic) = 0.004678
Trial: 58, Time:21.895s
Trial 58: Cell 1 (Static) = 0.005012 | Cell 2 (Plastic) = 0.004692
Trial: 59, Time:21.927s
Trial 59: Cell 1 (Static) = 0.005027 | Cell 2 (Plastic) = 0.004706
Trial: 60, Time:22.139s
Trial 60: Cell 1 (Static) = 0.005042 | Cell 2 (Plastic) = 0.004720
Trial: 61, Time:22.421s
Trial 61: Cell 1 (Static) = 0.005057 | Cell 2 (Plastic) = 0.004735
Trial: 62, Time:22.935s
Trial 62: Cell 1 (Static) = 0.005072 | Cell 2 (Plastic) = 0.004749
Trial: 63, Time:22.549s
Trial 63: Cell 1 (Static) = 0.005088 | Cell 2 (Plastic) = 0.004763
Trial: 64, Time:23.131s
Trial 64: Cell 1 (Static) = 0.005103 | Cell 2 (Plastic) = 0.004777
Trial: 65, Time:23.023s
Trial 65: Cell 1 (Static) = 0.005118 | Cell 2 (Plastic) = 0.004792
Trial: 66, Time:23.322s
Trial 66: Cell 1 (Static) = 0.005133 | Cell 2 (Plastic) = 0.004806
Trial: 67, Time:23.662s
Trial 67: Cell 1 (Static) = 0.005149 | Cell 2 (Plastic) = 0.004821
Trial: 68, Time:23.374s
Trial 68: Cell 1 (Static) = 0.005164 | Cell 2 (Plastic) = 0.004835
Trial: 69, Time:23.487s
Trial 69: Cell 1 (Static) = 0.005180 | Cell 2 (Plastic) = 0.004849
Trial: 70, Time:23.729s
Trial 70: Cell 1 (Static) = 0.005195 | Cell 2 (Plastic) = 0.004864
Trial: 71, Time:23.489s
Trial 71: Cell 1 (Static) = 0.005211 | Cell 2 (Plastic) = 0.004879
Trial: 72, Time:23.405s
Trial 72: Cell 1 (Static) = 0.005227 | Cell 2 (Plastic) = 0.004893
Trial: 73, Time:23.455s
Trial 73: Cell 1 (Static) = 0.005242 | Cell 2 (Plastic) = 0.004879
Trial: 74, Time:23.402s
Trial 74: Cell 1 (Static) = 0.005258 | Cell 2 (Plastic) = 0.004864
Trial: 75, Time:23.486s
Trial 75: Cell 1 (Static) = 0.005274 | Cell 2 (Plastic) = 0.004879
Trial: 76, Time:23.725s
Trial 76: Cell 1 (Static) = 0.005290 | Cell 2 (Plastic) = 0.004893
Trial: 77, Time:23.692s
Trial 77: Cell 1 (Static) = 0.005305 | Cell 2 (Plastic) = 0.004908
Trial: 78, Time:23.728s
Trial 78: Cell 1 (Static) = 0.005321 | Cell 2 (Plastic) = 0.004923
Trial: 79, Time:24.208s
Trial 79: Cell 1 (Static) = 0.005337 | Cell 2 (Plastic) = 0.004937
Trial: 80, Time:24.221s
Trial 80: Cell 1 (Static) = 0.005353 | Cell 2 (Plastic) = 0.004952
Trial: 81, Time:24.122s
Trial 81: Cell 1 (Static) = 0.005369 | Cell 2 (Plastic) = 0.004967
Trial: 82, Time:24.211s
Trial 82: Cell 1 (Static) = 0.005386 | Cell 2 (Plastic) = 0.004952
Trial: 83, Time:24.219s
Trial 83: Cell 1 (Static) = 0.005402 | Cell 2 (Plastic) = 0.004937
Trial: 84, Time:23.973s
Trial 84: Cell 1 (Static) = 0.005418 | Cell 2 (Plastic) = 0.004923
Trial: 85, Time:24.002s
Trial 85: Cell 1 (Static) = 0.005434 | Cell 2 (Plastic) = 0.004937
Trial: 86, Time:24.138s
Trial 86: Cell 1 (Static) = 0.005450 | Cell 2 (Plastic) = 0.004952
Trial: 87, Time:23.968s
Trial 87: Cell 1 (Static) = 0.005467 | Cell 2 (Plastic) = 0.004967
Trial: 88, Time:24.092s
Trial 88: Cell 1 (Static) = 0.005483 | Cell 2 (Plastic) = 0.004982
Trial: 89, Time:23.998s
Trial 89: Cell 1 (Static) = 0.005500 | Cell 2 (Plastic) = 0.004997
Trial: 90, Time:24.087s
Trial 90: Cell 1 (Static) = 0.005516 | Cell 2 (Plastic) = 0.005012
Trial: 91, Time:24.379s
Trial 91: Cell 1 (Static) = 0.005533 | Cell 2 (Plastic) = 0.004997
Trial: 92, Time:24.120s
Trial 92: Cell 1 (Static) = 0.005549 | Cell 2 (Plastic) = 0.005012
Trial: 93, Time:24.287s
Trial 93: Cell 1 (Static) = 0.005566 | Cell 2 (Plastic) = 0.005027
Trial: 94, Time:24.200s
Trial 94: Cell 1 (Static) = 0.005583 | Cell 2 (Plastic) = 0.005012
Trial: 95, Time:24.572s
Trial 95: Cell 1 (Static) = 0.005599 | Cell 2 (Plastic) = 0.004997
Trial: 96, Time:24.912s
Trial 96: Cell 1 (Static) = 0.005616 | Cell 2 (Plastic) = 0.004982
Trial: 97, Time:25.083s
Trial 97: Cell 1 (Static) = 0.005633 | Cell 2 (Plastic) = 0.004967
Trial: 98, Time:24.873s
Trial 98: Cell 1 (Static) = 0.005650 | Cell 2 (Plastic) = 0.004952
Trial: 99, Time:25.194s
Trial 99: Cell 1 (Static) = 0.005667 | Cell 2 (Plastic) = 0.004937
Trial: 100, Time:25.181s
Trial 100: Cell 1 (Static) = 0.005684 | Cell 2 (Plastic) = 0.004952
Trial: 101, Time:24.981s
Trial 101: Cell 1 (Static) = 0.005701 | Cell 2 (Plastic) = 0.004967
Trial: 102, Time:25.063s
Trial 102: Cell 1 (Static) = 0.005718 | Cell 2 (Plastic) = 0.004982
Trial: 103, Time:25.674s
Trial 103: Cell 1 (Static) = 0.005735 | Cell 2 (Plastic) = 0.004997
Trial: 104, Time:25.587s
Trial 104: Cell 1 (Static) = 0.005752 | Cell 2 (Plastic) = 0.005012
Trial: 105, Time:25.621s
Trial 105: Cell 1 (Static) = 0.005770 | Cell 2 (Plastic) = 0.005027
Trial: 106, Time:25.711s
Trial 106: Cell 1 (Static) = 0.005787 | Cell 2 (Plastic) = 0.005042
Trial: 107, Time:25.843s
Trial 107: Cell 1 (Static) = 0.005770 | Cell 2 (Plastic) = 0.005057
Trial: 108, Time:25.903s
Trial 108: Cell 1 (Static) = 0.005787 | Cell 2 (Plastic) = 0.005072
Trial: 109, Time:25.878s
Trial 109: Cell 1 (Static) = 0.005804 | Cell 2 (Plastic) = 0.005088
Trial: 110, Time:26.248s
Trial 110: Cell 1 (Static) = 0.005822 | Cell 2 (Plastic) = 0.005103
Trial: 111, Time:25.933s
Trial 111: Cell 1 (Static) = 0.005839 | Cell 2 (Plastic) = 0.005118
Trial: 112, Time:26.206s
Trial 112: Cell 1 (Static) = 0.005822 | Cell 2 (Plastic) = 0.005133
Trial: 113, Time:25.918s
Trial 113: Cell 1 (Static) = 0.005839 | Cell 2 (Plastic) = 0.005149
Trial: 114, Time:26.079s
Trial 114: Cell 1 (Static) = 0.005857 | Cell 2 (Plastic) = 0.005164
Trial: 115, Time:26.495s
Trial 115: Cell 1 (Static) = 0.005874 | Cell 2 (Plastic) = 0.005180
Trial: 116, Time:26.631s
Trial 116: Cell 1 (Static) = 0.005892 | Cell 2 (Plastic) = 0.005195
Trial: 117, Time:26.579s
Trial 117: Cell 1 (Static) = 0.005874 | Cell 2 (Plastic) = 0.005180
Trial: 118, Time:26.545s
Trial 118: Cell 1 (Static) = 0.005892 | Cell 2 (Plastic) = 0.005164
Trial: 119, Time:26.853s
Trial 119: Cell 1 (Static) = 0.005874 | Cell 2 (Plastic) = 0.005149
Trial: 120, Time:26.992s
Trial 120: Cell 1 (Static) = 0.005857 | Cell 2 (Plastic) = 0.005133
Trial: 121, Time:27.092s
Trial 121: Cell 1 (Static) = 0.005874 | Cell 2 (Plastic) = 0.005118
Trial: 122, Time:27.096s
Trial 122: Cell 1 (Static) = 0.005892 | Cell 2 (Plastic) = 0.005103
Trial: 123, Time:27.295s
Trial 123: Cell 1 (Static) = 0.005910 | Cell 2 (Plastic) = 0.005088
Trial: 124, Time:27.521s
Trial 124: Cell 1 (Static) = 0.005927 | Cell 2 (Plastic) = 0.005072
Trial: 125, Time:27.334s
Trial 125: Cell 1 (Static) = 0.005945 | Cell 2 (Plastic) = 0.005057
Trial: 126, Time:27.287s
Trial 126: Cell 1 (Static) = 0.005963 | Cell 2 (Plastic) = 0.005072
Trial: 127, Time:27.116s
Trial 127: Cell 1 (Static) = 0.005945 | Cell 2 (Plastic) = 0.005088
Trial: 128, Time:26.634s
Trial 128: Cell 1 (Static) = 0.005963 | Cell 2 (Plastic) = 0.005103
Trial: 129, Time:26.836s
Trial 129: Cell 1 (Static) = 0.005981 | Cell 2 (Plastic) = 0.005118
Trial: 130, Time:26.942s
Trial 130: Cell 1 (Static) = 0.005999 | Cell 2 (Plastic) = 0.005133
Trial: 131, Time:27.055s
Trial 131: Cell 1 (Static) = 0.006017 | Cell 2 (Plastic) = 0.005118
Trial: 132, Time:27.107s
Trial 132: Cell 1 (Static) = 0.006035 | Cell 2 (Plastic) = 0.005103
Trial: 133, Time:27.551s
Trial 133: Cell 1 (Static) = 0.006017 | Cell 2 (Plastic) = 0.005088
Trial: 134, Time:27.674s
Trial 134: Cell 1 (Static) = 0.005999 | Cell 2 (Plastic) = 0.005103
Trial: 135, Time:27.644s
Trial 135: Cell 1 (Static) = 0.005981 | Cell 2 (Plastic) = 0.005118
Trial: 136, Time:27.771s
Trial 136: Cell 1 (Static) = 0.005963 | Cell 2 (Plastic) = 0.005133
Trial: 137, Time:27.554s
Trial 137: Cell 1 (Static) = 0.005945 | Cell 2 (Plastic) = 0.005149
Trial: 138, Time:27.817s
Trial 138: Cell 1 (Static) = 0.005927 | Cell 2 (Plastic) = 0.005164
Trial: 139, Time:27.766s
Trial 139: Cell 1 (Static) = 0.005945 | Cell 2 (Plastic) = 0.005149
Trial: 140, Time:27.846s
Trial 140: Cell 1 (Static) = 0.005963 | Cell 2 (Plastic) = 0.005133
Trial: 141, Time:27.790s
Trial 141: Cell 1 (Static) = 0.005981 | Cell 2 (Plastic) = 0.005118
Trial: 142, Time:27.684s
Trial 142: Cell 1 (Static) = 0.005999 | Cell 2 (Plastic) = 0.005103
Trial: 143, Time:27.374s
Trial 143: Cell 1 (Static) = 0.006017 | Cell 2 (Plastic) = 0.005088
Trial: 144, Time:27.991s
Trial 144: Cell 1 (Static) = 0.006035 | Cell 2 (Plastic) = 0.005072
Trial: 145, Time:27.857s
Trial 145: Cell 1 (Static) = 0.006053 | Cell 2 (Plastic) = 0.005057
Trial: 146, Time:27.724s
Trial 146: Cell 1 (Static) = 0.006071 | Cell 2 (Plastic) = 0.005042
Trial: 147, Time:27.644s
Trial 147: Cell 1 (Static) = 0.006089 | Cell 2 (Plastic) = 0.005027
Trial: 148, Time:27.840s
Trial 148: Cell 1 (Static) = 0.006108 | Cell 2 (Plastic) = 0.005012
Trial: 149, Time:28.118s
Trial 149: Cell 1 (Static) = 0.006126 | Cell 2 (Plastic) = 0.004997
Trial: 150, Time:27.840s
Trial 150: Cell 1 (Static) = 0.006144 | Cell 2 (Plastic) = 0.004982
Trial: 151, Time:27.796s
Trial 151: Cell 1 (Static) = 0.006163 | Cell 2 (Plastic) = 0.004997
Trial: 152, Time:27.859s
Trial 152: Cell 1 (Static) = 0.006181 | Cell 2 (Plastic) = 0.005012
Trial: 153, Time:27.703s
Trial 153: Cell 1 (Static) = 0.006200 | Cell 2 (Plastic) = 0.005027
Trial: 154, Time:27.654s
Trial 154: Cell 1 (Static) = 0.006218 | Cell 2 (Plastic) = 0.005042
Trial: 155, Time:27.747s
Trial 155: Cell 1 (Static) = 0.006237 | Cell 2 (Plastic) = 0.005057
Trial: 156, Time:27.958s
Trial 156: Cell 1 (Static) = 0.006256 | Cell 2 (Plastic) = 0.005072
Trial: 157, Time:28.087s
Trial 157: Cell 1 (Static) = 0.006274 | Cell 2 (Plastic) = 0.005088
Trial: 158, Time:28.457s
Trial 158: Cell 1 (Static) = 0.006293 | Cell 2 (Plastic) = 0.005103
Trial: 159, Time:28.229s
Trial 159: Cell 1 (Static) = 0.006312 | Cell 2 (Plastic) = 0.005118
Trial: 160, Time:28.691s
Trial 160: Cell 1 (Static) = 0.006331 | Cell 2 (Plastic) = 0.005133
Trial: 161, Time:28.821s
Trial 161: Cell 1 (Static) = 0.006350 | Cell 2 (Plastic) = 0.005149
Trial: 162, Time:28.839s
Trial 162: Cell 1 (Static) = 0.006331 | Cell 2 (Plastic) = 0.005164
Trial: 163, Time:28.997s
Trial 163: Cell 1 (Static) = 0.006312 | Cell 2 (Plastic) = 0.005180
Trial: 164, Time:29.433s
Trial 164: Cell 1 (Static) = 0.006293 | Cell 2 (Plastic) = 0.005195
Trial: 165, Time:29.506s
Trial 165: Cell 1 (Static) = 0.006312 | Cell 2 (Plastic) = 0.005211
Trial: 166, Time:29.527s
Trial 166: Cell 1 (Static) = 0.006293 | Cell 2 (Plastic) = 0.005227
Trial: 167, Time:29.452s
Trial 167: Cell 1 (Static) = 0.006312 | Cell 2 (Plastic) = 0.005242
Trial: 168, Time:29.235s
Trial 168: Cell 1 (Static) = 0.006331 | Cell 2 (Plastic) = 0.005258
Trial: 169, Time:29.121s
Trial 169: Cell 1 (Static) = 0.006312 | Cell 2 (Plastic) = 0.005274
Trial: 170, Time:29.338s
Trial 170: Cell 1 (Static) = 0.006293 | Cell 2 (Plastic) = 0.005290
Trial: 171, Time:29.655s
Trial 171: Cell 1 (Static) = 0.006274 | Cell 2 (Plastic) = 0.005305
Trial: 172, Time:29.751s
Trial 172: Cell 1 (Static) = 0.006256 | Cell 2 (Plastic) = 0.005321
Trial: 173, Time:29.448s
Trial 173: Cell 1 (Static) = 0.006237 | Cell 2 (Plastic) = 0.005337
Trial: 174, Time:29.643s
Trial 174: Cell 1 (Static) = 0.006256 | Cell 2 (Plastic) = 0.005353
Trial: 175, Time:30.067s
Trial 175: Cell 1 (Static) = 0.006274 | Cell 2 (Plastic) = 0.005369
Trial: 176, Time:30.708s
Trial 176: Cell 1 (Static) = 0.006293 | Cell 2 (Plastic) = 0.005386
Trial: 177, Time:30.670s
Trial 177: Cell 1 (Static) = 0.006312 | Cell 2 (Plastic) = 0.005402
Trial: 178, Time:30.656s
Trial 178: Cell 1 (Static) = 0.006331 | Cell 2 (Plastic) = 0.005418
Trial: 179, Time:30.362s
Trial 179: Cell 1 (Static) = 0.006350 | Cell 2 (Plastic) = 0.005434
Trial: 180, Time:30.431s
Trial 180: Cell 1 (Static) = 0.006369 | Cell 2 (Plastic) = 0.005450
Trial: 181, Time:30.196s
Trial 181: Cell 1 (Static) = 0.006388 | Cell 2 (Plastic) = 0.005467
Trial: 182, Time:30.275s
Trial 182: Cell 1 (Static) = 0.006407 | Cell 2 (Plastic) = 0.005483
Trial: 183, Time:30.152s
Trial 183: Cell 1 (Static) = 0.006427 | Cell 2 (Plastic) = 0.005500
Trial: 184, Time:30.318s
Trial 184: Cell 1 (Static) = 0.006407 | Cell 2 (Plastic) = 0.005516
Trial: 185, Time:30.484s
Trial 185: Cell 1 (Static) = 0.006388 | Cell 2 (Plastic) = 0.005533
Trial: 186, Time:30.561s
Trial 186: Cell 1 (Static) = 0.006407 | Cell 2 (Plastic) = 0.005549
Trial: 187, Time:30.574s
Trial 187: Cell 1 (Static) = 0.006427 | Cell 2 (Plastic) = 0.005566
Trial: 188, Time:30.906s
Trial 188: Cell 1 (Static) = 0.006446 | Cell 2 (Plastic) = 0.005583
Trial: 189, Time:30.544s
Trial 189: Cell 1 (Static) = 0.006427 | Cell 2 (Plastic) = 0.005599
Trial: 190, Time:30.598s
Trial 190: Cell 1 (Static) = 0.006407 | Cell 2 (Plastic) = 0.005616
Trial: 191, Time:31.037s
Trial 191: Cell 1 (Static) = 0.006388 | Cell 2 (Plastic) = 0.005633
Trial: 192, Time:30.856s
Trial 192: Cell 1 (Static) = 0.006369 | Cell 2 (Plastic) = 0.005650
Trial: 193, Time:30.973s
Trial 193: Cell 1 (Static) = 0.006350 | Cell 2 (Plastic) = 0.005667
Trial: 194, Time:30.859s
Trial 194: Cell 1 (Static) = 0.006331 | Cell 2 (Plastic) = 0.005684
Trial: 195, Time:30.938s
Trial 195: Cell 1 (Static) = 0.006312 | Cell 2 (Plastic) = 0.005701
Trial: 196, Time:30.955s
Trial 196: Cell 1 (Static) = 0.006293 | Cell 2 (Plastic) = 0.005718
Trial: 197, Time:31.057s
Trial 197: Cell 1 (Static) = 0.006274 | Cell 2 (Plastic) = 0.005735
Trial: 198, Time:31.530s
Trial 198: Cell 1 (Static) = 0.006256 | Cell 2 (Plastic) = 0.005752
Trial: 199, Time:31.622s
Trial 199: Cell 1 (Static) = 0.006237 | Cell 2 (Plastic) = 0.005735
Trial: 200, Time:31.961s
Trial 200: Cell 1 (Static) = 0.006218 | Cell 2 (Plastic) = 0.005718
Trial: 201, Time:31.441s
Trial 201: Cell 1 (Static) = 0.006200 | Cell 2 (Plastic) = 0.005701
Trial: 202, Time:31.476s
Trial 202: Cell 1 (Static) = 0.006181 | Cell 2 (Plastic) = 0.005718
Trial: 203, Time:31.238s
Trial 203: Cell 1 (Static) = 0.006163 | Cell 2 (Plastic) = 0.005701
Trial: 204, Time:31.006s
Trial 204: Cell 1 (Static) = 0.006144 | Cell 2 (Plastic) = 0.005718
Trial: 205, Time:31.026s
Trial 205: Cell 1 (Static) = 0.006126 | Cell 2 (Plastic) = 0.005735
Trial: 206, Time:30.937s
Trial 206: Cell 1 (Static) = 0.006108 | Cell 2 (Plastic) = 0.005752
Trial: 207, Time:30.696s
Trial 207: Cell 1 (Static) = 0.006089 | Cell 2 (Plastic) = 0.005735
Trial: 208, Time:30.803s
Trial 208: Cell 1 (Static) = 0.006071 | Cell 2 (Plastic) = 0.005718
Trial: 209, Time:30.862s
Trial 209: Cell 1 (Static) = 0.006053 | Cell 2 (Plastic) = 0.005701
Trial: 210, Time:31.043s
Trial 210: Cell 1 (Static) = 0.006035 | Cell 2 (Plastic) = 0.005684
Trial: 211, Time:30.962s
Trial 211: Cell 1 (Static) = 0.006017 | Cell 2 (Plastic) = 0.005667
Trial: 212, Time:31.208s
Trial 212: Cell 1 (Static) = 0.006035 | Cell 2 (Plastic) = 0.005650
Trial: 213, Time:31.837s
Trial 213: Cell 1 (Static) = 0.006053 | Cell 2 (Plastic) = 0.005667
Trial: 214, Time:31.861s
Trial 214: Cell 1 (Static) = 0.006071 | Cell 2 (Plastic) = 0.005684
Trial: 215, Time:31.667s
Trial 215: Cell 1 (Static) = 0.006089 | Cell 2 (Plastic) = 0.005701
Trial: 216, Time:31.739s
Trial 216: Cell 1 (Static) = 0.006071 | Cell 2 (Plastic) = 0.005684
Trial: 217, Time:31.848s
Trial 217: Cell 1 (Static) = 0.006089 | Cell 2 (Plastic) = 0.005667
Trial: 218, Time:31.890s
Trial 218: Cell 1 (Static) = 0.006108 | Cell 2 (Plastic) = 0.005650
Trial: 219, Time:31.908s
Trial 219: Cell 1 (Static) = 0.006126 | Cell 2 (Plastic) = 0.005633
Trial: 220, Time:31.983s
Trial 220: Cell 1 (Static) = 0.006144 | Cell 2 (Plastic) = 0.005616
Trial: 221, Time:32.313s
Trial 221: Cell 1 (Static) = 0.006163 | Cell 2 (Plastic) = 0.005599
Trial: 222, Time:32.357s
Trial 222: Cell 1 (Static) = 0.006144 | Cell 2 (Plastic) = 0.005616
Trial: 223, Time:31.803s
Trial 223: Cell 1 (Static) = 0.006126 | Cell 2 (Plastic) = 0.005633
Trial: 224, Time:32.060s
Trial 224: Cell 1 (Static) = 0.006126 | Cell 2 (Plastic) = 0.005650
Trial: 225, Time:31.950s
Trial 225: Cell 1 (Static) = 0.006108 | Cell 2 (Plastic) = 0.005667
Trial: 226, Time:32.341s
Trial 226: Cell 1 (Static) = 0.006089 | Cell 2 (Plastic) = 0.005684
Trial: 227, Time:32.371s
Trial 227: Cell 1 (Static) = 0.006108 | Cell 2 (Plastic) = 0.005701
Trial: 228, Time:32.322s
Trial 228: Cell 1 (Static) = 0.006126 | Cell 2 (Plastic) = 0.005718
Trial: 229, Time:32.249s
Trial 229: Cell 1 (Static) = 0.006144 | Cell 2 (Plastic) = 0.005735
Trial: 230, Time:32.464s
Trial 230: Cell 1 (Static) = 0.006163 | Cell 2 (Plastic) = 0.005752
Trial: 231, Time:32.555s
Trial 231: Cell 1 (Static) = 0.006181 | Cell 2 (Plastic) = 0.005770
Trial: 232, Time:32.452s
Trial 232: Cell 1 (Static) = 0.006200 | Cell 2 (Plastic) = 0.005787
Trial: 233, Time:32.634s
Trial 233: Cell 1 (Static) = 0.006218 | Cell 2 (Plastic) = 0.005804
Trial: 234, Time:32.553s
Trial 234: Cell 1 (Static) = 0.006237 | Cell 2 (Plastic) = 0.005822
Trial: 235, Time:32.723s
Trial 235: Cell 1 (Static) = 0.006256 | Cell 2 (Plastic) = 0.005839
Trial: 236, Time:32.849s
Trial 236: Cell 1 (Static) = 0.006274 | Cell 2 (Plastic) = 0.005857
Trial: 237, Time:32.806s
Trial 237: Cell 1 (Static) = 0.006293 | Cell 2 (Plastic) = 0.005874
Trial: 238, Time:32.654s
Trial 238: Cell 1 (Static) = 0.006312 | Cell 2 (Plastic) = 0.005892
Trial: 239, Time:32.983s
Trial 239: Cell 1 (Static) = 0.006331 | Cell 2 (Plastic) = 0.005910
Trial: 240, Time:33.024s
Trial 240: Cell 1 (Static) = 0.006312 | Cell 2 (Plastic) = 0.005927
Trial: 241, Time:33.411s
Trial 241: Cell 1 (Static) = 0.006293 | Cell 2 (Plastic) = 0.005945
Trial: 242, Time:33.067s
Trial 242: Cell 1 (Static) = 0.006274 | Cell 2 (Plastic) = 0.005963
Trial: 243, Time:32.943s
Trial 243: Cell 1 (Static) = 0.006256 | Cell 2 (Plastic) = 0.005981
Trial: 244, Time:33.222s
Trial 244: Cell 1 (Static) = 0.006237 | Cell 2 (Plastic) = 0.005963
Trial: 245, Time:33.062s
Trial 245: Cell 1 (Static) = 0.006256 | Cell 2 (Plastic) = 0.005981
Trial: 246, Time:33.451s
Trial 246: Cell 1 (Static) = 0.006274 | Cell 2 (Plastic) = 0.005999
Trial: 247, Time:33.202s
Trial 247: Cell 1 (Static) = 0.006293 | Cell 2 (Plastic) = 0.006017
Trial: 248, Time:33.551s
Trial 248: Cell 1 (Static) = 0.006274 | Cell 2 (Plastic) = 0.006035
Trial: 249, Time:33.881s
Trial 249: Cell 1 (Static) = 0.006293 | Cell 2 (Plastic) = 0.006053
Trial: 250, Time:33.618s
Trial 250: Cell 1 (Static) = 0.006312 | Cell 2 (Plastic) = 0.006071
Trial: 251, Time:33.659s
Trial 251: Cell 1 (Static) = 0.006331 | Cell 2 (Plastic) = 0.006089
Trial: 252, Time:33.471s
Trial 252: Cell 1 (Static) = 0.006350 | Cell 2 (Plastic) = 0.006108
Trial: 253, Time:32.983s
Trial 253: Cell 1 (Static) = 0.006369 | Cell 2 (Plastic) = 0.006089
Trial: 254, Time:33.270s
Trial 254: Cell 1 (Static) = 0.006350 | Cell 2 (Plastic) = 0.006108
Trial: 255, Time:33.487s
Trial 255: Cell 1 (Static) = 0.006331 | Cell 2 (Plastic) = 0.006126
Trial: 256, Time:33.094s
Trial 256: Cell 1 (Static) = 0.006312 | Cell 2 (Plastic) = 0.006108
Trial: 257, Time:32.908s
Trial 257: Cell 1 (Static) = 0.006293 | Cell 2 (Plastic) = 0.006126
Trial: 258, Time:32.769s
Trial 258: Cell 1 (Static) = 0.006312 | Cell 2 (Plastic) = 0.006144
Trial: 259, Time:33.002s
Trial 259: Cell 1 (Static) = 0.006331 | Cell 2 (Plastic) = 0.006163
Trial: 260, Time:33.037s
Trial 260: Cell 1 (Static) = 0.006312 | Cell 2 (Plastic) = 0.006181
Trial: 261, Time:33.343s
Trial 261: Cell 1 (Static) = 0.006331 | Cell 2 (Plastic) = 0.006200
Trial: 262, Time:33.216s
Trial 262: Cell 1 (Static) = 0.006312 | Cell 2 (Plastic) = 0.006218
Trial: 263, Time:33.063s
Trial 263: Cell 1 (Static) = 0.006293 | Cell 2 (Plastic) = 0.006237
Trial: 264, Time:32.912s
Trial 264: Cell 1 (Static) = 0.006312 | Cell 2 (Plastic) = 0.006256
Trial: 265, Time:33.015s
Trial 265: Cell 1 (Static) = 0.006331 | Cell 2 (Plastic) = 0.006274
Trial: 266, Time:33.180s
Trial 266: Cell 1 (Static) = 0.006350 | Cell 2 (Plastic) = 0.006293
Trial: 267, Time:33.373s
Trial 267: Cell 1 (Static) = 0.006369 | Cell 2 (Plastic) = 0.006312
Trial: 268, Time:33.429s
Trial 268: Cell 1 (Static) = 0.006388 | Cell 2 (Plastic) = 0.006331
Trial: 269, Time:33.344s
Trial 269: Cell 1 (Static) = 0.006407 | Cell 2 (Plastic) = 0.006350
Trial: 270, Time:33.539s
Trial 270: Cell 1 (Static) = 0.006427 | Cell 2 (Plastic) = 0.006369
Trial: 271, Time:33.996s
Trial 271: Cell 1 (Static) = 0.006446 | Cell 2 (Plastic) = 0.006388
Trial: 272, Time:34.240s
Trial 272: Cell 1 (Static) = 0.006465 | Cell 2 (Plastic) = 0.006407
Trial: 273, Time:33.951s
Trial 273: Cell 1 (Static) = 0.006485 | Cell 2 (Plastic) = 0.006427
Trial: 274, Time:33.938s
Trial 274: Cell 1 (Static) = 0.006504 | Cell 2 (Plastic) = 0.006446
Trial: 275, Time:34.199s
Trial 275: Cell 1 (Static) = 0.006524 | Cell 2 (Plastic) = 0.006465
Trial: 276, Time:34.118s
Trial 276: Cell 1 (Static) = 0.006543 | Cell 2 (Plastic) = 0.006485
Trial: 277, Time:34.383s
Trial 277: Cell 1 (Static) = 0.006563 | Cell 2 (Plastic) = 0.006504
Trial: 278, Time:34.879s
Trial 278: Cell 1 (Static) = 0.006582 | Cell 2 (Plastic) = 0.006524
Trial: 279, Time:35.010s
Trial 279: Cell 1 (Static) = 0.006602 | Cell 2 (Plastic) = 0.006504
Trial: 280, Time:35.140s
Trial 280: Cell 1 (Static) = 0.006582 | Cell 2 (Plastic) = 0.006485
Trial: 281, Time:35.670s
Trial 281: Cell 1 (Static) = 0.006602 | Cell 2 (Plastic) = 0.006465
Trial: 282, Time:35.344s
Trial 282: Cell 1 (Static) = 0.006622 | Cell 2 (Plastic) = 0.006446
Trial: 283, Time:35.705s
Trial 283: Cell 1 (Static) = 0.006642 | Cell 2 (Plastic) = 0.006427
Trial: 284, Time:35.529s
Trial 284: Cell 1 (Static) = 0.006662 | Cell 2 (Plastic) = 0.006407
Trial: 285, Time:35.520s
Trial 285: Cell 1 (Static) = 0.006682 | Cell 2 (Plastic) = 0.006388
Trial: 286, Time:35.227s
Trial 286: Cell 1 (Static) = 0.006702 | Cell 2 (Plastic) = 0.006369
Trial: 287, Time:35.104s
Trial 287: Cell 1 (Static) = 0.006722 | Cell 2 (Plastic) = 0.006350
Trial: 288, Time:34.822s
Trial 288: Cell 1 (Static) = 0.006742 | Cell 2 (Plastic) = 0.006369
Trial: 289, Time:34.852s
Trial 289: Cell 1 (Static) = 0.006762 | Cell 2 (Plastic) = 0.006388
Trial: 290, Time:34.955s
Trial 290: Cell 1 (Static) = 0.006783 | Cell 2 (Plastic) = 0.006369
Trial: 291, Time:35.116s
Trial 291: Cell 1 (Static) = 0.006803 | Cell 2 (Plastic) = 0.006350
Trial: 292, Time:35.053s
Trial 292: Cell 1 (Static) = 0.006823 | Cell 2 (Plastic) = 0.006331
Trial: 293, Time:34.969s
Trial 293: Cell 1 (Static) = 0.006844 | Cell 2 (Plastic) = 0.006312
Trial: 294, Time:35.124s
Trial 294: Cell 1 (Static) = 0.006864 | Cell 2 (Plastic) = 0.006331
Trial: 295, Time:34.983s
Trial 295: Cell 1 (Static) = 0.006885 | Cell 2 (Plastic) = 0.006350
Trial: 296, Time:35.339s
Trial 296: Cell 1 (Static) = 0.006906 | Cell 2 (Plastic) = 0.006369
Trial: 297, Time:34.985s
Trial 297: Cell 1 (Static) = 0.006926 | Cell 2 (Plastic) = 0.006388
Trial: 298, Time:35.199s
Trial 298: Cell 1 (Static) = 0.006947 | Cell 2 (Plastic) = 0.006369
Trial: 299, Time:35.482s
Trial 299: Cell 1 (Static) = 0.006968 | Cell 2 (Plastic) = 0.006350
Trial: 300, Time:35.771s
Trial 300: Cell 1 (Static) = 0.006989 | Cell 2 (Plastic) = 0.006331
Trial: 301, Time:35.547s
Trial 301: Cell 1 (Static) = 0.007010 | Cell 2 (Plastic) = 0.006312
Trial: 302, Time:35.569s
Trial 302: Cell 1 (Static) = 0.007031 | Cell 2 (Plastic) = 0.006293
Trial: 303, Time:35.257s
Trial 303: Cell 1 (Static) = 0.007052 | Cell 2 (Plastic) = 0.006274
Trial: 304, Time:35.529s
Trial 304: Cell 1 (Static) = 0.007073 | Cell 2 (Plastic) = 0.006256
Trial: 305, Time:35.361s
Trial 305: Cell 1 (Static) = 0.007094 | Cell 2 (Plastic) = 0.006274
Trial: 306, Time:35.297s
Trial 306: Cell 1 (Static) = 0.007116 | Cell 2 (Plastic) = 0.006256
Trial: 307, Time:35.326s
Trial 307: Cell 1 (Static) = 0.007094 | Cell 2 (Plastic) = 0.006237
Trial: 308, Time:35.174s
Trial 308: Cell 1 (Static) = 0.007073 | Cell 2 (Plastic) = 0.006218
Trial: 309, Time:35.117s
Trial 309: Cell 1 (Static) = 0.007052 | Cell 2 (Plastic) = 0.006200
Trial: 310, Time:35.461s
Trial 310: Cell 1 (Static) = 0.007073 | Cell 2 (Plastic) = 0.006181
Trial: 311, Time:35.381s
Trial 311: Cell 1 (Static) = 0.007052 | Cell 2 (Plastic) = 0.006200
Trial: 312, Time:35.137s
Trial 312: Cell 1 (Static) = 0.007073 | Cell 2 (Plastic) = 0.006181
Trial: 313, Time:35.497s
Trial 313: Cell 1 (Static) = 0.007052 | Cell 2 (Plastic) = 0.006163
Trial: 314, Time:35.604s
Trial 314: Cell 1 (Static) = 0.007031 | Cell 2 (Plastic) = 0.006181
Trial: 315, Time:35.489s
Trial 315: Cell 1 (Static) = 0.007010 | Cell 2 (Plastic) = 0.006200
Trial: 316, Time:35.493s
Trial 316: Cell 1 (Static) = 0.006989 | Cell 2 (Plastic) = 0.006218
Trial: 317, Time:35.421s
Trial 317: Cell 1 (Static) = 0.006968 | Cell 2 (Plastic) = 0.006237
Trial: 318, Time:36.002s
Trial 318: Cell 1 (Static) = 0.006947 | Cell 2 (Plastic) = 0.006256
Trial: 319, Time:35.864s
Trial 319: Cell 1 (Static) = 0.006926 | Cell 2 (Plastic) = 0.006274
Trial: 320, Time:35.518s
Trial 320: Cell 1 (Static) = 0.006906 | Cell 2 (Plastic) = 0.006293
Trial: 321, Time:35.824s
Trial 321: Cell 1 (Static) = 0.006885 | Cell 2 (Plastic) = 0.006312
Trial: 322, Time:36.027s
Trial 322: Cell 1 (Static) = 0.006864 | Cell 2 (Plastic) = 0.006331
Trial: 323, Time:35.745s
Trial 323: Cell 1 (Static) = 0.006844 | Cell 2 (Plastic) = 0.006350
Trial: 324, Time:35.908s
Trial 324: Cell 1 (Static) = 0.006864 | Cell 2 (Plastic) = 0.006369
Trial: 325, Time:36.426s
Trial 325: Cell 1 (Static) = 0.006844 | Cell 2 (Plastic) = 0.006388
Trial: 326, Time:36.262s
Trial 326: Cell 1 (Static) = 0.006864 | Cell 2 (Plastic) = 0.006407
Trial: 327, Time:36.162s
Trial 327: Cell 1 (Static) = 0.006885 | Cell 2 (Plastic) = 0.006427
Trial: 328, Time:36.369s
Trial 328: Cell 1 (Static) = 0.006906 | Cell 2 (Plastic) = 0.006407
Trial: 329, Time:36.533s
Trial 329: Cell 1 (Static) = 0.006926 | Cell 2 (Plastic) = 0.006388
Trial: 330, Time:36.288s
Trial 330: Cell 1 (Static) = 0.006947 | Cell 2 (Plastic) = 0.006369
Trial: 331, Time:36.374s
Trial 331: Cell 1 (Static) = 0.006968 | Cell 2 (Plastic) = 0.006350
Trial: 332, Time:36.026s
Trial 332: Cell 1 (Static) = 0.006989 | Cell 2 (Plastic) = 0.006369
Trial: 333, Time:36.112s
Trial 333: Cell 1 (Static) = 0.007010 | Cell 2 (Plastic) = 0.006350
Trial: 334, Time:36.398s
Trial 334: Cell 1 (Static) = 0.007031 | Cell 2 (Plastic) = 0.006331
Trial: 335, Time:36.701s
Trial 335: Cell 1 (Static) = 0.007052 | Cell 2 (Plastic) = 0.006350
Trial: 336, Time:36.579s
Trial 336: Cell 1 (Static) = 0.007073 | Cell 2 (Plastic) = 0.006369
Trial: 337, Time:36.482s
Trial 337: Cell 1 (Static) = 0.007094 | Cell 2 (Plastic) = 0.006388
Trial: 338, Time:36.440s
Trial 338: Cell 1 (Static) = 0.007116 | Cell 2 (Plastic) = 0.006369
Trial: 339, Time:36.696s
Trial 339: Cell 1 (Static) = 0.007137 | Cell 2 (Plastic) = 0.006388
Trial: 340, Time:36.950s
Trial 340: Cell 1 (Static) = 0.007158 | Cell 2 (Plastic) = 0.006369
Trial: 341, Time:36.706s
Trial 341: Cell 1 (Static) = 0.007180 | Cell 2 (Plastic) = 0.006350
Trial: 342, Time:36.843s
Trial 342: Cell 1 (Static) = 0.007201 | Cell 2 (Plastic) = 0.006331
Trial: 343, Time:36.546s
Trial 343: Cell 1 (Static) = 0.007223 | Cell 2 (Plastic) = 0.006350
Trial: 344, Time:36.137s
Trial 344: Cell 1 (Static) = 0.007201 | Cell 2 (Plastic) = 0.006369
Trial: 345, Time:36.506s
Trial 345: Cell 1 (Static) = 0.007180 | Cell 2 (Plastic) = 0.006388
Trial: 346, Time:36.522s
Trial 346: Cell 1 (Static) = 0.007158 | Cell 2 (Plastic) = 0.006407
Trial: 347, Time:36.266s
Trial 347: Cell 1 (Static) = 0.007137 | Cell 2 (Plastic) = 0.006427
Trial: 348, Time:36.080s
Trial 348: Cell 1 (Static) = 0.007116 | Cell 2 (Plastic) = 0.006446
Trial: 349, Time:36.171s
Trial 349: Cell 1 (Static) = 0.007094 | Cell 2 (Plastic) = 0.006465
Trial: 350, Time:36.207s
Trial 350: Cell 1 (Static) = 0.007073 | Cell 2 (Plastic) = 0.006485
Trial: 351, Time:36.237s
Trial 351: Cell 1 (Static) = 0.007052 | Cell 2 (Plastic) = 0.006504
Trial: 352, Time:36.218s
Trial 352: Cell 1 (Static) = 0.007031 | Cell 2 (Plastic) = 0.006524
Trial: 353, Time:36.013s
Trial 353: Cell 1 (Static) = 0.007010 | Cell 2 (Plastic) = 0.006543
Trial: 354, Time:35.683s
Trial 354: Cell 1 (Static) = 0.006989 | Cell 2 (Plastic) = 0.006563
Trial: 355, Time:35.993s
Trial 355: Cell 1 (Static) = 0.006968 | Cell 2 (Plastic) = 0.006582
Trial: 356, Time:36.098s
Trial 356: Cell 1 (Static) = 0.006989 | Cell 2 (Plastic) = 0.006602
Trial: 357, Time:36.136s
Trial 357: Cell 1 (Static) = 0.007010 | Cell 2 (Plastic) = 0.006622
Trial: 358, Time:36.158s
Trial 358: Cell 1 (Static) = 0.007031 | Cell 2 (Plastic) = 0.006642
Trial: 359, Time:36.499s
Trial 359: Cell 1 (Static) = 0.007010 | Cell 2 (Plastic) = 0.006662
Trial: 360, Time:36.286s
Trial 360: Cell 1 (Static) = 0.007031 | Cell 2 (Plastic) = 0.006682
Trial: 361, Time:36.605s
Trial 361: Cell 1 (Static) = 0.007052 | Cell 2 (Plastic) = 0.006682
Trial: 362, Time:36.938s
Trial 362: Cell 1 (Static) = 0.007073 | Cell 2 (Plastic) = 0.006702
Trial: 363, Time:37.174s
Trial 363: Cell 1 (Static) = 0.007052 | Cell 2 (Plastic) = 0.006722
Trial: 364, Time:37.297s
Trial 364: Cell 1 (Static) = 0.007031 | Cell 2 (Plastic) = 0.006742
Trial: 365, Time:36.723s
Trial 365: Cell 1 (Static) = 0.007010 | Cell 2 (Plastic) = 0.006762
Trial: 366, Time:36.854s
Trial 366: Cell 1 (Static) = 0.006989 | Cell 2 (Plastic) = 0.006783
Trial: 367, Time:37.067s
Trial 367: Cell 1 (Static) = 0.006968 | Cell 2 (Plastic) = 0.006803
Trial: 368, Time:36.969s
Trial 368: Cell 1 (Static) = 0.006947 | Cell 2 (Plastic) = 0.006823
Trial: 369, Time:37.244s
Trial 369: Cell 1 (Static) = 0.006926 | Cell 2 (Plastic) = 0.006844
Trial: 370, Time:36.929s
Trial 370: Cell 1 (Static) = 0.006947 | Cell 2 (Plastic) = 0.006864
Trial: 371, Time:36.842s
Trial 371: Cell 1 (Static) = 0.006968 | Cell 2 (Plastic) = 0.006844
Trial: 372, Time:36.419s
Trial 372: Cell 1 (Static) = 0.006989 | Cell 2 (Plastic) = 0.006823
Trial: 373, Time:36.850s
Trial 373: Cell 1 (Static) = 0.007010 | Cell 2 (Plastic) = 0.006803
Trial: 374, Time:36.873s
Trial 374: Cell 1 (Static) = 0.007031 | Cell 2 (Plastic) = 0.006783
Trial: 375, Time:37.133s
Trial 375: Cell 1 (Static) = 0.007052 | Cell 2 (Plastic) = 0.006762
Trial: 376, Time:37.145s
Trial 376: Cell 1 (Static) = 0.007073 | Cell 2 (Plastic) = 0.006742
Trial: 377, Time:37.101s
Trial 377: Cell 1 (Static) = 0.007094 | Cell 2 (Plastic) = 0.006722
Trial: 378, Time:37.152s
Trial 378: Cell 1 (Static) = 0.007116 | Cell 2 (Plastic) = 0.006702
Trial: 379, Time:37.115s
Trial 379: Cell 1 (Static) = 0.007137 | Cell 2 (Plastic) = 0.006682
Trial: 380, Time:36.921s
Trial 380: Cell 1 (Static) = 0.007158 | Cell 2 (Plastic) = 0.006662
Trial: 381, Time:37.275s
Trial 381: Cell 1 (Static) = 0.007180 | Cell 2 (Plastic) = 0.006642
Trial: 382, Time:37.110s
Trial 382: Cell 1 (Static) = 0.007158 | Cell 2 (Plastic) = 0.006622
Trial: 383, Time:37.088s
Trial 383: Cell 1 (Static) = 0.007180 | Cell 2 (Plastic) = 0.006642
Trial: 384, Time:37.111s
Trial 384: Cell 1 (Static) = 0.007201 | Cell 2 (Plastic) = 0.006662
Trial: 385, Time:37.179s
Trial 385: Cell 1 (Static) = 0.007223 | Cell 2 (Plastic) = 0.006642
Trial: 386, Time:37.219s
Trial 386: Cell 1 (Static) = 0.007245 | Cell 2 (Plastic) = 0.006622
Trial: 387, Time:37.437s
Trial 387: Cell 1 (Static) = 0.007266 | Cell 2 (Plastic) = 0.006602
Trial: 388, Time:37.216s
Trial 388: Cell 1 (Static) = 0.007288 | Cell 2 (Plastic) = 0.006582
Trial: 389, Time:37.063s
Trial 389: Cell 1 (Static) = 0.007310 | Cell 2 (Plastic) = 0.006563
Trial: 390, Time:37.126s
Trial 390: Cell 1 (Static) = 0.007332 | Cell 2 (Plastic) = 0.006543
Trial: 391, Time:37.177s
Trial 391: Cell 1 (Static) = 0.007354 | Cell 2 (Plastic) = 0.006524
Trial: 392, Time:37.458s
Trial 392: Cell 1 (Static) = 0.007332 | Cell 2 (Plastic) = 0.006504
Trial: 393, Time:37.588s
Trial 393: Cell 1 (Static) = 0.007310 | Cell 2 (Plastic) = 0.006485
Trial: 394, Time:37.312s
Trial 394: Cell 1 (Static) = 0.007288 | Cell 2 (Plastic) = 0.006465
Trial: 395, Time:37.295s
Trial 395: Cell 1 (Static) = 0.007266 | Cell 2 (Plastic) = 0.006446
Trial: 396, Time:37.136s
Trial 396: Cell 1 (Static) = 0.007245 | Cell 2 (Plastic) = 0.006427
Trial: 397, Time:36.947s
Trial 397: Cell 1 (Static) = 0.007266 | Cell 2 (Plastic) = 0.006407
Trial: 398, Time:36.815s
Trial 398: Cell 1 (Static) = 0.007245 | Cell 2 (Plastic) = 0.006388
Trial: 399, Time:36.645s
Trial 399: Cell 1 (Static) = 0.007266 | Cell 2 (Plastic) = 0.006369
Trial: 400, Time:36.940s
Trial 400: Cell 1 (Static) = 0.007245 | Cell 2 (Plastic) = 0.006350
Trial: 401, Time:36.764s
Trial 401: Cell 1 (Static) = 0.007223 | Cell 2 (Plastic) = 0.006369
Trial: 402, Time:36.542s
Trial 402: Cell 1 (Static) = 0.007201 | Cell 2 (Plastic) = 0.006350
Trial: 403, Time:36.364s
Trial 403: Cell 1 (Static) = 0.007223 | Cell 2 (Plastic) = 0.006331
Trial: 404, Time:36.626s
Trial 404: Cell 1 (Static) = 0.007245 | Cell 2 (Plastic) = 0.006312
Trial: 405, Time:36.838s
Trial 405: Cell 1 (Static) = 0.007266 | Cell 2 (Plastic) = 0.006293
Trial: 406, Time:37.009s
Trial 406: Cell 1 (Static) = 0.007288 | Cell 2 (Plastic) = 0.006274
Trial: 407, Time:36.918s
Trial 407: Cell 1 (Static) = 0.007310 | Cell 2 (Plastic) = 0.006256
Trial: 408, Time:36.945s
Trial 408: Cell 1 (Static) = 0.007288 | Cell 2 (Plastic) = 0.006237
Trial: 409, Time:37.237s
Trial 409: Cell 1 (Static) = 0.007266 | Cell 2 (Plastic) = 0.006256
Trial: 410, Time:37.367s
Trial 410: Cell 1 (Static) = 0.007245 | Cell 2 (Plastic) = 0.006274
Trial: 411, Time:37.987s
Trial 411: Cell 1 (Static) = 0.007223 | Cell 2 (Plastic) = 0.006293
Trial: 412, Time:37.841s
Trial 412: Cell 1 (Static) = 0.007201 | Cell 2 (Plastic) = 0.006312
Trial: 413, Time:37.662s
Trial 413: Cell 1 (Static) = 0.007180 | Cell 2 (Plastic) = 0.006331
Trial: 414, Time:37.261s
Trial 414: Cell 1 (Static) = 0.007158 | Cell 2 (Plastic) = 0.006350
Trial: 415, Time:37.490s
Trial 415: Cell 1 (Static) = 0.007137 | Cell 2 (Plastic) = 0.006369
Trial: 416, Time:37.634s
Trial 416: Cell 1 (Static) = 0.007116 | Cell 2 (Plastic) = 0.006388
Trial: 417, Time:37.603s
Trial 417: Cell 1 (Static) = 0.007094 | Cell 2 (Plastic) = 0.006407
Trial: 418, Time:37.777s
Trial 418: Cell 1 (Static) = 0.007073 | Cell 2 (Plastic) = 0.006427
Trial: 419, Time:37.658s
Trial 419: Cell 1 (Static) = 0.007052 | Cell 2 (Plastic) = 0.006446
Trial: 420, Time:37.822s
Trial 420: Cell 1 (Static) = 0.007073 | Cell 2 (Plastic) = 0.006465
Trial: 421, Time:37.462s
Trial 421: Cell 1 (Static) = 0.007094 | Cell 2 (Plastic) = 0.006485
Trial: 422, Time:37.394s
Trial 422: Cell 1 (Static) = 0.007116 | Cell 2 (Plastic) = 0.006504
Trial: 423, Time:37.400s
Trial 423: Cell 1 (Static) = 0.007137 | Cell 2 (Plastic) = 0.006524
Trial: 424, Time:37.549s
Trial 424: Cell 1 (Static) = 0.007158 | Cell 2 (Plastic) = 0.006543
Trial: 425, Time:37.676s
Trial 425: Cell 1 (Static) = 0.007180 | Cell 2 (Plastic) = 0.006563
Trial: 426, Time:37.828s
Trial 426: Cell 1 (Static) = 0.007158 | Cell 2 (Plastic) = 0.006582
Trial: 427, Time:38.038s
Trial 427: Cell 1 (Static) = 0.007180 | Cell 2 (Plastic) = 0.006602
Trial: 428, Time:38.552s
Trial 428: Cell 1 (Static) = 0.007201 | Cell 2 (Plastic) = 0.006622
Trial: 429, Time:38.385s
Trial 429: Cell 1 (Static) = 0.007180 | Cell 2 (Plastic) = 0.006642
Trial: 430, Time:38.252s
Trial 430: Cell 1 (Static) = 0.007158 | Cell 2 (Plastic) = 0.006662
Trial: 431, Time:38.018s
Trial 431: Cell 1 (Static) = 0.007137 | Cell 2 (Plastic) = 0.006682
Trial: 432, Time:37.826s
Trial 432: Cell 1 (Static) = 0.007116 | Cell 2 (Plastic) = 0.006702
Trial: 433, Time:37.905s
Trial 433: Cell 1 (Static) = 0.007094 | Cell 2 (Plastic) = 0.006722
Trial: 434, Time:38.014s
Trial 434: Cell 1 (Static) = 0.007116 | Cell 2 (Plastic) = 0.006742
Trial: 435, Time:38.000s
Trial 435: Cell 1 (Static) = 0.007137 | Cell 2 (Plastic) = 0.006762
Trial: 436, Time:38.295s
Trial 436: Cell 1 (Static) = 0.007158 | Cell 2 (Plastic) = 0.006783
Trial: 437, Time:38.093s
Trial 437: Cell 1 (Static) = 0.007137 | Cell 2 (Plastic) = 0.006803
Trial: 438, Time:37.966s
Trial 438: Cell 1 (Static) = 0.007116 | Cell 2 (Plastic) = 0.006823
Trial: 439, Time:38.170s
Trial 439: Cell 1 (Static) = 0.007137 | Cell 2 (Plastic) = 0.006803
Trial: 440, Time:38.362s
Trial 440: Cell 1 (Static) = 0.007158 | Cell 2 (Plastic) = 0.006783
Trial: 441, Time:38.563s
Trial 441: Cell 1 (Static) = 0.007180 | Cell 2 (Plastic) = 0.006762
Trial: 442, Time:38.556s
Trial 442: Cell 1 (Static) = 0.007201 | Cell 2 (Plastic) = 0.006742
Trial: 443, Time:38.688s
Trial 443: Cell 1 (Static) = 0.007223 | Cell 2 (Plastic) = 0.006722
Trial: 444, Time:38.449s
Trial 444: Cell 1 (Static) = 0.007245 | Cell 2 (Plastic) = 0.006742
Trial: 445, Time:38.102s
Trial 445: Cell 1 (Static) = 0.007266 | Cell 2 (Plastic) = 0.006762
Trial: 446, Time:38.611s
Trial 446: Cell 1 (Static) = 0.007245 | Cell 2 (Plastic) = 0.006783
Trial: 447, Time:38.412s
Trial 447: Cell 1 (Static) = 0.007223 | Cell 2 (Plastic) = 0.006803
Trial: 448, Time:38.345s
Trial 448: Cell 1 (Static) = 0.007201 | Cell 2 (Plastic) = 0.006783
Trial: 449, Time:38.310s
Trial 449: Cell 1 (Static) = 0.007223 | Cell 2 (Plastic) = 0.006762
Trial: 450, Time:38.681s
Trial 450: Cell 1 (Static) = 0.007245 | Cell 2 (Plastic) = 0.006742
Trial: 451, Time:38.453s
Trial 451: Cell 1 (Static) = 0.007266 | Cell 2 (Plastic) = 0.006722
Trial: 452, Time:38.005s
Trial 452: Cell 1 (Static) = 0.007288 | Cell 2 (Plastic) = 0.006702
Trial: 453, Time:38.017s
Trial 453: Cell 1 (Static) = 0.007310 | Cell 2 (Plastic) = 0.006682
Trial: 454, Time:38.050s
Trial 454: Cell 1 (Static) = 0.007332 | Cell 2 (Plastic) = 0.006662
Trial: 455, Time:38.201s
Trial 455: Cell 1 (Static) = 0.007310 | Cell 2 (Plastic) = 0.006642
Trial: 456, Time:38.215s
Trial 456: Cell 1 (Static) = 0.007288 | Cell 2 (Plastic) = 0.006662
Trial: 457, Time:38.213s
Trial 457: Cell 1 (Static) = 0.007266 | Cell 2 (Plastic) = 0.006682
Trial: 458, Time:38.193s
Trial 458: Cell 1 (Static) = 0.007245 | Cell 2 (Plastic) = 0.006702
Trial: 459, Time:38.275s
Trial 459: Cell 1 (Static) = 0.007223 | Cell 2 (Plastic) = 0.006722
Trial: 460, Time:38.294s
Trial 460: Cell 1 (Static) = 0.007201 | Cell 2 (Plastic) = 0.006742
Trial: 461, Time:38.801s
Trial 461: Cell 1 (Static) = 0.007180 | Cell 2 (Plastic) = 0.006762
Trial: 462, Time:38.187s
Trial 462: Cell 1 (Static) = 0.007158 | Cell 2 (Plastic) = 0.006783
Trial: 463, Time:38.452s
Trial 463: Cell 1 (Static) = 0.007137 | Cell 2 (Plastic) = 0.006803
Trial: 464, Time:38.536s
Trial 464: Cell 1 (Static) = 0.007116 | Cell 2 (Plastic) = 0.006823
Trial: 465, Time:38.311s
Trial 465: Cell 1 (Static) = 0.007094 | Cell 2 (Plastic) = 0.006844
Trial: 466, Time:38.529s
Trial 466: Cell 1 (Static) = 0.007073 | Cell 2 (Plastic) = 0.006864
Trial: 467, Time:38.564s
Trial 467: Cell 1 (Static) = 0.007052 | Cell 2 (Plastic) = 0.006885
Trial: 468, Time:38.592s
Trial 468: Cell 1 (Static) = 0.007031 | Cell 2 (Plastic) = 0.006906
Trial: 469, Time:38.827s
Trial 469: Cell 1 (Static) = 0.007010 | Cell 2 (Plastic) = 0.006926
Trial: 470, Time:39.098s
Trial 470: Cell 1 (Static) = 0.006989 | Cell 2 (Plastic) = 0.006947
Trial: 471, Time:38.746s
Trial 471: Cell 1 (Static) = 0.006968 | Cell 2 (Plastic) = 0.006968
Trial: 472, Time:38.848s
Trial 472: Cell 1 (Static) = 0.006947 | Cell 2 (Plastic) = 0.006989
Trial: 473, Time:39.192s
Trial 473: Cell 1 (Static) = 0.006926 | Cell 2 (Plastic) = 0.007010
Trial: 474, Time:38.975s
Trial 474: Cell 1 (Static) = 0.006906 | Cell 2 (Plastic) = 0.007031
Trial: 475, Time:39.124s
Trial 475: Cell 1 (Static) = 0.006885 | Cell 2 (Plastic) = 0.007052
Trial: 476, Time:39.421s
Trial 476: Cell 1 (Static) = 0.006864 | Cell 2 (Plastic) = 0.007073
Trial: 477, Time:39.703s
Trial 477: Cell 1 (Static) = 0.006844 | Cell 2 (Plastic) = 0.007094
Trial: 478, Time:39.551s
Trial 478: Cell 1 (Static) = 0.006823 | Cell 2 (Plastic) = 0.007116
Trial: 479, Time:39.389s
Trial 479: Cell 1 (Static) = 0.006803 | Cell 2 (Plastic) = 0.007137
Trial: 480, Time:39.203s
Trial 480: Cell 1 (Static) = 0.006783 | Cell 2 (Plastic) = 0.007158
Trial: 481, Time:38.888s
Trial 481: Cell 1 (Static) = 0.006803 | Cell 2 (Plastic) = 0.007180
Trial: 482, Time:38.990s
Trial 482: Cell 1 (Static) = 0.006823 | Cell 2 (Plastic) = 0.007201
Trial: 483, Time:38.726s
Trial 483: Cell 1 (Static) = 0.006844 | Cell 2 (Plastic) = 0.007223
Trial: 484, Time:38.884s
Trial 484: Cell 1 (Static) = 0.006864 | Cell 2 (Plastic) = 0.007245
Trial: 485, Time:39.183s
Trial 485: Cell 1 (Static) = 0.006885 | Cell 2 (Plastic) = 0.007223
Trial: 486, Time:39.293s
Trial 486: Cell 1 (Static) = 0.006906 | Cell 2 (Plastic) = 0.007245
Trial: 487, Time:39.307s
Trial 487: Cell 1 (Static) = 0.006926 | Cell 2 (Plastic) = 0.007266
Trial: 488, Time:39.230s
Trial 488: Cell 1 (Static) = 0.006947 | Cell 2 (Plastic) = 0.007288
Trial: 489, Time:39.086s
Trial 489: Cell 1 (Static) = 0.006968 | Cell 2 (Plastic) = 0.007266
Trial: 490, Time:39.256s
Trial 490: Cell 1 (Static) = 0.006989 | Cell 2 (Plastic) = 0.007245
Trial: 491, Time:39.619s
Trial 491: Cell 1 (Static) = 0.007010 | Cell 2 (Plastic) = 0.007223
Trial: 492, Time:39.667s
Trial 492: Cell 1 (Static) = 0.007031 | Cell 2 (Plastic) = 0.007245
Trial: 493, Time:39.511s
Trial 493: Cell 1 (Static) = 0.007010 | Cell 2 (Plastic) = 0.007266
Trial: 494, Time:39.261s
Trial 494: Cell 1 (Static) = 0.006989 | Cell 2 (Plastic) = 0.007288
Trial: 495, Time:39.243s
Trial 495: Cell 1 (Static) = 0.006968 | Cell 2 (Plastic) = 0.007266
Trial: 496, Time:39.395s
Trial 496: Cell 1 (Static) = 0.006947 | Cell 2 (Plastic) = 0.007245
Trial: 497, Time:39.239s
Trial 497: Cell 1 (Static) = 0.006926 | Cell 2 (Plastic) = 0.007223
Trial: 498, Time:39.010s
Trial 498: Cell 1 (Static) = 0.006947 | Cell 2 (Plastic) = 0.007201
Trial: 499, Time:39.146s
Trial 499: Cell 1 (Static) = 0.006926 | Cell 2 (Plastic) = 0.007223
Trial: 500, Time:38.952s
Trial 500: Cell 1 (Static) = 0.006906 | Cell 2 (Plastic) = 0.007245
Trial: 501, Time:39.138s
Trial 501: Cell 1 (Static) = 0.006885 | Cell 2 (Plastic) = 0.007266
Trial: 502, Time:38.920s
Trial 502: Cell 1 (Static) = 0.006864 | Cell 2 (Plastic) = 0.007245
Trial: 503, Time:39.182s
Trial 503: Cell 1 (Static) = 0.006844 | Cell 2 (Plastic) = 0.007223
Trial: 504, Time:39.364s
Trial 504: Cell 1 (Static) = 0.006823 | Cell 2 (Plastic) = 0.007201
Trial: 505, Time:39.294s
Trial 505: Cell 1 (Static) = 0.006803 | Cell 2 (Plastic) = 0.007180
Trial: 506, Time:39.101s
Trial 506: Cell 1 (Static) = 0.006783 | Cell 2 (Plastic) = 0.007158
Trial: 507, Time:38.965s
Trial 507: Cell 1 (Static) = 0.006762 | Cell 2 (Plastic) = 0.007180
Trial: 508, Time:39.213s
Trial 508: Cell 1 (Static) = 0.006742 | Cell 2 (Plastic) = 0.007201
Trial: 509, Time:39.624s
Trial 509: Cell 1 (Static) = 0.006762 | Cell 2 (Plastic) = 0.007180
Trial: 510, Time:39.450s
Trial 510: Cell 1 (Static) = 0.006742 | Cell 2 (Plastic) = 0.007158
Trial: 511, Time:39.703s
Trial 511: Cell 1 (Static) = 0.006762 | Cell 2 (Plastic) = 0.007137
Trial: 512, Time:39.681s
Trial 512: Cell 1 (Static) = 0.006783 | Cell 2 (Plastic) = 0.007116
Trial: 513, Time:39.464s
Trial 513: Cell 1 (Static) = 0.006803 | Cell 2 (Plastic) = 0.007094
Trial: 514, Time:39.464s
Trial 514: Cell 1 (Static) = 0.006823 | Cell 2 (Plastic) = 0.007073
Trial: 515, Time:39.926s
Trial 515: Cell 1 (Static) = 0.006844 | Cell 2 (Plastic) = 0.007052
Trial: 516, Time:39.632s
Trial 516: Cell 1 (Static) = 0.006864 | Cell 2 (Plastic) = 0.007031
Trial: 517, Time:39.769s
Trial 517: Cell 1 (Static) = 0.006885 | Cell 2 (Plastic) = 0.007010
Trial: 518, Time:39.714s
Trial 518: Cell 1 (Static) = 0.006906 | Cell 2 (Plastic) = 0.006989
Trial: 519, Time:39.248s
Trial 519: Cell 1 (Static) = 0.006926 | Cell 2 (Plastic) = 0.006968
Trial: 520, Time:39.086s
Trial 520: Cell 1 (Static) = 0.006947 | Cell 2 (Plastic) = 0.006947
Trial: 521, Time:39.757s
Trial 521: Cell 1 (Static) = 0.006968 | Cell 2 (Plastic) = 0.006926
Trial: 522, Time:39.082s
Trial 522: Cell 1 (Static) = 0.006989 | Cell 2 (Plastic) = 0.006906
Trial: 523, Time:39.127s
Trial 523: Cell 1 (Static) = 0.007010 | Cell 2 (Plastic) = 0.006885
Trial: 524, Time:39.413s
Trial 524: Cell 1 (Static) = 0.007031 | Cell 2 (Plastic) = 0.006906
Trial: 525, Time:39.299s
Trial 525: Cell 1 (Static) = 0.007010 | Cell 2 (Plastic) = 0.006926
Trial: 526, Time:39.162s
Trial 526: Cell 1 (Static) = 0.007031 | Cell 2 (Plastic) = 0.006947
Trial: 527, Time:39.794s
Trial 527: Cell 1 (Static) = 0.007052 | Cell 2 (Plastic) = 0.006926
Trial: 528, Time:39.203s
Trial 528: Cell 1 (Static) = 0.007073 | Cell 2 (Plastic) = 0.006906
Trial: 529, Time:39.668s
Trial 529: Cell 1 (Static) = 0.007094 | Cell 2 (Plastic) = 0.006885
Trial: 530, Time:39.244s
Trial 530: Cell 1 (Static) = 0.007073 | Cell 2 (Plastic) = 0.006906
Trial: 531, Time:39.331s
Trial 531: Cell 1 (Static) = 0.007052 | Cell 2 (Plastic) = 0.006926
Trial: 532, Time:39.419s
Trial 532: Cell 1 (Static) = 0.007031 | Cell 2 (Plastic) = 0.006947
Trial: 533, Time:39.390s
Trial 533: Cell 1 (Static) = 0.007010 | Cell 2 (Plastic) = 0.006968
Trial: 534, Time:39.568s
Trial 534: Cell 1 (Static) = 0.006989 | Cell 2 (Plastic) = 0.006947
Trial: 535, Time:39.737s
Trial 535: Cell 1 (Static) = 0.007010 | Cell 2 (Plastic) = 0.006926
Trial: 536, Time:39.750s
Trial 536: Cell 1 (Static) = 0.006989 | Cell 2 (Plastic) = 0.006906
Trial: 537, Time:39.913s
Trial 537: Cell 1 (Static) = 0.006968 | Cell 2 (Plastic) = 0.006926
Trial: 538, Time:39.801s
Trial 538: Cell 1 (Static) = 0.006947 | Cell 2 (Plastic) = 0.006947
Trial: 539, Time:39.500s
Trial 539: Cell 1 (Static) = 0.006926 | Cell 2 (Plastic) = 0.006968
Trial: 540, Time:39.278s
Trial 540: Cell 1 (Static) = 0.006947 | Cell 2 (Plastic) = 0.006989
Trial: 541, Time:39.288s
Trial 541: Cell 1 (Static) = 0.006968 | Cell 2 (Plastic) = 0.007010
Trial: 542, Time:39.654s
Trial 542: Cell 1 (Static) = 0.006989 | Cell 2 (Plastic) = 0.007031
Trial: 543, Time:39.309s
Trial 543: Cell 1 (Static) = 0.006968 | Cell 2 (Plastic) = 0.007052
Trial: 544, Time:39.135s
Trial 544: Cell 1 (Static) = 0.006947 | Cell 2 (Plastic) = 0.007073
Trial: 545, Time:38.930s
Trial 545: Cell 1 (Static) = 0.006926 | Cell 2 (Plastic) = 0.007094
Trial: 546, Time:39.365s
Trial 546: Cell 1 (Static) = 0.006906 | Cell 2 (Plastic) = 0.007073
Trial: 547, Time:39.509s
Trial 547: Cell 1 (Static) = 0.006885 | Cell 2 (Plastic) = 0.007052
Trial: 548, Time:39.704s
Trial 548: Cell 1 (Static) = 0.006864 | Cell 2 (Plastic) = 0.007031
Trial: 549, Time:39.400s
Trial 549: Cell 1 (Static) = 0.006885 | Cell 2 (Plastic) = 0.007052
Trial: 550, Time:39.550s
Trial 550: Cell 1 (Static) = 0.006906 | Cell 2 (Plastic) = 0.007073
Trial: 551, Time:39.684s
Trial 551: Cell 1 (Static) = 0.006926 | Cell 2 (Plastic) = 0.007094
Trial: 552, Time:40.022s
Trial 552: Cell 1 (Static) = 0.006906 | Cell 2 (Plastic) = 0.007116
Trial: 553, Time:39.839s
Trial 553: Cell 1 (Static) = 0.006885 | Cell 2 (Plastic) = 0.007137
Trial: 554, Time:39.477s
Trial 554: Cell 1 (Static) = 0.006864 | Cell 2 (Plastic) = 0.007158
Trial: 555, Time:39.435s
Trial 555: Cell 1 (Static) = 0.006885 | Cell 2 (Plastic) = 0.007137
Trial: 556, Time:39.209s
Trial 556: Cell 1 (Static) = 0.006906 | Cell 2 (Plastic) = 0.007158
Trial: 557, Time:39.256s
Trial 557: Cell 1 (Static) = 0.006926 | Cell 2 (Plastic) = 0.007180
Trial: 558, Time:39.512s
Trial 558: Cell 1 (Static) = 0.006947 | Cell 2 (Plastic) = 0.007201
Trial: 559, Time:39.439s
Trial 559: Cell 1 (Static) = 0.006968 | Cell 2 (Plastic) = 0.007180
Trial: 560, Time:39.326s
Trial 560: Cell 1 (Static) = 0.006989 | Cell 2 (Plastic) = 0.007201
Trial: 561, Time:39.436s
Trial 561: Cell 1 (Static) = 0.007010 | Cell 2 (Plastic) = 0.007180
Trial: 562, Time:39.519s
Trial 562: Cell 1 (Static) = 0.007031 | Cell 2 (Plastic) = 0.007201
Trial: 563, Time:39.573s
Trial 563: Cell 1 (Static) = 0.007052 | Cell 2 (Plastic) = 0.007223
Trial: 564, Time:39.492s
Trial 564: Cell 1 (Static) = 0.007073 | Cell 2 (Plastic) = 0.007245
Trial: 565, Time:39.439s
Trial 565: Cell 1 (Static) = 0.007094 | Cell 2 (Plastic) = 0.007266
Trial: 566, Time:39.345s
Trial 566: Cell 1 (Static) = 0.007116 | Cell 2 (Plastic) = 0.007288
Trial: 567, Time:39.283s
Trial 567: Cell 1 (Static) = 0.007137 | Cell 2 (Plastic) = 0.007310
Trial: 568, Time:39.251s
Trial 568: Cell 1 (Static) = 0.007158 | Cell 2 (Plastic) = 0.007332
Trial: 569, Time:39.325s
Trial 569: Cell 1 (Static) = 0.007180 | Cell 2 (Plastic) = 0.007310
Trial: 570, Time:39.363s
Trial 570: Cell 1 (Static) = 0.007201 | Cell 2 (Plastic) = 0.007288
Trial: 571, Time:39.717s
Trial 571: Cell 1 (Static) = 0.007223 | Cell 2 (Plastic) = 0.007266
Trial: 572, Time:39.503s
Trial 572: Cell 1 (Static) = 0.007245 | Cell 2 (Plastic) = 0.007245
Trial: 573, Time:39.695s
Trial 573: Cell 1 (Static) = 0.007266 | Cell 2 (Plastic) = 0.007223
Trial: 574, Time:39.820s
Trial 574: Cell 1 (Static) = 0.007288 | Cell 2 (Plastic) = 0.007201
Trial: 575, Time:39.726s
Trial 575: Cell 1 (Static) = 0.007310 | Cell 2 (Plastic) = 0.007180
Trial: 576, Time:39.923s
Trial 576: Cell 1 (Static) = 0.007332 | Cell 2 (Plastic) = 0.007158
Trial: 577, Time:40.314s
Trial 577: Cell 1 (Static) = 0.007354 | Cell 2 (Plastic) = 0.007137
Trial: 578, Time:40.182s
Trial 578: Cell 1 (Static) = 0.007376 | Cell 2 (Plastic) = 0.007158
Trial: 579, Time:39.966s
Trial 579: Cell 1 (Static) = 0.007398 | Cell 2 (Plastic) = 0.007180
Trial: 580, Time:40.331s
Trial 580: Cell 1 (Static) = 0.007420 | Cell 2 (Plastic) = 0.007201
Trial: 581, Time:40.214s
Trial 581: Cell 1 (Static) = 0.007443 | Cell 2 (Plastic) = 0.007223
Trial: 582, Time:40.287s
Trial 582: Cell 1 (Static) = 0.007465 | Cell 2 (Plastic) = 0.007245
Trial: 583, Time:40.576s
Trial 583: Cell 1 (Static) = 0.007487 | Cell 2 (Plastic) = 0.007223
Trial: 584, Time:40.896s
Trial 584: Cell 1 (Static) = 0.007510 | Cell 2 (Plastic) = 0.007201
Trial: 585, Time:40.857s
Trial 585: Cell 1 (Static) = 0.007532 | Cell 2 (Plastic) = 0.007180
Trial: 586, Time:40.561s
Trial 586: Cell 1 (Static) = 0.007510 | Cell 2 (Plastic) = 0.007158
Trial: 587, Time:40.319s
Trial 587: Cell 1 (Static) = 0.007487 | Cell 2 (Plastic) = 0.007137
Trial: 588, Time:40.144s
Trial 588: Cell 1 (Static) = 0.007510 | Cell 2 (Plastic) = 0.007116
Trial: 589, Time:40.472s
Trial 589: Cell 1 (Static) = 0.007532 | Cell 2 (Plastic) = 0.007094
Trial: 590, Time:40.443s
Trial 590: Cell 1 (Static) = 0.007555 | Cell 2 (Plastic) = 0.007073
Trial: 591, Time:40.574s
Trial 591: Cell 1 (Static) = 0.007578 | Cell 2 (Plastic) = 0.007052
Trial: 592, Time:40.425s
Trial 592: Cell 1 (Static) = 0.007600 | Cell 2 (Plastic) = 0.007031
Trial: 593, Time:40.107s
Trial 593: Cell 1 (Static) = 0.007578 | Cell 2 (Plastic) = 0.007010
Trial: 594, Time:39.872s
Trial 594: Cell 1 (Static) = 0.007555 | Cell 2 (Plastic) = 0.007031
Trial: 595, Time:40.025s
Trial 595: Cell 1 (Static) = 0.007532 | Cell 2 (Plastic) = 0.007010
Trial: 596, Time:39.903s
Trial 596: Cell 1 (Static) = 0.007510 | Cell 2 (Plastic) = 0.006989
Trial: 597, Time:39.968s
Trial 597: Cell 1 (Static) = 0.007487 | Cell 2 (Plastic) = 0.006968
Trial: 598, Time:40.084s
Trial 598: Cell 1 (Static) = 0.007510 | Cell 2 (Plastic) = 0.006989
Trial: 599, Time:39.975s
Trial 599: Cell 1 (Static) = 0.007487 | Cell 2 (Plastic) = 0.006968
Trial: 600, Time:39.555s
Trial 600: Cell 1 (Static) = 0.007465 | Cell 2 (Plastic) = 0.006947
Trial: 601, Time:39.599s
Trial 601: Cell 1 (Static) = 0.007443 | Cell 2 (Plastic) = 0.006968
Trial: 602, Time:39.813s
Trial 602: Cell 1 (Static) = 0.007420 | Cell 2 (Plastic) = 0.006989
Trial: 603, Time:40.368s
Trial 603: Cell 1 (Static) = 0.007398 | Cell 2 (Plastic) = 0.007010
Trial: 604, Time:40.140s
Trial 604: Cell 1 (Static) = 0.007376 | Cell 2 (Plastic) = 0.007031
Trial: 605, Time:40.041s
Trial 605: Cell 1 (Static) = 0.007398 | Cell 2 (Plastic) = 0.007052
Trial: 606, Time:40.065s
Trial 606: Cell 1 (Static) = 0.007420 | Cell 2 (Plastic) = 0.007073
Trial: 607, Time:40.220s
Trial 607: Cell 1 (Static) = 0.007443 | Cell 2 (Plastic) = 0.007052
Trial: 608, Time:40.528s
Trial 608: Cell 1 (Static) = 0.007465 | Cell 2 (Plastic) = 0.007031
Trial: 609, Time:41.167s
Trial 609: Cell 1 (Static) = 0.007443 | Cell 2 (Plastic) = 0.007052
Trial: 610, Time:40.821s
Trial 610: Cell 1 (Static) = 0.007420 | Cell 2 (Plastic) = 0.007073
Trial: 611, Time:40.502s
Trial 611: Cell 1 (Static) = 0.007398 | Cell 2 (Plastic) = 0.007094
Trial: 612, Time:40.716s
Trial 612: Cell 1 (Static) = 0.007376 | Cell 2 (Plastic) = 0.007116
Trial: 613, Time:40.887s
Trial 613: Cell 1 (Static) = 0.007354 | Cell 2 (Plastic) = 0.007137
Trial: 614, Time:40.861s
Trial 614: Cell 1 (Static) = 0.007332 | Cell 2 (Plastic) = 0.007158
Trial: 615, Time:40.756s
Trial 615: Cell 1 (Static) = 0.007310 | Cell 2 (Plastic) = 0.007180
Trial: 616, Time:40.463s
Trial 616: Cell 1 (Static) = 0.007288 | Cell 2 (Plastic) = 0.007201
Trial: 617, Time:40.335s
Trial 617: Cell 1 (Static) = 0.007266 | Cell 2 (Plastic) = 0.007223
Trial: 618, Time:39.990s
Trial 618: Cell 1 (Static) = 0.007245 | Cell 2 (Plastic) = 0.007245
Trial: 619, Time:40.119s
Trial 619: Cell 1 (Static) = 0.007223 | Cell 2 (Plastic) = 0.007266
Trial: 620, Time:40.378s
Trial 620: Cell 1 (Static) = 0.007201 | Cell 2 (Plastic) = 0.007288
Trial: 621, Time:40.563s
Trial 621: Cell 1 (Static) = 0.007223 | Cell 2 (Plastic) = 0.007310
Trial: 622, Time:40.519s
Trial 622: Cell 1 (Static) = 0.007201 | Cell 2 (Plastic) = 0.007332
Trial: 623, Time:40.269s
Trial 623: Cell 1 (Static) = 0.007180 | Cell 2 (Plastic) = 0.007354
Trial: 624, Time:40.636s
Trial 624: Cell 1 (Static) = 0.007158 | Cell 2 (Plastic) = 0.007376
Trial: 625, Time:40.733s
Trial 625: Cell 1 (Static) = 0.007137 | Cell 2 (Plastic) = 0.007398
Trial: 626, Time:40.557s
Trial 626: Cell 1 (Static) = 0.007116 | Cell 2 (Plastic) = 0.007376
Trial: 627, Time:40.647s
Trial 627: Cell 1 (Static) = 0.007094 | Cell 2 (Plastic) = 0.007398
Trial: 628, Time:40.747s
Trial 628: Cell 1 (Static) = 0.007073 | Cell 2 (Plastic) = 0.007420
Trial: 629, Time:40.936s
Trial 629: Cell 1 (Static) = 0.007094 | Cell 2 (Plastic) = 0.007443
Trial: 630, Time:40.567s
Trial 630: Cell 1 (Static) = 0.007116 | Cell 2 (Plastic) = 0.007465
Trial: 631, Time:40.747s
Trial 631: Cell 1 (Static) = 0.007094 | Cell 2 (Plastic) = 0.007487
Trial: 632, Time:40.787s
Trial 632: Cell 1 (Static) = 0.007116 | Cell 2 (Plastic) = 0.007510
Trial: 633, Time:40.228s
Trial 633: Cell 1 (Static) = 0.007094 | Cell 2 (Plastic) = 0.007532
Trial: 634, Time:40.425s
Trial 634: Cell 1 (Static) = 0.007116 | Cell 2 (Plastic) = 0.007510
Trial: 635, Time:40.638s
Trial 635: Cell 1 (Static) = 0.007137 | Cell 2 (Plastic) = 0.007487
Trial: 636, Time:40.148s
Trial 636: Cell 1 (Static) = 0.007158 | Cell 2 (Plastic) = 0.007465
Trial: 637, Time:39.919s
Trial 637: Cell 1 (Static) = 0.007137 | Cell 2 (Plastic) = 0.007487
Trial: 638, Time:39.536s
Trial 638: Cell 1 (Static) = 0.007116 | Cell 2 (Plastic) = 0.007465
Trial: 639, Time:40.033s
Trial 639: Cell 1 (Static) = 0.007137 | Cell 2 (Plastic) = 0.007487
Trial: 640, Time:39.881s
Trial 640: Cell 1 (Static) = 0.007158 | Cell 2 (Plastic) = 0.007465
Trial: 641, Time:40.325s
Trial 641: Cell 1 (Static) = 0.007137 | Cell 2 (Plastic) = 0.007487
Trial: 642, Time:40.358s
Trial 642: Cell 1 (Static) = 0.007116 | Cell 2 (Plastic) = 0.007510
Trial: 643, Time:40.175s
Trial 643: Cell 1 (Static) = 0.007094 | Cell 2 (Plastic) = 0.007532
Trial: 644, Time:40.048s
Trial 644: Cell 1 (Static) = 0.007073 | Cell 2 (Plastic) = 0.007555
Trial: 645, Time:40.202s
Trial 645: Cell 1 (Static) = 0.007052 | Cell 2 (Plastic) = 0.007578
Trial: 646, Time:40.228s
Trial 646: Cell 1 (Static) = 0.007031 | Cell 2 (Plastic) = 0.007600
Trial: 647, Time:40.052s
Trial 647: Cell 1 (Static) = 0.007010 | Cell 2 (Plastic) = 0.007623
Trial: 648, Time:40.405s
Trial 648: Cell 1 (Static) = 0.006989 | Cell 2 (Plastic) = 0.007646
Trial: 649, Time:40.194s
Trial 649: Cell 1 (Static) = 0.006968 | Cell 2 (Plastic) = 0.007623
Trial: 650, Time:40.023s
Trial 650: Cell 1 (Static) = 0.006947 | Cell 2 (Plastic) = 0.007600
Trial: 651, Time:39.841s
Trial 651: Cell 1 (Static) = 0.006926 | Cell 2 (Plastic) = 0.007578
Trial: 652, Time:40.207s
Trial 652: Cell 1 (Static) = 0.006947 | Cell 2 (Plastic) = 0.007555
Trial: 653, Time:40.598s
Trial 653: Cell 1 (Static) = 0.006968 | Cell 2 (Plastic) = 0.007532
Trial: 654, Time:40.491s
Trial 654: Cell 1 (Static) = 0.006947 | Cell 2 (Plastic) = 0.007510
Trial: 655, Time:40.728s
Trial 655: Cell 1 (Static) = 0.006968 | Cell 2 (Plastic) = 0.007487
Trial: 656, Time:40.565s
Trial 656: Cell 1 (Static) = 0.006947 | Cell 2 (Plastic) = 0.007465
Trial: 657, Time:40.837s
Trial 657: Cell 1 (Static) = 0.006926 | Cell 2 (Plastic) = 0.007443
Trial: 658, Time:40.866s
Trial 658: Cell 1 (Static) = 0.006906 | Cell 2 (Plastic) = 0.007465
Trial: 659, Time:40.489s
Trial 659: Cell 1 (Static) = 0.006885 | Cell 2 (Plastic) = 0.007487
Trial: 660, Time:40.380s
Trial 660: Cell 1 (Static) = 0.006864 | Cell 2 (Plastic) = 0.007510
Trial: 661, Time:40.577s
Trial 661: Cell 1 (Static) = 0.006844 | Cell 2 (Plastic) = 0.007532
Trial: 662, Time:40.338s
Trial 662: Cell 1 (Static) = 0.006864 | Cell 2 (Plastic) = 0.007510
Trial: 663, Time:40.686s
Trial 663: Cell 1 (Static) = 0.006885 | Cell 2 (Plastic) = 0.007487
Trial: 664, Time:40.856s
Trial 664: Cell 1 (Static) = 0.006864 | Cell 2 (Plastic) = 0.007465
Trial: 665, Time:40.700s
Trial 665: Cell 1 (Static) = 0.006844 | Cell 2 (Plastic) = 0.007487
Trial: 666, Time:40.759s
Trial 666: Cell 1 (Static) = 0.006823 | Cell 2 (Plastic) = 0.007465
Trial: 667, Time:40.822s
Trial 667: Cell 1 (Static) = 0.006844 | Cell 2 (Plastic) = 0.007487
Trial: 668, Time:41.065s
Trial 668: Cell 1 (Static) = 0.006864 | Cell 2 (Plastic) = 0.007510
Trial: 669, Time:40.923s
Trial 669: Cell 1 (Static) = 0.006885 | Cell 2 (Plastic) = 0.007532
Trial: 670, Time:40.684s
Trial 670: Cell 1 (Static) = 0.006864 | Cell 2 (Plastic) = 0.007555
Trial: 671, Time:40.637s
Trial 671: Cell 1 (Static) = 0.006844 | Cell 2 (Plastic) = 0.007578
Trial: 672, Time:40.475s
Trial 672: Cell 1 (Static) = 0.006823 | Cell 2 (Plastic) = 0.007600
Trial: 673, Time:40.496s
Trial 673: Cell 1 (Static) = 0.006803 | Cell 2 (Plastic) = 0.007623
Trial: 674, Time:40.773s
Trial 674: Cell 1 (Static) = 0.006783 | Cell 2 (Plastic) = 0.007646
Trial: 675, Time:40.800s
Trial 675: Cell 1 (Static) = 0.006762 | Cell 2 (Plastic) = 0.007669
Trial: 676, Time:40.849s
Trial 676: Cell 1 (Static) = 0.006742 | Cell 2 (Plastic) = 0.007692
Trial: 677, Time:41.102s
Trial 677: Cell 1 (Static) = 0.006722 | Cell 2 (Plastic) = 0.007715
Trial: 678, Time:41.546s
Trial 678: Cell 1 (Static) = 0.006702 | Cell 2 (Plastic) = 0.007692
Trial: 679, Time:41.478s
Trial 679: Cell 1 (Static) = 0.006682 | Cell 2 (Plastic) = 0.007669
Trial: 680, Time:41.453s
Trial 680: Cell 1 (Static) = 0.006662 | Cell 2 (Plastic) = 0.007646
Trial: 681, Time:41.529s
Trial 681: Cell 1 (Static) = 0.006642 | Cell 2 (Plastic) = 0.007623
Trial: 682, Time:41.535s
Trial 682: Cell 1 (Static) = 0.006662 | Cell 2 (Plastic) = 0.007646
Trial: 683, Time:41.455s
Trial 683: Cell 1 (Static) = 0.006682 | Cell 2 (Plastic) = 0.007623
Trial: 684, Time:41.604s
Trial 684: Cell 1 (Static) = 0.006702 | Cell 2 (Plastic) = 0.007600
Trial: 685, Time:40.863s
Trial 685: Cell 1 (Static) = 0.006682 | Cell 2 (Plastic) = 0.007623
Trial: 686, Time:40.847s
Trial 686: Cell 1 (Static) = 0.006662 | Cell 2 (Plastic) = 0.007600
Trial: 687, Time:40.620s
Trial 687: Cell 1 (Static) = 0.006642 | Cell 2 (Plastic) = 0.007578
Trial: 688, Time:41.317s
Trial 688: Cell 1 (Static) = 0.006622 | Cell 2 (Plastic) = 0.007555
Trial: 689, Time:40.781s
Trial 689: Cell 1 (Static) = 0.006642 | Cell 2 (Plastic) = 0.007532
Trial: 690, Time:41.261s
Trial 690: Cell 1 (Static) = 0.006662 | Cell 2 (Plastic) = 0.007510
Trial: 691, Time:40.823s
Trial 691: Cell 1 (Static) = 0.006682 | Cell 2 (Plastic) = 0.007487
Trial: 692, Time:41.424s
Trial 692: Cell 1 (Static) = 0.006662 | Cell 2 (Plastic) = 0.007465
Trial: 693, Time:41.508s
Trial 693: Cell 1 (Static) = 0.006682 | Cell 2 (Plastic) = 0.007443
Trial: 694, Time:41.413s
Trial 694: Cell 1 (Static) = 0.006702 | Cell 2 (Plastic) = 0.007420
Trial: 695, Time:41.371s
Trial 695: Cell 1 (Static) = 0.006722 | Cell 2 (Plastic) = 0.007398
Trial: 696, Time:40.888s
Trial 696: Cell 1 (Static) = 0.006742 | Cell 2 (Plastic) = 0.007376
Trial: 697, Time:41.599s
Trial 697: Cell 1 (Static) = 0.006762 | Cell 2 (Plastic) = 0.007354
Trial: 698, Time:40.970s
Trial 698: Cell 1 (Static) = 0.006742 | Cell 2 (Plastic) = 0.007332
Trial: 699, Time:40.769s
Trial 699: Cell 1 (Static) = 0.006762 | Cell 2 (Plastic) = 0.007354
Trial: 700, Time:40.902s
Trial 700: Cell 1 (Static) = 0.006742 | Cell 2 (Plastic) = 0.007376
Trial: 701, Time:40.746s
Trial 701: Cell 1 (Static) = 0.006762 | Cell 2 (Plastic) = 0.007354
Trial: 702, Time:40.993s
Trial 702: Cell 1 (Static) = 0.006783 | Cell 2 (Plastic) = 0.007376
Trial: 703, Time:41.145s
Trial 703: Cell 1 (Static) = 0.006803 | Cell 2 (Plastic) = 0.007398
Trial: 704, Time:40.982s
Trial 704: Cell 1 (Static) = 0.006783 | Cell 2 (Plastic) = 0.007420
Trial: 705, Time:41.293s
Trial 705: Cell 1 (Static) = 0.006803 | Cell 2 (Plastic) = 0.007443
Trial: 706, Time:40.943s
Trial 706: Cell 1 (Static) = 0.006823 | Cell 2 (Plastic) = 0.007420
Trial: 707, Time:41.172s
Trial 707: Cell 1 (Static) = 0.006844 | Cell 2 (Plastic) = 0.007398
Trial: 708, Time:40.981s
Trial 708: Cell 1 (Static) = 0.006823 | Cell 2 (Plastic) = 0.007420
Trial: 709, Time:41.008s
Trial 709: Cell 1 (Static) = 0.006844 | Cell 2 (Plastic) = 0.007443
Trial: 710, Time:40.968s
Trial 710: Cell 1 (Static) = 0.006864 | Cell 2 (Plastic) = 0.007465
Trial: 711, Time:40.936s
Trial 711: Cell 1 (Static) = 0.006885 | Cell 2 (Plastic) = 0.007487
Trial: 712, Time:41.319s
Trial 712: Cell 1 (Static) = 0.006906 | Cell 2 (Plastic) = 0.007510
Trial: 713, Time:41.576s
Trial 713: Cell 1 (Static) = 0.006926 | Cell 2 (Plastic) = 0.007532
Trial: 714, Time:41.233s
Trial 714: Cell 1 (Static) = 0.006906 | Cell 2 (Plastic) = 0.007555
Trial: 715, Time:41.092s
Trial 715: Cell 1 (Static) = 0.006926 | Cell 2 (Plastic) = 0.007578
Trial: 716, Time:41.188s
Trial 716: Cell 1 (Static) = 0.006947 | Cell 2 (Plastic) = 0.007600
Trial: 717, Time:41.108s
Trial 717: Cell 1 (Static) = 0.006926 | Cell 2 (Plastic) = 0.007578
Trial: 718, Time:40.820s
Trial 718: Cell 1 (Static) = 0.006947 | Cell 2 (Plastic) = 0.007555
Trial: 719, Time:40.999s
Trial 719: Cell 1 (Static) = 0.006926 | Cell 2 (Plastic) = 0.007532
Trial: 720, Time:40.686s
Trial 720: Cell 1 (Static) = 0.006906 | Cell 2 (Plastic) = 0.007510
Trial: 721, Time:40.462s
Trial 721: Cell 1 (Static) = 0.006885 | Cell 2 (Plastic) = 0.007487
Trial: 722, Time:40.948s
Trial 722: Cell 1 (Static) = 0.006906 | Cell 2 (Plastic) = 0.007465
Trial: 723, Time:41.052s
Trial 723: Cell 1 (Static) = 0.006926 | Cell 2 (Plastic) = 0.007443
Trial: 724, Time:41.272s
Trial 724: Cell 1 (Static) = 0.006947 | Cell 2 (Plastic) = 0.007420
Trial: 725, Time:40.903s
Trial 725: Cell 1 (Static) = 0.006926 | Cell 2 (Plastic) = 0.007398
Trial: 726, Time:40.581s
Trial 726: Cell 1 (Static) = 0.006906 | Cell 2 (Plastic) = 0.007376
Trial: 727, Time:40.713s
Trial 727: Cell 1 (Static) = 0.006885 | Cell 2 (Plastic) = 0.007354
Trial: 728, Time:40.766s
Trial 728: Cell 1 (Static) = 0.006864 | Cell 2 (Plastic) = 0.007332
Trial: 729, Time:40.833s
Trial 729: Cell 1 (Static) = 0.006844 | Cell 2 (Plastic) = 0.007310
Trial: 730, Time:40.349s
Trial 730: Cell 1 (Static) = 0.006823 | Cell 2 (Plastic) = 0.007288
Trial: 731, Time:40.643s
Trial 731: Cell 1 (Static) = 0.006844 | Cell 2 (Plastic) = 0.007266
Trial: 732, Time:40.654s
Trial 732: Cell 1 (Static) = 0.006823 | Cell 2 (Plastic) = 0.007288
Trial: 733, Time:40.928s
Trial 733: Cell 1 (Static) = 0.006803 | Cell 2 (Plastic) = 0.007310
Trial: 734, Time:40.914s
Trial 734: Cell 1 (Static) = 0.006783 | Cell 2 (Plastic) = 0.007288
Trial: 735, Time:41.265s
Trial 735: Cell 1 (Static) = 0.006762 | Cell 2 (Plastic) = 0.007266
Trial: 736, Time:41.102s
Trial 736: Cell 1 (Static) = 0.006783 | Cell 2 (Plastic) = 0.007288
Trial: 737, Time:40.956s
Trial 737: Cell 1 (Static) = 0.006803 | Cell 2 (Plastic) = 0.007310
Trial: 738, Time:40.751s
Trial 738: Cell 1 (Static) = 0.006823 | Cell 2 (Plastic) = 0.007332
Trial: 739, Time:40.967s
Trial 739: Cell 1 (Static) = 0.006844 | Cell 2 (Plastic) = 0.007310
Trial: 740, Time:40.855s
Trial 740: Cell 1 (Static) = 0.006864 | Cell 2 (Plastic) = 0.007288
Trial: 741, Time:40.895s
Trial 741: Cell 1 (Static) = 0.006885 | Cell 2 (Plastic) = 0.007310
Trial: 742, Time:41.019s
Trial 742: Cell 1 (Static) = 0.006906 | Cell 2 (Plastic) = 0.007332
Trial: 743, Time:40.647s
Trial 743: Cell 1 (Static) = 0.006885 | Cell 2 (Plastic) = 0.007354
Trial: 744, Time:40.718s
Trial 744: Cell 1 (Static) = 0.006864 | Cell 2 (Plastic) = 0.007376
Trial: 745, Time:40.622s
Trial 745: Cell 1 (Static) = 0.006885 | Cell 2 (Plastic) = 0.007398
Trial: 746, Time:40.015s
Trial 746: Cell 1 (Static) = 0.006906 | Cell 2 (Plastic) = 0.007420
Trial: 747, Time:40.191s
Trial 747: Cell 1 (Static) = 0.006926 | Cell 2 (Plastic) = 0.007443
Trial: 748, Time:40.154s
Trial 748: Cell 1 (Static) = 0.006947 | Cell 2 (Plastic) = 0.007465
Trial: 749, Time:40.256s
Trial 749: Cell 1 (Static) = 0.006926 | Cell 2 (Plastic) = 0.007487
Trial: 750, Time:40.666s
Trial 750: Cell 1 (Static) = 0.006906 | Cell 2 (Plastic) = 0.007510
Trial: 751, Time:41.223s
Trial 751: Cell 1 (Static) = 0.006885 | Cell 2 (Plastic) = 0.007532
Trial: 752, Time:41.149s
Trial 752: Cell 1 (Static) = 0.006864 | Cell 2 (Plastic) = 0.007555
Trial: 753, Time:40.691s
Trial 753: Cell 1 (Static) = 0.006844 | Cell 2 (Plastic) = 0.007578
Trial: 754, Time:41.167s
Trial 754: Cell 1 (Static) = 0.006864 | Cell 2 (Plastic) = 0.007600
Trial: 755, Time:41.398s
Trial 755: Cell 1 (Static) = 0.006844 | Cell 2 (Plastic) = 0.007623
Trial: 756, Time:41.732s
Trial 756: Cell 1 (Static) = 0.006823 | Cell 2 (Plastic) = 0.007646
Trial: 757, Time:41.538s
Trial 757: Cell 1 (Static) = 0.006803 | Cell 2 (Plastic) = 0.007669
Trial: 758, Time:41.703s
Trial 758: Cell 1 (Static) = 0.006783 | Cell 2 (Plastic) = 0.007692
Trial: 759, Time:41.477s
Trial 759: Cell 1 (Static) = 0.006762 | Cell 2 (Plastic) = 0.007715
Trial: 760, Time:41.233s
Trial 760: Cell 1 (Static) = 0.006742 | Cell 2 (Plastic) = 0.007738
Trial: 761, Time:40.906s
Trial 761: Cell 1 (Static) = 0.006722 | Cell 2 (Plastic) = 0.007761
Trial: 762, Time:41.193s
Trial 762: Cell 1 (Static) = 0.006702 | Cell 2 (Plastic) = 0.007785
Trial: 763, Time:40.305s
Trial 763: Cell 1 (Static) = 0.006682 | Cell 2 (Plastic) = 0.007808
Trial: 764, Time:40.744s
Trial 764: Cell 1 (Static) = 0.006662 | Cell 2 (Plastic) = 0.007785
Trial: 765, Time:40.708s
Trial 765: Cell 1 (Static) = 0.006682 | Cell 2 (Plastic) = 0.007761
Trial: 766, Time:40.492s
Trial 766: Cell 1 (Static) = 0.006702 | Cell 2 (Plastic) = 0.007738
Trial: 767, Time:41.101s
Trial 767: Cell 1 (Static) = 0.006722 | Cell 2 (Plastic) = 0.007761
Trial: 768, Time:40.836s
Trial 768: Cell 1 (Static) = 0.006742 | Cell 2 (Plastic) = 0.007738
Trial: 769, Time:41.173s
Trial 769: Cell 1 (Static) = 0.006762 | Cell 2 (Plastic) = 0.007715
Trial: 770, Time:40.982s
Trial 770: Cell 1 (Static) = 0.006783 | Cell 2 (Plastic) = 0.007692
Trial: 771, Time:40.426s
Trial 771: Cell 1 (Static) = 0.006803 | Cell 2 (Plastic) = 0.007669
Trial: 772, Time:40.754s
Trial 772: Cell 1 (Static) = 0.006823 | Cell 2 (Plastic) = 0.007646
Trial: 773, Time:40.824s
Trial 773: Cell 1 (Static) = 0.006844 | Cell 2 (Plastic) = 0.007623
Trial: 774, Time:41.062s
Trial 774: Cell 1 (Static) = 0.006864 | Cell 2 (Plastic) = 0.007600
Trial: 775, Time:41.067s
Trial 775: Cell 1 (Static) = 0.006885 | Cell 2 (Plastic) = 0.007578
Trial: 776, Time:40.868s
Trial 776: Cell 1 (Static) = 0.006906 | Cell 2 (Plastic) = 0.007555
Trial: 777, Time:41.240s
Trial 777: Cell 1 (Static) = 0.006926 | Cell 2 (Plastic) = 0.007532
Trial: 778, Time:41.024s
Trial 778: Cell 1 (Static) = 0.006947 | Cell 2 (Plastic) = 0.007510
Trial: 779, Time:41.000s
Trial 779: Cell 1 (Static) = 0.006968 | Cell 2 (Plastic) = 0.007487
Trial: 780, Time:40.727s
Trial 780: Cell 1 (Static) = 0.006989 | Cell 2 (Plastic) = 0.007465
Trial: 781, Time:40.522s
Trial 781: Cell 1 (Static) = 0.007010 | Cell 2 (Plastic) = 0.007443
Trial: 782, Time:40.937s
Trial 782: Cell 1 (Static) = 0.007031 | Cell 2 (Plastic) = 0.007420
Trial: 783, Time:40.808s
Trial 783: Cell 1 (Static) = 0.007052 | Cell 2 (Plastic) = 0.007398
Trial: 784, Time:40.787s
Trial 784: Cell 1 (Static) = 0.007073 | Cell 2 (Plastic) = 0.007376
Trial: 785, Time:41.264s
Trial 785: Cell 1 (Static) = 0.007052 | Cell 2 (Plastic) = 0.007354
Trial: 786, Time:41.279s
Trial 786: Cell 1 (Static) = 0.007031 | Cell 2 (Plastic) = 0.007376
Trial: 787, Time:41.450s
Trial 787: Cell 1 (Static) = 0.007010 | Cell 2 (Plastic) = 0.007398
Trial: 788, Time:41.437s
Trial 788: Cell 1 (Static) = 0.007031 | Cell 2 (Plastic) = 0.007420
Trial: 789, Time:41.555s
Trial 789: Cell 1 (Static) = 0.007052 | Cell 2 (Plastic) = 0.007443
Trial: 790, Time:41.587s
Trial 790: Cell 1 (Static) = 0.007031 | Cell 2 (Plastic) = 0.007420
Trial: 791, Time:41.412s
Trial 791: Cell 1 (Static) = 0.007052 | Cell 2 (Plastic) = 0.007398
Trial: 792, Time:41.489s
Trial 792: Cell 1 (Static) = 0.007073 | Cell 2 (Plastic) = 0.007376
Trial: 793, Time:41.247s
Trial 793: Cell 1 (Static) = 0.007094 | Cell 2 (Plastic) = 0.007354
Trial: 794, Time:41.579s
Trial 794: Cell 1 (Static) = 0.007116 | Cell 2 (Plastic) = 0.007376
Trial: 795, Time:41.542s
Trial 795: Cell 1 (Static) = 0.007094 | Cell 2 (Plastic) = 0.007398
Trial: 796, Time:41.403s
Trial 796: Cell 1 (Static) = 0.007073 | Cell 2 (Plastic) = 0.007376
Trial: 797, Time:41.248s
Trial 797: Cell 1 (Static) = 0.007052 | Cell 2 (Plastic) = 0.007354
Trial: 798, Time:41.163s
Trial 798: Cell 1 (Static) = 0.007031 | Cell 2 (Plastic) = 0.007332
Trial: 799, Time:41.155s
Trial 799: Cell 1 (Static) = 0.007010 | Cell 2 (Plastic) = 0.007310
Trial: 800, Time:41.156s
Trial 800: Cell 1 (Static) = 0.006989 | Cell 2 (Plastic) = 0.007288
Trial: 801, Time:41.517s
Trial 801: Cell 1 (Static) = 0.006968 | Cell 2 (Plastic) = 0.007266
Trial: 802, Time:41.028s
Trial 802: Cell 1 (Static) = 0.006947 | Cell 2 (Plastic) = 0.007245
Trial: 803, Time:40.863s
Trial 803: Cell 1 (Static) = 0.006926 | Cell 2 (Plastic) = 0.007223
Trial: 804, Time:40.900s
Trial 804: Cell 1 (Static) = 0.006906 | Cell 2 (Plastic) = 0.007245
Trial: 805, Time:40.461s
Trial 805: Cell 1 (Static) = 0.006885 | Cell 2 (Plastic) = 0.007266
Trial: 806, Time:41.006s
Trial 806: Cell 1 (Static) = 0.006864 | Cell 2 (Plastic) = 0.007288
Trial: 807, Time:40.386s
Trial 807: Cell 1 (Static) = 0.006844 | Cell 2 (Plastic) = 0.007310
Trial: 808, Time:40.306s
Trial 808: Cell 1 (Static) = 0.006864 | Cell 2 (Plastic) = 0.007332
Trial: 809, Time:40.138s
Trial 809: Cell 1 (Static) = 0.006885 | Cell 2 (Plastic) = 0.007354
Trial: 810, Time:40.668s
Trial 810: Cell 1 (Static) = 0.006906 | Cell 2 (Plastic) = 0.007376
Trial: 811, Time:40.380s
Trial 811: Cell 1 (Static) = 0.006926 | Cell 2 (Plastic) = 0.007398
Trial: 812, Time:40.498s
Trial 812: Cell 1 (Static) = 0.006947 | Cell 2 (Plastic) = 0.007420
Trial: 813, Time:40.973s
Trial 813: Cell 1 (Static) = 0.006968 | Cell 2 (Plastic) = 0.007443
Trial: 814, Time:40.858s
Trial 814: Cell 1 (Static) = 0.006989 | Cell 2 (Plastic) = 0.007465
Trial: 815, Time:40.702s
Trial 815: Cell 1 (Static) = 0.006968 | Cell 2 (Plastic) = 0.007487
Trial: 816, Time:40.146s
Trial 816: Cell 1 (Static) = 0.006989 | Cell 2 (Plastic) = 0.007510
Trial: 817, Time:39.949s
Trial 817: Cell 1 (Static) = 0.006968 | Cell 2 (Plastic) = 0.007532
Trial: 818, Time:40.120s
Trial 818: Cell 1 (Static) = 0.006947 | Cell 2 (Plastic) = 0.007555
Trial: 819, Time:39.911s
Trial 819: Cell 1 (Static) = 0.006968 | Cell 2 (Plastic) = 0.007532
Trial: 820, Time:39.710s
Trial 820: Cell 1 (Static) = 0.006989 | Cell 2 (Plastic) = 0.007555
Trial: 821, Time:40.026s
Trial 821: Cell 1 (Static) = 0.007010 | Cell 2 (Plastic) = 0.007578
Trial: 822, Time:40.073s
Trial 822: Cell 1 (Static) = 0.006989 | Cell 2 (Plastic) = 0.007600
Trial: 823, Time:40.196s
Trial 823: Cell 1 (Static) = 0.006968 | Cell 2 (Plastic) = 0.007623
Trial: 824, Time:40.114s
Trial 824: Cell 1 (Static) = 0.006947 | Cell 2 (Plastic) = 0.007646
Trial: 825, Time:40.529s
Trial 825: Cell 1 (Static) = 0.006926 | Cell 2 (Plastic) = 0.007669
Trial: 826, Time:40.303s
Trial 826: Cell 1 (Static) = 0.006906 | Cell 2 (Plastic) = 0.007692
Trial: 827, Time:40.355s
Trial 827: Cell 1 (Static) = 0.006885 | Cell 2 (Plastic) = 0.007715
Trial: 828, Time:40.504s
Trial 828: Cell 1 (Static) = 0.006864 | Cell 2 (Plastic) = 0.007738
Trial: 829, Time:40.366s
Trial 829: Cell 1 (Static) = 0.006844 | Cell 2 (Plastic) = 0.007715
Trial: 830, Time:40.725s
Trial 830: Cell 1 (Static) = 0.006864 | Cell 2 (Plastic) = 0.007738
Trial: 831, Time:40.718s
Trial 831: Cell 1 (Static) = 0.006844 | Cell 2 (Plastic) = 0.007761
Trial: 832, Time:40.235s
Trial 832: Cell 1 (Static) = 0.006864 | Cell 2 (Plastic) = 0.007785
Trial: 833, Time:40.497s
Trial 833: Cell 1 (Static) = 0.006885 | Cell 2 (Plastic) = 0.007808
Trial: 834, Time:40.177s
Trial 834: Cell 1 (Static) = 0.006906 | Cell 2 (Plastic) = 0.007831
Trial: 835, Time:40.279s
Trial 835: Cell 1 (Static) = 0.006926 | Cell 2 (Plastic) = 0.007855
Trial: 836, Time:40.087s
Trial 836: Cell 1 (Static) = 0.006947 | Cell 2 (Plastic) = 0.007879
Trial: 837, Time:40.038s
Trial 837: Cell 1 (Static) = 0.006968 | Cell 2 (Plastic) = 0.007902
Trial: 838, Time:40.644s
Trial 838: Cell 1 (Static) = 0.006989 | Cell 2 (Plastic) = 0.007879
Trial: 839, Time:40.474s
Trial 839: Cell 1 (Static) = 0.007010 | Cell 2 (Plastic) = 0.007855
Trial: 840, Time:41.029s
Trial 840: Cell 1 (Static) = 0.007031 | Cell 2 (Plastic) = 0.007831
Trial: 841, Time:40.390s
Trial 841: Cell 1 (Static) = 0.007052 | Cell 2 (Plastic) = 0.007808
Trial: 842, Time:40.549s
Trial 842: Cell 1 (Static) = 0.007073 | Cell 2 (Plastic) = 0.007785
Trial: 843, Time:40.505s
Trial 843: Cell 1 (Static) = 0.007094 | Cell 2 (Plastic) = 0.007761
Trial: 844, Time:40.270s
Trial 844: Cell 1 (Static) = 0.007116 | Cell 2 (Plastic) = 0.007738
Trial: 845, Time:40.134s
Trial 845: Cell 1 (Static) = 0.007137 | Cell 2 (Plastic) = 0.007715
Trial: 846, Time:40.014s
Trial 846: Cell 1 (Static) = 0.007158 | Cell 2 (Plastic) = 0.007738
Trial: 847, Time:40.639s
Trial 847: Cell 1 (Static) = 0.007180 | Cell 2 (Plastic) = 0.007761
Trial: 848, Time:40.404s
Trial 848: Cell 1 (Static) = 0.007201 | Cell 2 (Plastic) = 0.007785
Trial: 849, Time:40.108s
Trial 849: Cell 1 (Static) = 0.007223 | Cell 2 (Plastic) = 0.007808
Trial: 850, Time:39.942s
Trial 850: Cell 1 (Static) = 0.007201 | Cell 2 (Plastic) = 0.007831
Trial: 851, Time:39.717s
Trial 851: Cell 1 (Static) = 0.007223 | Cell 2 (Plastic) = 0.007808
Trial: 852, Time:39.463s
Trial 852: Cell 1 (Static) = 0.007245 | Cell 2 (Plastic) = 0.007785
Trial: 853, Time:39.474s
Trial 853: Cell 1 (Static) = 0.007223 | Cell 2 (Plastic) = 0.007761
Trial: 854, Time:39.638s
Trial 854: Cell 1 (Static) = 0.007201 | Cell 2 (Plastic) = 0.007738
Trial: 855, Time:39.500s
Trial 855: Cell 1 (Static) = 0.007180 | Cell 2 (Plastic) = 0.007715
Trial: 856, Time:39.805s
Trial 856: Cell 1 (Static) = 0.007158 | Cell 2 (Plastic) = 0.007738
Trial: 857, Time:39.863s
Trial 857: Cell 1 (Static) = 0.007137 | Cell 2 (Plastic) = 0.007761
Trial: 858, Time:40.170s
Trial 858: Cell 1 (Static) = 0.007116 | Cell 2 (Plastic) = 0.007785
Trial: 859, Time:40.274s
Trial 859: Cell 1 (Static) = 0.007094 | Cell 2 (Plastic) = 0.007761
Trial: 860, Time:40.027s
Trial 860: Cell 1 (Static) = 0.007073 | Cell 2 (Plastic) = 0.007738
Trial: 861, Time:39.947s
Trial 861: Cell 1 (Static) = 0.007052 | Cell 2 (Plastic) = 0.007761
Trial: 862, Time:40.160s
Trial 862: Cell 1 (Static) = 0.007031 | Cell 2 (Plastic) = 0.007738
Trial: 863, Time:40.110s
Trial 863: Cell 1 (Static) = 0.007010 | Cell 2 (Plastic) = 0.007761
Trial: 864, Time:40.095s
Trial 864: Cell 1 (Static) = 0.006989 | Cell 2 (Plastic) = 0.007785
Trial: 865, Time:40.033s
Trial 865: Cell 1 (Static) = 0.006968 | Cell 2 (Plastic) = 0.007808
Trial: 866, Time:40.300s
Trial 866: Cell 1 (Static) = 0.006947 | Cell 2 (Plastic) = 0.007785
Trial: 867, Time:40.118s
Trial 867: Cell 1 (Static) = 0.006926 | Cell 2 (Plastic) = 0.007761
Trial: 868, Time:40.083s
Trial 868: Cell 1 (Static) = 0.006947 | Cell 2 (Plastic) = 0.007738
Trial: 869, Time:39.813s
Trial 869: Cell 1 (Static) = 0.006926 | Cell 2 (Plastic) = 0.007715
Trial: 870, Time:39.760s
Trial 870: Cell 1 (Static) = 0.006947 | Cell 2 (Plastic) = 0.007692
Trial: 871, Time:39.947s
Trial 871: Cell 1 (Static) = 0.006968 | Cell 2 (Plastic) = 0.007669
Trial: 872, Time:40.286s
Trial 872: Cell 1 (Static) = 0.006947 | Cell 2 (Plastic) = 0.007692
Trial: 873, Time:40.402s
Trial 873: Cell 1 (Static) = 0.006926 | Cell 2 (Plastic) = 0.007715
Trial: 874, Time:40.564s
Trial 874: Cell 1 (Static) = 0.006906 | Cell 2 (Plastic) = 0.007738
Trial: 875, Time:39.962s
Trial 875: Cell 1 (Static) = 0.006926 | Cell 2 (Plastic) = 0.007761
Trial: 876, Time:40.000s
Trial 876: Cell 1 (Static) = 0.006947 | Cell 2 (Plastic) = 0.007785
Trial: 877, Time:40.117s
Trial 877: Cell 1 (Static) = 0.006968 | Cell 2 (Plastic) = 0.007808
Trial: 878, Time:40.045s
Trial 878: Cell 1 (Static) = 0.006989 | Cell 2 (Plastic) = 0.007831
Trial: 879, Time:40.002s
Trial 879: Cell 1 (Static) = 0.006968 | Cell 2 (Plastic) = 0.007855
Trial: 880, Time:39.937s
Trial 880: Cell 1 (Static) = 0.006989 | Cell 2 (Plastic) = 0.007879
Trial: 881, Time:39.960s
Trial 881: Cell 1 (Static) = 0.006968 | Cell 2 (Plastic) = 0.007902
Trial: 882, Time:39.999s
Trial 882: Cell 1 (Static) = 0.006989 | Cell 2 (Plastic) = 0.007926
Trial: 883, Time:40.368s
Trial 883: Cell 1 (Static) = 0.007010 | Cell 2 (Plastic) = 0.007950
Trial: 884, Time:40.113s
Trial 884: Cell 1 (Static) = 0.007031 | Cell 2 (Plastic) = 0.007926
Trial: 885, Time:39.401s
Trial 885: Cell 1 (Static) = 0.007052 | Cell 2 (Plastic) = 0.007950
Trial: 886, Time:39.387s
Trial 886: Cell 1 (Static) = 0.007073 | Cell 2 (Plastic) = 0.007973
Trial: 887, Time:39.506s
Trial 887: Cell 1 (Static) = 0.007094 | Cell 2 (Plastic) = 0.007950
Trial: 888, Time:39.600s
Trial 888: Cell 1 (Static) = 0.007116 | Cell 2 (Plastic) = 0.007926
Trial: 889, Time:39.911s
Trial 889: Cell 1 (Static) = 0.007137 | Cell 2 (Plastic) = 0.007902
Trial: 890, Time:40.161s
Trial 890: Cell 1 (Static) = 0.007158 | Cell 2 (Plastic) = 0.007879
Trial: 891, Time:40.098s
Trial 891: Cell 1 (Static) = 0.007180 | Cell 2 (Plastic) = 0.007855
Trial: 892, Time:40.306s
Trial 892: Cell 1 (Static) = 0.007158 | Cell 2 (Plastic) = 0.007831
Trial: 893, Time:40.381s
Trial 893: Cell 1 (Static) = 0.007137 | Cell 2 (Plastic) = 0.007808
Trial: 894, Time:40.609s
Trial 894: Cell 1 (Static) = 0.007116 | Cell 2 (Plastic) = 0.007785
Trial: 895, Time:40.366s
Trial 895: Cell 1 (Static) = 0.007137 | Cell 2 (Plastic) = 0.007761
Trial: 896, Time:40.281s
Trial 896: Cell 1 (Static) = 0.007116 | Cell 2 (Plastic) = 0.007738
Trial: 897, Time:40.547s
Trial 897: Cell 1 (Static) = 0.007137 | Cell 2 (Plastic) = 0.007715
Trial: 898, Time:40.462s
Trial 898: Cell 1 (Static) = 0.007116 | Cell 2 (Plastic) = 0.007692
Trial: 899, Time:40.545s
Trial 899: Cell 1 (Static) = 0.007094 | Cell 2 (Plastic) = 0.007669
Trial: 900, Time:40.289s
Trial 900: Cell 1 (Static) = 0.007073 | Cell 2 (Plastic) = 0.007646
Trial: 901, Time:40.806s
Trial 901: Cell 1 (Static) = 0.007094 | Cell 2 (Plastic) = 0.007623
Trial: 902, Time:40.240s
Trial 902: Cell 1 (Static) = 0.007116 | Cell 2 (Plastic) = 0.007600
Trial: 903, Time:40.474s
Trial 903: Cell 1 (Static) = 0.007094 | Cell 2 (Plastic) = 0.007578
Trial: 904, Time:40.499s
Trial 904: Cell 1 (Static) = 0.007116 | Cell 2 (Plastic) = 0.007555
Trial: 905, Time:40.281s
Trial 905: Cell 1 (Static) = 0.007116 | Cell 2 (Plastic) = 0.007532
Trial: 906, Time:40.071s
Trial 906: Cell 1 (Static) = 0.007137 | Cell 2 (Plastic) = 0.007510
Trial: 907, Time:40.047s
Trial 907: Cell 1 (Static) = 0.007158 | Cell 2 (Plastic) = 0.007487
Trial: 908, Time:39.863s
Trial 908: Cell 1 (Static) = 0.007137 | Cell 2 (Plastic) = 0.007465
Trial: 909, Time:39.575s
Trial 909: Cell 1 (Static) = 0.007116 | Cell 2 (Plastic) = 0.007487
Trial: 910, Time:39.720s
Trial 910: Cell 1 (Static) = 0.007094 | Cell 2 (Plastic) = 0.007465
Trial: 911, Time:39.609s
Trial 911: Cell 1 (Static) = 0.007073 | Cell 2 (Plastic) = 0.007443
Trial: 912, Time:40.022s
Trial 912: Cell 1 (Static) = 0.007052 | Cell 2 (Plastic) = 0.007420
Trial: 913, Time:39.800s
Trial 913: Cell 1 (Static) = 0.007031 | Cell 2 (Plastic) = 0.007398
Trial: 914, Time:39.545s
Trial 914: Cell 1 (Static) = 0.007010 | Cell 2 (Plastic) = 0.007376
Trial: 915, Time:39.450s
Trial 915: Cell 1 (Static) = 0.006989 | Cell 2 (Plastic) = 0.007354
Trial: 916, Time:39.778s
Trial 916: Cell 1 (Static) = 0.006968 | Cell 2 (Plastic) = 0.007332
Trial: 917, Time:39.881s
Trial 917: Cell 1 (Static) = 0.006947 | Cell 2 (Plastic) = 0.007310
Trial: 918, Time:39.876s
Trial 918: Cell 1 (Static) = 0.006926 | Cell 2 (Plastic) = 0.007288
Trial: 919, Time:39.774s
Trial 919: Cell 1 (Static) = 0.006906 | Cell 2 (Plastic) = 0.007266
Trial: 920, Time:40.142s
Trial 920: Cell 1 (Static) = 0.006885 | Cell 2 (Plastic) = 0.007245
Trial: 921, Time:39.891s
Trial 921: Cell 1 (Static) = 0.006864 | Cell 2 (Plastic) = 0.007223
Trial: 922, Time:39.898s
Trial 922: Cell 1 (Static) = 0.006885 | Cell 2 (Plastic) = 0.007201
Trial: 923, Time:39.948s
Trial 923: Cell 1 (Static) = 0.006906 | Cell 2 (Plastic) = 0.007223
Trial: 924, Time:39.961s
Trial 924: Cell 1 (Static) = 0.006926 | Cell 2 (Plastic) = 0.007245
Trial: 925, Time:39.941s
Trial 925: Cell 1 (Static) = 0.006947 | Cell 2 (Plastic) = 0.007266
Trial: 926, Time:39.612s
Trial 926: Cell 1 (Static) = 0.006968 | Cell 2 (Plastic) = 0.007288
Trial: 927, Time:39.894s
Trial 927: Cell 1 (Static) = 0.006989 | Cell 2 (Plastic) = 0.007266
Trial: 928, Time:39.731s
Trial 928: Cell 1 (Static) = 0.007010 | Cell 2 (Plastic) = 0.007245
Trial: 929, Time:39.962s
Trial 929: Cell 1 (Static) = 0.007031 | Cell 2 (Plastic) = 0.007245
Trial: 930, Time:39.892s
Trial 930: Cell 1 (Static) = 0.007052 | Cell 2 (Plastic) = 0.007223
Trial: 931, Time:39.931s
Trial 931: Cell 1 (Static) = 0.007073 | Cell 2 (Plastic) = 0.007245
Trial: 932, Time:39.858s
Trial 932: Cell 1 (Static) = 0.007094 | Cell 2 (Plastic) = 0.007266
Trial: 933, Time:40.216s
Trial 933: Cell 1 (Static) = 0.007116 | Cell 2 (Plastic) = 0.007288
Trial: 934, Time:39.761s
Trial 934: Cell 1 (Static) = 0.007137 | Cell 2 (Plastic) = 0.007310
Trial: 935, Time:39.721s
Trial 935: Cell 1 (Static) = 0.007158 | Cell 2 (Plastic) = 0.007332
Trial: 936, Time:39.432s
Trial 936: Cell 1 (Static) = 0.007180 | Cell 2 (Plastic) = 0.007354
Trial: 937, Time:39.398s
Trial 937: Cell 1 (Static) = 0.007201 | Cell 2 (Plastic) = 0.007376
Trial: 938, Time:39.325s
Trial 938: Cell 1 (Static) = 0.007223 | Cell 2 (Plastic) = 0.007398
Trial: 939, Time:39.390s
Trial 939: Cell 1 (Static) = 0.007245 | Cell 2 (Plastic) = 0.007420
Trial: 940, Time:39.078s
Trial 940: Cell 1 (Static) = 0.007223 | Cell 2 (Plastic) = 0.007420
Trial: 941, Time:39.543s
Trial 941: Cell 1 (Static) = 0.007245 | Cell 2 (Plastic) = 0.007398
Trial: 942, Time:39.258s
Trial 942: Cell 1 (Static) = 0.007266 | Cell 2 (Plastic) = 0.007376
Trial: 943, Time:39.448s
Trial 943: Cell 1 (Static) = 0.007288 | Cell 2 (Plastic) = 0.007354
Trial: 944, Time:39.606s
Trial 944: Cell 1 (Static) = 0.007310 | Cell 2 (Plastic) = 0.007376
Trial: 945, Time:39.492s
Trial 945: Cell 1 (Static) = 0.007332 | Cell 2 (Plastic) = 0.007354
Trial: 946, Time:39.618s
Trial 946: Cell 1 (Static) = 0.007354 | Cell 2 (Plastic) = 0.007332
Trial: 947, Time:39.638s
Trial 947: Cell 1 (Static) = 0.007376 | Cell 2 (Plastic) = 0.007310
Trial: 948, Time:39.583s
Trial 948: Cell 1 (Static) = 0.007354 | Cell 2 (Plastic) = 0.007288
Trial: 949, Time:39.644s
Trial 949: Cell 1 (Static) = 0.007376 | Cell 2 (Plastic) = 0.007266
Trial: 950, Time:40.146s
Trial 950: Cell 1 (Static) = 0.007354 | Cell 2 (Plastic) = 0.007245
Trial: 951, Time:39.674s
Trial 951: Cell 1 (Static) = 0.007332 | Cell 2 (Plastic) = 0.007223
Trial: 952, Time:40.083s
Trial 952: Cell 1 (Static) = 0.007310 | Cell 2 (Plastic) = 0.007201
Trial: 953, Time:40.008s
Trial 953: Cell 1 (Static) = 0.007288 | Cell 2 (Plastic) = 0.007180
Trial: 954, Time:40.089s
Trial 954: Cell 1 (Static) = 0.007266 | Cell 2 (Plastic) = 0.007201
Trial: 955, Time:40.285s
Trial 955: Cell 1 (Static) = 0.007245 | Cell 2 (Plastic) = 0.007180
Trial: 956, Time:40.194s
Trial 956: Cell 1 (Static) = 0.007223 | Cell 2 (Plastic) = 0.007158
Trial: 957, Time:40.144s
Trial 957: Cell 1 (Static) = 0.007201 | Cell 2 (Plastic) = 0.007137
Trial: 958, Time:40.235s
Trial 958: Cell 1 (Static) = 0.007180 | Cell 2 (Plastic) = 0.007116
Trial: 959, Time:40.723s
Trial 959: Cell 1 (Static) = 0.007158 | Cell 2 (Plastic) = 0.007094
Trial: 960, Time:40.686s
Trial 960: Cell 1 (Static) = 0.007137 | Cell 2 (Plastic) = 0.007073
Trial: 961, Time:40.463s
Trial 961: Cell 1 (Static) = 0.007116 | Cell 2 (Plastic) = 0.007052
Trial: 962, Time:40.923s
Trial 962: Cell 1 (Static) = 0.007094 | Cell 2 (Plastic) = 0.007031
Trial: 963, Time:40.478s
Trial 963: Cell 1 (Static) = 0.007073 | Cell 2 (Plastic) = 0.007052
Trial: 964, Time:40.239s
Trial 964: Cell 1 (Static) = 0.007052 | Cell 2 (Plastic) = 0.007073
Trial: 965, Time:40.393s
Trial 965: Cell 1 (Static) = 0.007031 | Cell 2 (Plastic) = 0.007094
Trial: 966, Time:40.480s
Trial 966: Cell 1 (Static) = 0.007010 | Cell 2 (Plastic) = 0.007116
Trial: 967, Time:40.388s
Trial 967: Cell 1 (Static) = 0.006989 | Cell 2 (Plastic) = 0.007094
Trial: 968, Time:39.842s
Trial 968: Cell 1 (Static) = 0.006968 | Cell 2 (Plastic) = 0.007116
Trial: 969, Time:40.537s
Trial 969: Cell 1 (Static) = 0.006947 | Cell 2 (Plastic) = 0.007137
Trial: 970, Time:39.983s
Trial 970: Cell 1 (Static) = 0.006926 | Cell 2 (Plastic) = 0.007158
Trial: 971, Time:39.679s
Trial 971: Cell 1 (Static) = 0.006906 | Cell 2 (Plastic) = 0.007180
Trial: 972, Time:39.544s
Trial 972: Cell 1 (Static) = 0.006885 | Cell 2 (Plastic) = 0.007201
Trial: 973, Time:39.575s
Trial 973: Cell 1 (Static) = 0.006906 | Cell 2 (Plastic) = 0.007180
Trial: 974, Time:39.669s
Trial 974: Cell 1 (Static) = 0.006926 | Cell 2 (Plastic) = 0.007158
Trial: 975, Time:39.588s
Trial 975: Cell 1 (Static) = 0.006947 | Cell 2 (Plastic) = 0.007137
Trial: 976, Time:39.352s
Trial 976: Cell 1 (Static) = 0.006968 | Cell 2 (Plastic) = 0.007116
Trial: 977, Time:39.512s
Trial 977: Cell 1 (Static) = 0.006947 | Cell 2 (Plastic) = 0.007094
Trial: 978, Time:39.634s
Trial 978: Cell 1 (Static) = 0.006926 | Cell 2 (Plastic) = 0.007073
Trial: 979, Time:39.558s
Trial 979: Cell 1 (Static) = 0.006906 | Cell 2 (Plastic) = 0.007052
Trial: 980, Time:39.395s
Trial 980: Cell 1 (Static) = 0.006885 | Cell 2 (Plastic) = 0.007031
Trial: 981, Time:39.129s
Trial 981: Cell 1 (Static) = 0.006864 | Cell 2 (Plastic) = 0.007010
Trial: 982, Time:39.558s
Trial 982: Cell 1 (Static) = 0.006844 | Cell 2 (Plastic) = 0.006989
Trial: 983, Time:39.549s
Trial 983: Cell 1 (Static) = 0.006823 | Cell 2 (Plastic) = 0.006968
Trial: 984, Time:39.529s
Trial 984: Cell 1 (Static) = 0.006803 | Cell 2 (Plastic) = 0.006947
Trial: 985, Time:39.464s
Trial 985: Cell 1 (Static) = 0.006783 | Cell 2 (Plastic) = 0.006926
Trial: 986, Time:39.845s
Trial 986: Cell 1 (Static) = 0.006762 | Cell 2 (Plastic) = 0.006906
Trial: 987, Time:39.678s
Trial 987: Cell 1 (Static) = 0.006742 | Cell 2 (Plastic) = 0.006885
Trial: 988, Time:39.669s
Trial 988: Cell 1 (Static) = 0.006722 | Cell 2 (Plastic) = 0.006864
Trial: 989, Time:39.843s
Trial 989: Cell 1 (Static) = 0.006742 | Cell 2 (Plastic) = 0.006844
Trial: 990, Time:39.638s
Trial 990: Cell 1 (Static) = 0.006762 | Cell 2 (Plastic) = 0.006823
Trial: 991, Time:39.544s
Trial 991: Cell 1 (Static) = 0.006783 | Cell 2 (Plastic) = 0.006803
Trial: 992, Time:39.769s
Trial 992: Cell 1 (Static) = 0.006803 | Cell 2 (Plastic) = 0.006783
Trial: 993, Time:39.526s
Trial 993: Cell 1 (Static) = 0.006823 | Cell 2 (Plastic) = 0.006762
Trial: 994, Time:39.668s
Trial 994: Cell 1 (Static) = 0.006844 | Cell 2 (Plastic) = 0.006742
Trial: 995, Time:40.342s
Trial 995: Cell 1 (Static) = 0.006864 | Cell 2 (Plastic) = 0.006722
Trial: 996, Time:40.413s
Trial 996: Cell 1 (Static) = 0.006885 | Cell 2 (Plastic) = 0.006702
Trial: 997, Time:39.970s
Trial 997: Cell 1 (Static) = 0.006906 | Cell 2 (Plastic) = 0.006682
Trial: 998, Time:40.044s
Trial 998: Cell 1 (Static) = 0.006926 | Cell 2 (Plastic) = 0.006662
Trial: 999, Time:39.912s
Trial 999: Cell 1 (Static) = 0.006947 | Cell 2 (Plastic) = 0.006682
Trial: 1000, Time:39.887s
Raster array saved to '/home/data/einez/homeostat_SS/MFGoGr_SS_shuffleMF10percent_noCS_yesGoGo_yesgrGo_allGoplast_allcell_1000_trial/MFGoGr_SS_shuffleMF10percent_noCS_yesGoGo_yesgrGo_allGoplast_allcell_1000_trial_GOrasters.npy'
Raster array saved to '/home/data/einez/homeostat_SS/MFGoGr_SS_shuffleMF10percent_noCS_yesGoGo_yesgrGo_allGoplast_allcell_1000_trial/MFGoGr_SS_shuffleMF10percent_noCS_yesGoGo_yesgrGo_allGoplast_allcell_1000_trial_gogoW.npy'
Raster array saved to '/home/data/einez/homeostat_SS/MFGoGr_SS_shuffleMF10percent_noCS_yesGoGo_yesgrGo_allGoplast_allcell_1000_trial/MFGoGr_SS_shuffleMF10percent_noCS_yesGoGo_yesgrGo_allGoplast_allcell_1000_trial_grgoW.npy'
Raster array saved to '/home/data/einez/homeostat_SS/MFGoGr_SS_shuffleMF10percent_noCS_yesGoGo_yesgrGo_allGoplast_allcell_1000_trial/MFGoGr_SS_shuffleMF10percent_noCS_yesGoGo_yesgrGo_allGoplast_allcell_1000_trial_mfgoW.npy'
