nohup: ignoring input
Starting Session for GoGo Conv: 25 W: 0.05 ...
Initializing objects...
Objects initialized.
Loading connectivity arrays...
MFGO Connectivity Array Loaded.
MFGR Connectivity Array Loaded.
GOGR Connectivity Array Loaded.
GRGO Connectivity Array Loaded.
GOGO Connectivity Array Loaded.
Connectivity Arrays Loaded
Trial 0: Cell 1 (Static) = 0.004213 | Cell 2 (Plastic) = 0.004213
Trial: 1, Time:18.564s
Trial 1: Cell 1 (Static) = 0.004225 | Cell 2 (Plastic) = 0.004225
Trial: 2, Time:18.619s
Trial 2: Cell 1 (Static) = 0.004238 | Cell 2 (Plastic) = 0.004238
Trial: 3, Time:18.746s
Trial 3: Cell 1 (Static) = 0.004251 | Cell 2 (Plastic) = 0.004251
Trial: 4, Time:19.059s
Trial 4: Cell 1 (Static) = 0.004263 | Cell 2 (Plastic) = 0.004263
Trial: 5, Time:18.921s
Trial 5: Cell 1 (Static) = 0.004276 | Cell 2 (Plastic) = 0.004276
Trial: 6, Time:18.742s
Trial 6: Cell 1 (Static) = 0.004289 | Cell 2 (Plastic) = 0.004289
Trial: 7, Time:18.715s
Trial 7: Cell 1 (Static) = 0.004302 | Cell 2 (Plastic) = 0.004302
Trial: 8, Time:18.731s
Trial 8: Cell 1 (Static) = 0.004315 | Cell 2 (Plastic) = 0.004315
Trial: 9, Time:18.750s
Trial 9: Cell 1 (Static) = 0.004328 | Cell 2 (Plastic) = 0.004328
Trial: 10, Time:18.662s
Trial 10: Cell 1 (Static) = 0.004341 | Cell 2 (Plastic) = 0.004341
Trial: 11, Time:18.805s
Trial 11: Cell 1 (Static) = 0.004354 | Cell 2 (Plastic) = 0.004354
Trial: 12, Time:18.786s
Trial 12: Cell 1 (Static) = 0.004367 | Cell 2 (Plastic) = 0.004367
Trial: 13, Time:18.878s
Trial 13: Cell 1 (Static) = 0.004380 | Cell 2 (Plastic) = 0.004380
Trial: 14, Time:18.867s
Trial 14: Cell 1 (Static) = 0.004393 | Cell 2 (Plastic) = 0.004393
Trial: 15, Time:19.009s
Trial 15: Cell 1 (Static) = 0.004406 | Cell 2 (Plastic) = 0.004406
Trial: 16, Time:18.959s
Trial 16: Cell 1 (Static) = 0.004419 | Cell 2 (Plastic) = 0.004419
Trial: 17, Time:19.102s
Trial 17: Cell 1 (Static) = 0.004433 | Cell 2 (Plastic) = 0.004433
Trial: 18, Time:19.048s
Trial 18: Cell 1 (Static) = 0.004446 | Cell 2 (Plastic) = 0.004446
Trial: 19, Time:19.075s
Trial 19: Cell 1 (Static) = 0.004459 | Cell 2 (Plastic) = 0.004459
Trial: 20, Time:19.133s
Trial 20: Cell 1 (Static) = 0.004473 | Cell 2 (Plastic) = 0.004473
Trial: 21, Time:19.216s
Trial 21: Cell 1 (Static) = 0.004486 | Cell 2 (Plastic) = 0.004486
Trial: 22, Time:19.281s
Trial 22: Cell 1 (Static) = 0.004500 | Cell 2 (Plastic) = 0.004500
Trial: 23, Time:19.228s
Trial 23: Cell 1 (Static) = 0.004513 | Cell 2 (Plastic) = 0.004513
Trial: 24, Time:19.393s
Trial 24: Cell 1 (Static) = 0.004527 | Cell 2 (Plastic) = 0.004527
Trial: 25, Time:19.482s
Trial 25: Cell 1 (Static) = 0.004540 | Cell 2 (Plastic) = 0.004540
Trial: 26, Time:19.535s
Trial 26: Cell 1 (Static) = 0.004554 | Cell 2 (Plastic) = 0.004554
Trial: 27, Time:19.553s
Trial 27: Cell 1 (Static) = 0.004567 | Cell 2 (Plastic) = 0.004567
Trial: 28, Time:19.562s
Trial 28: Cell 1 (Static) = 0.004581 | Cell 2 (Plastic) = 0.004581
Trial: 29, Time:19.632s
Trial 29: Cell 1 (Static) = 0.004595 | Cell 2 (Plastic) = 0.004595
Trial: 30, Time:19.574s
Trial 30: Cell 1 (Static) = 0.004609 | Cell 2 (Plastic) = 0.004609
Trial: 31, Time:19.565s
Trial 31: Cell 1 (Static) = 0.004623 | Cell 2 (Plastic) = 0.004623
Trial: 32, Time:19.722s
Trial 32: Cell 1 (Static) = 0.004636 | Cell 2 (Plastic) = 0.004636
Trial: 33, Time:19.863s
Trial 33: Cell 1 (Static) = 0.004650 | Cell 2 (Plastic) = 0.004650
Trial: 34, Time:19.735s
Trial 34: Cell 1 (Static) = 0.004664 | Cell 2 (Plastic) = 0.004664
Trial: 35, Time:19.784s
Trial 35: Cell 1 (Static) = 0.004678 | Cell 2 (Plastic) = 0.004678
Trial: 36, Time:19.825s
Trial 36: Cell 1 (Static) = 0.004692 | Cell 2 (Plastic) = 0.004692
Trial: 37, Time:20.004s
Trial 37: Cell 1 (Static) = 0.004706 | Cell 2 (Plastic) = 0.004706
Trial: 38, Time:20.008s
Trial 38: Cell 1 (Static) = 0.004720 | Cell 2 (Plastic) = 0.004720
Trial: 39, Time:20.077s
Trial 39: Cell 1 (Static) = 0.004735 | Cell 2 (Plastic) = 0.004735
Trial: 40, Time:20.159s
Trial 40: Cell 1 (Static) = 0.004749 | Cell 2 (Plastic) = 0.004749
Trial: 41, Time:20.096s
Trial 41: Cell 1 (Static) = 0.004763 | Cell 2 (Plastic) = 0.004763
Trial: 42, Time:20.129s
Trial 42: Cell 1 (Static) = 0.004777 | Cell 2 (Plastic) = 0.004777
Trial: 43, Time:20.422s
Trial 43: Cell 1 (Static) = 0.004792 | Cell 2 (Plastic) = 0.004792
Trial: 44, Time:20.553s
Trial 44: Cell 1 (Static) = 0.004806 | Cell 2 (Plastic) = 0.004806
Trial: 45, Time:20.507s
Trial 45: Cell 1 (Static) = 0.004821 | Cell 2 (Plastic) = 0.004821
Trial: 46, Time:20.518s
Trial 46: Cell 1 (Static) = 0.004835 | Cell 2 (Plastic) = 0.004835
Trial: 47, Time:20.461s
Trial 47: Cell 1 (Static) = 0.004849 | Cell 2 (Plastic) = 0.004849
Trial: 48, Time:20.597s
Trial 48: Cell 1 (Static) = 0.004864 | Cell 2 (Plastic) = 0.004864
Trial: 49, Time:20.760s
Trial 49: Cell 1 (Static) = 0.004879 | Cell 2 (Plastic) = 0.004879
Trial: 50, Time:20.768s
Trial 50: Cell 1 (Static) = 0.004893 | Cell 2 (Plastic) = 0.004893
Trial: 51, Time:20.989s
Trial 51: Cell 1 (Static) = 0.004908 | Cell 2 (Plastic) = 0.004879
Trial: 52, Time:23.039s
Trial 52: Cell 1 (Static) = 0.004923 | Cell 2 (Plastic) = 0.004893
Trial: 53, Time:23.161s
Trial 53: Cell 1 (Static) = 0.004937 | Cell 2 (Plastic) = 0.004908
Trial: 54, Time:22.911s
Trial 54: Cell 1 (Static) = 0.004952 | Cell 2 (Plastic) = 0.004923
Trial: 55, Time:22.698s
Trial 55: Cell 1 (Static) = 0.004967 | Cell 2 (Plastic) = 0.004937
Trial: 56, Time:22.766s
Trial 56: Cell 1 (Static) = 0.004982 | Cell 2 (Plastic) = 0.004923
Trial: 57, Time:22.823s
Trial 57: Cell 1 (Static) = 0.004997 | Cell 2 (Plastic) = 0.004908
Trial: 58, Time:22.939s
Trial 58: Cell 1 (Static) = 0.005012 | Cell 2 (Plastic) = 0.004893
Trial: 59, Time:22.802s
Trial 59: Cell 1 (Static) = 0.005027 | Cell 2 (Plastic) = 0.004879
Trial: 60, Time:22.786s
Trial 60: Cell 1 (Static) = 0.005042 | Cell 2 (Plastic) = 0.004864
Trial: 61, Time:22.629s
Trial 61: Cell 1 (Static) = 0.005057 | Cell 2 (Plastic) = 0.004879
Trial: 62, Time:22.841s
Trial 62: Cell 1 (Static) = 0.005072 | Cell 2 (Plastic) = 0.004893
Trial: 63, Time:22.860s
Trial 63: Cell 1 (Static) = 0.005088 | Cell 2 (Plastic) = 0.004908
Trial: 64, Time:22.663s
Trial 64: Cell 1 (Static) = 0.005103 | Cell 2 (Plastic) = 0.004923
Trial: 65, Time:22.718s
Trial 65: Cell 1 (Static) = 0.005118 | Cell 2 (Plastic) = 0.004937
Trial: 66, Time:22.890s
Trial 66: Cell 1 (Static) = 0.005133 | Cell 2 (Plastic) = 0.004923
Trial: 67, Time:22.866s
Trial 67: Cell 1 (Static) = 0.005149 | Cell 2 (Plastic) = 0.004908
Trial: 68, Time:22.770s
Trial 68: Cell 1 (Static) = 0.005164 | Cell 2 (Plastic) = 0.004893
Trial: 69, Time:22.681s
Trial 69: Cell 1 (Static) = 0.005180 | Cell 2 (Plastic) = 0.004908
Trial: 70, Time:23.016s
Trial 70: Cell 1 (Static) = 0.005195 | Cell 2 (Plastic) = 0.004923
Trial: 71, Time:22.901s
Trial 71: Cell 1 (Static) = 0.005211 | Cell 2 (Plastic) = 0.004937
Trial: 72, Time:22.897s
Trial 72: Cell 1 (Static) = 0.005227 | Cell 2 (Plastic) = 0.004952
Trial: 73, Time:22.854s
Trial 73: Cell 1 (Static) = 0.005242 | Cell 2 (Plastic) = 0.004937
Trial: 74, Time:22.952s
Trial 74: Cell 1 (Static) = 0.005258 | Cell 2 (Plastic) = 0.004923
Trial: 75, Time:22.932s
Trial 75: Cell 1 (Static) = 0.005274 | Cell 2 (Plastic) = 0.004908
Trial: 76, Time:23.088s
Trial 76: Cell 1 (Static) = 0.005290 | Cell 2 (Plastic) = 0.004893
Trial: 77, Time:22.899s
Trial 77: Cell 1 (Static) = 0.005305 | Cell 2 (Plastic) = 0.004879
Trial: 78, Time:22.955s
Trial 78: Cell 1 (Static) = 0.005321 | Cell 2 (Plastic) = 0.004893
Trial: 79, Time:22.896s
Trial 79: Cell 1 (Static) = 0.005337 | Cell 2 (Plastic) = 0.004908
Trial: 80, Time:22.980s
Trial 80: Cell 1 (Static) = 0.005353 | Cell 2 (Plastic) = 0.004923
Trial: 81, Time:23.000s
Trial 81: Cell 1 (Static) = 0.005369 | Cell 2 (Plastic) = 0.004937
Trial: 82, Time:23.191s
Trial 82: Cell 1 (Static) = 0.005386 | Cell 2 (Plastic) = 0.004952
Trial: 83, Time:23.296s
Trial 83: Cell 1 (Static) = 0.005402 | Cell 2 (Plastic) = 0.004967
Trial: 84, Time:23.331s
Trial 84: Cell 1 (Static) = 0.005418 | Cell 2 (Plastic) = 0.004982
Trial: 85, Time:23.293s
Trial 85: Cell 1 (Static) = 0.005434 | Cell 2 (Plastic) = 0.004967
Trial: 86, Time:23.477s
Trial 86: Cell 1 (Static) = 0.005450 | Cell 2 (Plastic) = 0.004952
Trial: 87, Time:23.326s
Trial 87: Cell 1 (Static) = 0.005467 | Cell 2 (Plastic) = 0.004937
Trial: 88, Time:23.451s
Trial 88: Cell 1 (Static) = 0.005483 | Cell 2 (Plastic) = 0.004923
Trial: 89, Time:23.422s
Trial 89: Cell 1 (Static) = 0.005500 | Cell 2 (Plastic) = 0.004908
Trial: 90, Time:23.590s
Trial 90: Cell 1 (Static) = 0.005516 | Cell 2 (Plastic) = 0.004893
Trial: 91, Time:23.567s
Trial 91: Cell 1 (Static) = 0.005533 | Cell 2 (Plastic) = 0.004879
Trial: 92, Time:23.635s
Trial 92: Cell 1 (Static) = 0.005549 | Cell 2 (Plastic) = 0.004864
Trial: 93, Time:23.742s
Trial 93: Cell 1 (Static) = 0.005566 | Cell 2 (Plastic) = 0.004879
Trial: 94, Time:23.769s
Trial 94: Cell 1 (Static) = 0.005583 | Cell 2 (Plastic) = 0.004893
Trial: 95, Time:23.531s
Trial 95: Cell 1 (Static) = 0.005599 | Cell 2 (Plastic) = 0.004908
Trial: 96, Time:23.646s
Trial 96: Cell 1 (Static) = 0.005616 | Cell 2 (Plastic) = 0.004923
Trial: 97, Time:23.716s
Trial 97: Cell 1 (Static) = 0.005633 | Cell 2 (Plastic) = 0.004937
Trial: 98, Time:23.810s
Trial 98: Cell 1 (Static) = 0.005650 | Cell 2 (Plastic) = 0.004952
Trial: 99, Time:23.783s
Trial 99: Cell 1 (Static) = 0.005667 | Cell 2 (Plastic) = 0.004967
Trial: 100, Time:23.880s
Trial 100: Cell 1 (Static) = 0.005684 | Cell 2 (Plastic) = 0.004982
Trial: 101, Time:23.888s
Trial 101: Cell 1 (Static) = 0.005701 | Cell 2 (Plastic) = 0.004997
Trial: 102, Time:26.441s
Trial 102: Cell 1 (Static) = 0.005718 | Cell 2 (Plastic) = 0.005012
Trial: 103, Time:26.529s
Trial 103: Cell 1 (Static) = 0.005735 | Cell 2 (Plastic) = 0.005027
Trial: 104, Time:26.589s
Trial 104: Cell 1 (Static) = 0.005752 | Cell 2 (Plastic) = 0.005042
Trial: 105, Time:26.467s
Trial 105: Cell 1 (Static) = 0.005770 | Cell 2 (Plastic) = 0.005057
Trial: 106, Time:26.488s
Trial 106: Cell 1 (Static) = 0.005787 | Cell 2 (Plastic) = 0.005072
Trial: 107, Time:26.398s
Trial 107: Cell 1 (Static) = 0.005804 | Cell 2 (Plastic) = 0.005088
Trial: 108, Time:26.559s
Trial 108: Cell 1 (Static) = 0.005822 | Cell 2 (Plastic) = 0.005103
Trial: 109, Time:26.566s
Trial 109: Cell 1 (Static) = 0.005839 | Cell 2 (Plastic) = 0.005118
Trial: 110, Time:26.421s
Trial 110: Cell 1 (Static) = 0.005857 | Cell 2 (Plastic) = 0.005133
Trial: 111, Time:26.491s
Trial 111: Cell 1 (Static) = 0.005874 | Cell 2 (Plastic) = 0.005149
Trial: 112, Time:26.443s
Trial 112: Cell 1 (Static) = 0.005892 | Cell 2 (Plastic) = 0.005133
Trial: 113, Time:26.272s
Trial 113: Cell 1 (Static) = 0.005910 | Cell 2 (Plastic) = 0.005118
Trial: 114, Time:26.257s
Trial 114: Cell 1 (Static) = 0.005892 | Cell 2 (Plastic) = 0.005103
Trial: 115, Time:26.279s
Trial 115: Cell 1 (Static) = 0.005874 | Cell 2 (Plastic) = 0.005118
Trial: 116, Time:26.296s
Trial 116: Cell 1 (Static) = 0.005857 | Cell 2 (Plastic) = 0.005133
Trial: 117, Time:26.249s
Trial 117: Cell 1 (Static) = 0.005874 | Cell 2 (Plastic) = 0.005118
Trial: 118, Time:26.509s
Trial 118: Cell 1 (Static) = 0.005892 | Cell 2 (Plastic) = 0.005133
Trial: 119, Time:26.647s
Trial 119: Cell 1 (Static) = 0.005910 | Cell 2 (Plastic) = 0.005118
Trial: 120, Time:26.486s
Trial 120: Cell 1 (Static) = 0.005927 | Cell 2 (Plastic) = 0.005103
Trial: 121, Time:26.566s
Trial 121: Cell 1 (Static) = 0.005945 | Cell 2 (Plastic) = 0.005088
Trial: 122, Time:26.603s
Trial 122: Cell 1 (Static) = 0.005963 | Cell 2 (Plastic) = 0.005103
Trial: 123, Time:26.476s
Trial 123: Cell 1 (Static) = 0.005981 | Cell 2 (Plastic) = 0.005118
Trial: 124, Time:26.467s
Trial 124: Cell 1 (Static) = 0.005999 | Cell 2 (Plastic) = 0.005133
Trial: 125, Time:26.527s
Trial 125: Cell 1 (Static) = 0.005981 | Cell 2 (Plastic) = 0.005149
Trial: 126, Time:26.566s
Trial 126: Cell 1 (Static) = 0.005963 | Cell 2 (Plastic) = 0.005164
Trial: 127, Time:26.620s
Trial 127: Cell 1 (Static) = 0.005981 | Cell 2 (Plastic) = 0.005180
Trial: 128, Time:26.697s
Trial 128: Cell 1 (Static) = 0.005999 | Cell 2 (Plastic) = 0.005195
Trial: 129, Time:26.701s
Trial 129: Cell 1 (Static) = 0.006017 | Cell 2 (Plastic) = 0.005211
Trial: 130, Time:26.987s
Trial 130: Cell 1 (Static) = 0.006035 | Cell 2 (Plastic) = 0.005227
Trial: 131, Time:26.934s
Trial 131: Cell 1 (Static) = 0.006053 | Cell 2 (Plastic) = 0.005242
Trial: 132, Time:26.946s
Trial 132: Cell 1 (Static) = 0.006035 | Cell 2 (Plastic) = 0.005258
Trial: 133, Time:26.822s
Trial 133: Cell 1 (Static) = 0.006017 | Cell 2 (Plastic) = 0.005274
Trial: 134, Time:26.684s
Trial 134: Cell 1 (Static) = 0.005999 | Cell 2 (Plastic) = 0.005290
Trial: 135, Time:26.914s
Trial 135: Cell 1 (Static) = 0.005981 | Cell 2 (Plastic) = 0.005305
Trial: 136, Time:26.970s
Trial 136: Cell 1 (Static) = 0.005963 | Cell 2 (Plastic) = 0.005321
Trial: 137, Time:27.023s
Trial 137: Cell 1 (Static) = 0.005945 | Cell 2 (Plastic) = 0.005337
Trial: 138, Time:27.213s
Trial 138: Cell 1 (Static) = 0.005927 | Cell 2 (Plastic) = 0.005353
Trial: 139, Time:27.352s
Trial 139: Cell 1 (Static) = 0.005945 | Cell 2 (Plastic) = 0.005369
Trial: 140, Time:27.192s
Trial 140: Cell 1 (Static) = 0.005927 | Cell 2 (Plastic) = 0.005386
Trial: 141, Time:27.230s
Trial 141: Cell 1 (Static) = 0.005945 | Cell 2 (Plastic) = 0.005402
Trial: 142, Time:27.490s
Trial 142: Cell 1 (Static) = 0.005963 | Cell 2 (Plastic) = 0.005418
Trial: 143, Time:27.395s
Trial 143: Cell 1 (Static) = 0.005981 | Cell 2 (Plastic) = 0.005434
Trial: 144, Time:27.553s
Trial 144: Cell 1 (Static) = 0.005999 | Cell 2 (Plastic) = 0.005450
Trial: 145, Time:27.399s
Trial 145: Cell 1 (Static) = 0.005981 | Cell 2 (Plastic) = 0.005467
Trial: 146, Time:27.535s
Trial 146: Cell 1 (Static) = 0.005963 | Cell 2 (Plastic) = 0.005483
Trial: 147, Time:27.720s
Trial 147: Cell 1 (Static) = 0.005945 | Cell 2 (Plastic) = 0.005500
Trial: 148, Time:27.587s
Trial 148: Cell 1 (Static) = 0.005927 | Cell 2 (Plastic) = 0.005516
Trial: 149, Time:27.578s
Trial 149: Cell 1 (Static) = 0.005910 | Cell 2 (Plastic) = 0.005500
Trial: 150, Time:27.599s
Trial 150: Cell 1 (Static) = 0.005892 | Cell 2 (Plastic) = 0.005483
Trial: 151, Time:27.701s
Trial 151: Cell 1 (Static) = 0.005910 | Cell 2 (Plastic) = 0.005500
Trial: 152, Time:28.962s
Trial 152: Cell 1 (Static) = 0.005927 | Cell 2 (Plastic) = 0.005516
Trial: 153, Time:28.909s
Trial 153: Cell 1 (Static) = 0.005945 | Cell 2 (Plastic) = 0.005533
Trial: 154, Time:28.697s
Trial 154: Cell 1 (Static) = 0.005963 | Cell 2 (Plastic) = 0.005549
Trial: 155, Time:28.771s
Trial 155: Cell 1 (Static) = 0.005981 | Cell 2 (Plastic) = 0.005566
Trial: 156, Time:28.579s
Trial 156: Cell 1 (Static) = 0.005999 | Cell 2 (Plastic) = 0.005583
Trial: 157, Time:28.596s
Trial 157: Cell 1 (Static) = 0.006017 | Cell 2 (Plastic) = 0.005599
Trial: 158, Time:28.441s
Trial 158: Cell 1 (Static) = 0.006035 | Cell 2 (Plastic) = 0.005616
Trial: 159, Time:28.729s
Trial 159: Cell 1 (Static) = 0.006053 | Cell 2 (Plastic) = 0.005633
Trial: 160, Time:28.549s
Trial 160: Cell 1 (Static) = 0.006071 | Cell 2 (Plastic) = 0.005650
Trial: 161, Time:28.634s
Trial 161: Cell 1 (Static) = 0.006089 | Cell 2 (Plastic) = 0.005667
Trial: 162, Time:28.693s
Trial 162: Cell 1 (Static) = 0.006108 | Cell 2 (Plastic) = 0.005684
Trial: 163, Time:28.778s
Trial 163: Cell 1 (Static) = 0.006126 | Cell 2 (Plastic) = 0.005701
Trial: 164, Time:28.724s
Trial 164: Cell 1 (Static) = 0.006144 | Cell 2 (Plastic) = 0.005718
Trial: 165, Time:28.553s
Trial 165: Cell 1 (Static) = 0.006163 | Cell 2 (Plastic) = 0.005735
Trial: 166, Time:28.723s
Trial 166: Cell 1 (Static) = 0.006181 | Cell 2 (Plastic) = 0.005752
Trial: 167, Time:28.784s
Trial 167: Cell 1 (Static) = 0.006200 | Cell 2 (Plastic) = 0.005770
Trial: 168, Time:28.550s
Trial 168: Cell 1 (Static) = 0.006218 | Cell 2 (Plastic) = 0.005787
Trial: 169, Time:28.563s
Trial 169: Cell 1 (Static) = 0.006237 | Cell 2 (Plastic) = 0.005804
Trial: 170, Time:28.389s
Trial 170: Cell 1 (Static) = 0.006256 | Cell 2 (Plastic) = 0.005822
Trial: 171, Time:28.655s
Trial 171: Cell 1 (Static) = 0.006274 | Cell 2 (Plastic) = 0.005839
Trial: 172, Time:28.480s
Trial 172: Cell 1 (Static) = 0.006293 | Cell 2 (Plastic) = 0.005857
Trial: 173, Time:28.606s
Trial 173: Cell 1 (Static) = 0.006312 | Cell 2 (Plastic) = 0.005874
Trial: 174, Time:28.674s
Trial 174: Cell 1 (Static) = 0.006331 | Cell 2 (Plastic) = 0.005892
Trial: 175, Time:28.724s
Trial 175: Cell 1 (Static) = 0.006350 | Cell 2 (Plastic) = 0.005910
Trial: 176, Time:28.757s
Trial 176: Cell 1 (Static) = 0.006369 | Cell 2 (Plastic) = 0.005927
Trial: 177, Time:29.035s
Trial 177: Cell 1 (Static) = 0.006388 | Cell 2 (Plastic) = 0.005945
Trial: 178, Time:28.966s
Trial 178: Cell 1 (Static) = 0.006407 | Cell 2 (Plastic) = 0.005963
Trial: 179, Time:29.024s
Trial 179: Cell 1 (Static) = 0.006427 | Cell 2 (Plastic) = 0.005981
Trial: 180, Time:28.685s
Trial 180: Cell 1 (Static) = 0.006446 | Cell 2 (Plastic) = 0.005999
Trial: 181, Time:28.872s
Trial 181: Cell 1 (Static) = 0.006465 | Cell 2 (Plastic) = 0.006017
Trial: 182, Time:28.809s
Trial 182: Cell 1 (Static) = 0.006485 | Cell 2 (Plastic) = 0.005999
Trial: 183, Time:28.937s
Trial 183: Cell 1 (Static) = 0.006504 | Cell 2 (Plastic) = 0.005981
Trial: 184, Time:28.979s
Trial 184: Cell 1 (Static) = 0.006485 | Cell 2 (Plastic) = 0.005999
Trial: 185, Time:29.185s
Trial 185: Cell 1 (Static) = 0.006465 | Cell 2 (Plastic) = 0.006017
Trial: 186, Time:29.058s
Trial 186: Cell 1 (Static) = 0.006485 | Cell 2 (Plastic) = 0.006035
Trial: 187, Time:29.267s
Trial 187: Cell 1 (Static) = 0.006465 | Cell 2 (Plastic) = 0.006053
Trial: 188, Time:29.445s
Trial 188: Cell 1 (Static) = 0.006446 | Cell 2 (Plastic) = 0.006071
Trial: 189, Time:29.364s
Trial 189: Cell 1 (Static) = 0.006427 | Cell 2 (Plastic) = 0.006089
Trial: 190, Time:29.388s
Trial 190: Cell 1 (Static) = 0.006446 | Cell 2 (Plastic) = 0.006108
Trial: 191, Time:29.695s
Trial 191: Cell 1 (Static) = 0.006465 | Cell 2 (Plastic) = 0.006126
Trial: 192, Time:29.641s
Trial 192: Cell 1 (Static) = 0.006485 | Cell 2 (Plastic) = 0.006144
Trial: 193, Time:29.341s
Trial 193: Cell 1 (Static) = 0.006504 | Cell 2 (Plastic) = 0.006163
Trial: 194, Time:29.227s
Trial 194: Cell 1 (Static) = 0.006524 | Cell 2 (Plastic) = 0.006181
Trial: 195, Time:29.528s
Trial 195: Cell 1 (Static) = 0.006543 | Cell 2 (Plastic) = 0.006200
Trial: 196, Time:29.304s
Trial 196: Cell 1 (Static) = 0.006563 | Cell 2 (Plastic) = 0.006218
Trial: 197, Time:29.218s
Trial 197: Cell 1 (Static) = 0.006582 | Cell 2 (Plastic) = 0.006237
Trial: 198, Time:29.545s
Trial 198: Cell 1 (Static) = 0.006602 | Cell 2 (Plastic) = 0.006256
Trial: 199, Time:29.608s
Trial 199: Cell 1 (Static) = 0.006622 | Cell 2 (Plastic) = 0.006274
Trial: 200, Time:29.585s
Trial 200: Cell 1 (Static) = 0.006642 | Cell 2 (Plastic) = 0.006256
Trial: 201, Time:29.521s
Trial 201: Cell 1 (Static) = 0.006662 | Cell 2 (Plastic) = 0.006274
Trial: 202, Time:31.809s
Trial 202: Cell 1 (Static) = 0.006682 | Cell 2 (Plastic) = 0.006293
Trial: 203, Time:32.049s
Trial 203: Cell 1 (Static) = 0.006702 | Cell 2 (Plastic) = 0.006312
Trial: 204, Time:31.699s
Trial 204: Cell 1 (Static) = 0.006722 | Cell 2 (Plastic) = 0.006331
Trial: 205, Time:31.652s
Trial 205: Cell 1 (Static) = 0.006742 | Cell 2 (Plastic) = 0.006350
Trial: 206, Time:31.347s
Trial 206: Cell 1 (Static) = 0.006762 | Cell 2 (Plastic) = 0.006369
Trial: 207, Time:31.389s
Trial 207: Cell 1 (Static) = 0.006783 | Cell 2 (Plastic) = 0.006388
Trial: 208, Time:31.407s
Trial 208: Cell 1 (Static) = 0.006803 | Cell 2 (Plastic) = 0.006407
Trial: 209, Time:31.391s
Trial 209: Cell 1 (Static) = 0.006783 | Cell 2 (Plastic) = 0.006427
Trial: 210, Time:31.313s
Trial 210: Cell 1 (Static) = 0.006762 | Cell 2 (Plastic) = 0.006446
Trial: 211, Time:31.390s
Trial 211: Cell 1 (Static) = 0.006783 | Cell 2 (Plastic) = 0.006465
Trial: 212, Time:31.227s
Trial 212: Cell 1 (Static) = 0.006803 | Cell 2 (Plastic) = 0.006485
Trial: 213, Time:31.161s
Trial 213: Cell 1 (Static) = 0.006823 | Cell 2 (Plastic) = 0.006504
Trial: 214, Time:31.155s
Trial 214: Cell 1 (Static) = 0.006803 | Cell 2 (Plastic) = 0.006485
Trial: 215, Time:31.201s
Trial 215: Cell 1 (Static) = 0.006823 | Cell 2 (Plastic) = 0.006504
Trial: 216, Time:31.013s
Trial 216: Cell 1 (Static) = 0.006844 | Cell 2 (Plastic) = 0.006524
Trial: 217, Time:31.054s
Trial 217: Cell 1 (Static) = 0.006864 | Cell 2 (Plastic) = 0.006543
Trial: 218, Time:31.026s
Trial 218: Cell 1 (Static) = 0.006885 | Cell 2 (Plastic) = 0.006563
Trial: 219, Time:31.352s
Trial 219: Cell 1 (Static) = 0.006906 | Cell 2 (Plastic) = 0.006582
Trial: 220, Time:31.348s
Trial 220: Cell 1 (Static) = 0.006926 | Cell 2 (Plastic) = 0.006602
Trial: 221, Time:31.425s
Trial 221: Cell 1 (Static) = 0.006947 | Cell 2 (Plastic) = 0.006622
Trial: 222, Time:31.471s
Trial 222: Cell 1 (Static) = 0.006926 | Cell 2 (Plastic) = 0.006642
Trial: 223, Time:31.487s
Trial 223: Cell 1 (Static) = 0.006947 | Cell 2 (Plastic) = 0.006662
Trial: 224, Time:31.386s
Trial 224: Cell 1 (Static) = 0.006926 | Cell 2 (Plastic) = 0.006682
Trial: 225, Time:31.541s
Trial 225: Cell 1 (Static) = 0.006947 | Cell 2 (Plastic) = 0.006702
Trial: 226, Time:31.419s
Trial 226: Cell 1 (Static) = 0.006968 | Cell 2 (Plastic) = 0.006722
Trial: 227, Time:31.661s
Trial 227: Cell 1 (Static) = 0.006989 | Cell 2 (Plastic) = 0.006742
Trial: 228, Time:31.448s
Trial 228: Cell 1 (Static) = 0.006968 | Cell 2 (Plastic) = 0.006762
Trial: 229, Time:31.589s
Trial 229: Cell 1 (Static) = 0.006947 | Cell 2 (Plastic) = 0.006783
Trial: 230, Time:31.585s
Trial 230: Cell 1 (Static) = 0.006926 | Cell 2 (Plastic) = 0.006803
Trial: 231, Time:31.670s
Trial 231: Cell 1 (Static) = 0.006906 | Cell 2 (Plastic) = 0.006823
Trial: 232, Time:31.841s
Trial 232: Cell 1 (Static) = 0.006885 | Cell 2 (Plastic) = 0.006844
Trial: 233, Time:31.731s
Trial 233: Cell 1 (Static) = 0.006906 | Cell 2 (Plastic) = 0.006864
Trial: 234, Time:31.538s
Trial 234: Cell 1 (Static) = 0.006926 | Cell 2 (Plastic) = 0.006885
Trial: 235, Time:31.729s
Trial 235: Cell 1 (Static) = 0.006947 | Cell 2 (Plastic) = 0.006906
Trial: 236, Time:31.566s
Trial 236: Cell 1 (Static) = 0.006968 | Cell 2 (Plastic) = 0.006926
Trial: 237, Time:31.630s
Trial 237: Cell 1 (Static) = 0.006989 | Cell 2 (Plastic) = 0.006947
Trial: 238, Time:31.744s
Trial 238: Cell 1 (Static) = 0.007010 | Cell 2 (Plastic) = 0.006968
Trial: 239, Time:32.004s
Trial 239: Cell 1 (Static) = 0.007031 | Cell 2 (Plastic) = 0.006989
Trial: 240, Time:31.917s
Trial 240: Cell 1 (Static) = 0.007052 | Cell 2 (Plastic) = 0.007010
Trial: 241, Time:32.034s
Trial 241: Cell 1 (Static) = 0.007073 | Cell 2 (Plastic) = 0.007031
Trial: 242, Time:31.955s
Trial 242: Cell 1 (Static) = 0.007094 | Cell 2 (Plastic) = 0.007052
Trial: 243, Time:32.132s
Trial 243: Cell 1 (Static) = 0.007073 | Cell 2 (Plastic) = 0.007031
Trial: 244, Time:32.145s
Trial 244: Cell 1 (Static) = 0.007052 | Cell 2 (Plastic) = 0.007010
Trial: 245, Time:32.048s
Trial 245: Cell 1 (Static) = 0.007031 | Cell 2 (Plastic) = 0.006989
Trial: 246, Time:31.956s
Trial 246: Cell 1 (Static) = 0.007010 | Cell 2 (Plastic) = 0.006968
Trial: 247, Time:32.079s
Trial 247: Cell 1 (Static) = 0.006989 | Cell 2 (Plastic) = 0.006989
Trial: 248, Time:32.021s
Trial 248: Cell 1 (Static) = 0.007010 | Cell 2 (Plastic) = 0.007010
Trial: 249, Time:31.840s
Trial 249: Cell 1 (Static) = 0.006989 | Cell 2 (Plastic) = 0.007031
Trial: 250, Time:32.245s
Trial 250: Cell 1 (Static) = 0.006968 | Cell 2 (Plastic) = 0.007052
Trial: 251, Time:32.199s
Trial 251: Cell 1 (Static) = 0.006947 | Cell 2 (Plastic) = 0.007073
Trial: 252, Time:33.544s
Trial 252: Cell 1 (Static) = 0.006926 | Cell 2 (Plastic) = 0.007052
Trial: 253, Time:33.711s
Trial 253: Cell 1 (Static) = 0.006906 | Cell 2 (Plastic) = 0.007031
Trial: 254, Time:33.585s
Trial 254: Cell 1 (Static) = 0.006885 | Cell 2 (Plastic) = 0.007010
Trial: 255, Time:33.277s
Trial 255: Cell 1 (Static) = 0.006864 | Cell 2 (Plastic) = 0.006989
Trial: 256, Time:33.447s
Trial 256: Cell 1 (Static) = 0.006844 | Cell 2 (Plastic) = 0.007010
Trial: 257, Time:33.461s
Trial 257: Cell 1 (Static) = 0.006823 | Cell 2 (Plastic) = 0.007031
Trial: 258, Time:33.357s
Trial 258: Cell 1 (Static) = 0.006803 | Cell 2 (Plastic) = 0.007052
Trial: 259, Time:33.222s
Trial 259: Cell 1 (Static) = 0.006783 | Cell 2 (Plastic) = 0.007031
Trial: 260, Time:33.028s
Trial 260: Cell 1 (Static) = 0.006762 | Cell 2 (Plastic) = 0.007010
Trial: 261, Time:32.690s
Trial 261: Cell 1 (Static) = 0.006742 | Cell 2 (Plastic) = 0.006989
Trial: 262, Time:32.850s
Trial 262: Cell 1 (Static) = 0.006722 | Cell 2 (Plastic) = 0.006968
Trial: 263, Time:32.603s
Trial 263: Cell 1 (Static) = 0.006702 | Cell 2 (Plastic) = 0.006989
Trial: 264, Time:32.641s
Trial 264: Cell 1 (Static) = 0.006682 | Cell 2 (Plastic) = 0.007010
Trial: 265, Time:32.636s
Trial 265: Cell 1 (Static) = 0.006662 | Cell 2 (Plastic) = 0.007031
Trial: 266, Time:32.734s
Trial 266: Cell 1 (Static) = 0.006642 | Cell 2 (Plastic) = 0.007052
Trial: 267, Time:32.950s
Trial 267: Cell 1 (Static) = 0.006622 | Cell 2 (Plastic) = 0.007073
Trial: 268, Time:33.178s
Trial 268: Cell 1 (Static) = 0.006602 | Cell 2 (Plastic) = 0.007052
Trial: 269, Time:33.115s
Trial 269: Cell 1 (Static) = 0.006582 | Cell 2 (Plastic) = 0.007031
Trial: 270, Time:33.376s
Trial 270: Cell 1 (Static) = 0.006563 | Cell 2 (Plastic) = 0.007010
Trial: 271, Time:33.394s
Trial 271: Cell 1 (Static) = 0.006543 | Cell 2 (Plastic) = 0.006989
Trial: 272, Time:33.193s
Trial 272: Cell 1 (Static) = 0.006524 | Cell 2 (Plastic) = 0.006968
Trial: 273, Time:33.258s
Trial 273: Cell 1 (Static) = 0.006504 | Cell 2 (Plastic) = 0.006989
Trial: 274, Time:33.257s
Trial 274: Cell 1 (Static) = 0.006485 | Cell 2 (Plastic) = 0.006968
Trial: 275, Time:33.145s
Trial 275: Cell 1 (Static) = 0.006465 | Cell 2 (Plastic) = 0.006989
Trial: 276, Time:33.245s
Trial 276: Cell 1 (Static) = 0.006446 | Cell 2 (Plastic) = 0.006968
Trial: 277, Time:33.317s
Trial 277: Cell 1 (Static) = 0.006427 | Cell 2 (Plastic) = 0.006947
Trial: 278, Time:33.406s
Trial 278: Cell 1 (Static) = 0.006407 | Cell 2 (Plastic) = 0.006926
Trial: 279, Time:33.338s
Trial 279: Cell 1 (Static) = 0.006388 | Cell 2 (Plastic) = 0.006906
Trial: 280, Time:33.378s
Trial 280: Cell 1 (Static) = 0.006369 | Cell 2 (Plastic) = 0.006885
Trial: 281, Time:33.567s
Trial 281: Cell 1 (Static) = 0.006350 | Cell 2 (Plastic) = 0.006864
Trial: 282, Time:33.569s
Trial 282: Cell 1 (Static) = 0.006331 | Cell 2 (Plastic) = 0.006885
Trial: 283, Time:33.689s
Trial 283: Cell 1 (Static) = 0.006312 | Cell 2 (Plastic) = 0.006864
Trial: 284, Time:33.669s
Trial 284: Cell 1 (Static) = 0.006293 | Cell 2 (Plastic) = 0.006844
Trial: 285, Time:33.700s
Trial 285: Cell 1 (Static) = 0.006274 | Cell 2 (Plastic) = 0.006864
Trial: 286, Time:33.654s
Trial 286: Cell 1 (Static) = 0.006256 | Cell 2 (Plastic) = 0.006885
Trial: 287, Time:33.806s
Trial 287: Cell 1 (Static) = 0.006237 | Cell 2 (Plastic) = 0.006906
Trial: 288, Time:33.634s
Trial 288: Cell 1 (Static) = 0.006218 | Cell 2 (Plastic) = 0.006926
Trial: 289, Time:33.561s
Trial 289: Cell 1 (Static) = 0.006200 | Cell 2 (Plastic) = 0.006947
Trial: 290, Time:33.591s
Trial 290: Cell 1 (Static) = 0.006181 | Cell 2 (Plastic) = 0.006968
Trial: 291, Time:33.804s
Trial 291: Cell 1 (Static) = 0.006200 | Cell 2 (Plastic) = 0.006947
Trial: 292, Time:33.620s
Trial 292: Cell 1 (Static) = 0.006218 | Cell 2 (Plastic) = 0.006926
Trial: 293, Time:33.731s
Trial 293: Cell 1 (Static) = 0.006237 | Cell 2 (Plastic) = 0.006906
Trial: 294, Time:33.665s
Trial 294: Cell 1 (Static) = 0.006256 | Cell 2 (Plastic) = 0.006885
Trial: 295, Time:33.766s
Trial 295: Cell 1 (Static) = 0.006274 | Cell 2 (Plastic) = 0.006864
Trial: 296, Time:33.651s
Trial 296: Cell 1 (Static) = 0.006293 | Cell 2 (Plastic) = 0.006885
Trial: 297, Time:33.810s
Trial 297: Cell 1 (Static) = 0.006312 | Cell 2 (Plastic) = 0.006906
Trial: 298, Time:33.790s
Trial 298: Cell 1 (Static) = 0.006331 | Cell 2 (Plastic) = 0.006926
Trial: 299, Time:33.788s
Trial 299: Cell 1 (Static) = 0.006312 | Cell 2 (Plastic) = 0.006906
Trial: 300, Time:33.910s
Trial 300: Cell 1 (Static) = 0.006293 | Cell 2 (Plastic) = 0.006885
Trial: 301, Time:34.091s
Trial 301: Cell 1 (Static) = 0.006274 | Cell 2 (Plastic) = 0.006864
Trial: 302, Time:36.204s
Trial 302: Cell 1 (Static) = 0.006293 | Cell 2 (Plastic) = 0.006844
Trial: 303, Time:36.301s
Trial 303: Cell 1 (Static) = 0.006312 | Cell 2 (Plastic) = 0.006864
Trial: 304, Time:36.204s
Trial 304: Cell 1 (Static) = 0.006331 | Cell 2 (Plastic) = 0.006844
Trial: 305, Time:35.914s
Trial 305: Cell 1 (Static) = 0.006350 | Cell 2 (Plastic) = 0.006823
Trial: 306, Time:35.954s
Trial 306: Cell 1 (Static) = 0.006331 | Cell 2 (Plastic) = 0.006803
Trial: 307, Time:36.160s
Trial 307: Cell 1 (Static) = 0.006350 | Cell 2 (Plastic) = 0.006783
Trial: 308, Time:35.647s
Trial 308: Cell 1 (Static) = 0.006369 | Cell 2 (Plastic) = 0.006803
Trial: 309, Time:35.704s
Trial 309: Cell 1 (Static) = 0.006388 | Cell 2 (Plastic) = 0.006823
Trial: 310, Time:35.651s
Trial 310: Cell 1 (Static) = 0.006407 | Cell 2 (Plastic) = 0.006844
Trial: 311, Time:35.503s
Trial 311: Cell 1 (Static) = 0.006388 | Cell 2 (Plastic) = 0.006823
Trial: 312, Time:35.520s
Trial 312: Cell 1 (Static) = 0.006369 | Cell 2 (Plastic) = 0.006803
Trial: 313, Time:35.457s
Trial 313: Cell 1 (Static) = 0.006350 | Cell 2 (Plastic) = 0.006783
Trial: 314, Time:35.782s
Trial 314: Cell 1 (Static) = 0.006331 | Cell 2 (Plastic) = 0.006762
Trial: 315, Time:35.523s
Trial 315: Cell 1 (Static) = 0.006312 | Cell 2 (Plastic) = 0.006742
Trial: 316, Time:35.717s
Trial 316: Cell 1 (Static) = 0.006293 | Cell 2 (Plastic) = 0.006722
Trial: 317, Time:35.434s
Trial 317: Cell 1 (Static) = 0.006274 | Cell 2 (Plastic) = 0.006702
Trial: 318, Time:35.542s
Trial 318: Cell 1 (Static) = 0.006293 | Cell 2 (Plastic) = 0.006722
Trial: 319, Time:35.662s
Trial 319: Cell 1 (Static) = 0.006312 | Cell 2 (Plastic) = 0.006742
Trial: 320, Time:35.456s
Trial 320: Cell 1 (Static) = 0.006331 | Cell 2 (Plastic) = 0.006762
Trial: 321, Time:35.394s
Trial 321: Cell 1 (Static) = 0.006350 | Cell 2 (Plastic) = 0.006742
Trial: 322, Time:35.470s
Trial 322: Cell 1 (Static) = 0.006331 | Cell 2 (Plastic) = 0.006722
Trial: 323, Time:35.581s
Trial 323: Cell 1 (Static) = 0.006312 | Cell 2 (Plastic) = 0.006702
Trial: 324, Time:35.810s
Trial 324: Cell 1 (Static) = 0.006331 | Cell 2 (Plastic) = 0.006722
Trial: 325, Time:35.596s
Trial 325: Cell 1 (Static) = 0.006350 | Cell 2 (Plastic) = 0.006742
Trial: 326, Time:35.592s
Trial 326: Cell 1 (Static) = 0.006331 | Cell 2 (Plastic) = 0.006762
Trial: 327, Time:35.687s
Trial 327: Cell 1 (Static) = 0.006312 | Cell 2 (Plastic) = 0.006783
Trial: 328, Time:35.608s
Trial 328: Cell 1 (Static) = 0.006293 | Cell 2 (Plastic) = 0.006762
Trial: 329, Time:35.258s
Trial 329: Cell 1 (Static) = 0.006274 | Cell 2 (Plastic) = 0.006742
Trial: 330, Time:35.570s
Trial 330: Cell 1 (Static) = 0.006256 | Cell 2 (Plastic) = 0.006722
Trial: 331, Time:35.648s
Trial 331: Cell 1 (Static) = 0.006274 | Cell 2 (Plastic) = 0.006742
Trial: 332, Time:35.608s
Trial 332: Cell 1 (Static) = 0.006293 | Cell 2 (Plastic) = 0.006762
Trial: 333, Time:35.579s
Trial 333: Cell 1 (Static) = 0.006312 | Cell 2 (Plastic) = 0.006783
Trial: 334, Time:35.561s
Trial 334: Cell 1 (Static) = 0.006293 | Cell 2 (Plastic) = 0.006803
Trial: 335, Time:35.675s
Trial 335: Cell 1 (Static) = 0.006274 | Cell 2 (Plastic) = 0.006823
Trial: 336, Time:35.834s
Trial 336: Cell 1 (Static) = 0.006256 | Cell 2 (Plastic) = 0.006803
Trial: 337, Time:35.470s
Trial 337: Cell 1 (Static) = 0.006237 | Cell 2 (Plastic) = 0.006783
Trial: 338, Time:35.782s
Trial 338: Cell 1 (Static) = 0.006218 | Cell 2 (Plastic) = 0.006762
Trial: 339, Time:35.658s
Trial 339: Cell 1 (Static) = 0.006200 | Cell 2 (Plastic) = 0.006742
Trial: 340, Time:35.709s
Trial 340: Cell 1 (Static) = 0.006181 | Cell 2 (Plastic) = 0.006722
Trial: 341, Time:35.802s
Trial 341: Cell 1 (Static) = 0.006200 | Cell 2 (Plastic) = 0.006742
Trial: 342, Time:35.954s
Trial 342: Cell 1 (Static) = 0.006218 | Cell 2 (Plastic) = 0.006762
Trial: 343, Time:36.047s
Trial 343: Cell 1 (Static) = 0.006237 | Cell 2 (Plastic) = 0.006783
Trial: 344, Time:35.828s
Trial 344: Cell 1 (Static) = 0.006218 | Cell 2 (Plastic) = 0.006762
Trial: 345, Time:35.743s
Trial 345: Cell 1 (Static) = 0.006200 | Cell 2 (Plastic) = 0.006742
Trial: 346, Time:35.767s
Trial 346: Cell 1 (Static) = 0.006181 | Cell 2 (Plastic) = 0.006722
Trial: 347, Time:35.853s
Trial 347: Cell 1 (Static) = 0.006163 | Cell 2 (Plastic) = 0.006702
Trial: 348, Time:35.958s
Trial 348: Cell 1 (Static) = 0.006144 | Cell 2 (Plastic) = 0.006722
Trial: 349, Time:36.108s
Trial 349: Cell 1 (Static) = 0.006126 | Cell 2 (Plastic) = 0.006742
Trial: 350, Time:36.124s
Trial 350: Cell 1 (Static) = 0.006144 | Cell 2 (Plastic) = 0.006762
Trial: 351, Time:36.222s
Trial 351: Cell 1 (Static) = 0.006163 | Cell 2 (Plastic) = 0.006742
Trial: 352, Time:37.055s
Trial 352: Cell 1 (Static) = 0.006181 | Cell 2 (Plastic) = 0.006722
Trial: 353, Time:36.871s
Trial 353: Cell 1 (Static) = 0.006200 | Cell 2 (Plastic) = 0.006702
Trial: 354, Time:36.887s
Trial 354: Cell 1 (Static) = 0.006218 | Cell 2 (Plastic) = 0.006682
Trial: 355, Time:36.628s
Trial 355: Cell 1 (Static) = 0.006237 | Cell 2 (Plastic) = 0.006662
Trial: 356, Time:36.506s
Trial 356: Cell 1 (Static) = 0.006256 | Cell 2 (Plastic) = 0.006642
Trial: 357, Time:36.729s
Trial 357: Cell 1 (Static) = 0.006274 | Cell 2 (Plastic) = 0.006622
Trial: 358, Time:36.560s
Trial 358: Cell 1 (Static) = 0.006293 | Cell 2 (Plastic) = 0.006602
Trial: 359, Time:36.293s
Trial 359: Cell 1 (Static) = 0.006312 | Cell 2 (Plastic) = 0.006582
Trial: 360, Time:36.242s
Trial 360: Cell 1 (Static) = 0.006331 | Cell 2 (Plastic) = 0.006563
Trial: 361, Time:36.289s
Trial 361: Cell 1 (Static) = 0.006350 | Cell 2 (Plastic) = 0.006543
Trial: 362, Time:36.054s
Trial 362: Cell 1 (Static) = 0.006369 | Cell 2 (Plastic) = 0.006524
Trial: 363, Time:36.088s
Trial 363: Cell 1 (Static) = 0.006388 | Cell 2 (Plastic) = 0.006504
Trial: 364, Time:36.037s
Trial 364: Cell 1 (Static) = 0.006407 | Cell 2 (Plastic) = 0.006485
Trial: 365, Time:36.260s
Trial 365: Cell 1 (Static) = 0.006427 | Cell 2 (Plastic) = 0.006465
Trial: 366, Time:36.068s
Trial 366: Cell 1 (Static) = 0.006446 | Cell 2 (Plastic) = 0.006446
Trial: 367, Time:36.090s
Trial 367: Cell 1 (Static) = 0.006465 | Cell 2 (Plastic) = 0.006427
Trial: 368, Time:35.875s
Trial 368: Cell 1 (Static) = 0.006485 | Cell 2 (Plastic) = 0.006407
Trial: 369, Time:36.204s
Trial 369: Cell 1 (Static) = 0.006504 | Cell 2 (Plastic) = 0.006388
Trial: 370, Time:35.749s
Trial 370: Cell 1 (Static) = 0.006524 | Cell 2 (Plastic) = 0.006369
Trial: 371, Time:36.098s
Trial 371: Cell 1 (Static) = 0.006543 | Cell 2 (Plastic) = 0.006350
Trial: 372, Time:35.985s
Trial 372: Cell 1 (Static) = 0.006563 | Cell 2 (Plastic) = 0.006331
Trial: 373, Time:36.084s
Trial 373: Cell 1 (Static) = 0.006582 | Cell 2 (Plastic) = 0.006312
Trial: 374, Time:35.958s
Trial 374: Cell 1 (Static) = 0.006602 | Cell 2 (Plastic) = 0.006293
Trial: 375, Time:36.297s
Trial 375: Cell 1 (Static) = 0.006622 | Cell 2 (Plastic) = 0.006274
Trial: 376, Time:36.245s
Trial 376: Cell 1 (Static) = 0.006642 | Cell 2 (Plastic) = 0.006256
Trial: 377, Time:36.146s
Trial 377: Cell 1 (Static) = 0.006662 | Cell 2 (Plastic) = 0.006237
Trial: 378, Time:36.211s
Trial 378: Cell 1 (Static) = 0.006682 | Cell 2 (Plastic) = 0.006218
Trial: 379, Time:36.029s
Trial 379: Cell 1 (Static) = 0.006702 | Cell 2 (Plastic) = 0.006200
Trial: 380, Time:36.075s
Trial 380: Cell 1 (Static) = 0.006722 | Cell 2 (Plastic) = 0.006181
Trial: 381, Time:35.962s
Trial 381: Cell 1 (Static) = 0.006742 | Cell 2 (Plastic) = 0.006163
Trial: 382, Time:36.076s
Trial 382: Cell 1 (Static) = 0.006762 | Cell 2 (Plastic) = 0.006144
Trial: 383, Time:36.136s
Trial 383: Cell 1 (Static) = 0.006783 | Cell 2 (Plastic) = 0.006126
Trial: 384, Time:36.155s
Trial 384: Cell 1 (Static) = 0.006803 | Cell 2 (Plastic) = 0.006108
Trial: 385, Time:36.339s
Trial 385: Cell 1 (Static) = 0.006823 | Cell 2 (Plastic) = 0.006089
Trial: 386, Time:36.167s
Trial 386: Cell 1 (Static) = 0.006844 | Cell 2 (Plastic) = 0.006071
Trial: 387, Time:36.370s
Trial 387: Cell 1 (Static) = 0.006864 | Cell 2 (Plastic) = 0.006053
Trial: 388, Time:36.456s
Trial 388: Cell 1 (Static) = 0.006885 | Cell 2 (Plastic) = 0.006071
Trial: 389, Time:36.257s
Trial 389: Cell 1 (Static) = 0.006906 | Cell 2 (Plastic) = 0.006053
Trial: 390, Time:36.605s
Trial 390: Cell 1 (Static) = 0.006926 | Cell 2 (Plastic) = 0.006071
Trial: 391, Time:36.189s
Trial 391: Cell 1 (Static) = 0.006947 | Cell 2 (Plastic) = 0.006053
Trial: 392, Time:36.401s
Trial 392: Cell 1 (Static) = 0.006968 | Cell 2 (Plastic) = 0.006035
Trial: 393, Time:36.475s
Trial 393: Cell 1 (Static) = 0.006989 | Cell 2 (Plastic) = 0.006017
Trial: 394, Time:36.706s
Trial 394: Cell 1 (Static) = 0.006968 | Cell 2 (Plastic) = 0.005999
Trial: 395, Time:36.426s
Trial 395: Cell 1 (Static) = 0.006947 | Cell 2 (Plastic) = 0.006017
Trial: 396, Time:36.501s
Trial 396: Cell 1 (Static) = 0.006968 | Cell 2 (Plastic) = 0.006035
Trial: 397, Time:36.481s
Trial 397: Cell 1 (Static) = 0.006989 | Cell 2 (Plastic) = 0.006053
Trial: 398, Time:36.562s
Trial 398: Cell 1 (Static) = 0.007010 | Cell 2 (Plastic) = 0.006071
Trial: 399, Time:36.471s
Trial 399: Cell 1 (Static) = 0.007031 | Cell 2 (Plastic) = 0.006053
Trial: 400, Time:36.328s
Trial 400: Cell 1 (Static) = 0.007052 | Cell 2 (Plastic) = 0.006035
Trial: 401, Time:36.035s
Trial 401: Cell 1 (Static) = 0.007031 | Cell 2 (Plastic) = 0.006053
Trial: 402, Time:38.758s
Trial 402: Cell 1 (Static) = 0.007010 | Cell 2 (Plastic) = 0.006071
Trial: 403, Time:38.835s
Trial 403: Cell 1 (Static) = 0.006989 | Cell 2 (Plastic) = 0.006089
Trial: 404, Time:38.312s
Trial 404: Cell 1 (Static) = 0.006968 | Cell 2 (Plastic) = 0.006108
Trial: 405, Time:38.179s
Trial 405: Cell 1 (Static) = 0.006947 | Cell 2 (Plastic) = 0.006126
Trial: 406, Time:38.144s
Trial 406: Cell 1 (Static) = 0.006926 | Cell 2 (Plastic) = 0.006144
Trial: 407, Time:38.224s
Trial 407: Cell 1 (Static) = 0.006906 | Cell 2 (Plastic) = 0.006163
Trial: 408, Time:37.872s
Trial 408: Cell 1 (Static) = 0.006885 | Cell 2 (Plastic) = 0.006181
Trial: 409, Time:38.048s
Trial 409: Cell 1 (Static) = 0.006864 | Cell 2 (Plastic) = 0.006200
Trial: 410, Time:37.919s
Trial 410: Cell 1 (Static) = 0.006844 | Cell 2 (Plastic) = 0.006218
Trial: 411, Time:37.872s
Trial 411: Cell 1 (Static) = 0.006823 | Cell 2 (Plastic) = 0.006237
Trial: 412, Time:37.822s
Trial 412: Cell 1 (Static) = 0.006803 | Cell 2 (Plastic) = 0.006256
Trial: 413, Time:37.672s
Trial 413: Cell 1 (Static) = 0.006783 | Cell 2 (Plastic) = 0.006274
Trial: 414, Time:37.632s
Trial 414: Cell 1 (Static) = 0.006762 | Cell 2 (Plastic) = 0.006293
Trial: 415, Time:37.305s
Trial 415: Cell 1 (Static) = 0.006742 | Cell 2 (Plastic) = 0.006312
Trial: 416, Time:37.194s
Trial 416: Cell 1 (Static) = 0.006722 | Cell 2 (Plastic) = 0.006331
Trial: 417, Time:37.485s
Trial 417: Cell 1 (Static) = 0.006702 | Cell 2 (Plastic) = 0.006350
Trial: 418, Time:37.342s
Trial 418: Cell 1 (Static) = 0.006682 | Cell 2 (Plastic) = 0.006369
Trial: 419, Time:37.469s
Trial 419: Cell 1 (Static) = 0.006662 | Cell 2 (Plastic) = 0.006388
Trial: 420, Time:37.500s
Trial 420: Cell 1 (Static) = 0.006682 | Cell 2 (Plastic) = 0.006407
Trial: 421, Time:37.490s
Trial 421: Cell 1 (Static) = 0.006702 | Cell 2 (Plastic) = 0.006427
Trial: 422, Time:37.446s
Trial 422: Cell 1 (Static) = 0.006682 | Cell 2 (Plastic) = 0.006446
Trial: 423, Time:37.566s
Trial 423: Cell 1 (Static) = 0.006662 | Cell 2 (Plastic) = 0.006465
Trial: 424, Time:37.249s
Trial 424: Cell 1 (Static) = 0.006642 | Cell 2 (Plastic) = 0.006485
Trial: 425, Time:37.152s
Trial 425: Cell 1 (Static) = 0.006622 | Cell 2 (Plastic) = 0.006504
Trial: 426, Time:37.492s
Trial 426: Cell 1 (Static) = 0.006602 | Cell 2 (Plastic) = 0.006524
Trial: 427, Time:37.500s
Trial 427: Cell 1 (Static) = 0.006582 | Cell 2 (Plastic) = 0.006543
Trial: 428, Time:37.543s
Trial 428: Cell 1 (Static) = 0.006563 | Cell 2 (Plastic) = 0.006563
Trial: 429, Time:37.568s
Trial 429: Cell 1 (Static) = 0.006543 | Cell 2 (Plastic) = 0.006582
Trial: 430, Time:37.650s
Trial 430: Cell 1 (Static) = 0.006524 | Cell 2 (Plastic) = 0.006602
Trial: 431, Time:37.737s
Trial 431: Cell 1 (Static) = 0.006543 | Cell 2 (Plastic) = 0.006622
Trial: 432, Time:37.735s
Trial 432: Cell 1 (Static) = 0.006563 | Cell 2 (Plastic) = 0.006642
Trial: 433, Time:37.665s
Trial 433: Cell 1 (Static) = 0.006582 | Cell 2 (Plastic) = 0.006662
Trial: 434, Time:37.510s
Trial 434: Cell 1 (Static) = 0.006563 | Cell 2 (Plastic) = 0.006682
Trial: 435, Time:37.689s
Trial 435: Cell 1 (Static) = 0.006543 | Cell 2 (Plastic) = 0.006702
Trial: 436, Time:37.738s
Trial 436: Cell 1 (Static) = 0.006524 | Cell 2 (Plastic) = 0.006722
Trial: 437, Time:37.603s
Trial 437: Cell 1 (Static) = 0.006504 | Cell 2 (Plastic) = 0.006742
Trial: 438, Time:37.593s
Trial 438: Cell 1 (Static) = 0.006485 | Cell 2 (Plastic) = 0.006762
Trial: 439, Time:37.363s
Trial 439: Cell 1 (Static) = 0.006465 | Cell 2 (Plastic) = 0.006783
Trial: 440, Time:37.381s
Trial 440: Cell 1 (Static) = 0.006446 | Cell 2 (Plastic) = 0.006803
Trial: 441, Time:37.409s
Trial 441: Cell 1 (Static) = 0.006427 | Cell 2 (Plastic) = 0.006783
Trial: 442, Time:37.515s
Trial 442: Cell 1 (Static) = 0.006446 | Cell 2 (Plastic) = 0.006803
Trial: 443, Time:37.461s
Trial 443: Cell 1 (Static) = 0.006465 | Cell 2 (Plastic) = 0.006823
Trial: 444, Time:37.457s
Trial 444: Cell 1 (Static) = 0.006485 | Cell 2 (Plastic) = 0.006844
Trial: 445, Time:37.891s
Trial 445: Cell 1 (Static) = 0.006504 | Cell 2 (Plastic) = 0.006864
Trial: 446, Time:37.727s
Trial 446: Cell 1 (Static) = 0.006524 | Cell 2 (Plastic) = 0.006885
Trial: 447, Time:37.674s
Trial 447: Cell 1 (Static) = 0.006504 | Cell 2 (Plastic) = 0.006906
Trial: 448, Time:37.757s
Trial 448: Cell 1 (Static) = 0.006485 | Cell 2 (Plastic) = 0.006926
Trial: 449, Time:37.453s
Trial 449: Cell 1 (Static) = 0.006465 | Cell 2 (Plastic) = 0.006947
Trial: 450, Time:37.778s
Trial 450: Cell 1 (Static) = 0.006446 | Cell 2 (Plastic) = 0.006968
Trial: 451, Time:37.866s
Trial 451: Cell 1 (Static) = 0.006427 | Cell 2 (Plastic) = 0.006989
Trial: 452, Time:39.670s
Trial 452: Cell 1 (Static) = 0.006446 | Cell 2 (Plastic) = 0.007010
Trial: 453, Time:39.234s
Trial 453: Cell 1 (Static) = 0.006427 | Cell 2 (Plastic) = 0.007031
Trial: 454, Time:39.242s
Trial 454: Cell 1 (Static) = 0.006446 | Cell 2 (Plastic) = 0.007052
Trial: 455, Time:39.139s
Trial 455: Cell 1 (Static) = 0.006427 | Cell 2 (Plastic) = 0.007073
Trial: 456, Time:39.075s
Trial 456: Cell 1 (Static) = 0.006407 | Cell 2 (Plastic) = 0.007094
Trial: 457, Time:38.796s
Trial 457: Cell 1 (Static) = 0.006388 | Cell 2 (Plastic) = 0.007116
Trial: 458, Time:38.944s
Trial 458: Cell 1 (Static) = 0.006407 | Cell 2 (Plastic) = 0.007137
Trial: 459, Time:38.828s
Trial 459: Cell 1 (Static) = 0.006427 | Cell 2 (Plastic) = 0.007158
Trial: 460, Time:39.259s
Trial 460: Cell 1 (Static) = 0.006407 | Cell 2 (Plastic) = 0.007180
Trial: 461, Time:38.525s
Trial 461: Cell 1 (Static) = 0.006388 | Cell 2 (Plastic) = 0.007201
Trial: 462, Time:38.355s
Trial 462: Cell 1 (Static) = 0.006407 | Cell 2 (Plastic) = 0.007223
Trial: 463, Time:38.522s
Trial 463: Cell 1 (Static) = 0.006388 | Cell 2 (Plastic) = 0.007245
Trial: 464, Time:38.412s
Trial 464: Cell 1 (Static) = 0.006407 | Cell 2 (Plastic) = 0.007266
Trial: 465, Time:38.309s
Trial 465: Cell 1 (Static) = 0.006427 | Cell 2 (Plastic) = 0.007288
Trial: 466, Time:38.358s
Trial 466: Cell 1 (Static) = 0.006446 | Cell 2 (Plastic) = 0.007310
Trial: 467, Time:38.350s
Trial 467: Cell 1 (Static) = 0.006465 | Cell 2 (Plastic) = 0.007332
Trial: 468, Time:38.426s
Trial 468: Cell 1 (Static) = 0.006485 | Cell 2 (Plastic) = 0.007354
Trial: 469, Time:38.203s
Trial 469: Cell 1 (Static) = 0.006465 | Cell 2 (Plastic) = 0.007376
Trial: 470, Time:38.400s
Trial 470: Cell 1 (Static) = 0.006446 | Cell 2 (Plastic) = 0.007354
Trial: 471, Time:38.425s
Trial 471: Cell 1 (Static) = 0.006427 | Cell 2 (Plastic) = 0.007376
Trial: 472, Time:38.434s
Trial 472: Cell 1 (Static) = 0.006407 | Cell 2 (Plastic) = 0.007398
Trial: 473, Time:38.286s
Trial 473: Cell 1 (Static) = 0.006388 | Cell 2 (Plastic) = 0.007420
Trial: 474, Time:38.572s
Trial 474: Cell 1 (Static) = 0.006369 | Cell 2 (Plastic) = 0.007443
Trial: 475, Time:38.304s
Trial 475: Cell 1 (Static) = 0.006388 | Cell 2 (Plastic) = 0.007465
Trial: 476, Time:38.502s
Trial 476: Cell 1 (Static) = 0.006407 | Cell 2 (Plastic) = 0.007487
Trial: 477, Time:38.895s
Trial 477: Cell 1 (Static) = 0.006427 | Cell 2 (Plastic) = 0.007510
Trial: 478, Time:38.081s
Trial 478: Cell 1 (Static) = 0.006407 | Cell 2 (Plastic) = 0.007487
Trial: 479, Time:38.435s
Trial 479: Cell 1 (Static) = 0.006427 | Cell 2 (Plastic) = 0.007465
Trial: 480, Time:38.363s
Trial 480: Cell 1 (Static) = 0.006446 | Cell 2 (Plastic) = 0.007443
Trial: 481, Time:38.559s
Trial 481: Cell 1 (Static) = 0.006427 | Cell 2 (Plastic) = 0.007420
Trial: 482, Time:38.334s
Trial 482: Cell 1 (Static) = 0.006407 | Cell 2 (Plastic) = 0.007443
Trial: 483, Time:38.115s
Trial 483: Cell 1 (Static) = 0.006427 | Cell 2 (Plastic) = 0.007465
Trial: 484, Time:38.202s
Trial 484: Cell 1 (Static) = 0.006446 | Cell 2 (Plastic) = 0.007443
Trial: 485, Time:38.742s
Trial 485: Cell 1 (Static) = 0.006465 | Cell 2 (Plastic) = 0.007465
Trial: 486, Time:38.241s
Trial 486: Cell 1 (Static) = 0.006446 | Cell 2 (Plastic) = 0.007487
Trial: 487, Time:38.145s
Trial 487: Cell 1 (Static) = 0.006427 | Cell 2 (Plastic) = 0.007465
Trial: 488, Time:38.427s
Trial 488: Cell 1 (Static) = 0.006407 | Cell 2 (Plastic) = 0.007487
Trial: 489, Time:38.514s
Trial 489: Cell 1 (Static) = 0.006388 | Cell 2 (Plastic) = 0.007510
Trial: 490, Time:38.407s
Trial 490: Cell 1 (Static) = 0.006407 | Cell 2 (Plastic) = 0.007532
Trial: 491, Time:38.509s
Trial 491: Cell 1 (Static) = 0.006427 | Cell 2 (Plastic) = 0.007555
Trial: 492, Time:38.549s
Trial 492: Cell 1 (Static) = 0.006446 | Cell 2 (Plastic) = 0.007532
Trial: 493, Time:38.166s
Trial 493: Cell 1 (Static) = 0.006465 | Cell 2 (Plastic) = 0.007510
Trial: 494, Time:38.814s
Trial 494: Cell 1 (Static) = 0.006446 | Cell 2 (Plastic) = 0.007487
Trial: 495, Time:38.246s
Trial 495: Cell 1 (Static) = 0.006427 | Cell 2 (Plastic) = 0.007465
Trial: 496, Time:38.721s
Trial 496: Cell 1 (Static) = 0.006407 | Cell 2 (Plastic) = 0.007487
Trial: 497, Time:38.533s
Trial 497: Cell 1 (Static) = 0.006427 | Cell 2 (Plastic) = 0.007510
Trial: 498, Time:38.377s
Trial 498: Cell 1 (Static) = 0.006446 | Cell 2 (Plastic) = 0.007532
Trial: 499, Time:38.714s
Trial 499: Cell 1 (Static) = 0.006465 | Cell 2 (Plastic) = 0.007555
Trial: 500, Time:38.420s
Trial 500: Cell 1 (Static) = 0.006485 | Cell 2 (Plastic) = 0.007532
Trial: 501, Time:38.300s
Trial 501: Cell 1 (Static) = 0.006504 | Cell 2 (Plastic) = 0.007510
Trial: 502, Time:39.643s
Trial 502: Cell 1 (Static) = 0.006524 | Cell 2 (Plastic) = 0.007487
Trial: 503, Time:38.585s
Trial 503: Cell 1 (Static) = 0.006543 | Cell 2 (Plastic) = 0.007465
Trial: 504, Time:38.588s
Trial 504: Cell 1 (Static) = 0.006563 | Cell 2 (Plastic) = 0.007443
Trial: 505, Time:38.343s
Trial 505: Cell 1 (Static) = 0.006582 | Cell 2 (Plastic) = 0.007420
Trial: 506, Time:38.827s
Trial 506: Cell 1 (Static) = 0.006602 | Cell 2 (Plastic) = 0.007398
Trial: 507, Time:38.594s
Trial 507: Cell 1 (Static) = 0.006622 | Cell 2 (Plastic) = 0.007376
Trial: 508, Time:38.054s
Trial 508: Cell 1 (Static) = 0.006642 | Cell 2 (Plastic) = 0.007354
Trial: 509, Time:37.875s
Trial 509: Cell 1 (Static) = 0.006662 | Cell 2 (Plastic) = 0.007332
Trial: 510, Time:37.797s
Trial 510: Cell 1 (Static) = 0.006682 | Cell 2 (Plastic) = 0.007310
Trial: 511, Time:37.700s
Trial 511: Cell 1 (Static) = 0.006702 | Cell 2 (Plastic) = 0.007288
Trial: 512, Time:38.175s
Trial 512: Cell 1 (Static) = 0.006722 | Cell 2 (Plastic) = 0.007266
Trial: 513, Time:37.726s
Trial 513: Cell 1 (Static) = 0.006742 | Cell 2 (Plastic) = 0.007245
Trial: 514, Time:37.565s
Trial 514: Cell 1 (Static) = 0.006762 | Cell 2 (Plastic) = 0.007223
Trial: 515, Time:37.488s
Trial 515: Cell 1 (Static) = 0.006783 | Cell 2 (Plastic) = 0.007201
Trial: 516, Time:37.743s
Trial 516: Cell 1 (Static) = 0.006803 | Cell 2 (Plastic) = 0.007180
Trial: 517, Time:37.442s
Trial 517: Cell 1 (Static) = 0.006823 | Cell 2 (Plastic) = 0.007158
Trial: 518, Time:37.418s
Trial 518: Cell 1 (Static) = 0.006844 | Cell 2 (Plastic) = 0.007137
Trial: 519, Time:37.652s
Trial 519: Cell 1 (Static) = 0.006864 | Cell 2 (Plastic) = 0.007116
Trial: 520, Time:37.945s
Trial 520: Cell 1 (Static) = 0.006885 | Cell 2 (Plastic) = 0.007094
Trial: 521, Time:37.608s
Trial 521: Cell 1 (Static) = 0.006906 | Cell 2 (Plastic) = 0.007073
Trial: 522, Time:37.493s
Trial 522: Cell 1 (Static) = 0.006885 | Cell 2 (Plastic) = 0.007052
Trial: 523, Time:37.866s
Trial 523: Cell 1 (Static) = 0.006906 | Cell 2 (Plastic) = 0.007031
Trial: 524, Time:37.694s
Trial 524: Cell 1 (Static) = 0.006926 | Cell 2 (Plastic) = 0.007010
Trial: 525, Time:37.627s
Trial 525: Cell 1 (Static) = 0.006906 | Cell 2 (Plastic) = 0.006989
Trial: 526, Time:37.588s
Trial 526: Cell 1 (Static) = 0.006885 | Cell 2 (Plastic) = 0.006968
Trial: 527, Time:38.411s
Trial 527: Cell 1 (Static) = 0.006906 | Cell 2 (Plastic) = 0.006947
Trial: 528, Time:37.769s
Trial 528: Cell 1 (Static) = 0.006926 | Cell 2 (Plastic) = 0.006926
Trial: 529, Time:38.294s
Trial 529: Cell 1 (Static) = 0.006947 | Cell 2 (Plastic) = 0.006906
Trial: 530, Time:37.568s
Trial 530: Cell 1 (Static) = 0.006968 | Cell 2 (Plastic) = 0.006885
Trial: 531, Time:37.537s
Trial 531: Cell 1 (Static) = 0.006989 | Cell 2 (Plastic) = 0.006864
Trial: 532, Time:37.550s
Trial 532: Cell 1 (Static) = 0.007010 | Cell 2 (Plastic) = 0.006844
Trial: 533, Time:37.544s
Trial 533: Cell 1 (Static) = 0.006989 | Cell 2 (Plastic) = 0.006823
Trial: 534, Time:37.419s
Trial 534: Cell 1 (Static) = 0.007010 | Cell 2 (Plastic) = 0.006803
Trial: 535, Time:37.458s
Trial 535: Cell 1 (Static) = 0.007031 | Cell 2 (Plastic) = 0.006783
Trial: 536, Time:37.615s
Trial 536: Cell 1 (Static) = 0.007010 | Cell 2 (Plastic) = 0.006762
Trial: 537, Time:37.796s
Trial 537: Cell 1 (Static) = 0.007031 | Cell 2 (Plastic) = 0.006742
Trial: 538, Time:37.522s
Trial 538: Cell 1 (Static) = 0.007052 | Cell 2 (Plastic) = 0.006722
Trial: 539, Time:37.694s
Trial 539: Cell 1 (Static) = 0.007073 | Cell 2 (Plastic) = 0.006702
Trial: 540, Time:37.880s
Trial 540: Cell 1 (Static) = 0.007094 | Cell 2 (Plastic) = 0.006682
Trial: 541, Time:37.676s
Trial 541: Cell 1 (Static) = 0.007116 | Cell 2 (Plastic) = 0.006662
Trial: 542, Time:37.721s
Trial 542: Cell 1 (Static) = 0.007137 | Cell 2 (Plastic) = 0.006642
Trial: 543, Time:37.731s
Trial 543: Cell 1 (Static) = 0.007158 | Cell 2 (Plastic) = 0.006622
Trial: 544, Time:37.765s
Trial 544: Cell 1 (Static) = 0.007180 | Cell 2 (Plastic) = 0.006602
Trial: 545, Time:37.776s
Trial 545: Cell 1 (Static) = 0.007201 | Cell 2 (Plastic) = 0.006582
Trial: 546, Time:37.697s
Trial 546: Cell 1 (Static) = 0.007180 | Cell 2 (Plastic) = 0.006563
Trial: 547, Time:37.681s
Trial 547: Cell 1 (Static) = 0.007158 | Cell 2 (Plastic) = 0.006543
Trial: 548, Time:37.621s
Trial 548: Cell 1 (Static) = 0.007180 | Cell 2 (Plastic) = 0.006524
Trial: 549, Time:37.578s
Trial 549: Cell 1 (Static) = 0.007201 | Cell 2 (Plastic) = 0.006524
Trial: 550, Time:37.474s
Trial 550: Cell 1 (Static) = 0.007223 | Cell 2 (Plastic) = 0.006504
Trial: 551, Time:37.358s
Trial 551: Cell 1 (Static) = 0.007201 | Cell 2 (Plastic) = 0.006485
Trial: 552, Time:41.491s
Trial 552: Cell 1 (Static) = 0.007180 | Cell 2 (Plastic) = 0.006465
Trial: 553, Time:41.273s
Trial 553: Cell 1 (Static) = 0.007158 | Cell 2 (Plastic) = 0.006446
Trial: 554, Time:41.006s
Trial 554: Cell 1 (Static) = 0.007137 | Cell 2 (Plastic) = 0.006427
Trial: 555, Time:40.818s
Trial 555: Cell 1 (Static) = 0.007116 | Cell 2 (Plastic) = 0.006407
Trial: 556, Time:40.986s
Trial 556: Cell 1 (Static) = 0.007094 | Cell 2 (Plastic) = 0.006388
Trial: 557, Time:40.740s
Trial 557: Cell 1 (Static) = 0.007073 | Cell 2 (Plastic) = 0.006369
Trial: 558, Time:40.874s
Trial 558: Cell 1 (Static) = 0.007094 | Cell 2 (Plastic) = 0.006350
Trial: 559, Time:40.772s
Trial 559: Cell 1 (Static) = 0.007073 | Cell 2 (Plastic) = 0.006331
Trial: 560, Time:40.472s
Trial 560: Cell 1 (Static) = 0.007052 | Cell 2 (Plastic) = 0.006312
Trial: 561, Time:40.466s
Trial 561: Cell 1 (Static) = 0.007031 | Cell 2 (Plastic) = 0.006293
Trial: 562, Time:40.309s
Trial 562: Cell 1 (Static) = 0.007010 | Cell 2 (Plastic) = 0.006312
Trial: 563, Time:40.248s
Trial 563: Cell 1 (Static) = 0.006989 | Cell 2 (Plastic) = 0.006293
Trial: 564, Time:40.064s
Trial 564: Cell 1 (Static) = 0.007010 | Cell 2 (Plastic) = 0.006274
Trial: 565, Time:39.894s
Trial 565: Cell 1 (Static) = 0.007031 | Cell 2 (Plastic) = 0.006256
Trial: 566, Time:40.117s
Trial 566: Cell 1 (Static) = 0.007010 | Cell 2 (Plastic) = 0.006237
Trial: 567, Time:40.229s
Trial 567: Cell 1 (Static) = 0.006989 | Cell 2 (Plastic) = 0.006218
Trial: 568, Time:40.145s
Trial 568: Cell 1 (Static) = 0.006968 | Cell 2 (Plastic) = 0.006200
Trial: 569, Time:40.088s
Trial 569: Cell 1 (Static) = 0.006989 | Cell 2 (Plastic) = 0.006181
Trial: 570, Time:39.865s
Trial 570: Cell 1 (Static) = 0.007010 | Cell 2 (Plastic) = 0.006163
Trial: 571, Time:40.216s
Trial 571: Cell 1 (Static) = 0.007031 | Cell 2 (Plastic) = 0.006144
Trial: 572, Time:40.304s
Trial 572: Cell 1 (Static) = 0.007010 | Cell 2 (Plastic) = 0.006163
Trial: 573, Time:40.067s
Trial 573: Cell 1 (Static) = 0.006989 | Cell 2 (Plastic) = 0.006181
Trial: 574, Time:40.104s
Trial 574: Cell 1 (Static) = 0.006968 | Cell 2 (Plastic) = 0.006200
Trial: 575, Time:40.442s
Trial 575: Cell 1 (Static) = 0.006947 | Cell 2 (Plastic) = 0.006181
Trial: 576, Time:40.108s
Trial 576: Cell 1 (Static) = 0.006926 | Cell 2 (Plastic) = 0.006163
Trial: 577, Time:40.163s
Trial 577: Cell 1 (Static) = 0.006906 | Cell 2 (Plastic) = 0.006144
Trial: 578, Time:40.016s
Trial 578: Cell 1 (Static) = 0.006885 | Cell 2 (Plastic) = 0.006126
Trial: 579, Time:40.079s
Trial 579: Cell 1 (Static) = 0.006906 | Cell 2 (Plastic) = 0.006108
Trial: 580, Time:39.806s
Trial 580: Cell 1 (Static) = 0.006926 | Cell 2 (Plastic) = 0.006089
Trial: 581, Time:40.158s
Trial 581: Cell 1 (Static) = 0.006906 | Cell 2 (Plastic) = 0.006108
Trial: 582, Time:40.066s
Trial 582: Cell 1 (Static) = 0.006885 | Cell 2 (Plastic) = 0.006126
Trial: 583, Time:40.150s
Trial 583: Cell 1 (Static) = 0.006864 | Cell 2 (Plastic) = 0.006144
Trial: 584, Time:40.086s
Trial 584: Cell 1 (Static) = 0.006844 | Cell 2 (Plastic) = 0.006126
Trial: 585, Time:40.124s
Trial 585: Cell 1 (Static) = 0.006823 | Cell 2 (Plastic) = 0.006108
Trial: 586, Time:39.978s
Trial 586: Cell 1 (Static) = 0.006803 | Cell 2 (Plastic) = 0.006089
Trial: 587, Time:39.874s
Trial 587: Cell 1 (Static) = 0.006823 | Cell 2 (Plastic) = 0.006071
Trial: 588, Time:39.890s
Trial 588: Cell 1 (Static) = 0.006803 | Cell 2 (Plastic) = 0.006053
Trial: 589, Time:39.892s
Trial 589: Cell 1 (Static) = 0.006823 | Cell 2 (Plastic) = 0.006035
Trial: 590, Time:39.974s
Trial 590: Cell 1 (Static) = 0.006844 | Cell 2 (Plastic) = 0.006017
Trial: 591, Time:40.038s
Trial 591: Cell 1 (Static) = 0.006864 | Cell 2 (Plastic) = 0.006035
Trial: 592, Time:39.947s
Trial 592: Cell 1 (Static) = 0.006885 | Cell 2 (Plastic) = 0.006053
Trial: 593, Time:39.916s
Trial 593: Cell 1 (Static) = 0.006906 | Cell 2 (Plastic) = 0.006035
Trial: 594, Time:39.932s
Trial 594: Cell 1 (Static) = 0.006885 | Cell 2 (Plastic) = 0.006017
Trial: 595, Time:39.827s
Trial 595: Cell 1 (Static) = 0.006864 | Cell 2 (Plastic) = 0.005999
Trial: 596, Time:39.827s
Trial 596: Cell 1 (Static) = 0.006844 | Cell 2 (Plastic) = 0.005981
Trial: 597, Time:39.947s
Trial 597: Cell 1 (Static) = 0.006864 | Cell 2 (Plastic) = 0.005963
Trial: 598, Time:40.092s
Trial 598: Cell 1 (Static) = 0.006844 | Cell 2 (Plastic) = 0.005945
Trial: 599, Time:40.013s
Trial 599: Cell 1 (Static) = 0.006823 | Cell 2 (Plastic) = 0.005963
Trial: 600, Time:39.976s
Trial 600: Cell 1 (Static) = 0.006803 | Cell 2 (Plastic) = 0.005981
Trial: 601, Time:39.849s
Trial 601: Cell 1 (Static) = 0.006783 | Cell 2 (Plastic) = 0.005999
Trial: 602, Time:41.915s
Trial 602: Cell 1 (Static) = 0.006762 | Cell 2 (Plastic) = 0.006017
Trial: 603, Time:41.688s
Trial 603: Cell 1 (Static) = 0.006742 | Cell 2 (Plastic) = 0.006035
Trial: 604, Time:41.568s
Trial 604: Cell 1 (Static) = 0.006722 | Cell 2 (Plastic) = 0.006053
Trial: 605, Time:41.377s
Trial 605: Cell 1 (Static) = 0.006702 | Cell 2 (Plastic) = 0.006071
Trial: 606, Time:41.228s
Trial 606: Cell 1 (Static) = 0.006722 | Cell 2 (Plastic) = 0.006089
Trial: 607, Time:41.116s
Trial 607: Cell 1 (Static) = 0.006742 | Cell 2 (Plastic) = 0.006108
Trial: 608, Time:41.010s
Trial 608: Cell 1 (Static) = 0.006762 | Cell 2 (Plastic) = 0.006126
Trial: 609, Time:40.954s
Trial 609: Cell 1 (Static) = 0.006742 | Cell 2 (Plastic) = 0.006144
Trial: 610, Time:40.831s
Trial 610: Cell 1 (Static) = 0.006722 | Cell 2 (Plastic) = 0.006163
Trial: 611, Time:40.622s
Trial 611: Cell 1 (Static) = 0.006702 | Cell 2 (Plastic) = 0.006181
Trial: 612, Time:40.560s
Trial 612: Cell 1 (Static) = 0.006722 | Cell 2 (Plastic) = 0.006200
Trial: 613, Time:40.004s
Trial 613: Cell 1 (Static) = 0.006742 | Cell 2 (Plastic) = 0.006218
Trial: 614, Time:39.260s
Trial 614: Cell 1 (Static) = 0.006722 | Cell 2 (Plastic) = 0.006237
Trial: 615, Time:39.044s
Trial 615: Cell 1 (Static) = 0.006742 | Cell 2 (Plastic) = 0.006256
Trial: 616, Time:38.809s
Trial 616: Cell 1 (Static) = 0.006722 | Cell 2 (Plastic) = 0.006274
Trial: 617, Time:38.893s
Trial 617: Cell 1 (Static) = 0.006702 | Cell 2 (Plastic) = 0.006293
Trial: 618, Time:38.788s
Trial 618: Cell 1 (Static) = 0.006682 | Cell 2 (Plastic) = 0.006312
Trial: 619, Time:38.535s
Trial 619: Cell 1 (Static) = 0.006662 | Cell 2 (Plastic) = 0.006331
Trial: 620, Time:38.677s
Trial 620: Cell 1 (Static) = 0.006642 | Cell 2 (Plastic) = 0.006350
Trial: 621, Time:38.669s
Trial 621: Cell 1 (Static) = 0.006622 | Cell 2 (Plastic) = 0.006369
Trial: 622, Time:38.733s
Trial 622: Cell 1 (Static) = 0.006602 | Cell 2 (Plastic) = 0.006388
Trial: 623, Time:38.436s
Trial 623: Cell 1 (Static) = 0.006582 | Cell 2 (Plastic) = 0.006369
Trial: 624, Time:38.485s
Trial 624: Cell 1 (Static) = 0.006602 | Cell 2 (Plastic) = 0.006388
Trial: 625, Time:38.576s
Trial 625: Cell 1 (Static) = 0.006622 | Cell 2 (Plastic) = 0.006407
Trial: 626, Time:38.391s
Trial 626: Cell 1 (Static) = 0.006642 | Cell 2 (Plastic) = 0.006427
Trial: 627, Time:38.345s
Trial 627: Cell 1 (Static) = 0.006622 | Cell 2 (Plastic) = 0.006446
Trial: 628, Time:38.206s
Trial 628: Cell 1 (Static) = 0.006602 | Cell 2 (Plastic) = 0.006465
Trial: 629, Time:38.374s
Trial 629: Cell 1 (Static) = 0.006582 | Cell 2 (Plastic) = 0.006485
Trial: 630, Time:38.459s
Trial 630: Cell 1 (Static) = 0.006563 | Cell 2 (Plastic) = 0.006504
Trial: 631, Time:38.564s
Trial 631: Cell 1 (Static) = 0.006543 | Cell 2 (Plastic) = 0.006524
Trial: 632, Time:38.488s
Trial 632: Cell 1 (Static) = 0.006563 | Cell 2 (Plastic) = 0.006504
Trial: 633, Time:38.294s
Trial 633: Cell 1 (Static) = 0.006543 | Cell 2 (Plastic) = 0.006524
Trial: 634, Time:38.409s
Trial 634: Cell 1 (Static) = 0.006524 | Cell 2 (Plastic) = 0.006543
Trial: 635, Time:38.358s
Trial 635: Cell 1 (Static) = 0.006504 | Cell 2 (Plastic) = 0.006563
Trial: 636, Time:38.291s
Trial 636: Cell 1 (Static) = 0.006485 | Cell 2 (Plastic) = 0.006582
Trial: 637, Time:38.278s
Trial 637: Cell 1 (Static) = 0.006465 | Cell 2 (Plastic) = 0.006563
Trial: 638, Time:38.184s
Trial 638: Cell 1 (Static) = 0.006446 | Cell 2 (Plastic) = 0.006563
Trial: 639, Time:38.306s
Trial 639: Cell 1 (Static) = 0.006465 | Cell 2 (Plastic) = 0.006543
Trial: 640, Time:38.319s
Trial 640: Cell 1 (Static) = 0.006485 | Cell 2 (Plastic) = 0.006524
Trial: 641, Time:38.313s
Trial 641: Cell 1 (Static) = 0.006504 | Cell 2 (Plastic) = 0.006543
Trial: 642, Time:38.453s
Trial 642: Cell 1 (Static) = 0.006485 | Cell 2 (Plastic) = 0.006563
Trial: 643, Time:38.286s
Trial 643: Cell 1 (Static) = 0.006465 | Cell 2 (Plastic) = 0.006582
Trial: 644, Time:38.984s
Trial 644: Cell 1 (Static) = 0.006446 | Cell 2 (Plastic) = 0.006602
Trial: 645, Time:38.417s
Trial 645: Cell 1 (Static) = 0.006427 | Cell 2 (Plastic) = 0.006622
Trial: 646, Time:38.310s
Trial 646: Cell 1 (Static) = 0.006407 | Cell 2 (Plastic) = 0.006642
Trial: 647, Time:38.242s
Trial 647: Cell 1 (Static) = 0.006427 | Cell 2 (Plastic) = 0.006662
Trial: 648, Time:38.293s
Trial 648: Cell 1 (Static) = 0.006446 | Cell 2 (Plastic) = 0.006642
Trial: 649, Time:38.414s
Trial 649: Cell 1 (Static) = 0.006465 | Cell 2 (Plastic) = 0.006622
Trial: 650, Time:38.434s
Trial 650: Cell 1 (Static) = 0.006485 | Cell 2 (Plastic) = 0.006602
Trial: 651, Time:38.471s
Trial 651: Cell 1 (Static) = 0.006504 | Cell 2 (Plastic) = 0.006622
Trial: 652, Time:39.645s
Trial 652: Cell 1 (Static) = 0.006524 | Cell 2 (Plastic) = 0.006642
Trial: 653, Time:39.531s
Trial 653: Cell 1 (Static) = 0.006543 | Cell 2 (Plastic) = 0.006662
Trial: 654, Time:39.575s
Trial 654: Cell 1 (Static) = 0.006563 | Cell 2 (Plastic) = 0.006682
Trial: 655, Time:39.279s
Trial 655: Cell 1 (Static) = 0.006582 | Cell 2 (Plastic) = 0.006702
Trial: 656, Time:39.054s
Trial 656: Cell 1 (Static) = 0.006602 | Cell 2 (Plastic) = 0.006722
Trial: 657, Time:38.861s
Trial 657: Cell 1 (Static) = 0.006622 | Cell 2 (Plastic) = 0.006742
Trial: 658, Time:38.766s
Trial 658: Cell 1 (Static) = 0.006642 | Cell 2 (Plastic) = 0.006762
Trial: 659, Time:38.592s
Trial 659: Cell 1 (Static) = 0.006662 | Cell 2 (Plastic) = 0.006783
Trial: 660, Time:38.300s
Trial 660: Cell 1 (Static) = 0.006682 | Cell 2 (Plastic) = 0.006803
Trial: 661, Time:38.328s
Trial 661: Cell 1 (Static) = 0.006702 | Cell 2 (Plastic) = 0.006823
Trial: 662, Time:38.349s
Trial 662: Cell 1 (Static) = 0.006722 | Cell 2 (Plastic) = 0.006844
Trial: 663, Time:38.307s
Trial 663: Cell 1 (Static) = 0.006742 | Cell 2 (Plastic) = 0.006864
Trial: 664, Time:38.373s
Trial 664: Cell 1 (Static) = 0.006762 | Cell 2 (Plastic) = 0.006885
Trial: 665, Time:38.055s
Trial 665: Cell 1 (Static) = 0.006783 | Cell 2 (Plastic) = 0.006906
Trial: 666, Time:38.103s
Trial 666: Cell 1 (Static) = 0.006803 | Cell 2 (Plastic) = 0.006926
Trial: 667, Time:37.874s
Trial 667: Cell 1 (Static) = 0.006823 | Cell 2 (Plastic) = 0.006947
Trial: 668, Time:37.879s
Trial 668: Cell 1 (Static) = 0.006844 | Cell 2 (Plastic) = 0.006968
Trial: 669, Time:37.962s
Trial 669: Cell 1 (Static) = 0.006864 | Cell 2 (Plastic) = 0.006989
Trial: 670, Time:38.159s
Trial 670: Cell 1 (Static) = 0.006885 | Cell 2 (Plastic) = 0.007010
Trial: 671, Time:38.046s
Trial 671: Cell 1 (Static) = 0.006906 | Cell 2 (Plastic) = 0.007031
Trial: 672, Time:37.882s
Trial 672: Cell 1 (Static) = 0.006926 | Cell 2 (Plastic) = 0.007052
Trial: 673, Time:37.845s
Trial 673: Cell 1 (Static) = 0.006947 | Cell 2 (Plastic) = 0.007073
Trial: 674, Time:38.089s
Trial 674: Cell 1 (Static) = 0.006926 | Cell 2 (Plastic) = 0.007094
Trial: 675, Time:37.891s
Trial 675: Cell 1 (Static) = 0.006906 | Cell 2 (Plastic) = 0.007116
Trial: 676, Time:37.996s
Trial 676: Cell 1 (Static) = 0.006926 | Cell 2 (Plastic) = 0.007137
Trial: 677, Time:37.997s
Trial 677: Cell 1 (Static) = 0.006947 | Cell 2 (Plastic) = 0.007158
Trial: 678, Time:38.077s
Trial 678: Cell 1 (Static) = 0.006968 | Cell 2 (Plastic) = 0.007180
Trial: 679, Time:38.046s
Trial 679: Cell 1 (Static) = 0.006989 | Cell 2 (Plastic) = 0.007201
Trial: 680, Time:38.054s
Trial 680: Cell 1 (Static) = 0.007010 | Cell 2 (Plastic) = 0.007223
Trial: 681, Time:38.141s
Trial 681: Cell 1 (Static) = 0.007031 | Cell 2 (Plastic) = 0.007245
Trial: 682, Time:38.247s
Trial 682: Cell 1 (Static) = 0.007052 | Cell 2 (Plastic) = 0.007266
Trial: 683, Time:38.225s
Trial 683: Cell 1 (Static) = 0.007073 | Cell 2 (Plastic) = 0.007288
Trial: 684, Time:37.852s
Trial 684: Cell 1 (Static) = 0.007052 | Cell 2 (Plastic) = 0.007310
Trial: 685, Time:37.828s
Trial 685: Cell 1 (Static) = 0.007031 | Cell 2 (Plastic) = 0.007332
Trial: 686, Time:37.978s
Trial 686: Cell 1 (Static) = 0.007010 | Cell 2 (Plastic) = 0.007354
Trial: 687, Time:37.772s
Trial 687: Cell 1 (Static) = 0.006989 | Cell 2 (Plastic) = 0.007376
Trial: 688, Time:37.955s
Trial 688: Cell 1 (Static) = 0.007010 | Cell 2 (Plastic) = 0.007398
Trial: 689, Time:37.939s
Trial 689: Cell 1 (Static) = 0.006989 | Cell 2 (Plastic) = 0.007420
Trial: 690, Time:37.916s
Trial 690: Cell 1 (Static) = 0.007010 | Cell 2 (Plastic) = 0.007443
Trial: 691, Time:37.970s
Trial 691: Cell 1 (Static) = 0.007031 | Cell 2 (Plastic) = 0.007465
Trial: 692, Time:37.973s
Trial 692: Cell 1 (Static) = 0.007052 | Cell 2 (Plastic) = 0.007487
Trial: 693, Time:37.915s
Trial 693: Cell 1 (Static) = 0.007073 | Cell 2 (Plastic) = 0.007510
Trial: 694, Time:37.692s
Trial 694: Cell 1 (Static) = 0.007073 | Cell 2 (Plastic) = 0.007532
Trial: 695, Time:37.755s
Trial 695: Cell 1 (Static) = 0.007052 | Cell 2 (Plastic) = 0.007555
Trial: 696, Time:37.816s
Trial 696: Cell 1 (Static) = 0.007031 | Cell 2 (Plastic) = 0.007578
Trial: 697, Time:38.121s
Trial 697: Cell 1 (Static) = 0.007010 | Cell 2 (Plastic) = 0.007600
Trial: 698, Time:38.026s
Trial 698: Cell 1 (Static) = 0.007031 | Cell 2 (Plastic) = 0.007623
Trial: 699, Time:37.802s
Trial 699: Cell 1 (Static) = 0.007052 | Cell 2 (Plastic) = 0.007646
Trial: 700, Time:37.720s
Trial 700: Cell 1 (Static) = 0.007073 | Cell 2 (Plastic) = 0.007669
Trial: 701, Time:37.815s
Trial 701: Cell 1 (Static) = 0.007094 | Cell 2 (Plastic) = 0.007646
Trial: 702, Time:39.132s
Trial 702: Cell 1 (Static) = 0.007116 | Cell 2 (Plastic) = 0.007623
Trial: 703, Time:38.825s
Trial 703: Cell 1 (Static) = 0.007137 | Cell 2 (Plastic) = 0.007600
Trial: 704, Time:38.750s
Trial 704: Cell 1 (Static) = 0.007158 | Cell 2 (Plastic) = 0.007578
Trial: 705, Time:38.582s
Trial 705: Cell 1 (Static) = 0.007180 | Cell 2 (Plastic) = 0.007555
Trial: 706, Time:38.479s
Trial 706: Cell 1 (Static) = 0.007201 | Cell 2 (Plastic) = 0.007532
Trial: 707, Time:38.542s
Trial 707: Cell 1 (Static) = 0.007180 | Cell 2 (Plastic) = 0.007510
Trial: 708, Time:38.361s
Trial 708: Cell 1 (Static) = 0.007158 | Cell 2 (Plastic) = 0.007487
Trial: 709, Time:38.421s
Trial 709: Cell 1 (Static) = 0.007180 | Cell 2 (Plastic) = 0.007465
Trial: 710, Time:38.372s
Trial 710: Cell 1 (Static) = 0.007201 | Cell 2 (Plastic) = 0.007443
Trial: 711, Time:38.287s
Trial 711: Cell 1 (Static) = 0.007180 | Cell 2 (Plastic) = 0.007420
Trial: 712, Time:38.187s
Trial 712: Cell 1 (Static) = 0.007158 | Cell 2 (Plastic) = 0.007398
Trial: 713, Time:37.957s
Trial 713: Cell 1 (Static) = 0.007137 | Cell 2 (Plastic) = 0.007376
Trial: 714, Time:37.982s
Trial 714: Cell 1 (Static) = 0.007116 | Cell 2 (Plastic) = 0.007354
Trial: 715, Time:37.840s
Trial 715: Cell 1 (Static) = 0.007137 | Cell 2 (Plastic) = 0.007332
Trial: 716, Time:38.062s
Trial 716: Cell 1 (Static) = 0.007158 | Cell 2 (Plastic) = 0.007310
Trial: 717, Time:38.014s
Trial 717: Cell 1 (Static) = 0.007180 | Cell 2 (Plastic) = 0.007288
Trial: 718, Time:37.798s
Trial 718: Cell 1 (Static) = 0.007201 | Cell 2 (Plastic) = 0.007266
Trial: 719, Time:37.751s
Trial 719: Cell 1 (Static) = 0.007223 | Cell 2 (Plastic) = 0.007245
Trial: 720, Time:37.717s
Trial 720: Cell 1 (Static) = 0.007201 | Cell 2 (Plastic) = 0.007223
Trial: 721, Time:37.894s
Trial 721: Cell 1 (Static) = 0.007180 | Cell 2 (Plastic) = 0.007201
Trial: 722, Time:37.804s
Trial 722: Cell 1 (Static) = 0.007201 | Cell 2 (Plastic) = 0.007180
Trial: 723, Time:38.053s
Trial 723: Cell 1 (Static) = 0.007223 | Cell 2 (Plastic) = 0.007158
Trial: 724, Time:37.887s
Trial 724: Cell 1 (Static) = 0.007201 | Cell 2 (Plastic) = 0.007137
Trial: 725, Time:37.695s
Trial 725: Cell 1 (Static) = 0.007180 | Cell 2 (Plastic) = 0.007116
Trial: 726, Time:37.668s
Trial 726: Cell 1 (Static) = 0.007201 | Cell 2 (Plastic) = 0.007094
Trial: 727, Time:37.673s
Trial 727: Cell 1 (Static) = 0.007223 | Cell 2 (Plastic) = 0.007073
Trial: 728, Time:37.624s
Trial 728: Cell 1 (Static) = 0.007201 | Cell 2 (Plastic) = 0.007052
Trial: 729, Time:37.517s
Trial 729: Cell 1 (Static) = 0.007180 | Cell 2 (Plastic) = 0.007031
Trial: 730, Time:37.837s
Trial 730: Cell 1 (Static) = 0.007158 | Cell 2 (Plastic) = 0.007010
Trial: 731, Time:38.010s
Trial 731: Cell 1 (Static) = 0.007180 | Cell 2 (Plastic) = 0.006989
Trial: 732, Time:37.720s
Trial 732: Cell 1 (Static) = 0.007201 | Cell 2 (Plastic) = 0.006968
Trial: 733, Time:37.492s
Trial 733: Cell 1 (Static) = 0.007223 | Cell 2 (Plastic) = 0.006989
Trial: 734, Time:38.059s
Trial 734: Cell 1 (Static) = 0.007201 | Cell 2 (Plastic) = 0.007010
Trial: 735, Time:37.727s
Trial 735: Cell 1 (Static) = 0.007180 | Cell 2 (Plastic) = 0.007031
Trial: 736, Time:37.617s
Trial 736: Cell 1 (Static) = 0.007158 | Cell 2 (Plastic) = 0.007010
Trial: 737, Time:37.451s
Trial 737: Cell 1 (Static) = 0.007137 | Cell 2 (Plastic) = 0.006989
Trial: 738, Time:37.535s
Trial 738: Cell 1 (Static) = 0.007116 | Cell 2 (Plastic) = 0.006968
Trial: 739, Time:37.456s
Trial 739: Cell 1 (Static) = 0.007137 | Cell 2 (Plastic) = 0.006947
Trial: 740, Time:37.385s
Trial 740: Cell 1 (Static) = 0.007158 | Cell 2 (Plastic) = 0.006968
Trial: 741, Time:37.708s
Trial 741: Cell 1 (Static) = 0.007180 | Cell 2 (Plastic) = 0.006947
Trial: 742, Time:37.474s
Trial 742: Cell 1 (Static) = 0.007158 | Cell 2 (Plastic) = 0.006926
Trial: 743, Time:37.664s
Trial 743: Cell 1 (Static) = 0.007137 | Cell 2 (Plastic) = 0.006906
Trial: 744, Time:37.720s
Trial 744: Cell 1 (Static) = 0.007158 | Cell 2 (Plastic) = 0.006926
Trial: 745, Time:37.790s
Trial 745: Cell 1 (Static) = 0.007180 | Cell 2 (Plastic) = 0.006947
Trial: 746, Time:37.790s
Trial 746: Cell 1 (Static) = 0.007201 | Cell 2 (Plastic) = 0.006968
Trial: 747, Time:37.723s
Trial 747: Cell 1 (Static) = 0.007223 | Cell 2 (Plastic) = 0.006989
Trial: 748, Time:37.512s
Trial 748: Cell 1 (Static) = 0.007245 | Cell 2 (Plastic) = 0.007010
Trial: 749, Time:37.417s
Trial 749: Cell 1 (Static) = 0.007223 | Cell 2 (Plastic) = 0.006989
Trial: 750, Time:37.654s
Trial 750: Cell 1 (Static) = 0.007201 | Cell 2 (Plastic) = 0.006968
Trial: 751, Time:37.628s
Trial 751: Cell 1 (Static) = 0.007180 | Cell 2 (Plastic) = 0.006989
Trial: 752, Time:40.005s
Trial 752: Cell 1 (Static) = 0.007158 | Cell 2 (Plastic) = 0.007010
Trial: 753, Time:39.865s
Trial 753: Cell 1 (Static) = 0.007137 | Cell 2 (Plastic) = 0.007031
Trial: 754, Time:39.731s
Trial 754: Cell 1 (Static) = 0.007116 | Cell 2 (Plastic) = 0.007052
Trial: 755, Time:39.459s
Trial 755: Cell 1 (Static) = 0.007094 | Cell 2 (Plastic) = 0.007073
Trial: 756, Time:39.609s
Trial 756: Cell 1 (Static) = 0.007073 | Cell 2 (Plastic) = 0.007052
Trial: 757, Time:39.252s
Trial 757: Cell 1 (Static) = 0.007052 | Cell 2 (Plastic) = 0.007073
Trial: 758, Time:39.269s
Trial 758: Cell 1 (Static) = 0.007031 | Cell 2 (Plastic) = 0.007052
Trial: 759, Time:39.144s
Trial 759: Cell 1 (Static) = 0.007010 | Cell 2 (Plastic) = 0.007073
Trial: 760, Time:39.139s
Trial 760: Cell 1 (Static) = 0.006989 | Cell 2 (Plastic) = 0.007052
Trial: 761, Time:38.981s
Trial 761: Cell 1 (Static) = 0.006968 | Cell 2 (Plastic) = 0.007031
Trial: 762, Time:38.899s
Trial 762: Cell 1 (Static) = 0.006947 | Cell 2 (Plastic) = 0.007010
Trial: 763, Time:39.183s
Trial 763: Cell 1 (Static) = 0.006926 | Cell 2 (Plastic) = 0.006989
Trial: 764, Time:38.602s
Trial 764: Cell 1 (Static) = 0.006947 | Cell 2 (Plastic) = 0.006968
Trial: 765, Time:38.616s
Trial 765: Cell 1 (Static) = 0.006926 | Cell 2 (Plastic) = 0.006947
Trial: 766, Time:38.465s
Trial 766: Cell 1 (Static) = 0.006906 | Cell 2 (Plastic) = 0.006926
Trial: 767, Time:38.339s
Trial 767: Cell 1 (Static) = 0.006885 | Cell 2 (Plastic) = 0.006906
Trial: 768, Time:38.244s
Trial 768: Cell 1 (Static) = 0.006864 | Cell 2 (Plastic) = 0.006885
Trial: 769, Time:38.711s
Trial 769: Cell 1 (Static) = 0.006885 | Cell 2 (Plastic) = 0.006906
Trial: 770, Time:38.615s
Trial 770: Cell 1 (Static) = 0.006906 | Cell 2 (Plastic) = 0.006926
Trial: 771, Time:38.731s
Trial 771: Cell 1 (Static) = 0.006926 | Cell 2 (Plastic) = 0.006906
Trial: 772, Time:38.315s
Trial 772: Cell 1 (Static) = 0.006906 | Cell 2 (Plastic) = 0.006906
Trial: 773, Time:38.436s
Trial 773: Cell 1 (Static) = 0.006885 | Cell 2 (Plastic) = 0.006926
Trial: 774, Time:38.448s
Trial 774: Cell 1 (Static) = 0.006864 | Cell 2 (Plastic) = 0.006906
Trial: 775, Time:38.538s
Trial 775: Cell 1 (Static) = 0.006844 | Cell 2 (Plastic) = 0.006885
Trial: 776, Time:38.333s
Trial 776: Cell 1 (Static) = 0.006823 | Cell 2 (Plastic) = 0.006864
Trial: 777, Time:38.450s
Trial 777: Cell 1 (Static) = 0.006844 | Cell 2 (Plastic) = 0.006844
Trial: 778, Time:38.316s
Trial 778: Cell 1 (Static) = 0.006864 | Cell 2 (Plastic) = 0.006864
Trial: 779, Time:38.317s
Trial 779: Cell 1 (Static) = 0.006885 | Cell 2 (Plastic) = 0.006885
Trial: 780, Time:38.453s
Trial 780: Cell 1 (Static) = 0.006864 | Cell 2 (Plastic) = 0.006906
Trial: 781, Time:38.502s
Trial 781: Cell 1 (Static) = 0.006844 | Cell 2 (Plastic) = 0.006926
Trial: 782, Time:38.345s
Trial 782: Cell 1 (Static) = 0.006823 | Cell 2 (Plastic) = 0.006906
Trial: 783, Time:38.213s
Trial 783: Cell 1 (Static) = 0.006803 | Cell 2 (Plastic) = 0.006885
Trial: 784, Time:38.567s
Trial 784: Cell 1 (Static) = 0.006783 | Cell 2 (Plastic) = 0.006864
Trial: 785, Time:38.313s
Trial 785: Cell 1 (Static) = 0.006762 | Cell 2 (Plastic) = 0.006885
Trial: 786, Time:38.235s
Trial 786: Cell 1 (Static) = 0.006742 | Cell 2 (Plastic) = 0.006906
Trial: 787, Time:38.242s
Trial 787: Cell 1 (Static) = 0.006762 | Cell 2 (Plastic) = 0.006926
Trial: 788, Time:38.458s
Trial 788: Cell 1 (Static) = 0.006783 | Cell 2 (Plastic) = 0.006947
Trial: 789, Time:38.517s
Trial 789: Cell 1 (Static) = 0.006803 | Cell 2 (Plastic) = 0.006926
Trial: 790, Time:38.393s
Trial 790: Cell 1 (Static) = 0.006783 | Cell 2 (Plastic) = 0.006947
Trial: 791, Time:38.456s
Trial 791: Cell 1 (Static) = 0.006803 | Cell 2 (Plastic) = 0.006926
Trial: 792, Time:38.173s
Trial 792: Cell 1 (Static) = 0.006783 | Cell 2 (Plastic) = 0.006906
Trial: 793, Time:38.182s
Trial 793: Cell 1 (Static) = 0.006803 | Cell 2 (Plastic) = 0.006885
Trial: 794, Time:38.214s
Trial 794: Cell 1 (Static) = 0.006783 | Cell 2 (Plastic) = 0.006864
Trial: 795, Time:38.392s
Trial 795: Cell 1 (Static) = 0.006803 | Cell 2 (Plastic) = 0.006885
Trial: 796, Time:38.440s
Trial 796: Cell 1 (Static) = 0.006783 | Cell 2 (Plastic) = 0.006864
Trial: 797, Time:38.166s
Trial 797: Cell 1 (Static) = 0.006803 | Cell 2 (Plastic) = 0.006885
Trial: 798, Time:38.232s
Trial 798: Cell 1 (Static) = 0.006823 | Cell 2 (Plastic) = 0.006906
Trial: 799, Time:38.094s
Trial 799: Cell 1 (Static) = 0.006803 | Cell 2 (Plastic) = 0.006885
Trial: 800, Time:37.989s
Trial 800: Cell 1 (Static) = 0.006783 | Cell 2 (Plastic) = 0.006906
Trial: 801, Time:38.020s
Trial 801: Cell 1 (Static) = 0.006803 | Cell 2 (Plastic) = 0.006906
Trial: 802, Time:40.171s
Trial 802: Cell 1 (Static) = 0.006823 | Cell 2 (Plastic) = 0.006926
Trial: 803, Time:39.903s
Trial 803: Cell 1 (Static) = 0.006844 | Cell 2 (Plastic) = 0.006947
Trial: 804, Time:39.749s
Trial 804: Cell 1 (Static) = 0.006864 | Cell 2 (Plastic) = 0.006926
Trial: 805, Time:39.561s
Trial 805: Cell 1 (Static) = 0.006885 | Cell 2 (Plastic) = 0.006947
Trial: 806, Time:39.450s
Trial 806: Cell 1 (Static) = 0.006906 | Cell 2 (Plastic) = 0.006968
Trial: 807, Time:39.459s
Trial 807: Cell 1 (Static) = 0.006926 | Cell 2 (Plastic) = 0.006947
Trial: 808, Time:39.171s
Trial 808: Cell 1 (Static) = 0.006947 | Cell 2 (Plastic) = 0.006926
Trial: 809, Time:39.148s
Trial 809: Cell 1 (Static) = 0.006968 | Cell 2 (Plastic) = 0.006906
Trial: 810, Time:39.076s
Trial 810: Cell 1 (Static) = 0.006989 | Cell 2 (Plastic) = 0.006885
Trial: 811, Time:38.968s
Trial 811: Cell 1 (Static) = 0.007010 | Cell 2 (Plastic) = 0.006864
Trial: 812, Time:38.816s
Trial 812: Cell 1 (Static) = 0.007031 | Cell 2 (Plastic) = 0.006844
Trial: 813, Time:38.845s
Trial 813: Cell 1 (Static) = 0.007052 | Cell 2 (Plastic) = 0.006864
Trial: 814, Time:38.757s
Trial 814: Cell 1 (Static) = 0.007073 | Cell 2 (Plastic) = 0.006844
Trial: 815, Time:39.137s
Trial 815: Cell 1 (Static) = 0.007094 | Cell 2 (Plastic) = 0.006823
Trial: 816, Time:39.041s
Trial 816: Cell 1 (Static) = 0.007116 | Cell 2 (Plastic) = 0.006844
Trial: 817, Time:38.562s
Trial 817: Cell 1 (Static) = 0.007137 | Cell 2 (Plastic) = 0.006864
Trial: 818, Time:38.538s
Trial 818: Cell 1 (Static) = 0.007158 | Cell 2 (Plastic) = 0.006885
Trial: 819, Time:38.467s
Trial 819: Cell 1 (Static) = 0.007180 | Cell 2 (Plastic) = 0.006864
Trial: 820, Time:38.452s
Trial 820: Cell 1 (Static) = 0.007158 | Cell 2 (Plastic) = 0.006844
Trial: 821, Time:38.393s
Trial 821: Cell 1 (Static) = 0.007137 | Cell 2 (Plastic) = 0.006823
Trial: 822, Time:38.251s
Trial 822: Cell 1 (Static) = 0.007158 | Cell 2 (Plastic) = 0.006803
Trial: 823, Time:38.717s
Trial 823: Cell 1 (Static) = 0.007180 | Cell 2 (Plastic) = 0.006823
Trial: 824, Time:38.503s
Trial 824: Cell 1 (Static) = 0.007201 | Cell 2 (Plastic) = 0.006844
Trial: 825, Time:38.693s
Trial 825: Cell 1 (Static) = 0.007223 | Cell 2 (Plastic) = 0.006864
Trial: 826, Time:38.467s
Trial 826: Cell 1 (Static) = 0.007245 | Cell 2 (Plastic) = 0.006844
Trial: 827, Time:38.562s
Trial 827: Cell 1 (Static) = 0.007223 | Cell 2 (Plastic) = 0.006823
Trial: 828, Time:38.416s
Trial 828: Cell 1 (Static) = 0.007201 | Cell 2 (Plastic) = 0.006803
Trial: 829, Time:38.324s
Trial 829: Cell 1 (Static) = 0.007180 | Cell 2 (Plastic) = 0.006783
Trial: 830, Time:38.457s
Trial 830: Cell 1 (Static) = 0.007201 | Cell 2 (Plastic) = 0.006762
Trial: 831, Time:38.503s
Trial 831: Cell 1 (Static) = 0.007223 | Cell 2 (Plastic) = 0.006742
Trial: 832, Time:38.468s
Trial 832: Cell 1 (Static) = 0.007245 | Cell 2 (Plastic) = 0.006722
Trial: 833, Time:38.244s
Trial 833: Cell 1 (Static) = 0.007266 | Cell 2 (Plastic) = 0.006742
Trial: 834, Time:38.594s
Trial 834: Cell 1 (Static) = 0.007288 | Cell 2 (Plastic) = 0.006762
Trial: 835, Time:38.510s
Trial 835: Cell 1 (Static) = 0.007310 | Cell 2 (Plastic) = 0.006742
Trial: 836, Time:38.374s
Trial 836: Cell 1 (Static) = 0.007288 | Cell 2 (Plastic) = 0.006722
Trial: 837, Time:38.403s
Trial 837: Cell 1 (Static) = 0.007266 | Cell 2 (Plastic) = 0.006702
Trial: 838, Time:38.345s
Trial 838: Cell 1 (Static) = 0.007245 | Cell 2 (Plastic) = 0.006722
Trial: 839, Time:38.457s
Trial 839: Cell 1 (Static) = 0.007223 | Cell 2 (Plastic) = 0.006702
Trial: 840, Time:38.199s
Trial 840: Cell 1 (Static) = 0.007201 | Cell 2 (Plastic) = 0.006682
Trial: 841, Time:38.167s
Trial 841: Cell 1 (Static) = 0.007180 | Cell 2 (Plastic) = 0.006662
Trial: 842, Time:38.113s
Trial 842: Cell 1 (Static) = 0.007201 | Cell 2 (Plastic) = 0.006682
Trial: 843, Time:38.344s
Trial 843: Cell 1 (Static) = 0.007223 | Cell 2 (Plastic) = 0.006702
Trial: 844, Time:38.200s
Trial 844: Cell 1 (Static) = 0.007245 | Cell 2 (Plastic) = 0.006722
Trial: 845, Time:38.203s
Trial 845: Cell 1 (Static) = 0.007223 | Cell 2 (Plastic) = 0.006702
Trial: 846, Time:38.301s
Trial 846: Cell 1 (Static) = 0.007201 | Cell 2 (Plastic) = 0.006682
Trial: 847, Time:38.417s
Trial 847: Cell 1 (Static) = 0.007180 | Cell 2 (Plastic) = 0.006662
Trial: 848, Time:38.630s
Trial 848: Cell 1 (Static) = 0.007158 | Cell 2 (Plastic) = 0.006642
Trial: 849, Time:38.291s
Trial 849: Cell 1 (Static) = 0.007137 | Cell 2 (Plastic) = 0.006622
Trial: 850, Time:38.213s
Trial 850: Cell 1 (Static) = 0.007116 | Cell 2 (Plastic) = 0.006642
Trial: 851, Time:38.412s
Trial 851: Cell 1 (Static) = 0.007137 | Cell 2 (Plastic) = 0.006662
Trial: 852, Time:41.022s
Trial 852: Cell 1 (Static) = 0.007158 | Cell 2 (Plastic) = 0.006642
Trial: 853, Time:40.651s
Trial 853: Cell 1 (Static) = 0.007180 | Cell 2 (Plastic) = 0.006622
Trial: 854, Time:40.583s
Trial 854: Cell 1 (Static) = 0.007201 | Cell 2 (Plastic) = 0.006602
Trial: 855, Time:40.316s
Trial 855: Cell 1 (Static) = 0.007223 | Cell 2 (Plastic) = 0.006622
Trial: 856, Time:40.530s
Trial 856: Cell 1 (Static) = 0.007245 | Cell 2 (Plastic) = 0.006602
Trial: 857, Time:40.178s
Trial 857: Cell 1 (Static) = 0.007266 | Cell 2 (Plastic) = 0.006582
Trial: 858, Time:39.973s
Trial 858: Cell 1 (Static) = 0.007288 | Cell 2 (Plastic) = 0.006602
Trial: 859, Time:39.948s
Trial 859: Cell 1 (Static) = 0.007310 | Cell 2 (Plastic) = 0.006622
Trial: 860, Time:39.777s
Trial 860: Cell 1 (Static) = 0.007332 | Cell 2 (Plastic) = 0.006602
Trial: 861, Time:39.510s
Trial 861: Cell 1 (Static) = 0.007354 | Cell 2 (Plastic) = 0.006622
Trial: 862, Time:39.494s
Trial 862: Cell 1 (Static) = 0.007376 | Cell 2 (Plastic) = 0.006642
Trial: 863, Time:39.478s
Trial 863: Cell 1 (Static) = 0.007398 | Cell 2 (Plastic) = 0.006622
Trial: 864, Time:39.626s
Trial 864: Cell 1 (Static) = 0.007420 | Cell 2 (Plastic) = 0.006602
Trial: 865, Time:39.496s
Trial 865: Cell 1 (Static) = 0.007443 | Cell 2 (Plastic) = 0.006582
Trial: 866, Time:39.237s
Trial 866: Cell 1 (Static) = 0.007420 | Cell 2 (Plastic) = 0.006602
Trial: 867, Time:39.370s
Trial 867: Cell 1 (Static) = 0.007443 | Cell 2 (Plastic) = 0.006582
Trial: 868, Time:39.001s
Trial 868: Cell 1 (Static) = 0.007465 | Cell 2 (Plastic) = 0.006563
Trial: 869, Time:39.168s
Trial 869: Cell 1 (Static) = 0.007443 | Cell 2 (Plastic) = 0.006582
Trial: 870, Time:39.012s
Trial 870: Cell 1 (Static) = 0.007420 | Cell 2 (Plastic) = 0.006602
Trial: 871, Time:39.084s
Trial 871: Cell 1 (Static) = 0.007420 | Cell 2 (Plastic) = 0.006622
Trial: 872, Time:38.918s
Trial 872: Cell 1 (Static) = 0.007398 | Cell 2 (Plastic) = 0.006602
Trial: 873, Time:38.848s
Trial 873: Cell 1 (Static) = 0.007376 | Cell 2 (Plastic) = 0.006582
Trial: 874, Time:38.803s
Trial 874: Cell 1 (Static) = 0.007354 | Cell 2 (Plastic) = 0.006563
Trial: 875, Time:38.797s
Trial 875: Cell 1 (Static) = 0.007332 | Cell 2 (Plastic) = 0.006543
Trial: 876, Time:38.850s
Trial 876: Cell 1 (Static) = 0.007354 | Cell 2 (Plastic) = 0.006524
Trial: 877, Time:38.888s
Trial 877: Cell 1 (Static) = 0.007332 | Cell 2 (Plastic) = 0.006504
Trial: 878, Time:39.027s
Trial 878: Cell 1 (Static) = 0.007310 | Cell 2 (Plastic) = 0.006524
Trial: 879, Time:39.199s
Trial 879: Cell 1 (Static) = 0.007288 | Cell 2 (Plastic) = 0.006543
Trial: 880, Time:38.916s
Trial 880: Cell 1 (Static) = 0.007266 | Cell 2 (Plastic) = 0.006563
Trial: 881, Time:38.951s
Trial 881: Cell 1 (Static) = 0.007245 | Cell 2 (Plastic) = 0.006543
Trial: 882, Time:38.846s
Trial 882: Cell 1 (Static) = 0.007266 | Cell 2 (Plastic) = 0.006524
Trial: 883, Time:38.784s
Trial 883: Cell 1 (Static) = 0.007288 | Cell 2 (Plastic) = 0.006504
Trial: 884, Time:39.008s
Trial 884: Cell 1 (Static) = 0.007266 | Cell 2 (Plastic) = 0.006485
Trial: 885, Time:39.073s
Trial 885: Cell 1 (Static) = 0.007288 | Cell 2 (Plastic) = 0.006465
Trial: 886, Time:38.955s
Trial 886: Cell 1 (Static) = 0.007266 | Cell 2 (Plastic) = 0.006485
Trial: 887, Time:38.850s
Trial 887: Cell 1 (Static) = 0.007245 | Cell 2 (Plastic) = 0.006504
Trial: 888, Time:38.811s
Trial 888: Cell 1 (Static) = 0.007223 | Cell 2 (Plastic) = 0.006524
Trial: 889, Time:38.873s
Trial 889: Cell 1 (Static) = 0.007245 | Cell 2 (Plastic) = 0.006543
Trial: 890, Time:38.776s
Trial 890: Cell 1 (Static) = 0.007266 | Cell 2 (Plastic) = 0.006524
Trial: 891, Time:38.807s
Trial 891: Cell 1 (Static) = 0.007288 | Cell 2 (Plastic) = 0.006504
Trial: 892, Time:38.831s
Trial 892: Cell 1 (Static) = 0.007310 | Cell 2 (Plastic) = 0.006485
Trial: 893, Time:38.818s
Trial 893: Cell 1 (Static) = 0.007288 | Cell 2 (Plastic) = 0.006504
Trial: 894, Time:38.960s
Trial 894: Cell 1 (Static) = 0.007266 | Cell 2 (Plastic) = 0.006524
Trial: 895, Time:38.681s
Trial 895: Cell 1 (Static) = 0.007245 | Cell 2 (Plastic) = 0.006504
Trial: 896, Time:38.449s
Trial 896: Cell 1 (Static) = 0.007266 | Cell 2 (Plastic) = 0.006485
Trial: 897, Time:38.809s
Trial 897: Cell 1 (Static) = 0.007288 | Cell 2 (Plastic) = 0.006465
Trial: 898, Time:38.950s
Trial 898: Cell 1 (Static) = 0.007310 | Cell 2 (Plastic) = 0.006485
Trial: 899, Time:38.789s
Trial 899: Cell 1 (Static) = 0.007332 | Cell 2 (Plastic) = 0.006504
Trial: 900, Time:38.738s
Trial 900: Cell 1 (Static) = 0.007332 | Cell 2 (Plastic) = 0.006524
Trial: 901, Time:38.890s
Trial 901: Cell 1 (Static) = 0.007310 | Cell 2 (Plastic) = 0.006543
Trial: 902, Time:39.858s
Trial 902: Cell 1 (Static) = 0.007332 | Cell 2 (Plastic) = 0.006563
Trial: 903, Time:40.031s
Trial 903: Cell 1 (Static) = 0.007310 | Cell 2 (Plastic) = 0.006582
Trial: 904, Time:39.635s
Trial 904: Cell 1 (Static) = 0.007288 | Cell 2 (Plastic) = 0.006602
Trial: 905, Time:39.990s
Trial 905: Cell 1 (Static) = 0.007310 | Cell 2 (Plastic) = 0.006622
Trial: 906, Time:39.361s
Trial 906: Cell 1 (Static) = 0.007288 | Cell 2 (Plastic) = 0.006642
Trial: 907, Time:39.175s
Trial 907: Cell 1 (Static) = 0.007266 | Cell 2 (Plastic) = 0.006662
Trial: 908, Time:39.174s
Trial 908: Cell 1 (Static) = 0.007288 | Cell 2 (Plastic) = 0.006682
Trial: 909, Time:39.118s
Trial 909: Cell 1 (Static) = 0.007266 | Cell 2 (Plastic) = 0.006702
Trial: 910, Time:38.754s
Trial 910: Cell 1 (Static) = 0.007245 | Cell 2 (Plastic) = 0.006722
Trial: 911, Time:38.679s
Trial 911: Cell 1 (Static) = 0.007223 | Cell 2 (Plastic) = 0.006742
Trial: 912, Time:38.932s
Trial 912: Cell 1 (Static) = 0.007245 | Cell 2 (Plastic) = 0.006762
Trial: 913, Time:38.857s
Trial 913: Cell 1 (Static) = 0.007266 | Cell 2 (Plastic) = 0.006783
Trial: 914, Time:38.848s
Trial 914: Cell 1 (Static) = 0.007245 | Cell 2 (Plastic) = 0.006803
Trial: 915, Time:38.818s
Trial 915: Cell 1 (Static) = 0.007266 | Cell 2 (Plastic) = 0.006823
Trial: 916, Time:38.537s
Trial 916: Cell 1 (Static) = 0.007245 | Cell 2 (Plastic) = 0.006803
Trial: 917, Time:38.247s
Trial 917: Cell 1 (Static) = 0.007223 | Cell 2 (Plastic) = 0.006783
Trial: 918, Time:38.453s
Trial 918: Cell 1 (Static) = 0.007201 | Cell 2 (Plastic) = 0.006762
Trial: 919, Time:38.699s
Trial 919: Cell 1 (Static) = 0.007180 | Cell 2 (Plastic) = 0.006742
Trial: 920, Time:38.485s
Trial 920: Cell 1 (Static) = 0.007158 | Cell 2 (Plastic) = 0.006762
Trial: 921, Time:38.481s
Trial 921: Cell 1 (Static) = 0.007180 | Cell 2 (Plastic) = 0.006783
Trial: 922, Time:38.478s
Trial 922: Cell 1 (Static) = 0.007158 | Cell 2 (Plastic) = 0.006803
Trial: 923, Time:38.608s
Trial 923: Cell 1 (Static) = 0.007137 | Cell 2 (Plastic) = 0.006823
Trial: 924, Time:38.606s
Trial 924: Cell 1 (Static) = 0.007116 | Cell 2 (Plastic) = 0.006844
Trial: 925, Time:38.719s
Trial 925: Cell 1 (Static) = 0.007094 | Cell 2 (Plastic) = 0.006864
Trial: 926, Time:38.304s
Trial 926: Cell 1 (Static) = 0.007073 | Cell 2 (Plastic) = 0.006844
Trial: 927, Time:38.236s
Trial 927: Cell 1 (Static) = 0.007052 | Cell 2 (Plastic) = 0.006823
Trial: 928, Time:38.712s
Trial 928: Cell 1 (Static) = 0.007031 | Cell 2 (Plastic) = 0.006803
Trial: 929, Time:38.479s
Trial 929: Cell 1 (Static) = 0.007010 | Cell 2 (Plastic) = 0.006783
Trial: 930, Time:38.428s
Trial 930: Cell 1 (Static) = 0.007031 | Cell 2 (Plastic) = 0.006762
Trial: 931, Time:38.293s
Trial 931: Cell 1 (Static) = 0.007052 | Cell 2 (Plastic) = 0.006783
Trial: 932, Time:38.327s
Trial 932: Cell 1 (Static) = 0.007031 | Cell 2 (Plastic) = 0.006803
Trial: 933, Time:38.286s
Trial 933: Cell 1 (Static) = 0.007010 | Cell 2 (Plastic) = 0.006783
Trial: 934, Time:38.316s
Trial 934: Cell 1 (Static) = 0.006989 | Cell 2 (Plastic) = 0.006762
Trial: 935, Time:38.502s
Trial 935: Cell 1 (Static) = 0.006968 | Cell 2 (Plastic) = 0.006742
Trial: 936, Time:38.301s
Trial 936: Cell 1 (Static) = 0.006947 | Cell 2 (Plastic) = 0.006722
Trial: 937, Time:38.521s
Trial 937: Cell 1 (Static) = 0.006926 | Cell 2 (Plastic) = 0.006702
Trial: 938, Time:38.330s
Trial 938: Cell 1 (Static) = 0.006906 | Cell 2 (Plastic) = 0.006722
Trial: 939, Time:38.342s
Trial 939: Cell 1 (Static) = 0.006885 | Cell 2 (Plastic) = 0.006742
Trial: 940, Time:38.378s
Trial 940: Cell 1 (Static) = 0.006906 | Cell 2 (Plastic) = 0.006762
Trial: 941, Time:38.182s
Trial 941: Cell 1 (Static) = 0.006926 | Cell 2 (Plastic) = 0.006742
Trial: 942, Time:38.300s
Trial 942: Cell 1 (Static) = 0.006947 | Cell 2 (Plastic) = 0.006722
Trial: 943, Time:38.323s
Trial 943: Cell 1 (Static) = 0.006926 | Cell 2 (Plastic) = 0.006702
Trial: 944, Time:38.556s
Trial 944: Cell 1 (Static) = 0.006906 | Cell 2 (Plastic) = 0.006682
Trial: 945, Time:38.646s
Trial 945: Cell 1 (Static) = 0.006885 | Cell 2 (Plastic) = 0.006662
Trial: 946, Time:38.521s
Trial 946: Cell 1 (Static) = 0.006864 | Cell 2 (Plastic) = 0.006642
Trial: 947, Time:38.394s
Trial 947: Cell 1 (Static) = 0.006844 | Cell 2 (Plastic) = 0.006622
Trial: 948, Time:38.524s
Trial 948: Cell 1 (Static) = 0.006823 | Cell 2 (Plastic) = 0.006642
Trial: 949, Time:38.344s
Trial 949: Cell 1 (Static) = 0.006803 | Cell 2 (Plastic) = 0.006662
Trial: 950, Time:38.414s
Trial 950: Cell 1 (Static) = 0.006783 | Cell 2 (Plastic) = 0.006682
Trial: 951, Time:38.712s
Trial 951: Cell 1 (Static) = 0.006803 | Cell 2 (Plastic) = 0.006702
Trial: 952, Time:40.041s
Trial 952: Cell 1 (Static) = 0.006823 | Cell 2 (Plastic) = 0.006722
Trial: 953, Time:40.012s
Trial 953: Cell 1 (Static) = 0.006844 | Cell 2 (Plastic) = 0.006742
Trial: 954, Time:39.776s
Trial 954: Cell 1 (Static) = 0.006864 | Cell 2 (Plastic) = 0.006762
Trial: 955, Time:39.754s
Trial 955: Cell 1 (Static) = 0.006885 | Cell 2 (Plastic) = 0.006783
Trial: 956, Time:39.469s
Trial 956: Cell 1 (Static) = 0.006906 | Cell 2 (Plastic) = 0.006803
Trial: 957, Time:39.386s
Trial 957: Cell 1 (Static) = 0.006926 | Cell 2 (Plastic) = 0.006823
Trial: 958, Time:39.377s
Trial 958: Cell 1 (Static) = 0.006906 | Cell 2 (Plastic) = 0.006844
Trial: 959, Time:39.346s
Trial 959: Cell 1 (Static) = 0.006885 | Cell 2 (Plastic) = 0.006864
Trial: 960, Time:39.135s
Trial 960: Cell 1 (Static) = 0.006906 | Cell 2 (Plastic) = 0.006885
Trial: 961, Time:39.030s
Trial 961: Cell 1 (Static) = 0.006885 | Cell 2 (Plastic) = 0.006906
Trial: 962, Time:38.891s
Trial 962: Cell 1 (Static) = 0.006906 | Cell 2 (Plastic) = 0.006926
Trial: 963, Time:38.786s
Trial 963: Cell 1 (Static) = 0.006926 | Cell 2 (Plastic) = 0.006906
Trial: 964, Time:38.994s
Trial 964: Cell 1 (Static) = 0.006947 | Cell 2 (Plastic) = 0.006885
Trial: 965, Time:38.731s
Trial 965: Cell 1 (Static) = 0.006926 | Cell 2 (Plastic) = 0.006864
Trial: 966, Time:38.667s
Trial 966: Cell 1 (Static) = 0.006906 | Cell 2 (Plastic) = 0.006885
Trial: 967, Time:38.745s
Trial 967: Cell 1 (Static) = 0.006926 | Cell 2 (Plastic) = 0.006906
Trial: 968, Time:38.548s
Trial 968: Cell 1 (Static) = 0.006906 | Cell 2 (Plastic) = 0.006926
Trial: 969, Time:38.626s
Trial 969: Cell 1 (Static) = 0.006926 | Cell 2 (Plastic) = 0.006947
Trial: 970, Time:38.696s
Trial 970: Cell 1 (Static) = 0.006947 | Cell 2 (Plastic) = 0.006926
Trial: 971, Time:38.517s
Trial 971: Cell 1 (Static) = 0.006968 | Cell 2 (Plastic) = 0.006906
Trial: 972, Time:38.680s
Trial 972: Cell 1 (Static) = 0.006989 | Cell 2 (Plastic) = 0.006885
Trial: 973, Time:38.513s
Trial 973: Cell 1 (Static) = 0.006968 | Cell 2 (Plastic) = 0.006906
Trial: 974, Time:38.353s
Trial 974: Cell 1 (Static) = 0.006947 | Cell 2 (Plastic) = 0.006926
Trial: 975, Time:38.420s
Trial 975: Cell 1 (Static) = 0.006926 | Cell 2 (Plastic) = 0.006947
Trial: 976, Time:38.579s
Trial 976: Cell 1 (Static) = 0.006947 | Cell 2 (Plastic) = 0.006968
Trial: 977, Time:38.357s
Trial 977: Cell 1 (Static) = 0.006968 | Cell 2 (Plastic) = 0.006989
Trial: 978, Time:38.246s
Trial 978: Cell 1 (Static) = 0.006989 | Cell 2 (Plastic) = 0.007010
Trial: 979, Time:38.235s
Trial 979: Cell 1 (Static) = 0.007010 | Cell 2 (Plastic) = 0.006989
Trial: 980, Time:38.310s
Trial 980: Cell 1 (Static) = 0.007031 | Cell 2 (Plastic) = 0.006968
Trial: 981, Time:38.300s
Trial 981: Cell 1 (Static) = 0.007052 | Cell 2 (Plastic) = 0.006989
Trial: 982, Time:38.400s
Trial 982: Cell 1 (Static) = 0.007031 | Cell 2 (Plastic) = 0.006968
Trial: 983, Time:38.243s
Trial 983: Cell 1 (Static) = 0.007010 | Cell 2 (Plastic) = 0.006989
Trial: 984, Time:38.291s
Trial 984: Cell 1 (Static) = 0.006989 | Cell 2 (Plastic) = 0.007010
Trial: 985, Time:38.258s
Trial 985: Cell 1 (Static) = 0.006968 | Cell 2 (Plastic) = 0.007031
Trial: 986, Time:38.442s
Trial 986: Cell 1 (Static) = 0.006947 | Cell 2 (Plastic) = 0.007052
Trial: 987, Time:38.382s
Trial 987: Cell 1 (Static) = 0.006968 | Cell 2 (Plastic) = 0.007073
Trial: 988, Time:38.089s
Trial 988: Cell 1 (Static) = 0.006947 | Cell 2 (Plastic) = 0.007052
Trial: 989, Time:38.181s
Trial 989: Cell 1 (Static) = 0.006926 | Cell 2 (Plastic) = 0.007073
Trial: 990, Time:38.249s
Trial 990: Cell 1 (Static) = 0.006947 | Cell 2 (Plastic) = 0.007094
Trial: 991, Time:38.268s
Trial 991: Cell 1 (Static) = 0.006968 | Cell 2 (Plastic) = 0.007116
Trial: 992, Time:38.263s
Trial 992: Cell 1 (Static) = 0.006989 | Cell 2 (Plastic) = 0.007137
Trial: 993, Time:38.228s
Trial 993: Cell 1 (Static) = 0.006989 | Cell 2 (Plastic) = 0.007116
Trial: 994, Time:38.298s
Trial 994: Cell 1 (Static) = 0.006968 | Cell 2 (Plastic) = 0.007094
Trial: 995, Time:38.147s
Trial 995: Cell 1 (Static) = 0.006947 | Cell 2 (Plastic) = 0.007073
Trial: 996, Time:38.222s
Trial 996: Cell 1 (Static) = 0.006926 | Cell 2 (Plastic) = 0.007052
Trial: 997, Time:38.137s
Trial 997: Cell 1 (Static) = 0.006906 | Cell 2 (Plastic) = 0.007031
Trial: 998, Time:38.042s
Trial 998: Cell 1 (Static) = 0.006885 | Cell 2 (Plastic) = 0.007052
Trial: 999, Time:38.171s
Trial 999: Cell 1 (Static) = 0.006906 | Cell 2 (Plastic) = 0.007073
Trial: 1000, Time:38.122s
Raster array saved to '/home/data/einez/homeostat_SS/MFGoGr_SS_shuffleMF50_noCS_yesGoGo_yesgrGo_mfgoplast_grgoplast_gogoplast_allcell_1000_trial/MFGoGr_SS_shuffleMF50_noCS_yesGoGo_yesgrGo_mfgoplast_grgoplast_gogoplast_allcell_1000_trial_GOrasters.npy'
Raster array saved to '/home/data/einez/homeostat_SS/MFGoGr_SS_shuffleMF50_noCS_yesGoGo_yesgrGo_mfgoplast_grgoplast_gogoplast_allcell_1000_trial/MFGoGr_SS_shuffleMF50_noCS_yesGoGo_yesgrGo_mfgoplast_grgoplast_gogoplast_allcell_1000_trial_gogoW.npy'
Raster array saved to '/home/data/einez/homeostat_SS/MFGoGr_SS_shuffleMF50_noCS_yesGoGo_yesgrGo_mfgoplast_grgoplast_gogoplast_allcell_1000_trial/MFGoGr_SS_shuffleMF50_noCS_yesGoGo_yesgrGo_mfgoplast_grgoplast_gogoplast_allcell_1000_trial_grgoW.npy'
Raster array saved to '/home/data/einez/homeostat_SS/MFGoGr_SS_shuffleMF50_noCS_yesGoGo_yesgrGo_mfgoplast_grgoplast_gogoplast_allcell_1000_trial/MFGoGr_SS_shuffleMF50_noCS_yesGoGo_yesgrGo_mfgoplast_grgoplast_gogoplast_allcell_1000_trial_mfgoW.npy'
