nohup: ignoring input
Starting Session for GoGo Conv: 25 W: 0.05 ...
Initializing objects...
Objects initialized.
Loading connectivity arrays...
MFGO Connectivity Array Loaded.
MFGR Connectivity Array Loaded.
GOGR Connectivity Array Loaded.
GRGO Connectivity Array Loaded.
GOGO Connectivity Array Loaded.
Connectivity Arrays Loaded
Trial 0: Cell 1 (Static) = 0.004213 | Cell 2 (Plastic) = 0.004213
Trial: 1, Time:27.181s
Trial 1: Cell 1 (Static) = 0.004225 | Cell 2 (Plastic) = 0.004225
Trial: 2, Time:29.430s
Trial 2: Cell 1 (Static) = 0.004238 | Cell 2 (Plastic) = 0.004238
Trial: 3, Time:29.446s
Trial 3: Cell 1 (Static) = 0.004251 | Cell 2 (Plastic) = 0.004251
Trial: 4, Time:29.297s
Trial 4: Cell 1 (Static) = 0.004263 | Cell 2 (Plastic) = 0.004263
Trial: 5, Time:29.283s
Trial 5: Cell 1 (Static) = 0.004276 | Cell 2 (Plastic) = 0.004276
Trial: 6, Time:28.956s
Trial 6: Cell 1 (Static) = 0.004289 | Cell 2 (Plastic) = 0.004289
Trial: 7, Time:28.977s
Trial 7: Cell 1 (Static) = 0.004302 | Cell 2 (Plastic) = 0.004276
Trial: 8, Time:28.858s
Trial 8: Cell 1 (Static) = 0.004315 | Cell 2 (Plastic) = 0.004289
Trial: 9, Time:28.828s
Trial 9: Cell 1 (Static) = 0.004328 | Cell 2 (Plastic) = 0.004302
Trial: 10, Time:28.352s
Trial 10: Cell 1 (Static) = 0.004341 | Cell 2 (Plastic) = 0.004302
Trial: 11, Time:28.232s
Trial 11: Cell 1 (Static) = 0.004354 | Cell 2 (Plastic) = 0.004315
Trial: 12, Time:28.118s
Trial 12: Cell 1 (Static) = 0.004367 | Cell 2 (Plastic) = 0.004302
Trial: 13, Time:28.222s
Trial 13: Cell 1 (Static) = 0.004380 | Cell 2 (Plastic) = 0.004315
Trial: 14, Time:28.164s
Trial 14: Cell 1 (Static) = 0.004380 | Cell 2 (Plastic) = 0.004302
Trial: 15, Time:28.167s
Trial 15: Cell 1 (Static) = 0.004393 | Cell 2 (Plastic) = 0.004315
Trial: 16, Time:27.692s
Trial 16: Cell 1 (Static) = 0.004406 | Cell 2 (Plastic) = 0.004328
Trial: 17, Time:27.740s
Trial 17: Cell 1 (Static) = 0.004419 | Cell 2 (Plastic) = 0.004328
Trial: 18, Time:27.435s
Trial 18: Cell 1 (Static) = 0.004433 | Cell 2 (Plastic) = 0.004341
Trial: 19, Time:27.505s
Trial 19: Cell 1 (Static) = 0.004446 | Cell 2 (Plastic) = 0.004328
Trial: 20, Time:27.244s
Trial 20: Cell 1 (Static) = 0.004459 | Cell 2 (Plastic) = 0.004315
Trial: 21, Time:27.472s
Trial 21: Cell 1 (Static) = 0.004446 | Cell 2 (Plastic) = 0.004328
Trial: 22, Time:27.422s
Trial 22: Cell 1 (Static) = 0.004459 | Cell 2 (Plastic) = 0.004315
Trial: 23, Time:27.197s
Trial 23: Cell 1 (Static) = 0.004446 | Cell 2 (Plastic) = 0.004328
Trial: 24, Time:27.136s
Trial 24: Cell 1 (Static) = 0.004459 | Cell 2 (Plastic) = 0.004315
Trial: 25, Time:27.226s
Trial 25: Cell 1 (Static) = 0.004473 | Cell 2 (Plastic) = 0.004328
Trial: 26, Time:27.022s
Trial 26: Cell 1 (Static) = 0.004459 | Cell 2 (Plastic) = 0.004315
Trial: 27, Time:27.184s
Trial 27: Cell 1 (Static) = 0.004446 | Cell 2 (Plastic) = 0.004302
Trial: 28, Time:26.781s
Trial 28: Cell 1 (Static) = 0.004433 | Cell 2 (Plastic) = 0.004289
Trial: 29, Time:26.920s
Trial 29: Cell 1 (Static) = 0.004446 | Cell 2 (Plastic) = 0.004302
Trial: 30, Time:26.712s
Trial 30: Cell 1 (Static) = 0.004433 | Cell 2 (Plastic) = 0.004315
Trial: 31, Time:26.748s
Trial 31: Cell 1 (Static) = 0.004446 | Cell 2 (Plastic) = 0.004302
Trial: 32, Time:26.470s
Trial 32: Cell 1 (Static) = 0.004459 | Cell 2 (Plastic) = 0.004315
Trial: 33, Time:26.474s
Trial 33: Cell 1 (Static) = 0.004446 | Cell 2 (Plastic) = 0.004302
Trial: 34, Time:26.222s
Trial 34: Cell 1 (Static) = 0.004459 | Cell 2 (Plastic) = 0.004315
Trial: 35, Time:26.287s
Trial 35: Cell 1 (Static) = 0.004446 | Cell 2 (Plastic) = 0.004302
Trial: 36, Time:26.320s
Trial 36: Cell 1 (Static) = 0.004459 | Cell 2 (Plastic) = 0.004315
Trial: 37, Time:26.691s
Trial 37: Cell 1 (Static) = 0.004446 | Cell 2 (Plastic) = 0.004315
Trial: 38, Time:26.472s
Trial 38: Cell 1 (Static) = 0.004433 | Cell 2 (Plastic) = 0.004302
Trial: 39, Time:26.655s
Trial 39: Cell 1 (Static) = 0.004446 | Cell 2 (Plastic) = 0.004289
Trial: 40, Time:26.412s
Trial 40: Cell 1 (Static) = 0.004433 | Cell 2 (Plastic) = 0.004302
Trial: 41, Time:26.605s
Trial 41: Cell 1 (Static) = 0.004446 | Cell 2 (Plastic) = 0.004315
Trial: 42, Time:26.392s
Trial 42: Cell 1 (Static) = 0.004446 | Cell 2 (Plastic) = 0.004302
Trial: 43, Time:26.465s
Trial 43: Cell 1 (Static) = 0.004433 | Cell 2 (Plastic) = 0.004315
Trial: 44, Time:26.363s
Trial 44: Cell 1 (Static) = 0.004419 | Cell 2 (Plastic) = 0.004328
Trial: 45, Time:26.372s
Trial 45: Cell 1 (Static) = 0.004433 | Cell 2 (Plastic) = 0.004315
Trial: 46, Time:26.305s
Trial 46: Cell 1 (Static) = 0.004446 | Cell 2 (Plastic) = 0.004302
Trial: 47, Time:26.195s
Trial 47: Cell 1 (Static) = 0.004433 | Cell 2 (Plastic) = 0.004289
Trial: 48, Time:26.439s
Trial 48: Cell 1 (Static) = 0.004446 | Cell 2 (Plastic) = 0.004302
Trial: 49, Time:26.686s
Trial 49: Cell 1 (Static) = 0.004433 | Cell 2 (Plastic) = 0.004315
Trial: 50, Time:26.340s
Trial 50: Cell 1 (Static) = 0.004446 | Cell 2 (Plastic) = 0.004328
Trial: 51, Time:26.346s
Trial 51: Cell 1 (Static) = 0.004459 | Cell 2 (Plastic) = 0.004315
Trial: 52, Time:36.138s
Trial 52: Cell 1 (Static) = 0.004473 | Cell 2 (Plastic) = 0.004328
Trial: 53, Time:35.609s
Trial 53: Cell 1 (Static) = 0.004486 | Cell 2 (Plastic) = 0.004341
Trial: 54, Time:35.350s
Trial 54: Cell 1 (Static) = 0.004500 | Cell 2 (Plastic) = 0.004354
Trial: 55, Time:35.333s
Trial 55: Cell 1 (Static) = 0.004513 | Cell 2 (Plastic) = 0.004341
Trial: 56, Time:34.770s
Trial 56: Cell 1 (Static) = 0.004527 | Cell 2 (Plastic) = 0.004354
Trial: 57, Time:34.877s
Trial 57: Cell 1 (Static) = 0.004540 | Cell 2 (Plastic) = 0.004367
Trial: 58, Time:34.471s
Trial 58: Cell 1 (Static) = 0.004554 | Cell 2 (Plastic) = 0.004354
Trial: 59, Time:34.562s
Trial 59: Cell 1 (Static) = 0.004567 | Cell 2 (Plastic) = 0.004367
Trial: 60, Time:34.301s
Trial 60: Cell 1 (Static) = 0.004581 | Cell 2 (Plastic) = 0.004380
Trial: 61, Time:34.354s
Trial 61: Cell 1 (Static) = 0.004595 | Cell 2 (Plastic) = 0.004367
Trial: 62, Time:33.878s
Trial 62: Cell 1 (Static) = 0.004609 | Cell 2 (Plastic) = 0.004354
Trial: 63, Time:33.940s
Trial 63: Cell 1 (Static) = 0.004623 | Cell 2 (Plastic) = 0.004341
Trial: 64, Time:33.844s
Trial 64: Cell 1 (Static) = 0.004636 | Cell 2 (Plastic) = 0.004354
Trial: 65, Time:33.339s
Trial 65: Cell 1 (Static) = 0.004650 | Cell 2 (Plastic) = 0.004367
Trial: 66, Time:33.313s
Trial 66: Cell 1 (Static) = 0.004664 | Cell 2 (Plastic) = 0.004354
Trial: 67, Time:33.269s
Trial 67: Cell 1 (Static) = 0.004678 | Cell 2 (Plastic) = 0.004341
Trial: 68, Time:32.994s
Trial 68: Cell 1 (Static) = 0.004692 | Cell 2 (Plastic) = 0.004354
Trial: 69, Time:32.974s
Trial 69: Cell 1 (Static) = 0.004706 | Cell 2 (Plastic) = 0.004367
Trial: 70, Time:32.586s
Trial 70: Cell 1 (Static) = 0.004720 | Cell 2 (Plastic) = 0.004367
Trial: 71, Time:32.791s
Trial 71: Cell 1 (Static) = 0.004735 | Cell 2 (Plastic) = 0.004380
Trial: 72, Time:32.574s
Trial 72: Cell 1 (Static) = 0.004749 | Cell 2 (Plastic) = 0.004367
Trial: 73, Time:32.495s
Trial 73: Cell 1 (Static) = 0.004763 | Cell 2 (Plastic) = 0.004354
Trial: 74, Time:31.815s
Trial 74: Cell 1 (Static) = 0.004777 | Cell 2 (Plastic) = 0.004354
Trial: 75, Time:32.055s
Trial 75: Cell 1 (Static) = 0.004792 | Cell 2 (Plastic) = 0.004341
Trial: 76, Time:31.739s
Trial 76: Cell 1 (Static) = 0.004777 | Cell 2 (Plastic) = 0.004354
Trial: 77, Time:31.965s
Trial 77: Cell 1 (Static) = 0.004792 | Cell 2 (Plastic) = 0.004341
Trial: 78, Time:31.452s
Trial 78: Cell 1 (Static) = 0.004806 | Cell 2 (Plastic) = 0.004354
Trial: 79, Time:31.658s
Trial 79: Cell 1 (Static) = 0.004821 | Cell 2 (Plastic) = 0.004367
Trial: 80, Time:31.211s
Trial 80: Cell 1 (Static) = 0.004835 | Cell 2 (Plastic) = 0.004354
Trial: 81, Time:31.265s
Trial 81: Cell 1 (Static) = 0.004821 | Cell 2 (Plastic) = 0.004341
Trial: 82, Time:31.023s
Trial 82: Cell 1 (Static) = 0.004806 | Cell 2 (Plastic) = 0.004328
Trial: 83, Time:31.044s
Trial 83: Cell 1 (Static) = 0.004821 | Cell 2 (Plastic) = 0.004341
Trial: 84, Time:31.064s
Trial 84: Cell 1 (Static) = 0.004806 | Cell 2 (Plastic) = 0.004328
Trial: 85, Time:30.852s
Trial 85: Cell 1 (Static) = 0.004821 | Cell 2 (Plastic) = 0.004341
Trial: 86, Time:30.519s
Trial 86: Cell 1 (Static) = 0.004806 | Cell 2 (Plastic) = 0.004328
Trial: 87, Time:30.816s
Trial 87: Cell 1 (Static) = 0.004821 | Cell 2 (Plastic) = 0.004315
Trial: 88, Time:30.484s
Trial 88: Cell 1 (Static) = 0.004806 | Cell 2 (Plastic) = 0.004328
Trial: 89, Time:30.810s
Trial 89: Cell 1 (Static) = 0.004821 | Cell 2 (Plastic) = 0.004341
Trial: 90, Time:30.144s
Trial 90: Cell 1 (Static) = 0.004835 | Cell 2 (Plastic) = 0.004328
Trial: 91, Time:30.436s
Trial 91: Cell 1 (Static) = 0.004821 | Cell 2 (Plastic) = 0.004315
Trial: 92, Time:29.850s
Trial 92: Cell 1 (Static) = 0.004806 | Cell 2 (Plastic) = 0.004328
Trial: 93, Time:30.259s
Trial 93: Cell 1 (Static) = 0.004792 | Cell 2 (Plastic) = 0.004341
Trial: 94, Time:29.883s
Trial 94: Cell 1 (Static) = 0.004806 | Cell 2 (Plastic) = 0.004328
Trial: 95, Time:29.978s
Trial 95: Cell 1 (Static) = 0.004821 | Cell 2 (Plastic) = 0.004341
Trial: 96, Time:29.779s
Trial 96: Cell 1 (Static) = 0.004821 | Cell 2 (Plastic) = 0.004354
Trial: 97, Time:29.650s
Trial 97: Cell 1 (Static) = 0.004806 | Cell 2 (Plastic) = 0.004354
Trial: 98, Time:29.522s
Trial 98: Cell 1 (Static) = 0.004821 | Cell 2 (Plastic) = 0.004341
Trial: 99, Time:29.608s
Trial 99: Cell 1 (Static) = 0.004806 | Cell 2 (Plastic) = 0.004328
Trial: 100, Time:29.469s
Trial 100: Cell 1 (Static) = 0.004821 | Cell 2 (Plastic) = 0.004328
Trial: 101, Time:29.277s
Trial 101: Cell 1 (Static) = 0.004806 | Cell 2 (Plastic) = 0.004315
Trial: 102, Time:38.000s
Trial 102: Cell 1 (Static) = 0.004792 | Cell 2 (Plastic) = 0.004302
Trial: 103, Time:37.522s
Trial 103: Cell 1 (Static) = 0.004777 | Cell 2 (Plastic) = 0.004289
Trial: 104, Time:37.118s
Trial 104: Cell 1 (Static) = 0.004763 | Cell 2 (Plastic) = 0.004276
Trial: 105, Time:37.086s
Trial 105: Cell 1 (Static) = 0.004749 | Cell 2 (Plastic) = 0.004263
Trial: 106, Time:36.770s
Trial 106: Cell 1 (Static) = 0.004735 | Cell 2 (Plastic) = 0.004251
Trial: 107, Time:36.636s
Trial 107: Cell 1 (Static) = 0.004720 | Cell 2 (Plastic) = 0.004238
Trial: 108, Time:36.441s
Trial 108: Cell 1 (Static) = 0.004706 | Cell 2 (Plastic) = 0.004225
Trial: 109, Time:36.362s
Trial 109: Cell 1 (Static) = 0.004692 | Cell 2 (Plastic) = 0.004213
Trial: 110, Time:35.743s
Trial 110: Cell 1 (Static) = 0.004678 | Cell 2 (Plastic) = 0.004200
Trial: 111, Time:35.852s
Trial 111: Cell 1 (Static) = 0.004664 | Cell 2 (Plastic) = 0.004187
Trial: 112, Time:35.663s
Trial 112: Cell 1 (Static) = 0.004650 | Cell 2 (Plastic) = 0.004175
Trial: 113, Time:35.632s
Trial 113: Cell 1 (Static) = 0.004636 | Cell 2 (Plastic) = 0.004162
Trial: 114, Time:35.134s
Trial 114: Cell 1 (Static) = 0.004623 | Cell 2 (Plastic) = 0.004150
Trial: 115, Time:35.215s
Trial 115: Cell 1 (Static) = 0.004609 | Cell 2 (Plastic) = 0.004138
Trial: 116, Time:34.843s
Trial 116: Cell 1 (Static) = 0.004595 | Cell 2 (Plastic) = 0.004125
Trial: 117, Time:34.826s
Trial 117: Cell 1 (Static) = 0.004581 | Cell 2 (Plastic) = 0.004113
Trial: 118, Time:34.472s
Trial 118: Cell 1 (Static) = 0.004567 | Cell 2 (Plastic) = 0.004101
Trial: 119, Time:34.185s
Trial 119: Cell 1 (Static) = 0.004554 | Cell 2 (Plastic) = 0.004088
Trial: 120, Time:34.220s
Trial 120: Cell 1 (Static) = 0.004540 | Cell 2 (Plastic) = 0.004076
Trial: 121, Time:34.394s
Trial 121: Cell 1 (Static) = 0.004527 | Cell 2 (Plastic) = 0.004064
Trial: 122, Time:33.689s
Trial 122: Cell 1 (Static) = 0.004513 | Cell 2 (Plastic) = 0.004052
Trial: 123, Time:33.769s
Trial 123: Cell 1 (Static) = 0.004500 | Cell 2 (Plastic) = 0.004040
Trial: 124, Time:33.529s
Trial 124: Cell 1 (Static) = 0.004486 | Cell 2 (Plastic) = 0.004028
Trial: 125, Time:33.644s
Trial 125: Cell 1 (Static) = 0.004473 | Cell 2 (Plastic) = 0.004015
Trial: 126, Time:32.912s
Trial 126: Cell 1 (Static) = 0.004459 | Cell 2 (Plastic) = 0.004003
Trial: 127, Time:33.079s
Trial 127: Cell 1 (Static) = 0.004446 | Cell 2 (Plastic) = 0.003991
Trial: 128, Time:32.775s
Trial 128: Cell 1 (Static) = 0.004433 | Cell 2 (Plastic) = 0.003980
Trial: 129, Time:33.001s
Trial 129: Cell 1 (Static) = 0.004419 | Cell 2 (Plastic) = 0.003968
Trial: 130, Time:32.429s
Trial 130: Cell 1 (Static) = 0.004406 | Cell 2 (Plastic) = 0.003956
Trial: 131, Time:32.594s
Trial 131: Cell 1 (Static) = 0.004393 | Cell 2 (Plastic) = 0.003944
Trial: 132, Time:32.443s
Trial 132: Cell 1 (Static) = 0.004380 | Cell 2 (Plastic) = 0.003932
Trial: 133, Time:32.166s
Trial 133: Cell 1 (Static) = 0.004367 | Cell 2 (Plastic) = 0.003920
Trial: 134, Time:32.007s
Trial 134: Cell 1 (Static) = 0.004354 | Cell 2 (Plastic) = 0.003909
Trial: 135, Time:32.283s
Trial 135: Cell 1 (Static) = 0.004341 | Cell 2 (Plastic) = 0.003897
Trial: 136, Time:31.599s
Trial 136: Cell 1 (Static) = 0.004328 | Cell 2 (Plastic) = 0.003885
Trial: 137, Time:31.844s
Trial 137: Cell 1 (Static) = 0.004315 | Cell 2 (Plastic) = 0.003874
Trial: 138, Time:31.529s
Trial 138: Cell 1 (Static) = 0.004302 | Cell 2 (Plastic) = 0.003862
Trial: 139, Time:31.609s
Trial 139: Cell 1 (Static) = 0.004289 | Cell 2 (Plastic) = 0.003874
Trial: 140, Time:31.281s
Trial 140: Cell 1 (Static) = 0.004276 | Cell 2 (Plastic) = 0.003862
Trial: 141, Time:31.334s
Trial 141: Cell 1 (Static) = 0.004263 | Cell 2 (Plastic) = 0.003851
Trial: 142, Time:31.084s
Trial 142: Cell 1 (Static) = 0.004251 | Cell 2 (Plastic) = 0.003862
Trial: 143, Time:31.118s
Trial 143: Cell 1 (Static) = 0.004238 | Cell 2 (Plastic) = 0.003851
Trial: 144, Time:30.758s
Trial 144: Cell 1 (Static) = 0.004225 | Cell 2 (Plastic) = 0.003839
Trial: 145, Time:30.782s
Trial 145: Cell 1 (Static) = 0.004213 | Cell 2 (Plastic) = 0.003839
Trial: 146, Time:30.408s
Trial 146: Cell 1 (Static) = 0.004200 | Cell 2 (Plastic) = 0.003851
Trial: 147, Time:30.788s
Trial 147: Cell 1 (Static) = 0.004187 | Cell 2 (Plastic) = 0.003839
Trial: 148, Time:30.527s
Trial 148: Cell 1 (Static) = 0.004175 | Cell 2 (Plastic) = 0.003828
Trial: 149, Time:30.606s
Trial 149: Cell 1 (Static) = 0.004162 | Cell 2 (Plastic) = 0.003816
Trial: 150, Time:30.173s
Trial 150: Cell 1 (Static) = 0.004150 | Cell 2 (Plastic) = 0.003828
Trial: 151, Time:30.529s
Trial 151: Cell 1 (Static) = 0.004162 | Cell 2 (Plastic) = 0.003839
Trial: 152, Time:36.140s
Trial 152: Cell 1 (Static) = 0.004175 | Cell 2 (Plastic) = 0.003851
Trial: 153, Time:35.752s
Trial 153: Cell 1 (Static) = 0.004187 | Cell 2 (Plastic) = 0.003862
Trial: 154, Time:35.458s
Trial 154: Cell 1 (Static) = 0.004200 | Cell 2 (Plastic) = 0.003874
Trial: 155, Time:35.256s
Trial 155: Cell 1 (Static) = 0.004213 | Cell 2 (Plastic) = 0.003885
Trial: 156, Time:35.134s
Trial 156: Cell 1 (Static) = 0.004225 | Cell 2 (Plastic) = 0.003897
Trial: 157, Time:35.022s
Trial 157: Cell 1 (Static) = 0.004238 | Cell 2 (Plastic) = 0.003909
Trial: 158, Time:34.704s
Trial 158: Cell 1 (Static) = 0.004251 | Cell 2 (Plastic) = 0.003920
Trial: 159, Time:34.664s
Trial 159: Cell 1 (Static) = 0.004263 | Cell 2 (Plastic) = 0.003932
Trial: 160, Time:34.457s
Trial 160: Cell 1 (Static) = 0.004276 | Cell 2 (Plastic) = 0.003944
Trial: 161, Time:34.392s
Trial 161: Cell 1 (Static) = 0.004289 | Cell 2 (Plastic) = 0.003956
Trial: 162, Time:33.991s
Trial 162: Cell 1 (Static) = 0.004302 | Cell 2 (Plastic) = 0.003968
Trial: 163, Time:33.868s
Trial 163: Cell 1 (Static) = 0.004315 | Cell 2 (Plastic) = 0.003980
Trial: 164, Time:33.490s
Trial 164: Cell 1 (Static) = 0.004328 | Cell 2 (Plastic) = 0.003991
Trial: 165, Time:33.918s
Trial 165: Cell 1 (Static) = 0.004341 | Cell 2 (Plastic) = 0.004003
Trial: 166, Time:33.386s
Trial 166: Cell 1 (Static) = 0.004354 | Cell 2 (Plastic) = 0.004015
Trial: 167, Time:33.532s
Trial 167: Cell 1 (Static) = 0.004367 | Cell 2 (Plastic) = 0.004028
Trial: 168, Time:33.072s
Trial 168: Cell 1 (Static) = 0.004380 | Cell 2 (Plastic) = 0.004040
Trial: 169, Time:33.169s
Trial 169: Cell 1 (Static) = 0.004393 | Cell 2 (Plastic) = 0.004052
Trial: 170, Time:32.897s
Trial 170: Cell 1 (Static) = 0.004406 | Cell 2 (Plastic) = 0.004064
Trial: 171, Time:32.902s
Trial 171: Cell 1 (Static) = 0.004419 | Cell 2 (Plastic) = 0.004076
Trial: 172, Time:32.392s
Trial 172: Cell 1 (Static) = 0.004433 | Cell 2 (Plastic) = 0.004088
Trial: 173, Time:32.459s
Trial 173: Cell 1 (Static) = 0.004446 | Cell 2 (Plastic) = 0.004101
Trial: 174, Time:32.171s
Trial 174: Cell 1 (Static) = 0.004459 | Cell 2 (Plastic) = 0.004113
Trial: 175, Time:32.247s
Trial 175: Cell 1 (Static) = 0.004473 | Cell 2 (Plastic) = 0.004125
Trial: 176, Time:31.848s
Trial 176: Cell 1 (Static) = 0.004486 | Cell 2 (Plastic) = 0.004125
Trial: 177, Time:31.947s
Trial 177: Cell 1 (Static) = 0.004500 | Cell 2 (Plastic) = 0.004113
Trial: 178, Time:31.613s
Trial 178: Cell 1 (Static) = 0.004486 | Cell 2 (Plastic) = 0.004125
Trial: 179, Time:31.814s
Trial 179: Cell 1 (Static) = 0.004473 | Cell 2 (Plastic) = 0.004138
Trial: 180, Time:31.284s
Trial 180: Cell 1 (Static) = 0.004459 | Cell 2 (Plastic) = 0.004125
Trial: 181, Time:31.633s
Trial 181: Cell 1 (Static) = 0.004473 | Cell 2 (Plastic) = 0.004138
Trial: 182, Time:31.031s
Trial 182: Cell 1 (Static) = 0.004486 | Cell 2 (Plastic) = 0.004150
Trial: 183, Time:31.400s
Trial 183: Cell 1 (Static) = 0.004473 | Cell 2 (Plastic) = 0.004138
Trial: 184, Time:31.054s
Trial 184: Cell 1 (Static) = 0.004486 | Cell 2 (Plastic) = 0.004125
Trial: 185, Time:31.225s
Trial 185: Cell 1 (Static) = 0.004473 | Cell 2 (Plastic) = 0.004138
Trial: 186, Time:30.674s
Trial 186: Cell 1 (Static) = 0.004459 | Cell 2 (Plastic) = 0.004125
Trial: 187, Time:30.655s
Trial 187: Cell 1 (Static) = 0.004446 | Cell 2 (Plastic) = 0.004113
Trial: 188, Time:30.347s
Trial 188: Cell 1 (Static) = 0.004433 | Cell 2 (Plastic) = 0.004125
Trial: 189, Time:30.715s
Trial 189: Cell 1 (Static) = 0.004446 | Cell 2 (Plastic) = 0.004138
Trial: 190, Time:30.242s
Trial 190: Cell 1 (Static) = 0.004433 | Cell 2 (Plastic) = 0.004150
Trial: 191, Time:30.405s
Trial 191: Cell 1 (Static) = 0.004433 | Cell 2 (Plastic) = 0.004138
Trial: 192, Time:30.166s
Trial 192: Cell 1 (Static) = 0.004446 | Cell 2 (Plastic) = 0.004150
Trial: 193, Time:30.215s
Trial 193: Cell 1 (Static) = 0.004459 | Cell 2 (Plastic) = 0.004138
Trial: 194, Time:30.073s
Trial 194: Cell 1 (Static) = 0.004473 | Cell 2 (Plastic) = 0.004150
Trial: 195, Time:30.127s
Trial 195: Cell 1 (Static) = 0.004459 | Cell 2 (Plastic) = 0.004138
Trial: 196, Time:29.825s
Trial 196: Cell 1 (Static) = 0.004473 | Cell 2 (Plastic) = 0.004125
Trial: 197, Time:29.924s
Trial 197: Cell 1 (Static) = 0.004473 | Cell 2 (Plastic) = 0.004138
Trial: 198, Time:29.785s
Trial 198: Cell 1 (Static) = 0.004486 | Cell 2 (Plastic) = 0.004125
Trial: 199, Time:29.914s
Trial 199: Cell 1 (Static) = 0.004500 | Cell 2 (Plastic) = 0.004138
Trial: 200, Time:29.625s
Trial 200: Cell 1 (Static) = 0.004486 | Cell 2 (Plastic) = 0.004150
Trial: 201, Time:29.677s
Trial 201: Cell 1 (Static) = 0.004500 | Cell 2 (Plastic) = 0.004162
Trial: 202, Time:35.254s
Trial 202: Cell 1 (Static) = 0.004513 | Cell 2 (Plastic) = 0.004175
Trial: 203, Time:34.837s
Trial 203: Cell 1 (Static) = 0.004527 | Cell 2 (Plastic) = 0.004187
Trial: 204, Time:34.621s
Trial 204: Cell 1 (Static) = 0.004540 | Cell 2 (Plastic) = 0.004200
Trial: 205, Time:34.491s
Trial 205: Cell 1 (Static) = 0.004554 | Cell 2 (Plastic) = 0.004213
Trial: 206, Time:34.183s
Trial 206: Cell 1 (Static) = 0.004567 | Cell 2 (Plastic) = 0.004225
Trial: 207, Time:34.164s
Trial 207: Cell 1 (Static) = 0.004581 | Cell 2 (Plastic) = 0.004238
Trial: 208, Time:33.827s
Trial 208: Cell 1 (Static) = 0.004595 | Cell 2 (Plastic) = 0.004251
Trial: 209, Time:33.616s
Trial 209: Cell 1 (Static) = 0.004609 | Cell 2 (Plastic) = 0.004263
Trial: 210, Time:33.472s
Trial 210: Cell 1 (Static) = 0.004623 | Cell 2 (Plastic) = 0.004276
Trial: 211, Time:33.536s
Trial 211: Cell 1 (Static) = 0.004636 | Cell 2 (Plastic) = 0.004289
Trial: 212, Time:33.099s
Trial 212: Cell 1 (Static) = 0.004650 | Cell 2 (Plastic) = 0.004302
Trial: 213, Time:33.140s
Trial 213: Cell 1 (Static) = 0.004664 | Cell 2 (Plastic) = 0.004315
Trial: 214, Time:32.881s
Trial 214: Cell 1 (Static) = 0.004678 | Cell 2 (Plastic) = 0.004328
Trial: 215, Time:32.762s
Trial 215: Cell 1 (Static) = 0.004692 | Cell 2 (Plastic) = 0.004341
Trial: 216, Time:32.744s
Trial 216: Cell 1 (Static) = 0.004706 | Cell 2 (Plastic) = 0.004354
Trial: 217, Time:32.484s
Trial 217: Cell 1 (Static) = 0.004720 | Cell 2 (Plastic) = 0.004367
Trial: 218, Time:32.119s
Trial 218: Cell 1 (Static) = 0.004735 | Cell 2 (Plastic) = 0.004380
Trial: 219, Time:32.156s
Trial 219: Cell 1 (Static) = 0.004749 | Cell 2 (Plastic) = 0.004393
Trial: 220, Time:31.954s
Trial 220: Cell 1 (Static) = 0.004763 | Cell 2 (Plastic) = 0.004406
Trial: 221, Time:31.933s
Trial 221: Cell 1 (Static) = 0.004777 | Cell 2 (Plastic) = 0.004419
Trial: 222, Time:31.718s
Trial 222: Cell 1 (Static) = 0.004792 | Cell 2 (Plastic) = 0.004433
Trial: 223, Time:31.630s
Trial 223: Cell 1 (Static) = 0.004806 | Cell 2 (Plastic) = 0.004446
Trial: 224, Time:31.311s
Trial 224: Cell 1 (Static) = 0.004821 | Cell 2 (Plastic) = 0.004459
Trial: 225, Time:31.378s
Trial 225: Cell 1 (Static) = 0.004835 | Cell 2 (Plastic) = 0.004473
Trial: 226, Time:31.082s
Trial 226: Cell 1 (Static) = 0.004849 | Cell 2 (Plastic) = 0.004486
Trial: 227, Time:30.905s
Trial 227: Cell 1 (Static) = 0.004864 | Cell 2 (Plastic) = 0.004500
Trial: 228, Time:31.006s
Trial 228: Cell 1 (Static) = 0.004879 | Cell 2 (Plastic) = 0.004500
Trial: 229, Time:30.773s
Trial 229: Cell 1 (Static) = 0.004893 | Cell 2 (Plastic) = 0.004486
Trial: 230, Time:30.818s
Trial 230: Cell 1 (Static) = 0.004908 | Cell 2 (Plastic) = 0.004500
Trial: 231, Time:30.462s
Trial 231: Cell 1 (Static) = 0.004923 | Cell 2 (Plastic) = 0.004513
Trial: 232, Time:30.396s
Trial 232: Cell 1 (Static) = 0.004937 | Cell 2 (Plastic) = 0.004527
Trial: 233, Time:30.267s
Trial 233: Cell 1 (Static) = 0.004952 | Cell 2 (Plastic) = 0.004513
Trial: 234, Time:30.129s
Trial 234: Cell 1 (Static) = 0.004967 | Cell 2 (Plastic) = 0.004527
Trial: 235, Time:30.170s
Trial 235: Cell 1 (Static) = 0.004982 | Cell 2 (Plastic) = 0.004540
Trial: 236, Time:29.972s
Trial 236: Cell 1 (Static) = 0.004997 | Cell 2 (Plastic) = 0.004527
Trial: 237, Time:29.877s
Trial 237: Cell 1 (Static) = 0.005012 | Cell 2 (Plastic) = 0.004513
Trial: 238, Time:29.900s
Trial 238: Cell 1 (Static) = 0.005027 | Cell 2 (Plastic) = 0.004500
Trial: 239, Time:29.559s
Trial 239: Cell 1 (Static) = 0.005042 | Cell 2 (Plastic) = 0.004513
Trial: 240, Time:29.581s
Trial 240: Cell 1 (Static) = 0.005027 | Cell 2 (Plastic) = 0.004500
Trial: 241, Time:29.492s
Trial 241: Cell 1 (Static) = 0.005012 | Cell 2 (Plastic) = 0.004513
Trial: 242, Time:29.539s
Trial 242: Cell 1 (Static) = 0.005027 | Cell 2 (Plastic) = 0.004500
Trial: 243, Time:29.407s
Trial 243: Cell 1 (Static) = 0.005042 | Cell 2 (Plastic) = 0.004486
Trial: 244, Time:29.364s
Trial 244: Cell 1 (Static) = 0.005027 | Cell 2 (Plastic) = 0.004500
Trial: 245, Time:29.145s
Trial 245: Cell 1 (Static) = 0.005042 | Cell 2 (Plastic) = 0.004513
Trial: 246, Time:29.219s
Trial 246: Cell 1 (Static) = 0.005057 | Cell 2 (Plastic) = 0.004527
Trial: 247, Time:29.248s
Trial 247: Cell 1 (Static) = 0.005042 | Cell 2 (Plastic) = 0.004513
Trial: 248, Time:29.259s
Trial 248: Cell 1 (Static) = 0.005027 | Cell 2 (Plastic) = 0.004527
Trial: 249, Time:28.788s
Trial 249: Cell 1 (Static) = 0.005042 | Cell 2 (Plastic) = 0.004513
Trial: 250, Time:28.762s
Trial 250: Cell 1 (Static) = 0.005027 | Cell 2 (Plastic) = 0.004500
Trial: 251, Time:28.908s
Trial 251: Cell 1 (Static) = 0.005012 | Cell 2 (Plastic) = 0.004486
Trial: 252, Time:39.349s
Trial 252: Cell 1 (Static) = 0.004997 | Cell 2 (Plastic) = 0.004473
Trial: 253, Time:39.010s
Trial 253: Cell 1 (Static) = 0.004982 | Cell 2 (Plastic) = 0.004459
Trial: 254, Time:38.554s
Trial 254: Cell 1 (Static) = 0.004967 | Cell 2 (Plastic) = 0.004446
Trial: 255, Time:38.541s
Trial 255: Cell 1 (Static) = 0.004952 | Cell 2 (Plastic) = 0.004433
Trial: 256, Time:38.339s
Trial 256: Cell 1 (Static) = 0.004937 | Cell 2 (Plastic) = 0.004419
Trial: 257, Time:38.019s
Trial 257: Cell 1 (Static) = 0.004923 | Cell 2 (Plastic) = 0.004406
Trial: 258, Time:37.839s
Trial 258: Cell 1 (Static) = 0.004908 | Cell 2 (Plastic) = 0.004393
Trial: 259, Time:37.575s
Trial 259: Cell 1 (Static) = 0.004893 | Cell 2 (Plastic) = 0.004380
Trial: 260, Time:37.322s
Trial 260: Cell 1 (Static) = 0.004879 | Cell 2 (Plastic) = 0.004367
Trial: 261, Time:37.127s
Trial 261: Cell 1 (Static) = 0.004864 | Cell 2 (Plastic) = 0.004354
Trial: 262, Time:36.840s
Trial 262: Cell 1 (Static) = 0.004849 | Cell 2 (Plastic) = 0.004341
Trial: 263, Time:36.516s
Trial 263: Cell 1 (Static) = 0.004835 | Cell 2 (Plastic) = 0.004328
Trial: 264, Time:36.564s
Trial 264: Cell 1 (Static) = 0.004821 | Cell 2 (Plastic) = 0.004315
Trial: 265, Time:36.298s
Trial 265: Cell 1 (Static) = 0.004806 | Cell 2 (Plastic) = 0.004302
Trial: 266, Time:36.004s
Trial 266: Cell 1 (Static) = 0.004792 | Cell 2 (Plastic) = 0.004289
Trial: 267, Time:36.010s
Trial 267: Cell 1 (Static) = 0.004777 | Cell 2 (Plastic) = 0.004276
Trial: 268, Time:35.672s
Trial 268: Cell 1 (Static) = 0.004763 | Cell 2 (Plastic) = 0.004263
Trial: 269, Time:35.510s
Trial 269: Cell 1 (Static) = 0.004749 | Cell 2 (Plastic) = 0.004251
Trial: 270, Time:35.191s
Trial 270: Cell 1 (Static) = 0.004735 | Cell 2 (Plastic) = 0.004238
Trial: 271, Time:35.209s
Trial 271: Cell 1 (Static) = 0.004720 | Cell 2 (Plastic) = 0.004225
Trial: 272, Time:34.841s
Trial 272: Cell 1 (Static) = 0.004706 | Cell 2 (Plastic) = 0.004213
Trial: 273, Time:34.704s
Trial 273: Cell 1 (Static) = 0.004692 | Cell 2 (Plastic) = 0.004200
Trial: 274, Time:34.513s
Trial 274: Cell 1 (Static) = 0.004678 | Cell 2 (Plastic) = 0.004187
Trial: 275, Time:34.368s
Trial 275: Cell 1 (Static) = 0.004664 | Cell 2 (Plastic) = 0.004175
Trial: 276, Time:34.149s
Trial 276: Cell 1 (Static) = 0.004650 | Cell 2 (Plastic) = 0.004162
Trial: 277, Time:34.026s
Trial 277: Cell 1 (Static) = 0.004636 | Cell 2 (Plastic) = 0.004150
Trial: 278, Time:33.962s
Trial 278: Cell 1 (Static) = 0.004623 | Cell 2 (Plastic) = 0.004150
Trial: 279, Time:33.717s
Trial 279: Cell 1 (Static) = 0.004609 | Cell 2 (Plastic) = 0.004162
Trial: 280, Time:33.396s
Trial 280: Cell 1 (Static) = 0.004595 | Cell 2 (Plastic) = 0.004175
Trial: 281, Time:33.368s
Trial 281: Cell 1 (Static) = 0.004581 | Cell 2 (Plastic) = 0.004162
Trial: 282, Time:33.064s
Trial 282: Cell 1 (Static) = 0.004567 | Cell 2 (Plastic) = 0.004150
Trial: 283, Time:33.084s
Trial 283: Cell 1 (Static) = 0.004554 | Cell 2 (Plastic) = 0.004138
Trial: 284, Time:32.989s
Trial 284: Cell 1 (Static) = 0.004540 | Cell 2 (Plastic) = 0.004150
Trial: 285, Time:32.902s
Trial 285: Cell 1 (Static) = 0.004527 | Cell 2 (Plastic) = 0.004138
Trial: 286, Time:32.770s
Trial 286: Cell 1 (Static) = 0.004513 | Cell 2 (Plastic) = 0.004150
Trial: 287, Time:32.620s
Trial 287: Cell 1 (Static) = 0.004500 | Cell 2 (Plastic) = 0.004162
Trial: 288, Time:32.544s
Trial 288: Cell 1 (Static) = 0.004486 | Cell 2 (Plastic) = 0.004175
Trial: 289, Time:32.595s
Trial 289: Cell 1 (Static) = 0.004473 | Cell 2 (Plastic) = 0.004162
Trial: 290, Time:32.137s
Trial 290: Cell 1 (Static) = 0.004459 | Cell 2 (Plastic) = 0.004150
Trial: 291, Time:32.292s
Trial 291: Cell 1 (Static) = 0.004446 | Cell 2 (Plastic) = 0.004138
Trial: 292, Time:31.997s
Trial 292: Cell 1 (Static) = 0.004433 | Cell 2 (Plastic) = 0.004125
Trial: 293, Time:31.863s
Trial 293: Cell 1 (Static) = 0.004419 | Cell 2 (Plastic) = 0.004138
Trial: 294, Time:31.812s
Trial 294: Cell 1 (Static) = 0.004406 | Cell 2 (Plastic) = 0.004125
Trial: 295, Time:31.683s
Trial 295: Cell 1 (Static) = 0.004393 | Cell 2 (Plastic) = 0.004113
Trial: 296, Time:31.553s
Trial 296: Cell 1 (Static) = 0.004380 | Cell 2 (Plastic) = 0.004125
Trial: 297, Time:31.646s
Trial 297: Cell 1 (Static) = 0.004367 | Cell 2 (Plastic) = 0.004138
Trial: 298, Time:31.277s
Trial 298: Cell 1 (Static) = 0.004354 | Cell 2 (Plastic) = 0.004125
Trial: 299, Time:30.916s
Trial 299: Cell 1 (Static) = 0.004341 | Cell 2 (Plastic) = 0.004138
Trial: 300, Time:31.109s
Trial 300: Cell 1 (Static) = 0.004328 | Cell 2 (Plastic) = 0.004125
Trial: 301, Time:30.692s
Trial 301: Cell 1 (Static) = 0.004315 | Cell 2 (Plastic) = 0.004113
Trial: 302, Time:37.732s
Trial 302: Cell 1 (Static) = 0.004302 | Cell 2 (Plastic) = 0.004101
Trial: 303, Time:37.400s
Trial 303: Cell 1 (Static) = 0.004289 | Cell 2 (Plastic) = 0.004088
Trial: 304, Time:37.021s
Trial 304: Cell 1 (Static) = 0.004276 | Cell 2 (Plastic) = 0.004076
Trial: 305, Time:36.666s
Trial 305: Cell 1 (Static) = 0.004263 | Cell 2 (Plastic) = 0.004064
Trial: 306, Time:36.542s
Trial 306: Cell 1 (Static) = 0.004251 | Cell 2 (Plastic) = 0.004052
Trial: 307, Time:36.474s
Trial 307: Cell 1 (Static) = 0.004238 | Cell 2 (Plastic) = 0.004040
Trial: 308, Time:36.065s
Trial 308: Cell 1 (Static) = 0.004225 | Cell 2 (Plastic) = 0.004028
Trial: 309, Time:36.004s
Trial 309: Cell 1 (Static) = 0.004213 | Cell 2 (Plastic) = 0.004015
Trial: 310, Time:35.800s
Trial 310: Cell 1 (Static) = 0.004200 | Cell 2 (Plastic) = 0.004003
Trial: 311, Time:35.658s
Trial 311: Cell 1 (Static) = 0.004187 | Cell 2 (Plastic) = 0.003991
Trial: 312, Time:35.263s
Trial 312: Cell 1 (Static) = 0.004175 | Cell 2 (Plastic) = 0.003980
Trial: 313, Time:35.230s
Trial 313: Cell 1 (Static) = 0.004162 | Cell 2 (Plastic) = 0.003968
Trial: 314, Time:35.091s
Trial 314: Cell 1 (Static) = 0.004150 | Cell 2 (Plastic) = 0.003956
Trial: 315, Time:34.718s
Trial 315: Cell 1 (Static) = 0.004138 | Cell 2 (Plastic) = 0.003944
Trial: 316, Time:34.563s
Trial 316: Cell 1 (Static) = 0.004125 | Cell 2 (Plastic) = 0.003932
Trial: 317, Time:34.508s
Trial 317: Cell 1 (Static) = 0.004113 | Cell 2 (Plastic) = 0.003920
Trial: 318, Time:34.282s
Trial 318: Cell 1 (Static) = 0.004101 | Cell 2 (Plastic) = 0.003909
Trial: 319, Time:34.177s
Trial 319: Cell 1 (Static) = 0.004088 | Cell 2 (Plastic) = 0.003909
Trial: 320, Time:33.887s
Trial 320: Cell 1 (Static) = 0.004076 | Cell 2 (Plastic) = 0.003897
Trial: 321, Time:33.774s
Trial 321: Cell 1 (Static) = 0.004064 | Cell 2 (Plastic) = 0.003909
Trial: 322, Time:33.595s
Trial 322: Cell 1 (Static) = 0.004052 | Cell 2 (Plastic) = 0.003920
Trial: 323, Time:33.454s
Trial 323: Cell 1 (Static) = 0.004040 | Cell 2 (Plastic) = 0.003909
Trial: 324, Time:33.100s
Trial 324: Cell 1 (Static) = 0.004028 | Cell 2 (Plastic) = 0.003897
Trial: 325, Time:33.172s
Trial 325: Cell 1 (Static) = 0.004015 | Cell 2 (Plastic) = 0.003885
Trial: 326, Time:33.007s
Trial 326: Cell 1 (Static) = 0.004003 | Cell 2 (Plastic) = 0.003897
Trial: 327, Time:32.765s
Trial 327: Cell 1 (Static) = 0.003991 | Cell 2 (Plastic) = 0.003909
Trial: 328, Time:32.727s
Trial 328: Cell 1 (Static) = 0.003980 | Cell 2 (Plastic) = 0.003920
Trial: 329, Time:32.556s
Trial 329: Cell 1 (Static) = 0.003968 | Cell 2 (Plastic) = 0.003932
Trial: 330, Time:32.156s
Trial 330: Cell 1 (Static) = 0.003956 | Cell 2 (Plastic) = 0.003920
Trial: 331, Time:32.226s
Trial 331: Cell 1 (Static) = 0.003968 | Cell 2 (Plastic) = 0.003909
Trial: 332, Time:32.131s
Trial 332: Cell 1 (Static) = 0.003956 | Cell 2 (Plastic) = 0.003897
Trial: 333, Time:32.143s
Trial 333: Cell 1 (Static) = 0.003968 | Cell 2 (Plastic) = 0.003885
Trial: 334, Time:31.748s
Trial 334: Cell 1 (Static) = 0.003956 | Cell 2 (Plastic) = 0.003897
Trial: 335, Time:31.632s
Trial 335: Cell 1 (Static) = 0.003968 | Cell 2 (Plastic) = 0.003897
Trial: 336, Time:31.517s
Trial 336: Cell 1 (Static) = 0.003956 | Cell 2 (Plastic) = 0.003909
Trial: 337, Time:31.374s
Trial 337: Cell 1 (Static) = 0.003944 | Cell 2 (Plastic) = 0.003897
Trial: 338, Time:31.031s
Trial 338: Cell 1 (Static) = 0.003944 | Cell 2 (Plastic) = 0.003909
Trial: 339, Time:31.107s
Trial 339: Cell 1 (Static) = 0.003932 | Cell 2 (Plastic) = 0.003920
Trial: 340, Time:31.080s
Trial 340: Cell 1 (Static) = 0.003920 | Cell 2 (Plastic) = 0.003909
Trial: 341, Time:31.548s
Trial 341: Cell 1 (Static) = 0.003932 | Cell 2 (Plastic) = 0.003897
Trial: 342, Time:31.046s
Trial 342: Cell 1 (Static) = 0.003920 | Cell 2 (Plastic) = 0.003909
Trial: 343, Time:31.446s
Trial 343: Cell 1 (Static) = 0.003920 | Cell 2 (Plastic) = 0.003897
Trial: 344, Time:31.215s
Trial 344: Cell 1 (Static) = 0.003932 | Cell 2 (Plastic) = 0.003885
Trial: 345, Time:31.431s
Trial 345: Cell 1 (Static) = 0.003944 | Cell 2 (Plastic) = 0.003874
Trial: 346, Time:30.498s
Trial 346: Cell 1 (Static) = 0.003956 | Cell 2 (Plastic) = 0.003885
Trial: 347, Time:30.697s
Trial 347: Cell 1 (Static) = 0.003944 | Cell 2 (Plastic) = 0.003874
Trial: 348, Time:30.490s
Trial 348: Cell 1 (Static) = 0.003956 | Cell 2 (Plastic) = 0.003885
Trial: 349, Time:30.597s
Trial 349: Cell 1 (Static) = 0.003944 | Cell 2 (Plastic) = 0.003874
Trial: 350, Time:30.259s
Trial 350: Cell 1 (Static) = 0.003956 | Cell 2 (Plastic) = 0.003885
Trial: 351, Time:30.365s
Trial 351: Cell 1 (Static) = 0.003944 | Cell 2 (Plastic) = 0.003874
Trial: 352, Time:35.931s
Trial 352: Cell 1 (Static) = 0.003932 | Cell 2 (Plastic) = 0.003862
Trial: 353, Time:34.940s
Trial 353: Cell 1 (Static) = 0.003944 | Cell 2 (Plastic) = 0.003851
Trial: 354, Time:34.805s
Trial 354: Cell 1 (Static) = 0.003932 | Cell 2 (Plastic) = 0.003839
Trial: 355, Time:34.696s
Trial 355: Cell 1 (Static) = 0.003920 | Cell 2 (Plastic) = 0.003828
Trial: 356, Time:34.603s
Trial 356: Cell 1 (Static) = 0.003932 | Cell 2 (Plastic) = 0.003816
Trial: 357, Time:34.570s
Trial 357: Cell 1 (Static) = 0.003920 | Cell 2 (Plastic) = 0.003805
Trial: 358, Time:33.926s
Trial 358: Cell 1 (Static) = 0.003932 | Cell 2 (Plastic) = 0.003793
Trial: 359, Time:33.615s
Trial 359: Cell 1 (Static) = 0.003932 | Cell 2 (Plastic) = 0.003782
Trial: 360, Time:33.461s
Trial 360: Cell 1 (Static) = 0.003944 | Cell 2 (Plastic) = 0.003771
Trial: 361, Time:33.394s
Trial 361: Cell 1 (Static) = 0.003932 | Cell 2 (Plastic) = 0.003759
Trial: 362, Time:32.860s
Trial 362: Cell 1 (Static) = 0.003920 | Cell 2 (Plastic) = 0.003748
Trial: 363, Time:33.184s
Trial 363: Cell 1 (Static) = 0.003932 | Cell 2 (Plastic) = 0.003737
Trial: 364, Time:32.988s
Trial 364: Cell 1 (Static) = 0.003944 | Cell 2 (Plastic) = 0.003726
Trial: 365, Time:33.116s
Trial 365: Cell 1 (Static) = 0.003956 | Cell 2 (Plastic) = 0.003715
Trial: 366, Time:32.887s
Trial 366: Cell 1 (Static) = 0.003944 | Cell 2 (Plastic) = 0.003703
Trial: 367, Time:33.249s
Trial 367: Cell 1 (Static) = 0.003956 | Cell 2 (Plastic) = 0.003692
Trial: 368, Time:32.101s
Trial 368: Cell 1 (Static) = 0.003968 | Cell 2 (Plastic) = 0.003681
Trial: 369, Time:31.767s
Trial 369: Cell 1 (Static) = 0.003956 | Cell 2 (Plastic) = 0.003670
Trial: 370, Time:31.559s
Trial 370: Cell 1 (Static) = 0.003944 | Cell 2 (Plastic) = 0.003659
Trial: 371, Time:31.680s
Trial 371: Cell 1 (Static) = 0.003932 | Cell 2 (Plastic) = 0.003648
Trial: 372, Time:31.886s
Trial 372: Cell 1 (Static) = 0.003944 | Cell 2 (Plastic) = 0.003638
Trial: 373, Time:31.660s
Trial 373: Cell 1 (Static) = 0.003944 | Cell 2 (Plastic) = 0.003627
Trial: 374, Time:31.330s
Trial 374: Cell 1 (Static) = 0.003932 | Cell 2 (Plastic) = 0.003616
Trial: 375, Time:31.405s
Trial 375: Cell 1 (Static) = 0.003920 | Cell 2 (Plastic) = 0.003605
Trial: 376, Time:31.214s
Trial 376: Cell 1 (Static) = 0.003932 | Cell 2 (Plastic) = 0.003594
Trial: 377, Time:31.100s
Trial 377: Cell 1 (Static) = 0.003920 | Cell 2 (Plastic) = 0.003583
Trial: 378, Time:30.925s
Trial 378: Cell 1 (Static) = 0.003909 | Cell 2 (Plastic) = 0.003573
Trial: 379, Time:31.010s
Trial 379: Cell 1 (Static) = 0.003920 | Cell 2 (Plastic) = 0.003562
Trial: 380, Time:30.320s
Trial 380: Cell 1 (Static) = 0.003909 | Cell 2 (Plastic) = 0.003551
Trial: 381, Time:30.626s
Trial 381: Cell 1 (Static) = 0.003920 | Cell 2 (Plastic) = 0.003541
Trial: 382, Time:30.599s
Trial 382: Cell 1 (Static) = 0.003909 | Cell 2 (Plastic) = 0.003530
Trial: 383, Time:31.376s
Trial 383: Cell 1 (Static) = 0.003920 | Cell 2 (Plastic) = 0.003520
Trial: 384, Time:31.053s
Trial 384: Cell 1 (Static) = 0.003932 | Cell 2 (Plastic) = 0.003509
Trial: 385, Time:30.468s
Trial 385: Cell 1 (Static) = 0.003920 | Cell 2 (Plastic) = 0.003499
Trial: 386, Time:30.612s
Trial 386: Cell 1 (Static) = 0.003932 | Cell 2 (Plastic) = 0.003488
Trial: 387, Time:30.100s
Trial 387: Cell 1 (Static) = 0.003944 | Cell 2 (Plastic) = 0.003499
Trial: 388, Time:29.759s
Trial 388: Cell 1 (Static) = 0.003944 | Cell 2 (Plastic) = 0.003488
Trial: 389, Time:30.215s
Trial 389: Cell 1 (Static) = 0.003932 | Cell 2 (Plastic) = 0.003478
Trial: 390, Time:30.066s
Trial 390: Cell 1 (Static) = 0.003920 | Cell 2 (Plastic) = 0.003467
Trial: 391, Time:30.202s
Trial 391: Cell 1 (Static) = 0.003909 | Cell 2 (Plastic) = 0.003478
Trial: 392, Time:29.839s
Trial 392: Cell 1 (Static) = 0.003920 | Cell 2 (Plastic) = 0.003488
Trial: 393, Time:29.475s
Trial 393: Cell 1 (Static) = 0.003932 | Cell 2 (Plastic) = 0.003478
Trial: 394, Time:29.232s
Trial 394: Cell 1 (Static) = 0.003920 | Cell 2 (Plastic) = 0.003488
Trial: 395, Time:29.207s
Trial 395: Cell 1 (Static) = 0.003932 | Cell 2 (Plastic) = 0.003499
Trial: 396, Time:29.035s
Trial 396: Cell 1 (Static) = 0.003920 | Cell 2 (Plastic) = 0.003488
Trial: 397, Time:29.266s
Trial 397: Cell 1 (Static) = 0.003932 | Cell 2 (Plastic) = 0.003478
Trial: 398, Time:28.815s
Trial 398: Cell 1 (Static) = 0.003944 | Cell 2 (Plastic) = 0.003488
Trial: 399, Time:28.915s
Trial 399: Cell 1 (Static) = 0.003932 | Cell 2 (Plastic) = 0.003478
Trial: 400, Time:28.925s
Trial 400: Cell 1 (Static) = 0.003920 | Cell 2 (Plastic) = 0.003467
Trial: 401, Time:28.829s
Trial 401: Cell 1 (Static) = 0.003909 | Cell 2 (Plastic) = 0.003478
Trial: 402, Time:35.862s
Trial 402: Cell 1 (Static) = 0.003897 | Cell 2 (Plastic) = 0.003488
Trial: 403, Time:35.376s
Trial 403: Cell 1 (Static) = 0.003885 | Cell 2 (Plastic) = 0.003499
Trial: 404, Time:34.922s
Trial 404: Cell 1 (Static) = 0.003874 | Cell 2 (Plastic) = 0.003509
Trial: 405, Time:34.988s
Trial 405: Cell 1 (Static) = 0.003862 | Cell 2 (Plastic) = 0.003520
Trial: 406, Time:34.685s
Trial 406: Cell 1 (Static) = 0.003851 | Cell 2 (Plastic) = 0.003530
Trial: 407, Time:34.612s
Trial 407: Cell 1 (Static) = 0.003839 | Cell 2 (Plastic) = 0.003541
Trial: 408, Time:34.308s
Trial 408: Cell 1 (Static) = 0.003828 | Cell 2 (Plastic) = 0.003551
Trial: 409, Time:34.152s
Trial 409: Cell 1 (Static) = 0.003816 | Cell 2 (Plastic) = 0.003562
Trial: 410, Time:33.934s
Trial 410: Cell 1 (Static) = 0.003805 | Cell 2 (Plastic) = 0.003573
Trial: 411, Time:34.052s
Trial 411: Cell 1 (Static) = 0.003793 | Cell 2 (Plastic) = 0.003583
Trial: 412, Time:33.564s
Trial 412: Cell 1 (Static) = 0.003782 | Cell 2 (Plastic) = 0.003594
Trial: 413, Time:33.503s
Trial 413: Cell 1 (Static) = 0.003771 | Cell 2 (Plastic) = 0.003605
Trial: 414, Time:33.322s
Trial 414: Cell 1 (Static) = 0.003759 | Cell 2 (Plastic) = 0.003616
Trial: 415, Time:33.474s
Trial 415: Cell 1 (Static) = 0.003748 | Cell 2 (Plastic) = 0.003627
Trial: 416, Time:32.879s
Trial 416: Cell 1 (Static) = 0.003737 | Cell 2 (Plastic) = 0.003638
Trial: 417, Time:32.868s
Trial 417: Cell 1 (Static) = 0.003726 | Cell 2 (Plastic) = 0.003648
Trial: 418, Time:32.776s
Trial 418: Cell 1 (Static) = 0.003715 | Cell 2 (Plastic) = 0.003659
Trial: 419, Time:32.848s
Trial 419: Cell 1 (Static) = 0.003703 | Cell 2 (Plastic) = 0.003670
Trial: 420, Time:32.352s
Trial 420: Cell 1 (Static) = 0.003692 | Cell 2 (Plastic) = 0.003681
Trial: 421, Time:32.383s
Trial 421: Cell 1 (Static) = 0.003681 | Cell 2 (Plastic) = 0.003692
Trial: 422, Time:32.041s
Trial 422: Cell 1 (Static) = 0.003670 | Cell 2 (Plastic) = 0.003703
Trial: 423, Time:32.239s
Trial 423: Cell 1 (Static) = 0.003681 | Cell 2 (Plastic) = 0.003715
Trial: 424, Time:31.922s
Trial 424: Cell 1 (Static) = 0.003681 | Cell 2 (Plastic) = 0.003726
Trial: 425, Time:31.700s
Trial 425: Cell 1 (Static) = 0.003692 | Cell 2 (Plastic) = 0.003737
Trial: 426, Time:31.598s
Trial 426: Cell 1 (Static) = 0.003681 | Cell 2 (Plastic) = 0.003748
Trial: 427, Time:31.704s
Trial 427: Cell 1 (Static) = 0.003692 | Cell 2 (Plastic) = 0.003759
Trial: 428, Time:31.355s
Trial 428: Cell 1 (Static) = 0.003681 | Cell 2 (Plastic) = 0.003771
Trial: 429, Time:31.543s
Trial 429: Cell 1 (Static) = 0.003670 | Cell 2 (Plastic) = 0.003782
Trial: 430, Time:31.226s
Trial 430: Cell 1 (Static) = 0.003681 | Cell 2 (Plastic) = 0.003793
Trial: 431, Time:31.060s
Trial 431: Cell 1 (Static) = 0.003692 | Cell 2 (Plastic) = 0.003805
Trial: 432, Time:30.830s
Trial 432: Cell 1 (Static) = 0.003681 | Cell 2 (Plastic) = 0.003816
Trial: 433, Time:31.008s
Trial 433: Cell 1 (Static) = 0.003670 | Cell 2 (Plastic) = 0.003828
Trial: 434, Time:30.351s
Trial 434: Cell 1 (Static) = 0.003659 | Cell 2 (Plastic) = 0.003839
Trial: 435, Time:30.451s
Trial 435: Cell 1 (Static) = 0.003659 | Cell 2 (Plastic) = 0.003851
Trial: 436, Time:30.599s
Trial 436: Cell 1 (Static) = 0.003670 | Cell 2 (Plastic) = 0.003862
Trial: 437, Time:30.473s
Trial 437: Cell 1 (Static) = 0.003681 | Cell 2 (Plastic) = 0.003874
Trial: 438, Time:30.256s
Trial 438: Cell 1 (Static) = 0.003670 | Cell 2 (Plastic) = 0.003885
Trial: 439, Time:30.342s
Trial 439: Cell 1 (Static) = 0.003659 | Cell 2 (Plastic) = 0.003897
Trial: 440, Time:30.011s
Trial 440: Cell 1 (Static) = 0.003670 | Cell 2 (Plastic) = 0.003909
Trial: 441, Time:29.910s
Trial 441: Cell 1 (Static) = 0.003681 | Cell 2 (Plastic) = 0.003920
Trial: 442, Time:29.830s
Trial 442: Cell 1 (Static) = 0.003692 | Cell 2 (Plastic) = 0.003932
Trial: 443, Time:29.595s
Trial 443: Cell 1 (Static) = 0.003681 | Cell 2 (Plastic) = 0.003944
Trial: 444, Time:29.731s
Trial 444: Cell 1 (Static) = 0.003692 | Cell 2 (Plastic) = 0.003956
Trial: 445, Time:29.748s
Trial 445: Cell 1 (Static) = 0.003681 | Cell 2 (Plastic) = 0.003968
Trial: 446, Time:29.644s
Trial 446: Cell 1 (Static) = 0.003670 | Cell 2 (Plastic) = 0.003980
Trial: 447, Time:29.497s
Trial 447: Cell 1 (Static) = 0.003659 | Cell 2 (Plastic) = 0.003991
Trial: 448, Time:29.421s
Trial 448: Cell 1 (Static) = 0.003670 | Cell 2 (Plastic) = 0.004003
Trial: 449, Time:29.379s
Trial 449: Cell 1 (Static) = 0.003659 | Cell 2 (Plastic) = 0.004015
Trial: 450, Time:29.119s
Trial 450: Cell 1 (Static) = 0.003670 | Cell 2 (Plastic) = 0.004028
Trial: 451, Time:29.279s
Trial 451: Cell 1 (Static) = 0.003681 | Cell 2 (Plastic) = 0.004040
Trial: 452, Time:38.024s
Trial 452: Cell 1 (Static) = 0.003692 | Cell 2 (Plastic) = 0.004052
Trial: 453, Time:37.801s
Trial 453: Cell 1 (Static) = 0.003703 | Cell 2 (Plastic) = 0.004064
Trial: 454, Time:37.274s
Trial 454: Cell 1 (Static) = 0.003715 | Cell 2 (Plastic) = 0.004076
Trial: 455, Time:37.367s
Trial 455: Cell 1 (Static) = 0.003726 | Cell 2 (Plastic) = 0.004088
Trial: 456, Time:37.043s
Trial 456: Cell 1 (Static) = 0.003737 | Cell 2 (Plastic) = 0.004101
Trial: 457, Time:36.849s
Trial 457: Cell 1 (Static) = 0.003726 | Cell 2 (Plastic) = 0.004113
Trial: 458, Time:36.587s
Trial 458: Cell 1 (Static) = 0.003715 | Cell 2 (Plastic) = 0.004125
Trial: 459, Time:36.479s
Trial 459: Cell 1 (Static) = 0.003703 | Cell 2 (Plastic) = 0.004138
Trial: 460, Time:36.119s
Trial 460: Cell 1 (Static) = 0.003692 | Cell 2 (Plastic) = 0.004150
Trial: 461, Time:35.971s
Trial 461: Cell 1 (Static) = 0.003703 | Cell 2 (Plastic) = 0.004162
Trial: 462, Time:35.753s
Trial 462: Cell 1 (Static) = 0.003715 | Cell 2 (Plastic) = 0.004175
Trial: 463, Time:35.406s
Trial 463: Cell 1 (Static) = 0.003726 | Cell 2 (Plastic) = 0.004187
Trial: 464, Time:35.256s
Trial 464: Cell 1 (Static) = 0.003715 | Cell 2 (Plastic) = 0.004200
Trial: 465, Time:35.234s
Trial 465: Cell 1 (Static) = 0.003726 | Cell 2 (Plastic) = 0.004213
Trial: 466, Time:34.940s
Trial 466: Cell 1 (Static) = 0.003726 | Cell 2 (Plastic) = 0.004225
Trial: 467, Time:34.815s
Trial 467: Cell 1 (Static) = 0.003715 | Cell 2 (Plastic) = 0.004213
Trial: 468, Time:34.538s
Trial 468: Cell 1 (Static) = 0.003726 | Cell 2 (Plastic) = 0.004200
Trial: 469, Time:34.419s
Trial 469: Cell 1 (Static) = 0.003715 | Cell 2 (Plastic) = 0.004213
Trial: 470, Time:34.231s
Trial 470: Cell 1 (Static) = 0.003726 | Cell 2 (Plastic) = 0.004225
Trial: 471, Time:34.169s
Trial 471: Cell 1 (Static) = 0.003715 | Cell 2 (Plastic) = 0.004238
Trial: 472, Time:33.981s
Trial 472: Cell 1 (Static) = 0.003703 | Cell 2 (Plastic) = 0.004225
Trial: 473, Time:33.774s
Trial 473: Cell 1 (Static) = 0.003692 | Cell 2 (Plastic) = 0.004213
Trial: 474, Time:33.682s
Trial 474: Cell 1 (Static) = 0.003703 | Cell 2 (Plastic) = 0.004225
Trial: 475, Time:33.362s
Trial 475: Cell 1 (Static) = 0.003715 | Cell 2 (Plastic) = 0.004213
Trial: 476, Time:33.032s
Trial 476: Cell 1 (Static) = 0.003726 | Cell 2 (Plastic) = 0.004225
Trial: 477, Time:33.143s
Trial 477: Cell 1 (Static) = 0.003715 | Cell 2 (Plastic) = 0.004225
Trial: 478, Time:33.069s
Trial 478: Cell 1 (Static) = 0.003726 | Cell 2 (Plastic) = 0.004238
Trial: 479, Time:32.865s
Trial 479: Cell 1 (Static) = 0.003715 | Cell 2 (Plastic) = 0.004225
Trial: 480, Time:32.546s
Trial 480: Cell 1 (Static) = 0.003726 | Cell 2 (Plastic) = 0.004213
Trial: 481, Time:32.523s
Trial 481: Cell 1 (Static) = 0.003715 | Cell 2 (Plastic) = 0.004200
Trial: 482, Time:32.272s
Trial 482: Cell 1 (Static) = 0.003726 | Cell 2 (Plastic) = 0.004213
Trial: 483, Time:32.077s
Trial 483: Cell 1 (Static) = 0.003715 | Cell 2 (Plastic) = 0.004200
Trial: 484, Time:31.888s
Trial 484: Cell 1 (Static) = 0.003703 | Cell 2 (Plastic) = 0.004213
Trial: 485, Time:31.955s
Trial 485: Cell 1 (Static) = 0.003715 | Cell 2 (Plastic) = 0.004225
Trial: 486, Time:31.523s
Trial 486: Cell 1 (Static) = 0.003703 | Cell 2 (Plastic) = 0.004213
Trial: 487, Time:31.582s
Trial 487: Cell 1 (Static) = 0.003715 | Cell 2 (Plastic) = 0.004225
Trial: 488, Time:31.324s
Trial 488: Cell 1 (Static) = 0.003726 | Cell 2 (Plastic) = 0.004238
Trial: 489, Time:31.315s
Trial 489: Cell 1 (Static) = 0.003715 | Cell 2 (Plastic) = 0.004225
Trial: 490, Time:31.068s
Trial 490: Cell 1 (Static) = 0.003703 | Cell 2 (Plastic) = 0.004213
Trial: 491, Time:31.255s
Trial 491: Cell 1 (Static) = 0.003703 | Cell 2 (Plastic) = 0.004225
Trial: 492, Time:30.886s
Trial 492: Cell 1 (Static) = 0.003715 | Cell 2 (Plastic) = 0.004238
Trial: 493, Time:30.787s
Trial 493: Cell 1 (Static) = 0.003726 | Cell 2 (Plastic) = 0.004225
Trial: 494, Time:30.708s
Trial 494: Cell 1 (Static) = 0.003737 | Cell 2 (Plastic) = 0.004238
Trial: 495, Time:30.566s
Trial 495: Cell 1 (Static) = 0.003726 | Cell 2 (Plastic) = 0.004225
Trial: 496, Time:30.466s
Trial 496: Cell 1 (Static) = 0.003726 | Cell 2 (Plastic) = 0.004225
Trial: 497, Time:30.482s
Trial 497: Cell 1 (Static) = 0.003715 | Cell 2 (Plastic) = 0.004238
Trial: 498, Time:30.283s
Trial 498: Cell 1 (Static) = 0.003726 | Cell 2 (Plastic) = 0.004225
Trial: 499, Time:30.117s
Trial 499: Cell 1 (Static) = 0.003715 | Cell 2 (Plastic) = 0.004213
Trial: 500, Time:30.246s
Trial 500: Cell 1 (Static) = 0.003726 | Cell 2 (Plastic) = 0.004225
Trial: 501, Time:29.851s
Trial 501: Cell 1 (Static) = 0.003737 | Cell 2 (Plastic) = 0.004238
Trial: 502, Time:36.236s
Trial 502: Cell 1 (Static) = 0.003748 | Cell 2 (Plastic) = 0.004251
Trial: 503, Time:35.744s
Trial 503: Cell 1 (Static) = 0.003759 | Cell 2 (Plastic) = 0.004263
Trial: 504, Time:35.496s
Trial 504: Cell 1 (Static) = 0.003771 | Cell 2 (Plastic) = 0.004276
Trial: 505, Time:35.410s
Trial 505: Cell 1 (Static) = 0.003782 | Cell 2 (Plastic) = 0.004289
Trial: 506, Time:35.129s
Trial 506: Cell 1 (Static) = 0.003793 | Cell 2 (Plastic) = 0.004302
Trial: 507, Time:35.069s
Trial 507: Cell 1 (Static) = 0.003805 | Cell 2 (Plastic) = 0.004315
Trial: 508, Time:34.832s
Trial 508: Cell 1 (Static) = 0.003816 | Cell 2 (Plastic) = 0.004328
Trial: 509, Time:34.489s
Trial 509: Cell 1 (Static) = 0.003828 | Cell 2 (Plastic) = 0.004341
Trial: 510, Time:34.451s
Trial 510: Cell 1 (Static) = 0.003839 | Cell 2 (Plastic) = 0.004354
Trial: 511, Time:34.046s
Trial 511: Cell 1 (Static) = 0.003851 | Cell 2 (Plastic) = 0.004367
Trial: 512, Time:34.019s
Trial 512: Cell 1 (Static) = 0.003862 | Cell 2 (Plastic) = 0.004380
Trial: 513, Time:33.995s
Trial 513: Cell 1 (Static) = 0.003874 | Cell 2 (Plastic) = 0.004393
Trial: 514, Time:33.856s
Trial 514: Cell 1 (Static) = 0.003885 | Cell 2 (Plastic) = 0.004406
Trial: 515, Time:33.664s
Trial 515: Cell 1 (Static) = 0.003897 | Cell 2 (Plastic) = 0.004419
Trial: 516, Time:33.411s
Trial 516: Cell 1 (Static) = 0.003909 | Cell 2 (Plastic) = 0.004433
Trial: 517, Time:33.242s
Trial 517: Cell 1 (Static) = 0.003920 | Cell 2 (Plastic) = 0.004446
Trial: 518, Time:33.198s
Trial 518: Cell 1 (Static) = 0.003932 | Cell 2 (Plastic) = 0.004459
Trial: 519, Time:32.968s
Trial 519: Cell 1 (Static) = 0.003944 | Cell 2 (Plastic) = 0.004473
Trial: 520, Time:32.653s
Trial 520: Cell 1 (Static) = 0.003956 | Cell 2 (Plastic) = 0.004486
Trial: 521, Time:32.608s
Trial 521: Cell 1 (Static) = 0.003968 | Cell 2 (Plastic) = 0.004500
Trial: 522, Time:32.462s
Trial 522: Cell 1 (Static) = 0.003980 | Cell 2 (Plastic) = 0.004513
Trial: 523, Time:32.527s
Trial 523: Cell 1 (Static) = 0.003991 | Cell 2 (Plastic) = 0.004527
Trial: 524, Time:32.227s
Trial 524: Cell 1 (Static) = 0.004003 | Cell 2 (Plastic) = 0.004540
Trial: 525, Time:32.162s
Trial 525: Cell 1 (Static) = 0.004015 | Cell 2 (Plastic) = 0.004554
Trial: 526, Time:31.933s
Trial 526: Cell 1 (Static) = 0.004028 | Cell 2 (Plastic) = 0.004567
Trial: 527, Time:31.876s
Trial 527: Cell 1 (Static) = 0.004040 | Cell 2 (Plastic) = 0.004581
Trial: 528, Time:31.740s
Trial 528: Cell 1 (Static) = 0.004052 | Cell 2 (Plastic) = 0.004595
Trial: 529, Time:31.547s
Trial 529: Cell 1 (Static) = 0.004064 | Cell 2 (Plastic) = 0.004609
Trial: 530, Time:31.544s
Trial 530: Cell 1 (Static) = 0.004076 | Cell 2 (Plastic) = 0.004623
Trial: 531, Time:31.358s
Trial 531: Cell 1 (Static) = 0.004088 | Cell 2 (Plastic) = 0.004636
Trial: 532, Time:31.465s
Trial 532: Cell 1 (Static) = 0.004101 | Cell 2 (Plastic) = 0.004650
Trial: 533, Time:31.071s
Trial 533: Cell 1 (Static) = 0.004113 | Cell 2 (Plastic) = 0.004664
Trial: 534, Time:31.084s
Trial 534: Cell 1 (Static) = 0.004125 | Cell 2 (Plastic) = 0.004678
Trial: 535, Time:31.141s
Trial 535: Cell 1 (Static) = 0.004138 | Cell 2 (Plastic) = 0.004692
Trial: 536, Time:30.829s
Trial 536: Cell 1 (Static) = 0.004150 | Cell 2 (Plastic) = 0.004706
Trial: 537, Time:30.734s
Trial 537: Cell 1 (Static) = 0.004162 | Cell 2 (Plastic) = 0.004720
Trial: 538, Time:30.639s
Trial 538: Cell 1 (Static) = 0.004175 | Cell 2 (Plastic) = 0.004735
Trial: 539, Time:30.431s
Trial 539: Cell 1 (Static) = 0.004187 | Cell 2 (Plastic) = 0.004749
Trial: 540, Time:30.365s
Trial 540: Cell 1 (Static) = 0.004200 | Cell 2 (Plastic) = 0.004763
Trial: 541, Time:30.473s
Trial 541: Cell 1 (Static) = 0.004213 | Cell 2 (Plastic) = 0.004777
Trial: 542, Time:30.074s
Trial 542: Cell 1 (Static) = 0.004225 | Cell 2 (Plastic) = 0.004792
Trial: 543, Time:30.247s
Trial 543: Cell 1 (Static) = 0.004238 | Cell 2 (Plastic) = 0.004806
Trial: 544, Time:30.333s
Trial 544: Cell 1 (Static) = 0.004251 | Cell 2 (Plastic) = 0.004821
Trial: 545, Time:29.945s
Trial 545: Cell 1 (Static) = 0.004263 | Cell 2 (Plastic) = 0.004835
Trial: 546, Time:29.948s
Trial 546: Cell 1 (Static) = 0.004276 | Cell 2 (Plastic) = 0.004849
Trial: 547, Time:29.842s
Trial 547: Cell 1 (Static) = 0.004289 | Cell 2 (Plastic) = 0.004864
Trial: 548, Time:29.772s
Trial 548: Cell 1 (Static) = 0.004302 | Cell 2 (Plastic) = 0.004879
Trial: 549, Time:29.468s
Trial 549: Cell 1 (Static) = 0.004315 | Cell 2 (Plastic) = 0.004893
Trial: 550, Time:29.638s
Trial 550: Cell 1 (Static) = 0.004328 | Cell 2 (Plastic) = 0.004908
Trial: 551, Time:29.192s
Trial 551: Cell 1 (Static) = 0.004341 | Cell 2 (Plastic) = 0.004893
Trial: 552, Time:37.774s
Trial 552: Cell 1 (Static) = 0.004354 | Cell 2 (Plastic) = 0.004879
Trial: 553, Time:37.437s
Trial 553: Cell 1 (Static) = 0.004367 | Cell 2 (Plastic) = 0.004864
Trial: 554, Time:37.200s
Trial 554: Cell 1 (Static) = 0.004380 | Cell 2 (Plastic) = 0.004849
Trial: 555, Time:36.979s
Trial 555: Cell 1 (Static) = 0.004393 | Cell 2 (Plastic) = 0.004835
Trial: 556, Time:36.824s
Trial 556: Cell 1 (Static) = 0.004406 | Cell 2 (Plastic) = 0.004821
Trial: 557, Time:36.548s
Trial 557: Cell 1 (Static) = 0.004419 | Cell 2 (Plastic) = 0.004806
Trial: 558, Time:36.353s
Trial 558: Cell 1 (Static) = 0.004433 | Cell 2 (Plastic) = 0.004792
Trial: 559, Time:36.076s
Trial 559: Cell 1 (Static) = 0.004446 | Cell 2 (Plastic) = 0.004777
Trial: 560, Time:35.851s
Trial 560: Cell 1 (Static) = 0.004459 | Cell 2 (Plastic) = 0.004763
Trial: 561, Time:35.713s
Trial 561: Cell 1 (Static) = 0.004473 | Cell 2 (Plastic) = 0.004749
Trial: 562, Time:35.612s
Trial 562: Cell 1 (Static) = 0.004486 | Cell 2 (Plastic) = 0.004735
Trial: 563, Time:35.276s
Trial 563: Cell 1 (Static) = 0.004500 | Cell 2 (Plastic) = 0.004720
Trial: 564, Time:35.249s
Trial 564: Cell 1 (Static) = 0.004513 | Cell 2 (Plastic) = 0.004706
Trial: 565, Time:35.094s
Trial 565: Cell 1 (Static) = 0.004500 | Cell 2 (Plastic) = 0.004692
Trial: 566, Time:34.883s
Trial 566: Cell 1 (Static) = 0.004486 | Cell 2 (Plastic) = 0.004678
Trial: 567, Time:34.527s
Trial 567: Cell 1 (Static) = 0.004500 | Cell 2 (Plastic) = 0.004664
Trial: 568, Time:34.454s
Trial 568: Cell 1 (Static) = 0.004513 | Cell 2 (Plastic) = 0.004650
Trial: 569, Time:34.113s
Trial 569: Cell 1 (Static) = 0.004527 | Cell 2 (Plastic) = 0.004636
Trial: 570, Time:34.243s
Trial 570: Cell 1 (Static) = 0.004513 | Cell 2 (Plastic) = 0.004623
Trial: 571, Time:33.912s
Trial 571: Cell 1 (Static) = 0.004500 | Cell 2 (Plastic) = 0.004609
Trial: 572, Time:33.716s
Trial 572: Cell 1 (Static) = 0.004513 | Cell 2 (Plastic) = 0.004595
Trial: 573, Time:33.687s
Trial 573: Cell 1 (Static) = 0.004500 | Cell 2 (Plastic) = 0.004581
Trial: 574, Time:33.604s
Trial 574: Cell 1 (Static) = 0.004500 | Cell 2 (Plastic) = 0.004567
Trial: 575, Time:33.280s
Trial 575: Cell 1 (Static) = 0.004486 | Cell 2 (Plastic) = 0.004554
Trial: 576, Time:33.284s
Trial 576: Cell 1 (Static) = 0.004473 | Cell 2 (Plastic) = 0.004540
Trial: 577, Time:33.024s
Trial 577: Cell 1 (Static) = 0.004486 | Cell 2 (Plastic) = 0.004527
Trial: 578, Time:32.804s
Trial 578: Cell 1 (Static) = 0.004500 | Cell 2 (Plastic) = 0.004540
Trial: 579, Time:32.737s
Trial 579: Cell 1 (Static) = 0.004486 | Cell 2 (Plastic) = 0.004554
Trial: 580, Time:32.575s
Trial 580: Cell 1 (Static) = 0.004473 | Cell 2 (Plastic) = 0.004540
Trial: 581, Time:32.426s
Trial 581: Cell 1 (Static) = 0.004486 | Cell 2 (Plastic) = 0.004540
Trial: 582, Time:32.319s
Trial 582: Cell 1 (Static) = 0.004500 | Cell 2 (Plastic) = 0.004554
Trial: 583, Time:32.307s
Trial 583: Cell 1 (Static) = 0.004486 | Cell 2 (Plastic) = 0.004540
Trial: 584, Time:32.119s
Trial 584: Cell 1 (Static) = 0.004473 | Cell 2 (Plastic) = 0.004554
Trial: 585, Time:32.258s
Trial 585: Cell 1 (Static) = 0.004459 | Cell 2 (Plastic) = 0.004567
Trial: 586, Time:32.064s
Trial 586: Cell 1 (Static) = 0.004459 | Cell 2 (Plastic) = 0.004554
Trial: 587, Time:31.750s
Trial 587: Cell 1 (Static) = 0.004473 | Cell 2 (Plastic) = 0.004567
Trial: 588, Time:31.513s
Trial 588: Cell 1 (Static) = 0.004486 | Cell 2 (Plastic) = 0.004554
Trial: 589, Time:31.704s
Trial 589: Cell 1 (Static) = 0.004500 | Cell 2 (Plastic) = 0.004540
Trial: 590, Time:31.260s
Trial 590: Cell 1 (Static) = 0.004486 | Cell 2 (Plastic) = 0.004554
Trial: 591, Time:31.341s
Trial 591: Cell 1 (Static) = 0.004500 | Cell 2 (Plastic) = 0.004540
Trial: 592, Time:31.241s
Trial 592: Cell 1 (Static) = 0.004513 | Cell 2 (Plastic) = 0.004554
Trial: 593, Time:31.171s
Trial 593: Cell 1 (Static) = 0.004500 | Cell 2 (Plastic) = 0.004540
Trial: 594, Time:31.030s
Trial 594: Cell 1 (Static) = 0.004486 | Cell 2 (Plastic) = 0.004554
Trial: 595, Time:30.940s
Trial 595: Cell 1 (Static) = 0.004500 | Cell 2 (Plastic) = 0.004540
Trial: 596, Time:30.571s
Trial 596: Cell 1 (Static) = 0.004513 | Cell 2 (Plastic) = 0.004527
Trial: 597, Time:30.426s
Trial 597: Cell 1 (Static) = 0.004527 | Cell 2 (Plastic) = 0.004540
Trial: 598, Time:30.487s
Trial 598: Cell 1 (Static) = 0.004527 | Cell 2 (Plastic) = 0.004527
Trial: 599, Time:30.351s
Trial 599: Cell 1 (Static) = 0.004513 | Cell 2 (Plastic) = 0.004540
Trial: 600, Time:30.260s
Trial 600: Cell 1 (Static) = 0.004500 | Cell 2 (Plastic) = 0.004527
Trial: 601, Time:30.152s
Trial 601: Cell 1 (Static) = 0.004486 | Cell 2 (Plastic) = 0.004540
Trial: 602, Time:32.989s
Trial 602: Cell 1 (Static) = 0.004473 | Cell 2 (Plastic) = 0.004554
Trial: 603, Time:32.449s
Trial 603: Cell 1 (Static) = 0.004459 | Cell 2 (Plastic) = 0.004567
Trial: 604, Time:32.114s
Trial 604: Cell 1 (Static) = 0.004446 | Cell 2 (Plastic) = 0.004581
Trial: 605, Time:31.999s
Trial 605: Cell 1 (Static) = 0.004433 | Cell 2 (Plastic) = 0.004567
Trial: 606, Time:31.956s
Trial 606: Cell 1 (Static) = 0.004419 | Cell 2 (Plastic) = 0.004581
Trial: 607, Time:31.755s
Trial 607: Cell 1 (Static) = 0.004406 | Cell 2 (Plastic) = 0.004595
Trial: 608, Time:31.726s
Trial 608: Cell 1 (Static) = 0.004393 | Cell 2 (Plastic) = 0.004609
Trial: 609, Time:31.467s
Trial 609: Cell 1 (Static) = 0.004380 | Cell 2 (Plastic) = 0.004609
Trial: 610, Time:31.164s
Trial 610: Cell 1 (Static) = 0.004367 | Cell 2 (Plastic) = 0.004623
Trial: 611, Time:31.196s
Trial 611: Cell 1 (Static) = 0.004354 | Cell 2 (Plastic) = 0.004636
Trial: 612, Time:30.879s
Trial 612: Cell 1 (Static) = 0.004341 | Cell 2 (Plastic) = 0.004623
Trial: 613, Time:30.731s
Trial 613: Cell 1 (Static) = 0.004328 | Cell 2 (Plastic) = 0.004609
Trial: 614, Time:30.559s
Trial 614: Cell 1 (Static) = 0.004315 | Cell 2 (Plastic) = 0.004595
Trial: 615, Time:30.393s
Trial 615: Cell 1 (Static) = 0.004302 | Cell 2 (Plastic) = 0.004609
Trial: 616, Time:30.390s
Trial 616: Cell 1 (Static) = 0.004289 | Cell 2 (Plastic) = 0.004595
Trial: 617, Time:30.262s
Trial 617: Cell 1 (Static) = 0.004276 | Cell 2 (Plastic) = 0.004609
Trial: 618, Time:30.107s
Trial 618: Cell 1 (Static) = 0.004263 | Cell 2 (Plastic) = 0.004623
Trial: 619, Time:30.045s
Trial 619: Cell 1 (Static) = 0.004251 | Cell 2 (Plastic) = 0.004609
Trial: 620, Time:29.962s
Trial 620: Cell 1 (Static) = 0.004238 | Cell 2 (Plastic) = 0.004595
Trial: 621, Time:29.799s
Trial 621: Cell 1 (Static) = 0.004225 | Cell 2 (Plastic) = 0.004609
Trial: 622, Time:29.639s
Trial 622: Cell 1 (Static) = 0.004213 | Cell 2 (Plastic) = 0.004623
Trial: 623, Time:29.492s
Trial 623: Cell 1 (Static) = 0.004200 | Cell 2 (Plastic) = 0.004623
Trial: 624, Time:29.418s
Trial 624: Cell 1 (Static) = 0.004187 | Cell 2 (Plastic) = 0.004609
Trial: 625, Time:29.179s
Trial 625: Cell 1 (Static) = 0.004175 | Cell 2 (Plastic) = 0.004595
Trial: 626, Time:29.275s
Trial 626: Cell 1 (Static) = 0.004162 | Cell 2 (Plastic) = 0.004609
Trial: 627, Time:29.167s
Trial 627: Cell 1 (Static) = 0.004150 | Cell 2 (Plastic) = 0.004609
Trial: 628, Time:29.049s
Trial 628: Cell 1 (Static) = 0.004138 | Cell 2 (Plastic) = 0.004623
Trial: 629, Time:28.938s
Trial 629: Cell 1 (Static) = 0.004125 | Cell 2 (Plastic) = 0.004623
Trial: 630, Time:28.853s
Trial 630: Cell 1 (Static) = 0.004113 | Cell 2 (Plastic) = 0.004609
Trial: 631, Time:28.818s
Trial 631: Cell 1 (Static) = 0.004125 | Cell 2 (Plastic) = 0.004623
Trial: 632, Time:28.589s
Trial 632: Cell 1 (Static) = 0.004113 | Cell 2 (Plastic) = 0.004609
Trial: 633, Time:28.490s
Trial 633: Cell 1 (Static) = 0.004101 | Cell 2 (Plastic) = 0.004609
Trial: 634, Time:28.517s
Trial 634: Cell 1 (Static) = 0.004113 | Cell 2 (Plastic) = 0.004623
Trial: 635, Time:28.471s
Trial 635: Cell 1 (Static) = 0.004125 | Cell 2 (Plastic) = 0.004623
Trial: 636, Time:28.255s
Trial 636: Cell 1 (Static) = 0.004113 | Cell 2 (Plastic) = 0.004636
Trial: 637, Time:28.348s
Trial 637: Cell 1 (Static) = 0.004125 | Cell 2 (Plastic) = 0.004623
Trial: 638, Time:28.203s
Trial 638: Cell 1 (Static) = 0.004113 | Cell 2 (Plastic) = 0.004609
Trial: 639, Time:28.217s
Trial 639: Cell 1 (Static) = 0.004101 | Cell 2 (Plastic) = 0.004623
Trial: 640, Time:28.070s
Trial 640: Cell 1 (Static) = 0.004088 | Cell 2 (Plastic) = 0.004636
Trial: 641, Time:27.790s
Trial 641: Cell 1 (Static) = 0.004101 | Cell 2 (Plastic) = 0.004623
Trial: 642, Time:27.840s
Trial 642: Cell 1 (Static) = 0.004088 | Cell 2 (Plastic) = 0.004609
Trial: 643, Time:27.674s
Trial 643: Cell 1 (Static) = 0.004076 | Cell 2 (Plastic) = 0.004595
Trial: 644, Time:27.916s
Trial 644: Cell 1 (Static) = 0.004088 | Cell 2 (Plastic) = 0.004595
Trial: 645, Time:27.800s
Trial 645: Cell 1 (Static) = 0.004088 | Cell 2 (Plastic) = 0.004609
Trial: 646, Time:27.660s
Trial 646: Cell 1 (Static) = 0.004088 | Cell 2 (Plastic) = 0.004609
Trial: 647, Time:27.580s
Trial 647: Cell 1 (Static) = 0.004076 | Cell 2 (Plastic) = 0.004623
Trial: 648, Time:27.463s
Trial 648: Cell 1 (Static) = 0.004088 | Cell 2 (Plastic) = 0.004623
Trial: 649, Time:27.401s
Trial 649: Cell 1 (Static) = 0.004101 | Cell 2 (Plastic) = 0.004609
Trial: 650, Time:27.497s
Trial 650: Cell 1 (Static) = 0.004113 | Cell 2 (Plastic) = 0.004623
Trial: 651, Time:27.491s
Trial 651: Cell 1 (Static) = 0.004125 | Cell 2 (Plastic) = 0.004609
Trial: 652, Time:37.990s
Trial 652: Cell 1 (Static) = 0.004138 | Cell 2 (Plastic) = 0.004609
Trial: 653, Time:37.697s
Trial 653: Cell 1 (Static) = 0.004150 | Cell 2 (Plastic) = 0.004595
Trial: 654, Time:37.390s
Trial 654: Cell 1 (Static) = 0.004162 | Cell 2 (Plastic) = 0.004581
Trial: 655, Time:37.196s
Trial 655: Cell 1 (Static) = 0.004175 | Cell 2 (Plastic) = 0.004595
Trial: 656, Time:37.001s
Trial 656: Cell 1 (Static) = 0.004187 | Cell 2 (Plastic) = 0.004581
Trial: 657, Time:36.868s
Trial 657: Cell 1 (Static) = 0.004200 | Cell 2 (Plastic) = 0.004567
Trial: 658, Time:36.332s
Trial 658: Cell 1 (Static) = 0.004213 | Cell 2 (Plastic) = 0.004581
Trial: 659, Time:36.159s
Trial 659: Cell 1 (Static) = 0.004225 | Cell 2 (Plastic) = 0.004595
Trial: 660, Time:36.007s
Trial 660: Cell 1 (Static) = 0.004238 | Cell 2 (Plastic) = 0.004609
Trial: 661, Time:35.913s
Trial 661: Cell 1 (Static) = 0.004251 | Cell 2 (Plastic) = 0.004595
Trial: 662, Time:35.765s
Trial 662: Cell 1 (Static) = 0.004263 | Cell 2 (Plastic) = 0.004581
Trial: 663, Time:35.717s
Trial 663: Cell 1 (Static) = 0.004276 | Cell 2 (Plastic) = 0.004595
Trial: 664, Time:35.445s
Trial 664: Cell 1 (Static) = 0.004289 | Cell 2 (Plastic) = 0.004609
Trial: 665, Time:35.249s
Trial 665: Cell 1 (Static) = 0.004302 | Cell 2 (Plastic) = 0.004595
Trial: 666, Time:35.089s
Trial 666: Cell 1 (Static) = 0.004315 | Cell 2 (Plastic) = 0.004609
Trial: 667, Time:34.968s
Trial 667: Cell 1 (Static) = 0.004328 | Cell 2 (Plastic) = 0.004595
Trial: 668, Time:34.651s
Trial 668: Cell 1 (Static) = 0.004341 | Cell 2 (Plastic) = 0.004581
Trial: 669, Time:34.724s
Trial 669: Cell 1 (Static) = 0.004354 | Cell 2 (Plastic) = 0.004595
Trial: 670, Time:34.371s
Trial 670: Cell 1 (Static) = 0.004367 | Cell 2 (Plastic) = 0.004581
Trial: 671, Time:34.430s
Trial 671: Cell 1 (Static) = 0.004380 | Cell 2 (Plastic) = 0.004595
Trial: 672, Time:34.229s
Trial 672: Cell 1 (Static) = 0.004393 | Cell 2 (Plastic) = 0.004595
Trial: 673, Time:33.899s
Trial 673: Cell 1 (Static) = 0.004406 | Cell 2 (Plastic) = 0.004609
Trial: 674, Time:33.758s
Trial 674: Cell 1 (Static) = 0.004419 | Cell 2 (Plastic) = 0.004595
Trial: 675, Time:33.480s
Trial 675: Cell 1 (Static) = 0.004433 | Cell 2 (Plastic) = 0.004609
Trial: 676, Time:33.545s
Trial 676: Cell 1 (Static) = 0.004446 | Cell 2 (Plastic) = 0.004595
Trial: 677, Time:33.418s
Trial 677: Cell 1 (Static) = 0.004459 | Cell 2 (Plastic) = 0.004581
Trial: 678, Time:33.356s
Trial 678: Cell 1 (Static) = 0.004473 | Cell 2 (Plastic) = 0.004567
Trial: 679, Time:33.162s
Trial 679: Cell 1 (Static) = 0.004486 | Cell 2 (Plastic) = 0.004581
Trial: 680, Time:33.024s
Trial 680: Cell 1 (Static) = 0.004500 | Cell 2 (Plastic) = 0.004595
Trial: 681, Time:32.798s
Trial 681: Cell 1 (Static) = 0.004513 | Cell 2 (Plastic) = 0.004581
Trial: 682, Time:32.579s
Trial 682: Cell 1 (Static) = 0.004527 | Cell 2 (Plastic) = 0.004595
Trial: 683, Time:32.484s
Trial 683: Cell 1 (Static) = 0.004540 | Cell 2 (Plastic) = 0.004609
Trial: 684, Time:32.194s
Trial 684: Cell 1 (Static) = 0.004554 | Cell 2 (Plastic) = 0.004595
Trial: 685, Time:32.277s
Trial 685: Cell 1 (Static) = 0.004567 | Cell 2 (Plastic) = 0.004609
Trial: 686, Time:32.009s
Trial 686: Cell 1 (Static) = 0.004581 | Cell 2 (Plastic) = 0.004623
Trial: 687, Time:32.083s
Trial 687: Cell 1 (Static) = 0.004595 | Cell 2 (Plastic) = 0.004609
Trial: 688, Time:31.585s
Trial 688: Cell 1 (Static) = 0.004609 | Cell 2 (Plastic) = 0.004623
Trial: 689, Time:31.880s
Trial 689: Cell 1 (Static) = 0.004623 | Cell 2 (Plastic) = 0.004609
Trial: 690, Time:31.631s
Trial 690: Cell 1 (Static) = 0.004636 | Cell 2 (Plastic) = 0.004623
Trial: 691, Time:31.640s
Trial 691: Cell 1 (Static) = 0.004650 | Cell 2 (Plastic) = 0.004636
Trial: 692, Time:31.214s
Trial 692: Cell 1 (Static) = 0.004664 | Cell 2 (Plastic) = 0.004650
Trial: 693, Time:31.453s
Trial 693: Cell 1 (Static) = 0.004678 | Cell 2 (Plastic) = 0.004636
Trial: 694, Time:31.190s
Trial 694: Cell 1 (Static) = 0.004692 | Cell 2 (Plastic) = 0.004623
Trial: 695, Time:31.046s
Trial 695: Cell 1 (Static) = 0.004706 | Cell 2 (Plastic) = 0.004609
Trial: 696, Time:30.893s
Trial 696: Cell 1 (Static) = 0.004720 | Cell 2 (Plastic) = 0.004623
Trial: 697, Time:30.788s
Trial 697: Cell 1 (Static) = 0.004735 | Cell 2 (Plastic) = 0.004636
Trial: 698, Time:30.735s
Trial 698: Cell 1 (Static) = 0.004749 | Cell 2 (Plastic) = 0.004623
Trial: 699, Time:30.681s
Trial 699: Cell 1 (Static) = 0.004763 | Cell 2 (Plastic) = 0.004636
Trial: 700, Time:30.582s
Trial 700: Cell 1 (Static) = 0.004777 | Cell 2 (Plastic) = 0.004623
Trial: 701, Time:30.441s
Trial 701: Cell 1 (Static) = 0.004792 | Cell 2 (Plastic) = 0.004636
Trial: 702, Time:36.786s
Trial 702: Cell 1 (Static) = 0.004806 | Cell 2 (Plastic) = 0.004650
Trial: 703, Time:36.120s
Trial 703: Cell 1 (Static) = 0.004792 | Cell 2 (Plastic) = 0.004664
Trial: 704, Time:36.011s
Trial 704: Cell 1 (Static) = 0.004806 | Cell 2 (Plastic) = 0.004678
Trial: 705, Time:35.659s
Trial 705: Cell 1 (Static) = 0.004821 | Cell 2 (Plastic) = 0.004692
Trial: 706, Time:35.419s
Trial 706: Cell 1 (Static) = 0.004835 | Cell 2 (Plastic) = 0.004706
Trial: 707, Time:35.271s
Trial 707: Cell 1 (Static) = 0.004849 | Cell 2 (Plastic) = 0.004720
Trial: 708, Time:35.355s
Trial 708: Cell 1 (Static) = 0.004835 | Cell 2 (Plastic) = 0.004735
Trial: 709, Time:34.984s
Trial 709: Cell 1 (Static) = 0.004849 | Cell 2 (Plastic) = 0.004749
Trial: 710, Time:34.774s
Trial 710: Cell 1 (Static) = 0.004864 | Cell 2 (Plastic) = 0.004763
Trial: 711, Time:34.629s
Trial 711: Cell 1 (Static) = 0.004849 | Cell 2 (Plastic) = 0.004763
Trial: 712, Time:34.349s
Trial 712: Cell 1 (Static) = 0.004835 | Cell 2 (Plastic) = 0.004777
Trial: 713, Time:34.258s
Trial 713: Cell 1 (Static) = 0.004821 | Cell 2 (Plastic) = 0.004792
Trial: 714, Time:34.113s
Trial 714: Cell 1 (Static) = 0.004835 | Cell 2 (Plastic) = 0.004806
Trial: 715, Time:34.086s
Trial 715: Cell 1 (Static) = 0.004849 | Cell 2 (Plastic) = 0.004821
Trial: 716, Time:33.785s
Trial 716: Cell 1 (Static) = 0.004864 | Cell 2 (Plastic) = 0.004835
Trial: 717, Time:33.705s
Trial 717: Cell 1 (Static) = 0.004849 | Cell 2 (Plastic) = 0.004821
Trial: 718, Time:33.516s
Trial 718: Cell 1 (Static) = 0.004864 | Cell 2 (Plastic) = 0.004835
Trial: 719, Time:33.251s
Trial 719: Cell 1 (Static) = 0.004849 | Cell 2 (Plastic) = 0.004849
Trial: 720, Time:33.131s
Trial 720: Cell 1 (Static) = 0.004835 | Cell 2 (Plastic) = 0.004835
Trial: 721, Time:33.185s
Trial 721: Cell 1 (Static) = 0.004821 | Cell 2 (Plastic) = 0.004849
Trial: 722, Time:32.673s
Trial 722: Cell 1 (Static) = 0.004821 | Cell 2 (Plastic) = 0.004835
Trial: 723, Time:32.711s
Trial 723: Cell 1 (Static) = 0.004835 | Cell 2 (Plastic) = 0.004849
Trial: 724, Time:32.523s
Trial 724: Cell 1 (Static) = 0.004849 | Cell 2 (Plastic) = 0.004835
Trial: 725, Time:32.382s
Trial 725: Cell 1 (Static) = 0.004864 | Cell 2 (Plastic) = 0.004821
Trial: 726, Time:32.134s
Trial 726: Cell 1 (Static) = 0.004849 | Cell 2 (Plastic) = 0.004806
Trial: 727, Time:32.178s
Trial 727: Cell 1 (Static) = 0.004864 | Cell 2 (Plastic) = 0.004821
Trial: 728, Time:31.723s
Trial 728: Cell 1 (Static) = 0.004879 | Cell 2 (Plastic) = 0.004835
Trial: 729, Time:31.708s
Trial 729: Cell 1 (Static) = 0.004864 | Cell 2 (Plastic) = 0.004835
Trial: 730, Time:31.730s
Trial 730: Cell 1 (Static) = 0.004849 | Cell 2 (Plastic) = 0.004821
Trial: 731, Time:31.418s
Trial 731: Cell 1 (Static) = 0.004864 | Cell 2 (Plastic) = 0.004806
Trial: 732, Time:31.576s
Trial 732: Cell 1 (Static) = 0.004879 | Cell 2 (Plastic) = 0.004792
Trial: 733, Time:31.236s
Trial 733: Cell 1 (Static) = 0.004864 | Cell 2 (Plastic) = 0.004806
Trial: 734, Time:31.227s
Trial 734: Cell 1 (Static) = 0.004849 | Cell 2 (Plastic) = 0.004821
Trial: 735, Time:31.135s
Trial 735: Cell 1 (Static) = 0.004835 | Cell 2 (Plastic) = 0.004835
Trial: 736, Time:30.958s
Trial 736: Cell 1 (Static) = 0.004849 | Cell 2 (Plastic) = 0.004821
Trial: 737, Time:30.781s
Trial 737: Cell 1 (Static) = 0.004835 | Cell 2 (Plastic) = 0.004835
Trial: 738, Time:30.810s
Trial 738: Cell 1 (Static) = 0.004849 | Cell 2 (Plastic) = 0.004821
Trial: 739, Time:30.653s
Trial 739: Cell 1 (Static) = 0.004835 | Cell 2 (Plastic) = 0.004835
Trial: 740, Time:30.198s
Trial 740: Cell 1 (Static) = 0.004849 | Cell 2 (Plastic) = 0.004849
Trial: 741, Time:30.385s
Trial 741: Cell 1 (Static) = 0.004864 | Cell 2 (Plastic) = 0.004835
Trial: 742, Time:30.371s
Trial 742: Cell 1 (Static) = 0.004879 | Cell 2 (Plastic) = 0.004821
Trial: 743, Time:30.255s
Trial 743: Cell 1 (Static) = 0.004864 | Cell 2 (Plastic) = 0.004835
Trial: 744, Time:30.104s
Trial 744: Cell 1 (Static) = 0.004849 | Cell 2 (Plastic) = 0.004849
Trial: 745, Time:30.141s
Trial 745: Cell 1 (Static) = 0.004835 | Cell 2 (Plastic) = 0.004835
Trial: 746, Time:29.948s
Trial 746: Cell 1 (Static) = 0.004821 | Cell 2 (Plastic) = 0.004821
Trial: 747, Time:29.843s
Trial 747: Cell 1 (Static) = 0.004835 | Cell 2 (Plastic) = 0.004835
Trial: 748, Time:29.770s
Trial 748: Cell 1 (Static) = 0.004849 | Cell 2 (Plastic) = 0.004821
Trial: 749, Time:29.533s
Trial 749: Cell 1 (Static) = 0.004835 | Cell 2 (Plastic) = 0.004835
Trial: 750, Time:29.284s
Trial 750: Cell 1 (Static) = 0.004835 | Cell 2 (Plastic) = 0.004821
Trial: 751, Time:29.490s
Trial 751: Cell 1 (Static) = 0.004821 | Cell 2 (Plastic) = 0.004806
Trial: 752, Time:35.475s
Trial 752: Cell 1 (Static) = 0.004806 | Cell 2 (Plastic) = 0.004792
Trial: 753, Time:34.905s
Trial 753: Cell 1 (Static) = 0.004792 | Cell 2 (Plastic) = 0.004777
Trial: 754, Time:34.693s
Trial 754: Cell 1 (Static) = 0.004777 | Cell 2 (Plastic) = 0.004763
Trial: 755, Time:34.550s
Trial 755: Cell 1 (Static) = 0.004763 | Cell 2 (Plastic) = 0.004749
Trial: 756, Time:34.556s
Trial 756: Cell 1 (Static) = 0.004749 | Cell 2 (Plastic) = 0.004735
Trial: 757, Time:34.230s
Trial 757: Cell 1 (Static) = 0.004735 | Cell 2 (Plastic) = 0.004720
Trial: 758, Time:34.101s
Trial 758: Cell 1 (Static) = 0.004720 | Cell 2 (Plastic) = 0.004706
Trial: 759, Time:34.044s
Trial 759: Cell 1 (Static) = 0.004706 | Cell 2 (Plastic) = 0.004692
Trial: 760, Time:33.837s
Trial 760: Cell 1 (Static) = 0.004692 | Cell 2 (Plastic) = 0.004678
Trial: 761, Time:33.600s
Trial 761: Cell 1 (Static) = 0.004678 | Cell 2 (Plastic) = 0.004664
Trial: 762, Time:33.511s
Trial 762: Cell 1 (Static) = 0.004664 | Cell 2 (Plastic) = 0.004650
Trial: 763, Time:33.332s
Trial 763: Cell 1 (Static) = 0.004650 | Cell 2 (Plastic) = 0.004636
Trial: 764, Time:33.398s
Trial 764: Cell 1 (Static) = 0.004636 | Cell 2 (Plastic) = 0.004623
Trial: 765, Time:33.235s
Trial 765: Cell 1 (Static) = 0.004623 | Cell 2 (Plastic) = 0.004609
Trial: 766, Time:32.891s
Trial 766: Cell 1 (Static) = 0.004609 | Cell 2 (Plastic) = 0.004595
Trial: 767, Time:32.622s
Trial 767: Cell 1 (Static) = 0.004595 | Cell 2 (Plastic) = 0.004581
Trial: 768, Time:32.420s
Trial 768: Cell 1 (Static) = 0.004581 | Cell 2 (Plastic) = 0.004567
Trial: 769, Time:32.444s
Trial 769: Cell 1 (Static) = 0.004567 | Cell 2 (Plastic) = 0.004554
Trial: 770, Time:32.246s
Trial 770: Cell 1 (Static) = 0.004554 | Cell 2 (Plastic) = 0.004554
Trial: 771, Time:32.139s
Trial 771: Cell 1 (Static) = 0.004540 | Cell 2 (Plastic) = 0.004567
Trial: 772, Time:31.937s
Trial 772: Cell 1 (Static) = 0.004527 | Cell 2 (Plastic) = 0.004554
Trial: 773, Time:31.911s
Trial 773: Cell 1 (Static) = 0.004513 | Cell 2 (Plastic) = 0.004540
Trial: 774, Time:31.804s
Trial 774: Cell 1 (Static) = 0.004500 | Cell 2 (Plastic) = 0.004527
Trial: 775, Time:31.545s
Trial 775: Cell 1 (Static) = 0.004486 | Cell 2 (Plastic) = 0.004513
Trial: 776, Time:31.333s
Trial 776: Cell 1 (Static) = 0.004473 | Cell 2 (Plastic) = 0.004527
Trial: 777, Time:31.386s
Trial 777: Cell 1 (Static) = 0.004459 | Cell 2 (Plastic) = 0.004513
Trial: 778, Time:31.273s
Trial 778: Cell 1 (Static) = 0.004446 | Cell 2 (Plastic) = 0.004527
Trial: 779, Time:31.004s
Trial 779: Cell 1 (Static) = 0.004433 | Cell 2 (Plastic) = 0.004540
Trial: 780, Time:31.013s
Trial 780: Cell 1 (Static) = 0.004419 | Cell 2 (Plastic) = 0.004527
Trial: 781, Time:30.890s
Trial 781: Cell 1 (Static) = 0.004406 | Cell 2 (Plastic) = 0.004540
Trial: 782, Time:30.812s
Trial 782: Cell 1 (Static) = 0.004393 | Cell 2 (Plastic) = 0.004554
Trial: 783, Time:30.639s
Trial 783: Cell 1 (Static) = 0.004380 | Cell 2 (Plastic) = 0.004540
Trial: 784, Time:30.642s
Trial 784: Cell 1 (Static) = 0.004367 | Cell 2 (Plastic) = 0.004554
Trial: 785, Time:30.150s
Trial 785: Cell 1 (Static) = 0.004354 | Cell 2 (Plastic) = 0.004540
Trial: 786, Time:30.285s
Trial 786: Cell 1 (Static) = 0.004341 | Cell 2 (Plastic) = 0.004527
Trial: 787, Time:30.275s
Trial 787: Cell 1 (Static) = 0.004328 | Cell 2 (Plastic) = 0.004513
Trial: 788, Time:30.207s
Trial 788: Cell 1 (Static) = 0.004315 | Cell 2 (Plastic) = 0.004527
Trial: 789, Time:29.827s
Trial 789: Cell 1 (Static) = 0.004302 | Cell 2 (Plastic) = 0.004513
Trial: 790, Time:29.716s
Trial 790: Cell 1 (Static) = 0.004289 | Cell 2 (Plastic) = 0.004500
Trial: 791, Time:29.773s
Trial 791: Cell 1 (Static) = 0.004276 | Cell 2 (Plastic) = 0.004513
Trial: 792, Time:29.785s
Trial 792: Cell 1 (Static) = 0.004289 | Cell 2 (Plastic) = 0.004527
Trial: 793, Time:29.585s
Trial 793: Cell 1 (Static) = 0.004276 | Cell 2 (Plastic) = 0.004513
Trial: 794, Time:29.367s
Trial 794: Cell 1 (Static) = 0.004263 | Cell 2 (Plastic) = 0.004500
Trial: 795, Time:29.470s
Trial 795: Cell 1 (Static) = 0.004276 | Cell 2 (Plastic) = 0.004513
Trial: 796, Time:29.214s
Trial 796: Cell 1 (Static) = 0.004263 | Cell 2 (Plastic) = 0.004500
Trial: 797, Time:29.508s
Trial 797: Cell 1 (Static) = 0.004276 | Cell 2 (Plastic) = 0.004486
Trial: 798, Time:29.438s
Trial 798: Cell 1 (Static) = 0.004263 | Cell 2 (Plastic) = 0.004500
Trial: 799, Time:29.093s
Trial 799: Cell 1 (Static) = 0.004251 | Cell 2 (Plastic) = 0.004486
Trial: 800, Time:29.160s
Trial 800: Cell 1 (Static) = 0.004238 | Cell 2 (Plastic) = 0.004500
Trial: 801, Time:28.996s
Trial 801: Cell 1 (Static) = 0.004225 | Cell 2 (Plastic) = 0.004486
Trial: 802, Time:36.692s
Trial 802: Cell 1 (Static) = 0.004213 | Cell 2 (Plastic) = 0.004473
Trial: 803, Time:36.173s
Trial 803: Cell 1 (Static) = 0.004200 | Cell 2 (Plastic) = 0.004459
Trial: 804, Time:35.941s
Trial 804: Cell 1 (Static) = 0.004187 | Cell 2 (Plastic) = 0.004446
Trial: 805, Time:35.899s
Trial 805: Cell 1 (Static) = 0.004175 | Cell 2 (Plastic) = 0.004433
Trial: 806, Time:35.580s
Trial 806: Cell 1 (Static) = 0.004162 | Cell 2 (Plastic) = 0.004419
Trial: 807, Time:35.507s
Trial 807: Cell 1 (Static) = 0.004150 | Cell 2 (Plastic) = 0.004406
Trial: 808, Time:35.304s
Trial 808: Cell 1 (Static) = 0.004138 | Cell 2 (Plastic) = 0.004393
Trial: 809, Time:35.100s
Trial 809: Cell 1 (Static) = 0.004125 | Cell 2 (Plastic) = 0.004380
Trial: 810, Time:34.848s
Trial 810: Cell 1 (Static) = 0.004113 | Cell 2 (Plastic) = 0.004367
Trial: 811, Time:34.696s
Trial 811: Cell 1 (Static) = 0.004101 | Cell 2 (Plastic) = 0.004354
Trial: 812, Time:34.304s
Trial 812: Cell 1 (Static) = 0.004088 | Cell 2 (Plastic) = 0.004341
Trial: 813, Time:34.473s
Trial 813: Cell 1 (Static) = 0.004076 | Cell 2 (Plastic) = 0.004328
Trial: 814, Time:34.104s
Trial 814: Cell 1 (Static) = 0.004064 | Cell 2 (Plastic) = 0.004315
Trial: 815, Time:33.927s
Trial 815: Cell 1 (Static) = 0.004052 | Cell 2 (Plastic) = 0.004302
Trial: 816, Time:33.783s
Trial 816: Cell 1 (Static) = 0.004040 | Cell 2 (Plastic) = 0.004289
Trial: 817, Time:33.703s
Trial 817: Cell 1 (Static) = 0.004028 | Cell 2 (Plastic) = 0.004276
Trial: 818, Time:33.664s
Trial 818: Cell 1 (Static) = 0.004015 | Cell 2 (Plastic) = 0.004263
Trial: 819, Time:33.287s
Trial 819: Cell 1 (Static) = 0.004003 | Cell 2 (Plastic) = 0.004251
Trial: 820, Time:33.202s
Trial 820: Cell 1 (Static) = 0.003991 | Cell 2 (Plastic) = 0.004238
Trial: 821, Time:32.770s
Trial 821: Cell 1 (Static) = 0.003980 | Cell 2 (Plastic) = 0.004225
Trial: 822, Time:32.989s
Trial 822: Cell 1 (Static) = 0.003968 | Cell 2 (Plastic) = 0.004213
Trial: 823, Time:32.737s
Trial 823: Cell 1 (Static) = 0.003956 | Cell 2 (Plastic) = 0.004225
Trial: 824, Time:32.565s
Trial 824: Cell 1 (Static) = 0.003944 | Cell 2 (Plastic) = 0.004213
Trial: 825, Time:32.451s
Trial 825: Cell 1 (Static) = 0.003932 | Cell 2 (Plastic) = 0.004200
Trial: 826, Time:32.282s
Trial 826: Cell 1 (Static) = 0.003920 | Cell 2 (Plastic) = 0.004187
Trial: 827, Time:32.054s
Trial 827: Cell 1 (Static) = 0.003909 | Cell 2 (Plastic) = 0.004175
Trial: 828, Time:31.866s
Trial 828: Cell 1 (Static) = 0.003897 | Cell 2 (Plastic) = 0.004162
Trial: 829, Time:32.151s
Trial 829: Cell 1 (Static) = 0.003885 | Cell 2 (Plastic) = 0.004175
Trial: 830, Time:31.576s
Trial 830: Cell 1 (Static) = 0.003874 | Cell 2 (Plastic) = 0.004187
Trial: 831, Time:31.547s
Trial 831: Cell 1 (Static) = 0.003862 | Cell 2 (Plastic) = 0.004175
Trial: 832, Time:31.316s
Trial 832: Cell 1 (Static) = 0.003851 | Cell 2 (Plastic) = 0.004187
Trial: 833, Time:31.381s
Trial 833: Cell 1 (Static) = 0.003839 | Cell 2 (Plastic) = 0.004175
Trial: 834, Time:31.111s
Trial 834: Cell 1 (Static) = 0.003828 | Cell 2 (Plastic) = 0.004162
Trial: 835, Time:30.943s
Trial 835: Cell 1 (Static) = 0.003816 | Cell 2 (Plastic) = 0.004175
Trial: 836, Time:30.991s
Trial 836: Cell 1 (Static) = 0.003828 | Cell 2 (Plastic) = 0.004162
Trial: 837, Time:30.897s
Trial 837: Cell 1 (Static) = 0.003816 | Cell 2 (Plastic) = 0.004175
Trial: 838, Time:30.632s
Trial 838: Cell 1 (Static) = 0.003828 | Cell 2 (Plastic) = 0.004162
Trial: 839, Time:30.497s
Trial 839: Cell 1 (Static) = 0.003839 | Cell 2 (Plastic) = 0.004175
Trial: 840, Time:30.478s
Trial 840: Cell 1 (Static) = 0.003828 | Cell 2 (Plastic) = 0.004162
Trial: 841, Time:30.488s
Trial 841: Cell 1 (Static) = 0.003816 | Cell 2 (Plastic) = 0.004175
Trial: 842, Time:30.226s
Trial 842: Cell 1 (Static) = 0.003816 | Cell 2 (Plastic) = 0.004187
Trial: 843, Time:30.280s
Trial 843: Cell 1 (Static) = 0.003828 | Cell 2 (Plastic) = 0.004175
Trial: 844, Time:30.130s
Trial 844: Cell 1 (Static) = 0.003816 | Cell 2 (Plastic) = 0.004162
Trial: 845, Time:30.053s
Trial 845: Cell 1 (Static) = 0.003828 | Cell 2 (Plastic) = 0.004150
Trial: 846, Time:30.039s
Trial 846: Cell 1 (Static) = 0.003816 | Cell 2 (Plastic) = 0.004162
Trial: 847, Time:29.788s
Trial 847: Cell 1 (Static) = 0.003805 | Cell 2 (Plastic) = 0.004175
Trial: 848, Time:29.763s
Trial 848: Cell 1 (Static) = 0.003793 | Cell 2 (Plastic) = 0.004187
Trial: 849, Time:29.634s
Trial 849: Cell 1 (Static) = 0.003782 | Cell 2 (Plastic) = 0.004200
Trial: 850, Time:29.469s
Trial 850: Cell 1 (Static) = 0.003793 | Cell 2 (Plastic) = 0.004187
Trial: 851, Time:29.455s
Trial 851: Cell 1 (Static) = 0.003805 | Cell 2 (Plastic) = 0.004200
Trial: 852, Time:37.360s
Trial 852: Cell 1 (Static) = 0.003816 | Cell 2 (Plastic) = 0.004213
Trial: 853, Time:36.827s
Trial 853: Cell 1 (Static) = 0.003828 | Cell 2 (Plastic) = 0.004225
Trial: 854, Time:36.508s
Trial 854: Cell 1 (Static) = 0.003839 | Cell 2 (Plastic) = 0.004238
Trial: 855, Time:36.222s
Trial 855: Cell 1 (Static) = 0.003851 | Cell 2 (Plastic) = 0.004251
Trial: 856, Time:36.029s
Trial 856: Cell 1 (Static) = 0.003862 | Cell 2 (Plastic) = 0.004263
Trial: 857, Time:35.870s
Trial 857: Cell 1 (Static) = 0.003874 | Cell 2 (Plastic) = 0.004276
Trial: 858, Time:35.762s
Trial 858: Cell 1 (Static) = 0.003885 | Cell 2 (Plastic) = 0.004289
Trial: 859, Time:35.451s
Trial 859: Cell 1 (Static) = 0.003897 | Cell 2 (Plastic) = 0.004302
Trial: 860, Time:35.435s
Trial 860: Cell 1 (Static) = 0.003909 | Cell 2 (Plastic) = 0.004315
Trial: 861, Time:35.274s
Trial 861: Cell 1 (Static) = 0.003920 | Cell 2 (Plastic) = 0.004328
Trial: 862, Time:34.835s
Trial 862: Cell 1 (Static) = 0.003932 | Cell 2 (Plastic) = 0.004341
Trial: 863, Time:34.856s
Trial 863: Cell 1 (Static) = 0.003944 | Cell 2 (Plastic) = 0.004354
Trial: 864, Time:34.482s
Trial 864: Cell 1 (Static) = 0.003956 | Cell 2 (Plastic) = 0.004367
Trial: 865, Time:34.594s
Trial 865: Cell 1 (Static) = 0.003968 | Cell 2 (Plastic) = 0.004380
Trial: 866, Time:33.885s
Trial 866: Cell 1 (Static) = 0.003980 | Cell 2 (Plastic) = 0.004393
Trial: 867, Time:34.023s
Trial 867: Cell 1 (Static) = 0.003991 | Cell 2 (Plastic) = 0.004406
Trial: 868, Time:33.882s
Trial 868: Cell 1 (Static) = 0.004003 | Cell 2 (Plastic) = 0.004419
Trial: 869, Time:33.915s
Trial 869: Cell 1 (Static) = 0.004015 | Cell 2 (Plastic) = 0.004433
Trial: 870, Time:33.692s
Trial 870: Cell 1 (Static) = 0.004028 | Cell 2 (Plastic) = 0.004446
Trial: 871, Time:33.574s
Trial 871: Cell 1 (Static) = 0.004040 | Cell 2 (Plastic) = 0.004459
Trial: 872, Time:33.205s
Trial 872: Cell 1 (Static) = 0.004052 | Cell 2 (Plastic) = 0.004473
Trial: 873, Time:33.038s
Trial 873: Cell 1 (Static) = 0.004064 | Cell 2 (Plastic) = 0.004486
Trial: 874, Time:32.922s
Trial 874: Cell 1 (Static) = 0.004076 | Cell 2 (Plastic) = 0.004500
Trial: 875, Time:32.892s
Trial 875: Cell 1 (Static) = 0.004088 | Cell 2 (Plastic) = 0.004513
Trial: 876, Time:32.759s
Trial 876: Cell 1 (Static) = 0.004101 | Cell 2 (Plastic) = 0.004527
Trial: 877, Time:32.763s
Trial 877: Cell 1 (Static) = 0.004113 | Cell 2 (Plastic) = 0.004540
Trial: 878, Time:32.364s
Trial 878: Cell 1 (Static) = 0.004125 | Cell 2 (Plastic) = 0.004554
Trial: 879, Time:32.338s
Trial 879: Cell 1 (Static) = 0.004138 | Cell 2 (Plastic) = 0.004567
Trial: 880, Time:32.059s
Trial 880: Cell 1 (Static) = 0.004150 | Cell 2 (Plastic) = 0.004581
Trial: 881, Time:31.978s
Trial 881: Cell 1 (Static) = 0.004162 | Cell 2 (Plastic) = 0.004595
Trial: 882, Time:31.686s
Trial 882: Cell 1 (Static) = 0.004175 | Cell 2 (Plastic) = 0.004609
Trial: 883, Time:31.914s
Trial 883: Cell 1 (Static) = 0.004187 | Cell 2 (Plastic) = 0.004623
Trial: 884, Time:31.456s
Trial 884: Cell 1 (Static) = 0.004200 | Cell 2 (Plastic) = 0.004636
Trial: 885, Time:31.546s
Trial 885: Cell 1 (Static) = 0.004213 | Cell 2 (Plastic) = 0.004650
Trial: 886, Time:31.451s
Trial 886: Cell 1 (Static) = 0.004225 | Cell 2 (Plastic) = 0.004664
Trial: 887, Time:31.323s
Trial 887: Cell 1 (Static) = 0.004238 | Cell 2 (Plastic) = 0.004678
Trial: 888, Time:31.062s
Trial 888: Cell 1 (Static) = 0.004251 | Cell 2 (Plastic) = 0.004692
Trial: 889, Time:30.978s
Trial 889: Cell 1 (Static) = 0.004263 | Cell 2 (Plastic) = 0.004706
Trial: 890, Time:30.794s
Trial 890: Cell 1 (Static) = 0.004276 | Cell 2 (Plastic) = 0.004720
Trial: 891, Time:30.937s
Trial 891: Cell 1 (Static) = 0.004289 | Cell 2 (Plastic) = 0.004735
Trial: 892, Time:30.595s
Trial 892: Cell 1 (Static) = 0.004302 | Cell 2 (Plastic) = 0.004749
Trial: 893, Time:30.460s
Trial 893: Cell 1 (Static) = 0.004315 | Cell 2 (Plastic) = 0.004763
Trial: 894, Time:30.517s
Trial 894: Cell 1 (Static) = 0.004328 | Cell 2 (Plastic) = 0.004777
Trial: 895, Time:30.216s
Trial 895: Cell 1 (Static) = 0.004341 | Cell 2 (Plastic) = 0.004792
Trial: 896, Time:30.313s
Trial 896: Cell 1 (Static) = 0.004354 | Cell 2 (Plastic) = 0.004806
Trial: 897, Time:30.293s
Trial 897: Cell 1 (Static) = 0.004367 | Cell 2 (Plastic) = 0.004821
Trial: 898, Time:30.173s
Trial 898: Cell 1 (Static) = 0.004380 | Cell 2 (Plastic) = 0.004835
Trial: 899, Time:30.228s
Trial 899: Cell 1 (Static) = 0.004393 | Cell 2 (Plastic) = 0.004849
Trial: 900, Time:29.864s
Trial 900: Cell 1 (Static) = 0.004406 | Cell 2 (Plastic) = 0.004864
Trial: 901, Time:29.882s
Trial 901: Cell 1 (Static) = 0.004393 | Cell 2 (Plastic) = 0.004879
Trial: 902, Time:36.393s
Trial 902: Cell 1 (Static) = 0.004380 | Cell 2 (Plastic) = 0.004893
Trial: 903, Time:35.979s
Trial 903: Cell 1 (Static) = 0.004367 | Cell 2 (Plastic) = 0.004908
Trial: 904, Time:35.649s
Trial 904: Cell 1 (Static) = 0.004354 | Cell 2 (Plastic) = 0.004923
Trial: 905, Time:35.549s
Trial 905: Cell 1 (Static) = 0.004341 | Cell 2 (Plastic) = 0.004937
Trial: 906, Time:35.243s
Trial 906: Cell 1 (Static) = 0.004328 | Cell 2 (Plastic) = 0.004952
Trial: 907, Time:35.083s
Trial 907: Cell 1 (Static) = 0.004315 | Cell 2 (Plastic) = 0.004967
Trial: 908, Time:34.865s
Trial 908: Cell 1 (Static) = 0.004302 | Cell 2 (Plastic) = 0.004982
Trial: 909, Time:34.750s
Trial 909: Cell 1 (Static) = 0.004289 | Cell 2 (Plastic) = 0.004997
Trial: 910, Time:34.331s
Trial 910: Cell 1 (Static) = 0.004276 | Cell 2 (Plastic) = 0.005012
Trial: 911, Time:34.353s
Trial 911: Cell 1 (Static) = 0.004263 | Cell 2 (Plastic) = 0.005027
Trial: 912, Time:34.289s
Trial 912: Cell 1 (Static) = 0.004251 | Cell 2 (Plastic) = 0.005042
Trial: 913, Time:34.141s
Trial 913: Cell 1 (Static) = 0.004238 | Cell 2 (Plastic) = 0.005057
Trial: 914, Time:33.758s
Trial 914: Cell 1 (Static) = 0.004225 | Cell 2 (Plastic) = 0.005072
Trial: 915, Time:33.830s
Trial 915: Cell 1 (Static) = 0.004213 | Cell 2 (Plastic) = 0.005088
Trial: 916, Time:33.480s
Trial 916: Cell 1 (Static) = 0.004200 | Cell 2 (Plastic) = 0.005103
Trial: 917, Time:33.509s
Trial 917: Cell 1 (Static) = 0.004187 | Cell 2 (Plastic) = 0.005118
Trial: 918, Time:33.347s
Trial 918: Cell 1 (Static) = 0.004175 | Cell 2 (Plastic) = 0.005133
Trial: 919, Time:33.378s
Trial 919: Cell 1 (Static) = 0.004162 | Cell 2 (Plastic) = 0.005149
Trial: 920, Time:33.103s
Trial 920: Cell 1 (Static) = 0.004150 | Cell 2 (Plastic) = 0.005164
Trial: 921, Time:32.966s
Trial 921: Cell 1 (Static) = 0.004138 | Cell 2 (Plastic) = 0.005180
Trial: 922, Time:32.720s
Trial 922: Cell 1 (Static) = 0.004150 | Cell 2 (Plastic) = 0.005195
Trial: 923, Time:32.820s
Trial 923: Cell 1 (Static) = 0.004162 | Cell 2 (Plastic) = 0.005211
Trial: 924, Time:32.450s
Trial 924: Cell 1 (Static) = 0.004150 | Cell 2 (Plastic) = 0.005227
Trial: 925, Time:32.490s
Trial 925: Cell 1 (Static) = 0.004150 | Cell 2 (Plastic) = 0.005242
Trial: 926, Time:32.253s
Trial 926: Cell 1 (Static) = 0.004162 | Cell 2 (Plastic) = 0.005258
Trial: 927, Time:32.082s
Trial 927: Cell 1 (Static) = 0.004150 | Cell 2 (Plastic) = 0.005274
Trial: 928, Time:31.731s
Trial 928: Cell 1 (Static) = 0.004162 | Cell 2 (Plastic) = 0.005290
Trial: 929, Time:31.674s
Trial 929: Cell 1 (Static) = 0.004150 | Cell 2 (Plastic) = 0.005305
Trial: 930, Time:31.614s
Trial 930: Cell 1 (Static) = 0.004138 | Cell 2 (Plastic) = 0.005321
Trial: 931, Time:31.425s
Trial 931: Cell 1 (Static) = 0.004150 | Cell 2 (Plastic) = 0.005337
Trial: 932, Time:31.305s
Trial 932: Cell 1 (Static) = 0.004138 | Cell 2 (Plastic) = 0.005321
Trial: 933, Time:31.266s
Trial 933: Cell 1 (Static) = 0.004150 | Cell 2 (Plastic) = 0.005321
Trial: 934, Time:31.116s
Trial 934: Cell 1 (Static) = 0.004162 | Cell 2 (Plastic) = 0.005305
Trial: 935, Time:30.929s
Trial 935: Cell 1 (Static) = 0.004150 | Cell 2 (Plastic) = 0.005321
Trial: 936, Time:30.818s
Trial 936: Cell 1 (Static) = 0.004162 | Cell 2 (Plastic) = 0.005337
Trial: 937, Time:30.839s
Trial 937: Cell 1 (Static) = 0.004150 | Cell 2 (Plastic) = 0.005321
Trial: 938, Time:30.619s
Trial 938: Cell 1 (Static) = 0.004162 | Cell 2 (Plastic) = 0.005305
Trial: 939, Time:30.428s
Trial 939: Cell 1 (Static) = 0.004150 | Cell 2 (Plastic) = 0.005321
Trial: 940, Time:30.215s
Trial 940: Cell 1 (Static) = 0.004162 | Cell 2 (Plastic) = 0.005305
Trial: 941, Time:30.149s
Trial 941: Cell 1 (Static) = 0.004150 | Cell 2 (Plastic) = 0.005321
Trial: 942, Time:30.130s
Trial 942: Cell 1 (Static) = 0.004138 | Cell 2 (Plastic) = 0.005305
Trial: 943, Time:30.045s
Trial 943: Cell 1 (Static) = 0.004150 | Cell 2 (Plastic) = 0.005290
Trial: 944, Time:30.019s
Trial 944: Cell 1 (Static) = 0.004162 | Cell 2 (Plastic) = 0.005274
Trial: 945, Time:29.988s
Trial 945: Cell 1 (Static) = 0.004150 | Cell 2 (Plastic) = 0.005290
Trial: 946, Time:29.836s
Trial 946: Cell 1 (Static) = 0.004138 | Cell 2 (Plastic) = 0.005305
Trial: 947, Time:29.756s
Trial 947: Cell 1 (Static) = 0.004125 | Cell 2 (Plastic) = 0.005321
Trial: 948, Time:29.900s
Trial 948: Cell 1 (Static) = 0.004138 | Cell 2 (Plastic) = 0.005305
Trial: 949, Time:29.788s
Trial 949: Cell 1 (Static) = 0.004125 | Cell 2 (Plastic) = 0.005290
Trial: 950, Time:29.388s
Trial 950: Cell 1 (Static) = 0.004138 | Cell 2 (Plastic) = 0.005305
Trial: 951, Time:29.445s
Trial 951: Cell 1 (Static) = 0.004125 | Cell 2 (Plastic) = 0.005321
Trial: 952, Time:35.578s
Trial 952: Cell 1 (Static) = 0.004113 | Cell 2 (Plastic) = 0.005337
Trial: 953, Time:35.227s
Trial 953: Cell 1 (Static) = 0.004101 | Cell 2 (Plastic) = 0.005353
Trial: 954, Time:35.000s
Trial 954: Cell 1 (Static) = 0.004088 | Cell 2 (Plastic) = 0.005369
Trial: 955, Time:34.739s
Trial 955: Cell 1 (Static) = 0.004076 | Cell 2 (Plastic) = 0.005386
Trial: 956, Time:34.593s
Trial 956: Cell 1 (Static) = 0.004064 | Cell 2 (Plastic) = 0.005402
Trial: 957, Time:34.360s
Trial 957: Cell 1 (Static) = 0.004052 | Cell 2 (Plastic) = 0.005418
Trial: 958, Time:34.305s
Trial 958: Cell 1 (Static) = 0.004040 | Cell 2 (Plastic) = 0.005434
Trial: 959, Time:34.303s
Trial 959: Cell 1 (Static) = 0.004028 | Cell 2 (Plastic) = 0.005450
Trial: 960, Time:34.048s
Trial 960: Cell 1 (Static) = 0.004015 | Cell 2 (Plastic) = 0.005467
Trial: 961, Time:33.809s
Trial 961: Cell 1 (Static) = 0.004003 | Cell 2 (Plastic) = 0.005483
Trial: 962, Time:33.421s
Trial 962: Cell 1 (Static) = 0.003991 | Cell 2 (Plastic) = 0.005500
Trial: 963, Time:33.598s
Trial 963: Cell 1 (Static) = 0.003980 | Cell 2 (Plastic) = 0.005516
Trial: 964, Time:33.191s
Trial 964: Cell 1 (Static) = 0.003968 | Cell 2 (Plastic) = 0.005500
Trial: 965, Time:33.092s
Trial 965: Cell 1 (Static) = 0.003956 | Cell 2 (Plastic) = 0.005516
Trial: 966, Time:33.023s
Trial 966: Cell 1 (Static) = 0.003944 | Cell 2 (Plastic) = 0.005533
Trial: 967, Time:32.763s
Trial 967: Cell 1 (Static) = 0.003932 | Cell 2 (Plastic) = 0.005549
Trial: 968, Time:32.662s
Trial 968: Cell 1 (Static) = 0.003932 | Cell 2 (Plastic) = 0.005566
Trial: 969, Time:32.547s
Trial 969: Cell 1 (Static) = 0.003920 | Cell 2 (Plastic) = 0.005583
Trial: 970, Time:32.387s
Trial 970: Cell 1 (Static) = 0.003909 | Cell 2 (Plastic) = 0.005566
Trial: 971, Time:32.406s
Trial 971: Cell 1 (Static) = 0.003897 | Cell 2 (Plastic) = 0.005549
Trial: 972, Time:32.357s
Trial 972: Cell 1 (Static) = 0.003909 | Cell 2 (Plastic) = 0.005533
Trial: 973, Time:32.031s
Trial 973: Cell 1 (Static) = 0.003897 | Cell 2 (Plastic) = 0.005549
Trial: 974, Time:31.844s
Trial 974: Cell 1 (Static) = 0.003909 | Cell 2 (Plastic) = 0.005533
Trial: 975, Time:31.933s
Trial 975: Cell 1 (Static) = 0.003897 | Cell 2 (Plastic) = 0.005516
Trial: 976, Time:31.781s
Trial 976: Cell 1 (Static) = 0.003909 | Cell 2 (Plastic) = 0.005533
Trial: 977, Time:31.531s
Trial 977: Cell 1 (Static) = 0.003897 | Cell 2 (Plastic) = 0.005549
Trial: 978, Time:31.458s
Trial 978: Cell 1 (Static) = 0.003885 | Cell 2 (Plastic) = 0.005566
Trial: 979, Time:31.301s
Trial 979: Cell 1 (Static) = 0.003897 | Cell 2 (Plastic) = 0.005549
Trial: 980, Time:31.315s
Trial 980: Cell 1 (Static) = 0.003909 | Cell 2 (Plastic) = 0.005566
Trial: 981, Time:31.061s
Trial 981: Cell 1 (Static) = 0.003897 | Cell 2 (Plastic) = 0.005549
Trial: 982, Time:31.119s
Trial 982: Cell 1 (Static) = 0.003909 | Cell 2 (Plastic) = 0.005533
Trial: 983, Time:30.917s
Trial 983: Cell 1 (Static) = 0.003920 | Cell 2 (Plastic) = 0.005549
Trial: 984, Time:30.704s
Trial 984: Cell 1 (Static) = 0.003909 | Cell 2 (Plastic) = 0.005566
Trial: 985, Time:30.608s
Trial 985: Cell 1 (Static) = 0.003897 | Cell 2 (Plastic) = 0.005583
Trial: 986, Time:30.632s
Trial 986: Cell 1 (Static) = 0.003885 | Cell 2 (Plastic) = 0.005566
Trial: 987, Time:30.672s
Trial 987: Cell 1 (Static) = 0.003897 | Cell 2 (Plastic) = 0.005549
Trial: 988, Time:30.513s
Trial 988: Cell 1 (Static) = 0.003909 | Cell 2 (Plastic) = 0.005533
Trial: 989, Time:30.444s
Trial 989: Cell 1 (Static) = 0.003897 | Cell 2 (Plastic) = 0.005533
Trial: 990, Time:30.098s
Trial 990: Cell 1 (Static) = 0.003885 | Cell 2 (Plastic) = 0.005516
Trial: 991, Time:29.765s
Trial 991: Cell 1 (Static) = 0.003897 | Cell 2 (Plastic) = 0.005533
Trial: 992, Time:29.862s
Trial 992: Cell 1 (Static) = 0.003909 | Cell 2 (Plastic) = 0.005549
Trial: 993, Time:30.103s
Trial 993: Cell 1 (Static) = 0.003897 | Cell 2 (Plastic) = 0.005566
Trial: 994, Time:29.794s
Trial 994: Cell 1 (Static) = 0.003909 | Cell 2 (Plastic) = 0.005549
Trial: 995, Time:29.607s
Trial 995: Cell 1 (Static) = 0.003920 | Cell 2 (Plastic) = 0.005566
Trial: 996, Time:29.481s
Trial 996: Cell 1 (Static) = 0.003909 | Cell 2 (Plastic) = 0.005549
Trial: 997, Time:29.503s
Trial 997: Cell 1 (Static) = 0.003897 | Cell 2 (Plastic) = 0.005566
Trial: 998, Time:29.498s
Trial 998: Cell 1 (Static) = 0.003909 | Cell 2 (Plastic) = 0.005549
Trial: 999, Time:29.369s
Trial 999: Cell 1 (Static) = 0.003920 | Cell 2 (Plastic) = 0.005533
Trial: 1000, Time:29.463s
Raster array saved to '/home/data/einez/homeostat_SS/MFGoGr_SS_shuffleMF50_noCS_noGoGo_nogrGo_mfgoplast_grgoplast_allcell_1000_trial/MFGoGr_SS_shuffleMF50_noCS_noGoGo_nogrGo_mfgoplast_grgoplast_allcell_1000_trial_GOrasters.npy'
Raster array saved to '/home/data/einez/homeostat_SS/MFGoGr_SS_shuffleMF50_noCS_noGoGo_nogrGo_mfgoplast_grgoplast_allcell_1000_trial/MFGoGr_SS_shuffleMF50_noCS_noGoGo_nogrGo_mfgoplast_grgoplast_allcell_1000_trial_gogoW.npy'
Raster array saved to '/home/data/einez/homeostat_SS/MFGoGr_SS_shuffleMF50_noCS_noGoGo_nogrGo_mfgoplast_grgoplast_allcell_1000_trial/MFGoGr_SS_shuffleMF50_noCS_noGoGo_nogrGo_mfgoplast_grgoplast_allcell_1000_trial_grgoW.npy'
Raster array saved to '/home/data/einez/homeostat_SS/MFGoGr_SS_shuffleMF50_noCS_noGoGo_nogrGo_mfgoplast_grgoplast_allcell_1000_trial/MFGoGr_SS_shuffleMF50_noCS_noGoGo_nogrGo_mfgoplast_grgoplast_allcell_1000_trial_mfgoW.npy'
