nohup: ignoring input
Starting Session...
Initializing objects...
Objects initialized.
Loading connectivity arrays...
MFGO Connectivity Array Loaded.
MFGR Connectivity Array Loaded.
GOGR Connectivity Array Loaded.
GRGO Connectivity Array Loaded.
GOGO Connectivity Array Loaded.
Connectivity Arrays Loaded
Trial 0: Cell 1 (Static) = 0.004187 | Cell 2 (Plastic) = 0.004187
46540303
Trial: 1, Time:35.141s
Trial 1: Cell 1 (Static) = 0.004175 | Cell 2 (Plastic) = 0.004175
47542183
Trial: 2, Time:33.637s
Trial 2: Cell 1 (Static) = 0.004162 | Cell 2 (Plastic) = 0.004162
48218865
Trial: 3, Time:34.390s
Trial 3: Cell 1 (Static) = 0.004150 | Cell 2 (Plastic) = 0.004150
47912006
Trial: 4, Time:33.703s
Trial 4: Cell 1 (Static) = 0.004138 | Cell 2 (Plastic) = 0.004138
48481239
Trial: 5, Time:34.068s
Trial 5: Cell 1 (Static) = 0.004125 | Cell 2 (Plastic) = 0.004125
48410118
Trial: 6, Time:34.122s
Trial 6: Cell 1 (Static) = 0.004113 | Cell 2 (Plastic) = 0.004113
48599763
Trial: 7, Time:34.152s
Trial 7: Cell 1 (Static) = 0.004101 | Cell 2 (Plastic) = 0.004101
47456592
Trial: 8, Time:33.539s
Trial 8: Cell 1 (Static) = 0.004088 | Cell 2 (Plastic) = 0.004088
48452510
Trial: 9, Time:34.357s
Trial 9: Cell 1 (Static) = 0.004076 | Cell 2 (Plastic) = 0.004076
48804209
Trial: 10, Time:33.914s
Trial 10: Cell 1 (Static) = 0.004064 | Cell 2 (Plastic) = 0.004064
49339124
Trial: 11, Time:34.708s
Trial 11: Cell 1 (Static) = 0.004052 | Cell 2 (Plastic) = 0.004052
49876432
Trial: 12, Time:34.544s
Trial 12: Cell 1 (Static) = 0.004040 | Cell 2 (Plastic) = 0.004040
49591163
Trial: 13, Time:34.837s
Trial 13: Cell 1 (Static) = 0.004028 | Cell 2 (Plastic) = 0.004028
50487224
Trial: 14, Time:34.477s
Trial 14: Cell 1 (Static) = 0.004015 | Cell 2 (Plastic) = 0.004015
51050901
Trial: 15, Time:35.105s
Trial 15: Cell 1 (Static) = 0.004003 | Cell 2 (Plastic) = 0.004003
50100558
Trial: 16, Time:34.438s
Trial 16: Cell 1 (Static) = 0.003991 | Cell 2 (Plastic) = 0.003991
50770325
Trial: 17, Time:35.130s
Trial 17: Cell 1 (Static) = 0.003980 | Cell 2 (Plastic) = 0.003980
51224097
Trial: 18, Time:34.898s
Trial 18: Cell 1 (Static) = 0.003968 | Cell 2 (Plastic) = 0.003968
51766381
Trial: 19, Time:35.347s
Trial 19: Cell 1 (Static) = 0.003956 | Cell 2 (Plastic) = 0.003956
51971745
Trial: 20, Time:34.867s
Trial 20: Cell 1 (Static) = 0.003944 | Cell 2 (Plastic) = 0.003944
52708091
Trial: 21, Time:35.328s
Trial 21: Cell 1 (Static) = 0.003932 | Cell 2 (Plastic) = 0.003932
52571579
Trial: 22, Time:34.938s
Trial 22: Cell 1 (Static) = 0.003920 | Cell 2 (Plastic) = 0.003920
54741320
Trial: 23, Time:35.747s
Trial 23: Cell 1 (Static) = 0.003909 | Cell 2 (Plastic) = 0.003909
53065816
Trial: 24, Time:34.906s
Trial 24: Cell 1 (Static) = 0.003897 | Cell 2 (Plastic) = 0.003897
53795630
Trial: 25, Time:35.549s
Trial 25: Cell 1 (Static) = 0.003885 | Cell 2 (Plastic) = 0.003885
54509318
Trial: 26, Time:35.208s
Trial 26: Cell 1 (Static) = 0.003874 | Cell 2 (Plastic) = 0.003874
53104862
Trial: 27, Time:35.091s
Trial 27: Cell 1 (Static) = 0.003862 | Cell 2 (Plastic) = 0.003862
53106023
Trial: 28, Time:34.606s
Trial 28: Cell 1 (Static) = 0.003851 | Cell 2 (Plastic) = 0.003851
52926448
Trial: 29, Time:34.903s
Trial 29: Cell 1 (Static) = 0.003839 | Cell 2 (Plastic) = 0.003839
54139844
Trial: 30, Time:34.935s
Trial 30: Cell 1 (Static) = 0.003828 | Cell 2 (Plastic) = 0.003828
53964042
Trial: 31, Time:35.393s
Trial 31: Cell 1 (Static) = 0.003816 | Cell 2 (Plastic) = 0.003816
53743443
Trial: 32, Time:34.818s
Trial 32: Cell 1 (Static) = 0.003805 | Cell 2 (Plastic) = 0.003805
54738001
Trial: 33, Time:35.371s
Trial 33: Cell 1 (Static) = 0.003793 | Cell 2 (Plastic) = 0.003793
55996121
Trial: 34, Time:35.272s
Trial 34: Cell 1 (Static) = 0.003782 | Cell 2 (Plastic) = 0.003782
56048368
Trial: 35, Time:35.701s
Trial 35: Cell 1 (Static) = 0.003771 | Cell 2 (Plastic) = 0.003771
57335157
Trial: 36, Time:35.570s
Trial 36: Cell 1 (Static) = 0.003759 | Cell 2 (Plastic) = 0.003759
57540098
Trial: 37, Time:36.066s
Trial 37: Cell 1 (Static) = 0.003748 | Cell 2 (Plastic) = 0.003748
57512361
Trial: 38, Time:35.565s
Trial 38: Cell 1 (Static) = 0.003737 | Cell 2 (Plastic) = 0.003737
56461270
Trial: 39, Time:35.679s
Trial 39: Cell 1 (Static) = 0.003726 | Cell 2 (Plastic) = 0.003726
55502612
Trial: 40, Time:34.804s
Trial 40: Cell 1 (Static) = 0.003715 | Cell 2 (Plastic) = 0.003715
54268924
Trial: 41, Time:34.850s
Trial 41: Cell 1 (Static) = 0.003703 | Cell 2 (Plastic) = 0.003703
54945870
Trial: 42, Time:34.593s
Trial 42: Cell 1 (Static) = 0.003692 | Cell 2 (Plastic) = 0.003692
54149530
Trial: 43, Time:34.822s
Trial 43: Cell 1 (Static) = 0.003681 | Cell 2 (Plastic) = 0.003681
54605227
Trial: 44, Time:34.670s
Trial 44: Cell 1 (Static) = 0.003670 | Cell 2 (Plastic) = 0.003670
55221640
Trial: 45, Time:35.196s
Trial 45: Cell 1 (Static) = 0.003659 | Cell 2 (Plastic) = 0.003659
55930036
Trial: 46, Time:34.984s
Trial 46: Cell 1 (Static) = 0.003648 | Cell 2 (Plastic) = 0.003648
55788224
Trial: 47, Time:35.608s
Trial 47: Cell 1 (Static) = 0.003638 | Cell 2 (Plastic) = 0.003638
57003128
Trial: 48, Time:35.338s
Trial 48: Cell 1 (Static) = 0.003627 | Cell 2 (Plastic) = 0.003627
57375648
Trial: 49, Time:35.520s
Trial 49: Cell 1 (Static) = 0.003616 | Cell 2 (Plastic) = 0.003616
59140785
Trial: 50, Time:35.437s
Trial 50: Cell 1 (Static) = 0.003605 | Cell 2 (Plastic) = 0.003605
58765163
Trial: 51, Time:35.533s
Trial 51: Cell 1 (Static) = 0.003594 | Cell 2 (Plastic) = 0.003594
58633451
Trial: 52, Time:35.389s
Trial 52: Cell 1 (Static) = 0.003583 | Cell 2 (Plastic) = 0.003583
57175512
Trial: 53, Time:35.442s
Trial 53: Cell 1 (Static) = 0.003573 | Cell 2 (Plastic) = 0.003573
58054470
Trial: 54, Time:35.029s
Trial 54: Cell 1 (Static) = 0.003562 | Cell 2 (Plastic) = 0.003562
56933111
Trial: 55, Time:35.256s
Trial 55: Cell 1 (Static) = 0.003551 | Cell 2 (Plastic) = 0.003551
58509719
Trial: 56, Time:35.201s
Trial 56: Cell 1 (Static) = 0.003541 | Cell 2 (Plastic) = 0.003541
58200447
Trial: 57, Time:35.780s
Trial 57: Cell 1 (Static) = 0.003530 | Cell 2 (Plastic) = 0.003530
58301934
Trial: 58, Time:35.370s
Trial 58: Cell 1 (Static) = 0.003520 | Cell 2 (Plastic) = 0.003520
58273194
Trial: 59, Time:35.790s
Trial 59: Cell 1 (Static) = 0.003509 | Cell 2 (Plastic) = 0.003509
59589090
Trial: 60, Time:35.562s
Trial 60: Cell 1 (Static) = 0.003499 | Cell 2 (Plastic) = 0.003499
59091953
Trial: 61, Time:35.988s
Trial 61: Cell 1 (Static) = 0.003488 | Cell 2 (Plastic) = 0.003488
59965438
Trial: 62, Time:35.727s
Trial 62: Cell 1 (Static) = 0.003478 | Cell 2 (Plastic) = 0.003478
58695907
Trial: 63, Time:35.827s
Trial 63: Cell 1 (Static) = 0.003467 | Cell 2 (Plastic) = 0.003467
59839880
Trial: 64, Time:35.198s
Trial 64: Cell 1 (Static) = 0.003457 | Cell 2 (Plastic) = 0.003457
60622249
Trial: 65, Time:35.543s
Trial 65: Cell 1 (Static) = 0.003447 | Cell 2 (Plastic) = 0.003447
62231704
Trial: 66, Time:35.494s
Trial 66: Cell 1 (Static) = 0.003436 | Cell 2 (Plastic) = 0.003436
60640029
Trial: 67, Time:36.085s
Trial 67: Cell 1 (Static) = 0.003426 | Cell 2 (Plastic) = 0.003426
60612288
Trial: 68, Time:35.317s
Trial 68: Cell 1 (Static) = 0.003416 | Cell 2 (Plastic) = 0.003416
61203352
Trial: 69, Time:35.625s
Trial 69: Cell 1 (Static) = 0.003406 | Cell 2 (Plastic) = 0.003406
61040602
Trial: 70, Time:35.442s
Trial 70: Cell 1 (Static) = 0.003395 | Cell 2 (Plastic) = 0.003395
60681951
Trial: 71, Time:35.470s
Trial 71: Cell 1 (Static) = 0.003385 | Cell 2 (Plastic) = 0.003385
59897613
Trial: 72, Time:35.090s
Trial 72: Cell 1 (Static) = 0.003375 | Cell 2 (Plastic) = 0.003375
60947856
Trial: 73, Time:35.913s
Trial 73: Cell 1 (Static) = 0.003365 | Cell 2 (Plastic) = 0.003365
60386218
Trial: 74, Time:35.673s
Trial 74: Cell 1 (Static) = 0.003355 | Cell 2 (Plastic) = 0.003355
58992677
Trial: 75, Time:35.604s
Trial 75: Cell 1 (Static) = 0.003345 | Cell 2 (Plastic) = 0.003345
61838312
Trial: 76, Time:35.456s
Trial 76: Cell 1 (Static) = 0.003335 | Cell 2 (Plastic) = 0.003335
61395735
Trial: 77, Time:35.689s
Trial 77: Cell 1 (Static) = 0.003325 | Cell 2 (Plastic) = 0.003325
61717042
Trial: 78, Time:35.320s
Trial 78: Cell 1 (Static) = 0.003315 | Cell 2 (Plastic) = 0.003315
60030780
Trial: 79, Time:35.405s
Trial 79: Cell 1 (Static) = 0.003305 | Cell 2 (Plastic) = 0.003305
60704385
Trial: 80, Time:35.077s
Trial 80: Cell 1 (Static) = 0.003295 | Cell 2 (Plastic) = 0.003295
59784058
Trial: 81, Time:35.300s
Trial 81: Cell 1 (Static) = 0.003285 | Cell 2 (Plastic) = 0.003285
59604062
Trial: 82, Time:35.113s
Trial 82: Cell 1 (Static) = 0.003275 | Cell 2 (Plastic) = 0.003275
59935855
Trial: 83, Time:35.674s
Trial 83: Cell 1 (Static) = 0.003266 | Cell 2 (Plastic) = 0.003266
61367004
Trial: 84, Time:35.542s
Trial 84: Cell 1 (Static) = 0.003256 | Cell 2 (Plastic) = 0.003256
60598683
Trial: 85, Time:35.956s
Trial 85: Cell 1 (Static) = 0.003246 | Cell 2 (Plastic) = 0.003246
59913438
Trial: 86, Time:35.146s
Trial 86: Cell 1 (Static) = 0.003236 | Cell 2 (Plastic) = 0.003236
60335983
Trial: 87, Time:35.799s
Trial 87: Cell 1 (Static) = 0.003227 | Cell 2 (Plastic) = 0.003227
61507965
Trial: 88, Time:35.665s
Trial 88: Cell 1 (Static) = 0.003217 | Cell 2 (Plastic) = 0.003217
61665967
Trial: 89, Time:36.064s
Trial 89: Cell 1 (Static) = 0.003207 | Cell 2 (Plastic) = 0.003207
61229139
Trial: 90, Time:35.498s
Trial 90: Cell 1 (Static) = 0.003198 | Cell 2 (Plastic) = 0.003198
62401584
Trial: 91, Time:36.045s
Trial 91: Cell 1 (Static) = 0.003188 | Cell 2 (Plastic) = 0.003188
63327252
Trial: 92, Time:35.893s
Trial 92: Cell 1 (Static) = 0.003179 | Cell 2 (Plastic) = 0.003179
63622318
Trial: 93, Time:36.491s
Trial 93: Cell 1 (Static) = 0.003169 | Cell 2 (Plastic) = 0.003169
64165731
Trial: 94, Time:35.917s
Trial 94: Cell 1 (Static) = 0.003160 | Cell 2 (Plastic) = 0.003160
66813625
Trial: 95, Time:36.766s
Trial 95: Cell 1 (Static) = 0.003150 | Cell 2 (Plastic) = 0.003150
65868838
Trial: 96, Time:36.224s
Trial 96: Cell 1 (Static) = 0.003141 | Cell 2 (Plastic) = 0.003141
64849610
Trial: 97, Time:36.669s
Trial 97: Cell 1 (Static) = 0.003132 | Cell 2 (Plastic) = 0.003132
66702438
Trial: 98, Time:36.925s
Trial 98: Cell 1 (Static) = 0.003122 | Cell 2 (Plastic) = 0.003122
65886048
Trial: 99, Time:36.650s
Trial 99: Cell 1 (Static) = 0.003113 | Cell 2 (Plastic) = 0.003113
67182189
Trial: 100, Time:36.114s
Trial 100: Cell 1 (Static) = 0.003104 | Cell 2 (Plastic) = 0.003104
66246195
Trial: 101, Time:36.303s
Trial 101: Cell 1 (Static) = 0.003094 | Cell 2 (Plastic) = 0.003094
64963096
Trial: 102, Time:35.599s
Trial 102: Cell 1 (Static) = 0.003085 | Cell 2 (Plastic) = 0.003085
65689070
Trial: 103, Time:36.436s
Trial 103: Cell 1 (Static) = 0.003076 | Cell 2 (Plastic) = 0.003076
67110793
Trial: 104, Time:35.857s
Trial 104: Cell 1 (Static) = 0.003067 | Cell 2 (Plastic) = 0.003067
66696485
Trial: 105, Time:36.260s
Trial 105: Cell 1 (Static) = 0.003057 | Cell 2 (Plastic) = 0.003057
66977764
Trial: 106, Time:35.893s
Trial 106: Cell 1 (Static) = 0.003048 | Cell 2 (Plastic) = 0.003048
68494371
Trial: 107, Time:36.706s
Trial 107: Cell 1 (Static) = 0.003039 | Cell 2 (Plastic) = 0.003039
66314254
Trial: 108, Time:35.913s
Trial 108: Cell 1 (Static) = 0.003030 | Cell 2 (Plastic) = 0.003030
67957998
Trial: 109, Time:36.747s
Trial 109: Cell 1 (Static) = 0.003021 | Cell 2 (Plastic) = 0.003021
67666388
Trial: 110, Time:36.152s
Trial 110: Cell 1 (Static) = 0.003012 | Cell 2 (Plastic) = 0.003012
68089257
Trial: 111, Time:36.290s
Trial 111: Cell 1 (Static) = 0.003003 | Cell 2 (Plastic) = 0.003003
68733642
Trial: 112, Time:35.942s
Trial 112: Cell 1 (Static) = 0.002994 | Cell 2 (Plastic) = 0.002994
68001103
Trial: 113, Time:36.274s
Trial 113: Cell 1 (Static) = 0.002985 | Cell 2 (Plastic) = 0.002985
69438682
Trial: 114, Time:36.310s
Trial 114: Cell 1 (Static) = 0.002976 | Cell 2 (Plastic) = 0.002976
69846769
Trial: 115, Time:36.938s
Trial 115: Cell 1 (Static) = 0.002967 | Cell 2 (Plastic) = 0.002967
71614214
Trial: 116, Time:36.786s
Trial 116: Cell 1 (Static) = 0.002958 | Cell 2 (Plastic) = 0.002958
73516840
Trial: 117, Time:37.739s
Trial 117: Cell 1 (Static) = 0.002949 | Cell 2 (Plastic) = 0.002949
71843366
Trial: 118, Time:36.767s
Trial 118: Cell 1 (Static) = 0.002941 | Cell 2 (Plastic) = 0.002941
73843744
Trial: 119, Time:37.447s
Trial 119: Cell 1 (Static) = 0.002932 | Cell 2 (Plastic) = 0.002932
73185711
Trial: 120, Time:37.071s
Trial 120: Cell 1 (Static) = 0.002923 | Cell 2 (Plastic) = 0.002923
72115085
Trial: 121, Time:37.072s
Trial 121: Cell 1 (Static) = 0.002914 | Cell 2 (Plastic) = 0.002914
73204816
Trial: 122, Time:36.795s
Trial 122: Cell 1 (Static) = 0.002906 | Cell 2 (Plastic) = 0.002906
73088021
Trial: 123, Time:37.265s
Trial 123: Cell 1 (Static) = 0.002897 | Cell 2 (Plastic) = 0.002897
73989289
Trial: 124, Time:37.234s
Trial 124: Cell 1 (Static) = 0.002888 | Cell 2 (Plastic) = 0.002888
72633171
Trial: 125, Time:37.283s
Trial 125: Cell 1 (Static) = 0.002880 | Cell 2 (Plastic) = 0.002880
73697009
Trial: 126, Time:36.986s
Trial 126: Cell 1 (Static) = 0.002871 | Cell 2 (Plastic) = 0.002871
75361645
Trial: 127, Time:37.725s
Trial 127: Cell 1 (Static) = 0.002862 | Cell 2 (Plastic) = 0.002862
73168760
Trial: 128, Time:36.839s
Trial 128: Cell 1 (Static) = 0.002854 | Cell 2 (Plastic) = 0.002854
73893090
Trial: 129, Time:37.349s
Trial 129: Cell 1 (Static) = 0.002845 | Cell 2 (Plastic) = 0.002845
75308043
Trial: 130, Time:37.299s
Trial 130: Cell 1 (Static) = 0.002837 | Cell 2 (Plastic) = 0.002837
73112245
Trial: 131, Time:37.018s
Trial 131: Cell 1 (Static) = 0.002828 | Cell 2 (Plastic) = 0.002828
72753154
Trial: 132, Time:36.312s
Trial 132: Cell 1 (Static) = 0.002820 | Cell 2 (Plastic) = 0.002820
72975896
Trial: 133, Time:37.029s
Trial 133: Cell 1 (Static) = 0.002811 | Cell 2 (Plastic) = 0.002811
74157319
Trial: 134, Time:37.122s
Trial 134: Cell 1 (Static) = 0.002803 | Cell 2 (Plastic) = 0.002803
74512579
Trial: 135, Time:37.461s
Trial 135: Cell 1 (Static) = 0.002795 | Cell 2 (Plastic) = 0.002795
72575301
Trial: 136, Time:36.514s
Trial 136: Cell 1 (Static) = 0.002786 | Cell 2 (Plastic) = 0.002786
74226610
Trial: 137, Time:37.524s
Trial 137: Cell 1 (Static) = 0.002778 | Cell 2 (Plastic) = 0.002778
75014852
Trial: 138, Time:37.147s
Trial 138: Cell 1 (Static) = 0.002770 | Cell 2 (Plastic) = 0.002770
75157058
Trial: 139, Time:37.551s
Trial 139: Cell 1 (Static) = 0.002761 | Cell 2 (Plastic) = 0.002761
73719596
Trial: 140, Time:36.791s
Trial 140: Cell 1 (Static) = 0.002753 | Cell 2 (Plastic) = 0.002753
75645450
Trial: 141, Time:37.420s
Trial 141: Cell 1 (Static) = 0.002745 | Cell 2 (Plastic) = 0.002745
76275228
Trial: 142, Time:36.979s
Trial 142: Cell 1 (Static) = 0.002737 | Cell 2 (Plastic) = 0.002737
76414240
Trial: 143, Time:37.336s
Trial 143: Cell 1 (Static) = 0.002728 | Cell 2 (Plastic) = 0.002728
76291672
Trial: 144, Time:37.107s
Trial 144: Cell 1 (Static) = 0.002720 | Cell 2 (Plastic) = 0.002720
78142694
Trial: 145, Time:37.879s
Trial 145: Cell 1 (Static) = 0.002712 | Cell 2 (Plastic) = 0.002712
79036575
Trial: 146, Time:37.511s
Trial 146: Cell 1 (Static) = 0.002704 | Cell 2 (Plastic) = 0.002704
76811622
Trial: 147, Time:37.560s
Trial 147: Cell 1 (Static) = 0.002696 | Cell 2 (Plastic) = 0.002696
77251890
Trial: 148, Time:37.004s
Trial 148: Cell 1 (Static) = 0.002688 | Cell 2 (Plastic) = 0.002688
77279898
Trial: 149, Time:37.217s
Trial 149: Cell 1 (Static) = 0.002680 | Cell 2 (Plastic) = 0.002680
78186505
Trial: 150, Time:37.591s
Trial 150: Cell 1 (Static) = 0.002672 | Cell 2 (Plastic) = 0.002672
80157855
Trial: 151, Time:38.156s
Trial 151: Cell 1 (Static) = 0.002664 | Cell 2 (Plastic) = 0.002664
79224510
Trial: 152, Time:37.285s
Trial 152: Cell 1 (Static) = 0.002656 | Cell 2 (Plastic) = 0.002656
79030872
Trial: 153, Time:37.692s
Trial 153: Cell 1 (Static) = 0.002648 | Cell 2 (Plastic) = 0.002648
78531137
Trial: 154, Time:37.683s
Trial 154: Cell 1 (Static) = 0.002640 | Cell 2 (Plastic) = 0.002640
77055765
Trial: 155, Time:37.324s
Trial 155: Cell 1 (Static) = 0.002632 | Cell 2 (Plastic) = 0.002632
75077905
Trial: 156, Time:36.642s
Trial 156: Cell 1 (Static) = 0.002624 | Cell 2 (Plastic) = 0.002624
76346200
Trial: 157, Time:37.513s
Trial 157: Cell 1 (Static) = 0.002616 | Cell 2 (Plastic) = 0.002616
75284680
Trial: 158, Time:36.427s
Trial 158: Cell 1 (Static) = 0.002609 | Cell 2 (Plastic) = 0.002609
76865341
Trial: 159, Time:37.204s
Trial 159: Cell 1 (Static) = 0.002601 | Cell 2 (Plastic) = 0.002601
77898140
Trial: 160, Time:37.049s
Trial 160: Cell 1 (Static) = 0.002593 | Cell 2 (Plastic) = 0.002593
78685006
Trial: 161, Time:37.577s
Trial 161: Cell 1 (Static) = 0.002585 | Cell 2 (Plastic) = 0.002585
78038012
Trial: 162, Time:37.503s
Trial 162: Cell 1 (Static) = 0.002577 | Cell 2 (Plastic) = 0.002577
77806007
Trial: 163, Time:37.408s
Trial 163: Cell 1 (Static) = 0.002570 | Cell 2 (Plastic) = 0.002570
76716595
Trial: 164, Time:36.713s
Trial 164: Cell 1 (Static) = 0.002562 | Cell 2 (Plastic) = 0.002562
78247270
Trial: 165, Time:37.363s
Trial 165: Cell 1 (Static) = 0.002554 | Cell 2 (Plastic) = 0.002554
78421305
Trial: 166, Time:37.436s
Trial 166: Cell 1 (Static) = 0.002547 | Cell 2 (Plastic) = 0.002547
78003417
Trial: 167, Time:37.220s
Trial 167: Cell 1 (Static) = 0.002539 | Cell 2 (Plastic) = 0.002539
80582135
Trial: 168, Time:37.415s
Trial 168: Cell 1 (Static) = 0.002532 | Cell 2 (Plastic) = 0.002532
79404716
Trial: 169, Time:38.155s
Trial 169: Cell 1 (Static) = 0.002524 | Cell 2 (Plastic) = 0.002524
78254372
Trial: 170, Time:37.134s
Trial 170: Cell 1 (Static) = 0.002516 | Cell 2 (Plastic) = 0.002516
79363202
Trial: 171, Time:37.736s
Trial 171: Cell 1 (Static) = 0.002509 | Cell 2 (Plastic) = 0.002509
78284283
Trial: 172, Time:37.110s
Trial 172: Cell 1 (Static) = 0.002501 | Cell 2 (Plastic) = 0.002501
77699435
Trial: 173, Time:38.332s
Trial 173: Cell 1 (Static) = 0.002494 | Cell 2 (Plastic) = 0.002494
78689548
Trial: 174, Time:37.104s
Trial 174: Cell 1 (Static) = 0.002486 | Cell 2 (Plastic) = 0.002486
77762355
Trial: 175, Time:37.826s
Trial 175: Cell 1 (Static) = 0.002479 | Cell 2 (Plastic) = 0.002479
79724466
Trial: 176, Time:37.325s
Trial 176: Cell 1 (Static) = 0.002472 | Cell 2 (Plastic) = 0.002472
80427566
Trial: 177, Time:38.811s
Trial 177: Cell 1 (Static) = 0.002464 | Cell 2 (Plastic) = 0.002464
79977813
Trial: 178, Time:37.341s
Trial 178: Cell 1 (Static) = 0.002457 | Cell 2 (Plastic) = 0.002457
82392039
Trial: 179, Time:38.578s
Trial 179: Cell 1 (Static) = 0.002450 | Cell 2 (Plastic) = 0.002450
82387685
Trial: 180, Time:38.214s
Trial 180: Cell 1 (Static) = 0.002442 | Cell 2 (Plastic) = 0.002442
83507088
Trial: 181, Time:38.540s
Trial 181: Cell 1 (Static) = 0.002435 | Cell 2 (Plastic) = 0.002435
82059309
Trial: 182, Time:37.694s
Trial 182: Cell 1 (Static) = 0.002428 | Cell 2 (Plastic) = 0.002428
81544596
Trial: 183, Time:38.807s
Trial 183: Cell 1 (Static) = 0.002420 | Cell 2 (Plastic) = 0.002420
82878716
Trial: 184, Time:38.247s
Trial 184: Cell 1 (Static) = 0.002413 | Cell 2 (Plastic) = 0.002413
82453928
Trial: 185, Time:38.756s
Trial 185: Cell 1 (Static) = 0.002406 | Cell 2 (Plastic) = 0.002406
84990359
Trial: 186, Time:37.911s
Trial 186: Cell 1 (Static) = 0.002399 | Cell 2 (Plastic) = 0.002399
85504947
Trial: 187, Time:39.463s
Trial 187: Cell 1 (Static) = 0.002392 | Cell 2 (Plastic) = 0.002392
88355157
Trial: 188, Time:38.175s
Trial 188: Cell 1 (Static) = 0.002384 | Cell 2 (Plastic) = 0.002384
88503724
Trial: 189, Time:40.116s
Trial 189: Cell 1 (Static) = 0.002377 | Cell 2 (Plastic) = 0.002377
87355545
Trial: 190, Time:38.029s
Trial 190: Cell 1 (Static) = 0.002370 | Cell 2 (Plastic) = 0.002370
85806736
Trial: 191, Time:39.771s
Trial 191: Cell 1 (Static) = 0.002363 | Cell 2 (Plastic) = 0.002363
86364474
Trial: 192, Time:37.852s
Trial 192: Cell 1 (Static) = 0.002356 | Cell 2 (Plastic) = 0.002356
85251653
Trial: 193, Time:38.780s
Trial 193: Cell 1 (Static) = 0.002349 | Cell 2 (Plastic) = 0.002349
86503613
Trial: 194, Time:37.905s
Trial 194: Cell 1 (Static) = 0.002342 | Cell 2 (Plastic) = 0.002342
86962614
Trial: 195, Time:39.602s
Trial 195: Cell 1 (Static) = 0.002335 | Cell 2 (Plastic) = 0.002335
87575243
Trial: 196, Time:38.049s
Trial 196: Cell 1 (Static) = 0.002328 | Cell 2 (Plastic) = 0.002328
89171251
Trial: 197, Time:39.730s
Trial 197: Cell 1 (Static) = 0.002321 | Cell 2 (Plastic) = 0.002321
88485247
Trial: 198, Time:38.277s
Trial 198: Cell 1 (Static) = 0.002314 | Cell 2 (Plastic) = 0.002314
89367781
Trial: 199, Time:38.692s
Trial 199: Cell 1 (Static) = 0.002307 | Cell 2 (Plastic) = 0.002307
90060756
Trial: 200, Time:38.190s
Trial 200: Cell 1 (Static) = 0.002300 | Cell 2 (Plastic) = 0.002300
90913389
Trial: 201, Time:39.683s
Trial 201: Cell 1 (Static) = 0.002293 | Cell 2 (Plastic) = 0.002293
90994459
Trial: 202, Time:38.805s
Trial 202: Cell 1 (Static) = 0.002286 | Cell 2 (Plastic) = 0.002286
90064760
Trial: 203, Time:39.502s
Trial 203: Cell 1 (Static) = 0.002280 | Cell 2 (Plastic) = 0.002280
91774078
Trial: 204, Time:38.370s
Trial 204: Cell 1 (Static) = 0.002273 | Cell 2 (Plastic) = 0.002273
92809348
Trial: 205, Time:38.974s
Trial 205: Cell 1 (Static) = 0.002266 | Cell 2 (Plastic) = 0.002266
93490655
Trial: 206, Time:38.003s
Trial 206: Cell 1 (Static) = 0.002259 | Cell 2 (Plastic) = 0.002259
91862735
Trial: 207, Time:39.960s
Trial 207: Cell 1 (Static) = 0.002252 | Cell 2 (Plastic) = 0.002252
92147848
Trial: 208, Time:38.793s
Trial 208: Cell 1 (Static) = 0.002246 | Cell 2 (Plastic) = 0.002246
91708227
Trial: 209, Time:39.944s
Trial 209: Cell 1 (Static) = 0.002239 | Cell 2 (Plastic) = 0.002239
93115551
Trial: 210, Time:38.221s
Trial 210: Cell 1 (Static) = 0.002232 | Cell 2 (Plastic) = 0.002232
95826723
Trial: 211, Time:39.289s
Trial 211: Cell 1 (Static) = 0.002226 | Cell 2 (Plastic) = 0.002226
93589725
Trial: 212, Time:37.995s
Trial 212: Cell 1 (Static) = 0.002219 | Cell 2 (Plastic) = 0.002219
93859143
Trial: 213, Time:39.637s
Trial 213: Cell 1 (Static) = 0.002212 | Cell 2 (Plastic) = 0.002212
94542049
Trial: 214, Time:37.962s
Trial 214: Cell 1 (Static) = 0.002206 | Cell 2 (Plastic) = 0.002206
93214020
Trial: 215, Time:40.165s
Trial 215: Cell 1 (Static) = 0.002199 | Cell 2 (Plastic) = 0.002199
94445675
Trial: 216, Time:37.867s
Trial 216: Cell 1 (Static) = 0.002193 | Cell 2 (Plastic) = 0.002193
94924232
Trial: 217, Time:39.052s
Trial 217: Cell 1 (Static) = 0.002186 | Cell 2 (Plastic) = 0.002186
95380257
Trial: 218, Time:38.134s
Trial 218: Cell 1 (Static) = 0.002179 | Cell 2 (Plastic) = 0.002179
94920048
Trial: 219, Time:40.873s
Trial 219: Cell 1 (Static) = 0.002173 | Cell 2 (Plastic) = 0.002173
94313969
Trial: 220, Time:38.126s
Trial 220: Cell 1 (Static) = 0.002166 | Cell 2 (Plastic) = 0.002166
95399717
Trial: 221, Time:40.966s
Trial 221: Cell 1 (Static) = 0.002160 | Cell 2 (Plastic) = 0.002160
94666547
Trial: 222, Time:38.060s
Trial 222: Cell 1 (Static) = 0.002153 | Cell 2 (Plastic) = 0.002153
93746566
Trial: 223, Time:39.076s
Trial 223: Cell 1 (Static) = 0.002147 | Cell 2 (Plastic) = 0.002147
93902910
Trial: 224, Time:38.063s
Trial 224: Cell 1 (Static) = 0.002141 | Cell 2 (Plastic) = 0.002141
93974171
Trial: 225, Time:40.838s
Trial 225: Cell 1 (Static) = 0.002134 | Cell 2 (Plastic) = 0.002134
94522488
Trial: 226, Time:37.827s
Trial 226: Cell 1 (Static) = 0.002128 | Cell 2 (Plastic) = 0.002128
95766499
Trial: 227, Time:40.757s
Trial 227: Cell 1 (Static) = 0.002121 | Cell 2 (Plastic) = 0.002121
97075840
Trial: 228, Time:38.659s
Trial 228: Cell 1 (Static) = 0.002115 | Cell 2 (Plastic) = 0.002115
98225429
Trial: 229, Time:38.635s
Trial 229: Cell 1 (Static) = 0.002109 | Cell 2 (Plastic) = 0.002109
98226996
Trial: 230, Time:37.936s
Trial 230: Cell 1 (Static) = 0.002102 | Cell 2 (Plastic) = 0.002102
99413316
Trial: 231, Time:40.891s
Trial 231: Cell 1 (Static) = 0.002096 | Cell 2 (Plastic) = 0.002096
98009496
Trial: 232, Time:37.961s
Trial 232: Cell 1 (Static) = 0.002090 | Cell 2 (Plastic) = 0.002090
96363415
Trial: 233, Time:40.317s
Trial 233: Cell 1 (Static) = 0.002084 | Cell 2 (Plastic) = 0.002084
97507243
Trial: 234, Time:37.827s
Trial 234: Cell 1 (Static) = 0.002077 | Cell 2 (Plastic) = 0.002077
96771937
Trial: 235, Time:38.891s
Trial 235: Cell 1 (Static) = 0.002071 | Cell 2 (Plastic) = 0.002071
96630666
Trial: 236, Time:37.732s
Trial 236: Cell 1 (Static) = 0.002065 | Cell 2 (Plastic) = 0.002065
98176647
Trial: 237, Time:40.567s
Trial 237: Cell 1 (Static) = 0.002059 | Cell 2 (Plastic) = 0.002059
99143238
Trial: 238, Time:38.003s
Trial 238: Cell 1 (Static) = 0.002053 | Cell 2 (Plastic) = 0.002053
99997847
Trial: 239, Time:41.004s
Trial 239: Cell 1 (Static) = 0.002047 | Cell 2 (Plastic) = 0.002047
101309328
Trial: 240, Time:38.468s
Trial 240: Cell 1 (Static) = 0.002040 | Cell 2 (Plastic) = 0.002040
98646652
Trial: 241, Time:40.334s
Trial 241: Cell 1 (Static) = 0.002034 | Cell 2 (Plastic) = 0.002034
100958644
Trial: 242, Time:38.386s
Trial 242: Cell 1 (Static) = 0.002028 | Cell 2 (Plastic) = 0.002028
100560844
Trial: 243, Time:41.686s
Trial 243: Cell 1 (Static) = 0.002022 | Cell 2 (Plastic) = 0.002022
100932947
Trial: 244, Time:37.969s
Trial 244: Cell 1 (Static) = 0.002016 | Cell 2 (Plastic) = 0.002016
101086946
Trial: 245, Time:41.238s
Trial 245: Cell 1 (Static) = 0.002010 | Cell 2 (Plastic) = 0.002010
102509307
Trial: 246, Time:38.812s
Trial 246: Cell 1 (Static) = 0.002004 | Cell 2 (Plastic) = 0.002004
102434475
Trial: 247, Time:38.918s
Trial 247: Cell 1 (Static) = 0.001998 | Cell 2 (Plastic) = 0.001998
103759108
Trial: 248, Time:38.674s
Trial 248: Cell 1 (Static) = 0.001992 | Cell 2 (Plastic) = 0.001992
103596288
Trial: 249, Time:40.926s
Trial 249: Cell 1 (Static) = 0.001986 | Cell 2 (Plastic) = 0.001986
101345567
Trial: 250, Time:38.557s
Trial 250: Cell 1 (Static) = 0.001980 | Cell 2 (Plastic) = 0.001980
100970589
Trial: 251, Time:40.531s
Trial 251: Cell 1 (Static) = 0.001974 | Cell 2 (Plastic) = 0.001974
101701114
Trial: 252, Time:38.419s
Trial 252: Cell 1 (Static) = 0.001968 | Cell 2 (Plastic) = 0.001968
101124051
Trial: 253, Time:38.605s
Trial 253: Cell 1 (Static) = 0.001963 | Cell 2 (Plastic) = 0.001963
100538242
Trial: 254, Time:38.230s
Trial 254: Cell 1 (Static) = 0.001957 | Cell 2 (Plastic) = 0.001957
103822941
Trial: 255, Time:40.822s
Trial 255: Cell 1 (Static) = 0.001951 | Cell 2 (Plastic) = 0.001951
101689625
Trial: 256, Time:38.294s
Trial 256: Cell 1 (Static) = 0.001945 | Cell 2 (Plastic) = 0.001945
100856755
Trial: 257, Time:40.330s
Trial 257: Cell 1 (Static) = 0.001939 | Cell 2 (Plastic) = 0.001939
100871697
Trial: 258, Time:37.639s
Trial 258: Cell 1 (Static) = 0.001933 | Cell 2 (Plastic) = 0.001933
103021185
Trial: 259, Time:38.843s
Trial 259: Cell 1 (Static) = 0.001928 | Cell 2 (Plastic) = 0.001928
103572651
Trial: 260, Time:38.593s
Trial 260: Cell 1 (Static) = 0.001922 | Cell 2 (Plastic) = 0.001922
103243847
Trial: 261, Time:40.816s
Trial 261: Cell 1 (Static) = 0.001916 | Cell 2 (Plastic) = 0.001916
101529971
Trial: 262, Time:37.979s
Trial 262: Cell 1 (Static) = 0.001910 | Cell 2 (Plastic) = 0.001910
102228824
Trial: 263, Time:41.103s
Trial 263: Cell 1 (Static) = 0.001905 | Cell 2 (Plastic) = 0.001905
102339376
Trial: 264, Time:38.063s
Trial 264: Cell 1 (Static) = 0.001899 | Cell 2 (Plastic) = 0.001899
104212097
Trial: 265, Time:38.885s
Trial 265: Cell 1 (Static) = 0.001893 | Cell 2 (Plastic) = 0.001893
103186276
Trial: 266, Time:38.623s
Trial 266: Cell 1 (Static) = 0.001888 | Cell 2 (Plastic) = 0.001888
104275695
Trial: 267, Time:41.021s
Trial 267: Cell 1 (Static) = 0.001882 | Cell 2 (Plastic) = 0.001882
105311566
Trial: 268, Time:38.488s
Trial 268: Cell 1 (Static) = 0.001876 | Cell 2 (Plastic) = 0.001876
104560357
Trial: 269, Time:41.217s
Trial 269: Cell 1 (Static) = 0.001871 | Cell 2 (Plastic) = 0.001871
106796262
Trial: 270, Time:38.599s
Trial 270: Cell 1 (Static) = 0.001865 | Cell 2 (Plastic) = 0.001865
106090492
Trial: 271, Time:39.385s
Trial 271: Cell 1 (Static) = 0.001859 | Cell 2 (Plastic) = 0.001859
105924534
Trial: 272, Time:39.050s
Trial 272: Cell 1 (Static) = 0.001854 | Cell 2 (Plastic) = 0.001854
105880517
Trial: 273, Time:41.290s
Trial 273: Cell 1 (Static) = 0.001848 | Cell 2 (Plastic) = 0.001848
109613475
Trial: 274, Time:39.195s
Trial 274: Cell 1 (Static) = 0.001843 | Cell 2 (Plastic) = 0.001843
110083692
Trial: 275, Time:42.369s
Trial 275: Cell 1 (Static) = 0.001837 | Cell 2 (Plastic) = 0.001837
111832146
Trial: 276, Time:39.464s
Trial 276: Cell 1 (Static) = 0.001832 | Cell 2 (Plastic) = 0.001832
109214213
Trial: 277, Time:39.845s
Trial 277: Cell 1 (Static) = 0.001826 | Cell 2 (Plastic) = 0.001826
110291347
Trial: 278, Time:39.125s
Trial 278: Cell 1 (Static) = 0.001821 | Cell 2 (Plastic) = 0.001821
111274860
Trial: 279, Time:41.987s
Trial 279: Cell 1 (Static) = 0.001815 | Cell 2 (Plastic) = 0.001815
109355683
Trial: 280, Time:39.398s
Trial 280: Cell 1 (Static) = 0.001810 | Cell 2 (Plastic) = 0.001810
109816463
Trial: 281, Time:41.692s
Trial 281: Cell 1 (Static) = 0.001805 | Cell 2 (Plastic) = 0.001805
110199595
Trial: 282, Time:38.894s
Trial 282: Cell 1 (Static) = 0.001799 | Cell 2 (Plastic) = 0.001799
111056406
Trial: 283, Time:40.273s
Trial 283: Cell 1 (Static) = 0.001794 | Cell 2 (Plastic) = 0.001794
109770027
Trial: 284, Time:38.886s
Trial 284: Cell 1 (Static) = 0.001788 | Cell 2 (Plastic) = 0.001788
110557260
Trial: 285, Time:41.808s
Trial 285: Cell 1 (Static) = 0.001783 | Cell 2 (Plastic) = 0.001783
115072253
Trial: 286, Time:40.519s
Trial 286: Cell 1 (Static) = 0.001778 | Cell 2 (Plastic) = 0.001778
114672926
Trial: 287, Time:42.476s
Trial 287: Cell 1 (Static) = 0.001772 | Cell 2 (Plastic) = 0.001772
116850058
Trial: 288, Time:40.649s
Trial 288: Cell 1 (Static) = 0.001767 | Cell 2 (Plastic) = 0.001767
111525790
Trial: 289, Time:40.387s
Trial 289: Cell 1 (Static) = 0.001762 | Cell 2 (Plastic) = 0.001762
115034487
Trial: 290, Time:40.874s
Trial 290: Cell 1 (Static) = 0.001757 | Cell 2 (Plastic) = 0.001757
115122702
Trial: 291, Time:42.985s
Trial 291: Cell 1 (Static) = 0.001751 | Cell 2 (Plastic) = 0.001751
117556297
Trial: 292, Time:41.180s
Trial 292: Cell 1 (Static) = 0.001746 | Cell 2 (Plastic) = 0.001746
115782464
Trial: 293, Time:42.687s
Trial 293: Cell 1 (Static) = 0.001741 | Cell 2 (Plastic) = 0.001741
114851343
Trial: 294, Time:40.138s
Trial 294: Cell 1 (Static) = 0.001736 | Cell 2 (Plastic) = 0.001736
114033080
Trial: 295, Time:40.649s
Trial 295: Cell 1 (Static) = 0.001731 | Cell 2 (Plastic) = 0.001731
114413822
Trial: 296, Time:40.048s
Trial 296: Cell 1 (Static) = 0.001725 | Cell 2 (Plastic) = 0.001725
113908766
Trial: 297, Time:43.023s
Trial 297: Cell 1 (Static) = 0.001720 | Cell 2 (Plastic) = 0.001720
110795180
Trial: 298, Time:39.455s
Trial 298: Cell 1 (Static) = 0.001715 | Cell 2 (Plastic) = 0.001715
112972234
Trial: 299, Time:42.207s
Trial 299: Cell 1 (Static) = 0.001710 | Cell 2 (Plastic) = 0.001710
114404797
Trial: 300, Time:40.401s
Trial 300: Cell 1 (Static) = 0.001705 | Cell 2 (Plastic) = 0.001705
113831468
Trial: 301, Time:40.539s
Trial 301: Cell 1 (Static) = 0.001700 | Cell 2 (Plastic) = 0.001700
111986923
Trial: 302, Time:39.552s
Trial 302: Cell 1 (Static) = 0.001695 | Cell 2 (Plastic) = 0.001695
112319634
Trial: 303, Time:42.393s
Trial 303: Cell 1 (Static) = 0.001690 | Cell 2 (Plastic) = 0.001690
112803069
Trial: 304, Time:40.148s
Trial 304: Cell 1 (Static) = 0.001684 | Cell 2 (Plastic) = 0.001684
113290346
Trial: 305, Time:42.170s
Trial 305: Cell 1 (Static) = 0.001679 | Cell 2 (Plastic) = 0.001679
114363998
Trial: 306, Time:39.905s
Trial 306: Cell 1 (Static) = 0.001674 | Cell 2 (Plastic) = 0.001674
114849839
Trial: 307, Time:40.674s
Trial 307: Cell 1 (Static) = 0.001669 | Cell 2 (Plastic) = 0.001669
114431710
Trial: 308, Time:40.559s
Trial 308: Cell 1 (Static) = 0.001664 | Cell 2 (Plastic) = 0.001674
115724427
Trial: 309, Time:42.934s
Trial 309: Cell 1 (Static) = 0.001659 | Cell 2 (Plastic) = 0.001669
115112024
Trial: 310, Time:40.108s
Trial 310: Cell 1 (Static) = 0.001654 | Cell 2 (Plastic) = 0.001664
114816905
Trial: 311, Time:42.904s
Trial 311: Cell 1 (Static) = 0.001650 | Cell 2 (Plastic) = 0.001659
114539959
Trial: 312, Time:40.060s
Trial 312: Cell 1 (Static) = 0.001645 | Cell 2 (Plastic) = 0.001654
113868270
Trial: 313, Time:40.423s
Trial 313: Cell 1 (Static) = 0.001640 | Cell 2 (Plastic) = 0.001650
113880776
Trial: 314, Time:39.733s
Trial 314: Cell 1 (Static) = 0.001635 | Cell 2 (Plastic) = 0.001645
114038748
Trial: 315, Time:42.930s
Trial 315: Cell 1 (Static) = 0.001640 | Cell 2 (Plastic) = 0.001640
116890046
Trial: 316, Time:40.141s
Trial 316: Cell 1 (Static) = 0.001635 | Cell 2 (Plastic) = 0.001635
115736747
Trial: 317, Time:42.145s
Trial 317: Cell 1 (Static) = 0.001630 | Cell 2 (Plastic) = 0.001630
117110614
Trial: 318, Time:40.711s
Trial 318: Cell 1 (Static) = 0.001625 | Cell 2 (Plastic) = 0.001625
117162205
Trial: 319, Time:40.809s
Trial 319: Cell 1 (Static) = 0.001620 | Cell 2 (Plastic) = 0.001620
117563098
Trial: 320, Time:40.397s
Trial 320: Cell 1 (Static) = 0.001615 | Cell 2 (Plastic) = 0.001615
118971276
Trial: 321, Time:42.802s
Trial 321: Cell 1 (Static) = 0.001610 | Cell 2 (Plastic) = 0.001610
121245774
Trial: 322, Time:41.289s
Trial 322: Cell 1 (Static) = 0.001606 | Cell 2 (Plastic) = 0.001606
119867849
Trial: 323, Time:42.423s
Trial 323: Cell 1 (Static) = 0.001601 | Cell 2 (Plastic) = 0.001601
119727935
Trial: 324, Time:40.525s
Trial 324: Cell 1 (Static) = 0.001606 | Cell 2 (Plastic) = 0.001596
121406128
Trial: 325, Time:41.110s
Trial 325: Cell 1 (Static) = 0.001601 | Cell 2 (Plastic) = 0.001591
119096076
Trial: 326, Time:40.967s
Trial 326: Cell 1 (Static) = 0.001596 | Cell 2 (Plastic) = 0.001587
119142246
Trial: 327, Time:43.070s
Trial 327: Cell 1 (Static) = 0.001601 | Cell 2 (Plastic) = 0.001582
116948363
Trial: 328, Time:40.070s
Trial 328: Cell 1 (Static) = 0.001606 | Cell 2 (Plastic) = 0.001577
119350469
Trial: 329, Time:42.529s
Trial 329: Cell 1 (Static) = 0.001610 | Cell 2 (Plastic) = 0.001582
118154336
Trial: 330, Time:40.397s
Trial 330: Cell 1 (Static) = 0.001606 | Cell 2 (Plastic) = 0.001577
118660753
Trial: 331, Time:41.592s
Trial 331: Cell 1 (Static) = 0.001601 | Cell 2 (Plastic) = 0.001582
119213479
Trial: 332, Time:40.740s
Trial 332: Cell 1 (Static) = 0.001596 | Cell 2 (Plastic) = 0.001577
116824109
Trial: 333, Time:42.523s
Trial 333: Cell 1 (Static) = 0.001591 | Cell 2 (Plastic) = 0.001582
116435266
Trial: 334, Time:40.067s
Trial 334: Cell 1 (Static) = 0.001587 | Cell 2 (Plastic) = 0.001577
119053757
Trial: 335, Time:42.525s
Trial 335: Cell 1 (Static) = 0.001582 | Cell 2 (Plastic) = 0.001582
118922145
Trial: 336, Time:41.019s
Trial 336: Cell 1 (Static) = 0.001577 | Cell 2 (Plastic) = 0.001587
120571513
Trial: 337, Time:41.365s
Trial 337: Cell 1 (Static) = 0.001572 | Cell 2 (Plastic) = 0.001582
124235199
Trial: 338, Time:41.485s
Trial 338: Cell 1 (Static) = 0.001568 | Cell 2 (Plastic) = 0.001577
123823201
Trial: 339, Time:43.465s
Trial 339: Cell 1 (Static) = 0.001563 | Cell 2 (Plastic) = 0.001572
124087202
Trial: 340, Time:42.020s
Trial 340: Cell 1 (Static) = 0.001558 | Cell 2 (Plastic) = 0.001568
126855309
Trial: 341, Time:43.153s
Trial 341: Cell 1 (Static) = 0.001554 | Cell 2 (Plastic) = 0.001563
125137664
Trial: 342, Time:41.574s
Trial 342: Cell 1 (Static) = 0.001558 | Cell 2 (Plastic) = 0.001568
123801092
Trial: 343, Time:41.804s
Trial 343: Cell 1 (Static) = 0.001554 | Cell 2 (Plastic) = 0.001563
124399399
Trial: 344, Time:41.559s
Trial 344: Cell 1 (Static) = 0.001558 | Cell 2 (Plastic) = 0.001558
123516981
Trial: 345, Time:43.377s
Trial 345: Cell 1 (Static) = 0.001563 | Cell 2 (Plastic) = 0.001554
120317043
Trial: 346, Time:41.393s
Trial 346: Cell 1 (Static) = 0.001558 | Cell 2 (Plastic) = 0.001558
122776641
Trial: 347, Time:43.033s
Trial 347: Cell 1 (Static) = 0.001554 | Cell 2 (Plastic) = 0.001563
123412937
Trial: 348, Time:41.496s
Trial 348: Cell 1 (Static) = 0.001558 | Cell 2 (Plastic) = 0.001568
120369294
Trial: 349, Time:41.779s
Trial 349: Cell 1 (Static) = 0.001563 | Cell 2 (Plastic) = 0.001572
125705385
Trial: 350, Time:42.061s
Trial 350: Cell 1 (Static) = 0.001568 | Cell 2 (Plastic) = 0.001568
119110861
Trial: 351, Time:43.155s
Trial 351: Cell 1 (Static) = 0.001563 | Cell 2 (Plastic) = 0.001563
118146141
Trial: 352, Time:40.610s
Trial 352: Cell 1 (Static) = 0.001558 | Cell 2 (Plastic) = 0.001558
117753682
Trial: 353, Time:42.584s
Trial 353: Cell 1 (Static) = 0.001554 | Cell 2 (Plastic) = 0.001554
118843073
Trial: 354, Time:40.809s
Trial 354: Cell 1 (Static) = 0.001549 | Cell 2 (Plastic) = 0.001549
122745000
Trial: 355, Time:42.254s
Trial 355: Cell 1 (Static) = 0.001554 | Cell 2 (Plastic) = 0.001554
121932566
Trial: 356, Time:41.503s
Trial 356: Cell 1 (Static) = 0.001549 | Cell 2 (Plastic) = 0.001549
122832650
Trial: 357, Time:43.618s
Trial 357: Cell 1 (Static) = 0.001544 | Cell 2 (Plastic) = 0.001554
119985594
Trial: 358, Time:40.985s
Trial 358: Cell 1 (Static) = 0.001540 | Cell 2 (Plastic) = 0.001549
122830881
Trial: 359, Time:43.128s
Trial 359: Cell 1 (Static) = 0.001535 | Cell 2 (Plastic) = 0.001544
123592410
Trial: 360, Time:42.300s
Trial 360: Cell 1 (Static) = 0.001540 | Cell 2 (Plastic) = 0.001540
123752987
Trial: 361, Time:42.032s
Trial 361: Cell 1 (Static) = 0.001535 | Cell 2 (Plastic) = 0.001535
121458515
Trial: 362, Time:41.274s
Trial 362: Cell 1 (Static) = 0.001531 | Cell 2 (Plastic) = 0.001540
119187279
Trial: 363, Time:43.303s
Trial 363: Cell 1 (Static) = 0.001526 | Cell 2 (Plastic) = 0.001535
119874079
Trial: 364, Time:40.927s
Trial 364: Cell 1 (Static) = 0.001521 | Cell 2 (Plastic) = 0.001531
121529296
Trial: 365, Time:43.025s
Trial 365: Cell 1 (Static) = 0.001526 | Cell 2 (Plastic) = 0.001526
123145822
Trial: 366, Time:42.190s
Trial 366: Cell 1 (Static) = 0.001531 | Cell 2 (Plastic) = 0.001521
118632447
Trial: 367, Time:41.279s
Trial 367: Cell 1 (Static) = 0.001535 | Cell 2 (Plastic) = 0.001517
118204196
Trial: 368, Time:40.625s
Trial 368: Cell 1 (Static) = 0.001531 | Cell 2 (Plastic) = 0.001521
119816339
Trial: 369, Time:43.270s
Trial 369: Cell 1 (Static) = 0.001526 | Cell 2 (Plastic) = 0.001517
117423118
Trial: 370, Time:40.513s
Trial 370: Cell 1 (Static) = 0.001521 | Cell 2 (Plastic) = 0.001512
117592307
Trial: 371, Time:42.693s
Trial 371: Cell 1 (Static) = 0.001526 | Cell 2 (Plastic) = 0.001517
117992790
Trial: 372, Time:40.653s
Trial 372: Cell 1 (Static) = 0.001531 | Cell 2 (Plastic) = 0.001521
118303651
Trial: 373, Time:41.185s
Trial 373: Cell 1 (Static) = 0.001535 | Cell 2 (Plastic) = 0.001517
118613493
Trial: 374, Time:40.616s
Trial 374: Cell 1 (Static) = 0.001531 | Cell 2 (Plastic) = 0.001512
121768673
Trial: 375, Time:43.442s
Trial 375: Cell 1 (Static) = 0.001526 | Cell 2 (Plastic) = 0.001508
121086141
Trial: 376, Time:41.685s
Trial 376: Cell 1 (Static) = 0.001521 | Cell 2 (Plastic) = 0.001512
123086224
Trial: 377, Time:43.102s
Trial 377: Cell 1 (Static) = 0.001526 | Cell 2 (Plastic) = 0.001508
120520860
Trial: 378, Time:40.882s
Trial 378: Cell 1 (Static) = 0.001521 | Cell 2 (Plastic) = 0.001503
115818624
Trial: 379, Time:41.108s
Trial 379: Cell 1 (Static) = 0.001517 | Cell 2 (Plastic) = 0.001499
116241611
Trial: 380, Time:40.320s
Trial 380: Cell 1 (Static) = 0.001512 | Cell 2 (Plastic) = 0.001503
115131049
Trial: 381, Time:42.622s
Trial 381: Cell 1 (Static) = 0.001508 | Cell 2 (Plastic) = 0.001508
115304834
Trial: 382, Time:40.003s
Trial 382: Cell 1 (Static) = 0.001512 | Cell 2 (Plastic) = 0.001503
114995165
Trial: 383, Time:42.886s
Trial 383: Cell 1 (Static) = 0.001517 | Cell 2 (Plastic) = 0.001508
112522859
Trial: 384, Time:39.535s
Trial 384: Cell 1 (Static) = 0.001512 | Cell 2 (Plastic) = 0.001503
118069669
Trial: 385, Time:41.049s
Trial 385: Cell 1 (Static) = 0.001517 | Cell 2 (Plastic) = 0.001499
118055005
Trial: 386, Time:40.562s
Trial 386: Cell 1 (Static) = 0.001512 | Cell 2 (Plastic) = 0.001503
120006358
Trial: 387, Time:43.220s
Trial 387: Cell 1 (Static) = 0.001508 | Cell 2 (Plastic) = 0.001499
119167916
Trial: 388, Time:41.355s
Trial 388: Cell 1 (Static) = 0.001512 | Cell 2 (Plastic) = 0.001494
121019211
Trial: 389, Time:43.115s
Trial 389: Cell 1 (Static) = 0.001517 | Cell 2 (Plastic) = 0.001499
122555532
Trial: 390, Time:41.573s
Trial 390: Cell 1 (Static) = 0.001521 | Cell 2 (Plastic) = 0.001503
121101324
Trial: 391, Time:41.675s
Trial 391: Cell 1 (Static) = 0.001526 | Cell 2 (Plastic) = 0.001499
124203893
Trial: 392, Time:42.308s
Trial 392: Cell 1 (Static) = 0.001521 | Cell 2 (Plastic) = 0.001494
125355444
Trial: 393, Time:43.846s
Trial 393: Cell 1 (Static) = 0.001526 | Cell 2 (Plastic) = 0.001490
130032018
Trial: 394, Time:42.842s
Trial 394: Cell 1 (Static) = 0.001531 | Cell 2 (Plastic) = 0.001485
130082410
Trial: 395, Time:44.060s
Trial 395: Cell 1 (Static) = 0.001526 | Cell 2 (Plastic) = 0.001481
127176109
Trial: 396, Time:42.955s
Trial 396: Cell 1 (Static) = 0.001521 | Cell 2 (Plastic) = 0.001476
127418905
Trial: 397, Time:42.545s
Trial 397: Cell 1 (Static) = 0.001517 | Cell 2 (Plastic) = 0.001472
124177570
Trial: 398, Time:41.901s
