nohup: ignoring input
Starting Session...
Initializing objects...
Objects initialized.
Loading connectivity arrays...
MFGO Connectivity Array Loaded.
MFGR Connectivity Array Loaded.
GOGR Connectivity Array Loaded.
GRGO Connectivity Array Loaded.
GOGO Connectivity Array Loaded.
Connectivity Arrays Loaded
Trial 0: Cell 1 (Static) = 0.004187 | Cell 2 (Plastic) = 0.004187
69239368
Trial: 1, Time:32.418s
Trial 1: Cell 1 (Static) = 0.004175 | Cell 2 (Plastic) = 0.004175
71096640
Trial: 2, Time:31.796s
Trial 2: Cell 1 (Static) = 0.004162 | Cell 2 (Plastic) = 0.004162
73218435
Trial: 3, Time:32.451s
Trial 3: Cell 1 (Static) = 0.004150 | Cell 2 (Plastic) = 0.004150
73818179
Trial: 4, Time:33.356s
Trial 4: Cell 1 (Static) = 0.004138 | Cell 2 (Plastic) = 0.004138
73130594
Trial: 5, Time:34.029s
Trial 5: Cell 1 (Static) = 0.004125 | Cell 2 (Plastic) = 0.004125
73918260
Trial: 6, Time:34.626s
Trial 6: Cell 1 (Static) = 0.004113 | Cell 2 (Plastic) = 0.004113
72462363
Trial: 7, Time:34.636s
Trial 7: Cell 1 (Static) = 0.004101 | Cell 2 (Plastic) = 0.004101
72285102
Trial: 8, Time:34.147s
Trial 8: Cell 1 (Static) = 0.004088 | Cell 2 (Plastic) = 0.004088
71443905
Trial: 9, Time:34.105s
Trial 9: Cell 1 (Static) = 0.004076 | Cell 2 (Plastic) = 0.004076
72748839
Trial: 10, Time:35.648s
Trial 10: Cell 1 (Static) = 0.004064 | Cell 2 (Plastic) = 0.004064
72047398
Trial: 11, Time:36.303s
Trial 11: Cell 1 (Static) = 0.004052 | Cell 2 (Plastic) = 0.004052
72927413
Trial: 12, Time:35.647s
Trial 12: Cell 1 (Static) = 0.004040 | Cell 2 (Plastic) = 0.004040
73095235
Trial: 13, Time:35.544s
Trial 13: Cell 1 (Static) = 0.004028 | Cell 2 (Plastic) = 0.004028
73560468
Trial: 14, Time:34.199s
Trial 14: Cell 1 (Static) = 0.004015 | Cell 2 (Plastic) = 0.004015
76012353
Trial: 15, Time:34.540s
Trial 15: Cell 1 (Static) = 0.004003 | Cell 2 (Plastic) = 0.004003
75826225
Trial: 16, Time:36.457s
Trial 16: Cell 1 (Static) = 0.003991 | Cell 2 (Plastic) = 0.003991
76642988
Trial: 17, Time:35.598s
Trial 17: Cell 1 (Static) = 0.003980 | Cell 2 (Plastic) = 0.003980
79745976
Trial: 18, Time:36.414s
Trial 18: Cell 1 (Static) = 0.003968 | Cell 2 (Plastic) = 0.003968
78965494
Trial: 19, Time:36.577s
Trial 19: Cell 1 (Static) = 0.003956 | Cell 2 (Plastic) = 0.003956
80387823
Trial: 20, Time:37.270s
Trial 20: Cell 1 (Static) = 0.003944 | Cell 2 (Plastic) = 0.003944
79000351
Trial: 21, Time:37.007s
Trial 21: Cell 1 (Static) = 0.003932 | Cell 2 (Plastic) = 0.003932
78983563
Trial: 22, Time:36.804s
Trial 22: Cell 1 (Static) = 0.003920 | Cell 2 (Plastic) = 0.003920
79278028
Trial: 23, Time:36.840s
Trial 23: Cell 1 (Static) = 0.003909 | Cell 2 (Plastic) = 0.003909
79489627
Trial: 24, Time:36.874s
Trial 24: Cell 1 (Static) = 0.003897 | Cell 2 (Plastic) = 0.003897
79130103
Trial: 25, Time:34.875s
Trial 25: Cell 1 (Static) = 0.003885 | Cell 2 (Plastic) = 0.003885
77659782
Trial: 26, Time:36.501s
Trial 26: Cell 1 (Static) = 0.003874 | Cell 2 (Plastic) = 0.003874
77888775
Trial: 27, Time:36.686s
Trial 27: Cell 1 (Static) = 0.003862 | Cell 2 (Plastic) = 0.003862
78627700
Trial: 28, Time:36.042s
Trial 28: Cell 1 (Static) = 0.003851 | Cell 2 (Plastic) = 0.003851
78353005
Trial: 29, Time:36.511s
Trial 29: Cell 1 (Static) = 0.003839 | Cell 2 (Plastic) = 0.003839
78407510
Trial: 30, Time:36.831s
Trial 30: Cell 1 (Static) = 0.003828 | Cell 2 (Plastic) = 0.003828
78196595
Trial: 31, Time:34.677s
Trial 31: Cell 1 (Static) = 0.003816 | Cell 2 (Plastic) = 0.003816
81094029
Trial: 32, Time:36.908s
Trial 32: Cell 1 (Static) = 0.003805 | Cell 2 (Plastic) = 0.003805
80427390
Trial: 33, Time:36.410s
Trial 33: Cell 1 (Static) = 0.003793 | Cell 2 (Plastic) = 0.003793
82033914
Trial: 34, Time:36.156s
Trial 34: Cell 1 (Static) = 0.003782 | Cell 2 (Plastic) = 0.003782
80304797
Trial: 35, Time:35.951s
Trial 35: Cell 1 (Static) = 0.003771 | Cell 2 (Plastic) = 0.003771
81196275
Trial: 36, Time:35.988s
Trial 36: Cell 1 (Static) = 0.003759 | Cell 2 (Plastic) = 0.003759
80615880
Trial: 37, Time:34.767s
Trial 37: Cell 1 (Static) = 0.003748 | Cell 2 (Plastic) = 0.003748
79864864
Trial: 38, Time:35.874s
Trial 38: Cell 1 (Static) = 0.003737 | Cell 2 (Plastic) = 0.003737
79962907
Trial: 39, Time:35.879s
Trial 39: Cell 1 (Static) = 0.003726 | Cell 2 (Plastic) = 0.003726
77586319
Trial: 40, Time:35.734s
Trial 40: Cell 1 (Static) = 0.003715 | Cell 2 (Plastic) = 0.003715
80812503
Trial: 41, Time:36.905s
Trial 41: Cell 1 (Static) = 0.003703 | Cell 2 (Plastic) = 0.003703
79802637
Trial: 42, Time:36.168s
Trial 42: Cell 1 (Static) = 0.003692 | Cell 2 (Plastic) = 0.003692
80172543
Trial: 43, Time:35.688s
Trial 43: Cell 1 (Static) = 0.003681 | Cell 2 (Plastic) = 0.003681
78693324
Trial: 44, Time:36.047s
Trial 44: Cell 1 (Static) = 0.003670 | Cell 2 (Plastic) = 0.003670
78596527
Trial: 45, Time:35.749s
Trial 45: Cell 1 (Static) = 0.003659 | Cell 2 (Plastic) = 0.003659
78888245
Trial: 46, Time:35.822s
Trial 46: Cell 1 (Static) = 0.003648 | Cell 2 (Plastic) = 0.003648
77977338
Trial: 47, Time:35.219s
Trial 47: Cell 1 (Static) = 0.003638 | Cell 2 (Plastic) = 0.003638
77581994
Trial: 48, Time:36.131s
Trial 48: Cell 1 (Static) = 0.003627 | Cell 2 (Plastic) = 0.003627
76192591
Trial: 49, Time:34.185s
Trial 49: Cell 1 (Static) = 0.003616 | Cell 2 (Plastic) = 0.003616
77768251
Trial: 50, Time:35.924s
Trial 50: Cell 1 (Static) = 0.003605 | Cell 2 (Plastic) = 0.003605
77790901
Trial: 51, Time:35.368s
Trial 51: Cell 1 (Static) = 0.003594 | Cell 2 (Plastic) = 0.003594
79446573
Trial: 52, Time:35.439s
Trial 52: Cell 1 (Static) = 0.003583 | Cell 2 (Plastic) = 0.003583
79782939
Trial: 53, Time:35.548s
Trial 53: Cell 1 (Static) = 0.003573 | Cell 2 (Plastic) = 0.003573
79299566
Trial: 54, Time:36.608s
Trial 54: Cell 1 (Static) = 0.003562 | Cell 2 (Plastic) = 0.003562
80275227
Trial: 55, Time:36.316s
Trial 55: Cell 1 (Static) = 0.003551 | Cell 2 (Plastic) = 0.003551
81847407
Trial: 56, Time:36.491s
Trial 56: Cell 1 (Static) = 0.003541 | Cell 2 (Plastic) = 0.003541
81691958
Trial: 57, Time:36.306s
Trial 57: Cell 1 (Static) = 0.003530 | Cell 2 (Plastic) = 0.003530
82940155
Trial: 58, Time:36.355s
Trial 58: Cell 1 (Static) = 0.003520 | Cell 2 (Plastic) = 0.003520
84447067
Trial: 59, Time:34.911s
Trial 59: Cell 1 (Static) = 0.003509 | Cell 2 (Plastic) = 0.003509
82631793
Trial: 60, Time:35.896s
Trial 60: Cell 1 (Static) = 0.003499 | Cell 2 (Plastic) = 0.003499
83954715
Trial: 61, Time:35.997s
Trial 61: Cell 1 (Static) = 0.003488 | Cell 2 (Plastic) = 0.003488
83942061
Trial: 62, Time:36.017s
Trial 62: Cell 1 (Static) = 0.003478 | Cell 2 (Plastic) = 0.003478
84117531
Trial: 63, Time:37.362s
Trial 63: Cell 1 (Static) = 0.003467 | Cell 2 (Plastic) = 0.003467
84743728
Trial: 64, Time:36.983s
Trial 64: Cell 1 (Static) = 0.003457 | Cell 2 (Plastic) = 0.003457
85943046
Trial: 65, Time:36.920s
Trial 65: Cell 1 (Static) = 0.003447 | Cell 2 (Plastic) = 0.003447
87179209
Trial: 66, Time:36.219s
Trial 66: Cell 1 (Static) = 0.003436 | Cell 2 (Plastic) = 0.003436
86912058
Trial: 67, Time:36.208s
Trial 67: Cell 1 (Static) = 0.003426 | Cell 2 (Plastic) = 0.003426
86286007
Trial: 68, Time:37.102s
Trial 68: Cell 1 (Static) = 0.003416 | Cell 2 (Plastic) = 0.003416
84123765
Trial: 69, Time:37.059s
Trial 69: Cell 1 (Static) = 0.003406 | Cell 2 (Plastic) = 0.003406
85400179
Trial: 70, Time:36.723s
Trial 70: Cell 1 (Static) = 0.003395 | Cell 2 (Plastic) = 0.003395
85745028
Trial: 71, Time:36.671s
Trial 71: Cell 1 (Static) = 0.003385 | Cell 2 (Plastic) = 0.003385
84962035
Trial: 72, Time:36.328s
Trial 72: Cell 1 (Static) = 0.003375 | Cell 2 (Plastic) = 0.003375
86575957
Trial: 73, Time:35.087s
Trial 73: Cell 1 (Static) = 0.003365 | Cell 2 (Plastic) = 0.003365
87597035
Trial: 74, Time:35.322s
Trial 74: Cell 1 (Static) = 0.003355 | Cell 2 (Plastic) = 0.003355
89204797
Trial: 75, Time:36.265s
Trial 75: Cell 1 (Static) = 0.003345 | Cell 2 (Plastic) = 0.003345
88439823
Trial: 76, Time:37.634s
Trial 76: Cell 1 (Static) = 0.003335 | Cell 2 (Plastic) = 0.003335
88241151
Trial: 77, Time:37.393s
Trial 77: Cell 1 (Static) = 0.003325 | Cell 2 (Plastic) = 0.003325
89868982
Trial: 78, Time:37.142s
Trial 78: Cell 1 (Static) = 0.003315 | Cell 2 (Plastic) = 0.003315
89476132
Trial: 79, Time:36.188s
Trial 79: Cell 1 (Static) = 0.003305 | Cell 2 (Plastic) = 0.003305
89589422
Trial: 80, Time:36.278s
Trial 80: Cell 1 (Static) = 0.003295 | Cell 2 (Plastic) = 0.003295
89606413
Trial: 81, Time:36.163s
Trial 81: Cell 1 (Static) = 0.003285 | Cell 2 (Plastic) = 0.003285
90104159
Trial: 82, Time:36.341s
Trial 82: Cell 1 (Static) = 0.003275 | Cell 2 (Plastic) = 0.003275
90754841
Trial: 83, Time:36.368s
Trial 83: Cell 1 (Static) = 0.003266 | Cell 2 (Plastic) = 0.003266
91805076
Trial: 84, Time:36.390s
Trial 84: Cell 1 (Static) = 0.003256 | Cell 2 (Plastic) = 0.003256
92544891
Trial: 85, Time:36.429s
Trial 85: Cell 1 (Static) = 0.003246 | Cell 2 (Plastic) = 0.003246
92205007
Trial: 86, Time:36.441s
Trial 86: Cell 1 (Static) = 0.003236 | Cell 2 (Plastic) = 0.003236
92432274
Trial: 87, Time:38.021s
Trial 87: Cell 1 (Static) = 0.003227 | Cell 2 (Plastic) = 0.003227
92555390
Trial: 88, Time:36.550s
Trial 88: Cell 1 (Static) = 0.003217 | Cell 2 (Plastic) = 0.003217
91736783
Trial: 89, Time:36.556s
Trial 89: Cell 1 (Static) = 0.003207 | Cell 2 (Plastic) = 0.003207
91910554
Trial: 90, Time:36.434s
Trial 90: Cell 1 (Static) = 0.003198 | Cell 2 (Plastic) = 0.003198
96038585
Trial: 91, Time:38.073s
Trial 91: Cell 1 (Static) = 0.003188 | Cell 2 (Plastic) = 0.003188
95179092
Trial: 92, Time:36.170s
Trial 92: Cell 1 (Static) = 0.003179 | Cell 2 (Plastic) = 0.003179
95440099
Trial: 93, Time:36.322s
Trial 93: Cell 1 (Static) = 0.003169 | Cell 2 (Plastic) = 0.003169
94445173
Trial: 94, Time:36.495s
Trial 94: Cell 1 (Static) = 0.003160 | Cell 2 (Plastic) = 0.003160
92764491
Trial: 95, Time:36.539s
Trial 95: Cell 1 (Static) = 0.003150 | Cell 2 (Plastic) = 0.003150
91104940
Trial: 96, Time:36.573s
Trial 96: Cell 1 (Static) = 0.003141 | Cell 2 (Plastic) = 0.003141
91625406
Trial: 97, Time:36.375s
Trial 97: Cell 1 (Static) = 0.003132 | Cell 2 (Plastic) = 0.003132
89575601
Trial: 98, Time:35.566s
Trial 98: Cell 1 (Static) = 0.003122 | Cell 2 (Plastic) = 0.003122
87163808
Trial: 99, Time:35.532s
Trial 99: Cell 1 (Static) = 0.003113 | Cell 2 (Plastic) = 0.003113
88030640
Trial: 100, Time:38.555s
Trial 100: Cell 1 (Static) = 0.003104 | Cell 2 (Plastic) = 0.003104
90433884
Trial: 101, Time:36.300s
Trial 101: Cell 1 (Static) = 0.003094 | Cell 2 (Plastic) = 0.003094
90975085
Trial: 102, Time:36.651s
Trial 102: Cell 1 (Static) = 0.003085 | Cell 2 (Plastic) = 0.003085
92859355
Trial: 103, Time:36.791s
Trial 103: Cell 1 (Static) = 0.003076 | Cell 2 (Plastic) = 0.003076
93947402
Trial: 104, Time:36.098s
Trial 104: Cell 1 (Static) = 0.003067 | Cell 2 (Plastic) = 0.003067
94504754
Trial: 105, Time:36.390s
Trial 105: Cell 1 (Static) = 0.003057 | Cell 2 (Plastic) = 0.003057
94533249
Trial: 106, Time:37.237s
Trial 106: Cell 1 (Static) = 0.003048 | Cell 2 (Plastic) = 0.003048
94556154
Trial: 107, Time:37.500s
Trial 107: Cell 1 (Static) = 0.003039 | Cell 2 (Plastic) = 0.003039
97454836
Trial: 108, Time:38.384s
Trial 108: Cell 1 (Static) = 0.003030 | Cell 2 (Plastic) = 0.003030
96155299
Trial: 109, Time:38.678s
Trial 109: Cell 1 (Static) = 0.003021 | Cell 2 (Plastic) = 0.003021
95622542
Trial: 110, Time:39.118s
Trial 110: Cell 1 (Static) = 0.003012 | Cell 2 (Plastic) = 0.003012
96094501
Trial: 111, Time:37.180s
Trial 111: Cell 1 (Static) = 0.003003 | Cell 2 (Plastic) = 0.003003
95970230
Trial: 112, Time:37.406s
Trial 112: Cell 1 (Static) = 0.002994 | Cell 2 (Plastic) = 0.002994
95517304
Trial: 113, Time:37.336s
Trial 113: Cell 1 (Static) = 0.002985 | Cell 2 (Plastic) = 0.002985
97128985
Trial: 114, Time:37.776s
Trial 114: Cell 1 (Static) = 0.002976 | Cell 2 (Plastic) = 0.002976
98234558
Trial: 115, Time:37.354s
Trial 115: Cell 1 (Static) = 0.002967 | Cell 2 (Plastic) = 0.002967
97705351
Trial: 116, Time:37.022s
Trial 116: Cell 1 (Static) = 0.002958 | Cell 2 (Plastic) = 0.002958
98320591
Trial: 117, Time:37.135s
Trial 117: Cell 1 (Static) = 0.002949 | Cell 2 (Plastic) = 0.002949
99365900
Trial: 118, Time:37.351s
Trial 118: Cell 1 (Static) = 0.002941 | Cell 2 (Plastic) = 0.002941
100268584
Trial: 119, Time:44.229s
Trial 119: Cell 1 (Static) = 0.002932 | Cell 2 (Plastic) = 0.002932
102114384
Trial: 120, Time:38.246s
Trial 120: Cell 1 (Static) = 0.002923 | Cell 2 (Plastic) = 0.002923
102206232
Trial: 121, Time:38.185s
Trial 121: Cell 1 (Static) = 0.002914 | Cell 2 (Plastic) = 0.002914
103141046
Trial: 122, Time:37.327s
Trial 122: Cell 1 (Static) = 0.002906 | Cell 2 (Plastic) = 0.002906
104172634
Trial: 123, Time:37.543s
Trial 123: Cell 1 (Static) = 0.002897 | Cell 2 (Plastic) = 0.002897
104509728
Trial: 124, Time:37.787s
Trial 124: Cell 1 (Static) = 0.002888 | Cell 2 (Plastic) = 0.002888
104534391
Trial: 125, Time:37.756s
Trial 125: Cell 1 (Static) = 0.002880 | Cell 2 (Plastic) = 0.002880
101700550
Trial: 126, Time:36.017s
Trial 126: Cell 1 (Static) = 0.002871 | Cell 2 (Plastic) = 0.002871
100849150
Trial: 127, Time:35.944s
Trial 127: Cell 1 (Static) = 0.002862 | Cell 2 (Plastic) = 0.002862
101793467
Trial: 128, Time:36.459s
Trial 128: Cell 1 (Static) = 0.002854 | Cell 2 (Plastic) = 0.002854
102131745
Trial: 129, Time:37.522s
Trial 129: Cell 1 (Static) = 0.002845 | Cell 2 (Plastic) = 0.002845
101403178
Trial: 130, Time:37.250s
Trial 130: Cell 1 (Static) = 0.002837 | Cell 2 (Plastic) = 0.002837
102426810
Trial: 131, Time:37.429s
Trial 131: Cell 1 (Static) = 0.002828 | Cell 2 (Plastic) = 0.002828
102675259
Trial: 132, Time:37.409s
Trial 132: Cell 1 (Static) = 0.002820 | Cell 2 (Plastic) = 0.002820
104315099
Trial: 133, Time:37.722s
Trial 133: Cell 1 (Static) = 0.002811 | Cell 2 (Plastic) = 0.002811
105281149
Trial: 134, Time:37.847s
Trial 134: Cell 1 (Static) = 0.002803 | Cell 2 (Plastic) = 0.002803
104195505
Trial: 135, Time:37.622s
Trial 135: Cell 1 (Static) = 0.002795 | Cell 2 (Plastic) = 0.002795
104597377
Trial: 136, Time:45.921s
Trial 136: Cell 1 (Static) = 0.002786 | Cell 2 (Plastic) = 0.002786
104382632
Trial: 137, Time:47.900s
Trial 137: Cell 1 (Static) = 0.002778 | Cell 2 (Plastic) = 0.002778
105894996
Trial: 138, Time:50.108s
Trial 138: Cell 1 (Static) = 0.002770 | Cell 2 (Plastic) = 0.002770
104731983
Trial: 139, Time:47.963s
Trial 139: Cell 1 (Static) = 0.002761 | Cell 2 (Plastic) = 0.002761
104095360
Trial: 140, Time:38.051s
Trial 140: Cell 1 (Static) = 0.002753 | Cell 2 (Plastic) = 0.002753
105328741
Trial: 141, Time:37.820s
Trial 141: Cell 1 (Static) = 0.002745 | Cell 2 (Plastic) = 0.002745
104476305
Trial: 142, Time:37.633s
Trial 142: Cell 1 (Static) = 0.002737 | Cell 2 (Plastic) = 0.002737
105786943
Trial: 143, Time:37.660s
Trial 143: Cell 1 (Static) = 0.002728 | Cell 2 (Plastic) = 0.002728
106265363
Trial: 144, Time:37.579s
Trial 144: Cell 1 (Static) = 0.002720 | Cell 2 (Plastic) = 0.002720
105862307
Trial: 145, Time:37.589s
Trial 145: Cell 1 (Static) = 0.002712 | Cell 2 (Plastic) = 0.002712
105278032
Trial: 146, Time:37.459s
Trial 146: Cell 1 (Static) = 0.002704 | Cell 2 (Plastic) = 0.002704
103781740
Trial: 147, Time:39.403s
Trial 147: Cell 1 (Static) = 0.002696 | Cell 2 (Plastic) = 0.002696
101256546
Trial: 148, Time:36.857s
Trial 148: Cell 1 (Static) = 0.002688 | Cell 2 (Plastic) = 0.002688
103199701
Trial: 149, Time:37.110s
Trial 149: Cell 1 (Static) = 0.002680 | Cell 2 (Plastic) = 0.002680
103251046
Trial: 150, Time:37.049s
Trial 150: Cell 1 (Static) = 0.002672 | Cell 2 (Plastic) = 0.002672
103678686
Trial: 151, Time:36.998s
Trial 151: Cell 1 (Static) = 0.002664 | Cell 2 (Plastic) = 0.002664
104255015
Trial: 152, Time:37.272s
Trial 152: Cell 1 (Static) = 0.002656 | Cell 2 (Plastic) = 0.002656
104436009
Trial: 153, Time:37.379s
Trial 153: Cell 1 (Static) = 0.002648 | Cell 2 (Plastic) = 0.002648
105179493
Trial: 154, Time:37.351s
Trial 154: Cell 1 (Static) = 0.002640 | Cell 2 (Plastic) = 0.002640
104780728
Trial: 155, Time:37.443s
Trial 155: Cell 1 (Static) = 0.002632 | Cell 2 (Plastic) = 0.002632
106759213
Trial: 156, Time:40.239s
Trial 156: Cell 1 (Static) = 0.002624 | Cell 2 (Plastic) = 0.002624
103707429
Trial: 157, Time:39.374s
Trial 157: Cell 1 (Static) = 0.002616 | Cell 2 (Plastic) = 0.002616
106066900
Trial: 158, Time:39.638s
Trial 158: Cell 1 (Static) = 0.002609 | Cell 2 (Plastic) = 0.002609
103844158
Trial: 159, Time:38.568s
Trial 159: Cell 1 (Static) = 0.002601 | Cell 2 (Plastic) = 0.002601
102858310
Trial: 160, Time:46.587s
Trial 160: Cell 1 (Static) = 0.002593 | Cell 2 (Plastic) = 0.002593
103849589
Trial: 161, Time:48.213s
Trial 161: Cell 1 (Static) = 0.002585 | Cell 2 (Plastic) = 0.002585
103936244
Trial: 162, Time:50.384s
Trial 162: Cell 1 (Static) = 0.002577 | Cell 2 (Plastic) = 0.002577
103403123
Trial: 163, Time:47.140s
Trial 163: Cell 1 (Static) = 0.002570 | Cell 2 (Plastic) = 0.002570
105995009
Trial: 164, Time:38.218s
Trial 164: Cell 1 (Static) = 0.002562 | Cell 2 (Plastic) = 0.002562
104810915
Trial: 165, Time:37.331s
Trial 165: Cell 1 (Static) = 0.002554 | Cell 2 (Plastic) = 0.002554
106979911
Trial: 166, Time:38.022s
Trial 166: Cell 1 (Static) = 0.002547 | Cell 2 (Plastic) = 0.002547
105737345
Trial: 167, Time:39.274s
Trial 167: Cell 1 (Static) = 0.002539 | Cell 2 (Plastic) = 0.002539
108349522
Trial: 168, Time:38.078s
Trial 168: Cell 1 (Static) = 0.002532 | Cell 2 (Plastic) = 0.002532
106597792
Trial: 169, Time:37.829s
Trial 169: Cell 1 (Static) = 0.002524 | Cell 2 (Plastic) = 0.002524
104162770
Trial: 170, Time:39.604s
Trial 170: Cell 1 (Static) = 0.002516 | Cell 2 (Plastic) = 0.002516
106577350
Trial: 171, Time:39.851s
Trial 171: Cell 1 (Static) = 0.002509 | Cell 2 (Plastic) = 0.002509
108900817
Trial: 172, Time:39.724s
Trial 172: Cell 1 (Static) = 0.002501 | Cell 2 (Plastic) = 0.002501
109910133
Trial: 173, Time:39.299s
Trial 173: Cell 1 (Static) = 0.002494 | Cell 2 (Plastic) = 0.002494
111460573
Trial: 174, Time:38.228s
Trial 174: Cell 1 (Static) = 0.002486 | Cell 2 (Plastic) = 0.002486
111834376
Trial: 175, Time:38.081s
Trial 175: Cell 1 (Static) = 0.002479 | Cell 2 (Plastic) = 0.002479
115268982
Trial: 176, Time:38.638s
Trial 176: Cell 1 (Static) = 0.002472 | Cell 2 (Plastic) = 0.002472
112776332
Trial: 177, Time:40.549s
Trial 177: Cell 1 (Static) = 0.002464 | Cell 2 (Plastic) = 0.002464
111149476
Trial: 178, Time:37.696s
Trial 178: Cell 1 (Static) = 0.002457 | Cell 2 (Plastic) = 0.002457
111647871
Trial: 179, Time:38.984s
Trial 179: Cell 1 (Static) = 0.002450 | Cell 2 (Plastic) = 0.002450
112180054
Trial: 180, Time:37.940s
Trial 180: Cell 1 (Static) = 0.002442 | Cell 2 (Plastic) = 0.002442
118492371
Trial: 181, Time:38.891s
Trial 181: Cell 1 (Static) = 0.002435 | Cell 2 (Plastic) = 0.002435
117129136
Trial: 182, Time:38.698s
Trial 182: Cell 1 (Static) = 0.002428 | Cell 2 (Plastic) = 0.002428
116332686
Trial: 183, Time:38.682s
Trial 183: Cell 1 (Static) = 0.002420 | Cell 2 (Plastic) = 0.002420
117408906
Trial: 184, Time:38.664s
Trial 184: Cell 1 (Static) = 0.002413 | Cell 2 (Plastic) = 0.002413
118486451
Trial: 185, Time:38.805s
Trial 185: Cell 1 (Static) = 0.002406 | Cell 2 (Plastic) = 0.002406
121369408
Trial: 186, Time:39.127s
Trial 186: Cell 1 (Static) = 0.002399 | Cell 2 (Plastic) = 0.002399
120606612
Trial: 187, Time:39.112s
Trial 187: Cell 1 (Static) = 0.002392 | Cell 2 (Plastic) = 0.002392
122855878
Trial: 188, Time:39.487s
Trial 188: Cell 1 (Static) = 0.002384 | Cell 2 (Plastic) = 0.002384
119971209
Trial: 189, Time:38.971s
Trial 189: Cell 1 (Static) = 0.002377 | Cell 2 (Plastic) = 0.002377
123458997
Trial: 190, Time:39.534s
Trial 190: Cell 1 (Static) = 0.002370 | Cell 2 (Plastic) = 0.002370
120686850
Trial: 191, Time:39.321s
Trial 191: Cell 1 (Static) = 0.002363 | Cell 2 (Plastic) = 0.002363
121798856
Trial: 192, Time:39.768s
Trial 192: Cell 1 (Static) = 0.002356 | Cell 2 (Plastic) = 0.002356
126235294
Trial: 193, Time:42.650s
Trial 193: Cell 1 (Static) = 0.002349 | Cell 2 (Plastic) = 0.002349
124465745
Trial: 194, Time:39.738s
Trial 194: Cell 1 (Static) = 0.002342 | Cell 2 (Plastic) = 0.002342
123846184
Trial: 195, Time:39.629s
Trial 195: Cell 1 (Static) = 0.002335 | Cell 2 (Plastic) = 0.002335
126164761
Trial: 196, Time:39.883s
Trial 196: Cell 1 (Static) = 0.002328 | Cell 2 (Plastic) = 0.002328
124234003
Trial: 197, Time:39.643s
Trial 197: Cell 1 (Static) = 0.002321 | Cell 2 (Plastic) = 0.002321
127908120
Trial: 198, Time:40.132s
Trial 198: Cell 1 (Static) = 0.002314 | Cell 2 (Plastic) = 0.002314
128642402
Trial: 199, Time:43.099s
Trial 199: Cell 1 (Static) = 0.002307 | Cell 2 (Plastic) = 0.002307
127369412
Trial: 200, Time:40.050s
Trial 200: Cell 1 (Static) = 0.002300 | Cell 2 (Plastic) = 0.002300
125927683
Trial: 201, Time:39.730s
Trial 201: Cell 1 (Static) = 0.002293 | Cell 2 (Plastic) = 0.002293
128371527
Trial: 202, Time:40.116s
Trial 202: Cell 1 (Static) = 0.002286 | Cell 2 (Plastic) = 0.002286
127190102
Trial: 203, Time:40.022s
Trial 203: Cell 1 (Static) = 0.002280 | Cell 2 (Plastic) = 0.002280
129266757
Trial: 204, Time:40.445s
Trial 204: Cell 1 (Static) = 0.002273 | Cell 2 (Plastic) = 0.002273
132277548
Trial: 205, Time:40.668s
Trial 205: Cell 1 (Static) = 0.002266 | Cell 2 (Plastic) = 0.002266
133935883
Trial: 206, Time:40.939s
Trial 206: Cell 1 (Static) = 0.002259 | Cell 2 (Plastic) = 0.002259
133262733
Trial: 207, Time:40.809s
Trial 207: Cell 1 (Static) = 0.002252 | Cell 2 (Plastic) = 0.002252
129131871
Trial: 208, Time:40.242s
Trial 208: Cell 1 (Static) = 0.002246 | Cell 2 (Plastic) = 0.002246
125731506
Trial: 209, Time:39.967s
Trial 209: Cell 1 (Static) = 0.002239 | Cell 2 (Plastic) = 0.002239
124029972
Trial: 210, Time:39.577s
Trial 210: Cell 1 (Static) = 0.002232 | Cell 2 (Plastic) = 0.002232
123425050
Trial: 211, Time:39.710s
Trial 211: Cell 1 (Static) = 0.002226 | Cell 2 (Plastic) = 0.002226
119612146
Trial: 212, Time:39.077s
Trial 212: Cell 1 (Static) = 0.002219 | Cell 2 (Plastic) = 0.002219
122964117
Trial: 213, Time:39.547s
Trial 213: Cell 1 (Static) = 0.002212 | Cell 2 (Plastic) = 0.002226
119898859
Trial: 214, Time:38.919s
Trial 214: Cell 1 (Static) = 0.002206 | Cell 2 (Plastic) = 0.002232
117914771
Trial: 215, Time:38.719s
Trial 215: Cell 1 (Static) = 0.002212 | Cell 2 (Plastic) = 0.002226
117389970
Trial: 216, Time:38.777s
Trial 216: Cell 1 (Static) = 0.002206 | Cell 2 (Plastic) = 0.002219
118368160
Trial: 217, Time:38.867s
Trial 217: Cell 1 (Static) = 0.002212 | Cell 2 (Plastic) = 0.002212
118780103
Trial: 218, Time:39.550s
Trial 218: Cell 1 (Static) = 0.002206 | Cell 2 (Plastic) = 0.002206
119254962
Trial: 219, Time:38.886s
Trial 219: Cell 1 (Static) = 0.002199 | Cell 2 (Plastic) = 0.002199
117994632
Trial: 220, Time:39.503s
Trial 220: Cell 1 (Static) = 0.002206 | Cell 2 (Plastic) = 0.002206
117970581
Trial: 221, Time:39.325s
Trial 221: Cell 1 (Static) = 0.002199 | Cell 2 (Plastic) = 0.002199
122601626
Trial: 222, Time:39.670s
Trial 222: Cell 1 (Static) = 0.002193 | Cell 2 (Plastic) = 0.002193
123779215
Trial: 223, Time:39.724s
Trial 223: Cell 1 (Static) = 0.002199 | Cell 2 (Plastic) = 0.002199
123487342
Trial: 224, Time:39.785s
Trial 224: Cell 1 (Static) = 0.002193 | Cell 2 (Plastic) = 0.002206
123870326
Trial: 225, Time:39.800s
Trial 225: Cell 1 (Static) = 0.002186 | Cell 2 (Plastic) = 0.002199
123486549
Trial: 226, Time:39.713s
Trial 226: Cell 1 (Static) = 0.002179 | Cell 2 (Plastic) = 0.002193
122894129
Trial: 227, Time:39.524s
Trial 227: Cell 1 (Static) = 0.002173 | Cell 2 (Plastic) = 0.002186
124311356
Trial: 228, Time:39.738s
Trial 228: Cell 1 (Static) = 0.002166 | Cell 2 (Plastic) = 0.002179
127386576
Trial: 229, Time:39.916s
Trial 229: Cell 1 (Static) = 0.002160 | Cell 2 (Plastic) = 0.002173
123548657
Trial: 230, Time:39.531s
Trial 230: Cell 1 (Static) = 0.002153 | Cell 2 (Plastic) = 0.002166
124241138
Trial: 231, Time:39.426s
Trial 231: Cell 1 (Static) = 0.002160 | Cell 2 (Plastic) = 0.002173
123048970
Trial: 232, Time:39.337s
Trial 232: Cell 1 (Static) = 0.002153 | Cell 2 (Plastic) = 0.002166
122331318
Trial: 233, Time:39.410s
Trial 233: Cell 1 (Static) = 0.002147 | Cell 2 (Plastic) = 0.002160
124326651
Trial: 234, Time:39.746s
Trial 234: Cell 1 (Static) = 0.002141 | Cell 2 (Plastic) = 0.002153
122383636
Trial: 235, Time:39.464s
Trial 235: Cell 1 (Static) = 0.002134 | Cell 2 (Plastic) = 0.002160
122449459
Trial: 236, Time:39.427s
Trial 236: Cell 1 (Static) = 0.002128 | Cell 2 (Plastic) = 0.002166
127077103
Trial: 237, Time:40.122s
Trial 237: Cell 1 (Static) = 0.002121 | Cell 2 (Plastic) = 0.002173
127862750
Trial: 238, Time:42.989s
Trial 238: Cell 1 (Static) = 0.002115 | Cell 2 (Plastic) = 0.002166
127277805
Trial: 239, Time:42.918s
Trial 239: Cell 1 (Static) = 0.002109 | Cell 2 (Plastic) = 0.002160
126255693
Trial: 240, Time:42.945s
Trial 240: Cell 1 (Static) = 0.002102 | Cell 2 (Plastic) = 0.002153
127063380
Trial: 241, Time:40.141s
Trial 241: Cell 1 (Static) = 0.002096 | Cell 2 (Plastic) = 0.002147
129366062
Trial: 242, Time:40.512s
Trial 242: Cell 1 (Static) = 0.002090 | Cell 2 (Plastic) = 0.002141
127647311
Trial: 243, Time:39.925s
Trial 243: Cell 1 (Static) = 0.002096 | Cell 2 (Plastic) = 0.002147
126350727
Trial: 244, Time:39.745s
Trial 244: Cell 1 (Static) = 0.002090 | Cell 2 (Plastic) = 0.002141
125675777
Trial: 245, Time:39.569s
Trial 245: Cell 1 (Static) = 0.002084 | Cell 2 (Plastic) = 0.002134
123664144
Trial: 246, Time:39.475s
Trial 246: Cell 1 (Static) = 0.002077 | Cell 2 (Plastic) = 0.002128
123293453
Trial: 247, Time:39.180s
Trial 247: Cell 1 (Static) = 0.002071 | Cell 2 (Plastic) = 0.002121
127829355
Trial: 248, Time:40.022s
Trial 248: Cell 1 (Static) = 0.002077 | Cell 2 (Plastic) = 0.002115
122961858
Trial: 249, Time:39.119s
Trial 249: Cell 1 (Static) = 0.002071 | Cell 2 (Plastic) = 0.002121
120914923
Trial: 250, Time:39.317s
Trial 250: Cell 1 (Static) = 0.002065 | Cell 2 (Plastic) = 0.002115
124862948
Trial: 251, Time:39.671s
Trial 251: Cell 1 (Static) = 0.002059 | Cell 2 (Plastic) = 0.002109
126164380
Trial: 252, Time:39.774s
Trial 252: Cell 1 (Static) = 0.002053 | Cell 2 (Plastic) = 0.002102
128738851
Trial: 253, Time:39.984s
Trial 253: Cell 1 (Static) = 0.002047 | Cell 2 (Plastic) = 0.002096
130304562
Trial: 254, Time:40.240s
Trial 254: Cell 1 (Static) = 0.002053 | Cell 2 (Plastic) = 0.002090
126666437
Trial: 255, Time:39.749s
Trial 255: Cell 1 (Static) = 0.002059 | Cell 2 (Plastic) = 0.002096
123936758
Trial: 256, Time:39.519s
Trial 256: Cell 1 (Static) = 0.002053 | Cell 2 (Plastic) = 0.002090
125117870
Trial: 257, Time:39.546s
Trial 257: Cell 1 (Static) = 0.002047 | Cell 2 (Plastic) = 0.002084
126497036
Trial: 258, Time:39.795s
Trial 258: Cell 1 (Static) = 0.002040 | Cell 2 (Plastic) = 0.002077
124921849
Trial: 259, Time:39.577s
Trial 259: Cell 1 (Static) = 0.002047 | Cell 2 (Plastic) = 0.002071
123011741
Trial: 260, Time:39.596s
Trial 260: Cell 1 (Static) = 0.002040 | Cell 2 (Plastic) = 0.002077
122139096
Trial: 261, Time:39.152s
Trial 261: Cell 1 (Static) = 0.002034 | Cell 2 (Plastic) = 0.002084
122487435
Trial: 262, Time:39.424s
Trial 262: Cell 1 (Static) = 0.002028 | Cell 2 (Plastic) = 0.002077
123773974
Trial: 263, Time:39.529s
Trial 263: Cell 1 (Static) = 0.002022 | Cell 2 (Plastic) = 0.002071
124629847
Trial: 264, Time:39.697s
Trial 264: Cell 1 (Static) = 0.002028 | Cell 2 (Plastic) = 0.002065
124745204
Trial: 265, Time:41.290s
Trial 265: Cell 1 (Static) = 0.002034 | Cell 2 (Plastic) = 0.002071
122467343
Trial: 266, Time:39.196s
Trial 266: Cell 1 (Static) = 0.002040 | Cell 2 (Plastic) = 0.002077
121033588
Trial: 267, Time:41.220s
Trial 267: Cell 1 (Static) = 0.002047 | Cell 2 (Plastic) = 0.002084
124446279
Trial: 268, Time:44.121s
Trial 268: Cell 1 (Static) = 0.002053 | Cell 2 (Plastic) = 0.002090
124214612
Trial: 269, Time:45.571s
Trial 269: Cell 1 (Static) = 0.002059 | Cell 2 (Plastic) = 0.002096
124264648
Trial: 270, Time:40.638s
Trial 270: Cell 1 (Static) = 0.002053 | Cell 2 (Plastic) = 0.002102
124268891
Trial: 271, Time:48.689s
Trial 271: Cell 1 (Static) = 0.002047 | Cell 2 (Plastic) = 0.002096
125115837
Trial: 272, Time:44.953s
Trial 272: Cell 1 (Static) = 0.002053 | Cell 2 (Plastic) = 0.002090
123428068
Trial: 273, Time:42.939s
Trial 273: Cell 1 (Static) = 0.002047 | Cell 2 (Plastic) = 0.002084
125262622
Trial: 274, Time:39.596s
Trial 274: Cell 1 (Static) = 0.002040 | Cell 2 (Plastic) = 0.002077
128153477
Trial: 275, Time:45.000s
Trial 275: Cell 1 (Static) = 0.002047 | Cell 2 (Plastic) = 0.002084
125311169
Trial: 276, Time:41.958s
Trial 276: Cell 1 (Static) = 0.002053 | Cell 2 (Plastic) = 0.002090
121920435
Trial: 277, Time:41.222s
Trial 277: Cell 1 (Static) = 0.002059 | Cell 2 (Plastic) = 0.002096
123201204
Trial: 278, Time:39.372s
Trial 278: Cell 1 (Static) = 0.002053 | Cell 2 (Plastic) = 0.002090
127704256
Trial: 279, Time:42.239s
Trial 279: Cell 1 (Static) = 0.002047 | Cell 2 (Plastic) = 0.002084
126639723
Trial: 280, Time:39.745s
Trial 280: Cell 1 (Static) = 0.002040 | Cell 2 (Plastic) = 0.002090
126847867
Trial: 281, Time:42.491s
Trial 281: Cell 1 (Static) = 0.002034 | Cell 2 (Plastic) = 0.002096
125616521
Trial: 282, Time:44.613s
Trial 282: Cell 1 (Static) = 0.002040 | Cell 2 (Plastic) = 0.002090
125513953
Trial: 283, Time:41.569s
Trial 283: Cell 1 (Static) = 0.002034 | Cell 2 (Plastic) = 0.002084
128240245
Trial: 284, Time:41.859s
Trial 284: Cell 1 (Static) = 0.002028 | Cell 2 (Plastic) = 0.002077
121001049
Trial: 285, Time:41.353s
Trial 285: Cell 1 (Static) = 0.002034 | Cell 2 (Plastic) = 0.002071
120708574
Trial: 286, Time:39.805s
Trial 286: Cell 1 (Static) = 0.002040 | Cell 2 (Plastic) = 0.002077
121811187
Trial: 287, Time:40.499s
Trial 287: Cell 1 (Static) = 0.002034 | Cell 2 (Plastic) = 0.002084
123981992
Trial: 288, Time:40.903s
Trial 288: Cell 1 (Static) = 0.002028 | Cell 2 (Plastic) = 0.002077
126091429
Trial: 289, Time:41.936s
Trial 289: Cell 1 (Static) = 0.002022 | Cell 2 (Plastic) = 0.002071
129963327
Trial: 290, Time:40.214s
Trial 290: Cell 1 (Static) = 0.002016 | Cell 2 (Plastic) = 0.002065
129787755
Trial: 291, Time:42.293s
Trial 291: Cell 1 (Static) = 0.002022 | Cell 2 (Plastic) = 0.002059
130279937
Trial: 292, Time:41.364s
Trial 292: Cell 1 (Static) = 0.002028 | Cell 2 (Plastic) = 0.002065
128330933
Trial: 293, Time:41.160s
Trial 293: Cell 1 (Static) = 0.002022 | Cell 2 (Plastic) = 0.002071
130493687
Trial: 294, Time:40.884s
Trial 294: Cell 1 (Static) = 0.002016 | Cell 2 (Plastic) = 0.002077
127620364
Trial: 295, Time:41.113s
Trial 295: Cell 1 (Static) = 0.002010 | Cell 2 (Plastic) = 0.002071
130440105
Trial: 296, Time:40.132s
Trial 296: Cell 1 (Static) = 0.002004 | Cell 2 (Plastic) = 0.002077
127788590
Trial: 297, Time:40.811s
Trial 297: Cell 1 (Static) = 0.001998 | Cell 2 (Plastic) = 0.002071
126395770
Trial: 298, Time:39.558s
Trial 298: Cell 1 (Static) = 0.001992 | Cell 2 (Plastic) = 0.002065
123808565
Trial: 299, Time:40.245s
Trial 299: Cell 1 (Static) = 0.001998 | Cell 2 (Plastic) = 0.002071
126363531
Trial: 300, Time:40.308s
Trial 300: Cell 1 (Static) = 0.002004 | Cell 2 (Plastic) = 0.002065
127737323
Trial: 301, Time:40.900s
Trial 301: Cell 1 (Static) = 0.002010 | Cell 2 (Plastic) = 0.002059
128076570
Trial: 302, Time:40.165s
Trial 302: Cell 1 (Static) = 0.002016 | Cell 2 (Plastic) = 0.002065
124936096
Trial: 303, Time:40.638s
Trial 303: Cell 1 (Static) = 0.002010 | Cell 2 (Plastic) = 0.002059
129197489
Trial: 304, Time:41.467s
Trial 304: Cell 1 (Static) = 0.002016 | Cell 2 (Plastic) = 0.002065
125518580
Trial: 305, Time:44.756s
Trial 305: Cell 1 (Static) = 0.002022 | Cell 2 (Plastic) = 0.002071
126717806
Trial: 306, Time:41.160s
Trial 306: Cell 1 (Static) = 0.002016 | Cell 2 (Plastic) = 0.002065
125697800
Trial: 307, Time:42.162s
Trial 307: Cell 1 (Static) = 0.002010 | Cell 2 (Plastic) = 0.002059
126320029
Trial: 308, Time:40.667s
Trial 308: Cell 1 (Static) = 0.002004 | Cell 2 (Plastic) = 0.002065
124959669
Trial: 309, Time:39.574s
Trial 309: Cell 1 (Static) = 0.001998 | Cell 2 (Plastic) = 0.002059
127528054
Trial: 310, Time:43.041s
Trial 310: Cell 1 (Static) = 0.001992 | Cell 2 (Plastic) = 0.002053
128774664
Trial: 311, Time:40.313s
Trial 311: Cell 1 (Static) = 0.001986 | Cell 2 (Plastic) = 0.002059
131236540
Trial: 312, Time:42.844s
Trial 312: Cell 1 (Static) = 0.001992 | Cell 2 (Plastic) = 0.002065
129934331
Trial: 313, Time:40.422s
Trial 313: Cell 1 (Static) = 0.001986 | Cell 2 (Plastic) = 0.002059
129278274
Trial: 314, Time:41.762s
Trial 314: Cell 1 (Static) = 0.001992 | Cell 2 (Plastic) = 0.002053
133207717
Trial: 315, Time:40.989s
Trial 315: Cell 1 (Static) = 0.001986 | Cell 2 (Plastic) = 0.002047
138700376
Trial: 316, Time:41.918s
Trial 316: Cell 1 (Static) = 0.001980 | Cell 2 (Plastic) = 0.002040
136039828
Trial: 317, Time:41.561s
Trial 317: Cell 1 (Static) = 0.001974 | Cell 2 (Plastic) = 0.002034
131841104
Trial: 318, Time:41.485s
Trial 318: Cell 1 (Static) = 0.001968 | Cell 2 (Plastic) = 0.002028
132823308
Trial: 319, Time:41.984s
Trial 319: Cell 1 (Static) = 0.001963 | Cell 2 (Plastic) = 0.002022
132862037
Trial: 320, Time:45.013s
Trial 320: Cell 1 (Static) = 0.001957 | Cell 2 (Plastic) = 0.002016
131953841
Trial: 321, Time:43.279s
Trial 321: Cell 1 (Static) = 0.001951 | Cell 2 (Plastic) = 0.002010
133272437
Trial: 322, Time:44.554s
Trial 322: Cell 1 (Static) = 0.001945 | Cell 2 (Plastic) = 0.002016
131382604
Trial: 323, Time:43.274s
Trial 323: Cell 1 (Static) = 0.001951 | Cell 2 (Plastic) = 0.002022
130714206
Trial: 324, Time:42.703s
Trial 324: Cell 1 (Static) = 0.001957 | Cell 2 (Plastic) = 0.002028
130974651
Trial: 325, Time:41.245s
Trial 325: Cell 1 (Static) = 0.001963 | Cell 2 (Plastic) = 0.002034
127504832
Trial: 326, Time:41.946s
Trial 326: Cell 1 (Static) = 0.001968 | Cell 2 (Plastic) = 0.002040
126547639
Trial: 327, Time:41.839s
Trial 327: Cell 1 (Static) = 0.001974 | Cell 2 (Plastic) = 0.002047
128150959
Trial: 328, Time:42.565s
Trial 328: Cell 1 (Static) = 0.001980 | Cell 2 (Plastic) = 0.002040
128512278
Trial: 329, Time:40.906s
Trial 329: Cell 1 (Static) = 0.001974 | Cell 2 (Plastic) = 0.002034
130871551
Trial: 330, Time:42.726s
Trial 330: Cell 1 (Static) = 0.001968 | Cell 2 (Plastic) = 0.002028
129029452
Trial: 331, Time:44.814s
Trial 331: Cell 1 (Static) = 0.001963 | Cell 2 (Plastic) = 0.002034
127159928
Trial: 332, Time:41.344s
Trial 332: Cell 1 (Static) = 0.001957 | Cell 2 (Plastic) = 0.002040
125238328
Trial: 333, Time:41.266s
Trial 333: Cell 1 (Static) = 0.001951 | Cell 2 (Plastic) = 0.002047
125767041
Trial: 334, Time:40.727s
Trial 334: Cell 1 (Static) = 0.001957 | Cell 2 (Plastic) = 0.002053
125049936
Trial: 335, Time:40.667s
Trial 335: Cell 1 (Static) = 0.001963 | Cell 2 (Plastic) = 0.002059
127258146
Trial: 336, Time:41.152s
Trial 336: Cell 1 (Static) = 0.001968 | Cell 2 (Plastic) = 0.002053
123676105
Trial: 337, Time:40.516s
Trial 337: Cell 1 (Static) = 0.001974 | Cell 2 (Plastic) = 0.002047
120481614
Trial: 338, Time:40.567s
Trial 338: Cell 1 (Static) = 0.001968 | Cell 2 (Plastic) = 0.002040
122920939
Trial: 339, Time:43.030s
Trial 339: Cell 1 (Static) = 0.001963 | Cell 2 (Plastic) = 0.002047
124596824
Trial: 340, Time:42.782s
Trial 340: Cell 1 (Static) = 0.001957 | Cell 2 (Plastic) = 0.002053
120878319
Trial: 341, Time:40.388s
Trial 341: Cell 1 (Static) = 0.001951 | Cell 2 (Plastic) = 0.002059
122681773
Trial: 342, Time:41.845s
Trial 342: Cell 1 (Static) = 0.001945 | Cell 2 (Plastic) = 0.002053
122362515
Trial: 343, Time:40.816s
Trial 343: Cell 1 (Static) = 0.001951 | Cell 2 (Plastic) = 0.002059
123586270
Trial: 344, Time:40.934s
Trial 344: Cell 1 (Static) = 0.001957 | Cell 2 (Plastic) = 0.002065
122683337
Trial: 345, Time:40.820s
Trial 345: Cell 1 (Static) = 0.001951 | Cell 2 (Plastic) = 0.002059
126663843
Trial: 346, Time:41.738s
Trial 346: Cell 1 (Static) = 0.001945 | Cell 2 (Plastic) = 0.002053
126291319
Trial: 347, Time:40.112s
Trial 347: Cell 1 (Static) = 0.001951 | Cell 2 (Plastic) = 0.002047
126169834
Trial: 348, Time:40.695s
Trial 348: Cell 1 (Static) = 0.001945 | Cell 2 (Plastic) = 0.002053
123232523
Trial: 349, Time:39.444s
Trial 349: Cell 1 (Static) = 0.001939 | Cell 2 (Plastic) = 0.002047
123660645
Trial: 350, Time:40.532s
Trial 350: Cell 1 (Static) = 0.001933 | Cell 2 (Plastic) = 0.002040
123158274
Trial: 351, Time:40.252s
Trial 351: Cell 1 (Static) = 0.001939 | Cell 2 (Plastic) = 0.002034
122674105
Trial: 352, Time:40.518s
Trial 352: Cell 1 (Static) = 0.001945 | Cell 2 (Plastic) = 0.002040
122011520
Trial: 353, Time:40.743s
Trial 353: Cell 1 (Static) = 0.001939 | Cell 2 (Plastic) = 0.002047
123810869
Trial: 354, Time:40.753s
Trial 354: Cell 1 (Static) = 0.001945 | Cell 2 (Plastic) = 0.002053
126861473
Trial: 355, Time:41.244s
Trial 355: Cell 1 (Static) = 0.001951 | Cell 2 (Plastic) = 0.002059
123306246
Trial: 356, Time:39.758s
Trial 356: Cell 1 (Static) = 0.001945 | Cell 2 (Plastic) = 0.002053
121521854
Trial: 357, Time:43.478s
Trial 357: Cell 1 (Static) = 0.001951 | Cell 2 (Plastic) = 0.002047
118805907
Trial: 358, Time:38.799s
Trial 358: Cell 1 (Static) = 0.001945 | Cell 2 (Plastic) = 0.002040
118942384
Trial: 359, Time:40.172s
Trial 359: Cell 1 (Static) = 0.001939 | Cell 2 (Plastic) = 0.002034
118687195
Trial: 360, Time:40.173s
Trial 360: Cell 1 (Static) = 0.001933 | Cell 2 (Plastic) = 0.002028
122519061
Trial: 361, Time:41.658s
Trial 361: Cell 1 (Static) = 0.001939 | Cell 2 (Plastic) = 0.002034
122123829
Trial: 362, Time:281.945s
Trial 362: Cell 1 (Static) = 0.001945 | Cell 2 (Plastic) = 0.002028
128016905
Trial: 363, Time:634.717s
Trial 363: Cell 1 (Static) = 0.001939 | Cell 2 (Plastic) = 0.002022
127095451
Trial: 364, Time:40.462s
Trial 364: Cell 1 (Static) = 0.001945 | Cell 2 (Plastic) = 0.002028
127028365
Trial: 365, Time:40.372s
Trial 365: Cell 1 (Static) = 0.001939 | Cell 2 (Plastic) = 0.002034
126045629
Trial: 366, Time:39.670s
Trial 366: Cell 1 (Static) = 0.001933 | Cell 2 (Plastic) = 0.002040
126801666
Trial: 367, Time:39.674s
Trial 367: Cell 1 (Static) = 0.001928 | Cell 2 (Plastic) = 0.002034
129589396
Trial: 368, Time:39.996s
Trial 368: Cell 1 (Static) = 0.001933 | Cell 2 (Plastic) = 0.002040
127278883
Trial: 369, Time:39.697s
Trial 369: Cell 1 (Static) = 0.001928 | Cell 2 (Plastic) = 0.002047
129869727
Trial: 370, Time:40.150s
Trial 370: Cell 1 (Static) = 0.001922 | Cell 2 (Plastic) = 0.002053
126544109
Trial: 371, Time:39.538s
Trial 371: Cell 1 (Static) = 0.001916 | Cell 2 (Plastic) = 0.002047
131236258
Trial: 372, Time:40.313s
Trial 372: Cell 1 (Static) = 0.001922 | Cell 2 (Plastic) = 0.002040
130820389
Trial: 373, Time:40.322s
Trial 373: Cell 1 (Static) = 0.001928 | Cell 2 (Plastic) = 0.002034
130929716
Trial: 374, Time:40.236s
Trial 374: Cell 1 (Static) = 0.001922 | Cell 2 (Plastic) = 0.002040
132364318
Trial: 375, Time:43.448s
Trial 375: Cell 1 (Static) = 0.001916 | Cell 2 (Plastic) = 0.002034
134872428
Trial: 376, Time:43.742s
Trial 376: Cell 1 (Static) = 0.001910 | Cell 2 (Plastic) = 0.002028
130974704
Trial: 377, Time:40.305s
Trial 377: Cell 1 (Static) = 0.001905 | Cell 2 (Plastic) = 0.002022
132379287
Trial: 378, Time:40.354s
Trial 378: Cell 1 (Static) = 0.001910 | Cell 2 (Plastic) = 0.002028
131011961
Trial: 379, Time:40.123s
Trial 379: Cell 1 (Static) = 0.001916 | Cell 2 (Plastic) = 0.002034
130698295
Trial: 380, Time:40.191s
Trial 380: Cell 1 (Static) = 0.001922 | Cell 2 (Plastic) = 0.002028
131116319
Trial: 381, Time:40.261s
Trial 381: Cell 1 (Static) = 0.001916 | Cell 2 (Plastic) = 0.002022
130715531
Trial: 382, Time:40.242s
Trial 382: Cell 1 (Static) = 0.001910 | Cell 2 (Plastic) = 0.002016
129884433
Trial: 383, Time:40.041s
Trial 383: Cell 1 (Static) = 0.001916 | Cell 2 (Plastic) = 0.002010
129336493
Trial: 384, Time:40.094s
Trial 384: Cell 1 (Static) = 0.001910 | Cell 2 (Plastic) = 0.002004
126745221
Trial: 385, Time:39.753s
Trial 385: Cell 1 (Static) = 0.001916 | Cell 2 (Plastic) = 0.001998
130156743
Trial: 386, Time:40.131s
Trial 386: Cell 1 (Static) = 0.001922 | Cell 2 (Plastic) = 0.002004
130312761
Trial: 387, Time:40.210s
Trial 387: Cell 1 (Static) = 0.001928 | Cell 2 (Plastic) = 0.002010
130509342
Trial: 388, Time:40.133s
Trial 388: Cell 1 (Static) = 0.001922 | Cell 2 (Plastic) = 0.002016
129463783
Trial: 389, Time:40.148s
Trial 389: Cell 1 (Static) = 0.001916 | Cell 2 (Plastic) = 0.002010
126525079
Trial: 390, Time:39.618s
Trial 390: Cell 1 (Static) = 0.001922 | Cell 2 (Plastic) = 0.002004
124325711
Trial: 391, Time:39.341s
Trial 391: Cell 1 (Static) = 0.001928 | Cell 2 (Plastic) = 0.002010
126374119
Trial: 392, Time:39.583s
Trial 392: Cell 1 (Static) = 0.001922 | Cell 2 (Plastic) = 0.002016
126447293
Trial: 393, Time:39.585s
Trial 393: Cell 1 (Static) = 0.001928 | Cell 2 (Plastic) = 0.002010
127692857
Trial: 394, Time:39.790s
Trial 394: Cell 1 (Static) = 0.001933 | Cell 2 (Plastic) = 0.002004
125123579
Trial: 395, Time:39.438s
Trial 395: Cell 1 (Static) = 0.001928 | Cell 2 (Plastic) = 0.001998
126734751
Trial: 396, Time:39.563s
Trial 396: Cell 1 (Static) = 0.001933 | Cell 2 (Plastic) = 0.002004
125512184
Trial: 397, Time:39.493s
Trial 397: Cell 1 (Static) = 0.001928 | Cell 2 (Plastic) = 0.002010
124070083
Trial: 398, Time:39.140s
Trial 398: Cell 1 (Static) = 0.001922 | Cell 2 (Plastic) = 0.002004
124612418
Trial: 399, Time:39.619s
Trial 399: Cell 1 (Static) = 0.001928 | Cell 2 (Plastic) = 0.002010
125362312
Trial: 400, Time:39.447s
Trial 400: Cell 1 (Static) = 0.001933 | Cell 2 (Plastic) = 0.002016
125699516
Trial: 401, Time:39.710s
Trial 401: Cell 1 (Static) = 0.001939 | Cell 2 (Plastic) = 0.002022
128262541
Trial: 402, Time:42.017s
Trial 402: Cell 1 (Static) = 0.001945 | Cell 2 (Plastic) = 0.002016
127641896
Trial: 403, Time:39.547s
Trial 403: Cell 1 (Static) = 0.001939 | Cell 2 (Plastic) = 0.002010
128974864
Trial: 404, Time:41.589s
Trial 404: Cell 1 (Static) = 0.001933 | Cell 2 (Plastic) = 0.002004
130040996
Trial: 405, Time:39.895s
Trial 405: Cell 1 (Static) = 0.001928 | Cell 2 (Plastic) = 0.002010
130701370
Trial: 406, Time:40.125s
Trial 406: Cell 1 (Static) = 0.001922 | Cell 2 (Plastic) = 0.002016
131694781
Trial: 407, Time:40.323s
Trial 407: Cell 1 (Static) = 0.001928 | Cell 2 (Plastic) = 0.002022
130588341
Trial: 408, Time:40.223s
Trial 408: Cell 1 (Static) = 0.001933 | Cell 2 (Plastic) = 0.002028
131263689
Trial: 409, Time:40.243s
Trial 409: Cell 1 (Static) = 0.001939 | Cell 2 (Plastic) = 0.002034
134414404
Trial: 410, Time:40.598s
Trial 410: Cell 1 (Static) = 0.001933 | Cell 2 (Plastic) = 0.002040
133377114
Trial: 411, Time:40.503s
Trial 411: Cell 1 (Static) = 0.001939 | Cell 2 (Plastic) = 0.002047
133560118
Trial: 412, Time:40.571s
Trial 412: Cell 1 (Static) = 0.001945 | Cell 2 (Plastic) = 0.002053
130866529
Trial: 413, Time:40.188s
Trial 413: Cell 1 (Static) = 0.001939 | Cell 2 (Plastic) = 0.002047
131919948
Trial: 414, Time:40.220s
Trial 414: Cell 1 (Static) = 0.001933 | Cell 2 (Plastic) = 0.002040
135533332
Trial: 415, Time:40.842s
Trial 415: Cell 1 (Static) = 0.001928 | Cell 2 (Plastic) = 0.002047
134953557
Trial: 416, Time:40.707s
Trial 416: Cell 1 (Static) = 0.001922 | Cell 2 (Plastic) = 0.002053
135034158
Trial: 417, Time:41.051s
Trial 417: Cell 1 (Static) = 0.001916 | Cell 2 (Plastic) = 0.002059
134733532
Trial: 418, Time:40.981s
Trial 418: Cell 1 (Static) = 0.001922 | Cell 2 (Plastic) = 0.002065
134266497
Trial: 419, Time:41.400s
Trial 419: Cell 1 (Static) = 0.001928 | Cell 2 (Plastic) = 0.002071
133009281
Trial: 420, Time:41.226s
Trial 420: Cell 1 (Static) = 0.001922 | Cell 2 (Plastic) = 0.002065
133141978
Trial: 421, Time:41.234s
Trial 421: Cell 1 (Static) = 0.001916 | Cell 2 (Plastic) = 0.002059
132193880
Trial: 422, Time:41.015s
Trial 422: Cell 1 (Static) = 0.001922 | Cell 2 (Plastic) = 0.002065
133314351
Trial: 423, Time:41.103s
Trial 423: Cell 1 (Static) = 0.001916 | Cell 2 (Plastic) = 0.002071
130536406
Trial: 424, Time:40.726s
Trial 424: Cell 1 (Static) = 0.001910 | Cell 2 (Plastic) = 0.002077
130460499
Trial: 425, Time:40.783s
Trial 425: Cell 1 (Static) = 0.001916 | Cell 2 (Plastic) = 0.002084
132695327
Trial: 426, Time:42.752s
Trial 426: Cell 1 (Static) = 0.001922 | Cell 2 (Plastic) = 0.002090
127105669
Trial: 427, Time:39.905s
Trial 427: Cell 1 (Static) = 0.001916 | Cell 2 (Plastic) = 0.002084
130809844
Trial: 428, Time:40.470s
Trial 428: Cell 1 (Static) = 0.001922 | Cell 2 (Plastic) = 0.002077
129731589
Trial: 429, Time:40.342s
Trial 429: Cell 1 (Static) = 0.001928 | Cell 2 (Plastic) = 0.002084
129906488
Trial: 430, Time:40.451s
Trial 430: Cell 1 (Static) = 0.001933 | Cell 2 (Plastic) = 0.002077
132806896
Trial: 431, Time:40.615s
Trial 431: Cell 1 (Static) = 0.001939 | Cell 2 (Plastic) = 0.002071
132983318
Trial: 432, Time:40.685s
Trial 432: Cell 1 (Static) = 0.001945 | Cell 2 (Plastic) = 0.002065
133719857
Trial: 433, Time:40.818s
Trial 433: Cell 1 (Static) = 0.001939 | Cell 2 (Plastic) = 0.002059
137874833
Trial: 434, Time:41.524s
Trial 434: Cell 1 (Static) = 0.001933 | Cell 2 (Plastic) = 0.002053
135719806
Trial: 435, Time:41.690s
Trial 435: Cell 1 (Static) = 0.001939 | Cell 2 (Plastic) = 0.002047
137319541
Trial: 436, Time:41.540s
Trial 436: Cell 1 (Static) = 0.001933 | Cell 2 (Plastic) = 0.002040
134875735
Trial: 437, Time:40.956s
Trial 437: Cell 1 (Static) = 0.001928 | Cell 2 (Plastic) = 0.002034
134775649
Trial: 438, Time:41.623s
Trial 438: Cell 1 (Static) = 0.001922 | Cell 2 (Plastic) = 0.002028
136470886
Trial: 439, Time:41.480s
Trial 439: Cell 1 (Static) = 0.001916 | Cell 2 (Plastic) = 0.002022
131361190
Trial: 440, Time:40.607s
Trial 440: Cell 1 (Static) = 0.001910 | Cell 2 (Plastic) = 0.002016
134633766
Trial: 441, Time:41.070s
Trial 441: Cell 1 (Static) = 0.001910 | Cell 2 (Plastic) = 0.002022
132184683
Trial: 442, Time:40.513s
Trial 442: Cell 1 (Static) = 0.001916 | Cell 2 (Plastic) = 0.002028
131382621
Trial: 443, Time:41.164s
Trial 443: Cell 1 (Static) = 0.001910 | Cell 2 (Plastic) = 0.002022
130809401
Trial: 444, Time:42.378s
Trial 444: Cell 1 (Static) = 0.001916 | Cell 2 (Plastic) = 0.002016
130708584
Trial: 445, Time:41.944s
Trial 445: Cell 1 (Static) = 0.001922 | Cell 2 (Plastic) = 0.002010
129489742
Trial: 446, Time:40.350s
Trial 446: Cell 1 (Static) = 0.001928 | Cell 2 (Plastic) = 0.002016
132174487
Trial: 447, Time:43.507s
Trial 447: Cell 1 (Static) = 0.001922 | Cell 2 (Plastic) = 0.002010
134031282
Trial: 448, Time:41.005s
Trial 448: Cell 1 (Static) = 0.001916 | Cell 2 (Plastic) = 0.002016
135846579
Trial: 449, Time:41.280s
Trial 449: Cell 1 (Static) = 0.001922 | Cell 2 (Plastic) = 0.002022
132043520
Trial: 450, Time:40.739s
Trial 450: Cell 1 (Static) = 0.001928 | Cell 2 (Plastic) = 0.002016
129510902
Trial: 451, Time:40.284s
Trial 451: Cell 1 (Static) = 0.001933 | Cell 2 (Plastic) = 0.002022
131812422
Trial: 452, Time:40.660s
Trial 452: Cell 1 (Static) = 0.001939 | Cell 2 (Plastic) = 0.002028
130714298
Trial: 453, Time:41.222s
Trial 453: Cell 1 (Static) = 0.001933 | Cell 2 (Plastic) = 0.002034
127583416
Trial: 454, Time:44.315s
Trial 454: Cell 1 (Static) = 0.001928 | Cell 2 (Plastic) = 0.002040
128465780
Trial: 455, Time:41.843s
Trial 455: Cell 1 (Static) = 0.001922 | Cell 2 (Plastic) = 0.002047
129120115
Trial: 456, Time:44.644s
Trial 456: Cell 1 (Static) = 0.001916 | Cell 2 (Plastic) = 0.002040
128800222
Trial: 457, Time:41.469s
Trial 457: Cell 1 (Static) = 0.001910 | Cell 2 (Plastic) = 0.002047
127248991
Trial: 458, Time:45.283s
Trial 458: Cell 1 (Static) = 0.001905 | Cell 2 (Plastic) = 0.002040
131204056
Trial: 459, Time:45.083s
Trial 459: Cell 1 (Static) = 0.001899 | Cell 2 (Plastic) = 0.002034
128736848
Trial: 460, Time:42.562s
Trial 460: Cell 1 (Static) = 0.001893 | Cell 2 (Plastic) = 0.002040
131922404
Trial: 461, Time:44.298s
Trial 461: Cell 1 (Static) = 0.001888 | Cell 2 (Plastic) = 0.002047
130051936
Trial: 462, Time:42.302s
Trial 462: Cell 1 (Static) = 0.001882 | Cell 2 (Plastic) = 0.002053
130896223
Trial: 463, Time:43.995s
Trial 463: Cell 1 (Static) = 0.001876 | Cell 2 (Plastic) = 0.002059
128515831
Trial: 464, Time:41.351s
Trial 464: Cell 1 (Static) = 0.001871 | Cell 2 (Plastic) = 0.002053
131145745
Trial: 465, Time:43.486s
Trial 465: Cell 1 (Static) = 0.001876 | Cell 2 (Plastic) = 0.002047
129980689
Trial: 466, Time:41.970s
Trial 466: Cell 1 (Static) = 0.001882 | Cell 2 (Plastic) = 0.002053
130764267
Trial: 467, Time:43.052s
Trial 467: Cell 1 (Static) = 0.001888 | Cell 2 (Plastic) = 0.002059
130640376
Trial: 468, Time:41.937s
Trial 468: Cell 1 (Static) = 0.001893 | Cell 2 (Plastic) = 0.002065
130951627
Trial: 469, Time:42.835s
Trial 469: Cell 1 (Static) = 0.001888 | Cell 2 (Plastic) = 0.002059
132806317
Trial: 470, Time:42.187s
Trial 470: Cell 1 (Static) = 0.001882 | Cell 2 (Plastic) = 0.002053
134400857
Trial: 471, Time:42.526s
Trial 471: Cell 1 (Static) = 0.001888 | Cell 2 (Plastic) = 0.002059
135269639
Trial: 472, Time:41.876s
Trial 472: Cell 1 (Static) = 0.001893 | Cell 2 (Plastic) = 0.002065
128394116
Trial: 473, Time:42.315s
Trial 473: Cell 1 (Static) = 0.001899 | Cell 2 (Plastic) = 0.002059
130115450
Trial: 474, Time:42.102s
Trial 474: Cell 1 (Static) = 0.001905 | Cell 2 (Plastic) = 0.002053
132919402
Trial: 475, Time:43.297s
