nohup: ignoring input
Starting Session for GoGo Conv: 25 W: 0.05 ...
Initializing objects...
Objects initialized.
Loading connectivity arrays...
MFGO Connectivity Array Loaded.
MFGR Connectivity Array Loaded.
GOGR Connectivity Array Loaded.
GRGO Connectivity Array Loaded.
GOGO Connectivity Array Loaded.
Connectivity Arrays Loaded
Trial 0: Cell 1 (Static) = 0.004213 | Cell 2 (Plastic) = 0.004213
Trial: 1, Time:13.684s
Trial 1: Cell 1 (Static) = 0.004225 | Cell 2 (Plastic) = 0.004225
Trial: 2, Time:12.843s
Trial 2: Cell 1 (Static) = 0.004238 | Cell 2 (Plastic) = 0.004238
Trial: 3, Time:13.047s
Trial 3: Cell 1 (Static) = 0.004251 | Cell 2 (Plastic) = 0.004251
Trial: 4, Time:13.103s
Trial 4: Cell 1 (Static) = 0.004263 | Cell 2 (Plastic) = 0.004263
Trial: 5, Time:13.236s
Trial 5: Cell 1 (Static) = 0.004276 | Cell 2 (Plastic) = 0.004276
Trial: 6, Time:13.180s
Trial 6: Cell 1 (Static) = 0.004289 | Cell 2 (Plastic) = 0.004289
Trial: 7, Time:13.314s
Trial 7: Cell 1 (Static) = 0.004302 | Cell 2 (Plastic) = 0.004302
Trial: 8, Time:13.688s
Trial 8: Cell 1 (Static) = 0.004315 | Cell 2 (Plastic) = 0.004315
Trial: 9, Time:13.914s
Trial 9: Cell 1 (Static) = 0.004328 | Cell 2 (Plastic) = 0.004328
Trial: 10, Time:13.860s
Trial 10: Cell 1 (Static) = 0.004341 | Cell 2 (Plastic) = 0.004341
Trial: 11, Time:13.725s
Trial 11: Cell 1 (Static) = 0.004354 | Cell 2 (Plastic) = 0.004354
Trial: 12, Time:13.943s
Trial 12: Cell 1 (Static) = 0.004367 | Cell 2 (Plastic) = 0.004367
Trial: 13, Time:13.976s
Trial 13: Cell 1 (Static) = 0.004380 | Cell 2 (Plastic) = 0.004380
Trial: 14, Time:13.999s
Trial 14: Cell 1 (Static) = 0.004393 | Cell 2 (Plastic) = 0.004393
Trial: 15, Time:14.084s
Trial 15: Cell 1 (Static) = 0.004406 | Cell 2 (Plastic) = 0.004406
Trial: 16, Time:14.084s
Trial 16: Cell 1 (Static) = 0.004419 | Cell 2 (Plastic) = 0.004419
Trial: 17, Time:14.087s
Trial 17: Cell 1 (Static) = 0.004433 | Cell 2 (Plastic) = 0.004433
Trial: 18, Time:14.239s
Trial 18: Cell 1 (Static) = 0.004446 | Cell 2 (Plastic) = 0.004446
Trial: 19, Time:14.294s
Trial 19: Cell 1 (Static) = 0.004459 | Cell 2 (Plastic) = 0.004459
Trial: 20, Time:14.157s
Trial 20: Cell 1 (Static) = 0.004473 | Cell 2 (Plastic) = 0.004473
Trial: 21, Time:14.378s
Trial 21: Cell 1 (Static) = 0.004486 | Cell 2 (Plastic) = 0.004486
Trial: 22, Time:14.408s
Trial 22: Cell 1 (Static) = 0.004500 | Cell 2 (Plastic) = 0.004500
Trial: 23, Time:14.455s
Trial 23: Cell 1 (Static) = 0.004513 | Cell 2 (Plastic) = 0.004513
Trial: 24, Time:14.517s
Trial 24: Cell 1 (Static) = 0.004527 | Cell 2 (Plastic) = 0.004527
Trial: 25, Time:14.616s
Trial 25: Cell 1 (Static) = 0.004540 | Cell 2 (Plastic) = 0.004540
Trial: 26, Time:14.639s
Trial 26: Cell 1 (Static) = 0.004554 | Cell 2 (Plastic) = 0.004554
Trial: 27, Time:14.706s
Trial 27: Cell 1 (Static) = 0.004567 | Cell 2 (Plastic) = 0.004567
Trial: 28, Time:14.789s
Trial 28: Cell 1 (Static) = 0.004581 | Cell 2 (Plastic) = 0.004581
Trial: 29, Time:14.696s
Trial 29: Cell 1 (Static) = 0.004595 | Cell 2 (Plastic) = 0.004595
Trial: 30, Time:14.830s
Trial 30: Cell 1 (Static) = 0.004609 | Cell 2 (Plastic) = 0.004609
Trial: 31, Time:14.929s
Trial 31: Cell 1 (Static) = 0.004623 | Cell 2 (Plastic) = 0.004623
Trial: 32, Time:14.934s
Trial 32: Cell 1 (Static) = 0.004636 | Cell 2 (Plastic) = 0.004636
Trial: 33, Time:15.020s
Trial 33: Cell 1 (Static) = 0.004650 | Cell 2 (Plastic) = 0.004650
Trial: 34, Time:15.072s
Trial 34: Cell 1 (Static) = 0.004664 | Cell 2 (Plastic) = 0.004664
Trial: 35, Time:15.205s
Trial 35: Cell 1 (Static) = 0.004678 | Cell 2 (Plastic) = 0.004678
Trial: 36, Time:15.325s
Trial 36: Cell 1 (Static) = 0.004692 | Cell 2 (Plastic) = 0.004692
Trial: 37, Time:15.319s
Trial 37: Cell 1 (Static) = 0.004706 | Cell 2 (Plastic) = 0.004706
Trial: 38, Time:15.299s
Trial 38: Cell 1 (Static) = 0.004720 | Cell 2 (Plastic) = 0.004720
Trial: 39, Time:15.548s
Trial 39: Cell 1 (Static) = 0.004735 | Cell 2 (Plastic) = 0.004735
Trial: 40, Time:15.549s
Trial 40: Cell 1 (Static) = 0.004749 | Cell 2 (Plastic) = 0.004749
Trial: 41, Time:15.520s
Trial 41: Cell 1 (Static) = 0.004763 | Cell 2 (Plastic) = 0.004763
Trial: 42, Time:16.196s
Trial 42: Cell 1 (Static) = 0.004777 | Cell 2 (Plastic) = 0.004777
Trial: 43, Time:16.182s
Trial 43: Cell 1 (Static) = 0.004792 | Cell 2 (Plastic) = 0.004792
Trial: 44, Time:16.308s
Trial 44: Cell 1 (Static) = 0.004806 | Cell 2 (Plastic) = 0.004806
Trial: 45, Time:16.146s
Trial 45: Cell 1 (Static) = 0.004821 | Cell 2 (Plastic) = 0.004821
Trial: 46, Time:16.213s
Trial 46: Cell 1 (Static) = 0.004835 | Cell 2 (Plastic) = 0.004835
Trial: 47, Time:16.248s
Trial 47: Cell 1 (Static) = 0.004849 | Cell 2 (Plastic) = 0.004849
Trial: 48, Time:16.375s
Trial 48: Cell 1 (Static) = 0.004864 | Cell 2 (Plastic) = 0.004864
Trial: 49, Time:16.419s
Trial 49: Cell 1 (Static) = 0.004879 | Cell 2 (Plastic) = 0.004879
Trial: 50, Time:16.566s
Trial 50: Cell 1 (Static) = 0.004893 | Cell 2 (Plastic) = 0.004893
Trial: 51, Time:16.592s
Trial 51: Cell 1 (Static) = 0.004908 | Cell 2 (Plastic) = 0.004908
Trial: 52, Time:19.427s
Trial 52: Cell 1 (Static) = 0.004923 | Cell 2 (Plastic) = 0.004923
Trial: 53, Time:19.594s
Trial 53: Cell 1 (Static) = 0.004937 | Cell 2 (Plastic) = 0.004937
Trial: 54, Time:19.526s
Trial 54: Cell 1 (Static) = 0.004952 | Cell 2 (Plastic) = 0.004952
Trial: 55, Time:19.360s
Trial 55: Cell 1 (Static) = 0.004967 | Cell 2 (Plastic) = 0.004967
Trial: 56, Time:19.384s
Trial 56: Cell 1 (Static) = 0.004982 | Cell 2 (Plastic) = 0.004982
Trial: 57, Time:20.029s
Trial 57: Cell 1 (Static) = 0.004997 | Cell 2 (Plastic) = 0.004997
Trial: 58, Time:19.352s
Trial 58: Cell 1 (Static) = 0.005012 | Cell 2 (Plastic) = 0.005012
Trial: 59, Time:19.475s
Trial 59: Cell 1 (Static) = 0.005027 | Cell 2 (Plastic) = 0.005027
Trial: 60, Time:19.475s
Trial 60: Cell 1 (Static) = 0.005042 | Cell 2 (Plastic) = 0.005042
Trial: 61, Time:19.316s
Trial 61: Cell 1 (Static) = 0.005057 | Cell 2 (Plastic) = 0.005057
Trial: 62, Time:19.488s
Trial 62: Cell 1 (Static) = 0.005072 | Cell 2 (Plastic) = 0.005072
Trial: 63, Time:19.994s
Trial 63: Cell 1 (Static) = 0.005088 | Cell 2 (Plastic) = 0.005088
Trial: 64, Time:19.395s
Trial 64: Cell 1 (Static) = 0.005103 | Cell 2 (Plastic) = 0.005103
Trial: 65, Time:19.999s
Trial 65: Cell 1 (Static) = 0.005118 | Cell 2 (Plastic) = 0.005118
Trial: 66, Time:19.430s
Trial 66: Cell 1 (Static) = 0.005133 | Cell 2 (Plastic) = 0.005133
Trial: 67, Time:19.398s
Trial 67: Cell 1 (Static) = 0.005149 | Cell 2 (Plastic) = 0.005149
Trial: 68, Time:19.483s
Trial 68: Cell 1 (Static) = 0.005164 | Cell 2 (Plastic) = 0.005164
Trial: 69, Time:19.490s
Trial 69: Cell 1 (Static) = 0.005180 | Cell 2 (Plastic) = 0.005180
Trial: 70, Time:19.453s
Trial 70: Cell 1 (Static) = 0.005195 | Cell 2 (Plastic) = 0.005195
Trial: 71, Time:19.629s
Trial 71: Cell 1 (Static) = 0.005211 | Cell 2 (Plastic) = 0.005211
Trial: 72, Time:19.590s
Trial 72: Cell 1 (Static) = 0.005227 | Cell 2 (Plastic) = 0.005227
Trial: 73, Time:19.573s
Trial 73: Cell 1 (Static) = 0.005242 | Cell 2 (Plastic) = 0.005242
Trial: 74, Time:19.564s
Trial 74: Cell 1 (Static) = 0.005258 | Cell 2 (Plastic) = 0.005258
Trial: 75, Time:19.679s
Trial 75: Cell 1 (Static) = 0.005274 | Cell 2 (Plastic) = 0.005274
Trial: 76, Time:19.779s
Trial 76: Cell 1 (Static) = 0.005290 | Cell 2 (Plastic) = 0.005290
Trial: 77, Time:19.847s
Trial 77: Cell 1 (Static) = 0.005305 | Cell 2 (Plastic) = 0.005305
Trial: 78, Time:19.845s
Trial 78: Cell 1 (Static) = 0.005321 | Cell 2 (Plastic) = 0.005321
Trial: 79, Time:19.799s
Trial 79: Cell 1 (Static) = 0.005337 | Cell 2 (Plastic) = 0.005337
Trial: 80, Time:19.948s
Trial 80: Cell 1 (Static) = 0.005353 | Cell 2 (Plastic) = 0.005353
Trial: 81, Time:19.953s
Trial 81: Cell 1 (Static) = 0.005369 | Cell 2 (Plastic) = 0.005369
Trial: 82, Time:19.856s
Trial 82: Cell 1 (Static) = 0.005386 | Cell 2 (Plastic) = 0.005386
Trial: 83, Time:19.958s
Trial 83: Cell 1 (Static) = 0.005402 | Cell 2 (Plastic) = 0.005402
Trial: 84, Time:20.045s
Trial 84: Cell 1 (Static) = 0.005418 | Cell 2 (Plastic) = 0.005418
Trial: 85, Time:20.123s
Trial 85: Cell 1 (Static) = 0.005434 | Cell 2 (Plastic) = 0.005434
Trial: 86, Time:20.240s
Trial 86: Cell 1 (Static) = 0.005450 | Cell 2 (Plastic) = 0.005450
Trial: 87, Time:20.208s
Trial 87: Cell 1 (Static) = 0.005467 | Cell 2 (Plastic) = 0.005467
Trial: 88, Time:20.212s
Trial 88: Cell 1 (Static) = 0.005483 | Cell 2 (Plastic) = 0.005483
Trial: 89, Time:20.424s
Trial 89: Cell 1 (Static) = 0.005500 | Cell 2 (Plastic) = 0.005500
Trial: 90, Time:20.476s
Trial 90: Cell 1 (Static) = 0.005516 | Cell 2 (Plastic) = 0.005516
Trial: 91, Time:20.527s
Trial 91: Cell 1 (Static) = 0.005533 | Cell 2 (Plastic) = 0.005533
Trial: 92, Time:20.645s
Trial 92: Cell 1 (Static) = 0.005549 | Cell 2 (Plastic) = 0.005549
Trial: 93, Time:20.735s
Trial 93: Cell 1 (Static) = 0.005566 | Cell 2 (Plastic) = 0.005566
Trial: 94, Time:20.656s
Trial 94: Cell 1 (Static) = 0.005583 | Cell 2 (Plastic) = 0.005583
Trial: 95, Time:20.828s
Trial 95: Cell 1 (Static) = 0.005599 | Cell 2 (Plastic) = 0.005599
Trial: 96, Time:20.733s
Trial 96: Cell 1 (Static) = 0.005616 | Cell 2 (Plastic) = 0.005616
Trial: 97, Time:20.668s
Trial 97: Cell 1 (Static) = 0.005633 | Cell 2 (Plastic) = 0.005633
Trial: 98, Time:20.883s
Trial 98: Cell 1 (Static) = 0.005650 | Cell 2 (Plastic) = 0.005650
Trial: 99, Time:20.894s
Trial 99: Cell 1 (Static) = 0.005667 | Cell 2 (Plastic) = 0.005667
Trial: 100, Time:20.943s
Trial 100: Cell 1 (Static) = 0.005684 | Cell 2 (Plastic) = 0.005684
Trial: 101, Time:20.968s
Trial 101: Cell 1 (Static) = 0.005701 | Cell 2 (Plastic) = 0.005667
Trial: 102, Time:23.027s
Trial 102: Cell 1 (Static) = 0.005718 | Cell 2 (Plastic) = 0.005650
Trial: 103, Time:23.051s
Trial 103: Cell 1 (Static) = 0.005735 | Cell 2 (Plastic) = 0.005633
Trial: 104, Time:23.017s
Trial 104: Cell 1 (Static) = 0.005752 | Cell 2 (Plastic) = 0.005616
Trial: 105, Time:23.019s
Trial 105: Cell 1 (Static) = 0.005770 | Cell 2 (Plastic) = 0.005599
Trial: 106, Time:22.931s
Trial 106: Cell 1 (Static) = 0.005787 | Cell 2 (Plastic) = 0.005583
Trial: 107, Time:22.874s
Trial 107: Cell 1 (Static) = 0.005804 | Cell 2 (Plastic) = 0.005599
Trial: 108, Time:22.900s
Trial 108: Cell 1 (Static) = 0.005822 | Cell 2 (Plastic) = 0.005616
Trial: 109, Time:22.843s
Trial 109: Cell 1 (Static) = 0.005839 | Cell 2 (Plastic) = 0.005633
Trial: 110, Time:22.705s
Trial 110: Cell 1 (Static) = 0.005857 | Cell 2 (Plastic) = 0.005650
Trial: 111, Time:22.776s
Trial 111: Cell 1 (Static) = 0.005874 | Cell 2 (Plastic) = 0.005667
Trial: 112, Time:22.692s
Trial 112: Cell 1 (Static) = 0.005892 | Cell 2 (Plastic) = 0.005684
Trial: 113, Time:22.774s
Trial 113: Cell 1 (Static) = 0.005910 | Cell 2 (Plastic) = 0.005701
Trial: 114, Time:22.701s
Trial 114: Cell 1 (Static) = 0.005927 | Cell 2 (Plastic) = 0.005718
Trial: 115, Time:22.691s
Trial 115: Cell 1 (Static) = 0.005945 | Cell 2 (Plastic) = 0.005735
Trial: 116, Time:22.723s
Trial 116: Cell 1 (Static) = 0.005963 | Cell 2 (Plastic) = 0.005752
Trial: 117, Time:22.704s
Trial 117: Cell 1 (Static) = 0.005981 | Cell 2 (Plastic) = 0.005770
Trial: 118, Time:22.818s
Trial 118: Cell 1 (Static) = 0.005999 | Cell 2 (Plastic) = 0.005787
Trial: 119, Time:22.809s
Trial 119: Cell 1 (Static) = 0.006017 | Cell 2 (Plastic) = 0.005804
Trial: 120, Time:22.945s
Trial 120: Cell 1 (Static) = 0.006035 | Cell 2 (Plastic) = 0.005822
Trial: 121, Time:22.805s
Trial 121: Cell 1 (Static) = 0.006053 | Cell 2 (Plastic) = 0.005839
Trial: 122, Time:23.094s
Trial 122: Cell 1 (Static) = 0.006071 | Cell 2 (Plastic) = 0.005857
Trial: 123, Time:23.281s
Trial 123: Cell 1 (Static) = 0.006089 | Cell 2 (Plastic) = 0.005874
Trial: 124, Time:23.187s
Trial 124: Cell 1 (Static) = 0.006108 | Cell 2 (Plastic) = 0.005892
Trial: 125, Time:23.339s
Trial 125: Cell 1 (Static) = 0.006126 | Cell 2 (Plastic) = 0.005910
Trial: 126, Time:23.314s
Trial 126: Cell 1 (Static) = 0.006144 | Cell 2 (Plastic) = 0.005927
Trial: 127, Time:23.355s
Trial 127: Cell 1 (Static) = 0.006163 | Cell 2 (Plastic) = 0.005945
Trial: 128, Time:23.246s
Trial 128: Cell 1 (Static) = 0.006181 | Cell 2 (Plastic) = 0.005963
Trial: 129, Time:23.330s
Trial 129: Cell 1 (Static) = 0.006200 | Cell 2 (Plastic) = 0.005945
Trial: 130, Time:23.371s
Trial 130: Cell 1 (Static) = 0.006218 | Cell 2 (Plastic) = 0.005927
Trial: 131, Time:23.416s
Trial 131: Cell 1 (Static) = 0.006237 | Cell 2 (Plastic) = 0.005910
Trial: 132, Time:23.586s
Trial 132: Cell 1 (Static) = 0.006256 | Cell 2 (Plastic) = 0.005892
Trial: 133, Time:23.593s
Trial 133: Cell 1 (Static) = 0.006274 | Cell 2 (Plastic) = 0.005874
Trial: 134, Time:23.662s
Trial 134: Cell 1 (Static) = 0.006293 | Cell 2 (Plastic) = 0.005857
Trial: 135, Time:23.628s
Trial 135: Cell 1 (Static) = 0.006312 | Cell 2 (Plastic) = 0.005839
Trial: 136, Time:23.675s
Trial 136: Cell 1 (Static) = 0.006331 | Cell 2 (Plastic) = 0.005822
Trial: 137, Time:23.606s
Trial 137: Cell 1 (Static) = 0.006350 | Cell 2 (Plastic) = 0.005804
Trial: 138, Time:23.784s
Trial 138: Cell 1 (Static) = 0.006369 | Cell 2 (Plastic) = 0.005787
Trial: 139, Time:23.775s
Trial 139: Cell 1 (Static) = 0.006388 | Cell 2 (Plastic) = 0.005804
Trial: 140, Time:23.732s
Trial 140: Cell 1 (Static) = 0.006407 | Cell 2 (Plastic) = 0.005822
Trial: 141, Time:23.826s
Trial 141: Cell 1 (Static) = 0.006427 | Cell 2 (Plastic) = 0.005839
Trial: 142, Time:23.752s
Trial 142: Cell 1 (Static) = 0.006446 | Cell 2 (Plastic) = 0.005857
Trial: 143, Time:23.763s
Trial 143: Cell 1 (Static) = 0.006465 | Cell 2 (Plastic) = 0.005874
Trial: 144, Time:24.095s
Trial 144: Cell 1 (Static) = 0.006485 | Cell 2 (Plastic) = 0.005892
Trial: 145, Time:24.106s
Trial 145: Cell 1 (Static) = 0.006504 | Cell 2 (Plastic) = 0.005910
Trial: 146, Time:24.028s
Trial 146: Cell 1 (Static) = 0.006524 | Cell 2 (Plastic) = 0.005927
Trial: 147, Time:24.070s
Trial 147: Cell 1 (Static) = 0.006543 | Cell 2 (Plastic) = 0.005945
Trial: 148, Time:24.006s
Trial 148: Cell 1 (Static) = 0.006563 | Cell 2 (Plastic) = 0.005963
Trial: 149, Time:23.985s
Trial 149: Cell 1 (Static) = 0.006582 | Cell 2 (Plastic) = 0.005981
Trial: 150, Time:24.117s
Trial 150: Cell 1 (Static) = 0.006602 | Cell 2 (Plastic) = 0.005963
Trial: 151, Time:24.129s
Trial 151: Cell 1 (Static) = 0.006622 | Cell 2 (Plastic) = 0.005981
Trial: 152, Time:26.404s
Trial 152: Cell 1 (Static) = 0.006642 | Cell 2 (Plastic) = 0.005999
Trial: 153, Time:26.577s
Trial 153: Cell 1 (Static) = 0.006662 | Cell 2 (Plastic) = 0.006017
Trial: 154, Time:26.550s
Trial 154: Cell 1 (Static) = 0.006682 | Cell 2 (Plastic) = 0.006035
Trial: 155, Time:26.461s
Trial 155: Cell 1 (Static) = 0.006702 | Cell 2 (Plastic) = 0.006053
Trial: 156, Time:26.506s
Trial 156: Cell 1 (Static) = 0.006722 | Cell 2 (Plastic) = 0.006071
Trial: 157, Time:26.463s
Trial 157: Cell 1 (Static) = 0.006742 | Cell 2 (Plastic) = 0.006053
Trial: 158, Time:26.499s
Trial 158: Cell 1 (Static) = 0.006762 | Cell 2 (Plastic) = 0.006035
Trial: 159, Time:26.420s
Trial 159: Cell 1 (Static) = 0.006783 | Cell 2 (Plastic) = 0.006017
Trial: 160, Time:26.360s
Trial 160: Cell 1 (Static) = 0.006803 | Cell 2 (Plastic) = 0.005999
Trial: 161, Time:26.379s
Trial 161: Cell 1 (Static) = 0.006823 | Cell 2 (Plastic) = 0.005981
Trial: 162, Time:26.380s
Trial 162: Cell 1 (Static) = 0.006844 | Cell 2 (Plastic) = 0.005963
Trial: 163, Time:26.906s
Trial 163: Cell 1 (Static) = 0.006864 | Cell 2 (Plastic) = 0.005945
Trial: 164, Time:26.289s
Trial 164: Cell 1 (Static) = 0.006885 | Cell 2 (Plastic) = 0.005927
Trial: 165, Time:26.476s
Trial 165: Cell 1 (Static) = 0.006906 | Cell 2 (Plastic) = 0.005910
Trial: 166, Time:26.530s
Trial 166: Cell 1 (Static) = 0.006926 | Cell 2 (Plastic) = 0.005892
Trial: 167, Time:26.434s
Trial 167: Cell 1 (Static) = 0.006947 | Cell 2 (Plastic) = 0.005874
Trial: 168, Time:27.073s
Trial 168: Cell 1 (Static) = 0.006968 | Cell 2 (Plastic) = 0.005892
Trial: 169, Time:26.368s
Trial 169: Cell 1 (Static) = 0.006989 | Cell 2 (Plastic) = 0.005874
Trial: 170, Time:26.466s
Trial 170: Cell 1 (Static) = 0.007010 | Cell 2 (Plastic) = 0.005892
Trial: 171, Time:26.643s
Trial 171: Cell 1 (Static) = 0.007031 | Cell 2 (Plastic) = 0.005910
Trial: 172, Time:26.658s
Trial 172: Cell 1 (Static) = 0.007052 | Cell 2 (Plastic) = 0.005927
Trial: 173, Time:26.661s
Trial 173: Cell 1 (Static) = 0.007073 | Cell 2 (Plastic) = 0.005945
Trial: 174, Time:26.789s
Trial 174: Cell 1 (Static) = 0.007094 | Cell 2 (Plastic) = 0.005963
Trial: 175, Time:26.814s
Trial 175: Cell 1 (Static) = 0.007116 | Cell 2 (Plastic) = 0.005981
Trial: 176, Time:26.695s
Trial 176: Cell 1 (Static) = 0.007137 | Cell 2 (Plastic) = 0.005999
Trial: 177, Time:26.979s
Trial 177: Cell 1 (Static) = 0.007158 | Cell 2 (Plastic) = 0.006017
Trial: 178, Time:27.105s
Trial 178: Cell 1 (Static) = 0.007180 | Cell 2 (Plastic) = 0.006035
Trial: 179, Time:26.909s
Trial 179: Cell 1 (Static) = 0.007201 | Cell 2 (Plastic) = 0.006017
Trial: 180, Time:27.200s
Trial 180: Cell 1 (Static) = 0.007223 | Cell 2 (Plastic) = 0.005999
Trial: 181, Time:27.091s
Trial 181: Cell 1 (Static) = 0.007245 | Cell 2 (Plastic) = 0.006017
Trial: 182, Time:26.893s
Trial 182: Cell 1 (Static) = 0.007266 | Cell 2 (Plastic) = 0.006035
Trial: 183, Time:27.127s
Trial 183: Cell 1 (Static) = 0.007288 | Cell 2 (Plastic) = 0.006053
Trial: 184, Time:27.164s
Trial 184: Cell 1 (Static) = 0.007310 | Cell 2 (Plastic) = 0.006071
Trial: 185, Time:27.002s
Trial 185: Cell 1 (Static) = 0.007332 | Cell 2 (Plastic) = 0.006089
Trial: 186, Time:27.222s
Trial 186: Cell 1 (Static) = 0.007354 | Cell 2 (Plastic) = 0.006071
Trial: 187, Time:27.209s
Trial 187: Cell 1 (Static) = 0.007376 | Cell 2 (Plastic) = 0.006053
Trial: 188, Time:27.149s
Trial 188: Cell 1 (Static) = 0.007398 | Cell 2 (Plastic) = 0.006035
Trial: 189, Time:27.457s
Trial 189: Cell 1 (Static) = 0.007420 | Cell 2 (Plastic) = 0.006017
Trial: 190, Time:27.526s
Trial 190: Cell 1 (Static) = 0.007443 | Cell 2 (Plastic) = 0.005999
Trial: 191, Time:27.408s
Trial 191: Cell 1 (Static) = 0.007465 | Cell 2 (Plastic) = 0.005981
Trial: 192, Time:27.631s
Trial 192: Cell 1 (Static) = 0.007487 | Cell 2 (Plastic) = 0.005963
Trial: 193, Time:27.571s
Trial 193: Cell 1 (Static) = 0.007510 | Cell 2 (Plastic) = 0.005945
Trial: 194, Time:27.425s
Trial 194: Cell 1 (Static) = 0.007532 | Cell 2 (Plastic) = 0.005963
Trial: 195, Time:27.591s
Trial 195: Cell 1 (Static) = 0.007555 | Cell 2 (Plastic) = 0.005981
Trial: 196, Time:27.541s
Trial 196: Cell 1 (Static) = 0.007578 | Cell 2 (Plastic) = 0.005999
Trial: 197, Time:27.498s
Trial 197: Cell 1 (Static) = 0.007600 | Cell 2 (Plastic) = 0.006017
Trial: 198, Time:27.649s
Trial 198: Cell 1 (Static) = 0.007623 | Cell 2 (Plastic) = 0.006035
Trial: 199, Time:27.718s
Trial 199: Cell 1 (Static) = 0.007646 | Cell 2 (Plastic) = 0.006053
Trial: 200, Time:27.642s
Trial 200: Cell 1 (Static) = 0.007669 | Cell 2 (Plastic) = 0.006035
Trial: 201, Time:27.963s
Trial 201: Cell 1 (Static) = 0.007692 | Cell 2 (Plastic) = 0.006053
Trial: 202, Time:29.663s
Trial 202: Cell 1 (Static) = 0.007715 | Cell 2 (Plastic) = 0.006071
Trial: 203, Time:29.802s
Trial 203: Cell 1 (Static) = 0.007738 | Cell 2 (Plastic) = 0.006089
Trial: 204, Time:29.686s
Trial 204: Cell 1 (Static) = 0.007761 | Cell 2 (Plastic) = 0.006108
Trial: 205, Time:29.497s
Trial 205: Cell 1 (Static) = 0.007785 | Cell 2 (Plastic) = 0.006126
Trial: 206, Time:30.161s
Trial 206: Cell 1 (Static) = 0.007808 | Cell 2 (Plastic) = 0.006144
Trial: 207, Time:29.458s
Trial 207: Cell 1 (Static) = 0.007831 | Cell 2 (Plastic) = 0.006163
Trial: 208, Time:29.337s
Trial 208: Cell 1 (Static) = 0.007855 | Cell 2 (Plastic) = 0.006181
Trial: 209, Time:29.811s
Trial 209: Cell 1 (Static) = 0.007879 | Cell 2 (Plastic) = 0.006200
Trial: 210, Time:29.655s
Trial 210: Cell 1 (Static) = 0.007902 | Cell 2 (Plastic) = 0.006218
Trial: 211, Time:29.653s
Trial 211: Cell 1 (Static) = 0.007926 | Cell 2 (Plastic) = 0.006237
Trial: 212, Time:30.383s
Trial 212: Cell 1 (Static) = 0.007950 | Cell 2 (Plastic) = 0.006256
Trial: 213, Time:29.675s
Trial 213: Cell 1 (Static) = 0.007973 | Cell 2 (Plastic) = 0.006274
Trial: 214, Time:29.382s
Trial 214: Cell 1 (Static) = 0.007997 | Cell 2 (Plastic) = 0.006293
Trial: 215, Time:29.559s
Trial 215: Cell 1 (Static) = 0.008021 | Cell 2 (Plastic) = 0.006312
Trial: 216, Time:29.508s
Trial 216: Cell 1 (Static) = 0.008045 | Cell 2 (Plastic) = 0.006331
Trial: 217, Time:29.300s
Trial 217: Cell 1 (Static) = 0.008070 | Cell 2 (Plastic) = 0.006350
Trial: 218, Time:29.348s
Trial 218: Cell 1 (Static) = 0.008094 | Cell 2 (Plastic) = 0.006369
Trial: 219, Time:30.050s
Trial 219: Cell 1 (Static) = 0.008118 | Cell 2 (Plastic) = 0.006388
Trial: 220, Time:29.481s
Trial 220: Cell 1 (Static) = 0.008142 | Cell 2 (Plastic) = 0.006407
Trial: 221, Time:29.572s
Trial 221: Cell 1 (Static) = 0.008167 | Cell 2 (Plastic) = 0.006427
Trial: 222, Time:29.698s
Trial 222: Cell 1 (Static) = 0.008191 | Cell 2 (Plastic) = 0.006446
Trial: 223, Time:29.614s
Trial 223: Cell 1 (Static) = 0.008216 | Cell 2 (Plastic) = 0.006465
Trial: 224, Time:29.579s
Trial 224: Cell 1 (Static) = 0.008241 | Cell 2 (Plastic) = 0.006485
Trial: 225, Time:29.530s
Trial 225: Cell 1 (Static) = 0.008265 | Cell 2 (Plastic) = 0.006504
Trial: 226, Time:29.551s
Trial 226: Cell 1 (Static) = 0.008290 | Cell 2 (Plastic) = 0.006524
Trial: 227, Time:29.713s
Trial 227: Cell 1 (Static) = 0.008315 | Cell 2 (Plastic) = 0.006543
Trial: 228, Time:29.842s
Trial 228: Cell 1 (Static) = 0.008340 | Cell 2 (Plastic) = 0.006563
Trial: 229, Time:29.876s
Trial 229: Cell 1 (Static) = 0.008365 | Cell 2 (Plastic) = 0.006582
Trial: 230, Time:30.020s
Trial 230: Cell 1 (Static) = 0.008390 | Cell 2 (Plastic) = 0.006602
Trial: 231, Time:29.929s
Trial 231: Cell 1 (Static) = 0.008415 | Cell 2 (Plastic) = 0.006622
Trial: 232, Time:29.940s
Trial 232: Cell 1 (Static) = 0.008440 | Cell 2 (Plastic) = 0.006642
Trial: 233, Time:30.060s
Trial 233: Cell 1 (Static) = 0.008466 | Cell 2 (Plastic) = 0.006662
Trial: 234, Time:30.213s
Trial 234: Cell 1 (Static) = 0.008491 | Cell 2 (Plastic) = 0.006682
Trial: 235, Time:30.058s
Trial 235: Cell 1 (Static) = 0.008517 | Cell 2 (Plastic) = 0.006702
Trial: 236, Time:30.082s
Trial 236: Cell 1 (Static) = 0.008542 | Cell 2 (Plastic) = 0.006722
Trial: 237, Time:30.056s
Trial 237: Cell 1 (Static) = 0.008568 | Cell 2 (Plastic) = 0.006742
Trial: 238, Time:30.057s
Trial 238: Cell 1 (Static) = 0.008594 | Cell 2 (Plastic) = 0.006762
Trial: 239, Time:30.319s
Trial 239: Cell 1 (Static) = 0.008619 | Cell 2 (Plastic) = 0.006783
Trial: 240, Time:30.299s
Trial 240: Cell 1 (Static) = 0.008645 | Cell 2 (Plastic) = 0.006803
Trial: 241, Time:30.343s
Trial 241: Cell 1 (Static) = 0.008671 | Cell 2 (Plastic) = 0.006823
Trial: 242, Time:30.690s
Trial 242: Cell 1 (Static) = 0.008697 | Cell 2 (Plastic) = 0.006844
Trial: 243, Time:30.808s
Trial 243: Cell 1 (Static) = 0.008723 | Cell 2 (Plastic) = 0.006864
Trial: 244, Time:30.620s
Trial 244: Cell 1 (Static) = 0.008749 | Cell 2 (Plastic) = 0.006885
Trial: 245, Time:30.617s
Trial 245: Cell 1 (Static) = 0.008776 | Cell 2 (Plastic) = 0.006906
Trial: 246, Time:30.710s
Trial 246: Cell 1 (Static) = 0.008802 | Cell 2 (Plastic) = 0.006926
Trial: 247, Time:30.682s
Trial 247: Cell 1 (Static) = 0.008828 | Cell 2 (Plastic) = 0.006947
Trial: 248, Time:30.729s
Trial 248: Cell 1 (Static) = 0.008855 | Cell 2 (Plastic) = 0.006968
Trial: 249, Time:30.751s
Trial 249: Cell 1 (Static) = 0.008828 | Cell 2 (Plastic) = 0.006989
Trial: 250, Time:30.641s
Trial 250: Cell 1 (Static) = 0.008802 | Cell 2 (Plastic) = 0.007010
Trial: 251, Time:30.798s
Trial 251: Cell 1 (Static) = 0.008776 | Cell 2 (Plastic) = 0.007031
Trial: 252, Time:31.947s
Trial 252: Cell 1 (Static) = 0.008749 | Cell 2 (Plastic) = 0.007052
Trial: 253, Time:32.129s
Trial 253: Cell 1 (Static) = 0.008723 | Cell 2 (Plastic) = 0.007073
Trial: 254, Time:32.164s
Trial 254: Cell 1 (Static) = 0.008697 | Cell 2 (Plastic) = 0.007094
Trial: 255, Time:32.076s
Trial 255: Cell 1 (Static) = 0.008671 | Cell 2 (Plastic) = 0.007116
Trial: 256, Time:31.976s
Trial 256: Cell 1 (Static) = 0.008645 | Cell 2 (Plastic) = 0.007137
Trial: 257, Time:32.048s
Trial 257: Cell 1 (Static) = 0.008619 | Cell 2 (Plastic) = 0.007158
Trial: 258, Time:32.140s
Trial 258: Cell 1 (Static) = 0.008594 | Cell 2 (Plastic) = 0.007180
Trial: 259, Time:32.105s
Trial 259: Cell 1 (Static) = 0.008568 | Cell 2 (Plastic) = 0.007201
Trial: 260, Time:32.471s
Trial 260: Cell 1 (Static) = 0.008594 | Cell 2 (Plastic) = 0.007223
Trial: 261, Time:32.362s
Trial 261: Cell 1 (Static) = 0.008619 | Cell 2 (Plastic) = 0.007245
Trial: 262, Time:32.061s
Trial 262: Cell 1 (Static) = 0.008594 | Cell 2 (Plastic) = 0.007266
Trial: 263, Time:32.029s
Trial 263: Cell 1 (Static) = 0.008568 | Cell 2 (Plastic) = 0.007288
Trial: 264, Time:32.867s
Trial 264: Cell 1 (Static) = 0.008542 | Cell 2 (Plastic) = 0.007310
Trial: 265, Time:33.108s
Trial 265: Cell 1 (Static) = 0.008517 | Cell 2 (Plastic) = 0.007332
Trial: 266, Time:32.978s
Trial 266: Cell 1 (Static) = 0.008491 | Cell 2 (Plastic) = 0.007354
Trial: 267, Time:32.691s
Trial 267: Cell 1 (Static) = 0.008466 | Cell 2 (Plastic) = 0.007376
Trial: 268, Time:32.237s
Trial 268: Cell 1 (Static) = 0.008491 | Cell 2 (Plastic) = 0.007398
Trial: 269, Time:32.253s
Trial 269: Cell 1 (Static) = 0.008517 | Cell 2 (Plastic) = 0.007420
Trial: 270, Time:32.373s
Trial 270: Cell 1 (Static) = 0.008491 | Cell 2 (Plastic) = 0.007443
Trial: 271, Time:32.557s
Trial 271: Cell 1 (Static) = 0.008466 | Cell 2 (Plastic) = 0.007465
Trial: 272, Time:32.875s
Trial 272: Cell 1 (Static) = 0.008440 | Cell 2 (Plastic) = 0.007487
Trial: 273, Time:32.464s
Trial 273: Cell 1 (Static) = 0.008415 | Cell 2 (Plastic) = 0.007510
Trial: 274, Time:32.420s
Trial 274: Cell 1 (Static) = 0.008390 | Cell 2 (Plastic) = 0.007532
Trial: 275, Time:32.318s
Trial 275: Cell 1 (Static) = 0.008365 | Cell 2 (Plastic) = 0.007555
Trial: 276, Time:32.255s
Trial 276: Cell 1 (Static) = 0.008340 | Cell 2 (Plastic) = 0.007578
Trial: 277, Time:32.843s
Trial 277: Cell 1 (Static) = 0.008315 | Cell 2 (Plastic) = 0.007600
Trial: 278, Time:33.115s
Trial 278: Cell 1 (Static) = 0.008290 | Cell 2 (Plastic) = 0.007623
Trial: 279, Time:33.273s
Trial 279: Cell 1 (Static) = 0.008265 | Cell 2 (Plastic) = 0.007646
Trial: 280, Time:32.941s
Trial 280: Cell 1 (Static) = 0.008241 | Cell 2 (Plastic) = 0.007669
Trial: 281, Time:33.370s
Trial 281: Cell 1 (Static) = 0.008216 | Cell 2 (Plastic) = 0.007692
Trial: 282, Time:33.285s
Trial 282: Cell 1 (Static) = 0.008191 | Cell 2 (Plastic) = 0.007715
Trial: 283, Time:32.964s
Trial 283: Cell 1 (Static) = 0.008167 | Cell 2 (Plastic) = 0.007738
Trial: 284, Time:32.606s
Trial 284: Cell 1 (Static) = 0.008142 | Cell 2 (Plastic) = 0.007761
Trial: 285, Time:33.400s
Trial 285: Cell 1 (Static) = 0.008167 | Cell 2 (Plastic) = 0.007785
Trial: 286, Time:33.582s
Trial 286: Cell 1 (Static) = 0.008191 | Cell 2 (Plastic) = 0.007808
Trial: 287, Time:32.982s
Trial 287: Cell 1 (Static) = 0.008167 | Cell 2 (Plastic) = 0.007831
Trial: 288, Time:33.228s
Trial 288: Cell 1 (Static) = 0.008142 | Cell 2 (Plastic) = 0.007855
Trial: 289, Time:33.866s
Trial 289: Cell 1 (Static) = 0.008118 | Cell 2 (Plastic) = 0.007879
Trial: 290, Time:33.744s
Trial 290: Cell 1 (Static) = 0.008094 | Cell 2 (Plastic) = 0.007902
Trial: 291, Time:33.118s
Trial 291: Cell 1 (Static) = 0.008070 | Cell 2 (Plastic) = 0.007926
Trial: 292, Time:32.921s
Trial 292: Cell 1 (Static) = 0.008045 | Cell 2 (Plastic) = 0.007950
Trial: 293, Time:32.920s
Trial 293: Cell 1 (Static) = 0.008021 | Cell 2 (Plastic) = 0.007973
Trial: 294, Time:32.937s
Trial 294: Cell 1 (Static) = 0.008045 | Cell 2 (Plastic) = 0.007997
Trial: 295, Time:32.956s
Trial 295: Cell 1 (Static) = 0.008070 | Cell 2 (Plastic) = 0.008021
Trial: 296, Time:33.614s
Trial 296: Cell 1 (Static) = 0.008094 | Cell 2 (Plastic) = 0.008045
Trial: 297, Time:34.399s
Trial 297: Cell 1 (Static) = 0.008070 | Cell 2 (Plastic) = 0.008070
Trial: 298, Time:33.940s
Trial 298: Cell 1 (Static) = 0.008045 | Cell 2 (Plastic) = 0.008094
Trial: 299, Time:33.580s
Trial 299: Cell 1 (Static) = 0.008021 | Cell 2 (Plastic) = 0.008118
Trial: 300, Time:33.201s
Trial 300: Cell 1 (Static) = 0.008045 | Cell 2 (Plastic) = 0.008142
Trial: 301, Time:33.365s
Trial 301: Cell 1 (Static) = 0.008021 | Cell 2 (Plastic) = 0.008167
Trial: 302, Time:35.884s
Trial 302: Cell 1 (Static) = 0.008045 | Cell 2 (Plastic) = 0.008191
Trial: 303, Time:36.182s
Trial 303: Cell 1 (Static) = 0.008070 | Cell 2 (Plastic) = 0.008216
Trial: 304, Time:36.021s
Trial 304: Cell 1 (Static) = 0.008094 | Cell 2 (Plastic) = 0.008241
Trial: 305, Time:35.991s
Trial 305: Cell 1 (Static) = 0.008118 | Cell 2 (Plastic) = 0.008265
Trial: 306, Time:36.126s
Trial 306: Cell 1 (Static) = 0.008094 | Cell 2 (Plastic) = 0.008290
Trial: 307, Time:36.166s
Trial 307: Cell 1 (Static) = 0.008070 | Cell 2 (Plastic) = 0.008315
Trial: 308, Time:35.905s
Trial 308: Cell 1 (Static) = 0.008045 | Cell 2 (Plastic) = 0.008340
Trial: 309, Time:36.464s
Trial 309: Cell 1 (Static) = 0.008070 | Cell 2 (Plastic) = 0.008365
Trial: 310, Time:36.523s
Trial 310: Cell 1 (Static) = 0.008094 | Cell 2 (Plastic) = 0.008390
Trial: 311, Time:35.730s
Trial 311: Cell 1 (Static) = 0.008070 | Cell 2 (Plastic) = 0.008415
Trial: 312, Time:35.309s
Trial 312: Cell 1 (Static) = 0.008045 | Cell 2 (Plastic) = 0.008440
Trial: 313, Time:35.221s
Trial 313: Cell 1 (Static) = 0.008070 | Cell 2 (Plastic) = 0.008466
Trial: 314, Time:35.151s
Trial 314: Cell 1 (Static) = 0.008094 | Cell 2 (Plastic) = 0.008491
Trial: 315, Time:35.148s
Trial 315: Cell 1 (Static) = 0.008118 | Cell 2 (Plastic) = 0.008517
Trial: 316, Time:35.232s
Trial 316: Cell 1 (Static) = 0.008142 | Cell 2 (Plastic) = 0.008542
Trial: 317, Time:35.094s
Trial 317: Cell 1 (Static) = 0.008118 | Cell 2 (Plastic) = 0.008568
Trial: 318, Time:35.001s
Trial 318: Cell 1 (Static) = 0.008094 | Cell 2 (Plastic) = 0.008594
Trial: 319, Time:35.247s
Trial 319: Cell 1 (Static) = 0.008070 | Cell 2 (Plastic) = 0.008619
Trial: 320, Time:35.447s
Trial 320: Cell 1 (Static) = 0.008045 | Cell 2 (Plastic) = 0.008645
Trial: 321, Time:35.421s
Trial 321: Cell 1 (Static) = 0.008021 | Cell 2 (Plastic) = 0.008671
Trial: 322, Time:35.495s
Trial 322: Cell 1 (Static) = 0.007997 | Cell 2 (Plastic) = 0.008697
Trial: 323, Time:35.600s
Trial 323: Cell 1 (Static) = 0.008021 | Cell 2 (Plastic) = 0.008723
Trial: 324, Time:35.411s
Trial 324: Cell 1 (Static) = 0.008045 | Cell 2 (Plastic) = 0.008749
Trial: 325, Time:35.539s
Trial 325: Cell 1 (Static) = 0.008070 | Cell 2 (Plastic) = 0.008776
Trial: 326, Time:35.623s
Trial 326: Cell 1 (Static) = 0.008094 | Cell 2 (Plastic) = 0.008802
Trial: 327, Time:35.627s
Trial 327: Cell 1 (Static) = 0.008118 | Cell 2 (Plastic) = 0.008828
Trial: 328, Time:35.547s
Trial 328: Cell 1 (Static) = 0.008094 | Cell 2 (Plastic) = 0.008855
Trial: 329, Time:35.658s
Trial 329: Cell 1 (Static) = 0.008070 | Cell 2 (Plastic) = 0.008881
Trial: 330, Time:35.651s
Trial 330: Cell 1 (Static) = 0.008045 | Cell 2 (Plastic) = 0.008908
Trial: 331, Time:35.644s
Trial 331: Cell 1 (Static) = 0.008021 | Cell 2 (Plastic) = 0.008935
Trial: 332, Time:35.628s
Trial 332: Cell 1 (Static) = 0.007997 | Cell 2 (Plastic) = 0.008962
Trial: 333, Time:35.710s
Trial 333: Cell 1 (Static) = 0.007973 | Cell 2 (Plastic) = 0.008988
Trial: 334, Time:35.591s
Trial 334: Cell 1 (Static) = 0.007950 | Cell 2 (Plastic) = 0.009015
Trial: 335, Time:35.671s
Trial 335: Cell 1 (Static) = 0.007973 | Cell 2 (Plastic) = 0.008988
Trial: 336, Time:35.771s
Trial 336: Cell 1 (Static) = 0.007997 | Cell 2 (Plastic) = 0.008962
Trial: 337, Time:35.688s
Trial 337: Cell 1 (Static) = 0.008021 | Cell 2 (Plastic) = 0.008935
Trial: 338, Time:35.707s
Trial 338: Cell 1 (Static) = 0.008045 | Cell 2 (Plastic) = 0.008908
Trial: 339, Time:35.881s
Trial 339: Cell 1 (Static) = 0.008070 | Cell 2 (Plastic) = 0.008881
Trial: 340, Time:35.951s
Trial 340: Cell 1 (Static) = 0.008094 | Cell 2 (Plastic) = 0.008855
Trial: 341, Time:36.170s
Trial 341: Cell 1 (Static) = 0.008118 | Cell 2 (Plastic) = 0.008828
Trial: 342, Time:36.107s
Trial 342: Cell 1 (Static) = 0.008142 | Cell 2 (Plastic) = 0.008802
Trial: 343, Time:36.021s
Trial 343: Cell 1 (Static) = 0.008167 | Cell 2 (Plastic) = 0.008776
Trial: 344, Time:36.221s
Trial 344: Cell 1 (Static) = 0.008191 | Cell 2 (Plastic) = 0.008749
Trial: 345, Time:36.455s
Trial 345: Cell 1 (Static) = 0.008216 | Cell 2 (Plastic) = 0.008723
Trial: 346, Time:36.389s
Trial 346: Cell 1 (Static) = 0.008241 | Cell 2 (Plastic) = 0.008697
Trial: 347, Time:36.331s
Trial 347: Cell 1 (Static) = 0.008265 | Cell 2 (Plastic) = 0.008671
Trial: 348, Time:36.346s
Trial 348: Cell 1 (Static) = 0.008290 | Cell 2 (Plastic) = 0.008645
Trial: 349, Time:36.318s
Trial 349: Cell 1 (Static) = 0.008315 | Cell 2 (Plastic) = 0.008619
Trial: 350, Time:36.422s
Trial 350: Cell 1 (Static) = 0.008340 | Cell 2 (Plastic) = 0.008594
Trial: 351, Time:36.520s
Trial 351: Cell 1 (Static) = 0.008315 | Cell 2 (Plastic) = 0.008568
Trial: 352, Time:37.168s
Trial 352: Cell 1 (Static) = 0.008290 | Cell 2 (Plastic) = 0.008542
Trial: 353, Time:37.533s
Trial 353: Cell 1 (Static) = 0.008265 | Cell 2 (Plastic) = 0.008517
Trial: 354, Time:37.432s
Trial 354: Cell 1 (Static) = 0.008241 | Cell 2 (Plastic) = 0.008491
Trial: 355, Time:37.412s
Trial 355: Cell 1 (Static) = 0.008265 | Cell 2 (Plastic) = 0.008466
Trial: 356, Time:37.333s
Trial 356: Cell 1 (Static) = 0.008290 | Cell 2 (Plastic) = 0.008440
Trial: 357, Time:37.208s
Trial 357: Cell 1 (Static) = 0.008315 | Cell 2 (Plastic) = 0.008415
Trial: 358, Time:37.244s
Trial 358: Cell 1 (Static) = 0.008340 | Cell 2 (Plastic) = 0.008390
Trial: 359, Time:37.133s
Trial 359: Cell 1 (Static) = 0.008365 | Cell 2 (Plastic) = 0.008365
Trial: 360, Time:37.095s
Trial 360: Cell 1 (Static) = 0.008390 | Cell 2 (Plastic) = 0.008340
Trial: 361, Time:37.118s
Trial 361: Cell 1 (Static) = 0.008415 | Cell 2 (Plastic) = 0.008315
Trial: 362, Time:37.093s
Trial 362: Cell 1 (Static) = 0.008440 | Cell 2 (Plastic) = 0.008290
Trial: 363, Time:36.905s
Trial 363: Cell 1 (Static) = 0.008466 | Cell 2 (Plastic) = 0.008265
Trial: 364, Time:36.918s
Trial 364: Cell 1 (Static) = 0.008491 | Cell 2 (Plastic) = 0.008241
Trial: 365, Time:36.923s
Trial 365: Cell 1 (Static) = 0.008517 | Cell 2 (Plastic) = 0.008265
Trial: 366, Time:36.871s
Trial 366: Cell 1 (Static) = 0.008542 | Cell 2 (Plastic) = 0.008290
Trial: 367, Time:36.999s
Trial 367: Cell 1 (Static) = 0.008568 | Cell 2 (Plastic) = 0.008315
Trial: 368, Time:36.925s
Trial 368: Cell 1 (Static) = 0.008594 | Cell 2 (Plastic) = 0.008340
Trial: 369, Time:36.851s
Trial 369: Cell 1 (Static) = 0.008619 | Cell 2 (Plastic) = 0.008365
Trial: 370, Time:37.062s
Trial 370: Cell 1 (Static) = 0.008645 | Cell 2 (Plastic) = 0.008390
Trial: 371, Time:37.070s
Trial 371: Cell 1 (Static) = 0.008671 | Cell 2 (Plastic) = 0.008415
Trial: 372, Time:37.005s
Trial 372: Cell 1 (Static) = 0.008697 | Cell 2 (Plastic) = 0.008390
Trial: 373, Time:37.165s
Trial 373: Cell 1 (Static) = 0.008723 | Cell 2 (Plastic) = 0.008365
Trial: 374, Time:37.295s
Trial 374: Cell 1 (Static) = 0.008749 | Cell 2 (Plastic) = 0.008365
Trial: 375, Time:37.218s
Trial 375: Cell 1 (Static) = 0.008776 | Cell 2 (Plastic) = 0.008390
Trial: 376, Time:37.230s
Trial 376: Cell 1 (Static) = 0.008802 | Cell 2 (Plastic) = 0.008365
Trial: 377, Time:37.198s
Trial 377: Cell 1 (Static) = 0.008828 | Cell 2 (Plastic) = 0.008340
Trial: 378, Time:37.092s
Trial 378: Cell 1 (Static) = 0.008855 | Cell 2 (Plastic) = 0.008315
Trial: 379, Time:37.322s
Trial 379: Cell 1 (Static) = 0.008881 | Cell 2 (Plastic) = 0.008290
Trial: 380, Time:37.309s
Trial 380: Cell 1 (Static) = 0.008908 | Cell 2 (Plastic) = 0.008265
Trial: 381, Time:37.332s
Trial 381: Cell 1 (Static) = 0.008881 | Cell 2 (Plastic) = 0.008290
Trial: 382, Time:37.505s
Trial 382: Cell 1 (Static) = 0.008855 | Cell 2 (Plastic) = 0.008315
Trial: 383, Time:37.439s
Trial 383: Cell 1 (Static) = 0.008828 | Cell 2 (Plastic) = 0.008340
Trial: 384, Time:37.377s
Trial 384: Cell 1 (Static) = 0.008802 | Cell 2 (Plastic) = 0.008365
Trial: 385, Time:37.488s
Trial 385: Cell 1 (Static) = 0.008776 | Cell 2 (Plastic) = 0.008390
Trial: 386, Time:37.413s
Trial 386: Cell 1 (Static) = 0.008749 | Cell 2 (Plastic) = 0.008415
Trial: 387, Time:37.516s
Trial 387: Cell 1 (Static) = 0.008723 | Cell 2 (Plastic) = 0.008440
Trial: 388, Time:37.625s
Trial 388: Cell 1 (Static) = 0.008697 | Cell 2 (Plastic) = 0.008466
Trial: 389, Time:37.539s
Trial 389: Cell 1 (Static) = 0.008671 | Cell 2 (Plastic) = 0.008491
Trial: 390, Time:37.455s
Trial 390: Cell 1 (Static) = 0.008645 | Cell 2 (Plastic) = 0.008517
Trial: 391, Time:37.581s
Trial 391: Cell 1 (Static) = 0.008619 | Cell 2 (Plastic) = 0.008542
Trial: 392, Time:37.634s
Trial 392: Cell 1 (Static) = 0.008594 | Cell 2 (Plastic) = 0.008568
Trial: 393, Time:37.653s
Trial 393: Cell 1 (Static) = 0.008568 | Cell 2 (Plastic) = 0.008594
Trial: 394, Time:37.620s
Trial 394: Cell 1 (Static) = 0.008542 | Cell 2 (Plastic) = 0.008619
Trial: 395, Time:37.912s
Trial 395: Cell 1 (Static) = 0.008517 | Cell 2 (Plastic) = 0.008645
Trial: 396, Time:37.930s
Trial 396: Cell 1 (Static) = 0.008491 | Cell 2 (Plastic) = 0.008671
Trial: 397, Time:38.019s
Trial 397: Cell 1 (Static) = 0.008466 | Cell 2 (Plastic) = 0.008697
Trial: 398, Time:38.179s
Trial 398: Cell 1 (Static) = 0.008440 | Cell 2 (Plastic) = 0.008723
Trial: 399, Time:37.898s
Trial 399: Cell 1 (Static) = 0.008415 | Cell 2 (Plastic) = 0.008749
Trial: 400, Time:37.900s
Trial 400: Cell 1 (Static) = 0.008390 | Cell 2 (Plastic) = 0.008776
Trial: 401, Time:37.862s
Trial 401: Cell 1 (Static) = 0.008415 | Cell 2 (Plastic) = 0.008749
Trial: 402, Time:39.517s
Trial 402: Cell 1 (Static) = 0.008440 | Cell 2 (Plastic) = 0.008723
Trial: 403, Time:39.818s
Trial 403: Cell 1 (Static) = 0.008466 | Cell 2 (Plastic) = 0.008697
Trial: 404, Time:39.781s
Trial 404: Cell 1 (Static) = 0.008491 | Cell 2 (Plastic) = 0.008671
Trial: 405, Time:39.771s
Trial 405: Cell 1 (Static) = 0.008517 | Cell 2 (Plastic) = 0.008645
Trial: 406, Time:39.543s
Trial 406: Cell 1 (Static) = 0.008542 | Cell 2 (Plastic) = 0.008619
Trial: 407, Time:39.569s
Trial 407: Cell 1 (Static) = 0.008568 | Cell 2 (Plastic) = 0.008594
Trial: 408, Time:39.487s
Trial 408: Cell 1 (Static) = 0.008594 | Cell 2 (Plastic) = 0.008568
Trial: 409, Time:39.376s
Trial 409: Cell 1 (Static) = 0.008619 | Cell 2 (Plastic) = 0.008542
Trial: 410, Time:39.290s
Trial 410: Cell 1 (Static) = 0.008645 | Cell 2 (Plastic) = 0.008517
Trial: 411, Time:39.571s
Trial 411: Cell 1 (Static) = 0.008671 | Cell 2 (Plastic) = 0.008491
Trial: 412, Time:39.483s
Trial 412: Cell 1 (Static) = 0.008697 | Cell 2 (Plastic) = 0.008466
Trial: 413, Time:39.449s
Trial 413: Cell 1 (Static) = 0.008723 | Cell 2 (Plastic) = 0.008440
Trial: 414, Time:39.339s
Trial 414: Cell 1 (Static) = 0.008749 | Cell 2 (Plastic) = 0.008415
Trial: 415, Time:39.387s
Trial 415: Cell 1 (Static) = 0.008776 | Cell 2 (Plastic) = 0.008390
Trial: 416, Time:39.272s
Trial 416: Cell 1 (Static) = 0.008802 | Cell 2 (Plastic) = 0.008365
Trial: 417, Time:39.293s
Trial 417: Cell 1 (Static) = 0.008828 | Cell 2 (Plastic) = 0.008340
Trial: 418, Time:39.453s
Trial 418: Cell 1 (Static) = 0.008855 | Cell 2 (Plastic) = 0.008315
Trial: 419, Time:39.423s
Trial 419: Cell 1 (Static) = 0.008881 | Cell 2 (Plastic) = 0.008290
Trial: 420, Time:39.550s
Trial 420: Cell 1 (Static) = 0.008908 | Cell 2 (Plastic) = 0.008265
Trial: 421, Time:39.424s
Trial 421: Cell 1 (Static) = 0.008935 | Cell 2 (Plastic) = 0.008290
Trial: 422, Time:39.605s
Trial 422: Cell 1 (Static) = 0.008962 | Cell 2 (Plastic) = 0.008315
Trial: 423, Time:39.664s
Trial 423: Cell 1 (Static) = 0.008988 | Cell 2 (Plastic) = 0.008340
Trial: 424, Time:39.635s
Trial 424: Cell 1 (Static) = 0.009015 | Cell 2 (Plastic) = 0.008365
Trial: 425, Time:39.625s
Trial 425: Cell 1 (Static) = 0.009042 | Cell 2 (Plastic) = 0.008390
Trial: 426, Time:39.476s
Trial 426: Cell 1 (Static) = 0.009070 | Cell 2 (Plastic) = 0.008415
Trial: 427, Time:39.468s
Trial 427: Cell 1 (Static) = 0.009097 | Cell 2 (Plastic) = 0.008440
Trial: 428, Time:39.514s
Trial 428: Cell 1 (Static) = 0.009124 | Cell 2 (Plastic) = 0.008415
Trial: 429, Time:39.471s
Trial 429: Cell 1 (Static) = 0.009151 | Cell 2 (Plastic) = 0.008440
Trial: 430, Time:39.400s
Trial 430: Cell 1 (Static) = 0.009179 | Cell 2 (Plastic) = 0.008440
Trial: 431, Time:39.357s
Trial 431: Cell 1 (Static) = 0.009206 | Cell 2 (Plastic) = 0.008415
Trial: 432, Time:39.384s
Trial 432: Cell 1 (Static) = 0.009234 | Cell 2 (Plastic) = 0.008390
Trial: 433, Time:39.467s
Trial 433: Cell 1 (Static) = 0.009262 | Cell 2 (Plastic) = 0.008365
Trial: 434, Time:39.954s
Trial 434: Cell 1 (Static) = 0.009290 | Cell 2 (Plastic) = 0.008340
Trial: 435, Time:39.830s
Trial 435: Cell 1 (Static) = 0.009317 | Cell 2 (Plastic) = 0.008315
Trial: 436, Time:39.707s
Trial 436: Cell 1 (Static) = 0.009345 | Cell 2 (Plastic) = 0.008290
Trial: 437, Time:39.755s
Trial 437: Cell 1 (Static) = 0.009373 | Cell 2 (Plastic) = 0.008265
Trial: 438, Time:39.822s
Trial 438: Cell 1 (Static) = 0.009402 | Cell 2 (Plastic) = 0.008241
Trial: 439, Time:40.030s
Trial 439: Cell 1 (Static) = 0.009430 | Cell 2 (Plastic) = 0.008216
Trial: 440, Time:40.197s
Trial 440: Cell 1 (Static) = 0.009458 | Cell 2 (Plastic) = 0.008191
Trial: 441, Time:40.202s
Trial 441: Cell 1 (Static) = 0.009486 | Cell 2 (Plastic) = 0.008167
Trial: 442, Time:40.109s
Trial 442: Cell 1 (Static) = 0.009515 | Cell 2 (Plastic) = 0.008191
Trial: 443, Time:40.036s
Trial 443: Cell 1 (Static) = 0.009543 | Cell 2 (Plastic) = 0.008167
Trial: 444, Time:40.081s
Trial 444: Cell 1 (Static) = 0.009572 | Cell 2 (Plastic) = 0.008142
Trial: 445, Time:40.026s
Trial 445: Cell 1 (Static) = 0.009601 | Cell 2 (Plastic) = 0.008118
Trial: 446, Time:40.037s
Trial 446: Cell 1 (Static) = 0.009630 | Cell 2 (Plastic) = 0.008094
Trial: 447, Time:40.035s
Trial 447: Cell 1 (Static) = 0.009658 | Cell 2 (Plastic) = 0.008070
Trial: 448, Time:40.052s
Trial 448: Cell 1 (Static) = 0.009687 | Cell 2 (Plastic) = 0.008045
Trial: 449, Time:40.064s
Trial 449: Cell 1 (Static) = 0.009717 | Cell 2 (Plastic) = 0.008021
Trial: 450, Time:40.035s
Trial 450: Cell 1 (Static) = 0.009746 | Cell 2 (Plastic) = 0.007997
Trial: 451, Time:40.041s
Trial 451: Cell 1 (Static) = 0.009775 | Cell 2 (Plastic) = 0.008021
Trial: 452, Time:41.556s
Trial 452: Cell 1 (Static) = 0.009804 | Cell 2 (Plastic) = 0.008045
Trial: 453, Time:41.358s
Trial 453: Cell 1 (Static) = 0.009834 | Cell 2 (Plastic) = 0.008070
Trial: 454, Time:41.187s
Trial 454: Cell 1 (Static) = 0.009863 | Cell 2 (Plastic) = 0.008094
Trial: 455, Time:41.214s
Trial 455: Cell 1 (Static) = 0.009893 | Cell 2 (Plastic) = 0.008118
Trial: 456, Time:41.017s
Trial 456: Cell 1 (Static) = 0.009922 | Cell 2 (Plastic) = 0.008142
Trial: 457, Time:40.932s
Trial 457: Cell 1 (Static) = 0.009952 | Cell 2 (Plastic) = 0.008167
Trial: 458, Time:40.837s
Trial 458: Cell 1 (Static) = 0.009982 | Cell 2 (Plastic) = 0.008191
Trial: 459, Time:40.747s
Trial 459: Cell 1 (Static) = 0.010012 | Cell 2 (Plastic) = 0.008216
Trial: 460, Time:40.710s
Trial 460: Cell 1 (Static) = 0.010042 | Cell 2 (Plastic) = 0.008241
Trial: 461, Time:40.708s
Trial 461: Cell 1 (Static) = 0.010072 | Cell 2 (Plastic) = 0.008265
Trial: 462, Time:40.817s
Trial 462: Cell 1 (Static) = 0.010102 | Cell 2 (Plastic) = 0.008290
Trial: 463, Time:40.809s
Trial 463: Cell 1 (Static) = 0.010133 | Cell 2 (Plastic) = 0.008315
Trial: 464, Time:40.927s
Trial 464: Cell 1 (Static) = 0.010163 | Cell 2 (Plastic) = 0.008340
Trial: 465, Time:41.080s
Trial 465: Cell 1 (Static) = 0.010194 | Cell 2 (Plastic) = 0.008365
Trial: 466, Time:41.099s
Trial 466: Cell 1 (Static) = 0.010224 | Cell 2 (Plastic) = 0.008390
Trial: 467, Time:41.067s
Trial 467: Cell 1 (Static) = 0.010255 | Cell 2 (Plastic) = 0.008415
Trial: 468, Time:41.023s
Trial 468: Cell 1 (Static) = 0.010286 | Cell 2 (Plastic) = 0.008440
Trial: 469, Time:41.069s
Trial 469: Cell 1 (Static) = 0.010316 | Cell 2 (Plastic) = 0.008466
Trial: 470, Time:41.052s
Trial 470: Cell 1 (Static) = 0.010347 | Cell 2 (Plastic) = 0.008491
Trial: 471, Time:41.142s
Trial 471: Cell 1 (Static) = 0.010316 | Cell 2 (Plastic) = 0.008517
Trial: 472, Time:41.261s
Trial 472: Cell 1 (Static) = 0.010347 | Cell 2 (Plastic) = 0.008542
Trial: 473, Time:41.036s
Trial 473: Cell 1 (Static) = 0.010378 | Cell 2 (Plastic) = 0.008568
Trial: 474, Time:40.980s
Trial 474: Cell 1 (Static) = 0.010410 | Cell 2 (Plastic) = 0.008594
Trial: 475, Time:41.030s
Trial 475: Cell 1 (Static) = 0.010441 | Cell 2 (Plastic) = 0.008619
Trial: 476, Time:40.990s
Trial 476: Cell 1 (Static) = 0.010410 | Cell 2 (Plastic) = 0.008645
Trial: 477, Time:41.032s
Trial 477: Cell 1 (Static) = 0.010378 | Cell 2 (Plastic) = 0.008619
Trial: 478, Time:41.018s
Trial 478: Cell 1 (Static) = 0.010347 | Cell 2 (Plastic) = 0.008645
Trial: 479, Time:40.792s
Trial 479: Cell 1 (Static) = 0.010378 | Cell 2 (Plastic) = 0.008671
Trial: 480, Time:40.726s
Trial 480: Cell 1 (Static) = 0.010410 | Cell 2 (Plastic) = 0.008697
Trial: 481, Time:40.849s
Trial 481: Cell 1 (Static) = 0.010441 | Cell 2 (Plastic) = 0.008723
Trial: 482, Time:40.812s
Trial 482: Cell 1 (Static) = 0.010410 | Cell 2 (Plastic) = 0.008749
Trial: 483, Time:40.973s
Trial 483: Cell 1 (Static) = 0.010441 | Cell 2 (Plastic) = 0.008776
Trial: 484, Time:41.072s
Trial 484: Cell 1 (Static) = 0.010472 | Cell 2 (Plastic) = 0.008802
Trial: 485, Time:41.016s
Trial 485: Cell 1 (Static) = 0.010504 | Cell 2 (Plastic) = 0.008828
Trial: 486, Time:41.133s
Trial 486: Cell 1 (Static) = 0.010535 | Cell 2 (Plastic) = 0.008855
Trial: 487, Time:41.197s
Trial 487: Cell 1 (Static) = 0.010567 | Cell 2 (Plastic) = 0.008881
Trial: 488, Time:41.295s
Trial 488: Cell 1 (Static) = 0.010535 | Cell 2 (Plastic) = 0.008908
Trial: 489, Time:41.236s
Trial 489: Cell 1 (Static) = 0.010504 | Cell 2 (Plastic) = 0.008935
Trial: 490, Time:40.481s
Trial 490: Cell 1 (Static) = 0.010472 | Cell 2 (Plastic) = 0.008962
Trial: 491, Time:40.332s
Trial 491: Cell 1 (Static) = 0.010441 | Cell 2 (Plastic) = 0.008988
Trial: 492, Time:40.198s
Trial 492: Cell 1 (Static) = 0.010410 | Cell 2 (Plastic) = 0.009015
Trial: 493, Time:40.202s
Trial 493: Cell 1 (Static) = 0.010441 | Cell 2 (Plastic) = 0.009042
Trial: 494, Time:40.364s
Trial 494: Cell 1 (Static) = 0.010472 | Cell 2 (Plastic) = 0.009070
Trial: 495, Time:40.403s
Trial 495: Cell 1 (Static) = 0.010504 | Cell 2 (Plastic) = 0.009097
Trial: 496, Time:40.405s
Trial 496: Cell 1 (Static) = 0.010535 | Cell 2 (Plastic) = 0.009124
Trial: 497, Time:40.464s
Trial 497: Cell 1 (Static) = 0.010567 | Cell 2 (Plastic) = 0.009151
Trial: 498, Time:40.364s
Trial 498: Cell 1 (Static) = 0.010598 | Cell 2 (Plastic) = 0.009179
Trial: 499, Time:40.313s
Trial 499: Cell 1 (Static) = 0.010630 | Cell 2 (Plastic) = 0.009206
Trial: 500, Time:40.285s
Trial 500: Cell 1 (Static) = 0.010662 | Cell 2 (Plastic) = 0.009234
Trial: 501, Time:40.247s
Trial 501: Cell 1 (Static) = 0.010694 | Cell 2 (Plastic) = 0.009206
Trial: 502, Time:40.984s
Trial 502: Cell 1 (Static) = 0.010726 | Cell 2 (Plastic) = 0.009179
Trial: 503, Time:41.349s
Trial 503: Cell 1 (Static) = 0.010758 | Cell 2 (Plastic) = 0.009151
Trial: 504, Time:41.283s
Trial 504: Cell 1 (Static) = 0.010791 | Cell 2 (Plastic) = 0.009124
Trial: 505, Time:41.261s
Trial 505: Cell 1 (Static) = 0.010823 | Cell 2 (Plastic) = 0.009097
Trial: 506, Time:41.083s
Trial 506: Cell 1 (Static) = 0.010855 | Cell 2 (Plastic) = 0.009070
Trial: 507, Time:40.954s
Trial 507: Cell 1 (Static) = 0.010888 | Cell 2 (Plastic) = 0.009042
Trial: 508, Time:40.900s
Trial 508: Cell 1 (Static) = 0.010921 | Cell 2 (Plastic) = 0.009015
Trial: 509, Time:40.870s
Trial 509: Cell 1 (Static) = 0.010953 | Cell 2 (Plastic) = 0.008988
Trial: 510, Time:41.003s
Trial 510: Cell 1 (Static) = 0.010986 | Cell 2 (Plastic) = 0.009015
Trial: 511, Time:41.024s
Trial 511: Cell 1 (Static) = 0.011019 | Cell 2 (Plastic) = 0.009042
Trial: 512, Time:40.893s
Trial 512: Cell 1 (Static) = 0.011052 | Cell 2 (Plastic) = 0.009070
Trial: 513, Time:40.838s
Trial 513: Cell 1 (Static) = 0.011085 | Cell 2 (Plastic) = 0.009097
Trial: 514, Time:40.982s
Trial 514: Cell 1 (Static) = 0.011119 | Cell 2 (Plastic) = 0.009124
Trial: 515, Time:40.925s
Trial 515: Cell 1 (Static) = 0.011152 | Cell 2 (Plastic) = 0.009151
Trial: 516, Time:40.823s
Trial 516: Cell 1 (Static) = 0.011185 | Cell 2 (Plastic) = 0.009179
Trial: 517, Time:40.710s
Trial 517: Cell 1 (Static) = 0.011219 | Cell 2 (Plastic) = 0.009206
Trial: 518, Time:40.653s
Trial 518: Cell 1 (Static) = 0.011185 | Cell 2 (Plastic) = 0.009234
Trial: 519, Time:40.595s
Trial 519: Cell 1 (Static) = 0.011152 | Cell 2 (Plastic) = 0.009262
Trial: 520, Time:40.842s
Trial 520: Cell 1 (Static) = 0.011119 | Cell 2 (Plastic) = 0.009290
Trial: 521, Time:40.763s
Trial 521: Cell 1 (Static) = 0.011085 | Cell 2 (Plastic) = 0.009317
Trial: 522, Time:40.965s
Trial 522: Cell 1 (Static) = 0.011052 | Cell 2 (Plastic) = 0.009345
Trial: 523, Time:41.168s
Trial 523: Cell 1 (Static) = 0.011019 | Cell 2 (Plastic) = 0.009317
Trial: 524, Time:41.270s
Trial 524: Cell 1 (Static) = 0.011052 | Cell 2 (Plastic) = 0.009290
Trial: 525, Time:41.046s
Trial 525: Cell 1 (Static) = 0.011085 | Cell 2 (Plastic) = 0.009262
Trial: 526, Time:41.066s
Trial 526: Cell 1 (Static) = 0.011119 | Cell 2 (Plastic) = 0.009234
Trial: 527, Time:41.026s
Trial 527: Cell 1 (Static) = 0.011152 | Cell 2 (Plastic) = 0.009206
Trial: 528, Time:40.671s
Trial 528: Cell 1 (Static) = 0.011185 | Cell 2 (Plastic) = 0.009179
Trial: 529, Time:40.791s
Trial 529: Cell 1 (Static) = 0.011219 | Cell 2 (Plastic) = 0.009151
Trial: 530, Time:40.986s
Trial 530: Cell 1 (Static) = 0.011253 | Cell 2 (Plastic) = 0.009179
Trial: 531, Time:41.135s
Trial 531: Cell 1 (Static) = 0.011286 | Cell 2 (Plastic) = 0.009206
Trial: 532, Time:41.291s
Trial 532: Cell 1 (Static) = 0.011320 | Cell 2 (Plastic) = 0.009234
Trial: 533, Time:41.271s
Trial 533: Cell 1 (Static) = 0.011354 | Cell 2 (Plastic) = 0.009262
Trial: 534, Time:41.323s
Trial 534: Cell 1 (Static) = 0.011388 | Cell 2 (Plastic) = 0.009290
Trial: 535, Time:41.486s
Trial 535: Cell 1 (Static) = 0.011422 | Cell 2 (Plastic) = 0.009317
Trial: 536, Time:41.338s
Trial 536: Cell 1 (Static) = 0.011457 | Cell 2 (Plastic) = 0.009345
Trial: 537, Time:41.092s
Trial 537: Cell 1 (Static) = 0.011491 | Cell 2 (Plastic) = 0.009373
Trial: 538, Time:41.251s
Trial 538: Cell 1 (Static) = 0.011526 | Cell 2 (Plastic) = 0.009402
Trial: 539, Time:41.168s
Trial 539: Cell 1 (Static) = 0.011560 | Cell 2 (Plastic) = 0.009430
Trial: 540, Time:41.069s
Trial 540: Cell 1 (Static) = 0.011595 | Cell 2 (Plastic) = 0.009458
Trial: 541, Time:41.541s
Trial 541: Cell 1 (Static) = 0.011630 | Cell 2 (Plastic) = 0.009486
Trial: 542, Time:41.506s
Trial 542: Cell 1 (Static) = 0.011665 | Cell 2 (Plastic) = 0.009515
Trial: 543, Time:41.612s
Trial 543: Cell 1 (Static) = 0.011630 | Cell 2 (Plastic) = 0.009543
Trial: 544, Time:41.728s
Trial 544: Cell 1 (Static) = 0.011595 | Cell 2 (Plastic) = 0.009572
Trial: 545, Time:41.627s
Trial 545: Cell 1 (Static) = 0.011560 | Cell 2 (Plastic) = 0.009601
Trial: 546, Time:41.441s
Trial 546: Cell 1 (Static) = 0.011526 | Cell 2 (Plastic) = 0.009630
Trial: 547, Time:41.476s
Trial 547: Cell 1 (Static) = 0.011491 | Cell 2 (Plastic) = 0.009658
Trial: 548, Time:41.708s
Trial 548: Cell 1 (Static) = 0.011526 | Cell 2 (Plastic) = 0.009687
Trial: 549, Time:41.603s
Trial 549: Cell 1 (Static) = 0.011560 | Cell 2 (Plastic) = 0.009717
Trial: 550, Time:41.888s
Trial 550: Cell 1 (Static) = 0.011595 | Cell 2 (Plastic) = 0.009746
Trial: 551, Time:41.816s
Trial 551: Cell 1 (Static) = 0.011630 | Cell 2 (Plastic) = 0.009717
Trial: 552, Time:43.460s
Trial 552: Cell 1 (Static) = 0.011665 | Cell 2 (Plastic) = 0.009687
Trial: 553, Time:43.747s
Trial 553: Cell 1 (Static) = 0.011700 | Cell 2 (Plastic) = 0.009658
Trial: 554, Time:43.676s
Trial 554: Cell 1 (Static) = 0.011735 | Cell 2 (Plastic) = 0.009630
Trial: 555, Time:43.551s
Trial 555: Cell 1 (Static) = 0.011770 | Cell 2 (Plastic) = 0.009601
Trial: 556, Time:43.676s
Trial 556: Cell 1 (Static) = 0.011805 | Cell 2 (Plastic) = 0.009572
Trial: 557, Time:43.662s
Trial 557: Cell 1 (Static) = 0.011841 | Cell 2 (Plastic) = 0.009543
Trial: 558, Time:43.515s
Trial 558: Cell 1 (Static) = 0.011876 | Cell 2 (Plastic) = 0.009515
Trial: 559, Time:43.512s
Trial 559: Cell 1 (Static) = 0.011912 | Cell 2 (Plastic) = 0.009486
Trial: 560, Time:43.330s
Trial 560: Cell 1 (Static) = 0.011947 | Cell 2 (Plastic) = 0.009458
Trial: 561, Time:43.069s
Trial 561: Cell 1 (Static) = 0.011983 | Cell 2 (Plastic) = 0.009430
Trial: 562, Time:43.074s
Trial 562: Cell 1 (Static) = 0.012019 | Cell 2 (Plastic) = 0.009402
Trial: 563, Time:43.030s
Trial 563: Cell 1 (Static) = 0.012055 | Cell 2 (Plastic) = 0.009373
Trial: 564, Time:42.996s
Trial 564: Cell 1 (Static) = 0.012091 | Cell 2 (Plastic) = 0.009345
Trial: 565, Time:43.064s
Trial 565: Cell 1 (Static) = 0.012055 | Cell 2 (Plastic) = 0.009317
Trial: 566, Time:42.876s
Trial 566: Cell 1 (Static) = 0.012019 | Cell 2 (Plastic) = 0.009290
Trial: 567, Time:43.058s
Trial 567: Cell 1 (Static) = 0.012055 | Cell 2 (Plastic) = 0.009262
Trial: 568, Time:43.144s
Trial 568: Cell 1 (Static) = 0.012091 | Cell 2 (Plastic) = 0.009234
Trial: 569, Time:43.127s
Trial 569: Cell 1 (Static) = 0.012128 | Cell 2 (Plastic) = 0.009206
Trial: 570, Time:42.908s
Trial 570: Cell 1 (Static) = 0.012164 | Cell 2 (Plastic) = 0.009179
Trial: 571, Time:43.432s
Trial 571: Cell 1 (Static) = 0.012201 | Cell 2 (Plastic) = 0.009151
Trial: 572, Time:43.339s
Trial 572: Cell 1 (Static) = 0.012237 | Cell 2 (Plastic) = 0.009124
Trial: 573, Time:43.222s
Trial 573: Cell 1 (Static) = 0.012274 | Cell 2 (Plastic) = 0.009151
Trial: 574, Time:43.300s
Trial 574: Cell 1 (Static) = 0.012311 | Cell 2 (Plastic) = 0.009179
Trial: 575, Time:43.553s
Trial 575: Cell 1 (Static) = 0.012274 | Cell 2 (Plastic) = 0.009206
Trial: 576, Time:43.309s
Trial 576: Cell 1 (Static) = 0.012237 | Cell 2 (Plastic) = 0.009234
Trial: 577, Time:43.314s
Trial 577: Cell 1 (Static) = 0.012201 | Cell 2 (Plastic) = 0.009262
Trial: 578, Time:43.269s
Trial 578: Cell 1 (Static) = 0.012164 | Cell 2 (Plastic) = 0.009290
Trial: 579, Time:43.364s
Trial 579: Cell 1 (Static) = 0.012128 | Cell 2 (Plastic) = 0.009317
Trial: 580, Time:43.586s
Trial 580: Cell 1 (Static) = 0.012091 | Cell 2 (Plastic) = 0.009345
Trial: 581, Time:43.419s
Trial 581: Cell 1 (Static) = 0.012055 | Cell 2 (Plastic) = 0.009317
Trial: 582, Time:43.547s
Trial 582: Cell 1 (Static) = 0.012019 | Cell 2 (Plastic) = 0.009290
Trial: 583, Time:43.780s
Trial 583: Cell 1 (Static) = 0.011983 | Cell 2 (Plastic) = 0.009262
Trial: 584, Time:43.757s
Trial 584: Cell 1 (Static) = 0.011947 | Cell 2 (Plastic) = 0.009234
Trial: 585, Time:43.727s
Trial 585: Cell 1 (Static) = 0.011983 | Cell 2 (Plastic) = 0.009206
Trial: 586, Time:43.797s
Trial 586: Cell 1 (Static) = 0.012019 | Cell 2 (Plastic) = 0.009179
Trial: 587, Time:43.535s
Trial 587: Cell 1 (Static) = 0.011983 | Cell 2 (Plastic) = 0.009151
Trial: 588, Time:43.575s
Trial 588: Cell 1 (Static) = 0.011947 | Cell 2 (Plastic) = 0.009151
Trial: 589, Time:43.573s
Trial 589: Cell 1 (Static) = 0.011983 | Cell 2 (Plastic) = 0.009179
Trial: 590, Time:43.433s
Trial 590: Cell 1 (Static) = 0.011947 | Cell 2 (Plastic) = 0.009206
Trial: 591, Time:43.530s
Trial 591: Cell 1 (Static) = 0.011983 | Cell 2 (Plastic) = 0.009234
Trial: 592, Time:43.499s
Trial 592: Cell 1 (Static) = 0.012019 | Cell 2 (Plastic) = 0.009262
Trial: 593, Time:43.549s
Trial 593: Cell 1 (Static) = 0.012055 | Cell 2 (Plastic) = 0.009290
Trial: 594, Time:43.817s
Trial 594: Cell 1 (Static) = 0.012019 | Cell 2 (Plastic) = 0.009317
Trial: 595, Time:44.065s
Trial 595: Cell 1 (Static) = 0.011983 | Cell 2 (Plastic) = 0.009345
Trial: 596, Time:43.905s
Trial 596: Cell 1 (Static) = 0.011947 | Cell 2 (Plastic) = 0.009373
Trial: 597, Time:43.659s
Trial 597: Cell 1 (Static) = 0.011912 | Cell 2 (Plastic) = 0.009402
Trial: 598, Time:43.936s
Trial 598: Cell 1 (Static) = 0.011876 | Cell 2 (Plastic) = 0.009430
Trial: 599, Time:44.082s
Trial 599: Cell 1 (Static) = 0.011841 | Cell 2 (Plastic) = 0.009458
Trial: 600, Time:44.013s
Trial 600: Cell 1 (Static) = 0.011805 | Cell 2 (Plastic) = 0.009486
Trial: 601, Time:44.065s
Trial 601: Cell 1 (Static) = 0.011770 | Cell 2 (Plastic) = 0.009515
Trial: 602, Time:44.604s
Trial 602: Cell 1 (Static) = 0.011735 | Cell 2 (Plastic) = 0.009543
Trial: 603, Time:44.654s
Trial 603: Cell 1 (Static) = 0.011770 | Cell 2 (Plastic) = 0.009515
Trial: 604, Time:44.846s
Trial 604: Cell 1 (Static) = 0.011805 | Cell 2 (Plastic) = 0.009543
Trial: 605, Time:44.796s
Trial 605: Cell 1 (Static) = 0.011841 | Cell 2 (Plastic) = 0.009515
Trial: 606, Time:44.744s
Trial 606: Cell 1 (Static) = 0.011876 | Cell 2 (Plastic) = 0.009515
Trial: 607, Time:44.766s
Trial 607: Cell 1 (Static) = 0.011912 | Cell 2 (Plastic) = 0.009543
Trial: 608, Time:44.624s
Trial 608: Cell 1 (Static) = 0.011947 | Cell 2 (Plastic) = 0.009572
Trial: 609, Time:44.596s
Trial 609: Cell 1 (Static) = 0.011983 | Cell 2 (Plastic) = 0.009601
Trial: 610, Time:44.575s
Trial 610: Cell 1 (Static) = 0.012019 | Cell 2 (Plastic) = 0.009630
Trial: 611, Time:44.475s
Trial 611: Cell 1 (Static) = 0.012055 | Cell 2 (Plastic) = 0.009658
Trial: 612, Time:44.421s
Trial 612: Cell 1 (Static) = 0.012091 | Cell 2 (Plastic) = 0.009687
Trial: 613, Time:44.294s
Trial 613: Cell 1 (Static) = 0.012055 | Cell 2 (Plastic) = 0.009717
Trial: 614, Time:44.379s
Trial 614: Cell 1 (Static) = 0.012019 | Cell 2 (Plastic) = 0.009746
Trial: 615, Time:44.447s
Trial 615: Cell 1 (Static) = 0.011983 | Cell 2 (Plastic) = 0.009775
Trial: 616, Time:44.539s
Trial 616: Cell 1 (Static) = 0.011947 | Cell 2 (Plastic) = 0.009804
Trial: 617, Time:44.522s
Trial 617: Cell 1 (Static) = 0.011912 | Cell 2 (Plastic) = 0.009834
Trial: 618, Time:44.568s
Trial 618: Cell 1 (Static) = 0.011876 | Cell 2 (Plastic) = 0.009863
Trial: 619, Time:44.357s
Trial 619: Cell 1 (Static) = 0.011841 | Cell 2 (Plastic) = 0.009893
Trial: 620, Time:44.391s
Trial 620: Cell 1 (Static) = 0.011805 | Cell 2 (Plastic) = 0.009922
Trial: 621, Time:44.566s
Trial 621: Cell 1 (Static) = 0.011770 | Cell 2 (Plastic) = 0.009952
Trial: 622, Time:44.528s
Trial 622: Cell 1 (Static) = 0.011735 | Cell 2 (Plastic) = 0.009982
Trial: 623, Time:44.470s
Trial 623: Cell 1 (Static) = 0.011700 | Cell 2 (Plastic) = 0.010012
Trial: 624, Time:44.335s
Trial 624: Cell 1 (Static) = 0.011665 | Cell 2 (Plastic) = 0.010042
Trial: 625, Time:44.612s
Trial 625: Cell 1 (Static) = 0.011630 | Cell 2 (Plastic) = 0.010012
Trial: 626, Time:44.667s
Trial 626: Cell 1 (Static) = 0.011595 | Cell 2 (Plastic) = 0.009982
Trial: 627, Time:44.502s
Trial 627: Cell 1 (Static) = 0.011560 | Cell 2 (Plastic) = 0.009952
Trial: 628, Time:44.710s
Trial 628: Cell 1 (Static) = 0.011595 | Cell 2 (Plastic) = 0.009982
Trial: 629, Time:44.670s
Trial 629: Cell 1 (Static) = 0.011630 | Cell 2 (Plastic) = 0.010012
Trial: 630, Time:44.415s
Trial 630: Cell 1 (Static) = 0.011665 | Cell 2 (Plastic) = 0.010042
Trial: 631, Time:44.904s
Trial 631: Cell 1 (Static) = 0.011700 | Cell 2 (Plastic) = 0.010012
Trial: 632, Time:45.149s
Trial 632: Cell 1 (Static) = 0.011735 | Cell 2 (Plastic) = 0.009982
Trial: 633, Time:44.818s
Trial 633: Cell 1 (Static) = 0.011700 | Cell 2 (Plastic) = 0.009952
Trial: 634, Time:44.833s
Trial 634: Cell 1 (Static) = 0.011665 | Cell 2 (Plastic) = 0.009922
Trial: 635, Time:44.854s
Trial 635: Cell 1 (Static) = 0.011700 | Cell 2 (Plastic) = 0.009952
Trial: 636, Time:44.938s
Trial 636: Cell 1 (Static) = 0.011665 | Cell 2 (Plastic) = 0.009982
Trial: 637, Time:45.067s
Trial 637: Cell 1 (Static) = 0.011630 | Cell 2 (Plastic) = 0.010012
Trial: 638, Time:45.003s
Trial 638: Cell 1 (Static) = 0.011595 | Cell 2 (Plastic) = 0.010042
Trial: 639, Time:44.756s
Trial 639: Cell 1 (Static) = 0.011560 | Cell 2 (Plastic) = 0.010072
Trial: 640, Time:45.193s
Trial 640: Cell 1 (Static) = 0.011526 | Cell 2 (Plastic) = 0.010102
Trial: 641, Time:45.283s
Trial 641: Cell 1 (Static) = 0.011491 | Cell 2 (Plastic) = 0.010133
Trial: 642, Time:45.181s
Trial 642: Cell 1 (Static) = 0.011457 | Cell 2 (Plastic) = 0.010102
Trial: 643, Time:45.303s
Trial 643: Cell 1 (Static) = 0.011422 | Cell 2 (Plastic) = 0.010133
Trial: 644, Time:45.093s
Trial 644: Cell 1 (Static) = 0.011388 | Cell 2 (Plastic) = 0.010163
Trial: 645, Time:44.945s
Trial 645: Cell 1 (Static) = 0.011354 | Cell 2 (Plastic) = 0.010194
Trial: 646, Time:45.100s
Trial 646: Cell 1 (Static) = 0.011320 | Cell 2 (Plastic) = 0.010163
Trial: 647, Time:45.191s
Trial 647: Cell 1 (Static) = 0.011286 | Cell 2 (Plastic) = 0.010133
Trial: 648, Time:44.950s
Trial 648: Cell 1 (Static) = 0.011253 | Cell 2 (Plastic) = 0.010102
Trial: 649, Time:45.175s
Trial 649: Cell 1 (Static) = 0.011219 | Cell 2 (Plastic) = 0.010133
Trial: 650, Time:45.222s
Trial 650: Cell 1 (Static) = 0.011185 | Cell 2 (Plastic) = 0.010163
Trial: 651, Time:45.204s
Trial 651: Cell 1 (Static) = 0.011152 | Cell 2 (Plastic) = 0.010133
Trial: 652, Time:45.924s
Trial 652: Cell 1 (Static) = 0.011119 | Cell 2 (Plastic) = 0.010163
Trial: 653, Time:46.110s
Trial 653: Cell 1 (Static) = 0.011085 | Cell 2 (Plastic) = 0.010194
Trial: 654, Time:45.986s
Trial 654: Cell 1 (Static) = 0.011052 | Cell 2 (Plastic) = 0.010163
Trial: 655, Time:46.206s
Trial 655: Cell 1 (Static) = 0.011019 | Cell 2 (Plastic) = 0.010194
Trial: 656, Time:46.122s
Trial 656: Cell 1 (Static) = 0.010986 | Cell 2 (Plastic) = 0.010194
Trial: 657, Time:45.912s
Trial 657: Cell 1 (Static) = 0.010953 | Cell 2 (Plastic) = 0.010163
Trial: 658, Time:45.752s
Trial 658: Cell 1 (Static) = 0.010921 | Cell 2 (Plastic) = 0.010133
Trial: 659, Time:45.939s
Trial 659: Cell 1 (Static) = 0.010888 | Cell 2 (Plastic) = 0.010163
Trial: 660, Time:45.566s
Trial 660: Cell 1 (Static) = 0.010855 | Cell 2 (Plastic) = 0.010194
Trial: 661, Time:45.359s
Trial 661: Cell 1 (Static) = 0.010823 | Cell 2 (Plastic) = 0.010163
Trial: 662, Time:45.375s
Trial 662: Cell 1 (Static) = 0.010855 | Cell 2 (Plastic) = 0.010133
Trial: 663, Time:45.430s
Trial 663: Cell 1 (Static) = 0.010823 | Cell 2 (Plastic) = 0.010102
Trial: 664, Time:45.633s
Trial 664: Cell 1 (Static) = 0.010791 | Cell 2 (Plastic) = 0.010133
Trial: 665, Time:45.633s
Trial 665: Cell 1 (Static) = 0.010758 | Cell 2 (Plastic) = 0.010163
Trial: 666, Time:45.456s
Trial 666: Cell 1 (Static) = 0.010726 | Cell 2 (Plastic) = 0.010194
Trial: 667, Time:45.519s
Trial 667: Cell 1 (Static) = 0.010694 | Cell 2 (Plastic) = 0.010163
Trial: 668, Time:45.456s
Trial 668: Cell 1 (Static) = 0.010662 | Cell 2 (Plastic) = 0.010133
Trial: 669, Time:45.478s
Trial 669: Cell 1 (Static) = 0.010630 | Cell 2 (Plastic) = 0.010102
Trial: 670, Time:45.791s
Trial 670: Cell 1 (Static) = 0.010598 | Cell 2 (Plastic) = 0.010133
Trial: 671, Time:45.556s
Trial 671: Cell 1 (Static) = 0.010567 | Cell 2 (Plastic) = 0.010163
Trial: 672, Time:45.347s
Trial 672: Cell 1 (Static) = 0.010535 | Cell 2 (Plastic) = 0.010194
Trial: 673, Time:45.370s
Trial 673: Cell 1 (Static) = 0.010504 | Cell 2 (Plastic) = 0.010224
Trial: 674, Time:45.243s
Trial 674: Cell 1 (Static) = 0.010472 | Cell 2 (Plastic) = 0.010255
Trial: 675, Time:45.322s
Trial 675: Cell 1 (Static) = 0.010441 | Cell 2 (Plastic) = 0.010286
Trial: 676, Time:45.673s
Trial 676: Cell 1 (Static) = 0.010472 | Cell 2 (Plastic) = 0.010316
Trial: 677, Time:45.632s
Trial 677: Cell 1 (Static) = 0.010504 | Cell 2 (Plastic) = 0.010347
Trial: 678, Time:45.495s
Trial 678: Cell 1 (Static) = 0.010535 | Cell 2 (Plastic) = 0.010378
Trial: 679, Time:45.478s
Trial 679: Cell 1 (Static) = 0.010567 | Cell 2 (Plastic) = 0.010410
Trial: 680, Time:45.433s
Trial 680: Cell 1 (Static) = 0.010598 | Cell 2 (Plastic) = 0.010441
Trial: 681, Time:45.454s
Trial 681: Cell 1 (Static) = 0.010630 | Cell 2 (Plastic) = 0.010472
Trial: 682, Time:45.584s
Trial 682: Cell 1 (Static) = 0.010662 | Cell 2 (Plastic) = 0.010441
Trial: 683, Time:45.399s
Trial 683: Cell 1 (Static) = 0.010694 | Cell 2 (Plastic) = 0.010472
Trial: 684, Time:45.431s
Trial 684: Cell 1 (Static) = 0.010726 | Cell 2 (Plastic) = 0.010504
Trial: 685, Time:45.534s
Trial 685: Cell 1 (Static) = 0.010758 | Cell 2 (Plastic) = 0.010504
Trial: 686, Time:45.534s
Trial 686: Cell 1 (Static) = 0.010791 | Cell 2 (Plastic) = 0.010472
Trial: 687, Time:45.594s
Trial 687: Cell 1 (Static) = 0.010823 | Cell 2 (Plastic) = 0.010441
Trial: 688, Time:45.710s
Trial 688: Cell 1 (Static) = 0.010791 | Cell 2 (Plastic) = 0.010472
Trial: 689, Time:45.680s
Trial 689: Cell 1 (Static) = 0.010758 | Cell 2 (Plastic) = 0.010504
Trial: 690, Time:45.596s
Trial 690: Cell 1 (Static) = 0.010791 | Cell 2 (Plastic) = 0.010535
Trial: 691, Time:45.618s
Trial 691: Cell 1 (Static) = 0.010823 | Cell 2 (Plastic) = 0.010504
Trial: 692, Time:45.783s
Trial 692: Cell 1 (Static) = 0.010855 | Cell 2 (Plastic) = 0.010472
Trial: 693, Time:45.731s
Trial 693: Cell 1 (Static) = 0.010888 | Cell 2 (Plastic) = 0.010441
Trial: 694, Time:45.979s
Trial 694: Cell 1 (Static) = 0.010921 | Cell 2 (Plastic) = 0.010410
Trial: 695, Time:46.084s
Trial 695: Cell 1 (Static) = 0.010953 | Cell 2 (Plastic) = 0.010378
Trial: 696, Time:45.974s
Trial 696: Cell 1 (Static) = 0.010986 | Cell 2 (Plastic) = 0.010347
Trial: 697, Time:46.027s
Trial 697: Cell 1 (Static) = 0.011019 | Cell 2 (Plastic) = 0.010316
Trial: 698, Time:45.938s
Trial 698: Cell 1 (Static) = 0.011052 | Cell 2 (Plastic) = 0.010286
Trial: 699, Time:46.001s
Trial 699: Cell 1 (Static) = 0.011085 | Cell 2 (Plastic) = 0.010255
Trial: 700, Time:46.110s
Trial 700: Cell 1 (Static) = 0.011119 | Cell 2 (Plastic) = 0.010224
Trial: 701, Time:46.070s
Trial 701: Cell 1 (Static) = 0.011152 | Cell 2 (Plastic) = 0.010255
Trial: 702, Time:46.833s
Trial 702: Cell 1 (Static) = 0.011185 | Cell 2 (Plastic) = 0.010286
Trial: 703, Time:47.048s
Trial 703: Cell 1 (Static) = 0.011219 | Cell 2 (Plastic) = 0.010316
Trial: 704, Time:47.015s
Trial 704: Cell 1 (Static) = 0.011253 | Cell 2 (Plastic) = 0.010347
Trial: 705, Time:46.862s
Trial 705: Cell 1 (Static) = 0.011286 | Cell 2 (Plastic) = 0.010378
Trial: 706, Time:46.660s
Trial 706: Cell 1 (Static) = 0.011320 | Cell 2 (Plastic) = 0.010410
Trial: 707, Time:46.494s
Trial 707: Cell 1 (Static) = 0.011354 | Cell 2 (Plastic) = 0.010441
Trial: 708, Time:46.373s
Trial 708: Cell 1 (Static) = 0.011388 | Cell 2 (Plastic) = 0.010472
Trial: 709, Time:46.287s
Trial 709: Cell 1 (Static) = 0.011422 | Cell 2 (Plastic) = 0.010504
Trial: 710, Time:46.147s
Trial 710: Cell 1 (Static) = 0.011457 | Cell 2 (Plastic) = 0.010535
Trial: 711, Time:45.971s
Trial 711: Cell 1 (Static) = 0.011491 | Cell 2 (Plastic) = 0.010567
Trial: 712, Time:46.208s
Trial 712: Cell 1 (Static) = 0.011526 | Cell 2 (Plastic) = 0.010598
Trial: 713, Time:46.022s
Trial 713: Cell 1 (Static) = 0.011560 | Cell 2 (Plastic) = 0.010630
Trial: 714, Time:46.020s
Trial 714: Cell 1 (Static) = 0.011595 | Cell 2 (Plastic) = 0.010662
Trial: 715, Time:46.092s
Trial 715: Cell 1 (Static) = 0.011630 | Cell 2 (Plastic) = 0.010694
Trial: 716, Time:46.152s
Trial 716: Cell 1 (Static) = 0.011595 | Cell 2 (Plastic) = 0.010726
Trial: 717, Time:46.100s
Trial 717: Cell 1 (Static) = 0.011560 | Cell 2 (Plastic) = 0.010758
Trial: 718, Time:46.252s
Trial 718: Cell 1 (Static) = 0.011526 | Cell 2 (Plastic) = 0.010791
Trial: 719, Time:46.236s
Trial 719: Cell 1 (Static) = 0.011491 | Cell 2 (Plastic) = 0.010823
Trial: 720, Time:46.225s
Trial 720: Cell 1 (Static) = 0.011457 | Cell 2 (Plastic) = 0.010855
Trial: 721, Time:46.509s
Trial 721: Cell 1 (Static) = 0.011422 | Cell 2 (Plastic) = 0.010888
Trial: 722, Time:46.519s
Trial 722: Cell 1 (Static) = 0.011457 | Cell 2 (Plastic) = 0.010921
Trial: 723, Time:46.668s
Trial 723: Cell 1 (Static) = 0.011491 | Cell 2 (Plastic) = 0.010953
Trial: 724, Time:46.671s
Trial 724: Cell 1 (Static) = 0.011526 | Cell 2 (Plastic) = 0.010986
Trial: 725, Time:46.743s
Trial 725: Cell 1 (Static) = 0.011560 | Cell 2 (Plastic) = 0.011019
Trial: 726, Time:46.739s
Trial 726: Cell 1 (Static) = 0.011595 | Cell 2 (Plastic) = 0.011052
Trial: 727, Time:46.661s
Trial 727: Cell 1 (Static) = 0.011630 | Cell 2 (Plastic) = 0.011085
Trial: 728, Time:46.440s
Trial 728: Cell 1 (Static) = 0.011665 | Cell 2 (Plastic) = 0.011119
Trial: 729, Time:46.508s
Trial 729: Cell 1 (Static) = 0.011630 | Cell 2 (Plastic) = 0.011152
Trial: 730, Time:46.435s
Trial 730: Cell 1 (Static) = 0.011595 | Cell 2 (Plastic) = 0.011185
Trial: 731, Time:46.456s
Trial 731: Cell 1 (Static) = 0.011560 | Cell 2 (Plastic) = 0.011219
Trial: 732, Time:46.479s
Trial 732: Cell 1 (Static) = 0.011526 | Cell 2 (Plastic) = 0.011253
Trial: 733, Time:46.449s
Trial 733: Cell 1 (Static) = 0.011491 | Cell 2 (Plastic) = 0.011286
Trial: 734, Time:46.469s
Trial 734: Cell 1 (Static) = 0.011457 | Cell 2 (Plastic) = 0.011320
Trial: 735, Time:46.587s
Trial 735: Cell 1 (Static) = 0.011422 | Cell 2 (Plastic) = 0.011354
Trial: 736, Time:46.749s
Trial 736: Cell 1 (Static) = 0.011388 | Cell 2 (Plastic) = 0.011388
Trial: 737, Time:46.614s
Trial 737: Cell 1 (Static) = 0.011422 | Cell 2 (Plastic) = 0.011422
Trial: 738, Time:46.544s
Trial 738: Cell 1 (Static) = 0.011457 | Cell 2 (Plastic) = 0.011457
Trial: 739, Time:46.584s
Trial 739: Cell 1 (Static) = 0.011491 | Cell 2 (Plastic) = 0.011491
Trial: 740, Time:46.575s
Trial 740: Cell 1 (Static) = 0.011526 | Cell 2 (Plastic) = 0.011526
Trial: 741, Time:46.639s
Trial 741: Cell 1 (Static) = 0.011560 | Cell 2 (Plastic) = 0.011560
Trial: 742, Time:46.614s
Trial 742: Cell 1 (Static) = 0.011595 | Cell 2 (Plastic) = 0.011595
Trial: 743, Time:46.421s
Trial 743: Cell 1 (Static) = 0.011630 | Cell 2 (Plastic) = 0.011630
Trial: 744, Time:46.363s
Trial 744: Cell 1 (Static) = 0.011595 | Cell 2 (Plastic) = 0.011665
Trial: 745, Time:46.395s
Trial 745: Cell 1 (Static) = 0.011560 | Cell 2 (Plastic) = 0.011700
Trial: 746, Time:46.220s
Trial 746: Cell 1 (Static) = 0.011526 | Cell 2 (Plastic) = 0.011735
Trial: 747, Time:46.377s
Trial 747: Cell 1 (Static) = 0.011560 | Cell 2 (Plastic) = 0.011770
Trial: 748, Time:46.629s
Trial 748: Cell 1 (Static) = 0.011595 | Cell 2 (Plastic) = 0.011805
Trial: 749, Time:46.682s
Trial 749: Cell 1 (Static) = 0.011630 | Cell 2 (Plastic) = 0.011841
Trial: 750, Time:46.702s
Trial 750: Cell 1 (Static) = 0.011665 | Cell 2 (Plastic) = 0.011876
Trial: 751, Time:46.899s
Trial 751: Cell 1 (Static) = 0.011630 | Cell 2 (Plastic) = 0.011912
Trial: 752, Time:48.287s
Trial 752: Cell 1 (Static) = 0.011595 | Cell 2 (Plastic) = 0.011947
Trial: 753, Time:48.534s
Trial 753: Cell 1 (Static) = 0.011560 | Cell 2 (Plastic) = 0.011983
Trial: 754, Time:48.336s
Trial 754: Cell 1 (Static) = 0.011526 | Cell 2 (Plastic) = 0.012019
Trial: 755, Time:48.213s
Trial 755: Cell 1 (Static) = 0.011491 | Cell 2 (Plastic) = 0.012055
Trial: 756, Time:48.069s
Trial 756: Cell 1 (Static) = 0.011457 | Cell 2 (Plastic) = 0.012091
Trial: 757, Time:48.011s
Trial 757: Cell 1 (Static) = 0.011422 | Cell 2 (Plastic) = 0.012128
Trial: 758, Time:47.833s
Trial 758: Cell 1 (Static) = 0.011388 | Cell 2 (Plastic) = 0.012091
Trial: 759, Time:48.690s
Trial 759: Cell 1 (Static) = 0.011354 | Cell 2 (Plastic) = 0.012055
Trial: 760, Time:48.581s
Trial 760: Cell 1 (Static) = 0.011320 | Cell 2 (Plastic) = 0.012019
Trial: 761, Time:48.291s
Trial 761: Cell 1 (Static) = 0.011286 | Cell 2 (Plastic) = 0.011983
Trial: 762, Time:48.122s
Trial 762: Cell 1 (Static) = 0.011253 | Cell 2 (Plastic) = 0.011947
Trial: 763, Time:47.984s
Trial 763: Cell 1 (Static) = 0.011219 | Cell 2 (Plastic) = 0.011912
Trial: 764, Time:47.833s
Trial 764: Cell 1 (Static) = 0.011185 | Cell 2 (Plastic) = 0.011876
Trial: 765, Time:47.831s
Trial 765: Cell 1 (Static) = 0.011152 | Cell 2 (Plastic) = 0.011841
Trial: 766, Time:47.876s
Trial 766: Cell 1 (Static) = 0.011119 | Cell 2 (Plastic) = 0.011876
Trial: 767, Time:47.834s
Trial 767: Cell 1 (Static) = 0.011085 | Cell 2 (Plastic) = 0.011912
Trial: 768, Time:47.607s
Trial 768: Cell 1 (Static) = 0.011052 | Cell 2 (Plastic) = 0.011947
Trial: 769, Time:47.778s
Trial 769: Cell 1 (Static) = 0.011019 | Cell 2 (Plastic) = 0.011983
Trial: 770, Time:47.643s
Trial 770: Cell 1 (Static) = 0.010986 | Cell 2 (Plastic) = 0.012019
Trial: 771, Time:47.842s
Trial 771: Cell 1 (Static) = 0.010953 | Cell 2 (Plastic) = 0.012055
Trial: 772, Time:48.140s
Trial 772: Cell 1 (Static) = 0.010921 | Cell 2 (Plastic) = 0.012019
Trial: 773, Time:48.322s
Trial 773: Cell 1 (Static) = 0.010888 | Cell 2 (Plastic) = 0.011983
Trial: 774, Time:48.226s
Trial 774: Cell 1 (Static) = 0.010855 | Cell 2 (Plastic) = 0.012019
Trial: 775, Time:48.217s
Trial 775: Cell 1 (Static) = 0.010823 | Cell 2 (Plastic) = 0.012055
Trial: 776, Time:48.163s
Trial 776: Cell 1 (Static) = 0.010791 | Cell 2 (Plastic) = 0.012091
Trial: 777, Time:48.067s
Trial 777: Cell 1 (Static) = 0.010758 | Cell 2 (Plastic) = 0.012055
Trial: 778, Time:47.961s
Trial 778: Cell 1 (Static) = 0.010726 | Cell 2 (Plastic) = 0.012019
Trial: 779, Time:47.916s
Trial 779: Cell 1 (Static) = 0.010694 | Cell 2 (Plastic) = 0.011983
Trial: 780, Time:47.853s
Trial 780: Cell 1 (Static) = 0.010662 | Cell 2 (Plastic) = 0.011947
Trial: 781, Time:47.926s
Trial 781: Cell 1 (Static) = 0.010630 | Cell 2 (Plastic) = 0.011983
Trial: 782, Time:47.656s
Trial 782: Cell 1 (Static) = 0.010598 | Cell 2 (Plastic) = 0.011947
Trial: 783, Time:47.662s
Trial 783: Cell 1 (Static) = 0.010630 | Cell 2 (Plastic) = 0.011912
Trial: 784, Time:48.180s
Trial 784: Cell 1 (Static) = 0.010662 | Cell 2 (Plastic) = 0.011947
Trial: 785, Time:48.153s
Trial 785: Cell 1 (Static) = 0.010694 | Cell 2 (Plastic) = 0.011983
Trial: 786, Time:48.206s
Trial 786: Cell 1 (Static) = 0.010726 | Cell 2 (Plastic) = 0.012019
Trial: 787, Time:48.084s
Trial 787: Cell 1 (Static) = 0.010758 | Cell 2 (Plastic) = 0.012055
Trial: 788, Time:47.894s
Trial 788: Cell 1 (Static) = 0.010791 | Cell 2 (Plastic) = 0.012091
Trial: 789, Time:48.054s
Trial 789: Cell 1 (Static) = 0.010758 | Cell 2 (Plastic) = 0.012128
Trial: 790, Time:48.279s
Trial 790: Cell 1 (Static) = 0.010726 | Cell 2 (Plastic) = 0.012164
Trial: 791, Time:48.210s
Trial 791: Cell 1 (Static) = 0.010694 | Cell 2 (Plastic) = 0.012201
Trial: 792, Time:48.282s
Trial 792: Cell 1 (Static) = 0.010726 | Cell 2 (Plastic) = 0.012237
Trial: 793, Time:48.452s
Trial 793: Cell 1 (Static) = 0.010758 | Cell 2 (Plastic) = 0.012274
Trial: 794, Time:48.350s
Trial 794: Cell 1 (Static) = 0.010726 | Cell 2 (Plastic) = 0.012237
Trial: 795, Time:48.307s
Trial 795: Cell 1 (Static) = 0.010694 | Cell 2 (Plastic) = 0.012201
Trial: 796, Time:48.204s
Trial 796: Cell 1 (Static) = 0.010662 | Cell 2 (Plastic) = 0.012164
Trial: 797, Time:48.184s
Trial 797: Cell 1 (Static) = 0.010630 | Cell 2 (Plastic) = 0.012128
Trial: 798, Time:48.285s
Trial 798: Cell 1 (Static) = 0.010662 | Cell 2 (Plastic) = 0.012091
Trial: 799, Time:48.687s
Trial 799: Cell 1 (Static) = 0.010694 | Cell 2 (Plastic) = 0.012128
Trial: 800, Time:48.505s
Trial 800: Cell 1 (Static) = 0.010662 | Cell 2 (Plastic) = 0.012164
Trial: 801, Time:48.466s
Trial 801: Cell 1 (Static) = 0.010694 | Cell 2 (Plastic) = 0.012128
Trial: 802, Time:50.699s
Trial 802: Cell 1 (Static) = 0.010726 | Cell 2 (Plastic) = 0.012091
Trial: 803, Time:50.838s
Trial 803: Cell 1 (Static) = 0.010758 | Cell 2 (Plastic) = 0.012055
Trial: 804, Time:50.690s
Trial 804: Cell 1 (Static) = 0.010791 | Cell 2 (Plastic) = 0.012019
Trial: 805, Time:50.634s
Trial 805: Cell 1 (Static) = 0.010823 | Cell 2 (Plastic) = 0.011983
Trial: 806, Time:50.541s
Trial 806: Cell 1 (Static) = 0.010855 | Cell 2 (Plastic) = 0.011947
Trial: 807, Time:50.793s
Trial 807: Cell 1 (Static) = 0.010888 | Cell 2 (Plastic) = 0.011912
Trial: 808, Time:50.580s
Trial 808: Cell 1 (Static) = 0.010921 | Cell 2 (Plastic) = 0.011876
Trial: 809, Time:50.270s
Trial 809: Cell 1 (Static) = 0.010953 | Cell 2 (Plastic) = 0.011841
Trial: 810, Time:49.871s
Trial 810: Cell 1 (Static) = 0.010986 | Cell 2 (Plastic) = 0.011805
Trial: 811, Time:49.822s
Trial 811: Cell 1 (Static) = 0.011019 | Cell 2 (Plastic) = 0.011770
Trial: 812, Time:49.663s
Trial 812: Cell 1 (Static) = 0.011052 | Cell 2 (Plastic) = 0.011735
Trial: 813, Time:49.597s
Trial 813: Cell 1 (Static) = 0.011085 | Cell 2 (Plastic) = 0.011700
Trial: 814, Time:49.555s
Trial 814: Cell 1 (Static) = 0.011119 | Cell 2 (Plastic) = 0.011665
Trial: 815, Time:49.373s
Trial 815: Cell 1 (Static) = 0.011152 | Cell 2 (Plastic) = 0.011700
Trial: 816, Time:49.473s
Trial 816: Cell 1 (Static) = 0.011185 | Cell 2 (Plastic) = 0.011665
Trial: 817, Time:49.494s
Trial 817: Cell 1 (Static) = 0.011219 | Cell 2 (Plastic) = 0.011630
Trial: 818, Time:49.585s
Trial 818: Cell 1 (Static) = 0.011253 | Cell 2 (Plastic) = 0.011595
Trial: 819, Time:49.661s
Trial 819: Cell 1 (Static) = 0.011286 | Cell 2 (Plastic) = 0.011560
Trial: 820, Time:49.530s
Trial 820: Cell 1 (Static) = 0.011320 | Cell 2 (Plastic) = 0.011526
Trial: 821, Time:49.683s
Trial 821: Cell 1 (Static) = 0.011354 | Cell 2 (Plastic) = 0.011491
Trial: 822, Time:49.575s
Trial 822: Cell 1 (Static) = 0.011388 | Cell 2 (Plastic) = 0.011457
Trial: 823, Time:49.587s
Trial 823: Cell 1 (Static) = 0.011422 | Cell 2 (Plastic) = 0.011491
Trial: 824, Time:49.658s
Trial 824: Cell 1 (Static) = 0.011457 | Cell 2 (Plastic) = 0.011457
Trial: 825, Time:49.654s
Trial 825: Cell 1 (Static) = 0.011491 | Cell 2 (Plastic) = 0.011491
Trial: 826, Time:49.661s
Trial 826: Cell 1 (Static) = 0.011457 | Cell 2 (Plastic) = 0.011526
Trial: 827, Time:50.001s
Trial 827: Cell 1 (Static) = 0.011491 | Cell 2 (Plastic) = 0.011560
Trial: 828, Time:50.111s
Trial 828: Cell 1 (Static) = 0.011526 | Cell 2 (Plastic) = 0.011595
Trial: 829, Time:50.286s
Trial 829: Cell 1 (Static) = 0.011560 | Cell 2 (Plastic) = 0.011630
Trial: 830, Time:50.227s
Trial 830: Cell 1 (Static) = 0.011595 | Cell 2 (Plastic) = 0.011665
Trial: 831, Time:50.211s
Trial 831: Cell 1 (Static) = 0.011630 | Cell 2 (Plastic) = 0.011630
Trial: 832, Time:50.281s
Trial 832: Cell 1 (Static) = 0.011665 | Cell 2 (Plastic) = 0.011595
Trial: 833, Time:49.864s
Trial 833: Cell 1 (Static) = 0.011700 | Cell 2 (Plastic) = 0.011560
Trial: 834, Time:49.756s
Trial 834: Cell 1 (Static) = 0.011735 | Cell 2 (Plastic) = 0.011526
Trial: 835, Time:49.859s
Trial 835: Cell 1 (Static) = 0.011770 | Cell 2 (Plastic) = 0.011491
Trial: 836, Time:49.853s
Trial 836: Cell 1 (Static) = 0.011805 | Cell 2 (Plastic) = 0.011457
Trial: 837, Time:49.770s
Trial 837: Cell 1 (Static) = 0.011841 | Cell 2 (Plastic) = 0.011422
Trial: 838, Time:49.769s
Trial 838: Cell 1 (Static) = 0.011876 | Cell 2 (Plastic) = 0.011388
Trial: 839, Time:49.620s
Trial 839: Cell 1 (Static) = 0.011912 | Cell 2 (Plastic) = 0.011354
Trial: 840, Time:49.638s
Trial 840: Cell 1 (Static) = 0.011947 | Cell 2 (Plastic) = 0.011320
Trial: 841, Time:49.790s
Trial 841: Cell 1 (Static) = 0.011983 | Cell 2 (Plastic) = 0.011286
Trial: 842, Time:49.640s
Trial 842: Cell 1 (Static) = 0.012019 | Cell 2 (Plastic) = 0.011253
Trial: 843, Time:49.752s
Trial 843: Cell 1 (Static) = 0.012055 | Cell 2 (Plastic) = 0.011219
Trial: 844, Time:49.816s
Trial 844: Cell 1 (Static) = 0.012091 | Cell 2 (Plastic) = 0.011185
Trial: 845, Time:49.862s
Trial 845: Cell 1 (Static) = 0.012055 | Cell 2 (Plastic) = 0.011152
Trial: 846, Time:49.817s
Trial 846: Cell 1 (Static) = 0.012091 | Cell 2 (Plastic) = 0.011119
Trial: 847, Time:49.899s
Trial 847: Cell 1 (Static) = 0.012055 | Cell 2 (Plastic) = 0.011085
Trial: 848, Time:49.781s
Trial 848: Cell 1 (Static) = 0.012091 | Cell 2 (Plastic) = 0.011052
Trial: 849, Time:49.763s
Trial 849: Cell 1 (Static) = 0.012128 | Cell 2 (Plastic) = 0.011019
Trial: 850, Time:49.790s
Trial 850: Cell 1 (Static) = 0.012164 | Cell 2 (Plastic) = 0.010986
Trial: 851, Time:49.727s
Trial 851: Cell 1 (Static) = 0.012128 | Cell 2 (Plastic) = 0.011019
Trial: 852, Time:50.157s
Trial 852: Cell 1 (Static) = 0.012091 | Cell 2 (Plastic) = 0.011052
Trial: 853, Time:50.345s
Trial 853: Cell 1 (Static) = 0.012055 | Cell 2 (Plastic) = 0.011085
Trial: 854, Time:50.173s
Trial 854: Cell 1 (Static) = 0.012019 | Cell 2 (Plastic) = 0.011119
Trial: 855, Time:50.212s
Trial 855: Cell 1 (Static) = 0.011983 | Cell 2 (Plastic) = 0.011152
Trial: 856, Time:50.071s
Trial 856: Cell 1 (Static) = 0.011947 | Cell 2 (Plastic) = 0.011185
Trial: 857, Time:50.003s
Trial 857: Cell 1 (Static) = 0.011912 | Cell 2 (Plastic) = 0.011152
Trial: 858, Time:49.847s
Trial 858: Cell 1 (Static) = 0.011876 | Cell 2 (Plastic) = 0.011185
Trial: 859, Time:49.997s
Trial 859: Cell 1 (Static) = 0.011841 | Cell 2 (Plastic) = 0.011219
Trial: 860, Time:50.102s
Trial 860: Cell 1 (Static) = 0.011805 | Cell 2 (Plastic) = 0.011253
Trial: 861, Time:50.225s
Trial 861: Cell 1 (Static) = 0.011770 | Cell 2 (Plastic) = 0.011286
Trial: 862, Time:50.253s
Trial 862: Cell 1 (Static) = 0.011735 | Cell 2 (Plastic) = 0.011253
Trial: 863, Time:50.128s
Trial 863: Cell 1 (Static) = 0.011700 | Cell 2 (Plastic) = 0.011219
Trial: 864, Time:50.172s
Trial 864: Cell 1 (Static) = 0.011665 | Cell 2 (Plastic) = 0.011185
Trial: 865, Time:50.100s
Trial 865: Cell 1 (Static) = 0.011700 | Cell 2 (Plastic) = 0.011152
Trial: 866, Time:49.919s
Trial 866: Cell 1 (Static) = 0.011665 | Cell 2 (Plastic) = 0.011119
Trial: 867, Time:50.050s
Trial 867: Cell 1 (Static) = 0.011630 | Cell 2 (Plastic) = 0.011085
Trial: 868, Time:49.939s
Trial 868: Cell 1 (Static) = 0.011595 | Cell 2 (Plastic) = 0.011052
Trial: 869, Time:50.148s
Trial 869: Cell 1 (Static) = 0.011560 | Cell 2 (Plastic) = 0.011019
Trial: 870, Time:50.183s
Trial 870: Cell 1 (Static) = 0.011526 | Cell 2 (Plastic) = 0.010986
Trial: 871, Time:50.380s
Trial 871: Cell 1 (Static) = 0.011491 | Cell 2 (Plastic) = 0.010953
Trial: 872, Time:50.042s
Trial 872: Cell 1 (Static) = 0.011457 | Cell 2 (Plastic) = 0.010921
Trial: 873, Time:49.851s
Trial 873: Cell 1 (Static) = 0.011422 | Cell 2 (Plastic) = 0.010888
Trial: 874, Time:49.675s
Trial 874: Cell 1 (Static) = 0.011388 | Cell 2 (Plastic) = 0.010855
Trial: 875, Time:48.830s
Trial 875: Cell 1 (Static) = 0.011354 | Cell 2 (Plastic) = 0.010823
Trial: 876, Time:48.427s
Trial 876: Cell 1 (Static) = 0.011388 | Cell 2 (Plastic) = 0.010855
Trial: 877, Time:48.278s
Trial 877: Cell 1 (Static) = 0.011422 | Cell 2 (Plastic) = 0.010888
Trial: 878, Time:48.193s
Trial 878: Cell 1 (Static) = 0.011457 | Cell 2 (Plastic) = 0.010921
Trial: 879, Time:48.104s
Trial 879: Cell 1 (Static) = 0.011491 | Cell 2 (Plastic) = 0.010953
Trial: 880, Time:48.164s
Trial 880: Cell 1 (Static) = 0.011526 | Cell 2 (Plastic) = 0.010986
Trial: 881, Time:48.222s
Trial 881: Cell 1 (Static) = 0.011560 | Cell 2 (Plastic) = 0.011019
Trial: 882, Time:48.348s
Trial 882: Cell 1 (Static) = 0.011595 | Cell 2 (Plastic) = 0.011052
Trial: 883, Time:48.251s
Trial 883: Cell 1 (Static) = 0.011560 | Cell 2 (Plastic) = 0.011019
Trial: 884, Time:48.103s
Trial 884: Cell 1 (Static) = 0.011526 | Cell 2 (Plastic) = 0.010986
Trial: 885, Time:48.241s
Trial 885: Cell 1 (Static) = 0.011491 | Cell 2 (Plastic) = 0.010953
Trial: 886, Time:48.277s
Trial 886: Cell 1 (Static) = 0.011457 | Cell 2 (Plastic) = 0.010921
Trial: 887, Time:48.232s
Trial 887: Cell 1 (Static) = 0.011422 | Cell 2 (Plastic) = 0.010888
Trial: 888, Time:48.273s
Trial 888: Cell 1 (Static) = 0.011457 | Cell 2 (Plastic) = 0.010855
Trial: 889, Time:48.514s
Trial 889: Cell 1 (Static) = 0.011422 | Cell 2 (Plastic) = 0.010823
Trial: 890, Time:48.761s
Trial 890: Cell 1 (Static) = 0.011388 | Cell 2 (Plastic) = 0.010791
Trial: 891, Time:48.912s
Trial 891: Cell 1 (Static) = 0.011354 | Cell 2 (Plastic) = 0.010758
Trial: 892, Time:48.998s
Trial 892: Cell 1 (Static) = 0.011320 | Cell 2 (Plastic) = 0.010726
Trial: 893, Time:49.037s
Trial 893: Cell 1 (Static) = 0.011286 | Cell 2 (Plastic) = 0.010694
Trial: 894, Time:48.831s
Trial 894: Cell 1 (Static) = 0.011253 | Cell 2 (Plastic) = 0.010662
Trial: 895, Time:48.685s
Trial 895: Cell 1 (Static) = 0.011219 | Cell 2 (Plastic) = 0.010630
Trial: 896, Time:48.473s
Trial 896: Cell 1 (Static) = 0.011253 | Cell 2 (Plastic) = 0.010662
Trial: 897, Time:48.487s
Trial 897: Cell 1 (Static) = 0.011286 | Cell 2 (Plastic) = 0.010694
Trial: 898, Time:48.512s
Trial 898: Cell 1 (Static) = 0.011320 | Cell 2 (Plastic) = 0.010726
Trial: 899, Time:48.407s
Trial 899: Cell 1 (Static) = 0.011354 | Cell 2 (Plastic) = 0.010758
Trial: 900, Time:48.335s
Trial 900: Cell 1 (Static) = 0.011388 | Cell 2 (Plastic) = 0.010791
Trial: 901, Time:48.376s
Trial 901: Cell 1 (Static) = 0.011354 | Cell 2 (Plastic) = 0.010823
Trial: 902, Time:49.468s
Trial 902: Cell 1 (Static) = 0.011320 | Cell 2 (Plastic) = 0.010855
Trial: 903, Time:49.609s
Trial 903: Cell 1 (Static) = 0.011286 | Cell 2 (Plastic) = 0.010888
Trial: 904, Time:49.575s
Trial 904: Cell 1 (Static) = 0.011253 | Cell 2 (Plastic) = 0.010921
Trial: 905, Time:49.446s
Trial 905: Cell 1 (Static) = 0.011219 | Cell 2 (Plastic) = 0.010953
Trial: 906, Time:49.336s
Trial 906: Cell 1 (Static) = 0.011185 | Cell 2 (Plastic) = 0.010986
Trial: 907, Time:49.284s
Trial 907: Cell 1 (Static) = 0.011152 | Cell 2 (Plastic) = 0.011019
Trial: 908, Time:49.186s
Trial 908: Cell 1 (Static) = 0.011119 | Cell 2 (Plastic) = 0.011052
Trial: 909, Time:49.080s
Trial 909: Cell 1 (Static) = 0.011152 | Cell 2 (Plastic) = 0.011085
Trial: 910, Time:49.023s
Trial 910: Cell 1 (Static) = 0.011185 | Cell 2 (Plastic) = 0.011119
Trial: 911, Time:48.872s
Trial 911: Cell 1 (Static) = 0.011219 | Cell 2 (Plastic) = 0.011152
Trial: 912, Time:48.648s
Trial 912: Cell 1 (Static) = 0.011253 | Cell 2 (Plastic) = 0.011185
Trial: 913, Time:48.747s
Trial 913: Cell 1 (Static) = 0.011286 | Cell 2 (Plastic) = 0.011219
Trial: 914, Time:48.932s
Trial 914: Cell 1 (Static) = 0.011253 | Cell 2 (Plastic) = 0.011253
Trial: 915, Time:48.743s
Trial 915: Cell 1 (Static) = 0.011286 | Cell 2 (Plastic) = 0.011286
Trial: 916, Time:48.897s
Trial 916: Cell 1 (Static) = 0.011253 | Cell 2 (Plastic) = 0.011320
Trial: 917, Time:48.711s
Trial 917: Cell 1 (Static) = 0.011219 | Cell 2 (Plastic) = 0.011354
Trial: 918, Time:48.588s
Trial 918: Cell 1 (Static) = 0.011185 | Cell 2 (Plastic) = 0.011388
Trial: 919, Time:48.636s
Trial 919: Cell 1 (Static) = 0.011152 | Cell 2 (Plastic) = 0.011422
Trial: 920, Time:48.530s
Trial 920: Cell 1 (Static) = 0.011119 | Cell 2 (Plastic) = 0.011457
Trial: 921, Time:48.681s
Trial 921: Cell 1 (Static) = 0.011152 | Cell 2 (Plastic) = 0.011491
Trial: 922, Time:48.735s
Trial 922: Cell 1 (Static) = 0.011185 | Cell 2 (Plastic) = 0.011526
Trial: 923, Time:48.632s
Trial 923: Cell 1 (Static) = 0.011219 | Cell 2 (Plastic) = 0.011560
Trial: 924, Time:48.900s
Trial 924: Cell 1 (Static) = 0.011253 | Cell 2 (Plastic) = 0.011595
Trial: 925, Time:48.964s
Trial 925: Cell 1 (Static) = 0.011286 | Cell 2 (Plastic) = 0.011630
Trial: 926, Time:48.667s
Trial 926: Cell 1 (Static) = 0.011320 | Cell 2 (Plastic) = 0.011665
Trial: 927, Time:48.793s
Trial 927: Cell 1 (Static) = 0.011354 | Cell 2 (Plastic) = 0.011700
Trial: 928, Time:48.941s
Trial 928: Cell 1 (Static) = 0.011388 | Cell 2 (Plastic) = 0.011735
Trial: 929, Time:48.893s
Trial 929: Cell 1 (Static) = 0.011422 | Cell 2 (Plastic) = 0.011770
Trial: 930, Time:48.752s
Trial 930: Cell 1 (Static) = 0.011457 | Cell 2 (Plastic) = 0.011805
Trial: 931, Time:48.941s
Trial 931: Cell 1 (Static) = 0.011491 | Cell 2 (Plastic) = 0.011841
Trial: 932, Time:48.964s
Trial 932: Cell 1 (Static) = 0.011457 | Cell 2 (Plastic) = 0.011876
Trial: 933, Time:48.955s
Trial 933: Cell 1 (Static) = 0.011422 | Cell 2 (Plastic) = 0.011912
Trial: 934, Time:48.689s
Trial 934: Cell 1 (Static) = 0.011388 | Cell 2 (Plastic) = 0.011947
Trial: 935, Time:48.833s
Trial 935: Cell 1 (Static) = 0.011354 | Cell 2 (Plastic) = 0.011983
Trial: 936, Time:49.006s
Trial 936: Cell 1 (Static) = 0.011388 | Cell 2 (Plastic) = 0.011947
Trial: 937, Time:49.101s
Trial 937: Cell 1 (Static) = 0.011422 | Cell 2 (Plastic) = 0.011912
Trial: 938, Time:49.014s
Trial 938: Cell 1 (Static) = 0.011457 | Cell 2 (Plastic) = 0.011876
Trial: 939, Time:49.018s
Trial 939: Cell 1 (Static) = 0.011491 | Cell 2 (Plastic) = 0.011841
Trial: 940, Time:48.811s
Trial 940: Cell 1 (Static) = 0.011526 | Cell 2 (Plastic) = 0.011876
Trial: 941, Time:48.729s
Trial 941: Cell 1 (Static) = 0.011560 | Cell 2 (Plastic) = 0.011912
Trial: 942, Time:48.834s
Trial 942: Cell 1 (Static) = 0.011595 | Cell 2 (Plastic) = 0.011876
Trial: 943, Time:48.909s
Trial 943: Cell 1 (Static) = 0.011560 | Cell 2 (Plastic) = 0.011841
Trial: 944, Time:48.786s
Trial 944: Cell 1 (Static) = 0.011526 | Cell 2 (Plastic) = 0.011805
Trial: 945, Time:48.727s
Trial 945: Cell 1 (Static) = 0.011491 | Cell 2 (Plastic) = 0.011841
Trial: 946, Time:48.829s
Trial 946: Cell 1 (Static) = 0.011457 | Cell 2 (Plastic) = 0.011876
Trial: 947, Time:48.788s
Trial 947: Cell 1 (Static) = 0.011422 | Cell 2 (Plastic) = 0.011912
Trial: 948, Time:48.825s
Trial 948: Cell 1 (Static) = 0.011457 | Cell 2 (Plastic) = 0.011947
Trial: 949, Time:49.129s
Trial 949: Cell 1 (Static) = 0.011491 | Cell 2 (Plastic) = 0.011983
Trial: 950, Time:48.983s
Trial 950: Cell 1 (Static) = 0.011526 | Cell 2 (Plastic) = 0.012019
Trial: 951, Time:48.934s
Trial 951: Cell 1 (Static) = 0.011560 | Cell 2 (Plastic) = 0.011983
Trial: 952, Time:48.738s
Trial 952: Cell 1 (Static) = 0.011595 | Cell 2 (Plastic) = 0.011947
Trial: 953, Time:48.625s
Trial 953: Cell 1 (Static) = 0.011630 | Cell 2 (Plastic) = 0.011912
Trial: 954, Time:48.393s
Trial 954: Cell 1 (Static) = 0.011665 | Cell 2 (Plastic) = 0.011876
Trial: 955, Time:48.326s
Trial 955: Cell 1 (Static) = 0.011700 | Cell 2 (Plastic) = 0.011841
Trial: 956, Time:48.384s
Trial 956: Cell 1 (Static) = 0.011735 | Cell 2 (Plastic) = 0.011805
Trial: 957, Time:48.282s
Trial 957: Cell 1 (Static) = 0.011770 | Cell 2 (Plastic) = 0.011770
Trial: 958, Time:48.273s
Trial 958: Cell 1 (Static) = 0.011805 | Cell 2 (Plastic) = 0.011735
Trial: 959, Time:48.144s
Trial 959: Cell 1 (Static) = 0.011841 | Cell 2 (Plastic) = 0.011700
Trial: 960, Time:48.163s
Trial 960: Cell 1 (Static) = 0.011876 | Cell 2 (Plastic) = 0.011665
Trial: 961, Time:48.078s
Trial 961: Cell 1 (Static) = 0.011912 | Cell 2 (Plastic) = 0.011630
Trial: 962, Time:48.019s
Trial 962: Cell 1 (Static) = 0.011876 | Cell 2 (Plastic) = 0.011595
Trial: 963, Time:48.106s
Trial 963: Cell 1 (Static) = 0.011841 | Cell 2 (Plastic) = 0.011560
Trial: 964, Time:48.219s
Trial 964: Cell 1 (Static) = 0.011876 | Cell 2 (Plastic) = 0.011526
Trial: 965, Time:48.112s
Trial 965: Cell 1 (Static) = 0.011912 | Cell 2 (Plastic) = 0.011491
Trial: 966, Time:48.199s
Trial 966: Cell 1 (Static) = 0.011947 | Cell 2 (Plastic) = 0.011457
Trial: 967, Time:48.480s
Trial 967: Cell 1 (Static) = 0.011983 | Cell 2 (Plastic) = 0.011422
Trial: 968, Time:48.170s
Trial 968: Cell 1 (Static) = 0.012019 | Cell 2 (Plastic) = 0.011388
Trial: 969, Time:48.155s
Trial 969: Cell 1 (Static) = 0.011983 | Cell 2 (Plastic) = 0.011354
Trial: 970, Time:48.456s
Trial 970: Cell 1 (Static) = 0.011947 | Cell 2 (Plastic) = 0.011320
Trial: 971, Time:48.238s
Trial 971: Cell 1 (Static) = 0.011912 | Cell 2 (Plastic) = 0.011286
Trial: 972, Time:48.160s
Trial 972: Cell 1 (Static) = 0.011876 | Cell 2 (Plastic) = 0.011253
Trial: 973, Time:48.255s
Trial 973: Cell 1 (Static) = 0.011841 | Cell 2 (Plastic) = 0.011219
Trial: 974, Time:48.198s
Trial 974: Cell 1 (Static) = 0.011805 | Cell 2 (Plastic) = 0.011185
Trial: 975, Time:48.188s
Trial 975: Cell 1 (Static) = 0.011770 | Cell 2 (Plastic) = 0.011152
Trial: 976, Time:48.034s
Trial 976: Cell 1 (Static) = 0.011805 | Cell 2 (Plastic) = 0.011119
Trial: 977, Time:48.115s
Trial 977: Cell 1 (Static) = 0.011841 | Cell 2 (Plastic) = 0.011085
Trial: 978, Time:48.018s
Trial 978: Cell 1 (Static) = 0.011876 | Cell 2 (Plastic) = 0.011052
Trial: 979, Time:47.985s
Trial 979: Cell 1 (Static) = 0.011912 | Cell 2 (Plastic) = 0.011019
Trial: 980, Time:48.389s
Trial 980: Cell 1 (Static) = 0.011947 | Cell 2 (Plastic) = 0.010986
Trial: 981, Time:48.291s
Trial 981: Cell 1 (Static) = 0.011983 | Cell 2 (Plastic) = 0.010953
Trial: 982, Time:48.352s
Trial 982: Cell 1 (Static) = 0.012019 | Cell 2 (Plastic) = 0.010921
Trial: 983, Time:47.985s
Trial 983: Cell 1 (Static) = 0.012055 | Cell 2 (Plastic) = 0.010953
Trial: 984, Time:48.067s
Trial 984: Cell 1 (Static) = 0.012091 | Cell 2 (Plastic) = 0.010986
Trial: 985, Time:48.112s
Trial 985: Cell 1 (Static) = 0.012055 | Cell 2 (Plastic) = 0.011019
Trial: 986, Time:48.502s
Trial 986: Cell 1 (Static) = 0.012019 | Cell 2 (Plastic) = 0.011052
Trial: 987, Time:48.579s
Trial 987: Cell 1 (Static) = 0.011983 | Cell 2 (Plastic) = 0.011019
Trial: 988, Time:48.580s
Trial 988: Cell 1 (Static) = 0.011947 | Cell 2 (Plastic) = 0.010986
Trial: 989, Time:48.575s
Trial 989: Cell 1 (Static) = 0.011912 | Cell 2 (Plastic) = 0.010953
Trial: 990, Time:48.393s
Trial 990: Cell 1 (Static) = 0.011876 | Cell 2 (Plastic) = 0.010921
Trial: 991, Time:48.328s
Trial 991: Cell 1 (Static) = 0.011912 | Cell 2 (Plastic) = 0.010888
Trial: 992, Time:48.463s
Trial 992: Cell 1 (Static) = 0.011947 | Cell 2 (Plastic) = 0.010855
Trial: 993, Time:48.519s
Trial 993: Cell 1 (Static) = 0.011983 | Cell 2 (Plastic) = 0.010823
Trial: 994, Time:48.522s
Trial 994: Cell 1 (Static) = 0.012019 | Cell 2 (Plastic) = 0.010791
Trial: 995, Time:48.419s
Trial 995: Cell 1 (Static) = 0.012055 | Cell 2 (Plastic) = 0.010758
Trial: 996, Time:48.393s
Trial 996: Cell 1 (Static) = 0.012091 | Cell 2 (Plastic) = 0.010726
Trial: 997, Time:48.251s
Trial 997: Cell 1 (Static) = 0.012128 | Cell 2 (Plastic) = 0.010694
Trial: 998, Time:48.247s
Trial 998: Cell 1 (Static) = 0.012164 | Cell 2 (Plastic) = 0.010662
Trial: 999, Time:48.362s
Trial 999: Cell 1 (Static) = 0.012201 | Cell 2 (Plastic) = 0.010630
Trial: 1000, Time:48.893s
Raster array saved to '/home/data/einez/homeostat_SS/MFGoGr_SS_shuffleMF50_noCS_yesGoGo_nogrGo_mfgoplast_grgoplast_allcell_1000_trial/MFGoGr_SS_shuffleMF50_noCS_yesGoGo_nogrGo_mfgoplast_grgoplast_allcell_1000_trial_GOrasters.npy'
Raster array saved to '/home/data/einez/homeostat_SS/MFGoGr_SS_shuffleMF50_noCS_yesGoGo_nogrGo_mfgoplast_grgoplast_allcell_1000_trial/MFGoGr_SS_shuffleMF50_noCS_yesGoGo_nogrGo_mfgoplast_grgoplast_allcell_1000_trial_gogoW.npy'
Raster array saved to '/home/data/einez/homeostat_SS/MFGoGr_SS_shuffleMF50_noCS_yesGoGo_nogrGo_mfgoplast_grgoplast_allcell_1000_trial/MFGoGr_SS_shuffleMF50_noCS_yesGoGo_nogrGo_mfgoplast_grgoplast_allcell_1000_trial_grgoW.npy'
Raster array saved to '/home/data/einez/homeostat_SS/MFGoGr_SS_shuffleMF50_noCS_yesGoGo_nogrGo_mfgoplast_grgoplast_allcell_1000_trial/MFGoGr_SS_shuffleMF50_noCS_yesGoGo_nogrGo_mfgoplast_grgoplast_allcell_1000_trial_mfgoW.npy'
