nohup: ignoring input
Starting Session for GoGo Conv: 25 W: 0.05 ...
Initializing objects...
Objects initialized.
Loading connectivity arrays...
MFGO Connectivity Array Loaded.
MFGR Connectivity Array Loaded.
GOGR Connectivity Array Loaded.
GRGO Connectivity Array Loaded.
GOGO Connectivity Array Loaded.
Connectivity Arrays Loaded
Trial 0: Cell 1 (Static) = 0.004213 | Cell 2 (Plastic) = 0.004213
Trial: 1, Time:18.028s
Trial 1: Cell 1 (Static) = 0.004225 | Cell 2 (Plastic) = 0.004225
Trial: 2, Time:18.728s
Trial 2: Cell 1 (Static) = 0.004238 | Cell 2 (Plastic) = 0.004238
Trial: 3, Time:19.046s
Trial 3: Cell 1 (Static) = 0.004251 | Cell 2 (Plastic) = 0.004251
Trial: 4, Time:19.070s
Trial 4: Cell 1 (Static) = 0.004263 | Cell 2 (Plastic) = 0.004263
Trial: 5, Time:19.322s
Trial 5: Cell 1 (Static) = 0.004276 | Cell 2 (Plastic) = 0.004276
Trial: 6, Time:19.255s
Trial 6: Cell 1 (Static) = 0.004289 | Cell 2 (Plastic) = 0.004289
Trial: 7, Time:19.177s
Trial 7: Cell 1 (Static) = 0.004302 | Cell 2 (Plastic) = 0.004302
Trial: 8, Time:19.132s
Trial 8: Cell 1 (Static) = 0.004315 | Cell 2 (Plastic) = 0.004315
Trial: 9, Time:19.120s
Trial 9: Cell 1 (Static) = 0.004328 | Cell 2 (Plastic) = 0.004328
Trial: 10, Time:19.335s
Trial 10: Cell 1 (Static) = 0.004341 | Cell 2 (Plastic) = 0.004341
Trial: 11, Time:19.126s
Trial 11: Cell 1 (Static) = 0.004354 | Cell 2 (Plastic) = 0.004354
Trial: 12, Time:19.317s
Trial 12: Cell 1 (Static) = 0.004367 | Cell 2 (Plastic) = 0.004367
Trial: 13, Time:19.199s
Trial 13: Cell 1 (Static) = 0.004380 | Cell 2 (Plastic) = 0.004380
Trial: 14, Time:19.572s
Trial 14: Cell 1 (Static) = 0.004393 | Cell 2 (Plastic) = 0.004393
Trial: 15, Time:19.487s
Trial 15: Cell 1 (Static) = 0.004406 | Cell 2 (Plastic) = 0.004406
Trial: 16, Time:19.531s
Trial 16: Cell 1 (Static) = 0.004419 | Cell 2 (Plastic) = 0.004419
Trial: 17, Time:19.696s
Trial 17: Cell 1 (Static) = 0.004433 | Cell 2 (Plastic) = 0.004433
Trial: 18, Time:19.919s
Trial 18: Cell 1 (Static) = 0.004446 | Cell 2 (Plastic) = 0.004446
Trial: 19, Time:19.766s
Trial 19: Cell 1 (Static) = 0.004459 | Cell 2 (Plastic) = 0.004459
Trial: 20, Time:19.973s
Trial 20: Cell 1 (Static) = 0.004473 | Cell 2 (Plastic) = 0.004473
Trial: 21, Time:20.028s
Trial 21: Cell 1 (Static) = 0.004486 | Cell 2 (Plastic) = 0.004486
Trial: 22, Time:20.372s
Trial 22: Cell 1 (Static) = 0.004500 | Cell 2 (Plastic) = 0.004500
Trial: 23, Time:20.390s
Trial 23: Cell 1 (Static) = 0.004513 | Cell 2 (Plastic) = 0.004513
Trial: 24, Time:20.181s
Trial 24: Cell 1 (Static) = 0.004527 | Cell 2 (Plastic) = 0.004527
Trial: 25, Time:20.349s
Trial 25: Cell 1 (Static) = 0.004540 | Cell 2 (Plastic) = 0.004540
Trial: 26, Time:20.426s
Trial 26: Cell 1 (Static) = 0.004554 | Cell 2 (Plastic) = 0.004527
Trial: 27, Time:20.330s
Trial 27: Cell 1 (Static) = 0.004567 | Cell 2 (Plastic) = 0.004513
Trial: 28, Time:20.689s
Trial 28: Cell 1 (Static) = 0.004581 | Cell 2 (Plastic) = 0.004527
Trial: 29, Time:20.723s
Trial 29: Cell 1 (Static) = 0.004595 | Cell 2 (Plastic) = 0.004540
Trial: 30, Time:20.474s
Trial 30: Cell 1 (Static) = 0.004609 | Cell 2 (Plastic) = 0.004554
Trial: 31, Time:20.689s
Trial 31: Cell 1 (Static) = 0.004623 | Cell 2 (Plastic) = 0.004567
Trial: 32, Time:20.848s
Trial 32: Cell 1 (Static) = 0.004636 | Cell 2 (Plastic) = 0.004581
Trial: 33, Time:20.854s
Trial 33: Cell 1 (Static) = 0.004650 | Cell 2 (Plastic) = 0.004567
Trial: 34, Time:20.793s
Trial 34: Cell 1 (Static) = 0.004664 | Cell 2 (Plastic) = 0.004581
Trial: 35, Time:20.612s
Trial 35: Cell 1 (Static) = 0.004678 | Cell 2 (Plastic) = 0.004567
Trial: 36, Time:20.927s
Trial 36: Cell 1 (Static) = 0.004692 | Cell 2 (Plastic) = 0.004554
Trial: 37, Time:21.185s
Trial 37: Cell 1 (Static) = 0.004706 | Cell 2 (Plastic) = 0.004540
Trial: 38, Time:20.993s
Trial 38: Cell 1 (Static) = 0.004720 | Cell 2 (Plastic) = 0.004527
Trial: 39, Time:21.068s
Trial 39: Cell 1 (Static) = 0.004735 | Cell 2 (Plastic) = 0.004513
Trial: 40, Time:21.013s
Trial 40: Cell 1 (Static) = 0.004749 | Cell 2 (Plastic) = 0.004500
Trial: 41, Time:21.202s
Trial 41: Cell 1 (Static) = 0.004763 | Cell 2 (Plastic) = 0.004513
Trial: 42, Time:21.282s
Trial 42: Cell 1 (Static) = 0.004777 | Cell 2 (Plastic) = 0.004500
Trial: 43, Time:21.343s
Trial 43: Cell 1 (Static) = 0.004792 | Cell 2 (Plastic) = 0.004486
Trial: 44, Time:21.344s
Trial 44: Cell 1 (Static) = 0.004806 | Cell 2 (Plastic) = 0.004500
Trial: 45, Time:21.348s
Trial 45: Cell 1 (Static) = 0.004821 | Cell 2 (Plastic) = 0.004486
Trial: 46, Time:21.648s
Trial 46: Cell 1 (Static) = 0.004835 | Cell 2 (Plastic) = 0.004473
Trial: 47, Time:21.790s
Trial 47: Cell 1 (Static) = 0.004849 | Cell 2 (Plastic) = 0.004459
Trial: 48, Time:21.794s
Trial 48: Cell 1 (Static) = 0.004864 | Cell 2 (Plastic) = 0.004446
Trial: 49, Time:22.006s
Trial 49: Cell 1 (Static) = 0.004879 | Cell 2 (Plastic) = 0.004433
Trial: 50, Time:21.728s
Trial 50: Cell 1 (Static) = 0.004893 | Cell 2 (Plastic) = 0.004419
Trial: 51, Time:21.494s
Trial 51: Cell 1 (Static) = 0.004908 | Cell 2 (Plastic) = 0.004406
Trial: 52, Time:21.662s
Trial 52: Cell 1 (Static) = 0.004923 | Cell 2 (Plastic) = 0.004393
Trial: 53, Time:21.823s
Trial 53: Cell 1 (Static) = 0.004937 | Cell 2 (Plastic) = 0.004380
Trial: 54, Time:21.660s
Trial 54: Cell 1 (Static) = 0.004952 | Cell 2 (Plastic) = 0.004367
Trial: 55, Time:21.626s
Trial 55: Cell 1 (Static) = 0.004967 | Cell 2 (Plastic) = 0.004354
Trial: 56, Time:21.713s
Trial 56: Cell 1 (Static) = 0.004982 | Cell 2 (Plastic) = 0.004354
Trial: 57, Time:21.911s
Trial 57: Cell 1 (Static) = 0.004997 | Cell 2 (Plastic) = 0.004367
Trial: 58, Time:22.111s
Trial 58: Cell 1 (Static) = 0.005012 | Cell 2 (Plastic) = 0.004380
Trial: 59, Time:22.507s
Trial 59: Cell 1 (Static) = 0.005027 | Cell 2 (Plastic) = 0.004393
Trial: 60, Time:22.715s
Trial 60: Cell 1 (Static) = 0.005042 | Cell 2 (Plastic) = 0.004406
Trial: 61, Time:22.891s
Trial 61: Cell 1 (Static) = 0.005057 | Cell 2 (Plastic) = 0.004419
Trial: 62, Time:22.995s
Trial 62: Cell 1 (Static) = 0.005072 | Cell 2 (Plastic) = 0.004433
Trial: 63, Time:22.898s
Trial 63: Cell 1 (Static) = 0.005088 | Cell 2 (Plastic) = 0.004446
Trial: 64, Time:23.297s
Trial 64: Cell 1 (Static) = 0.005103 | Cell 2 (Plastic) = 0.004459
Trial: 65, Time:23.316s
Trial 65: Cell 1 (Static) = 0.005118 | Cell 2 (Plastic) = 0.004473
Trial: 66, Time:23.287s
Trial 66: Cell 1 (Static) = 0.005133 | Cell 2 (Plastic) = 0.004486
Trial: 67, Time:23.178s
Trial 67: Cell 1 (Static) = 0.005149 | Cell 2 (Plastic) = 0.004500
Trial: 68, Time:23.387s
Trial 68: Cell 1 (Static) = 0.005164 | Cell 2 (Plastic) = 0.004513
Trial: 69, Time:23.422s
Trial 69: Cell 1 (Static) = 0.005180 | Cell 2 (Plastic) = 0.004527
Trial: 70, Time:23.667s
Trial 70: Cell 1 (Static) = 0.005195 | Cell 2 (Plastic) = 0.004540
Trial: 71, Time:23.700s
Trial 71: Cell 1 (Static) = 0.005211 | Cell 2 (Plastic) = 0.004554
Trial: 72, Time:23.912s
Trial 72: Cell 1 (Static) = 0.005227 | Cell 2 (Plastic) = 0.004567
Trial: 73, Time:23.896s
Trial 73: Cell 1 (Static) = 0.005242 | Cell 2 (Plastic) = 0.004581
Trial: 74, Time:23.662s
Trial 74: Cell 1 (Static) = 0.005258 | Cell 2 (Plastic) = 0.004595
Trial: 75, Time:23.683s
Trial 75: Cell 1 (Static) = 0.005274 | Cell 2 (Plastic) = 0.004581
Trial: 76, Time:23.689s
Trial 76: Cell 1 (Static) = 0.005290 | Cell 2 (Plastic) = 0.004567
Trial: 77, Time:23.692s
Trial 77: Cell 1 (Static) = 0.005305 | Cell 2 (Plastic) = 0.004554
Trial: 78, Time:23.547s
Trial 78: Cell 1 (Static) = 0.005321 | Cell 2 (Plastic) = 0.004540
Trial: 79, Time:23.884s
Trial 79: Cell 1 (Static) = 0.005337 | Cell 2 (Plastic) = 0.004527
Trial: 80, Time:23.832s
Trial 80: Cell 1 (Static) = 0.005353 | Cell 2 (Plastic) = 0.004513
Trial: 81, Time:23.990s
Trial 81: Cell 1 (Static) = 0.005369 | Cell 2 (Plastic) = 0.004500
Trial: 82, Time:24.263s
Trial 82: Cell 1 (Static) = 0.005386 | Cell 2 (Plastic) = 0.004486
Trial: 83, Time:23.890s
Trial 83: Cell 1 (Static) = 0.005402 | Cell 2 (Plastic) = 0.004473
Trial: 84, Time:23.910s
Trial 84: Cell 1 (Static) = 0.005418 | Cell 2 (Plastic) = 0.004459
Trial: 85, Time:23.924s
Trial 85: Cell 1 (Static) = 0.005434 | Cell 2 (Plastic) = 0.004446
Trial: 86, Time:24.003s
Trial 86: Cell 1 (Static) = 0.005450 | Cell 2 (Plastic) = 0.004433
Trial: 87, Time:24.120s
Trial 87: Cell 1 (Static) = 0.005467 | Cell 2 (Plastic) = 0.004419
Trial: 88, Time:24.200s
Trial 88: Cell 1 (Static) = 0.005483 | Cell 2 (Plastic) = 0.004433
Trial: 89, Time:24.308s
Trial 89: Cell 1 (Static) = 0.005500 | Cell 2 (Plastic) = 0.004446
Trial: 90, Time:24.448s
Trial 90: Cell 1 (Static) = 0.005516 | Cell 2 (Plastic) = 0.004459
Trial: 91, Time:24.429s
Trial 91: Cell 1 (Static) = 0.005533 | Cell 2 (Plastic) = 0.004473
Trial: 92, Time:24.051s
Trial 92: Cell 1 (Static) = 0.005549 | Cell 2 (Plastic) = 0.004486
Trial: 93, Time:24.449s
Trial 93: Cell 1 (Static) = 0.005566 | Cell 2 (Plastic) = 0.004500
Trial: 94, Time:24.869s
Trial 94: Cell 1 (Static) = 0.005583 | Cell 2 (Plastic) = 0.004513
Trial: 95, Time:24.999s
Trial 95: Cell 1 (Static) = 0.005599 | Cell 2 (Plastic) = 0.004527
Trial: 96, Time:25.186s
Trial 96: Cell 1 (Static) = 0.005616 | Cell 2 (Plastic) = 0.004540
Trial: 97, Time:25.474s
Trial 97: Cell 1 (Static) = 0.005633 | Cell 2 (Plastic) = 0.004527
Trial: 98, Time:25.658s
Trial 98: Cell 1 (Static) = 0.005650 | Cell 2 (Plastic) = 0.004513
Trial: 99, Time:25.398s
Trial 99: Cell 1 (Static) = 0.005667 | Cell 2 (Plastic) = 0.004500
Trial: 100, Time:25.556s
Trial 100: Cell 1 (Static) = 0.005684 | Cell 2 (Plastic) = 0.004486
Trial: 101, Time:25.441s
Trial 101: Cell 1 (Static) = 0.005701 | Cell 2 (Plastic) = 0.004473
Trial: 102, Time:25.408s
Trial 102: Cell 1 (Static) = 0.005718 | Cell 2 (Plastic) = 0.004459
Trial: 103, Time:25.340s
Trial 103: Cell 1 (Static) = 0.005735 | Cell 2 (Plastic) = 0.004446
Trial: 104, Time:25.737s
Trial 104: Cell 1 (Static) = 0.005752 | Cell 2 (Plastic) = 0.004459
Trial: 105, Time:25.898s
Trial 105: Cell 1 (Static) = 0.005770 | Cell 2 (Plastic) = 0.004473
Trial: 106, Time:25.867s
Trial 106: Cell 1 (Static) = 0.005787 | Cell 2 (Plastic) = 0.004486
Trial: 107, Time:25.871s
Trial 107: Cell 1 (Static) = 0.005804 | Cell 2 (Plastic) = 0.004500
Trial: 108, Time:25.925s
Trial 108: Cell 1 (Static) = 0.005822 | Cell 2 (Plastic) = 0.004513
Trial: 109, Time:26.063s
Trial 109: Cell 1 (Static) = 0.005839 | Cell 2 (Plastic) = 0.004527
Trial: 110, Time:26.135s
Trial 110: Cell 1 (Static) = 0.005857 | Cell 2 (Plastic) = 0.004540
Trial: 111, Time:26.371s
Trial 111: Cell 1 (Static) = 0.005874 | Cell 2 (Plastic) = 0.004554
Trial: 112, Time:26.686s
Trial 112: Cell 1 (Static) = 0.005892 | Cell 2 (Plastic) = 0.004567
Trial: 113, Time:26.727s
Trial 113: Cell 1 (Static) = 0.005910 | Cell 2 (Plastic) = 0.004581
Trial: 114, Time:26.750s
Trial 114: Cell 1 (Static) = 0.005927 | Cell 2 (Plastic) = 0.004595
Trial: 115, Time:27.032s
Trial 115: Cell 1 (Static) = 0.005945 | Cell 2 (Plastic) = 0.004609
Trial: 116, Time:26.787s
Trial 116: Cell 1 (Static) = 0.005963 | Cell 2 (Plastic) = 0.004623
Trial: 117, Time:26.608s
Trial 117: Cell 1 (Static) = 0.005981 | Cell 2 (Plastic) = 0.004636
Trial: 118, Time:26.436s
Trial 118: Cell 1 (Static) = 0.005999 | Cell 2 (Plastic) = 0.004650
Trial: 119, Time:26.579s
Trial 119: Cell 1 (Static) = 0.006017 | Cell 2 (Plastic) = 0.004664
Trial: 120, Time:26.714s
Trial 120: Cell 1 (Static) = 0.006035 | Cell 2 (Plastic) = 0.004678
Trial: 121, Time:26.531s
Trial 121: Cell 1 (Static) = 0.006053 | Cell 2 (Plastic) = 0.004692
Trial: 122, Time:26.766s
Trial 122: Cell 1 (Static) = 0.006071 | Cell 2 (Plastic) = 0.004706
Trial: 123, Time:26.896s
Trial 123: Cell 1 (Static) = 0.006089 | Cell 2 (Plastic) = 0.004720
Trial: 124, Time:27.102s
Trial 124: Cell 1 (Static) = 0.006108 | Cell 2 (Plastic) = 0.004735
Trial: 125, Time:27.198s
Trial 125: Cell 1 (Static) = 0.006126 | Cell 2 (Plastic) = 0.004749
Trial: 126, Time:27.126s
Trial 126: Cell 1 (Static) = 0.006144 | Cell 2 (Plastic) = 0.004763
Trial: 127, Time:27.287s
Trial 127: Cell 1 (Static) = 0.006163 | Cell 2 (Plastic) = 0.004777
Trial: 128, Time:27.319s
Trial 128: Cell 1 (Static) = 0.006181 | Cell 2 (Plastic) = 0.004792
Trial: 129, Time:27.402s
Trial 129: Cell 1 (Static) = 0.006200 | Cell 2 (Plastic) = 0.004806
Trial: 130, Time:27.598s
Trial 130: Cell 1 (Static) = 0.006218 | Cell 2 (Plastic) = 0.004821
Trial: 131, Time:27.348s
Trial 131: Cell 1 (Static) = 0.006237 | Cell 2 (Plastic) = 0.004835
Trial: 132, Time:27.659s
Trial 132: Cell 1 (Static) = 0.006256 | Cell 2 (Plastic) = 0.004849
Trial: 133, Time:27.577s
Trial 133: Cell 1 (Static) = 0.006274 | Cell 2 (Plastic) = 0.004864
Trial: 134, Time:27.662s
Trial 134: Cell 1 (Static) = 0.006293 | Cell 2 (Plastic) = 0.004879
Trial: 135, Time:27.754s
Trial 135: Cell 1 (Static) = 0.006312 | Cell 2 (Plastic) = 0.004864
Trial: 136, Time:28.221s
Trial 136: Cell 1 (Static) = 0.006331 | Cell 2 (Plastic) = 0.004879
Trial: 137, Time:28.001s
Trial 137: Cell 1 (Static) = 0.006350 | Cell 2 (Plastic) = 0.004893
Trial: 138, Time:28.281s
Trial 138: Cell 1 (Static) = 0.006369 | Cell 2 (Plastic) = 0.004908
Trial: 139, Time:28.464s
Trial 139: Cell 1 (Static) = 0.006388 | Cell 2 (Plastic) = 0.004923
Trial: 140, Time:28.617s
Trial 140: Cell 1 (Static) = 0.006407 | Cell 2 (Plastic) = 0.004937
Trial: 141, Time:28.511s
Trial 141: Cell 1 (Static) = 0.006427 | Cell 2 (Plastic) = 0.004952
Trial: 142, Time:28.272s
Trial 142: Cell 1 (Static) = 0.006446 | Cell 2 (Plastic) = 0.004967
Trial: 143, Time:28.516s
Trial 143: Cell 1 (Static) = 0.006465 | Cell 2 (Plastic) = 0.004982
Trial: 144, Time:28.818s
Trial 144: Cell 1 (Static) = 0.006485 | Cell 2 (Plastic) = 0.004997
Trial: 145, Time:28.883s
Trial 145: Cell 1 (Static) = 0.006504 | Cell 2 (Plastic) = 0.005012
Trial: 146, Time:28.720s
Trial 146: Cell 1 (Static) = 0.006524 | Cell 2 (Plastic) = 0.005027
Trial: 147, Time:29.069s
Trial 147: Cell 1 (Static) = 0.006543 | Cell 2 (Plastic) = 0.005042
Trial: 148, Time:28.836s
Trial 148: Cell 1 (Static) = 0.006563 | Cell 2 (Plastic) = 0.005057
Trial: 149, Time:28.726s
Trial 149: Cell 1 (Static) = 0.006582 | Cell 2 (Plastic) = 0.005072
Trial: 150, Time:28.921s
Trial 150: Cell 1 (Static) = 0.006602 | Cell 2 (Plastic) = 0.005088
Trial: 151, Time:28.973s
Trial 151: Cell 1 (Static) = 0.006622 | Cell 2 (Plastic) = 0.005103
Trial: 152, Time:28.843s
Trial 152: Cell 1 (Static) = 0.006642 | Cell 2 (Plastic) = 0.005118
Trial: 153, Time:28.599s
Trial 153: Cell 1 (Static) = 0.006662 | Cell 2 (Plastic) = 0.005103
Trial: 154, Time:28.831s
Trial 154: Cell 1 (Static) = 0.006682 | Cell 2 (Plastic) = 0.005118
Trial: 155, Time:29.052s
Trial 155: Cell 1 (Static) = 0.006702 | Cell 2 (Plastic) = 0.005133
Trial: 156, Time:28.797s
Trial 156: Cell 1 (Static) = 0.006722 | Cell 2 (Plastic) = 0.005149
Trial: 157, Time:28.870s
Trial 157: Cell 1 (Static) = 0.006742 | Cell 2 (Plastic) = 0.005164
Trial: 158, Time:29.064s
Trial 158: Cell 1 (Static) = 0.006722 | Cell 2 (Plastic) = 0.005180
Trial: 159, Time:28.978s
Trial 159: Cell 1 (Static) = 0.006702 | Cell 2 (Plastic) = 0.005195
Trial: 160, Time:29.124s
Trial 160: Cell 1 (Static) = 0.006682 | Cell 2 (Plastic) = 0.005211
Trial: 161, Time:29.481s
Trial 161: Cell 1 (Static) = 0.006662 | Cell 2 (Plastic) = 0.005227
Trial: 162, Time:29.619s
Trial 162: Cell 1 (Static) = 0.006642 | Cell 2 (Plastic) = 0.005242
Trial: 163, Time:29.149s
Trial 163: Cell 1 (Static) = 0.006662 | Cell 2 (Plastic) = 0.005258
Trial: 164, Time:29.178s
Trial 164: Cell 1 (Static) = 0.006642 | Cell 2 (Plastic) = 0.005274
Trial: 165, Time:29.074s
Trial 165: Cell 1 (Static) = 0.006622 | Cell 2 (Plastic) = 0.005290
Trial: 166, Time:28.959s
Trial 166: Cell 1 (Static) = 0.006602 | Cell 2 (Plastic) = 0.005305
Trial: 167, Time:29.224s
Trial 167: Cell 1 (Static) = 0.006582 | Cell 2 (Plastic) = 0.005321
Trial: 168, Time:29.216s
Trial 168: Cell 1 (Static) = 0.006602 | Cell 2 (Plastic) = 0.005337
Trial: 169, Time:29.369s
Trial 169: Cell 1 (Static) = 0.006622 | Cell 2 (Plastic) = 0.005353
Trial: 170, Time:29.308s
Trial 170: Cell 1 (Static) = 0.006642 | Cell 2 (Plastic) = 0.005369
Trial: 171, Time:29.701s
Trial 171: Cell 1 (Static) = 0.006662 | Cell 2 (Plastic) = 0.005386
Trial: 172, Time:29.636s
Trial 172: Cell 1 (Static) = 0.006682 | Cell 2 (Plastic) = 0.005402
Trial: 173, Time:29.622s
Trial 173: Cell 1 (Static) = 0.006702 | Cell 2 (Plastic) = 0.005418
Trial: 174, Time:29.759s
Trial 174: Cell 1 (Static) = 0.006722 | Cell 2 (Plastic) = 0.005434
Trial: 175, Time:29.805s
Trial 175: Cell 1 (Static) = 0.006742 | Cell 2 (Plastic) = 0.005450
Trial: 176, Time:29.841s
Trial 176: Cell 1 (Static) = 0.006762 | Cell 2 (Plastic) = 0.005467
Trial: 177, Time:29.971s
Trial 177: Cell 1 (Static) = 0.006783 | Cell 2 (Plastic) = 0.005483
Trial: 178, Time:30.109s
Trial 178: Cell 1 (Static) = 0.006803 | Cell 2 (Plastic) = 0.005500
Trial: 179, Time:30.363s
Trial 179: Cell 1 (Static) = 0.006823 | Cell 2 (Plastic) = 0.005516
Trial: 180, Time:30.227s
Trial 180: Cell 1 (Static) = 0.006844 | Cell 2 (Plastic) = 0.005533
Trial: 181, Time:30.295s
Trial 181: Cell 1 (Static) = 0.006864 | Cell 2 (Plastic) = 0.005549
Trial: 182, Time:29.740s
Trial 182: Cell 1 (Static) = 0.006885 | Cell 2 (Plastic) = 0.005533
Trial: 183, Time:29.992s
Trial 183: Cell 1 (Static) = 0.006906 | Cell 2 (Plastic) = 0.005516
Trial: 184, Time:30.215s
Trial 184: Cell 1 (Static) = 0.006926 | Cell 2 (Plastic) = 0.005500
Trial: 185, Time:30.493s
Trial 185: Cell 1 (Static) = 0.006906 | Cell 2 (Plastic) = 0.005483
Trial: 186, Time:30.226s
Trial 186: Cell 1 (Static) = 0.006885 | Cell 2 (Plastic) = 0.005467
Trial: 187, Time:30.342s
Trial 187: Cell 1 (Static) = 0.006864 | Cell 2 (Plastic) = 0.005450
Trial: 188, Time:30.500s
Trial 188: Cell 1 (Static) = 0.006844 | Cell 2 (Plastic) = 0.005467
Trial: 189, Time:30.371s
Trial 189: Cell 1 (Static) = 0.006823 | Cell 2 (Plastic) = 0.005483
Trial: 190, Time:30.380s
Trial 190: Cell 1 (Static) = 0.006844 | Cell 2 (Plastic) = 0.005500
Trial: 191, Time:30.451s
Trial 191: Cell 1 (Static) = 0.006864 | Cell 2 (Plastic) = 0.005483
Trial: 192, Time:30.542s
Trial 192: Cell 1 (Static) = 0.006885 | Cell 2 (Plastic) = 0.005467
Trial: 193, Time:31.027s
Trial 193: Cell 1 (Static) = 0.006906 | Cell 2 (Plastic) = 0.005483
Trial: 194, Time:30.635s
Trial 194: Cell 1 (Static) = 0.006926 | Cell 2 (Plastic) = 0.005500
Trial: 195, Time:30.873s
Trial 195: Cell 1 (Static) = 0.006947 | Cell 2 (Plastic) = 0.005516
Trial: 196, Time:30.804s
Trial 196: Cell 1 (Static) = 0.006968 | Cell 2 (Plastic) = 0.005533
Trial: 197, Time:30.816s
Trial 197: Cell 1 (Static) = 0.006989 | Cell 2 (Plastic) = 0.005549
Trial: 198, Time:30.902s
Trial 198: Cell 1 (Static) = 0.007010 | Cell 2 (Plastic) = 0.005566
Trial: 199, Time:30.947s
Trial 199: Cell 1 (Static) = 0.007031 | Cell 2 (Plastic) = 0.005583
Trial: 200, Time:30.888s
Trial 200: Cell 1 (Static) = 0.007052 | Cell 2 (Plastic) = 0.005599
Trial: 201, Time:31.122s
Trial 201: Cell 1 (Static) = 0.007073 | Cell 2 (Plastic) = 0.005616
Trial: 202, Time:30.667s
Trial 202: Cell 1 (Static) = 0.007094 | Cell 2 (Plastic) = 0.005633
Trial: 203, Time:30.893s
Trial 203: Cell 1 (Static) = 0.007116 | Cell 2 (Plastic) = 0.005650
Trial: 204, Time:30.852s
Trial 204: Cell 1 (Static) = 0.007137 | Cell 2 (Plastic) = 0.005667
Trial: 205, Time:31.208s
Trial 205: Cell 1 (Static) = 0.007158 | Cell 2 (Plastic) = 0.005684
Trial: 206, Time:31.405s
Trial 206: Cell 1 (Static) = 0.007180 | Cell 2 (Plastic) = 0.005701
Trial: 207, Time:31.844s
Trial 207: Cell 1 (Static) = 0.007201 | Cell 2 (Plastic) = 0.005718
Trial: 208, Time:31.864s
Trial 208: Cell 1 (Static) = 0.007180 | Cell 2 (Plastic) = 0.005735
Trial: 209, Time:31.798s
Trial 209: Cell 1 (Static) = 0.007158 | Cell 2 (Plastic) = 0.005752
Trial: 210, Time:31.780s
Trial 210: Cell 1 (Static) = 0.007137 | Cell 2 (Plastic) = 0.005770
Trial: 211, Time:31.934s
Trial 211: Cell 1 (Static) = 0.007116 | Cell 2 (Plastic) = 0.005787
Trial: 212, Time:31.912s
Trial 212: Cell 1 (Static) = 0.007094 | Cell 2 (Plastic) = 0.005804
Trial: 213, Time:31.928s
Trial 213: Cell 1 (Static) = 0.007073 | Cell 2 (Plastic) = 0.005822
Trial: 214, Time:32.110s
Trial 214: Cell 1 (Static) = 0.007094 | Cell 2 (Plastic) = 0.005839
Trial: 215, Time:32.081s
Trial 215: Cell 1 (Static) = 0.007116 | Cell 2 (Plastic) = 0.005857
Trial: 216, Time:32.040s
Trial 216: Cell 1 (Static) = 0.007137 | Cell 2 (Plastic) = 0.005874
Trial: 217, Time:32.312s
Trial 217: Cell 1 (Static) = 0.007158 | Cell 2 (Plastic) = 0.005892
Trial: 218, Time:31.964s
Trial 218: Cell 1 (Static) = 0.007180 | Cell 2 (Plastic) = 0.005910
Trial: 219, Time:32.043s
Trial 219: Cell 1 (Static) = 0.007201 | Cell 2 (Plastic) = 0.005927
Trial: 220, Time:32.206s
Trial 220: Cell 1 (Static) = 0.007223 | Cell 2 (Plastic) = 0.005945
Trial: 221, Time:32.373s
Trial 221: Cell 1 (Static) = 0.007245 | Cell 2 (Plastic) = 0.005963
Trial: 222, Time:32.436s
Trial 222: Cell 1 (Static) = 0.007266 | Cell 2 (Plastic) = 0.005945
Trial: 223, Time:32.379s
Trial 223: Cell 1 (Static) = 0.007288 | Cell 2 (Plastic) = 0.005927
Trial: 224, Time:32.355s
Trial 224: Cell 1 (Static) = 0.007266 | Cell 2 (Plastic) = 0.005945
Trial: 225, Time:32.276s
Trial 225: Cell 1 (Static) = 0.007288 | Cell 2 (Plastic) = 0.005927
Trial: 226, Time:32.919s
Trial 226: Cell 1 (Static) = 0.007310 | Cell 2 (Plastic) = 0.005945
Trial: 227, Time:32.871s
Trial 227: Cell 1 (Static) = 0.007332 | Cell 2 (Plastic) = 0.005963
Trial: 228, Time:32.686s
Trial 228: Cell 1 (Static) = 0.007354 | Cell 2 (Plastic) = 0.005981
Trial: 229, Time:32.493s
Trial 229: Cell 1 (Static) = 0.007376 | Cell 2 (Plastic) = 0.005999
Trial: 230, Time:32.659s
Trial 230: Cell 1 (Static) = 0.007398 | Cell 2 (Plastic) = 0.006017
Trial: 231, Time:32.630s
Trial 231: Cell 1 (Static) = 0.007420 | Cell 2 (Plastic) = 0.006035
Trial: 232, Time:32.236s
Trial 232: Cell 1 (Static) = 0.007443 | Cell 2 (Plastic) = 0.006053
Trial: 233, Time:32.572s
Trial 233: Cell 1 (Static) = 0.007465 | Cell 2 (Plastic) = 0.006071
Trial: 234, Time:32.665s
Trial 234: Cell 1 (Static) = 0.007443 | Cell 2 (Plastic) = 0.006089
Trial: 235, Time:32.723s
Trial 235: Cell 1 (Static) = 0.007420 | Cell 2 (Plastic) = 0.006108
Trial: 236, Time:32.748s
Trial 236: Cell 1 (Static) = 0.007398 | Cell 2 (Plastic) = 0.006126
Trial: 237, Time:32.919s
Trial 237: Cell 1 (Static) = 0.007376 | Cell 2 (Plastic) = 0.006144
Trial: 238, Time:32.870s
Trial 238: Cell 1 (Static) = 0.007398 | Cell 2 (Plastic) = 0.006163
Trial: 239, Time:32.663s
Trial 239: Cell 1 (Static) = 0.007420 | Cell 2 (Plastic) = 0.006181
Trial: 240, Time:32.789s
Trial 240: Cell 1 (Static) = 0.007443 | Cell 2 (Plastic) = 0.006200
Trial: 241, Time:32.686s
Trial 241: Cell 1 (Static) = 0.007465 | Cell 2 (Plastic) = 0.006218
Trial: 242, Time:32.864s
Trial 242: Cell 1 (Static) = 0.007487 | Cell 2 (Plastic) = 0.006237
Trial: 243, Time:33.277s
Trial 243: Cell 1 (Static) = 0.007510 | Cell 2 (Plastic) = 0.006256
Trial: 244, Time:33.166s
Trial 244: Cell 1 (Static) = 0.007532 | Cell 2 (Plastic) = 0.006274
Trial: 245, Time:32.844s
Trial 245: Cell 1 (Static) = 0.007555 | Cell 2 (Plastic) = 0.006293
Trial: 246, Time:32.731s
Trial 246: Cell 1 (Static) = 0.007578 | Cell 2 (Plastic) = 0.006312
Trial: 247, Time:32.808s
Trial 247: Cell 1 (Static) = 0.007600 | Cell 2 (Plastic) = 0.006331
Trial: 248, Time:32.898s
Trial 248: Cell 1 (Static) = 0.007623 | Cell 2 (Plastic) = 0.006350
Trial: 249, Time:33.237s
Trial 249: Cell 1 (Static) = 0.007646 | Cell 2 (Plastic) = 0.006369
Trial: 250, Time:33.341s
Trial 250: Cell 1 (Static) = 0.007669 | Cell 2 (Plastic) = 0.006388
Trial: 251, Time:33.443s
Trial 251: Cell 1 (Static) = 0.007692 | Cell 2 (Plastic) = 0.006407
Trial: 252, Time:33.512s
Trial 252: Cell 1 (Static) = 0.007715 | Cell 2 (Plastic) = 0.006427
Trial: 253, Time:33.695s
Trial 253: Cell 1 (Static) = 0.007738 | Cell 2 (Plastic) = 0.006446
Trial: 254, Time:33.515s
Trial 254: Cell 1 (Static) = 0.007761 | Cell 2 (Plastic) = 0.006465
Trial: 255, Time:33.481s
Trial 255: Cell 1 (Static) = 0.007785 | Cell 2 (Plastic) = 0.006485
Trial: 256, Time:33.666s
Trial 256: Cell 1 (Static) = 0.007761 | Cell 2 (Plastic) = 0.006504
Trial: 257, Time:33.817s
Trial 257: Cell 1 (Static) = 0.007785 | Cell 2 (Plastic) = 0.006524
Trial: 258, Time:33.515s
Trial 258: Cell 1 (Static) = 0.007808 | Cell 2 (Plastic) = 0.006543
Trial: 259, Time:33.796s
Trial 259: Cell 1 (Static) = 0.007831 | Cell 2 (Plastic) = 0.006563
Trial: 260, Time:33.962s
Trial 260: Cell 1 (Static) = 0.007855 | Cell 2 (Plastic) = 0.006582
Trial: 261, Time:33.864s
Trial 261: Cell 1 (Static) = 0.007879 | Cell 2 (Plastic) = 0.006602
Trial: 262, Time:33.713s
Trial 262: Cell 1 (Static) = 0.007902 | Cell 2 (Plastic) = 0.006622
Trial: 263, Time:33.661s
Trial 263: Cell 1 (Static) = 0.007926 | Cell 2 (Plastic) = 0.006642
Trial: 264, Time:33.717s
Trial 264: Cell 1 (Static) = 0.007950 | Cell 2 (Plastic) = 0.006662
Trial: 265, Time:33.472s
Trial 265: Cell 1 (Static) = 0.007973 | Cell 2 (Plastic) = 0.006682
Trial: 266, Time:33.522s
Trial 266: Cell 1 (Static) = 0.007997 | Cell 2 (Plastic) = 0.006702
Trial: 267, Time:33.607s
Trial 267: Cell 1 (Static) = 0.008021 | Cell 2 (Plastic) = 0.006722
Trial: 268, Time:33.703s
Trial 268: Cell 1 (Static) = 0.008045 | Cell 2 (Plastic) = 0.006702
Trial: 269, Time:33.715s
Trial 269: Cell 1 (Static) = 0.008070 | Cell 2 (Plastic) = 0.006682
Trial: 270, Time:33.932s
Trial 270: Cell 1 (Static) = 0.008094 | Cell 2 (Plastic) = 0.006702
Trial: 271, Time:34.210s
Trial 271: Cell 1 (Static) = 0.008118 | Cell 2 (Plastic) = 0.006722
Trial: 272, Time:33.726s
Trial 272: Cell 1 (Static) = 0.008142 | Cell 2 (Plastic) = 0.006742
Trial: 273, Time:33.794s
Trial 273: Cell 1 (Static) = 0.008167 | Cell 2 (Plastic) = 0.006762
Trial: 274, Time:33.635s
Trial 274: Cell 1 (Static) = 0.008191 | Cell 2 (Plastic) = 0.006783
Trial: 275, Time:33.741s
Trial 275: Cell 1 (Static) = 0.008216 | Cell 2 (Plastic) = 0.006803
Trial: 276, Time:33.777s
Trial 276: Cell 1 (Static) = 0.008241 | Cell 2 (Plastic) = 0.006823
Trial: 277, Time:33.567s
Trial 277: Cell 1 (Static) = 0.008216 | Cell 2 (Plastic) = 0.006844
Trial: 278, Time:33.703s
Trial 278: Cell 1 (Static) = 0.008191 | Cell 2 (Plastic) = 0.006864
Trial: 279, Time:33.904s
Trial 279: Cell 1 (Static) = 0.008167 | Cell 2 (Plastic) = 0.006885
Trial: 280, Time:33.686s
Trial 280: Cell 1 (Static) = 0.008191 | Cell 2 (Plastic) = 0.006906
Trial: 281, Time:34.072s
Trial 281: Cell 1 (Static) = 0.008216 | Cell 2 (Plastic) = 0.006926
Trial: 282, Time:34.413s
Trial 282: Cell 1 (Static) = 0.008241 | Cell 2 (Plastic) = 0.006947
Trial: 283, Time:34.487s
Trial 283: Cell 1 (Static) = 0.008216 | Cell 2 (Plastic) = 0.006968
Trial: 284, Time:34.201s
Trial 284: Cell 1 (Static) = 0.008191 | Cell 2 (Plastic) = 0.006989
Trial: 285, Time:34.418s
Trial 285: Cell 1 (Static) = 0.008167 | Cell 2 (Plastic) = 0.007010
Trial: 286, Time:34.575s
Trial 286: Cell 1 (Static) = 0.008142 | Cell 2 (Plastic) = 0.007031
Trial: 287, Time:34.559s
Trial 287: Cell 1 (Static) = 0.008118 | Cell 2 (Plastic) = 0.007052
Trial: 288, Time:34.613s
Trial 288: Cell 1 (Static) = 0.008094 | Cell 2 (Plastic) = 0.007073
Trial: 289, Time:34.542s
Trial 289: Cell 1 (Static) = 0.008070 | Cell 2 (Plastic) = 0.007094
Trial: 290, Time:34.352s
Trial 290: Cell 1 (Static) = 0.008045 | Cell 2 (Plastic) = 0.007116
Trial: 291, Time:34.577s
Trial 291: Cell 1 (Static) = 0.008021 | Cell 2 (Plastic) = 0.007094
Trial: 292, Time:34.893s
Trial 292: Cell 1 (Static) = 0.007997 | Cell 2 (Plastic) = 0.007116
Trial: 293, Time:34.646s
Trial 293: Cell 1 (Static) = 0.007973 | Cell 2 (Plastic) = 0.007137
Trial: 294, Time:34.865s
Trial 294: Cell 1 (Static) = 0.007950 | Cell 2 (Plastic) = 0.007158
Trial: 295, Time:34.828s
Trial 295: Cell 1 (Static) = 0.007926 | Cell 2 (Plastic) = 0.007180
Trial: 296, Time:34.643s
Trial 296: Cell 1 (Static) = 0.007950 | Cell 2 (Plastic) = 0.007158
Trial: 297, Time:34.842s
Trial 297: Cell 1 (Static) = 0.007973 | Cell 2 (Plastic) = 0.007137
Trial: 298, Time:35.508s
Trial 298: Cell 1 (Static) = 0.007997 | Cell 2 (Plastic) = 0.007116
Trial: 299, Time:35.265s
Trial 299: Cell 1 (Static) = 0.008021 | Cell 2 (Plastic) = 0.007137
Trial: 300, Time:35.375s
Trial 300: Cell 1 (Static) = 0.008045 | Cell 2 (Plastic) = 0.007116
Trial: 301, Time:35.091s
Trial 301: Cell 1 (Static) = 0.008070 | Cell 2 (Plastic) = 0.007094
Trial: 302, Time:35.857s
Trial 302: Cell 1 (Static) = 0.008045 | Cell 2 (Plastic) = 0.007116
Trial: 303, Time:36.409s
Trial 303: Cell 1 (Static) = 0.008021 | Cell 2 (Plastic) = 0.007137
Trial: 304, Time:36.017s
Trial 304: Cell 1 (Static) = 0.007997 | Cell 2 (Plastic) = 0.007158
Trial: 305, Time:36.100s
Trial 305: Cell 1 (Static) = 0.007973 | Cell 2 (Plastic) = 0.007180
Trial: 306, Time:35.883s
Trial 306: Cell 1 (Static) = 0.007950 | Cell 2 (Plastic) = 0.007201
Trial: 307, Time:36.140s
Trial 307: Cell 1 (Static) = 0.007973 | Cell 2 (Plastic) = 0.007223
Trial: 308, Time:36.190s
Trial 308: Cell 1 (Static) = 0.007997 | Cell 2 (Plastic) = 0.007201
Trial: 309, Time:36.453s
Trial 309: Cell 1 (Static) = 0.008021 | Cell 2 (Plastic) = 0.007223
Trial: 310, Time:36.353s
Trial 310: Cell 1 (Static) = 0.008045 | Cell 2 (Plastic) = 0.007245
Trial: 311, Time:36.541s
Trial 311: Cell 1 (Static) = 0.008070 | Cell 2 (Plastic) = 0.007266
Trial: 312, Time:36.455s
Trial 312: Cell 1 (Static) = 0.008094 | Cell 2 (Plastic) = 0.007288
Trial: 313, Time:36.986s
Trial 313: Cell 1 (Static) = 0.008070 | Cell 2 (Plastic) = 0.007266
Trial: 314, Time:36.987s
Trial 314: Cell 1 (Static) = 0.008045 | Cell 2 (Plastic) = 0.007245
Trial: 315, Time:36.801s
Trial 315: Cell 1 (Static) = 0.008070 | Cell 2 (Plastic) = 0.007266
Trial: 316, Time:36.457s
Trial 316: Cell 1 (Static) = 0.008045 | Cell 2 (Plastic) = 0.007288
Trial: 317, Time:36.579s
Trial 317: Cell 1 (Static) = 0.008021 | Cell 2 (Plastic) = 0.007266
Trial: 318, Time:36.962s
Trial 318: Cell 1 (Static) = 0.008045 | Cell 2 (Plastic) = 0.007245
Trial: 319, Time:36.864s
Trial 319: Cell 1 (Static) = 0.008021 | Cell 2 (Plastic) = 0.007266
Trial: 320, Time:36.749s
Trial 320: Cell 1 (Static) = 0.007997 | Cell 2 (Plastic) = 0.007288
Trial: 321, Time:36.819s
Trial 321: Cell 1 (Static) = 0.008021 | Cell 2 (Plastic) = 0.007266
Trial: 322, Time:36.836s
Trial 322: Cell 1 (Static) = 0.008045 | Cell 2 (Plastic) = 0.007288
Trial: 323, Time:36.852s
Trial 323: Cell 1 (Static) = 0.008070 | Cell 2 (Plastic) = 0.007310
Trial: 324, Time:36.980s
Trial 324: Cell 1 (Static) = 0.008045 | Cell 2 (Plastic) = 0.007332
Trial: 325, Time:36.815s
Trial 325: Cell 1 (Static) = 0.008021 | Cell 2 (Plastic) = 0.007354
Trial: 326, Time:36.696s
Trial 326: Cell 1 (Static) = 0.007997 | Cell 2 (Plastic) = 0.007376
Trial: 327, Time:36.980s
Trial 327: Cell 1 (Static) = 0.007973 | Cell 2 (Plastic) = 0.007398
Trial: 328, Time:36.901s
Trial 328: Cell 1 (Static) = 0.007950 | Cell 2 (Plastic) = 0.007420
Trial: 329, Time:36.737s
Trial 329: Cell 1 (Static) = 0.007973 | Cell 2 (Plastic) = 0.007398
Trial: 330, Time:36.697s
Trial 330: Cell 1 (Static) = 0.007997 | Cell 2 (Plastic) = 0.007376
Trial: 331, Time:36.899s
Trial 331: Cell 1 (Static) = 0.008021 | Cell 2 (Plastic) = 0.007354
Trial: 332, Time:37.187s
Trial 332: Cell 1 (Static) = 0.008045 | Cell 2 (Plastic) = 0.007332
Trial: 333, Time:37.454s
Trial 333: Cell 1 (Static) = 0.008070 | Cell 2 (Plastic) = 0.007310
Trial: 334, Time:37.702s
Trial 334: Cell 1 (Static) = 0.008094 | Cell 2 (Plastic) = 0.007288
Trial: 335, Time:37.644s
Trial 335: Cell 1 (Static) = 0.008118 | Cell 2 (Plastic) = 0.007266
Trial: 336, Time:37.459s
Trial 336: Cell 1 (Static) = 0.008142 | Cell 2 (Plastic) = 0.007245
Trial: 337, Time:37.634s
Trial 337: Cell 1 (Static) = 0.008167 | Cell 2 (Plastic) = 0.007223
Trial: 338, Time:37.872s
Trial 338: Cell 1 (Static) = 0.008191 | Cell 2 (Plastic) = 0.007201
Trial: 339, Time:38.051s
Trial 339: Cell 1 (Static) = 0.008167 | Cell 2 (Plastic) = 0.007223
Trial: 340, Time:37.609s
Trial 340: Cell 1 (Static) = 0.008142 | Cell 2 (Plastic) = 0.007245
Trial: 341, Time:37.621s
Trial 341: Cell 1 (Static) = 0.008167 | Cell 2 (Plastic) = 0.007266
Trial: 342, Time:37.570s
Trial 342: Cell 1 (Static) = 0.008191 | Cell 2 (Plastic) = 0.007245
Trial: 343, Time:37.856s
Trial 343: Cell 1 (Static) = 0.008216 | Cell 2 (Plastic) = 0.007223
Trial: 344, Time:37.815s
Trial 344: Cell 1 (Static) = 0.008241 | Cell 2 (Plastic) = 0.007201
Trial: 345, Time:38.597s
Trial 345: Cell 1 (Static) = 0.008265 | Cell 2 (Plastic) = 0.007180
Trial: 346, Time:37.891s
Trial 346: Cell 1 (Static) = 0.008290 | Cell 2 (Plastic) = 0.007158
Trial: 347, Time:38.038s
Trial 347: Cell 1 (Static) = 0.008315 | Cell 2 (Plastic) = 0.007137
Trial: 348, Time:37.740s
Trial 348: Cell 1 (Static) = 0.008340 | Cell 2 (Plastic) = 0.007116
Trial: 349, Time:37.751s
Trial 349: Cell 1 (Static) = 0.008365 | Cell 2 (Plastic) = 0.007094
Trial: 350, Time:37.931s
Trial 350: Cell 1 (Static) = 0.008390 | Cell 2 (Plastic) = 0.007073
Trial: 351, Time:37.939s
Trial 351: Cell 1 (Static) = 0.008415 | Cell 2 (Plastic) = 0.007094
Trial: 352, Time:37.842s
Trial 352: Cell 1 (Static) = 0.008440 | Cell 2 (Plastic) = 0.007116
Trial: 353, Time:38.088s
Trial 353: Cell 1 (Static) = 0.008466 | Cell 2 (Plastic) = 0.007137
Trial: 354, Time:38.154s
Trial 354: Cell 1 (Static) = 0.008491 | Cell 2 (Plastic) = 0.007158
Trial: 355, Time:38.173s
Trial 355: Cell 1 (Static) = 0.008466 | Cell 2 (Plastic) = 0.007180
Trial: 356, Time:38.066s
Trial 356: Cell 1 (Static) = 0.008440 | Cell 2 (Plastic) = 0.007201
Trial: 357, Time:38.112s
Trial 357: Cell 1 (Static) = 0.008415 | Cell 2 (Plastic) = 0.007223
Trial: 358, Time:38.011s
Trial 358: Cell 1 (Static) = 0.008390 | Cell 2 (Plastic) = 0.007245
Trial: 359, Time:38.158s
Trial 359: Cell 1 (Static) = 0.008365 | Cell 2 (Plastic) = 0.007266
Trial: 360, Time:38.157s
Trial 360: Cell 1 (Static) = 0.008340 | Cell 2 (Plastic) = 0.007288
Trial: 361, Time:38.419s
Trial 361: Cell 1 (Static) = 0.008315 | Cell 2 (Plastic) = 0.007310
Trial: 362, Time:38.166s
Trial 362: Cell 1 (Static) = 0.008290 | Cell 2 (Plastic) = 0.007332
Trial: 363, Time:38.344s
Trial 363: Cell 1 (Static) = 0.008265 | Cell 2 (Plastic) = 0.007354
Trial: 364, Time:38.212s
Trial 364: Cell 1 (Static) = 0.008241 | Cell 2 (Plastic) = 0.007376
Trial: 365, Time:38.304s
Trial 365: Cell 1 (Static) = 0.008216 | Cell 2 (Plastic) = 0.007398
Trial: 366, Time:38.543s
Trial 366: Cell 1 (Static) = 0.008191 | Cell 2 (Plastic) = 0.007398
Trial: 367, Time:38.887s
Trial 367: Cell 1 (Static) = 0.008167 | Cell 2 (Plastic) = 0.007420
Trial: 368, Time:38.918s
Trial 368: Cell 1 (Static) = 0.008142 | Cell 2 (Plastic) = 0.007443
Trial: 369, Time:38.776s
Trial 369: Cell 1 (Static) = 0.008118 | Cell 2 (Plastic) = 0.007465
Trial: 370, Time:38.445s
Trial 370: Cell 1 (Static) = 0.008094 | Cell 2 (Plastic) = 0.007487
Trial: 371, Time:38.309s
Trial 371: Cell 1 (Static) = 0.008070 | Cell 2 (Plastic) = 0.007465
Trial: 372, Time:38.325s
Trial 372: Cell 1 (Static) = 0.008094 | Cell 2 (Plastic) = 0.007443
Trial: 373, Time:38.489s
Trial 373: Cell 1 (Static) = 0.008070 | Cell 2 (Plastic) = 0.007420
Trial: 374, Time:38.449s
Trial 374: Cell 1 (Static) = 0.008094 | Cell 2 (Plastic) = 0.007398
Trial: 375, Time:38.573s
Trial 375: Cell 1 (Static) = 0.008118 | Cell 2 (Plastic) = 0.007376
Trial: 376, Time:38.681s
Trial 376: Cell 1 (Static) = 0.008142 | Cell 2 (Plastic) = 0.007398
Trial: 377, Time:38.781s
Trial 377: Cell 1 (Static) = 0.008167 | Cell 2 (Plastic) = 0.007376
Trial: 378, Time:38.717s
Trial 378: Cell 1 (Static) = 0.008142 | Cell 2 (Plastic) = 0.007354
Trial: 379, Time:38.316s
Trial 379: Cell 1 (Static) = 0.008118 | Cell 2 (Plastic) = 0.007332
Trial: 380, Time:38.428s
Trial 380: Cell 1 (Static) = 0.008142 | Cell 2 (Plastic) = 0.007354
Trial: 381, Time:38.955s
Trial 381: Cell 1 (Static) = 0.008167 | Cell 2 (Plastic) = 0.007376
Trial: 382, Time:38.923s
Trial 382: Cell 1 (Static) = 0.008191 | Cell 2 (Plastic) = 0.007398
Trial: 383, Time:38.983s
Trial 383: Cell 1 (Static) = 0.008167 | Cell 2 (Plastic) = 0.007420
Trial: 384, Time:39.096s
Trial 384: Cell 1 (Static) = 0.008142 | Cell 2 (Plastic) = 0.007443
Trial: 385, Time:38.992s
Trial 385: Cell 1 (Static) = 0.008118 | Cell 2 (Plastic) = 0.007465
Trial: 386, Time:38.981s
Trial 386: Cell 1 (Static) = 0.008094 | Cell 2 (Plastic) = 0.007487
Trial: 387, Time:38.858s
Trial 387: Cell 1 (Static) = 0.008118 | Cell 2 (Plastic) = 0.007510
Trial: 388, Time:38.931s
Trial 388: Cell 1 (Static) = 0.008142 | Cell 2 (Plastic) = 0.007532
Trial: 389, Time:38.887s
Trial 389: Cell 1 (Static) = 0.008167 | Cell 2 (Plastic) = 0.007555
Trial: 390, Time:39.338s
Trial 390: Cell 1 (Static) = 0.008191 | Cell 2 (Plastic) = 0.007578
Trial: 391, Time:39.328s
Trial 391: Cell 1 (Static) = 0.008216 | Cell 2 (Plastic) = 0.007600
Trial: 392, Time:39.427s
Trial 392: Cell 1 (Static) = 0.008241 | Cell 2 (Plastic) = 0.007623
Trial: 393, Time:39.401s
Trial 393: Cell 1 (Static) = 0.008265 | Cell 2 (Plastic) = 0.007646
Trial: 394, Time:39.380s
Trial 394: Cell 1 (Static) = 0.008241 | Cell 2 (Plastic) = 0.007669
Trial: 395, Time:39.414s
Trial 395: Cell 1 (Static) = 0.008216 | Cell 2 (Plastic) = 0.007692
Trial: 396, Time:39.348s
Trial 396: Cell 1 (Static) = 0.008191 | Cell 2 (Plastic) = 0.007715
Trial: 397, Time:39.480s
Trial 397: Cell 1 (Static) = 0.008216 | Cell 2 (Plastic) = 0.007738
Trial: 398, Time:39.402s
Trial 398: Cell 1 (Static) = 0.008241 | Cell 2 (Plastic) = 0.007761
Trial: 399, Time:39.765s
Trial 399: Cell 1 (Static) = 0.008216 | Cell 2 (Plastic) = 0.007785
Trial: 400, Time:39.336s
Trial 400: Cell 1 (Static) = 0.008191 | Cell 2 (Plastic) = 0.007808
Trial: 401, Time:39.337s
Trial 401: Cell 1 (Static) = 0.008216 | Cell 2 (Plastic) = 0.007831
Trial: 402, Time:39.503s
Trial 402: Cell 1 (Static) = 0.008191 | Cell 2 (Plastic) = 0.007855
Trial: 403, Time:39.536s
Trial 403: Cell 1 (Static) = 0.008216 | Cell 2 (Plastic) = 0.007831
Trial: 404, Time:39.770s
Trial 404: Cell 1 (Static) = 0.008191 | Cell 2 (Plastic) = 0.007808
Trial: 405, Time:39.788s
Trial 405: Cell 1 (Static) = 0.008167 | Cell 2 (Plastic) = 0.007785
Trial: 406, Time:39.760s
Trial 406: Cell 1 (Static) = 0.008142 | Cell 2 (Plastic) = 0.007761
Trial: 407, Time:39.772s
Trial 407: Cell 1 (Static) = 0.008118 | Cell 2 (Plastic) = 0.007738
Trial: 408, Time:40.303s
Trial 408: Cell 1 (Static) = 0.008094 | Cell 2 (Plastic) = 0.007715
Trial: 409, Time:40.382s
Trial 409: Cell 1 (Static) = 0.008070 | Cell 2 (Plastic) = 0.007692
Trial: 410, Time:40.281s
Trial 410: Cell 1 (Static) = 0.008045 | Cell 2 (Plastic) = 0.007669
Trial: 411, Time:40.207s
Trial 411: Cell 1 (Static) = 0.008070 | Cell 2 (Plastic) = 0.007692
Trial: 412, Time:39.813s
Trial 412: Cell 1 (Static) = 0.008094 | Cell 2 (Plastic) = 0.007715
Trial: 413, Time:40.117s
Trial 413: Cell 1 (Static) = 0.008118 | Cell 2 (Plastic) = 0.007738
Trial: 414, Time:40.567s
Trial 414: Cell 1 (Static) = 0.008142 | Cell 2 (Plastic) = 0.007761
Trial: 415, Time:40.243s
Trial 415: Cell 1 (Static) = 0.008167 | Cell 2 (Plastic) = 0.007785
Trial: 416, Time:40.343s
Trial 416: Cell 1 (Static) = 0.008191 | Cell 2 (Plastic) = 0.007808
Trial: 417, Time:40.133s
Trial 417: Cell 1 (Static) = 0.008216 | Cell 2 (Plastic) = 0.007831
Trial: 418, Time:40.375s
Trial 418: Cell 1 (Static) = 0.008241 | Cell 2 (Plastic) = 0.007855
Trial: 419, Time:40.183s
Trial 419: Cell 1 (Static) = 0.008265 | Cell 2 (Plastic) = 0.007879
Trial: 420, Time:40.673s
Trial 420: Cell 1 (Static) = 0.008290 | Cell 2 (Plastic) = 0.007902
Trial: 421, Time:40.678s
Trial 421: Cell 1 (Static) = 0.008315 | Cell 2 (Plastic) = 0.007926
Trial: 422, Time:40.787s
Trial 422: Cell 1 (Static) = 0.008290 | Cell 2 (Plastic) = 0.007950
Trial: 423, Time:41.014s
Trial 423: Cell 1 (Static) = 0.008265 | Cell 2 (Plastic) = 0.007950
Trial: 424, Time:41.180s
Trial 424: Cell 1 (Static) = 0.008290 | Cell 2 (Plastic) = 0.007926
Trial: 425, Time:40.482s
Trial 425: Cell 1 (Static) = 0.008315 | Cell 2 (Plastic) = 0.007902
Trial: 426, Time:40.805s
Trial 426: Cell 1 (Static) = 0.008340 | Cell 2 (Plastic) = 0.007879
Trial: 427, Time:40.813s
Trial 427: Cell 1 (Static) = 0.008365 | Cell 2 (Plastic) = 0.007855
Trial: 428, Time:40.387s
Trial 428: Cell 1 (Static) = 0.008390 | Cell 2 (Plastic) = 0.007831
Trial: 429, Time:40.153s
Trial 429: Cell 1 (Static) = 0.008415 | Cell 2 (Plastic) = 0.007808
Trial: 430, Time:40.852s
Trial 430: Cell 1 (Static) = 0.008440 | Cell 2 (Plastic) = 0.007785
Trial: 431, Time:40.611s
Trial 431: Cell 1 (Static) = 0.008415 | Cell 2 (Plastic) = 0.007808
Trial: 432, Time:40.284s
Trial 432: Cell 1 (Static) = 0.008440 | Cell 2 (Plastic) = 0.007831
Trial: 433, Time:40.227s
Trial 433: Cell 1 (Static) = 0.008415 | Cell 2 (Plastic) = 0.007855
Trial: 434, Time:40.272s
Trial 434: Cell 1 (Static) = 0.008440 | Cell 2 (Plastic) = 0.007879
Trial: 435, Time:40.815s
Trial 435: Cell 1 (Static) = 0.008415 | Cell 2 (Plastic) = 0.007902
Trial: 436, Time:41.056s
Trial 436: Cell 1 (Static) = 0.008440 | Cell 2 (Plastic) = 0.007926
Trial: 437, Time:41.020s
Trial 437: Cell 1 (Static) = 0.008466 | Cell 2 (Plastic) = 0.007950
Trial: 438, Time:40.815s
Trial 438: Cell 1 (Static) = 0.008491 | Cell 2 (Plastic) = 0.007973
Trial: 439, Time:41.073s
Trial 439: Cell 1 (Static) = 0.008517 | Cell 2 (Plastic) = 0.007997
Trial: 440, Time:40.896s
Trial 440: Cell 1 (Static) = 0.008542 | Cell 2 (Plastic) = 0.008021
Trial: 441, Time:41.188s
Trial 441: Cell 1 (Static) = 0.008568 | Cell 2 (Plastic) = 0.008045
Trial: 442, Time:41.202s
Trial 442: Cell 1 (Static) = 0.008594 | Cell 2 (Plastic) = 0.008070
Trial: 443, Time:41.125s
Trial 443: Cell 1 (Static) = 0.008619 | Cell 2 (Plastic) = 0.008094
Trial: 444, Time:41.551s
Trial 444: Cell 1 (Static) = 0.008645 | Cell 2 (Plastic) = 0.008118
Trial: 445, Time:41.261s
Trial 445: Cell 1 (Static) = 0.008671 | Cell 2 (Plastic) = 0.008142
Trial: 446, Time:41.138s
Trial 446: Cell 1 (Static) = 0.008645 | Cell 2 (Plastic) = 0.008167
Trial: 447, Time:41.146s
Trial 447: Cell 1 (Static) = 0.008671 | Cell 2 (Plastic) = 0.008191
Trial: 448, Time:40.604s
Trial 448: Cell 1 (Static) = 0.008697 | Cell 2 (Plastic) = 0.008216
Trial: 449, Time:40.758s
Trial 449: Cell 1 (Static) = 0.008723 | Cell 2 (Plastic) = 0.008241
Trial: 450, Time:40.639s
Trial 450: Cell 1 (Static) = 0.008749 | Cell 2 (Plastic) = 0.008265
Trial: 451, Time:41.056s
Trial 451: Cell 1 (Static) = 0.008723 | Cell 2 (Plastic) = 0.008241
Trial: 452, Time:41.037s
Trial 452: Cell 1 (Static) = 0.008697 | Cell 2 (Plastic) = 0.008216
Trial: 453, Time:40.869s
Trial 453: Cell 1 (Static) = 0.008671 | Cell 2 (Plastic) = 0.008241
Trial: 454, Time:41.349s
Trial 454: Cell 1 (Static) = 0.008645 | Cell 2 (Plastic) = 0.008265
Trial: 455, Time:41.304s
Trial 455: Cell 1 (Static) = 0.008671 | Cell 2 (Plastic) = 0.008290
Trial: 456, Time:41.590s
Trial 456: Cell 1 (Static) = 0.008697 | Cell 2 (Plastic) = 0.008315
Trial: 457, Time:41.613s
Trial 457: Cell 1 (Static) = 0.008671 | Cell 2 (Plastic) = 0.008340
Trial: 458, Time:41.680s
Trial 458: Cell 1 (Static) = 0.008645 | Cell 2 (Plastic) = 0.008365
Trial: 459, Time:41.836s
Trial 459: Cell 1 (Static) = 0.008619 | Cell 2 (Plastic) = 0.008390
Trial: 460, Time:41.882s
Trial 460: Cell 1 (Static) = 0.008594 | Cell 2 (Plastic) = 0.008415
Trial: 461, Time:42.150s
Trial 461: Cell 1 (Static) = 0.008568 | Cell 2 (Plastic) = 0.008440
Trial: 462, Time:42.237s
Trial 462: Cell 1 (Static) = 0.008542 | Cell 2 (Plastic) = 0.008466
Trial: 463, Time:42.261s
Trial 463: Cell 1 (Static) = 0.008517 | Cell 2 (Plastic) = 0.008491
Trial: 464, Time:42.268s
Trial 464: Cell 1 (Static) = 0.008491 | Cell 2 (Plastic) = 0.008517
Trial: 465, Time:41.932s
Trial 465: Cell 1 (Static) = 0.008466 | Cell 2 (Plastic) = 0.008542
Trial: 466, Time:42.021s
Trial 466: Cell 1 (Static) = 0.008440 | Cell 2 (Plastic) = 0.008568
Trial: 467, Time:42.346s
Trial 467: Cell 1 (Static) = 0.008415 | Cell 2 (Plastic) = 0.008594
Trial: 468, Time:42.270s
Trial 468: Cell 1 (Static) = 0.008440 | Cell 2 (Plastic) = 0.008619
Trial: 469, Time:42.006s
Trial 469: Cell 1 (Static) = 0.008466 | Cell 2 (Plastic) = 0.008594
Trial: 470, Time:42.229s
Trial 470: Cell 1 (Static) = 0.008491 | Cell 2 (Plastic) = 0.008568
Trial: 471, Time:42.301s
Trial 471: Cell 1 (Static) = 0.008517 | Cell 2 (Plastic) = 0.008542
Trial: 472, Time:42.382s
Trial 472: Cell 1 (Static) = 0.008542 | Cell 2 (Plastic) = 0.008517
Trial: 473, Time:42.399s
Trial 473: Cell 1 (Static) = 0.008517 | Cell 2 (Plastic) = 0.008491
Trial: 474, Time:42.297s
Trial 474: Cell 1 (Static) = 0.008491 | Cell 2 (Plastic) = 0.008517
Trial: 475, Time:42.309s
Trial 475: Cell 1 (Static) = 0.008517 | Cell 2 (Plastic) = 0.008542
Trial: 476, Time:41.939s
Trial 476: Cell 1 (Static) = 0.008542 | Cell 2 (Plastic) = 0.008568
Trial: 477, Time:41.907s
Trial 477: Cell 1 (Static) = 0.008568 | Cell 2 (Plastic) = 0.008594
Trial: 478, Time:42.290s
Trial 478: Cell 1 (Static) = 0.008594 | Cell 2 (Plastic) = 0.008619
Trial: 479, Time:42.420s
Trial 479: Cell 1 (Static) = 0.008619 | Cell 2 (Plastic) = 0.008645
Trial: 480, Time:42.491s
Trial 480: Cell 1 (Static) = 0.008594 | Cell 2 (Plastic) = 0.008671
Trial: 481, Time:42.317s
Trial 481: Cell 1 (Static) = 0.008568 | Cell 2 (Plastic) = 0.008645
Trial: 482, Time:42.013s
Trial 482: Cell 1 (Static) = 0.008542 | Cell 2 (Plastic) = 0.008619
Trial: 483, Time:42.240s
Trial 483: Cell 1 (Static) = 0.008517 | Cell 2 (Plastic) = 0.008594
Trial: 484, Time:42.129s
Trial 484: Cell 1 (Static) = 0.008491 | Cell 2 (Plastic) = 0.008619
Trial: 485, Time:42.467s
Trial 485: Cell 1 (Static) = 0.008466 | Cell 2 (Plastic) = 0.008645
Trial: 486, Time:42.534s
Trial 486: Cell 1 (Static) = 0.008440 | Cell 2 (Plastic) = 0.008619
Trial: 487, Time:42.508s
Trial 487: Cell 1 (Static) = 0.008415 | Cell 2 (Plastic) = 0.008645
Trial: 488, Time:42.025s
Trial 488: Cell 1 (Static) = 0.008390 | Cell 2 (Plastic) = 0.008671
Trial: 489, Time:42.289s
Trial 489: Cell 1 (Static) = 0.008415 | Cell 2 (Plastic) = 0.008697
Trial: 490, Time:42.597s
Trial 490: Cell 1 (Static) = 0.008440 | Cell 2 (Plastic) = 0.008723
Trial: 491, Time:42.496s
Trial 491: Cell 1 (Static) = 0.008466 | Cell 2 (Plastic) = 0.008749
Trial: 492, Time:42.386s
Trial 492: Cell 1 (Static) = 0.008491 | Cell 2 (Plastic) = 0.008776
Trial: 493, Time:41.804s
Trial 493: Cell 1 (Static) = 0.008517 | Cell 2 (Plastic) = 0.008802
Trial: 494, Time:41.718s
Trial 494: Cell 1 (Static) = 0.008542 | Cell 2 (Plastic) = 0.008828
Trial: 495, Time:41.747s
Trial 495: Cell 1 (Static) = 0.008517 | Cell 2 (Plastic) = 0.008855
Trial: 496, Time:41.641s
Trial 496: Cell 1 (Static) = 0.008491 | Cell 2 (Plastic) = 0.008828
Trial: 497, Time:41.633s
Trial 497: Cell 1 (Static) = 0.008466 | Cell 2 (Plastic) = 0.008802
Trial: 498, Time:41.692s
Trial 498: Cell 1 (Static) = 0.008440 | Cell 2 (Plastic) = 0.008828
Trial: 499, Time:42.008s
Trial 499: Cell 1 (Static) = 0.008415 | Cell 2 (Plastic) = 0.008855
Trial: 500, Time:42.196s
Trial 500: Cell 1 (Static) = 0.008390 | Cell 2 (Plastic) = 0.008881
Trial: 501, Time:42.286s
Trial 501: Cell 1 (Static) = 0.008365 | Cell 2 (Plastic) = 0.008908
Trial: 502, Time:42.298s
Trial 502: Cell 1 (Static) = 0.008340 | Cell 2 (Plastic) = 0.008935
Trial: 503, Time:42.114s
Trial 503: Cell 1 (Static) = 0.008315 | Cell 2 (Plastic) = 0.008962
Trial: 504, Time:42.413s
Trial 504: Cell 1 (Static) = 0.008290 | Cell 2 (Plastic) = 0.008988
Trial: 505, Time:42.572s
Trial 505: Cell 1 (Static) = 0.008265 | Cell 2 (Plastic) = 0.009015
Trial: 506, Time:42.710s
Trial 506: Cell 1 (Static) = 0.008241 | Cell 2 (Plastic) = 0.009042
Trial: 507, Time:42.933s
Trial 507: Cell 1 (Static) = 0.008216 | Cell 2 (Plastic) = 0.009070
Trial: 508, Time:42.906s
Trial 508: Cell 1 (Static) = 0.008191 | Cell 2 (Plastic) = 0.009097
Trial: 509, Time:42.765s
Trial 509: Cell 1 (Static) = 0.008167 | Cell 2 (Plastic) = 0.009124
Trial: 510, Time:42.836s
Trial 510: Cell 1 (Static) = 0.008191 | Cell 2 (Plastic) = 0.009151
Trial: 511, Time:42.981s
Trial 511: Cell 1 (Static) = 0.008167 | Cell 2 (Plastic) = 0.009124
Trial: 512, Time:42.955s
Trial 512: Cell 1 (Static) = 0.008142 | Cell 2 (Plastic) = 0.009097
Trial: 513, Time:42.839s
Trial 513: Cell 1 (Static) = 0.008118 | Cell 2 (Plastic) = 0.009070
Trial: 514, Time:42.611s
Trial 514: Cell 1 (Static) = 0.008094 | Cell 2 (Plastic) = 0.009097
Trial: 515, Time:42.472s
Trial 515: Cell 1 (Static) = 0.008070 | Cell 2 (Plastic) = 0.009070
Trial: 516, Time:42.925s
Trial 516: Cell 1 (Static) = 0.008045 | Cell 2 (Plastic) = 0.009042
Trial: 517, Time:43.274s
Trial 517: Cell 1 (Static) = 0.008021 | Cell 2 (Plastic) = 0.009015
Trial: 518, Time:43.131s
Trial 518: Cell 1 (Static) = 0.007997 | Cell 2 (Plastic) = 0.008988
Trial: 519, Time:43.153s
Trial 519: Cell 1 (Static) = 0.007973 | Cell 2 (Plastic) = 0.008962
Trial: 520, Time:42.882s
Trial 520: Cell 1 (Static) = 0.007950 | Cell 2 (Plastic) = 0.008935
Trial: 521, Time:42.955s
Trial 521: Cell 1 (Static) = 0.007973 | Cell 2 (Plastic) = 0.008908
Trial: 522, Time:43.138s
Trial 522: Cell 1 (Static) = 0.007997 | Cell 2 (Plastic) = 0.008881
Trial: 523, Time:42.915s
Trial 523: Cell 1 (Static) = 0.007973 | Cell 2 (Plastic) = 0.008855
Trial: 524, Time:43.053s
Trial 524: Cell 1 (Static) = 0.007997 | Cell 2 (Plastic) = 0.008828
Trial: 525, Time:43.088s
Trial 525: Cell 1 (Static) = 0.008021 | Cell 2 (Plastic) = 0.008802
Trial: 526, Time:42.891s
Trial 526: Cell 1 (Static) = 0.008045 | Cell 2 (Plastic) = 0.008776
Trial: 527, Time:42.676s
Trial 527: Cell 1 (Static) = 0.008070 | Cell 2 (Plastic) = 0.008749
Trial: 528, Time:43.008s
Trial 528: Cell 1 (Static) = 0.008094 | Cell 2 (Plastic) = 0.008723
Trial: 529, Time:43.084s
Trial 529: Cell 1 (Static) = 0.008118 | Cell 2 (Plastic) = 0.008697
Trial: 530, Time:43.090s
Trial 530: Cell 1 (Static) = 0.008142 | Cell 2 (Plastic) = 0.008723
Trial: 531, Time:43.219s
Trial 531: Cell 1 (Static) = 0.008167 | Cell 2 (Plastic) = 0.008749
Trial: 532, Time:43.351s
Trial 532: Cell 1 (Static) = 0.008191 | Cell 2 (Plastic) = 0.008723
Trial: 533, Time:43.534s
Trial 533: Cell 1 (Static) = 0.008216 | Cell 2 (Plastic) = 0.008697
Trial: 534, Time:43.505s
Trial 534: Cell 1 (Static) = 0.008241 | Cell 2 (Plastic) = 0.008671
Trial: 535, Time:43.716s
Trial 535: Cell 1 (Static) = 0.008216 | Cell 2 (Plastic) = 0.008645
Trial: 536, Time:43.663s
Trial 536: Cell 1 (Static) = 0.008191 | Cell 2 (Plastic) = 0.008671
Trial: 537, Time:43.837s
Trial 537: Cell 1 (Static) = 0.008216 | Cell 2 (Plastic) = 0.008697
Trial: 538, Time:43.256s
Trial 538: Cell 1 (Static) = 0.008241 | Cell 2 (Plastic) = 0.008671
Trial: 539, Time:43.420s
Trial 539: Cell 1 (Static) = 0.008265 | Cell 2 (Plastic) = 0.008645
Trial: 540, Time:43.314s
Trial 540: Cell 1 (Static) = 0.008290 | Cell 2 (Plastic) = 0.008619
Trial: 541, Time:43.233s
Trial 541: Cell 1 (Static) = 0.008315 | Cell 2 (Plastic) = 0.008594
Trial: 542, Time:43.182s
Trial 542: Cell 1 (Static) = 0.008340 | Cell 2 (Plastic) = 0.008568
Trial: 543, Time:43.611s
Trial 543: Cell 1 (Static) = 0.008365 | Cell 2 (Plastic) = 0.008542
Trial: 544, Time:43.503s
Trial 544: Cell 1 (Static) = 0.008390 | Cell 2 (Plastic) = 0.008517
Trial: 545, Time:43.623s
Trial 545: Cell 1 (Static) = 0.008415 | Cell 2 (Plastic) = 0.008491
Trial: 546, Time:43.868s
Trial 546: Cell 1 (Static) = 0.008440 | Cell 2 (Plastic) = 0.008466
Trial: 547, Time:43.795s
Trial 547: Cell 1 (Static) = 0.008466 | Cell 2 (Plastic) = 0.008440
Trial: 548, Time:43.774s
Trial 548: Cell 1 (Static) = 0.008491 | Cell 2 (Plastic) = 0.008415
Trial: 549, Time:43.795s
Trial 549: Cell 1 (Static) = 0.008517 | Cell 2 (Plastic) = 0.008390
Trial: 550, Time:43.989s
Trial 550: Cell 1 (Static) = 0.008542 | Cell 2 (Plastic) = 0.008365
Trial: 551, Time:44.074s
Trial 551: Cell 1 (Static) = 0.008568 | Cell 2 (Plastic) = 0.008340
Trial: 552, Time:44.108s
Trial 552: Cell 1 (Static) = 0.008594 | Cell 2 (Plastic) = 0.008315
Trial: 553, Time:43.926s
Trial 553: Cell 1 (Static) = 0.008619 | Cell 2 (Plastic) = 0.008290
Trial: 554, Time:44.046s
Trial 554: Cell 1 (Static) = 0.008645 | Cell 2 (Plastic) = 0.008265
Trial: 555, Time:44.173s
Trial 555: Cell 1 (Static) = 0.008671 | Cell 2 (Plastic) = 0.008241
Trial: 556, Time:43.962s
Trial 556: Cell 1 (Static) = 0.008697 | Cell 2 (Plastic) = 0.008216
Trial: 557, Time:44.162s
Trial 557: Cell 1 (Static) = 0.008723 | Cell 2 (Plastic) = 0.008191
Trial: 558, Time:44.305s
Trial 558: Cell 1 (Static) = 0.008749 | Cell 2 (Plastic) = 0.008167
Trial: 559, Time:44.537s
Trial 559: Cell 1 (Static) = 0.008776 | Cell 2 (Plastic) = 0.008142
Trial: 560, Time:44.127s
Trial 560: Cell 1 (Static) = 0.008802 | Cell 2 (Plastic) = 0.008118
Trial: 561, Time:43.549s
Trial 561: Cell 1 (Static) = 0.008828 | Cell 2 (Plastic) = 0.008094
Trial: 562, Time:43.348s
Trial 562: Cell 1 (Static) = 0.008855 | Cell 2 (Plastic) = 0.008118
Trial: 563, Time:42.635s
Trial 563: Cell 1 (Static) = 0.008828 | Cell 2 (Plastic) = 0.008142
Trial: 564, Time:42.583s
Trial 564: Cell 1 (Static) = 0.008802 | Cell 2 (Plastic) = 0.008167
Trial: 565, Time:42.487s
Trial 565: Cell 1 (Static) = 0.008828 | Cell 2 (Plastic) = 0.008142
Trial: 566, Time:42.541s
Trial 566: Cell 1 (Static) = 0.008802 | Cell 2 (Plastic) = 0.008118
Trial: 567, Time:42.880s
Trial 567: Cell 1 (Static) = 0.008776 | Cell 2 (Plastic) = 0.008142
Trial: 568, Time:42.839s
Trial 568: Cell 1 (Static) = 0.008749 | Cell 2 (Plastic) = 0.008167
Trial: 569, Time:42.877s
Trial 569: Cell 1 (Static) = 0.008723 | Cell 2 (Plastic) = 0.008191
Trial: 570, Time:42.817s
Trial 570: Cell 1 (Static) = 0.008697 | Cell 2 (Plastic) = 0.008216
Trial: 571, Time:43.166s
Trial 571: Cell 1 (Static) = 0.008671 | Cell 2 (Plastic) = 0.008241
Trial: 572, Time:43.283s
Trial 572: Cell 1 (Static) = 0.008645 | Cell 2 (Plastic) = 0.008265
Trial: 573, Time:42.858s
Trial 573: Cell 1 (Static) = 0.008619 | Cell 2 (Plastic) = 0.008290
Trial: 574, Time:42.780s
Trial 574: Cell 1 (Static) = 0.008594 | Cell 2 (Plastic) = 0.008265
Trial: 575, Time:43.067s
Trial 575: Cell 1 (Static) = 0.008568 | Cell 2 (Plastic) = 0.008241
Trial: 576, Time:43.176s
Trial 576: Cell 1 (Static) = 0.008542 | Cell 2 (Plastic) = 0.008216
Trial: 577, Time:43.446s
Trial 577: Cell 1 (Static) = 0.008517 | Cell 2 (Plastic) = 0.008191
Trial: 578, Time:43.531s
Trial 578: Cell 1 (Static) = 0.008542 | Cell 2 (Plastic) = 0.008216
Trial: 579, Time:43.521s
Trial 579: Cell 1 (Static) = 0.008568 | Cell 2 (Plastic) = 0.008241
Trial: 580, Time:43.633s
Trial 580: Cell 1 (Static) = 0.008594 | Cell 2 (Plastic) = 0.008265
Trial: 581, Time:43.582s
Trial 581: Cell 1 (Static) = 0.008619 | Cell 2 (Plastic) = 0.008290
Trial: 582, Time:43.165s
Trial 582: Cell 1 (Static) = 0.008645 | Cell 2 (Plastic) = 0.008315
Trial: 583, Time:42.848s
Trial 583: Cell 1 (Static) = 0.008671 | Cell 2 (Plastic) = 0.008340
Trial: 584, Time:42.997s
Trial 584: Cell 1 (Static) = 0.008697 | Cell 2 (Plastic) = 0.008365
Trial: 585, Time:43.408s
Trial 585: Cell 1 (Static) = 0.008723 | Cell 2 (Plastic) = 0.008390
Trial: 586, Time:43.165s
Trial 586: Cell 1 (Static) = 0.008749 | Cell 2 (Plastic) = 0.008415
Trial: 587, Time:42.998s
Trial 587: Cell 1 (Static) = 0.008776 | Cell 2 (Plastic) = 0.008390
Trial: 588, Time:43.161s
Trial 588: Cell 1 (Static) = 0.008802 | Cell 2 (Plastic) = 0.008365
Trial: 589, Time:43.082s
Trial 589: Cell 1 (Static) = 0.008828 | Cell 2 (Plastic) = 0.008390
Trial: 590, Time:43.413s
Trial 590: Cell 1 (Static) = 0.008855 | Cell 2 (Plastic) = 0.008415
Trial: 591, Time:43.454s
Trial 591: Cell 1 (Static) = 0.008881 | Cell 2 (Plastic) = 0.008440
Trial: 592, Time:43.136s
Trial 592: Cell 1 (Static) = 0.008908 | Cell 2 (Plastic) = 0.008466
Trial: 593, Time:42.662s
Trial 593: Cell 1 (Static) = 0.008935 | Cell 2 (Plastic) = 0.008440
Trial: 594, Time:43.002s
Trial 594: Cell 1 (Static) = 0.008962 | Cell 2 (Plastic) = 0.008415
Trial: 595, Time:42.986s
Trial 595: Cell 1 (Static) = 0.008988 | Cell 2 (Plastic) = 0.008440
Trial: 596, Time:42.711s
Trial 596: Cell 1 (Static) = 0.009015 | Cell 2 (Plastic) = 0.008466
Trial: 597, Time:42.864s
Trial 597: Cell 1 (Static) = 0.009042 | Cell 2 (Plastic) = 0.008491
Trial: 598, Time:43.135s
Trial 598: Cell 1 (Static) = 0.009070 | Cell 2 (Plastic) = 0.008517
Trial: 599, Time:43.090s
Trial 599: Cell 1 (Static) = 0.009097 | Cell 2 (Plastic) = 0.008542
Trial: 600, Time:42.670s
Trial 600: Cell 1 (Static) = 0.009124 | Cell 2 (Plastic) = 0.008568
Trial: 601, Time:42.675s
Trial 601: Cell 1 (Static) = 0.009151 | Cell 2 (Plastic) = 0.008594
Trial: 602, Time:42.895s
Trial 602: Cell 1 (Static) = 0.009179 | Cell 2 (Plastic) = 0.008619
Trial: 603, Time:42.893s
Trial 603: Cell 1 (Static) = 0.009206 | Cell 2 (Plastic) = 0.008645
Trial: 604, Time:43.157s
Trial 604: Cell 1 (Static) = 0.009234 | Cell 2 (Plastic) = 0.008671
Trial: 605, Time:43.216s
Trial 605: Cell 1 (Static) = 0.009262 | Cell 2 (Plastic) = 0.008697
Trial: 606, Time:43.140s
Trial 606: Cell 1 (Static) = 0.009290 | Cell 2 (Plastic) = 0.008723
Trial: 607, Time:43.042s
Trial 607: Cell 1 (Static) = 0.009262 | Cell 2 (Plastic) = 0.008749
Trial: 608, Time:43.455s
Trial 608: Cell 1 (Static) = 0.009290 | Cell 2 (Plastic) = 0.008723
Trial: 609, Time:43.471s
Trial 609: Cell 1 (Static) = 0.009317 | Cell 2 (Plastic) = 0.008697
Trial: 610, Time:43.328s
Trial 610: Cell 1 (Static) = 0.009290 | Cell 2 (Plastic) = 0.008671
Trial: 611, Time:43.325s
Trial 611: Cell 1 (Static) = 0.009262 | Cell 2 (Plastic) = 0.008697
Trial: 612, Time:43.043s
Trial 612: Cell 1 (Static) = 0.009234 | Cell 2 (Plastic) = 0.008723
Trial: 613, Time:43.008s
Trial 613: Cell 1 (Static) = 0.009206 | Cell 2 (Plastic) = 0.008749
Trial: 614, Time:43.097s
Trial 614: Cell 1 (Static) = 0.009234 | Cell 2 (Plastic) = 0.008776
Trial: 615, Time:43.366s
Trial 615: Cell 1 (Static) = 0.009262 | Cell 2 (Plastic) = 0.008802
Trial: 616, Time:43.287s
Trial 616: Cell 1 (Static) = 0.009290 | Cell 2 (Plastic) = 0.008828
Trial: 617, Time:43.292s
Trial 617: Cell 1 (Static) = 0.009317 | Cell 2 (Plastic) = 0.008855
Trial: 618, Time:43.157s
Trial 618: Cell 1 (Static) = 0.009290 | Cell 2 (Plastic) = 0.008881
Trial: 619, Time:43.845s
Trial 619: Cell 1 (Static) = 0.009262 | Cell 2 (Plastic) = 0.008908
Trial: 620, Time:43.542s
Trial 620: Cell 1 (Static) = 0.009234 | Cell 2 (Plastic) = 0.008881
Trial: 621, Time:43.376s
Trial 621: Cell 1 (Static) = 0.009206 | Cell 2 (Plastic) = 0.008855
Trial: 622, Time:43.647s
Trial 622: Cell 1 (Static) = 0.009179 | Cell 2 (Plastic) = 0.008828
Trial: 623, Time:43.582s
Trial 623: Cell 1 (Static) = 0.009151 | Cell 2 (Plastic) = 0.008855
Trial: 624, Time:43.239s
Trial 624: Cell 1 (Static) = 0.009124 | Cell 2 (Plastic) = 0.008881
Trial: 625, Time:43.316s
Trial 625: Cell 1 (Static) = 0.009097 | Cell 2 (Plastic) = 0.008908
Trial: 626, Time:43.551s
Trial 626: Cell 1 (Static) = 0.009070 | Cell 2 (Plastic) = 0.008935
Trial: 627, Time:43.450s
Trial 627: Cell 1 (Static) = 0.009042 | Cell 2 (Plastic) = 0.008908
Trial: 628, Time:43.430s
Trial 628: Cell 1 (Static) = 0.009015 | Cell 2 (Plastic) = 0.008881
Trial: 629, Time:43.464s
Trial 629: Cell 1 (Static) = 0.008988 | Cell 2 (Plastic) = 0.008855
Trial: 630, Time:43.617s
Trial 630: Cell 1 (Static) = 0.008962 | Cell 2 (Plastic) = 0.008828
Trial: 631, Time:43.826s
Trial 631: Cell 1 (Static) = 0.008935 | Cell 2 (Plastic) = 0.008802
Trial: 632, Time:44.128s
Trial 632: Cell 1 (Static) = 0.008908 | Cell 2 (Plastic) = 0.008776
Trial: 633, Time:44.359s
Trial 633: Cell 1 (Static) = 0.008881 | Cell 2 (Plastic) = 0.008749
Trial: 634, Time:44.038s
Trial 634: Cell 1 (Static) = 0.008855 | Cell 2 (Plastic) = 0.008723
Trial: 635, Time:44.012s
Trial 635: Cell 1 (Static) = 0.008881 | Cell 2 (Plastic) = 0.008697
Trial: 636, Time:44.036s
Trial 636: Cell 1 (Static) = 0.008908 | Cell 2 (Plastic) = 0.008671
Trial: 637, Time:43.999s
Trial 637: Cell 1 (Static) = 0.008935 | Cell 2 (Plastic) = 0.008645
Trial: 638, Time:44.249s
Trial 638: Cell 1 (Static) = 0.008962 | Cell 2 (Plastic) = 0.008619
Trial: 639, Time:44.418s
Trial 639: Cell 1 (Static) = 0.008988 | Cell 2 (Plastic) = 0.008594
Trial: 640, Time:44.142s
Trial 640: Cell 1 (Static) = 0.009015 | Cell 2 (Plastic) = 0.008568
Trial: 641, Time:44.173s
Trial 641: Cell 1 (Static) = 0.009042 | Cell 2 (Plastic) = 0.008542
Trial: 642, Time:44.133s
Trial 642: Cell 1 (Static) = 0.009070 | Cell 2 (Plastic) = 0.008517
Trial: 643, Time:43.896s
Trial 643: Cell 1 (Static) = 0.009097 | Cell 2 (Plastic) = 0.008491
Trial: 644, Time:44.182s
Trial 644: Cell 1 (Static) = 0.009124 | Cell 2 (Plastic) = 0.008466
Trial: 645, Time:44.356s
Trial 645: Cell 1 (Static) = 0.009151 | Cell 2 (Plastic) = 0.008440
Trial: 646, Time:44.515s
Trial 646: Cell 1 (Static) = 0.009179 | Cell 2 (Plastic) = 0.008415
Trial: 647, Time:44.367s
Trial 647: Cell 1 (Static) = 0.009206 | Cell 2 (Plastic) = 0.008440
Trial: 648, Time:44.219s
Trial 648: Cell 1 (Static) = 0.009234 | Cell 2 (Plastic) = 0.008466
Trial: 649, Time:44.295s
Trial 649: Cell 1 (Static) = 0.009262 | Cell 2 (Plastic) = 0.008491
Trial: 650, Time:44.082s
Trial 650: Cell 1 (Static) = 0.009290 | Cell 2 (Plastic) = 0.008517
Trial: 651, Time:44.147s
Trial 651: Cell 1 (Static) = 0.009317 | Cell 2 (Plastic) = 0.008542
Trial: 652, Time:44.065s
Trial 652: Cell 1 (Static) = 0.009345 | Cell 2 (Plastic) = 0.008568
Trial: 653, Time:43.888s
Trial 653: Cell 1 (Static) = 0.009373 | Cell 2 (Plastic) = 0.008594
Trial: 654, Time:44.321s
Trial 654: Cell 1 (Static) = 0.009402 | Cell 2 (Plastic) = 0.008619
Trial: 655, Time:44.233s
Trial 655: Cell 1 (Static) = 0.009430 | Cell 2 (Plastic) = 0.008645
Trial: 656, Time:44.538s
Trial 656: Cell 1 (Static) = 0.009458 | Cell 2 (Plastic) = 0.008619
Trial: 657, Time:44.555s
Trial 657: Cell 1 (Static) = 0.009430 | Cell 2 (Plastic) = 0.008594
Trial: 658, Time:44.271s
Trial 658: Cell 1 (Static) = 0.009402 | Cell 2 (Plastic) = 0.008619
Trial: 659, Time:44.312s
Trial 659: Cell 1 (Static) = 0.009430 | Cell 2 (Plastic) = 0.008645
Trial: 660, Time:44.677s
Trial 660: Cell 1 (Static) = 0.009458 | Cell 2 (Plastic) = 0.008619
Trial: 661, Time:44.417s
Trial 661: Cell 1 (Static) = 0.009486 | Cell 2 (Plastic) = 0.008594
Trial: 662, Time:44.460s
Trial 662: Cell 1 (Static) = 0.009515 | Cell 2 (Plastic) = 0.008568
Trial: 663, Time:44.479s
Trial 663: Cell 1 (Static) = 0.009543 | Cell 2 (Plastic) = 0.008542
Trial: 664, Time:44.316s
Trial 664: Cell 1 (Static) = 0.009572 | Cell 2 (Plastic) = 0.008517
Trial: 665, Time:44.771s
Trial 665: Cell 1 (Static) = 0.009601 | Cell 2 (Plastic) = 0.008491
Trial: 666, Time:44.911s
Trial 666: Cell 1 (Static) = 0.009630 | Cell 2 (Plastic) = 0.008517
Trial: 667, Time:44.732s
Trial 667: Cell 1 (Static) = 0.009658 | Cell 2 (Plastic) = 0.008542
Trial: 668, Time:44.540s
Trial 668: Cell 1 (Static) = 0.009687 | Cell 2 (Plastic) = 0.008568
Trial: 669, Time:44.667s
Trial 669: Cell 1 (Static) = 0.009717 | Cell 2 (Plastic) = 0.008594
Trial: 670, Time:44.519s
Trial 670: Cell 1 (Static) = 0.009746 | Cell 2 (Plastic) = 0.008619
Trial: 671, Time:44.400s
Trial 671: Cell 1 (Static) = 0.009775 | Cell 2 (Plastic) = 0.008645
Trial: 672, Time:44.276s
Trial 672: Cell 1 (Static) = 0.009804 | Cell 2 (Plastic) = 0.008671
Trial: 673, Time:44.603s
Trial 673: Cell 1 (Static) = 0.009834 | Cell 2 (Plastic) = 0.008645
Trial: 674, Time:44.682s
Trial 674: Cell 1 (Static) = 0.009804 | Cell 2 (Plastic) = 0.008619
Trial: 675, Time:45.087s
Trial 675: Cell 1 (Static) = 0.009775 | Cell 2 (Plastic) = 0.008645
Trial: 676, Time:44.860s
Trial 676: Cell 1 (Static) = 0.009746 | Cell 2 (Plastic) = 0.008671
Trial: 677, Time:44.982s
Trial 677: Cell 1 (Static) = 0.009717 | Cell 2 (Plastic) = 0.008697
Trial: 678, Time:45.041s
Trial 678: Cell 1 (Static) = 0.009687 | Cell 2 (Plastic) = 0.008723
Trial: 679, Time:44.834s
Trial 679: Cell 1 (Static) = 0.009658 | Cell 2 (Plastic) = 0.008749
Trial: 680, Time:44.758s
Trial 680: Cell 1 (Static) = 0.009630 | Cell 2 (Plastic) = 0.008776
Trial: 681, Time:44.725s
Trial 681: Cell 1 (Static) = 0.009601 | Cell 2 (Plastic) = 0.008802
Trial: 682, Time:44.776s
Trial 682: Cell 1 (Static) = 0.009630 | Cell 2 (Plastic) = 0.008776
Trial: 683, Time:45.144s
Trial 683: Cell 1 (Static) = 0.009601 | Cell 2 (Plastic) = 0.008802
Trial: 684, Time:45.152s
Trial 684: Cell 1 (Static) = 0.009572 | Cell 2 (Plastic) = 0.008828
Trial: 685, Time:45.307s
Trial 685: Cell 1 (Static) = 0.009543 | Cell 2 (Plastic) = 0.008855
Trial: 686, Time:45.474s
Trial 686: Cell 1 (Static) = 0.009515 | Cell 2 (Plastic) = 0.008881
Trial: 687, Time:45.307s
Trial 687: Cell 1 (Static) = 0.009486 | Cell 2 (Plastic) = 0.008908
Trial: 688, Time:45.423s
Trial 688: Cell 1 (Static) = 0.009458 | Cell 2 (Plastic) = 0.008935
Trial: 689, Time:45.609s
Trial 689: Cell 1 (Static) = 0.009486 | Cell 2 (Plastic) = 0.008962
Trial: 690, Time:45.537s
Trial 690: Cell 1 (Static) = 0.009515 | Cell 2 (Plastic) = 0.008988
Trial: 691, Time:45.605s
Trial 691: Cell 1 (Static) = 0.009543 | Cell 2 (Plastic) = 0.009015
Trial: 692, Time:45.386s
Trial 692: Cell 1 (Static) = 0.009572 | Cell 2 (Plastic) = 0.008988
Trial: 693, Time:45.160s
Trial 693: Cell 1 (Static) = 0.009543 | Cell 2 (Plastic) = 0.008962
Trial: 694, Time:45.325s
Trial 694: Cell 1 (Static) = 0.009572 | Cell 2 (Plastic) = 0.008935
Trial: 695, Time:45.183s
Trial 695: Cell 1 (Static) = 0.009601 | Cell 2 (Plastic) = 0.008908
Trial: 696, Time:45.582s
Trial 696: Cell 1 (Static) = 0.009630 | Cell 2 (Plastic) = 0.008881
Trial: 697, Time:45.397s
Trial 697: Cell 1 (Static) = 0.009658 | Cell 2 (Plastic) = 0.008855
Trial: 698, Time:45.337s
Trial 698: Cell 1 (Static) = 0.009687 | Cell 2 (Plastic) = 0.008828
Trial: 699, Time:45.405s
Trial 699: Cell 1 (Static) = 0.009658 | Cell 2 (Plastic) = 0.008802
Trial: 700, Time:45.618s
Trial 700: Cell 1 (Static) = 0.009687 | Cell 2 (Plastic) = 0.008776
Trial: 701, Time:45.642s
Trial 701: Cell 1 (Static) = 0.009658 | Cell 2 (Plastic) = 0.008749
Trial: 702, Time:45.852s
Trial 702: Cell 1 (Static) = 0.009687 | Cell 2 (Plastic) = 0.008776
Trial: 703, Time:45.870s
Trial 703: Cell 1 (Static) = 0.009717 | Cell 2 (Plastic) = 0.008802
Trial: 704, Time:45.610s
Trial 704: Cell 1 (Static) = 0.009746 | Cell 2 (Plastic) = 0.008828
Trial: 705, Time:45.514s
Trial 705: Cell 1 (Static) = 0.009717 | Cell 2 (Plastic) = 0.008855
Trial: 706, Time:45.393s
Trial 706: Cell 1 (Static) = 0.009687 | Cell 2 (Plastic) = 0.008881
Trial: 707, Time:45.244s
Trial 707: Cell 1 (Static) = 0.009717 | Cell 2 (Plastic) = 0.008908
Trial: 708, Time:45.238s
Trial 708: Cell 1 (Static) = 0.009687 | Cell 2 (Plastic) = 0.008935
Trial: 709, Time:45.378s
Trial 709: Cell 1 (Static) = 0.009658 | Cell 2 (Plastic) = 0.008962
Trial: 710, Time:45.360s
Trial 710: Cell 1 (Static) = 0.009687 | Cell 2 (Plastic) = 0.008988
Trial: 711, Time:45.520s
Trial 711: Cell 1 (Static) = 0.009717 | Cell 2 (Plastic) = 0.009015
Trial: 712, Time:45.846s
Trial 712: Cell 1 (Static) = 0.009746 | Cell 2 (Plastic) = 0.009042
Trial: 713, Time:45.665s
Trial 713: Cell 1 (Static) = 0.009775 | Cell 2 (Plastic) = 0.009070
Trial: 714, Time:45.585s
Trial 714: Cell 1 (Static) = 0.009746 | Cell 2 (Plastic) = 0.009097
Trial: 715, Time:45.265s
Trial 715: Cell 1 (Static) = 0.009717 | Cell 2 (Plastic) = 0.009070
Trial: 716, Time:45.052s
Trial 716: Cell 1 (Static) = 0.009687 | Cell 2 (Plastic) = 0.009042
Trial: 717, Time:44.818s
Trial 717: Cell 1 (Static) = 0.009658 | Cell 2 (Plastic) = 0.009070
Trial: 718, Time:44.879s
Trial 718: Cell 1 (Static) = 0.009630 | Cell 2 (Plastic) = 0.009097
Trial: 719, Time:45.264s
Trial 719: Cell 1 (Static) = 0.009601 | Cell 2 (Plastic) = 0.009124
Trial: 720, Time:45.112s
Trial 720: Cell 1 (Static) = 0.009572 | Cell 2 (Plastic) = 0.009151
Trial: 721, Time:45.353s
Trial 721: Cell 1 (Static) = 0.009543 | Cell 2 (Plastic) = 0.009179
Trial: 722, Time:45.262s
Trial 722: Cell 1 (Static) = 0.009572 | Cell 2 (Plastic) = 0.009206
Trial: 723, Time:45.355s
Trial 723: Cell 1 (Static) = 0.009601 | Cell 2 (Plastic) = 0.009179
Trial: 724, Time:45.419s
Trial 724: Cell 1 (Static) = 0.009572 | Cell 2 (Plastic) = 0.009151
Trial: 725, Time:45.336s
Trial 725: Cell 1 (Static) = 0.009543 | Cell 2 (Plastic) = 0.009124
Trial: 726, Time:45.343s
Trial 726: Cell 1 (Static) = 0.009515 | Cell 2 (Plastic) = 0.009097
Trial: 727, Time:45.350s
Trial 727: Cell 1 (Static) = 0.009486 | Cell 2 (Plastic) = 0.009070
Trial: 728, Time:45.248s
Trial 728: Cell 1 (Static) = 0.009458 | Cell 2 (Plastic) = 0.009042
Trial: 729, Time:45.479s
Trial 729: Cell 1 (Static) = 0.009430 | Cell 2 (Plastic) = 0.009015
Trial: 730, Time:45.359s
Trial 730: Cell 1 (Static) = 0.009402 | Cell 2 (Plastic) = 0.009042
Trial: 731, Time:45.118s
Trial 731: Cell 1 (Static) = 0.009373 | Cell 2 (Plastic) = 0.009070
Trial: 732, Time:45.338s
Trial 732: Cell 1 (Static) = 0.009345 | Cell 2 (Plastic) = 0.009042
Trial: 733, Time:45.442s
Trial 733: Cell 1 (Static) = 0.009317 | Cell 2 (Plastic) = 0.009015
Trial: 734, Time:44.962s
Trial 734: Cell 1 (Static) = 0.009290 | Cell 2 (Plastic) = 0.009042
Trial: 735, Time:45.223s
Trial 735: Cell 1 (Static) = 0.009262 | Cell 2 (Plastic) = 0.009070
Trial: 736, Time:45.298s
Trial 736: Cell 1 (Static) = 0.009234 | Cell 2 (Plastic) = 0.009097
Trial: 737, Time:45.255s
Trial 737: Cell 1 (Static) = 0.009262 | Cell 2 (Plastic) = 0.009070
Trial: 738, Time:45.186s
Trial 738: Cell 1 (Static) = 0.009290 | Cell 2 (Plastic) = 0.009097
Trial: 739, Time:45.204s
Trial 739: Cell 1 (Static) = 0.009317 | Cell 2 (Plastic) = 0.009124
Trial: 740, Time:45.681s
Trial 740: Cell 1 (Static) = 0.009345 | Cell 2 (Plastic) = 0.009151
Trial: 741, Time:45.962s
Trial 741: Cell 1 (Static) = 0.009373 | Cell 2 (Plastic) = 0.009179
Trial: 742, Time:45.807s
Trial 742: Cell 1 (Static) = 0.009402 | Cell 2 (Plastic) = 0.009206
Trial: 743, Time:46.196s
Trial 743: Cell 1 (Static) = 0.009430 | Cell 2 (Plastic) = 0.009179
Trial: 744, Time:45.970s
Trial 744: Cell 1 (Static) = 0.009458 | Cell 2 (Plastic) = 0.009206
Trial: 745, Time:45.956s
Trial 745: Cell 1 (Static) = 0.009486 | Cell 2 (Plastic) = 0.009234
Trial: 746, Time:45.905s
Trial 746: Cell 1 (Static) = 0.009515 | Cell 2 (Plastic) = 0.009206
Trial: 747, Time:45.848s
Trial 747: Cell 1 (Static) = 0.009543 | Cell 2 (Plastic) = 0.009234
Trial: 748, Time:46.172s
Trial 748: Cell 1 (Static) = 0.009572 | Cell 2 (Plastic) = 0.009262
Trial: 749, Time:46.057s
Trial 749: Cell 1 (Static) = 0.009601 | Cell 2 (Plastic) = 0.009234
Trial: 750, Time:46.721s
Trial 750: Cell 1 (Static) = 0.009630 | Cell 2 (Plastic) = 0.009206
Trial: 751, Time:46.731s
Trial 751: Cell 1 (Static) = 0.009658 | Cell 2 (Plastic) = 0.009234
Trial: 752, Time:46.687s
Trial 752: Cell 1 (Static) = 0.009687 | Cell 2 (Plastic) = 0.009206
Trial: 753, Time:46.696s
Trial 753: Cell 1 (Static) = 0.009717 | Cell 2 (Plastic) = 0.009179
Trial: 754, Time:46.145s
Trial 754: Cell 1 (Static) = 0.009746 | Cell 2 (Plastic) = 0.009151
Trial: 755, Time:46.327s
Trial 755: Cell 1 (Static) = 0.009775 | Cell 2 (Plastic) = 0.009124
Trial: 756, Time:46.358s
Trial 756: Cell 1 (Static) = 0.009804 | Cell 2 (Plastic) = 0.009097
Trial: 757, Time:46.248s
Trial 757: Cell 1 (Static) = 0.009834 | Cell 2 (Plastic) = 0.009070
Trial: 758, Time:46.074s
Trial 758: Cell 1 (Static) = 0.009863 | Cell 2 (Plastic) = 0.009042
Trial: 759, Time:46.046s
Trial 759: Cell 1 (Static) = 0.009893 | Cell 2 (Plastic) = 0.009015
Trial: 760, Time:46.248s
Trial 760: Cell 1 (Static) = 0.009863 | Cell 2 (Plastic) = 0.008988
Trial: 761, Time:46.277s
Trial 761: Cell 1 (Static) = 0.009834 | Cell 2 (Plastic) = 0.008962
Trial: 762, Time:45.965s
Trial 762: Cell 1 (Static) = 0.009804 | Cell 2 (Plastic) = 0.008988
Trial: 763, Time:46.005s
Trial 763: Cell 1 (Static) = 0.009775 | Cell 2 (Plastic) = 0.009015
Trial: 764, Time:46.012s
Trial 764: Cell 1 (Static) = 0.009746 | Cell 2 (Plastic) = 0.009042
Trial: 765, Time:46.168s
Trial 765: Cell 1 (Static) = 0.009717 | Cell 2 (Plastic) = 0.009070
Trial: 766, Time:46.186s
Trial 766: Cell 1 (Static) = 0.009687 | Cell 2 (Plastic) = 0.009097
Trial: 767, Time:45.913s
Trial 767: Cell 1 (Static) = 0.009658 | Cell 2 (Plastic) = 0.009124
Trial: 768, Time:46.012s
Trial 768: Cell 1 (Static) = 0.009630 | Cell 2 (Plastic) = 0.009151
Trial: 769, Time:45.985s
Trial 769: Cell 1 (Static) = 0.009601 | Cell 2 (Plastic) = 0.009179
Trial: 770, Time:45.929s
Trial 770: Cell 1 (Static) = 0.009572 | Cell 2 (Plastic) = 0.009206
Trial: 771, Time:45.876s
Trial 771: Cell 1 (Static) = 0.009543 | Cell 2 (Plastic) = 0.009234
Trial: 772, Time:45.753s
Trial 772: Cell 1 (Static) = 0.009515 | Cell 2 (Plastic) = 0.009262
Trial: 773, Time:45.743s
Trial 773: Cell 1 (Static) = 0.009486 | Cell 2 (Plastic) = 0.009234
Trial: 774, Time:45.889s
Trial 774: Cell 1 (Static) = 0.009458 | Cell 2 (Plastic) = 0.009206
Trial: 775, Time:45.803s
Trial 775: Cell 1 (Static) = 0.009430 | Cell 2 (Plastic) = 0.009179
Trial: 776, Time:45.632s
Trial 776: Cell 1 (Static) = 0.009458 | Cell 2 (Plastic) = 0.009151
Trial: 777, Time:45.936s
Trial 777: Cell 1 (Static) = 0.009486 | Cell 2 (Plastic) = 0.009124
Trial: 778, Time:45.962s
Trial 778: Cell 1 (Static) = 0.009515 | Cell 2 (Plastic) = 0.009097
Trial: 779, Time:45.615s
Trial 779: Cell 1 (Static) = 0.009543 | Cell 2 (Plastic) = 0.009070
Trial: 780, Time:45.951s
Trial 780: Cell 1 (Static) = 0.009572 | Cell 2 (Plastic) = 0.009042
Trial: 781, Time:46.349s
Trial 781: Cell 1 (Static) = 0.009601 | Cell 2 (Plastic) = 0.009015
Trial: 782, Time:46.247s
Trial 782: Cell 1 (Static) = 0.009630 | Cell 2 (Plastic) = 0.009042
Trial: 783, Time:46.242s
Trial 783: Cell 1 (Static) = 0.009601 | Cell 2 (Plastic) = 0.009070
Trial: 784, Time:46.708s
Trial 784: Cell 1 (Static) = 0.009572 | Cell 2 (Plastic) = 0.009097
Trial: 785, Time:46.674s
Trial 785: Cell 1 (Static) = 0.009543 | Cell 2 (Plastic) = 0.009124
Trial: 786, Time:46.747s
Trial 786: Cell 1 (Static) = 0.009515 | Cell 2 (Plastic) = 0.009151
Trial: 787, Time:46.524s
Trial 787: Cell 1 (Static) = 0.009486 | Cell 2 (Plastic) = 0.009179
Trial: 788, Time:46.439s
Trial 788: Cell 1 (Static) = 0.009458 | Cell 2 (Plastic) = 0.009206
Trial: 789, Time:46.719s
Trial 789: Cell 1 (Static) = 0.009430 | Cell 2 (Plastic) = 0.009234
Trial: 790, Time:46.683s
Trial 790: Cell 1 (Static) = 0.009458 | Cell 2 (Plastic) = 0.009262
Trial: 791, Time:46.766s
Trial 791: Cell 1 (Static) = 0.009486 | Cell 2 (Plastic) = 0.009290
Trial: 792, Time:47.105s
Trial 792: Cell 1 (Static) = 0.009515 | Cell 2 (Plastic) = 0.009317
Trial: 793, Time:46.943s
Trial 793: Cell 1 (Static) = 0.009543 | Cell 2 (Plastic) = 0.009345
Trial: 794, Time:46.837s
Trial 794: Cell 1 (Static) = 0.009572 | Cell 2 (Plastic) = 0.009373
Trial: 795, Time:47.015s
Trial 795: Cell 1 (Static) = 0.009601 | Cell 2 (Plastic) = 0.009402
Trial: 796, Time:46.758s
Trial 796: Cell 1 (Static) = 0.009630 | Cell 2 (Plastic) = 0.009430
Trial: 797, Time:46.393s
Trial 797: Cell 1 (Static) = 0.009658 | Cell 2 (Plastic) = 0.009458
Trial: 798, Time:46.408s
Trial 798: Cell 1 (Static) = 0.009687 | Cell 2 (Plastic) = 0.009486
Trial: 799, Time:46.668s
Trial 799: Cell 1 (Static) = 0.009658 | Cell 2 (Plastic) = 0.009515
Trial: 800, Time:46.699s
Trial 800: Cell 1 (Static) = 0.009630 | Cell 2 (Plastic) = 0.009543
Trial: 801, Time:46.365s
Trial 801: Cell 1 (Static) = 0.009601 | Cell 2 (Plastic) = 0.009572
Trial: 802, Time:46.482s
Trial 802: Cell 1 (Static) = 0.009572 | Cell 2 (Plastic) = 0.009601
Trial: 803, Time:46.582s
Trial 803: Cell 1 (Static) = 0.009543 | Cell 2 (Plastic) = 0.009630
Trial: 804, Time:46.660s
Trial 804: Cell 1 (Static) = 0.009515 | Cell 2 (Plastic) = 0.009658
Trial: 805, Time:46.758s
Trial 805: Cell 1 (Static) = 0.009486 | Cell 2 (Plastic) = 0.009687
Trial: 806, Time:46.956s
Trial 806: Cell 1 (Static) = 0.009458 | Cell 2 (Plastic) = 0.009717
Trial: 807, Time:46.666s
Trial 807: Cell 1 (Static) = 0.009430 | Cell 2 (Plastic) = 0.009746
Trial: 808, Time:46.666s
Trial 808: Cell 1 (Static) = 0.009402 | Cell 2 (Plastic) = 0.009775
Trial: 809, Time:46.868s
Trial 809: Cell 1 (Static) = 0.009373 | Cell 2 (Plastic) = 0.009804
Trial: 810, Time:46.662s
Trial 810: Cell 1 (Static) = 0.009345 | Cell 2 (Plastic) = 0.009834
Trial: 811, Time:46.879s
Trial 811: Cell 1 (Static) = 0.009317 | Cell 2 (Plastic) = 0.009804
Trial: 812, Time:47.146s
Trial 812: Cell 1 (Static) = 0.009290 | Cell 2 (Plastic) = 0.009775
Trial: 813, Time:47.041s
Trial 813: Cell 1 (Static) = 0.009262 | Cell 2 (Plastic) = 0.009746
Trial: 814, Time:47.270s
Trial 814: Cell 1 (Static) = 0.009234 | Cell 2 (Plastic) = 0.009717
Trial: 815, Time:47.134s
Trial 815: Cell 1 (Static) = 0.009206 | Cell 2 (Plastic) = 0.009687
Trial: 816, Time:46.873s
Trial 816: Cell 1 (Static) = 0.009179 | Cell 2 (Plastic) = 0.009717
Trial: 817, Time:46.685s
Trial 817: Cell 1 (Static) = 0.009206 | Cell 2 (Plastic) = 0.009687
Trial: 818, Time:46.816s
Trial 818: Cell 1 (Static) = 0.009179 | Cell 2 (Plastic) = 0.009658
Trial: 819, Time:47.053s
Trial 819: Cell 1 (Static) = 0.009206 | Cell 2 (Plastic) = 0.009630
Trial: 820, Time:46.883s
Trial 820: Cell 1 (Static) = 0.009234 | Cell 2 (Plastic) = 0.009658
Trial: 821, Time:46.993s
Trial 821: Cell 1 (Static) = 0.009206 | Cell 2 (Plastic) = 0.009687
Trial: 822, Time:47.015s
Trial 822: Cell 1 (Static) = 0.009234 | Cell 2 (Plastic) = 0.009717
Trial: 823, Time:46.968s
Trial 823: Cell 1 (Static) = 0.009262 | Cell 2 (Plastic) = 0.009746
Trial: 824, Time:46.923s
Trial 824: Cell 1 (Static) = 0.009290 | Cell 2 (Plastic) = 0.009775
Trial: 825, Time:47.060s
Trial 825: Cell 1 (Static) = 0.009317 | Cell 2 (Plastic) = 0.009804
Trial: 826, Time:47.153s
Trial 826: Cell 1 (Static) = 0.009345 | Cell 2 (Plastic) = 0.009775
Trial: 827, Time:47.096s
Trial 827: Cell 1 (Static) = 0.009373 | Cell 2 (Plastic) = 0.009804
Trial: 828, Time:47.288s
Trial 828: Cell 1 (Static) = 0.009345 | Cell 2 (Plastic) = 0.009834
Trial: 829, Time:47.271s
Trial 829: Cell 1 (Static) = 0.009317 | Cell 2 (Plastic) = 0.009863
Trial: 830, Time:47.186s
Trial 830: Cell 1 (Static) = 0.009345 | Cell 2 (Plastic) = 0.009893
Trial: 831, Time:47.148s
Trial 831: Cell 1 (Static) = 0.009373 | Cell 2 (Plastic) = 0.009922
Trial: 832, Time:47.098s
Trial 832: Cell 1 (Static) = 0.009345 | Cell 2 (Plastic) = 0.009893
Trial: 833, Time:47.215s
Trial 833: Cell 1 (Static) = 0.009317 | Cell 2 (Plastic) = 0.009863
Trial: 834, Time:46.666s
Trial 834: Cell 1 (Static) = 0.009290 | Cell 2 (Plastic) = 0.009893
Trial: 835, Time:46.788s
Trial 835: Cell 1 (Static) = 0.009262 | Cell 2 (Plastic) = 0.009922
Trial: 836, Time:47.071s
Trial 836: Cell 1 (Static) = 0.009234 | Cell 2 (Plastic) = 0.009952
Trial: 837, Time:47.044s
Trial 837: Cell 1 (Static) = 0.009262 | Cell 2 (Plastic) = 0.009982
Trial: 838, Time:47.362s
Trial 838: Cell 1 (Static) = 0.009290 | Cell 2 (Plastic) = 0.010012
Trial: 839, Time:47.268s
Trial 839: Cell 1 (Static) = 0.009317 | Cell 2 (Plastic) = 0.010042
Trial: 840, Time:47.049s
Trial 840: Cell 1 (Static) = 0.009345 | Cell 2 (Plastic) = 0.010072
Trial: 841, Time:46.872s
Trial 841: Cell 1 (Static) = 0.009373 | Cell 2 (Plastic) = 0.010042
Trial: 842, Time:46.762s
Trial 842: Cell 1 (Static) = 0.009402 | Cell 2 (Plastic) = 0.010072
Trial: 843, Time:46.950s
Trial 843: Cell 1 (Static) = 0.009430 | Cell 2 (Plastic) = 0.010102
Trial: 844, Time:47.097s
Trial 844: Cell 1 (Static) = 0.009458 | Cell 2 (Plastic) = 0.010133
Trial: 845, Time:46.845s
Trial 845: Cell 1 (Static) = 0.009430 | Cell 2 (Plastic) = 0.010102
Trial: 846, Time:46.434s
Trial 846: Cell 1 (Static) = 0.009458 | Cell 2 (Plastic) = 0.010133
Trial: 847, Time:46.457s
Trial 847: Cell 1 (Static) = 0.009486 | Cell 2 (Plastic) = 0.010163
Trial: 848, Time:46.311s
Trial 848: Cell 1 (Static) = 0.009458 | Cell 2 (Plastic) = 0.010194
Trial: 849, Time:46.354s
Trial 849: Cell 1 (Static) = 0.009430 | Cell 2 (Plastic) = 0.010163
Trial: 850, Time:45.907s
Trial 850: Cell 1 (Static) = 0.009402 | Cell 2 (Plastic) = 0.010133
Trial: 851, Time:46.306s
Trial 851: Cell 1 (Static) = 0.009373 | Cell 2 (Plastic) = 0.010102
Trial: 852, Time:46.155s
Trial 852: Cell 1 (Static) = 0.009345 | Cell 2 (Plastic) = 0.010133
Trial: 853, Time:46.240s
Trial 853: Cell 1 (Static) = 0.009317 | Cell 2 (Plastic) = 0.010163
Trial: 854, Time:46.239s
Trial 854: Cell 1 (Static) = 0.009290 | Cell 2 (Plastic) = 0.010194
Trial: 855, Time:46.293s
Trial 855: Cell 1 (Static) = 0.009262 | Cell 2 (Plastic) = 0.010224
Trial: 856, Time:46.590s
Trial 856: Cell 1 (Static) = 0.009234 | Cell 2 (Plastic) = 0.010255
Trial: 857, Time:47.423s
Trial 857: Cell 1 (Static) = 0.009206 | Cell 2 (Plastic) = 0.010286
Trial: 858, Time:46.400s
Trial 858: Cell 1 (Static) = 0.009179 | Cell 2 (Plastic) = 0.010316
Trial: 859, Time:46.581s
Trial 859: Cell 1 (Static) = 0.009151 | Cell 2 (Plastic) = 0.010347
Trial: 860, Time:46.916s
Trial 860: Cell 1 (Static) = 0.009124 | Cell 2 (Plastic) = 0.010378
Trial: 861, Time:46.593s
Trial 861: Cell 1 (Static) = 0.009097 | Cell 2 (Plastic) = 0.010410
Trial: 862, Time:46.905s
Trial 862: Cell 1 (Static) = 0.009124 | Cell 2 (Plastic) = 0.010441
Trial: 863, Time:47.174s
Trial 863: Cell 1 (Static) = 0.009097 | Cell 2 (Plastic) = 0.010472
Trial: 864, Time:46.754s
Trial 864: Cell 1 (Static) = 0.009124 | Cell 2 (Plastic) = 0.010504
Trial: 865, Time:47.047s
Trial 865: Cell 1 (Static) = 0.009151 | Cell 2 (Plastic) = 0.010535
Trial: 866, Time:47.039s
Trial 866: Cell 1 (Static) = 0.009179 | Cell 2 (Plastic) = 0.010567
Trial: 867, Time:47.244s
Trial 867: Cell 1 (Static) = 0.009206 | Cell 2 (Plastic) = 0.010598
Trial: 868, Time:47.761s
Trial 868: Cell 1 (Static) = 0.009234 | Cell 2 (Plastic) = 0.010567
Trial: 869, Time:47.498s
Trial 869: Cell 1 (Static) = 0.009206 | Cell 2 (Plastic) = 0.010535
Trial: 870, Time:47.251s
Trial 870: Cell 1 (Static) = 0.009179 | Cell 2 (Plastic) = 0.010504
Trial: 871, Time:46.912s
Trial 871: Cell 1 (Static) = 0.009151 | Cell 2 (Plastic) = 0.010535
Trial: 872, Time:46.592s
Trial 872: Cell 1 (Static) = 0.009124 | Cell 2 (Plastic) = 0.010504
Trial: 873, Time:47.392s
Trial 873: Cell 1 (Static) = 0.009097 | Cell 2 (Plastic) = 0.010472
Trial: 874, Time:46.971s
Trial 874: Cell 1 (Static) = 0.009124 | Cell 2 (Plastic) = 0.010441
Trial: 875, Time:46.819s
Trial 875: Cell 1 (Static) = 0.009151 | Cell 2 (Plastic) = 0.010410
Trial: 876, Time:47.035s
Trial 876: Cell 1 (Static) = 0.009179 | Cell 2 (Plastic) = 0.010378
Trial: 877, Time:47.494s
Trial 877: Cell 1 (Static) = 0.009151 | Cell 2 (Plastic) = 0.010347
Trial: 878, Time:47.769s
Trial 878: Cell 1 (Static) = 0.009124 | Cell 2 (Plastic) = 0.010316
Trial: 879, Time:47.381s
Trial 879: Cell 1 (Static) = 0.009097 | Cell 2 (Plastic) = 0.010286
Trial: 880, Time:47.542s
Trial 880: Cell 1 (Static) = 0.009124 | Cell 2 (Plastic) = 0.010255
Trial: 881, Time:48.047s
Trial 881: Cell 1 (Static) = 0.009151 | Cell 2 (Plastic) = 0.010224
Trial: 882, Time:361.622s
Trial 882: Cell 1 (Static) = 0.009179 | Cell 2 (Plastic) = 0.010194
Trial: 883, Time:48.001s
Trial 883: Cell 1 (Static) = 0.009206 | Cell 2 (Plastic) = 0.010163
Trial: 884, Time:47.667s
Trial 884: Cell 1 (Static) = 0.009234 | Cell 2 (Plastic) = 0.010133
Trial: 885, Time:47.894s
Trial 885: Cell 1 (Static) = 0.009262 | Cell 2 (Plastic) = 0.010102
Trial: 886, Time:47.835s
Trial 886: Cell 1 (Static) = 0.009290 | Cell 2 (Plastic) = 0.010072
Trial: 887, Time:47.124s
Trial 887: Cell 1 (Static) = 0.009317 | Cell 2 (Plastic) = 0.010042
Trial: 888, Time:47.357s
Trial 888: Cell 1 (Static) = 0.009345 | Cell 2 (Plastic) = 0.010012
Trial: 889, Time:47.844s
Trial 889: Cell 1 (Static) = 0.009373 | Cell 2 (Plastic) = 0.009982
Trial: 890, Time:47.634s
Trial 890: Cell 1 (Static) = 0.009402 | Cell 2 (Plastic) = 0.009952
Trial: 891, Time:47.448s
Trial 891: Cell 1 (Static) = 0.009430 | Cell 2 (Plastic) = 0.009922
Trial: 892, Time:47.584s
Trial 892: Cell 1 (Static) = 0.009458 | Cell 2 (Plastic) = 0.009893
Trial: 893, Time:47.080s
Trial 893: Cell 1 (Static) = 0.009430 | Cell 2 (Plastic) = 0.009863
Trial: 894, Time:47.512s
Trial 894: Cell 1 (Static) = 0.009402 | Cell 2 (Plastic) = 0.009834
Trial: 895, Time:47.608s
Trial 895: Cell 1 (Static) = 0.009373 | Cell 2 (Plastic) = 0.009804
Trial: 896, Time:48.130s
Trial 896: Cell 1 (Static) = 0.009402 | Cell 2 (Plastic) = 0.009775
Trial: 897, Time:48.160s
Trial 897: Cell 1 (Static) = 0.009430 | Cell 2 (Plastic) = 0.009746
Trial: 898, Time:47.097s
Trial 898: Cell 1 (Static) = 0.009458 | Cell 2 (Plastic) = 0.009775
Trial: 899, Time:47.122s
Trial 899: Cell 1 (Static) = 0.009486 | Cell 2 (Plastic) = 0.009804
Trial: 900, Time:47.752s
Trial 900: Cell 1 (Static) = 0.009515 | Cell 2 (Plastic) = 0.009834
Trial: 901, Time:47.742s
Trial 901: Cell 1 (Static) = 0.009543 | Cell 2 (Plastic) = 0.009863
Trial: 902, Time:47.659s
Trial 902: Cell 1 (Static) = 0.009572 | Cell 2 (Plastic) = 0.009834
Trial: 903, Time:47.768s
Trial 903: Cell 1 (Static) = 0.009601 | Cell 2 (Plastic) = 0.009804
Trial: 904, Time:47.274s
Trial 904: Cell 1 (Static) = 0.009630 | Cell 2 (Plastic) = 0.009775
Trial: 905, Time:46.962s
Trial 905: Cell 1 (Static) = 0.009658 | Cell 2 (Plastic) = 0.009746
Trial: 906, Time:46.797s
Trial 906: Cell 1 (Static) = 0.009687 | Cell 2 (Plastic) = 0.009717
Trial: 907, Time:47.469s
Trial 907: Cell 1 (Static) = 0.009717 | Cell 2 (Plastic) = 0.009687
Trial: 908, Time:47.347s
Trial 908: Cell 1 (Static) = 0.009746 | Cell 2 (Plastic) = 0.009717
Trial: 909, Time:47.208s
Trial 909: Cell 1 (Static) = 0.009775 | Cell 2 (Plastic) = 0.009746
Trial: 910, Time:47.100s
Trial 910: Cell 1 (Static) = 0.009804 | Cell 2 (Plastic) = 0.009775
Trial: 911, Time:47.161s
Trial 911: Cell 1 (Static) = 0.009834 | Cell 2 (Plastic) = 0.009746
Trial: 912, Time:47.171s
Trial 912: Cell 1 (Static) = 0.009863 | Cell 2 (Plastic) = 0.009717
Trial: 913, Time:47.057s
Trial 913: Cell 1 (Static) = 0.009893 | Cell 2 (Plastic) = 0.009687
Trial: 914, Time:47.062s
Trial 914: Cell 1 (Static) = 0.009922 | Cell 2 (Plastic) = 0.009717
Trial: 915, Time:47.259s
Trial 915: Cell 1 (Static) = 0.009952 | Cell 2 (Plastic) = 0.009746
Trial: 916, Time:47.123s
Trial 916: Cell 1 (Static) = 0.009922 | Cell 2 (Plastic) = 0.009717
Trial: 917, Time:47.173s
Trial 917: Cell 1 (Static) = 0.009893 | Cell 2 (Plastic) = 0.009687
Trial: 918, Time:47.265s
Trial 918: Cell 1 (Static) = 0.009922 | Cell 2 (Plastic) = 0.009658
Trial: 919, Time:47.286s
Trial 919: Cell 1 (Static) = 0.009952 | Cell 2 (Plastic) = 0.009630
Trial: 920, Time:47.462s
Trial 920: Cell 1 (Static) = 0.009922 | Cell 2 (Plastic) = 0.009601
Trial: 921, Time:47.739s
Trial 921: Cell 1 (Static) = 0.009893 | Cell 2 (Plastic) = 0.009572
Trial: 922, Time:47.691s
Trial 922: Cell 1 (Static) = 0.009863 | Cell 2 (Plastic) = 0.009601
Trial: 923, Time:47.468s
Trial 923: Cell 1 (Static) = 0.009834 | Cell 2 (Plastic) = 0.009630
Trial: 924, Time:47.439s
Trial 924: Cell 1 (Static) = 0.009804 | Cell 2 (Plastic) = 0.009658
Trial: 925, Time:47.526s
Trial 925: Cell 1 (Static) = 0.009775 | Cell 2 (Plastic) = 0.009687
Trial: 926, Time:47.613s
Trial 926: Cell 1 (Static) = 0.009746 | Cell 2 (Plastic) = 0.009717
Trial: 927, Time:47.796s
Trial 927: Cell 1 (Static) = 0.009717 | Cell 2 (Plastic) = 0.009746
Trial: 928, Time:47.695s
Trial 928: Cell 1 (Static) = 0.009687 | Cell 2 (Plastic) = 0.009717
Trial: 929, Time:47.675s
Trial 929: Cell 1 (Static) = 0.009658 | Cell 2 (Plastic) = 0.009687
Trial: 930, Time:47.532s
Trial 930: Cell 1 (Static) = 0.009630 | Cell 2 (Plastic) = 0.009658
Trial: 931, Time:47.539s
Trial 931: Cell 1 (Static) = 0.009601 | Cell 2 (Plastic) = 0.009630
Trial: 932, Time:47.588s
Trial 932: Cell 1 (Static) = 0.009572 | Cell 2 (Plastic) = 0.009601
Trial: 933, Time:47.480s
Trial 933: Cell 1 (Static) = 0.009543 | Cell 2 (Plastic) = 0.009572
Trial: 934, Time:47.757s
Trial 934: Cell 1 (Static) = 0.009515 | Cell 2 (Plastic) = 0.009543
Trial: 935, Time:47.919s
Trial 935: Cell 1 (Static) = 0.009486 | Cell 2 (Plastic) = 0.009572
Trial: 936, Time:47.608s
Trial 936: Cell 1 (Static) = 0.009458 | Cell 2 (Plastic) = 0.009601
Trial: 937, Time:47.723s
Trial 937: Cell 1 (Static) = 0.009486 | Cell 2 (Plastic) = 0.009630
Trial: 938, Time:47.571s
Trial 938: Cell 1 (Static) = 0.009458 | Cell 2 (Plastic) = 0.009658
Trial: 939, Time:48.070s
Trial 939: Cell 1 (Static) = 0.009430 | Cell 2 (Plastic) = 0.009687
Trial: 940, Time:48.421s
Trial 940: Cell 1 (Static) = 0.009402 | Cell 2 (Plastic) = 0.009717
Trial: 941, Time:48.349s
Trial 941: Cell 1 (Static) = 0.009430 | Cell 2 (Plastic) = 0.009687
Trial: 942, Time:48.131s
Trial 942: Cell 1 (Static) = 0.009402 | Cell 2 (Plastic) = 0.009717
Trial: 943, Time:47.952s
Trial 943: Cell 1 (Static) = 0.009373 | Cell 2 (Plastic) = 0.009687
Trial: 944, Time:47.962s
Trial 944: Cell 1 (Static) = 0.009345 | Cell 2 (Plastic) = 0.009658
Trial: 945, Time:48.124s
Trial 945: Cell 1 (Static) = 0.009317 | Cell 2 (Plastic) = 0.009630
Trial: 946, Time:47.976s
Trial 946: Cell 1 (Static) = 0.009317 | Cell 2 (Plastic) = 0.009658
Trial: 947, Time:47.834s
Trial 947: Cell 1 (Static) = 0.009345 | Cell 2 (Plastic) = 0.009687
Trial: 948, Time:47.669s
Trial 948: Cell 1 (Static) = 0.009373 | Cell 2 (Plastic) = 0.009717
Trial: 949, Time:47.710s
Trial 949: Cell 1 (Static) = 0.009402 | Cell 2 (Plastic) = 0.009746
Trial: 950, Time:47.800s
Trial 950: Cell 1 (Static) = 0.009430 | Cell 2 (Plastic) = 0.009775
Trial: 951, Time:47.431s
Trial 951: Cell 1 (Static) = 0.009458 | Cell 2 (Plastic) = 0.009804
Trial: 952, Time:47.139s
Trial 952: Cell 1 (Static) = 0.009486 | Cell 2 (Plastic) = 0.009834
Trial: 953, Time:47.638s
Trial 953: Cell 1 (Static) = 0.009515 | Cell 2 (Plastic) = 0.009863
Trial: 954, Time:47.689s
Trial 954: Cell 1 (Static) = 0.009543 | Cell 2 (Plastic) = 0.009893
Trial: 955, Time:47.917s
Trial 955: Cell 1 (Static) = 0.009515 | Cell 2 (Plastic) = 0.009922
Trial: 956, Time:47.899s
Trial 956: Cell 1 (Static) = 0.009486 | Cell 2 (Plastic) = 0.009952
Trial: 957, Time:47.818s
Trial 957: Cell 1 (Static) = 0.009458 | Cell 2 (Plastic) = 0.009982
Trial: 958, Time:47.965s
Trial 958: Cell 1 (Static) = 0.009430 | Cell 2 (Plastic) = 0.010012
Trial: 959, Time:48.359s
Trial 959: Cell 1 (Static) = 0.009402 | Cell 2 (Plastic) = 0.010042
Trial: 960, Time:48.239s
Trial 960: Cell 1 (Static) = 0.009373 | Cell 2 (Plastic) = 0.010072
Trial: 961, Time:48.262s
Trial 961: Cell 1 (Static) = 0.009345 | Cell 2 (Plastic) = 0.010042
Trial: 962, Time:48.069s
Trial 962: Cell 1 (Static) = 0.009317 | Cell 2 (Plastic) = 0.010072
Trial: 963, Time:48.130s
Trial 963: Cell 1 (Static) = 0.009345 | Cell 2 (Plastic) = 0.010102
Trial: 964, Time:48.230s
Trial 964: Cell 1 (Static) = 0.009317 | Cell 2 (Plastic) = 0.010072
Trial: 965, Time:48.009s
Trial 965: Cell 1 (Static) = 0.009290 | Cell 2 (Plastic) = 0.010042
Trial: 966, Time:48.298s
Trial 966: Cell 1 (Static) = 0.009317 | Cell 2 (Plastic) = 0.010012
Trial: 967, Time:48.354s
Trial 967: Cell 1 (Static) = 0.009345 | Cell 2 (Plastic) = 0.010042
Trial: 968, Time:48.161s
Trial 968: Cell 1 (Static) = 0.009373 | Cell 2 (Plastic) = 0.010072
Trial: 969, Time:48.285s
Trial 969: Cell 1 (Static) = 0.009345 | Cell 2 (Plastic) = 0.010042
Trial: 970, Time:47.554s
Trial 970: Cell 1 (Static) = 0.009373 | Cell 2 (Plastic) = 0.010012
Trial: 971, Time:47.672s
Trial 971: Cell 1 (Static) = 0.009345 | Cell 2 (Plastic) = 0.009982
Trial: 972, Time:47.546s
Trial 972: Cell 1 (Static) = 0.009317 | Cell 2 (Plastic) = 0.009952
Trial: 973, Time:47.952s
Trial 973: Cell 1 (Static) = 0.009345 | Cell 2 (Plastic) = 0.009922
Trial: 974, Time:47.919s
Trial 974: Cell 1 (Static) = 0.009317 | Cell 2 (Plastic) = 0.009893
Trial: 975, Time:47.720s
Trial 975: Cell 1 (Static) = 0.009290 | Cell 2 (Plastic) = 0.009863
Trial: 976, Time:47.952s
Trial 976: Cell 1 (Static) = 0.009262 | Cell 2 (Plastic) = 0.009834
Trial: 977, Time:47.432s
Trial 977: Cell 1 (Static) = 0.009234 | Cell 2 (Plastic) = 0.009804
Trial: 978, Time:47.412s
Trial 978: Cell 1 (Static) = 0.009262 | Cell 2 (Plastic) = 0.009775
Trial: 979, Time:47.412s
Trial 979: Cell 1 (Static) = 0.009290 | Cell 2 (Plastic) = 0.009746
Trial: 980, Time:47.228s
Trial 980: Cell 1 (Static) = 0.009317 | Cell 2 (Plastic) = 0.009717
Trial: 981, Time:47.633s
Trial 981: Cell 1 (Static) = 0.009290 | Cell 2 (Plastic) = 0.009746
Trial: 982, Time:47.495s
Trial 982: Cell 1 (Static) = 0.009262 | Cell 2 (Plastic) = 0.009775
Trial: 983, Time:47.153s
Trial 983: Cell 1 (Static) = 0.009234 | Cell 2 (Plastic) = 0.009804
Trial: 984, Time:47.568s
Trial 984: Cell 1 (Static) = 0.009206 | Cell 2 (Plastic) = 0.009834
Trial: 985, Time:47.524s
Trial 985: Cell 1 (Static) = 0.009179 | Cell 2 (Plastic) = 0.009804
Trial: 986, Time:47.266s
Trial 986: Cell 1 (Static) = 0.009206 | Cell 2 (Plastic) = 0.009834
Trial: 987, Time:47.309s
Trial 987: Cell 1 (Static) = 0.009234 | Cell 2 (Plastic) = 0.009863
Trial: 988, Time:47.719s
Trial 988: Cell 1 (Static) = 0.009262 | Cell 2 (Plastic) = 0.009893
Trial: 989, Time:47.495s
Trial 989: Cell 1 (Static) = 0.009290 | Cell 2 (Plastic) = 0.009922
Trial: 990, Time:47.522s
Trial 990: Cell 1 (Static) = 0.009317 | Cell 2 (Plastic) = 0.009952
Trial: 991, Time:47.068s
Trial 991: Cell 1 (Static) = 0.009290 | Cell 2 (Plastic) = 0.009982
Trial: 992, Time:47.405s
Trial 992: Cell 1 (Static) = 0.009262 | Cell 2 (Plastic) = 0.010012
Trial: 993, Time:47.780s
Trial 993: Cell 1 (Static) = 0.009234 | Cell 2 (Plastic) = 0.010042
Trial: 994, Time:47.791s
Trial 994: Cell 1 (Static) = 0.009262 | Cell 2 (Plastic) = 0.010012
Trial: 995, Time:47.896s
Trial 995: Cell 1 (Static) = 0.009234 | Cell 2 (Plastic) = 0.009982
Trial: 996, Time:47.631s
Trial 996: Cell 1 (Static) = 0.009206 | Cell 2 (Plastic) = 0.009952
Trial: 997, Time:47.465s
Trial 997: Cell 1 (Static) = 0.009234 | Cell 2 (Plastic) = 0.009982
Trial: 998, Time:47.840s
Trial 998: Cell 1 (Static) = 0.009206 | Cell 2 (Plastic) = 0.010012
Trial: 999, Time:47.323s
Trial 999: Cell 1 (Static) = 0.009179 | Cell 2 (Plastic) = 0.010042
Trial: 1000, Time:47.612s
Raster array saved to '/home/data/einez/homeostat_SS/MFGoGr_SS_shuffleMF10percent_noCS_yesGoGo_yesgrGo_mfgoplast_allcell_1000_trial/MFGoGr_SS_shuffleMF10percent_noCS_yesGoGo_yesgrGo_mfgoplast_allcell_1000_trial_GOrasters.npy'
Raster array saved to '/home/data/einez/homeostat_SS/MFGoGr_SS_shuffleMF10percent_noCS_yesGoGo_yesgrGo_mfgoplast_allcell_1000_trial/MFGoGr_SS_shuffleMF10percent_noCS_yesGoGo_yesgrGo_mfgoplast_allcell_1000_trial_gogoW.npy'
Raster array saved to '/home/data/einez/homeostat_SS/MFGoGr_SS_shuffleMF10percent_noCS_yesGoGo_yesgrGo_mfgoplast_allcell_1000_trial/MFGoGr_SS_shuffleMF10percent_noCS_yesGoGo_yesgrGo_mfgoplast_allcell_1000_trial_grgoW.npy'
Raster array saved to '/home/data/einez/homeostat_SS/MFGoGr_SS_shuffleMF10percent_noCS_yesGoGo_yesgrGo_mfgoplast_allcell_1000_trial/MFGoGr_SS_shuffleMF10percent_noCS_yesGoGo_yesgrGo_mfgoplast_allcell_1000_trial_mfgoW.npy'
