nohup: ignoring input
Starting Session for GoGo Conv: 25 W: 0.05 ...
Initializing objects...
Objects initialized.
Loading connectivity arrays...
MFGO Connectivity Array Loaded.
MFGR Connectivity Array Loaded.
GOGR Connectivity Array Loaded.
GRGO Connectivity Array Loaded.
GOGO Connectivity Array Loaded.
Connectivity Arrays Loaded
Trial 0: Cell 1 (Static) = 0.004213 | Cell 2 (Plastic) = 0.004213
Trial: 1, Time:46.044s
Trial 1: Cell 1 (Static) = 0.004225 | Cell 2 (Plastic) = 0.004225
Trial: 2, Time:22.459s
Trial 2: Cell 1 (Static) = 0.004238 | Cell 2 (Plastic) = 0.004238
Trial: 3, Time:19.941s
Trial 3: Cell 1 (Static) = 0.004251 | Cell 2 (Plastic) = 0.004251
Trial: 4, Time:19.910s
Trial 4: Cell 1 (Static) = 0.004263 | Cell 2 (Plastic) = 0.004263
Trial: 5, Time:19.927s
Trial 5: Cell 1 (Static) = 0.004276 | Cell 2 (Plastic) = 0.004276
Trial: 6, Time:20.023s
Trial 6: Cell 1 (Static) = 0.004289 | Cell 2 (Plastic) = 0.004263
Trial: 7, Time:20.038s
Trial 7: Cell 1 (Static) = 0.004302 | Cell 2 (Plastic) = 0.004276
Trial: 8, Time:19.701s
Trial 8: Cell 1 (Static) = 0.004315 | Cell 2 (Plastic) = 0.004289
Trial: 9, Time:19.674s
Trial 9: Cell 1 (Static) = 0.004328 | Cell 2 (Plastic) = 0.004302
Trial: 10, Time:19.632s
Trial 10: Cell 1 (Static) = 0.004341 | Cell 2 (Plastic) = 0.004315
Trial: 11, Time:19.578s
Trial 11: Cell 1 (Static) = 0.004354 | Cell 2 (Plastic) = 0.004328
Trial: 12, Time:51.587s
Trial 12: Cell 1 (Static) = 0.004367 | Cell 2 (Plastic) = 0.004341
Trial: 13, Time:260.229s
Trial 13: Cell 1 (Static) = 0.004380 | Cell 2 (Plastic) = 0.004354
Trial: 14, Time:18.930s
Trial 14: Cell 1 (Static) = 0.004393 | Cell 2 (Plastic) = 0.004367
Trial: 15, Time:19.129s
Trial 15: Cell 1 (Static) = 0.004406 | Cell 2 (Plastic) = 0.004354
Trial: 16, Time:19.129s
Trial 16: Cell 1 (Static) = 0.004419 | Cell 2 (Plastic) = 0.004367
Trial: 17, Time:19.056s
Trial 17: Cell 1 (Static) = 0.004433 | Cell 2 (Plastic) = 0.004354
Trial: 18, Time:19.134s
Trial 18: Cell 1 (Static) = 0.004446 | Cell 2 (Plastic) = 0.004341
Trial: 19, Time:19.242s
Trial 19: Cell 1 (Static) = 0.004459 | Cell 2 (Plastic) = 0.004328
Trial: 20, Time:19.323s
Trial 20: Cell 1 (Static) = 0.004473 | Cell 2 (Plastic) = 0.004315
Trial: 21, Time:19.359s
Trial 21: Cell 1 (Static) = 0.004486 | Cell 2 (Plastic) = 0.004328
Trial: 22, Time:19.365s
Trial 22: Cell 1 (Static) = 0.004500 | Cell 2 (Plastic) = 0.004341
Trial: 23, Time:19.336s
Trial 23: Cell 1 (Static) = 0.004513 | Cell 2 (Plastic) = 0.004354
Trial: 24, Time:19.406s
Trial 24: Cell 1 (Static) = 0.004527 | Cell 2 (Plastic) = 0.004367
Trial: 25, Time:19.470s
Trial 25: Cell 1 (Static) = 0.004540 | Cell 2 (Plastic) = 0.004380
Trial: 26, Time:19.459s
Trial 26: Cell 1 (Static) = 0.004554 | Cell 2 (Plastic) = 0.004367
Trial: 27, Time:19.511s
Trial 27: Cell 1 (Static) = 0.004567 | Cell 2 (Plastic) = 0.004380
Trial: 28, Time:19.627s
Trial 28: Cell 1 (Static) = 0.004581 | Cell 2 (Plastic) = 0.004393
Trial: 29, Time:19.636s
Trial 29: Cell 1 (Static) = 0.004595 | Cell 2 (Plastic) = 0.004406
Trial: 30, Time:19.592s
Trial 30: Cell 1 (Static) = 0.004609 | Cell 2 (Plastic) = 0.004393
Trial: 31, Time:19.656s
Trial 31: Cell 1 (Static) = 0.004623 | Cell 2 (Plastic) = 0.004380
Trial: 32, Time:19.788s
Trial 32: Cell 1 (Static) = 0.004636 | Cell 2 (Plastic) = 0.004367
Trial: 33, Time:19.797s
Trial 33: Cell 1 (Static) = 0.004650 | Cell 2 (Plastic) = 0.004380
Trial: 34, Time:19.933s
Trial 34: Cell 1 (Static) = 0.004664 | Cell 2 (Plastic) = 0.004367
Trial: 35, Time:19.874s
Trial 35: Cell 1 (Static) = 0.004678 | Cell 2 (Plastic) = 0.004380
Trial: 36, Time:19.965s
Trial 36: Cell 1 (Static) = 0.004692 | Cell 2 (Plastic) = 0.004393
Trial: 37, Time:20.832s
Trial 37: Cell 1 (Static) = 0.004706 | Cell 2 (Plastic) = 0.004406
Trial: 38, Time:20.103s
Trial 38: Cell 1 (Static) = 0.004720 | Cell 2 (Plastic) = 0.004393
Trial: 39, Time:20.320s
Trial 39: Cell 1 (Static) = 0.004735 | Cell 2 (Plastic) = 0.004380
Trial: 40, Time:20.002s
Trial 40: Cell 1 (Static) = 0.004749 | Cell 2 (Plastic) = 0.004393
Trial: 41, Time:20.091s
Trial 41: Cell 1 (Static) = 0.004763 | Cell 2 (Plastic) = 0.004406
Trial: 42, Time:20.449s
Trial 42: Cell 1 (Static) = 0.004777 | Cell 2 (Plastic) = 0.004419
Trial: 43, Time:20.187s
Trial 43: Cell 1 (Static) = 0.004792 | Cell 2 (Plastic) = 0.004433
Trial: 44, Time:20.166s
Trial 44: Cell 1 (Static) = 0.004806 | Cell 2 (Plastic) = 0.004446
Trial: 45, Time:20.219s
Trial 45: Cell 1 (Static) = 0.004821 | Cell 2 (Plastic) = 0.004433
Trial: 46, Time:20.202s
Trial 46: Cell 1 (Static) = 0.004835 | Cell 2 (Plastic) = 0.004419
Trial: 47, Time:21.387s
Trial 47: Cell 1 (Static) = 0.004849 | Cell 2 (Plastic) = 0.004433
Trial: 48, Time:20.370s
Trial 48: Cell 1 (Static) = 0.004864 | Cell 2 (Plastic) = 0.004419
Trial: 49, Time:20.608s
Trial 49: Cell 1 (Static) = 0.004879 | Cell 2 (Plastic) = 0.004433
Trial: 50, Time:20.484s
Trial 50: Cell 1 (Static) = 0.004893 | Cell 2 (Plastic) = 0.004446
Trial: 51, Time:20.587s
Trial 51: Cell 1 (Static) = 0.004908 | Cell 2 (Plastic) = 0.004459
Trial: 52, Time:23.489s
Trial 52: Cell 1 (Static) = 0.004923 | Cell 2 (Plastic) = 0.004473
Trial: 53, Time:24.502s
Trial 53: Cell 1 (Static) = 0.004937 | Cell 2 (Plastic) = 0.004486
Trial: 54, Time:24.239s
Trial 54: Cell 1 (Static) = 0.004952 | Cell 2 (Plastic) = 0.004500
Trial: 55, Time:23.499s
Trial 55: Cell 1 (Static) = 0.004967 | Cell 2 (Plastic) = 0.004513
Trial: 56, Time:24.450s
Trial 56: Cell 1 (Static) = 0.004982 | Cell 2 (Plastic) = 0.004527
Trial: 57, Time:23.485s
Trial 57: Cell 1 (Static) = 0.004997 | Cell 2 (Plastic) = 0.004540
Trial: 58, Time:23.447s
Trial 58: Cell 1 (Static) = 0.005012 | Cell 2 (Plastic) = 0.004554
Trial: 59, Time:23.573s
Trial 59: Cell 1 (Static) = 0.005027 | Cell 2 (Plastic) = 0.004567
Trial: 60, Time:23.526s
Trial 60: Cell 1 (Static) = 0.005042 | Cell 2 (Plastic) = 0.004581
Trial: 61, Time:23.602s
Trial 61: Cell 1 (Static) = 0.005057 | Cell 2 (Plastic) = 0.004595
Trial: 62, Time:23.608s
Trial 62: Cell 1 (Static) = 0.005072 | Cell 2 (Plastic) = 0.004609
Trial: 63, Time:23.700s
Trial 63: Cell 1 (Static) = 0.005088 | Cell 2 (Plastic) = 0.004623
Trial: 64, Time:67.446s
Trial 64: Cell 1 (Static) = 0.005103 | Cell 2 (Plastic) = 0.004636
Trial: 65, Time:1070.354s
Trial 65: Cell 1 (Static) = 0.005118 | Cell 2 (Plastic) = 0.004650
Trial: 66, Time:22.516s
Trial 66: Cell 1 (Static) = 0.005133 | Cell 2 (Plastic) = 0.004664
Trial: 67, Time:22.537s
Trial 67: Cell 1 (Static) = 0.005149 | Cell 2 (Plastic) = 0.004678
Trial: 68, Time:22.425s
Trial 68: Cell 1 (Static) = 0.005164 | Cell 2 (Plastic) = 0.004692
Trial: 69, Time:22.447s
Trial 69: Cell 1 (Static) = 0.005180 | Cell 2 (Plastic) = 0.004706
Trial: 70, Time:22.489s
Trial 70: Cell 1 (Static) = 0.005195 | Cell 2 (Plastic) = 0.004720
Trial: 71, Time:22.561s
Trial 71: Cell 1 (Static) = 0.005211 | Cell 2 (Plastic) = 0.004735
Trial: 72, Time:22.520s
Trial 72: Cell 1 (Static) = 0.005227 | Cell 2 (Plastic) = 0.004749
Trial: 73, Time:22.632s
Trial 73: Cell 1 (Static) = 0.005242 | Cell 2 (Plastic) = 0.004763
Trial: 74, Time:22.579s
Trial 74: Cell 1 (Static) = 0.005258 | Cell 2 (Plastic) = 0.004777
Trial: 75, Time:22.504s
Trial 75: Cell 1 (Static) = 0.005274 | Cell 2 (Plastic) = 0.004792
Trial: 76, Time:22.528s
Trial 76: Cell 1 (Static) = 0.005290 | Cell 2 (Plastic) = 0.004806
Trial: 77, Time:22.580s
Trial 77: Cell 1 (Static) = 0.005305 | Cell 2 (Plastic) = 0.004821
Trial: 78, Time:22.659s
Trial 78: Cell 1 (Static) = 0.005321 | Cell 2 (Plastic) = 0.004835
Trial: 79, Time:22.799s
Trial 79: Cell 1 (Static) = 0.005337 | Cell 2 (Plastic) = 0.004849
Trial: 80, Time:22.705s
Trial 80: Cell 1 (Static) = 0.005353 | Cell 2 (Plastic) = 0.004864
Trial: 81, Time:22.742s
Trial 81: Cell 1 (Static) = 0.005369 | Cell 2 (Plastic) = 0.004879
Trial: 82, Time:22.619s
Trial 82: Cell 1 (Static) = 0.005386 | Cell 2 (Plastic) = 0.004893
Trial: 83, Time:22.887s
Trial 83: Cell 1 (Static) = 0.005402 | Cell 2 (Plastic) = 0.004908
Trial: 84, Time:22.804s
Trial 84: Cell 1 (Static) = 0.005418 | Cell 2 (Plastic) = 0.004923
Trial: 85, Time:22.866s
Trial 85: Cell 1 (Static) = 0.005434 | Cell 2 (Plastic) = 0.004937
Trial: 86, Time:22.851s
Trial 86: Cell 1 (Static) = 0.005450 | Cell 2 (Plastic) = 0.004952
Trial: 87, Time:22.953s
Trial 87: Cell 1 (Static) = 0.005467 | Cell 2 (Plastic) = 0.004967
Trial: 88, Time:22.937s
Trial 88: Cell 1 (Static) = 0.005483 | Cell 2 (Plastic) = 0.004982
Trial: 89, Time:22.980s
Trial 89: Cell 1 (Static) = 0.005500 | Cell 2 (Plastic) = 0.004997
Trial: 90, Time:22.989s
Trial 90: Cell 1 (Static) = 0.005516 | Cell 2 (Plastic) = 0.005012
Trial: 91, Time:23.208s
Trial 91: Cell 1 (Static) = 0.005533 | Cell 2 (Plastic) = 0.005027
Trial: 92, Time:23.337s
Trial 92: Cell 1 (Static) = 0.005549 | Cell 2 (Plastic) = 0.005042
Trial: 93, Time:23.304s
Trial 93: Cell 1 (Static) = 0.005566 | Cell 2 (Plastic) = 0.005057
Trial: 94, Time:23.479s
Trial 94: Cell 1 (Static) = 0.005583 | Cell 2 (Plastic) = 0.005072
Trial: 95, Time:23.547s
Trial 95: Cell 1 (Static) = 0.005599 | Cell 2 (Plastic) = 0.005088
Trial: 96, Time:23.642s
Trial 96: Cell 1 (Static) = 0.005616 | Cell 2 (Plastic) = 0.005103
Trial: 97, Time:23.519s
Trial 97: Cell 1 (Static) = 0.005633 | Cell 2 (Plastic) = 0.005118
Trial: 98, Time:23.448s
Trial 98: Cell 1 (Static) = 0.005650 | Cell 2 (Plastic) = 0.005133
Trial: 99, Time:23.780s
Trial 99: Cell 1 (Static) = 0.005667 | Cell 2 (Plastic) = 0.005149
Trial: 100, Time:23.493s
Trial 100: Cell 1 (Static) = 0.005684 | Cell 2 (Plastic) = 0.005164
Trial: 101, Time:24.601s
Trial 101: Cell 1 (Static) = 0.005701 | Cell 2 (Plastic) = 0.005149
Trial: 102, Time:26.412s
Trial 102: Cell 1 (Static) = 0.005718 | Cell 2 (Plastic) = 0.005133
Trial: 103, Time:26.635s
Trial 103: Cell 1 (Static) = 0.005735 | Cell 2 (Plastic) = 0.005118
Trial: 104, Time:26.264s
Trial 104: Cell 1 (Static) = 0.005752 | Cell 2 (Plastic) = 0.005103
Trial: 105, Time:26.482s
Trial 105: Cell 1 (Static) = 0.005770 | Cell 2 (Plastic) = 0.005088
Trial: 106, Time:26.166s
Trial 106: Cell 1 (Static) = 0.005787 | Cell 2 (Plastic) = 0.005072
Trial: 107, Time:26.237s
Trial 107: Cell 1 (Static) = 0.005804 | Cell 2 (Plastic) = 0.005088
Trial: 108, Time:26.066s
Trial 108: Cell 1 (Static) = 0.005822 | Cell 2 (Plastic) = 0.005103
Trial: 109, Time:26.857s
Trial 109: Cell 1 (Static) = 0.005839 | Cell 2 (Plastic) = 0.005088
Trial: 110, Time:26.162s
Trial 110: Cell 1 (Static) = 0.005857 | Cell 2 (Plastic) = 0.005072
Trial: 111, Time:26.484s
Trial 111: Cell 1 (Static) = 0.005874 | Cell 2 (Plastic) = 0.005057
Trial: 112, Time:26.063s
Trial 112: Cell 1 (Static) = 0.005892 | Cell 2 (Plastic) = 0.005042
Trial: 113, Time:26.592s
Trial 113: Cell 1 (Static) = 0.005910 | Cell 2 (Plastic) = 0.005027
Trial: 114, Time:26.339s
Trial 114: Cell 1 (Static) = 0.005927 | Cell 2 (Plastic) = 0.005012
Trial: 115, Time:26.344s
Trial 115: Cell 1 (Static) = 0.005945 | Cell 2 (Plastic) = 0.005027
Trial: 116, Time:53.213s
Trial 116: Cell 1 (Static) = 0.005963 | Cell 2 (Plastic) = 0.005042
Trial: 117, Time:123.333s
Trial 117: Cell 1 (Static) = 0.005981 | Cell 2 (Plastic) = 0.005057
Trial: 118, Time:25.365s
Trial 118: Cell 1 (Static) = 0.005999 | Cell 2 (Plastic) = 0.005072
Trial: 119, Time:25.502s
Trial 119: Cell 1 (Static) = 0.006017 | Cell 2 (Plastic) = 0.005088
Trial: 120, Time:25.382s
Trial 120: Cell 1 (Static) = 0.006035 | Cell 2 (Plastic) = 0.005103
Trial: 121, Time:25.453s
Trial 121: Cell 1 (Static) = 0.006053 | Cell 2 (Plastic) = 0.005118
Trial: 122, Time:25.482s
Trial 122: Cell 1 (Static) = 0.006071 | Cell 2 (Plastic) = 0.005133
Trial: 123, Time:25.546s
Trial 123: Cell 1 (Static) = 0.006089 | Cell 2 (Plastic) = 0.005149
Trial: 124, Time:25.568s
Trial 124: Cell 1 (Static) = 0.006108 | Cell 2 (Plastic) = 0.005164
Trial: 125, Time:25.674s
Trial 125: Cell 1 (Static) = 0.006126 | Cell 2 (Plastic) = 0.005180
Trial: 126, Time:25.677s
Trial 126: Cell 1 (Static) = 0.006144 | Cell 2 (Plastic) = 0.005195
Trial: 127, Time:25.858s
Trial 127: Cell 1 (Static) = 0.006163 | Cell 2 (Plastic) = 0.005180
Trial: 128, Time:25.924s
Trial 128: Cell 1 (Static) = 0.006181 | Cell 2 (Plastic) = 0.005164
Trial: 129, Time:25.642s
Trial 129: Cell 1 (Static) = 0.006200 | Cell 2 (Plastic) = 0.005149
Trial: 130, Time:25.670s
Trial 130: Cell 1 (Static) = 0.006218 | Cell 2 (Plastic) = 0.005133
Trial: 131, Time:25.749s
Trial 131: Cell 1 (Static) = 0.006237 | Cell 2 (Plastic) = 0.005118
Trial: 132, Time:25.857s
Trial 132: Cell 1 (Static) = 0.006256 | Cell 2 (Plastic) = 0.005103
Trial: 133, Time:25.955s
Trial 133: Cell 1 (Static) = 0.006274 | Cell 2 (Plastic) = 0.005088
Trial: 134, Time:25.722s
Trial 134: Cell 1 (Static) = 0.006293 | Cell 2 (Plastic) = 0.005103
Trial: 135, Time:25.952s
Trial 135: Cell 1 (Static) = 0.006312 | Cell 2 (Plastic) = 0.005118
Trial: 136, Time:25.990s
Trial 136: Cell 1 (Static) = 0.006331 | Cell 2 (Plastic) = 0.005133
Trial: 137, Time:26.216s
Trial 137: Cell 1 (Static) = 0.006350 | Cell 2 (Plastic) = 0.005118
Trial: 138, Time:25.994s
Trial 138: Cell 1 (Static) = 0.006369 | Cell 2 (Plastic) = 0.005133
Trial: 139, Time:26.040s
Trial 139: Cell 1 (Static) = 0.006388 | Cell 2 (Plastic) = 0.005149
Trial: 140, Time:26.094s
Trial 140: Cell 1 (Static) = 0.006407 | Cell 2 (Plastic) = 0.005164
Trial: 141, Time:26.278s
Trial 141: Cell 1 (Static) = 0.006427 | Cell 2 (Plastic) = 0.005180
Trial: 142, Time:26.117s
Trial 142: Cell 1 (Static) = 0.006446 | Cell 2 (Plastic) = 0.005195
Trial: 143, Time:26.178s
Trial 143: Cell 1 (Static) = 0.006465 | Cell 2 (Plastic) = 0.005180
Trial: 144, Time:26.223s
Trial 144: Cell 1 (Static) = 0.006485 | Cell 2 (Plastic) = 0.005164
Trial: 145, Time:26.318s
Trial 145: Cell 1 (Static) = 0.006504 | Cell 2 (Plastic) = 0.005149
Trial: 146, Time:26.543s
Trial 146: Cell 1 (Static) = 0.006524 | Cell 2 (Plastic) = 0.005133
Trial: 147, Time:26.528s
Trial 147: Cell 1 (Static) = 0.006543 | Cell 2 (Plastic) = 0.005118
Trial: 148, Time:26.608s
Trial 148: Cell 1 (Static) = 0.006563 | Cell 2 (Plastic) = 0.005133
Trial: 149, Time:26.679s
Trial 149: Cell 1 (Static) = 0.006582 | Cell 2 (Plastic) = 0.005149
Trial: 150, Time:26.782s
Trial 150: Cell 1 (Static) = 0.006602 | Cell 2 (Plastic) = 0.005164
Trial: 151, Time:26.991s
Trial 151: Cell 1 (Static) = 0.006622 | Cell 2 (Plastic) = 0.005180
Trial: 152, Time:28.383s
Trial 152: Cell 1 (Static) = 0.006642 | Cell 2 (Plastic) = 0.005195
Trial: 153, Time:28.642s
Trial 153: Cell 1 (Static) = 0.006662 | Cell 2 (Plastic) = 0.005211
Trial: 154, Time:28.510s
Trial 154: Cell 1 (Static) = 0.006682 | Cell 2 (Plastic) = 0.005227
Trial: 155, Time:28.348s
Trial 155: Cell 1 (Static) = 0.006702 | Cell 2 (Plastic) = 0.005242
Trial: 156, Time:28.262s
Trial 156: Cell 1 (Static) = 0.006722 | Cell 2 (Plastic) = 0.005258
Trial: 157, Time:28.397s
Trial 157: Cell 1 (Static) = 0.006742 | Cell 2 (Plastic) = 0.005274
Trial: 158, Time:28.457s
Trial 158: Cell 1 (Static) = 0.006762 | Cell 2 (Plastic) = 0.005290
Trial: 159, Time:28.629s
Trial 159: Cell 1 (Static) = 0.006783 | Cell 2 (Plastic) = 0.005305
Trial: 160, Time:28.446s
Trial 160: Cell 1 (Static) = 0.006803 | Cell 2 (Plastic) = 0.005321
Trial: 161, Time:28.431s
Trial 161: Cell 1 (Static) = 0.006823 | Cell 2 (Plastic) = 0.005337
Trial: 162, Time:28.463s
Trial 162: Cell 1 (Static) = 0.006844 | Cell 2 (Plastic) = 0.005353
Trial: 163, Time:28.442s
Trial 163: Cell 1 (Static) = 0.006864 | Cell 2 (Plastic) = 0.005369
Trial: 164, Time:28.317s
Trial 164: Cell 1 (Static) = 0.006885 | Cell 2 (Plastic) = 0.005386
Trial: 165, Time:28.632s
Trial 165: Cell 1 (Static) = 0.006906 | Cell 2 (Plastic) = 0.005402
Trial: 166, Time:28.496s
Trial 166: Cell 1 (Static) = 0.006926 | Cell 2 (Plastic) = 0.005418
Trial: 167, Time:28.637s
Trial 167: Cell 1 (Static) = 0.006947 | Cell 2 (Plastic) = 0.005434
Trial: 168, Time:28.496s
Trial 168: Cell 1 (Static) = 0.006968 | Cell 2 (Plastic) = 0.005450
Trial: 169, Time:28.459s
Trial 169: Cell 1 (Static) = 0.006989 | Cell 2 (Plastic) = 0.005467
Trial: 170, Time:28.474s
Trial 170: Cell 1 (Static) = 0.007010 | Cell 2 (Plastic) = 0.005483
Trial: 171, Time:28.528s
Trial 171: Cell 1 (Static) = 0.007031 | Cell 2 (Plastic) = 0.005500
Trial: 172, Time:28.397s
Trial 172: Cell 1 (Static) = 0.007052 | Cell 2 (Plastic) = 0.005516
Trial: 173, Time:28.211s
Trial 173: Cell 1 (Static) = 0.007073 | Cell 2 (Plastic) = 0.005533
Trial: 174, Time:28.330s
Trial 174: Cell 1 (Static) = 0.007094 | Cell 2 (Plastic) = 0.005549
Trial: 175, Time:28.321s
Trial 175: Cell 1 (Static) = 0.007116 | Cell 2 (Plastic) = 0.005566
Trial: 176, Time:28.423s
Trial 176: Cell 1 (Static) = 0.007137 | Cell 2 (Plastic) = 0.005583
Trial: 177, Time:28.768s
Trial 177: Cell 1 (Static) = 0.007158 | Cell 2 (Plastic) = 0.005599
Trial: 178, Time:28.771s
Trial 178: Cell 1 (Static) = 0.007180 | Cell 2 (Plastic) = 0.005616
Trial: 179, Time:29.028s
Trial 179: Cell 1 (Static) = 0.007201 | Cell 2 (Plastic) = 0.005633
Trial: 180, Time:28.947s
Trial 180: Cell 1 (Static) = 0.007223 | Cell 2 (Plastic) = 0.005650
Trial: 181, Time:29.277s
Trial 181: Cell 1 (Static) = 0.007245 | Cell 2 (Plastic) = 0.005667
Trial: 182, Time:28.825s
Trial 182: Cell 1 (Static) = 0.007266 | Cell 2 (Plastic) = 0.005684
Trial: 183, Time:29.075s
Trial 183: Cell 1 (Static) = 0.007288 | Cell 2 (Plastic) = 0.005701
Trial: 184, Time:29.036s
Trial 184: Cell 1 (Static) = 0.007310 | Cell 2 (Plastic) = 0.005718
Trial: 185, Time:28.899s
Trial 185: Cell 1 (Static) = 0.007332 | Cell 2 (Plastic) = 0.005735
Trial: 186, Time:28.661s
Trial 186: Cell 1 (Static) = 0.007310 | Cell 2 (Plastic) = 0.005752
Trial: 187, Time:29.548s
Trial 187: Cell 1 (Static) = 0.007332 | Cell 2 (Plastic) = 0.005735
Trial: 188, Time:28.728s
Trial 188: Cell 1 (Static) = 0.007354 | Cell 2 (Plastic) = 0.005718
Trial: 189, Time:29.598s
Trial 189: Cell 1 (Static) = 0.007376 | Cell 2 (Plastic) = 0.005701
Trial: 190, Time:28.790s
Trial 190: Cell 1 (Static) = 0.007398 | Cell 2 (Plastic) = 0.005684
Trial: 191, Time:28.752s
Trial 191: Cell 1 (Static) = 0.007420 | Cell 2 (Plastic) = 0.005667
Trial: 192, Time:28.951s
Trial 192: Cell 1 (Static) = 0.007398 | Cell 2 (Plastic) = 0.005650
Trial: 193, Time:29.249s
Trial 193: Cell 1 (Static) = 0.007376 | Cell 2 (Plastic) = 0.005667
Trial: 194, Time:29.307s
Trial 194: Cell 1 (Static) = 0.007354 | Cell 2 (Plastic) = 0.005684
Trial: 195, Time:28.947s
Trial 195: Cell 1 (Static) = 0.007332 | Cell 2 (Plastic) = 0.005701
Trial: 196, Time:29.037s
Trial 196: Cell 1 (Static) = 0.007310 | Cell 2 (Plastic) = 0.005718
Trial: 197, Time:29.999s
Trial 197: Cell 1 (Static) = 0.007288 | Cell 2 (Plastic) = 0.005735
Trial: 198, Time:29.271s
Trial 198: Cell 1 (Static) = 0.007266 | Cell 2 (Plastic) = 0.005752
Trial: 199, Time:29.301s
Trial 199: Cell 1 (Static) = 0.007245 | Cell 2 (Plastic) = 0.005770
Trial: 200, Time:29.873s
Trial 200: Cell 1 (Static) = 0.007266 | Cell 2 (Plastic) = 0.005752
Trial: 201, Time:29.417s
Trial 201: Cell 1 (Static) = 0.007288 | Cell 2 (Plastic) = 0.005770
Trial: 202, Time:30.437s
Trial 202: Cell 1 (Static) = 0.007310 | Cell 2 (Plastic) = 0.005787
Trial: 203, Time:31.080s
Trial 203: Cell 1 (Static) = 0.007332 | Cell 2 (Plastic) = 0.005804
Trial: 204, Time:30.877s
Trial 204: Cell 1 (Static) = 0.007354 | Cell 2 (Plastic) = 0.005822
Trial: 205, Time:31.017s
Trial 205: Cell 1 (Static) = 0.007376 | Cell 2 (Plastic) = 0.005839
Trial: 206, Time:31.015s
Trial 206: Cell 1 (Static) = 0.007398 | Cell 2 (Plastic) = 0.005857
Trial: 207, Time:30.871s
Trial 207: Cell 1 (Static) = 0.007420 | Cell 2 (Plastic) = 0.005874
Trial: 208, Time:31.227s
Trial 208: Cell 1 (Static) = 0.007443 | Cell 2 (Plastic) = 0.005892
Trial: 209, Time:31.197s
Trial 209: Cell 1 (Static) = 0.007465 | Cell 2 (Plastic) = 0.005910
Trial: 210, Time:31.399s
Trial 210: Cell 1 (Static) = 0.007487 | Cell 2 (Plastic) = 0.005927
Trial: 211, Time:31.950s
Trial 211: Cell 1 (Static) = 0.007510 | Cell 2 (Plastic) = 0.005945
Trial: 212, Time:31.421s
Trial 212: Cell 1 (Static) = 0.007532 | Cell 2 (Plastic) = 0.005963
Trial: 213, Time:31.365s
Trial 213: Cell 1 (Static) = 0.007555 | Cell 2 (Plastic) = 0.005981
Trial: 214, Time:31.331s
Trial 214: Cell 1 (Static) = 0.007578 | Cell 2 (Plastic) = 0.005999
Trial: 215, Time:605.442s
Trial 215: Cell 1 (Static) = 0.007600 | Cell 2 (Plastic) = 0.006017
Trial: 216, Time:578.037s
Trial 216: Cell 1 (Static) = 0.007623 | Cell 2 (Plastic) = 0.006035
Trial: 217, Time:30.663s
Trial 217: Cell 1 (Static) = 0.007646 | Cell 2 (Plastic) = 0.006053
Trial: 218, Time:30.498s
Trial 218: Cell 1 (Static) = 0.007669 | Cell 2 (Plastic) = 0.006071
Trial: 219, Time:30.753s
Trial 219: Cell 1 (Static) = 0.007692 | Cell 2 (Plastic) = 0.006089
Trial: 220, Time:30.658s
Trial 220: Cell 1 (Static) = 0.007715 | Cell 2 (Plastic) = 0.006108
Trial: 221, Time:30.687s
Trial 221: Cell 1 (Static) = 0.007692 | Cell 2 (Plastic) = 0.006126
Trial: 222, Time:30.589s
Trial 222: Cell 1 (Static) = 0.007669 | Cell 2 (Plastic) = 0.006144
Trial: 223, Time:30.542s
Trial 223: Cell 1 (Static) = 0.007646 | Cell 2 (Plastic) = 0.006163
Trial: 224, Time:30.383s
Trial 224: Cell 1 (Static) = 0.007623 | Cell 2 (Plastic) = 0.006181
Trial: 225, Time:30.676s
Trial 225: Cell 1 (Static) = 0.007600 | Cell 2 (Plastic) = 0.006200
Trial: 226, Time:30.641s
Trial 226: Cell 1 (Static) = 0.007578 | Cell 2 (Plastic) = 0.006218
Trial: 227, Time:30.618s
Trial 227: Cell 1 (Static) = 0.007555 | Cell 2 (Plastic) = 0.006237
Trial: 228, Time:30.671s
Trial 228: Cell 1 (Static) = 0.007578 | Cell 2 (Plastic) = 0.006256
Trial: 229, Time:30.762s
Trial 229: Cell 1 (Static) = 0.007600 | Cell 2 (Plastic) = 0.006274
Trial: 230, Time:30.796s
Trial 230: Cell 1 (Static) = 0.007623 | Cell 2 (Plastic) = 0.006293
Trial: 231, Time:30.892s
Trial 231: Cell 1 (Static) = 0.007646 | Cell 2 (Plastic) = 0.006312
Trial: 232, Time:30.639s
Trial 232: Cell 1 (Static) = 0.007669 | Cell 2 (Plastic) = 0.006331
Trial: 233, Time:30.695s
Trial 233: Cell 1 (Static) = 0.007692 | Cell 2 (Plastic) = 0.006350
Trial: 234, Time:30.555s
Trial 234: Cell 1 (Static) = 0.007715 | Cell 2 (Plastic) = 0.006369
Trial: 235, Time:30.755s
Trial 235: Cell 1 (Static) = 0.007738 | Cell 2 (Plastic) = 0.006388
Trial: 236, Time:30.694s
Trial 236: Cell 1 (Static) = 0.007761 | Cell 2 (Plastic) = 0.006407
Trial: 237, Time:30.920s
Trial 237: Cell 1 (Static) = 0.007785 | Cell 2 (Plastic) = 0.006427
Trial: 238, Time:30.938s
Trial 238: Cell 1 (Static) = 0.007808 | Cell 2 (Plastic) = 0.006446
Trial: 239, Time:30.947s
Trial 239: Cell 1 (Static) = 0.007831 | Cell 2 (Plastic) = 0.006465
Trial: 240, Time:30.886s
Trial 240: Cell 1 (Static) = 0.007855 | Cell 2 (Plastic) = 0.006485
Trial: 241, Time:30.888s
Trial 241: Cell 1 (Static) = 0.007879 | Cell 2 (Plastic) = 0.006504
Trial: 242, Time:30.720s
Trial 242: Cell 1 (Static) = 0.007902 | Cell 2 (Plastic) = 0.006524
Trial: 243, Time:30.958s
Trial 243: Cell 1 (Static) = 0.007879 | Cell 2 (Plastic) = 0.006543
Trial: 244, Time:30.875s
Trial 244: Cell 1 (Static) = 0.007855 | Cell 2 (Plastic) = 0.006563
Trial: 245, Time:31.095s
Trial 245: Cell 1 (Static) = 0.007831 | Cell 2 (Plastic) = 0.006582
Trial: 246, Time:30.980s
Trial 246: Cell 1 (Static) = 0.007808 | Cell 2 (Plastic) = 0.006602
Trial: 247, Time:31.205s
Trial 247: Cell 1 (Static) = 0.007785 | Cell 2 (Plastic) = 0.006622
Trial: 248, Time:31.301s
Trial 248: Cell 1 (Static) = 0.007761 | Cell 2 (Plastic) = 0.006642
Trial: 249, Time:31.329s
Trial 249: Cell 1 (Static) = 0.007738 | Cell 2 (Plastic) = 0.006662
Trial: 250, Time:31.453s
Trial 250: Cell 1 (Static) = 0.007715 | Cell 2 (Plastic) = 0.006682
Trial: 251, Time:31.710s
Trial 251: Cell 1 (Static) = 0.007738 | Cell 2 (Plastic) = 0.006702
Trial: 252, Time:33.257s
Trial 252: Cell 1 (Static) = 0.007761 | Cell 2 (Plastic) = 0.006722
Trial: 253, Time:33.226s
Trial 253: Cell 1 (Static) = 0.007785 | Cell 2 (Plastic) = 0.006742
Trial: 254, Time:33.085s
Trial 254: Cell 1 (Static) = 0.007808 | Cell 2 (Plastic) = 0.006762
Trial: 255, Time:32.968s
Trial 255: Cell 1 (Static) = 0.007831 | Cell 2 (Plastic) = 0.006783
Trial: 256, Time:32.926s
Trial 256: Cell 1 (Static) = 0.007855 | Cell 2 (Plastic) = 0.006803
Trial: 257, Time:32.864s
Trial 257: Cell 1 (Static) = 0.007879 | Cell 2 (Plastic) = 0.006823
Trial: 258, Time:32.723s
Trial 258: Cell 1 (Static) = 0.007902 | Cell 2 (Plastic) = 0.006844
Trial: 259, Time:32.822s
Trial 259: Cell 1 (Static) = 0.007926 | Cell 2 (Plastic) = 0.006864
Trial: 260, Time:33.020s
Trial 260: Cell 1 (Static) = 0.007950 | Cell 2 (Plastic) = 0.006885
Trial: 261, Time:32.921s
Trial 261: Cell 1 (Static) = 0.007973 | Cell 2 (Plastic) = 0.006906
Trial: 262, Time:32.836s
Trial 262: Cell 1 (Static) = 0.007997 | Cell 2 (Plastic) = 0.006926
Trial: 263, Time:32.827s
Trial 263: Cell 1 (Static) = 0.008021 | Cell 2 (Plastic) = 0.006947
Trial: 264, Time:32.873s
Trial 264: Cell 1 (Static) = 0.008045 | Cell 2 (Plastic) = 0.006968
Trial: 265, Time:32.745s
Trial 265: Cell 1 (Static) = 0.008070 | Cell 2 (Plastic) = 0.006989
Trial: 266, Time:32.804s
Trial 266: Cell 1 (Static) = 0.008094 | Cell 2 (Plastic) = 0.007010
Trial: 267, Time:32.861s
Trial 267: Cell 1 (Static) = 0.008118 | Cell 2 (Plastic) = 0.007031
Trial: 268, Time:32.642s
Trial 268: Cell 1 (Static) = 0.008142 | Cell 2 (Plastic) = 0.007010
Trial: 269, Time:32.715s
Trial 269: Cell 1 (Static) = 0.008167 | Cell 2 (Plastic) = 0.006989
Trial: 270, Time:32.788s
Trial 270: Cell 1 (Static) = 0.008142 | Cell 2 (Plastic) = 0.006968
Trial: 271, Time:32.847s
Trial 271: Cell 1 (Static) = 0.008118 | Cell 2 (Plastic) = 0.006989
Trial: 272, Time:32.800s
Trial 272: Cell 1 (Static) = 0.008094 | Cell 2 (Plastic) = 0.007010
Trial: 273, Time:32.835s
Trial 273: Cell 1 (Static) = 0.008070 | Cell 2 (Plastic) = 0.007031
Trial: 274, Time:32.834s
Trial 274: Cell 1 (Static) = 0.008094 | Cell 2 (Plastic) = 0.007010
Trial: 275, Time:32.915s
Trial 275: Cell 1 (Static) = 0.008118 | Cell 2 (Plastic) = 0.006989
Trial: 276, Time:33.092s
Trial 276: Cell 1 (Static) = 0.008094 | Cell 2 (Plastic) = 0.006968
Trial: 277, Time:33.356s
Trial 277: Cell 1 (Static) = 0.008118 | Cell 2 (Plastic) = 0.006989
Trial: 278, Time:33.243s
Trial 278: Cell 1 (Static) = 0.008142 | Cell 2 (Plastic) = 0.007010
Trial: 279, Time:33.436s
Trial 279: Cell 1 (Static) = 0.008167 | Cell 2 (Plastic) = 0.006989
Trial: 280, Time:33.330s
Trial 280: Cell 1 (Static) = 0.008191 | Cell 2 (Plastic) = 0.007010
Trial: 281, Time:33.504s
Trial 281: Cell 1 (Static) = 0.008216 | Cell 2 (Plastic) = 0.007031
Trial: 282, Time:33.425s
Trial 282: Cell 1 (Static) = 0.008241 | Cell 2 (Plastic) = 0.007052
Trial: 283, Time:33.266s
Trial 283: Cell 1 (Static) = 0.008265 | Cell 2 (Plastic) = 0.007073
Trial: 284, Time:33.350s
Trial 284: Cell 1 (Static) = 0.008290 | Cell 2 (Plastic) = 0.007094
Trial: 285, Time:33.312s
Trial 285: Cell 1 (Static) = 0.008315 | Cell 2 (Plastic) = 0.007116
Trial: 286, Time:33.303s
Trial 286: Cell 1 (Static) = 0.008340 | Cell 2 (Plastic) = 0.007137
Trial: 287, Time:33.388s
Trial 287: Cell 1 (Static) = 0.008365 | Cell 2 (Plastic) = 0.007158
Trial: 288, Time:33.351s
Trial 288: Cell 1 (Static) = 0.008390 | Cell 2 (Plastic) = 0.007180
Trial: 289, Time:33.381s
Trial 289: Cell 1 (Static) = 0.008415 | Cell 2 (Plastic) = 0.007201
Trial: 290, Time:33.418s
Trial 290: Cell 1 (Static) = 0.008440 | Cell 2 (Plastic) = 0.007223
Trial: 291, Time:33.606s
Trial 291: Cell 1 (Static) = 0.008415 | Cell 2 (Plastic) = 0.007245
Trial: 292, Time:33.774s
Trial 292: Cell 1 (Static) = 0.008440 | Cell 2 (Plastic) = 0.007223
Trial: 293, Time:33.939s
Trial 293: Cell 1 (Static) = 0.008466 | Cell 2 (Plastic) = 0.007201
Trial: 294, Time:33.962s
Trial 294: Cell 1 (Static) = 0.008440 | Cell 2 (Plastic) = 0.007180
Trial: 295, Time:34.981s
Trial 295: Cell 1 (Static) = 0.008415 | Cell 2 (Plastic) = 0.007201
Trial: 296, Time:34.728s
Trial 296: Cell 1 (Static) = 0.008390 | Cell 2 (Plastic) = 0.007223
Trial: 297, Time:35.589s
Trial 297: Cell 1 (Static) = 0.008365 | Cell 2 (Plastic) = 0.007245
Trial: 298, Time:34.820s
Trial 298: Cell 1 (Static) = 0.008340 | Cell 2 (Plastic) = 0.007266
Trial: 299, Time:35.022s
Trial 299: Cell 1 (Static) = 0.008315 | Cell 2 (Plastic) = 0.007288
Trial: 300, Time:35.403s
Trial 300: Cell 1 (Static) = 0.008290 | Cell 2 (Plastic) = 0.007310
Trial: 301, Time:34.542s
Trial 301: Cell 1 (Static) = 0.008315 | Cell 2 (Plastic) = 0.007332
Trial: 302, Time:36.266s
Trial 302: Cell 1 (Static) = 0.008340 | Cell 2 (Plastic) = 0.007354
Trial: 303, Time:36.403s
Trial 303: Cell 1 (Static) = 0.008365 | Cell 2 (Plastic) = 0.007376
Trial: 304, Time:36.359s
Trial 304: Cell 1 (Static) = 0.008390 | Cell 2 (Plastic) = 0.007398
Trial: 305, Time:36.396s
Trial 305: Cell 1 (Static) = 0.008415 | Cell 2 (Plastic) = 0.007420
Trial: 306, Time:36.958s
Trial 306: Cell 1 (Static) = 0.008440 | Cell 2 (Plastic) = 0.007443
Trial: 307, Time:36.155s
Trial 307: Cell 1 (Static) = 0.008466 | Cell 2 (Plastic) = 0.007465
Trial: 308, Time:36.135s
Trial 308: Cell 1 (Static) = 0.008491 | Cell 2 (Plastic) = 0.007487
Trial: 309, Time:36.042s
Trial 309: Cell 1 (Static) = 0.008517 | Cell 2 (Plastic) = 0.007510
Trial: 310, Time:36.575s
Trial 310: Cell 1 (Static) = 0.008542 | Cell 2 (Plastic) = 0.007532
Trial: 311, Time:35.947s
Trial 311: Cell 1 (Static) = 0.008568 | Cell 2 (Plastic) = 0.007555
Trial: 312, Time:35.979s
Trial 312: Cell 1 (Static) = 0.008594 | Cell 2 (Plastic) = 0.007578
Trial: 313, Time:36.043s
Trial 313: Cell 1 (Static) = 0.008619 | Cell 2 (Plastic) = 0.007600
Trial: 314, Time:35.872s
Trial 314: Cell 1 (Static) = 0.008645 | Cell 2 (Plastic) = 0.007578
Trial: 315, Time:36.515s
Trial 315: Cell 1 (Static) = 0.008671 | Cell 2 (Plastic) = 0.007555
Trial: 316, Time:35.843s
Trial 316: Cell 1 (Static) = 0.008697 | Cell 2 (Plastic) = 0.007578
Trial: 317, Time:35.851s
Trial 317: Cell 1 (Static) = 0.008671 | Cell 2 (Plastic) = 0.007600
Trial: 318, Time:36.034s
Trial 318: Cell 1 (Static) = 0.008645 | Cell 2 (Plastic) = 0.007623
Trial: 319, Time:36.450s
Trial 319: Cell 1 (Static) = 0.008619 | Cell 2 (Plastic) = 0.007646
Trial: 320, Time:36.415s
Trial 320: Cell 1 (Static) = 0.008645 | Cell 2 (Plastic) = 0.007669
Trial: 321, Time:36.969s
Trial 321: Cell 1 (Static) = 0.008671 | Cell 2 (Plastic) = 0.007692
Trial: 322, Time:36.311s
Trial 322: Cell 1 (Static) = 0.008697 | Cell 2 (Plastic) = 0.007715
Trial: 323, Time:36.335s
Trial 323: Cell 1 (Static) = 0.008723 | Cell 2 (Plastic) = 0.007738
Trial: 324, Time:36.713s
Trial 324: Cell 1 (Static) = 0.008749 | Cell 2 (Plastic) = 0.007761
Trial: 325, Time:36.319s
Trial 325: Cell 1 (Static) = 0.008776 | Cell 2 (Plastic) = 0.007785
Trial: 326, Time:675.117s
Trial 326: Cell 1 (Static) = 0.008802 | Cell 2 (Plastic) = 0.007808
Trial: 327, Time:1308.692s
Trial 327: Cell 1 (Static) = 0.008828 | Cell 2 (Plastic) = 0.007831
Trial: 328, Time:36.135s
Trial 328: Cell 1 (Static) = 0.008855 | Cell 2 (Plastic) = 0.007855
Trial: 329, Time:35.968s
Trial 329: Cell 1 (Static) = 0.008881 | Cell 2 (Plastic) = 0.007879
Trial: 330, Time:35.957s
Trial 330: Cell 1 (Static) = 0.008908 | Cell 2 (Plastic) = 0.007902
Trial: 331, Time:36.131s
Trial 331: Cell 1 (Static) = 0.008881 | Cell 2 (Plastic) = 0.007926
Trial: 332, Time:35.966s
Trial 332: Cell 1 (Static) = 0.008855 | Cell 2 (Plastic) = 0.007950
Trial: 333, Time:36.091s
Trial 333: Cell 1 (Static) = 0.008828 | Cell 2 (Plastic) = 0.007973
Trial: 334, Time:36.253s
Trial 334: Cell 1 (Static) = 0.008802 | Cell 2 (Plastic) = 0.007997
Trial: 335, Time:36.361s
Trial 335: Cell 1 (Static) = 0.008776 | Cell 2 (Plastic) = 0.008021
Trial: 336, Time:36.223s
Trial 336: Cell 1 (Static) = 0.008749 | Cell 2 (Plastic) = 0.008045
Trial: 337, Time:36.137s
Trial 337: Cell 1 (Static) = 0.008723 | Cell 2 (Plastic) = 0.008070
Trial: 338, Time:36.226s
Trial 338: Cell 1 (Static) = 0.008697 | Cell 2 (Plastic) = 0.008045
Trial: 339, Time:36.356s
Trial 339: Cell 1 (Static) = 0.008723 | Cell 2 (Plastic) = 0.008021
Trial: 340, Time:36.427s
Trial 340: Cell 1 (Static) = 0.008749 | Cell 2 (Plastic) = 0.007997
Trial: 341, Time:36.573s
Trial 341: Cell 1 (Static) = 0.008776 | Cell 2 (Plastic) = 0.007973
Trial: 342, Time:36.565s
Trial 342: Cell 1 (Static) = 0.008802 | Cell 2 (Plastic) = 0.007950
Trial: 343, Time:36.703s
Trial 343: Cell 1 (Static) = 0.008828 | Cell 2 (Plastic) = 0.007926
Trial: 344, Time:36.640s
Trial 344: Cell 1 (Static) = 0.008855 | Cell 2 (Plastic) = 0.007902
Trial: 345, Time:36.623s
Trial 345: Cell 1 (Static) = 0.008881 | Cell 2 (Plastic) = 0.007879
Trial: 346, Time:36.491s
Trial 346: Cell 1 (Static) = 0.008908 | Cell 2 (Plastic) = 0.007902
Trial: 347, Time:36.578s
Trial 347: Cell 1 (Static) = 0.008881 | Cell 2 (Plastic) = 0.007926
Trial: 348, Time:36.649s
Trial 348: Cell 1 (Static) = 0.008908 | Cell 2 (Plastic) = 0.007950
Trial: 349, Time:36.640s
Trial 349: Cell 1 (Static) = 0.008935 | Cell 2 (Plastic) = 0.007926
Trial: 350, Time:36.627s
Trial 350: Cell 1 (Static) = 0.008962 | Cell 2 (Plastic) = 0.007902
Trial: 351, Time:36.826s
Trial 351: Cell 1 (Static) = 0.008988 | Cell 2 (Plastic) = 0.007926
Trial: 352, Time:37.300s
Trial 352: Cell 1 (Static) = 0.009015 | Cell 2 (Plastic) = 0.007950
Trial: 353, Time:37.619s
Trial 353: Cell 1 (Static) = 0.009042 | Cell 2 (Plastic) = 0.007973
Trial: 354, Time:37.506s
Trial 354: Cell 1 (Static) = 0.009070 | Cell 2 (Plastic) = 0.007997
Trial: 355, Time:37.316s
Trial 355: Cell 1 (Static) = 0.009097 | Cell 2 (Plastic) = 0.008021
Trial: 356, Time:36.959s
Trial 356: Cell 1 (Static) = 0.009124 | Cell 2 (Plastic) = 0.008045
Trial: 357, Time:36.866s
Trial 357: Cell 1 (Static) = 0.009151 | Cell 2 (Plastic) = 0.008070
Trial: 358, Time:36.867s
Trial 358: Cell 1 (Static) = 0.009179 | Cell 2 (Plastic) = 0.008094
Trial: 359, Time:36.857s
Trial 359: Cell 1 (Static) = 0.009206 | Cell 2 (Plastic) = 0.008118
Trial: 360, Time:36.812s
Trial 360: Cell 1 (Static) = 0.009234 | Cell 2 (Plastic) = 0.008142
Trial: 361, Time:36.776s
Trial 361: Cell 1 (Static) = 0.009262 | Cell 2 (Plastic) = 0.008167
Trial: 362, Time:36.593s
Trial 362: Cell 1 (Static) = 0.009290 | Cell 2 (Plastic) = 0.008191
Trial: 363, Time:36.482s
Trial 363: Cell 1 (Static) = 0.009317 | Cell 2 (Plastic) = 0.008216
Trial: 364, Time:36.403s
Trial 364: Cell 1 (Static) = 0.009345 | Cell 2 (Plastic) = 0.008241
Trial: 365, Time:36.334s
Trial 365: Cell 1 (Static) = 0.009373 | Cell 2 (Plastic) = 0.008265
Trial: 366, Time:36.282s
Trial 366: Cell 1 (Static) = 0.009402 | Cell 2 (Plastic) = 0.008290
Trial: 367, Time:36.097s
Trial 367: Cell 1 (Static) = 0.009430 | Cell 2 (Plastic) = 0.008315
Trial: 368, Time:36.261s
Trial 368: Cell 1 (Static) = 0.009458 | Cell 2 (Plastic) = 0.008340
Trial: 369, Time:36.491s
Trial 369: Cell 1 (Static) = 0.009486 | Cell 2 (Plastic) = 0.008365
Trial: 370, Time:36.597s
Trial 370: Cell 1 (Static) = 0.009515 | Cell 2 (Plastic) = 0.008390
Trial: 371, Time:36.439s
Trial 371: Cell 1 (Static) = 0.009543 | Cell 2 (Plastic) = 0.008415
Trial: 372, Time:36.466s
Trial 372: Cell 1 (Static) = 0.009515 | Cell 2 (Plastic) = 0.008440
Trial: 373, Time:36.606s
Trial 373: Cell 1 (Static) = 0.009486 | Cell 2 (Plastic) = 0.008466
Trial: 374, Time:36.637s
Trial 374: Cell 1 (Static) = 0.009458 | Cell 2 (Plastic) = 0.008491
Trial: 375, Time:36.637s
Trial 375: Cell 1 (Static) = 0.009430 | Cell 2 (Plastic) = 0.008517
Trial: 376, Time:36.568s
Trial 376: Cell 1 (Static) = 0.009402 | Cell 2 (Plastic) = 0.008542
Trial: 377, Time:36.407s
Trial 377: Cell 1 (Static) = 0.009373 | Cell 2 (Plastic) = 0.008568
Trial: 378, Time:36.553s
Trial 378: Cell 1 (Static) = 0.009345 | Cell 2 (Plastic) = 0.008594
Trial: 379, Time:36.541s
Trial 379: Cell 1 (Static) = 0.009317 | Cell 2 (Plastic) = 0.008619
Trial: 380, Time:36.510s
Trial 380: Cell 1 (Static) = 0.009290 | Cell 2 (Plastic) = 0.008645
Trial: 381, Time:36.464s
Trial 381: Cell 1 (Static) = 0.009262 | Cell 2 (Plastic) = 0.008671
Trial: 382, Time:36.824s
Trial 382: Cell 1 (Static) = 0.009234 | Cell 2 (Plastic) = 0.008697
Trial: 383, Time:36.812s
Trial 383: Cell 1 (Static) = 0.009262 | Cell 2 (Plastic) = 0.008723
Trial: 384, Time:36.801s
Trial 384: Cell 1 (Static) = 0.009290 | Cell 2 (Plastic) = 0.008749
Trial: 385, Time:36.622s
Trial 385: Cell 1 (Static) = 0.009317 | Cell 2 (Plastic) = 0.008776
Trial: 386, Time:36.655s
Trial 386: Cell 1 (Static) = 0.009345 | Cell 2 (Plastic) = 0.008802
Trial: 387, Time:36.755s
Trial 387: Cell 1 (Static) = 0.009317 | Cell 2 (Plastic) = 0.008828
Trial: 388, Time:36.870s
Trial 388: Cell 1 (Static) = 0.009290 | Cell 2 (Plastic) = 0.008855
Trial: 389, Time:36.928s
Trial 389: Cell 1 (Static) = 0.009262 | Cell 2 (Plastic) = 0.008881
Trial: 390, Time:36.783s
Trial 390: Cell 1 (Static) = 0.009290 | Cell 2 (Plastic) = 0.008908
Trial: 391, Time:36.814s
Trial 391: Cell 1 (Static) = 0.009317 | Cell 2 (Plastic) = 0.008935
Trial: 392, Time:36.964s
Trial 392: Cell 1 (Static) = 0.009345 | Cell 2 (Plastic) = 0.008962
Trial: 393, Time:37.101s
Trial 393: Cell 1 (Static) = 0.009373 | Cell 2 (Plastic) = 0.008988
Trial: 394, Time:37.072s
Trial 394: Cell 1 (Static) = 0.009402 | Cell 2 (Plastic) = 0.009015
Trial: 395, Time:37.136s
Trial 395: Cell 1 (Static) = 0.009430 | Cell 2 (Plastic) = 0.009042
Trial: 396, Time:37.119s
Trial 396: Cell 1 (Static) = 0.009458 | Cell 2 (Plastic) = 0.009070
Trial: 397, Time:37.048s
Trial 397: Cell 1 (Static) = 0.009486 | Cell 2 (Plastic) = 0.009097
Trial: 398, Time:37.163s
Trial 398: Cell 1 (Static) = 0.009515 | Cell 2 (Plastic) = 0.009124
Trial: 399, Time:37.134s
Trial 399: Cell 1 (Static) = 0.009543 | Cell 2 (Plastic) = 0.009151
Trial: 400, Time:37.451s
Trial 400: Cell 1 (Static) = 0.009572 | Cell 2 (Plastic) = 0.009179
Trial: 401, Time:37.371s
Trial 401: Cell 1 (Static) = 0.009601 | Cell 2 (Plastic) = 0.009151
Trial: 402, Time:39.223s
Trial 402: Cell 1 (Static) = 0.009630 | Cell 2 (Plastic) = 0.009124
Trial: 403, Time:39.404s
Trial 403: Cell 1 (Static) = 0.009658 | Cell 2 (Plastic) = 0.009097
Trial: 404, Time:39.482s
Trial 404: Cell 1 (Static) = 0.009687 | Cell 2 (Plastic) = 0.009070
Trial: 405, Time:39.700s
Trial 405: Cell 1 (Static) = 0.009717 | Cell 2 (Plastic) = 0.009042
Trial: 406, Time:39.585s
Trial 406: Cell 1 (Static) = 0.009746 | Cell 2 (Plastic) = 0.009015
Trial: 407, Time:39.686s
Trial 407: Cell 1 (Static) = 0.009775 | Cell 2 (Plastic) = 0.008988
Trial: 408, Time:39.589s
Trial 408: Cell 1 (Static) = 0.009804 | Cell 2 (Plastic) = 0.008962
Trial: 409, Time:39.449s
Trial 409: Cell 1 (Static) = 0.009834 | Cell 2 (Plastic) = 0.008935
Trial: 410, Time:39.039s
Trial 410: Cell 1 (Static) = 0.009804 | Cell 2 (Plastic) = 0.008908
Trial: 411, Time:39.233s
Trial 411: Cell 1 (Static) = 0.009775 | Cell 2 (Plastic) = 0.008881
Trial: 412, Time:39.301s
Trial 412: Cell 1 (Static) = 0.009746 | Cell 2 (Plastic) = 0.008855
Trial: 413, Time:38.973s
Trial 413: Cell 1 (Static) = 0.009717 | Cell 2 (Plastic) = 0.008828
Trial: 414, Time:39.076s
Trial 414: Cell 1 (Static) = 0.009746 | Cell 2 (Plastic) = 0.008802
Trial: 415, Time:39.055s
Trial 415: Cell 1 (Static) = 0.009775 | Cell 2 (Plastic) = 0.008776
Trial: 416, Time:38.948s
Trial 416: Cell 1 (Static) = 0.009804 | Cell 2 (Plastic) = 0.008749
Trial: 417, Time:39.598s
Trial 417: Cell 1 (Static) = 0.009834 | Cell 2 (Plastic) = 0.008723
Trial: 418, Time:39.493s
Trial 418: Cell 1 (Static) = 0.009863 | Cell 2 (Plastic) = 0.008697
Trial: 419, Time:39.272s
Trial 419: Cell 1 (Static) = 0.009893 | Cell 2 (Plastic) = 0.008671
Trial: 420, Time:39.611s
Trial 420: Cell 1 (Static) = 0.009863 | Cell 2 (Plastic) = 0.008645
Trial: 421, Time:39.620s
Trial 421: Cell 1 (Static) = 0.009834 | Cell 2 (Plastic) = 0.008671
Trial: 422, Time:39.177s
Trial 422: Cell 1 (Static) = 0.009804 | Cell 2 (Plastic) = 0.008697
Trial: 423, Time:39.306s
Trial 423: Cell 1 (Static) = 0.009834 | Cell 2 (Plastic) = 0.008723
Trial: 424, Time:39.587s
Trial 424: Cell 1 (Static) = 0.009863 | Cell 2 (Plastic) = 0.008749
Trial: 425, Time:40.125s
Trial 425: Cell 1 (Static) = 0.009893 | Cell 2 (Plastic) = 0.008776
Trial: 426, Time:40.139s
Trial 426: Cell 1 (Static) = 0.009922 | Cell 2 (Plastic) = 0.008802
Trial: 427, Time:39.635s
Trial 427: Cell 1 (Static) = 0.009952 | Cell 2 (Plastic) = 0.008828
Trial: 428, Time:39.582s
Trial 428: Cell 1 (Static) = 0.009982 | Cell 2 (Plastic) = 0.008855
Trial: 429, Time:40.049s
Trial 429: Cell 1 (Static) = 0.010012 | Cell 2 (Plastic) = 0.008881
Trial: 430, Time:40.041s
Trial 430: Cell 1 (Static) = 0.010042 | Cell 2 (Plastic) = 0.008908
Trial: 431, Time:40.018s
Trial 431: Cell 1 (Static) = 0.010072 | Cell 2 (Plastic) = 0.008935
Trial: 432, Time:39.475s
Trial 432: Cell 1 (Static) = 0.010102 | Cell 2 (Plastic) = 0.008962
Trial: 433, Time:39.985s
Trial 433: Cell 1 (Static) = 0.010133 | Cell 2 (Plastic) = 0.008988
Trial: 434, Time:40.293s
Trial 434: Cell 1 (Static) = 0.010163 | Cell 2 (Plastic) = 0.009015
Trial: 435, Time:40.353s
Trial 435: Cell 1 (Static) = 0.010194 | Cell 2 (Plastic) = 0.009042
Trial: 436, Time:39.889s
Trial 436: Cell 1 (Static) = 0.010224 | Cell 2 (Plastic) = 0.009070
Trial: 437, Time:40.184s
Trial 437: Cell 1 (Static) = 0.010194 | Cell 2 (Plastic) = 0.009042
Trial: 438, Time:40.118s
Trial 438: Cell 1 (Static) = 0.010163 | Cell 2 (Plastic) = 0.009015
Trial: 439, Time:39.583s
Trial 439: Cell 1 (Static) = 0.010133 | Cell 2 (Plastic) = 0.008988
Trial: 440, Time:40.232s
Trial 440: Cell 1 (Static) = 0.010102 | Cell 2 (Plastic) = 0.008962
Trial: 441, Time:39.637s
Trial 441: Cell 1 (Static) = 0.010072 | Cell 2 (Plastic) = 0.008988
Trial: 442, Time:39.717s
Trial 442: Cell 1 (Static) = 0.010042 | Cell 2 (Plastic) = 0.009015
Trial: 443, Time:39.955s
Trial 443: Cell 1 (Static) = 0.010012 | Cell 2 (Plastic) = 0.008988
Trial: 444, Time:39.931s
Trial 444: Cell 1 (Static) = 0.009982 | Cell 2 (Plastic) = 0.008962
Trial: 445, Time:39.890s
Trial 445: Cell 1 (Static) = 0.009952 | Cell 2 (Plastic) = 0.008935
Trial: 446, Time:39.798s
Trial 446: Cell 1 (Static) = 0.009922 | Cell 2 (Plastic) = 0.008908
Trial: 447, Time:40.412s
Trial 447: Cell 1 (Static) = 0.009893 | Cell 2 (Plastic) = 0.008881
Trial: 448, Time:39.843s
Trial 448: Cell 1 (Static) = 0.009863 | Cell 2 (Plastic) = 0.008855
Trial: 449, Time:40.086s
Trial 449: Cell 1 (Static) = 0.009834 | Cell 2 (Plastic) = 0.008828
Trial: 450, Time:40.928s
Trial 450: Cell 1 (Static) = 0.009804 | Cell 2 (Plastic) = 0.008802
Trial: 451, Time:40.167s
Trial 451: Cell 1 (Static) = 0.009775 | Cell 2 (Plastic) = 0.008828
Trial: 452, Time:42.632s
Trial 452: Cell 1 (Static) = 0.009746 | Cell 2 (Plastic) = 0.008855
Trial: 453, Time:42.694s
Trial 453: Cell 1 (Static) = 0.009717 | Cell 2 (Plastic) = 0.008881
Trial: 454, Time:42.513s
Trial 454: Cell 1 (Static) = 0.009687 | Cell 2 (Plastic) = 0.008908
Trial: 455, Time:42.657s
Trial 455: Cell 1 (Static) = 0.009658 | Cell 2 (Plastic) = 0.008935
Trial: 456, Time:42.695s
Trial 456: Cell 1 (Static) = 0.009630 | Cell 2 (Plastic) = 0.008962
Trial: 457, Time:42.420s
Trial 457: Cell 1 (Static) = 0.009601 | Cell 2 (Plastic) = 0.008988
Trial: 458, Time:42.349s
Trial 458: Cell 1 (Static) = 0.009572 | Cell 2 (Plastic) = 0.009015
Trial: 459, Time:42.313s
Trial 459: Cell 1 (Static) = 0.009543 | Cell 2 (Plastic) = 0.009042
Trial: 460, Time:42.391s
Trial 460: Cell 1 (Static) = 0.009515 | Cell 2 (Plastic) = 0.009070
Trial: 461, Time:42.394s
Trial 461: Cell 1 (Static) = 0.009486 | Cell 2 (Plastic) = 0.009097
Trial: 462, Time:42.559s
Trial 462: Cell 1 (Static) = 0.009458 | Cell 2 (Plastic) = 0.009124
Trial: 463, Time:43.019s
Trial 463: Cell 1 (Static) = 0.009430 | Cell 2 (Plastic) = 0.009151
Trial: 464, Time:42.209s
Trial 464: Cell 1 (Static) = 0.009402 | Cell 2 (Plastic) = 0.009179
Trial: 465, Time:42.367s
Trial 465: Cell 1 (Static) = 0.009373 | Cell 2 (Plastic) = 0.009206
Trial: 466, Time:42.237s
Trial 466: Cell 1 (Static) = 0.009345 | Cell 2 (Plastic) = 0.009234
Trial: 467, Time:42.232s
Trial 467: Cell 1 (Static) = 0.009317 | Cell 2 (Plastic) = 0.009262
Trial: 468, Time:42.263s
Trial 468: Cell 1 (Static) = 0.009290 | Cell 2 (Plastic) = 0.009290
Trial: 469, Time:42.368s
Trial 469: Cell 1 (Static) = 0.009262 | Cell 2 (Plastic) = 0.009317
Trial: 470, Time:42.251s
Trial 470: Cell 1 (Static) = 0.009234 | Cell 2 (Plastic) = 0.009345
Trial: 471, Time:42.351s
Trial 471: Cell 1 (Static) = 0.009206 | Cell 2 (Plastic) = 0.009373
Trial: 472, Time:42.516s
Trial 472: Cell 1 (Static) = 0.009179 | Cell 2 (Plastic) = 0.009402
Trial: 473, Time:42.095s
Trial 473: Cell 1 (Static) = 0.009151 | Cell 2 (Plastic) = 0.009430
Trial: 474, Time:42.080s
Trial 474: Cell 1 (Static) = 0.009124 | Cell 2 (Plastic) = 0.009458
Trial: 475, Time:42.173s
Trial 475: Cell 1 (Static) = 0.009097 | Cell 2 (Plastic) = 0.009486
Trial: 476, Time:42.355s
Trial 476: Cell 1 (Static) = 0.009070 | Cell 2 (Plastic) = 0.009515
Trial: 477, Time:42.293s
Trial 477: Cell 1 (Static) = 0.009042 | Cell 2 (Plastic) = 0.009543
Trial: 478, Time:42.198s
Trial 478: Cell 1 (Static) = 0.009015 | Cell 2 (Plastic) = 0.009572
Trial: 479, Time:784.040s
Trial 479: Cell 1 (Static) = 0.008988 | Cell 2 (Plastic) = 0.009601
Trial: 480, Time:1438.535s
Trial 480: Cell 1 (Static) = 0.008962 | Cell 2 (Plastic) = 0.009630
Trial: 481, Time:41.394s
Trial 481: Cell 1 (Static) = 0.008935 | Cell 2 (Plastic) = 0.009658
Trial: 482, Time:41.375s
Trial 482: Cell 1 (Static) = 0.008908 | Cell 2 (Plastic) = 0.009687
Trial: 483, Time:41.719s
Trial 483: Cell 1 (Static) = 0.008881 | Cell 2 (Plastic) = 0.009717
Trial: 484, Time:42.010s
Trial 484: Cell 1 (Static) = 0.008855 | Cell 2 (Plastic) = 0.009746
Trial: 485, Time:41.881s
Trial 485: Cell 1 (Static) = 0.008828 | Cell 2 (Plastic) = 0.009775
Trial: 486, Time:41.838s
Trial 486: Cell 1 (Static) = 0.008802 | Cell 2 (Plastic) = 0.009804
Trial: 487, Time:41.866s
Trial 487: Cell 1 (Static) = 0.008776 | Cell 2 (Plastic) = 0.009834
Trial: 488, Time:41.905s
Trial 488: Cell 1 (Static) = 0.008749 | Cell 2 (Plastic) = 0.009863
Trial: 489, Time:41.884s
Trial 489: Cell 1 (Static) = 0.008723 | Cell 2 (Plastic) = 0.009893
Trial: 490, Time:41.978s
Trial 490: Cell 1 (Static) = 0.008749 | Cell 2 (Plastic) = 0.009922
Trial: 491, Time:41.997s
Trial 491: Cell 1 (Static) = 0.008776 | Cell 2 (Plastic) = 0.009952
Trial: 492, Time:42.065s
Trial 492: Cell 1 (Static) = 0.008802 | Cell 2 (Plastic) = 0.009982
Trial: 493, Time:41.943s
Trial 493: Cell 1 (Static) = 0.008828 | Cell 2 (Plastic) = 0.010012
Trial: 494, Time:41.928s
Trial 494: Cell 1 (Static) = 0.008855 | Cell 2 (Plastic) = 0.010042
Trial: 495, Time:42.014s
Trial 495: Cell 1 (Static) = 0.008828 | Cell 2 (Plastic) = 0.010072
Trial: 496, Time:42.000s
Trial 496: Cell 1 (Static) = 0.008802 | Cell 2 (Plastic) = 0.010102
Trial: 497, Time:42.157s
Trial 497: Cell 1 (Static) = 0.008776 | Cell 2 (Plastic) = 0.010133
Trial: 498, Time:42.312s
Trial 498: Cell 1 (Static) = 0.008802 | Cell 2 (Plastic) = 0.010163
Trial: 499, Time:42.631s
Trial 499: Cell 1 (Static) = 0.008776 | Cell 2 (Plastic) = 0.010194
Trial: 500, Time:42.479s
Trial 500: Cell 1 (Static) = 0.008749 | Cell 2 (Plastic) = 0.010224
Trial: 501, Time:42.483s
Trial 501: Cell 1 (Static) = 0.008723 | Cell 2 (Plastic) = 0.010194
Trial: 502, Time:42.820s
Trial 502: Cell 1 (Static) = 0.008749 | Cell 2 (Plastic) = 0.010163
Trial: 503, Time:42.937s
Trial 503: Cell 1 (Static) = 0.008776 | Cell 2 (Plastic) = 0.010133
Trial: 504, Time:42.925s
Trial 504: Cell 1 (Static) = 0.008802 | Cell 2 (Plastic) = 0.010102
Trial: 505, Time:42.834s
Trial 505: Cell 1 (Static) = 0.008776 | Cell 2 (Plastic) = 0.010072
Trial: 506, Time:42.703s
Trial 506: Cell 1 (Static) = 0.008749 | Cell 2 (Plastic) = 0.010042
Trial: 507, Time:42.660s
Trial 507: Cell 1 (Static) = 0.008723 | Cell 2 (Plastic) = 0.010012
Trial: 508, Time:42.711s
Trial 508: Cell 1 (Static) = 0.008697 | Cell 2 (Plastic) = 0.009982
Trial: 509, Time:42.771s
Trial 509: Cell 1 (Static) = 0.008671 | Cell 2 (Plastic) = 0.009952
Trial: 510, Time:42.670s
Trial 510: Cell 1 (Static) = 0.008645 | Cell 2 (Plastic) = 0.009922
Trial: 511, Time:42.326s
Trial 511: Cell 1 (Static) = 0.008619 | Cell 2 (Plastic) = 0.009893
Trial: 512, Time:42.535s
Trial 512: Cell 1 (Static) = 0.008594 | Cell 2 (Plastic) = 0.009863
Trial: 513, Time:42.686s
Trial 513: Cell 1 (Static) = 0.008568 | Cell 2 (Plastic) = 0.009834
Trial: 514, Time:42.786s
Trial 514: Cell 1 (Static) = 0.008542 | Cell 2 (Plastic) = 0.009804
Trial: 515, Time:42.657s
Trial 515: Cell 1 (Static) = 0.008568 | Cell 2 (Plastic) = 0.009775
Trial: 516, Time:42.777s
Trial 516: Cell 1 (Static) = 0.008594 | Cell 2 (Plastic) = 0.009746
Trial: 517, Time:42.537s
Trial 517: Cell 1 (Static) = 0.008619 | Cell 2 (Plastic) = 0.009717
Trial: 518, Time:42.666s
Trial 518: Cell 1 (Static) = 0.008645 | Cell 2 (Plastic) = 0.009687
Trial: 519, Time:42.726s
Trial 519: Cell 1 (Static) = 0.008671 | Cell 2 (Plastic) = 0.009717
Trial: 520, Time:42.667s
Trial 520: Cell 1 (Static) = 0.008697 | Cell 2 (Plastic) = 0.009746
Trial: 521, Time:42.611s
Trial 521: Cell 1 (Static) = 0.008723 | Cell 2 (Plastic) = 0.009775
Trial: 522, Time:42.612s
Trial 522: Cell 1 (Static) = 0.008749 | Cell 2 (Plastic) = 0.009804
Trial: 523, Time:42.480s
Trial 523: Cell 1 (Static) = 0.008776 | Cell 2 (Plastic) = 0.009834
Trial: 524, Time:42.563s
Trial 524: Cell 1 (Static) = 0.008802 | Cell 2 (Plastic) = 0.009863
Trial: 525, Time:42.518s
Trial 525: Cell 1 (Static) = 0.008828 | Cell 2 (Plastic) = 0.009893
Trial: 526, Time:42.523s
Trial 526: Cell 1 (Static) = 0.008855 | Cell 2 (Plastic) = 0.009922
Trial: 527, Time:42.621s
Trial 527: Cell 1 (Static) = 0.008881 | Cell 2 (Plastic) = 0.009952
Trial: 528, Time:42.642s
Trial 528: Cell 1 (Static) = 0.008908 | Cell 2 (Plastic) = 0.009922
Trial: 529, Time:42.659s
Trial 529: Cell 1 (Static) = 0.008881 | Cell 2 (Plastic) = 0.009893
Trial: 530, Time:42.548s
Trial 530: Cell 1 (Static) = 0.008855 | Cell 2 (Plastic) = 0.009863
Trial: 531, Time:42.493s
Trial 531: Cell 1 (Static) = 0.008828 | Cell 2 (Plastic) = 0.009834
Trial: 532, Time:42.606s
Trial 532: Cell 1 (Static) = 0.008802 | Cell 2 (Plastic) = 0.009804
Trial: 533, Time:42.922s
Trial 533: Cell 1 (Static) = 0.008776 | Cell 2 (Plastic) = 0.009775
Trial: 534, Time:42.836s
Trial 534: Cell 1 (Static) = 0.008749 | Cell 2 (Plastic) = 0.009746
Trial: 535, Time:42.774s
Trial 535: Cell 1 (Static) = 0.008723 | Cell 2 (Plastic) = 0.009717
Trial: 536, Time:42.681s
Trial 536: Cell 1 (Static) = 0.008697 | Cell 2 (Plastic) = 0.009687
Trial: 537, Time:42.748s
Trial 537: Cell 1 (Static) = 0.008671 | Cell 2 (Plastic) = 0.009658
Trial: 538, Time:42.679s
Trial 538: Cell 1 (Static) = 0.008645 | Cell 2 (Plastic) = 0.009630
Trial: 539, Time:42.700s
Trial 539: Cell 1 (Static) = 0.008619 | Cell 2 (Plastic) = 0.009601
Trial: 540, Time:43.074s
Trial 540: Cell 1 (Static) = 0.008594 | Cell 2 (Plastic) = 0.009572
Trial: 541, Time:43.233s
Trial 541: Cell 1 (Static) = 0.008568 | Cell 2 (Plastic) = 0.009601
Trial: 542, Time:43.365s
Trial 542: Cell 1 (Static) = 0.008542 | Cell 2 (Plastic) = 0.009630
Trial: 543, Time:43.530s
Trial 543: Cell 1 (Static) = 0.008568 | Cell 2 (Plastic) = 0.009601
Trial: 544, Time:43.605s
Trial 544: Cell 1 (Static) = 0.008594 | Cell 2 (Plastic) = 0.009572
Trial: 545, Time:43.557s
Trial 545: Cell 1 (Static) = 0.008619 | Cell 2 (Plastic) = 0.009543
Trial: 546, Time:43.552s
Trial 546: Cell 1 (Static) = 0.008645 | Cell 2 (Plastic) = 0.009515
Trial: 547, Time:43.566s
Trial 547: Cell 1 (Static) = 0.008671 | Cell 2 (Plastic) = 0.009486
Trial: 548, Time:43.395s
Trial 548: Cell 1 (Static) = 0.008697 | Cell 2 (Plastic) = 0.009458
Trial: 549, Time:43.139s
Trial 549: Cell 1 (Static) = 0.008723 | Cell 2 (Plastic) = 0.009430
Trial: 550, Time:43.266s
Trial 550: Cell 1 (Static) = 0.008697 | Cell 2 (Plastic) = 0.009402
Trial: 551, Time:43.277s
Trial 551: Cell 1 (Static) = 0.008723 | Cell 2 (Plastic) = 0.009430
Trial: 552, Time:44.447s
Trial 552: Cell 1 (Static) = 0.008749 | Cell 2 (Plastic) = 0.009458
Trial: 553, Time:44.623s
Trial 553: Cell 1 (Static) = 0.008776 | Cell 2 (Plastic) = 0.009486
Trial: 554, Time:44.716s
Trial 554: Cell 1 (Static) = 0.008802 | Cell 2 (Plastic) = 0.009515
Trial: 555, Time:44.682s
Trial 555: Cell 1 (Static) = 0.008828 | Cell 2 (Plastic) = 0.009543
Trial: 556, Time:44.399s
Trial 556: Cell 1 (Static) = 0.008855 | Cell 2 (Plastic) = 0.009572
Trial: 557, Time:44.309s
Trial 557: Cell 1 (Static) = 0.008881 | Cell 2 (Plastic) = 0.009601
Trial: 558, Time:44.077s
Trial 558: Cell 1 (Static) = 0.008908 | Cell 2 (Plastic) = 0.009630
Trial: 559, Time:44.064s
Trial 559: Cell 1 (Static) = 0.008935 | Cell 2 (Plastic) = 0.009658
Trial: 560, Time:44.116s
Trial 560: Cell 1 (Static) = 0.008962 | Cell 2 (Plastic) = 0.009687
Trial: 561, Time:44.001s
Trial 561: Cell 1 (Static) = 0.008988 | Cell 2 (Plastic) = 0.009717
Trial: 562, Time:44.038s
Trial 562: Cell 1 (Static) = 0.009015 | Cell 2 (Plastic) = 0.009746
Trial: 563, Time:43.790s
Trial 563: Cell 1 (Static) = 0.009042 | Cell 2 (Plastic) = 0.009775
Trial: 564, Time:43.905s
Trial 564: Cell 1 (Static) = 0.009070 | Cell 2 (Plastic) = 0.009804
Trial: 565, Time:43.989s
Trial 565: Cell 1 (Static) = 0.009097 | Cell 2 (Plastic) = 0.009834
Trial: 566, Time:43.849s
Trial 566: Cell 1 (Static) = 0.009124 | Cell 2 (Plastic) = 0.009863
Trial: 567, Time:43.798s
Trial 567: Cell 1 (Static) = 0.009151 | Cell 2 (Plastic) = 0.009893
Trial: 568, Time:43.599s
Trial 568: Cell 1 (Static) = 0.009124 | Cell 2 (Plastic) = 0.009922
Trial: 569, Time:43.653s
Trial 569: Cell 1 (Static) = 0.009151 | Cell 2 (Plastic) = 0.009952
Trial: 570, Time:44.024s
Trial 570: Cell 1 (Static) = 0.009179 | Cell 2 (Plastic) = 0.009982
Trial: 571, Time:44.135s
Trial 571: Cell 1 (Static) = 0.009206 | Cell 2 (Plastic) = 0.010012
Trial: 572, Time:44.227s
Trial 572: Cell 1 (Static) = 0.009234 | Cell 2 (Plastic) = 0.010042
Trial: 573, Time:44.194s
Trial 573: Cell 1 (Static) = 0.009262 | Cell 2 (Plastic) = 0.010072
Trial: 574, Time:44.167s
Trial 574: Cell 1 (Static) = 0.009290 | Cell 2 (Plastic) = 0.010102
Trial: 575, Time:44.424s
Trial 575: Cell 1 (Static) = 0.009317 | Cell 2 (Plastic) = 0.010133
Trial: 576, Time:44.504s
Trial 576: Cell 1 (Static) = 0.009345 | Cell 2 (Plastic) = 0.010163
Trial: 577, Time:44.582s
Trial 577: Cell 1 (Static) = 0.009373 | Cell 2 (Plastic) = 0.010194
Trial: 578, Time:44.541s
Trial 578: Cell 1 (Static) = 0.009402 | Cell 2 (Plastic) = 0.010224
Trial: 579, Time:44.236s
Trial 579: Cell 1 (Static) = 0.009430 | Cell 2 (Plastic) = 0.010255
Trial: 580, Time:44.327s
Trial 580: Cell 1 (Static) = 0.009458 | Cell 2 (Plastic) = 0.010286
Trial: 581, Time:44.307s
Trial 581: Cell 1 (Static) = 0.009486 | Cell 2 (Plastic) = 0.010316
Trial: 582, Time:44.358s
Trial 582: Cell 1 (Static) = 0.009458 | Cell 2 (Plastic) = 0.010347
Trial: 583, Time:44.432s
Trial 583: Cell 1 (Static) = 0.009486 | Cell 2 (Plastic) = 0.010378
Trial: 584, Time:44.438s
Trial 584: Cell 1 (Static) = 0.009515 | Cell 2 (Plastic) = 0.010410
Trial: 585, Time:44.488s
Trial 585: Cell 1 (Static) = 0.009543 | Cell 2 (Plastic) = 0.010441
Trial: 586, Time:44.400s
Trial 586: Cell 1 (Static) = 0.009572 | Cell 2 (Plastic) = 0.010472
Trial: 587, Time:44.389s
Trial 587: Cell 1 (Static) = 0.009601 | Cell 2 (Plastic) = 0.010504
Trial: 588, Time:44.382s
Trial 588: Cell 1 (Static) = 0.009630 | Cell 2 (Plastic) = 0.010535
Trial: 589, Time:44.461s
Trial 589: Cell 1 (Static) = 0.009658 | Cell 2 (Plastic) = 0.010567
Trial: 590, Time:44.534s
Trial 590: Cell 1 (Static) = 0.009687 | Cell 2 (Plastic) = 0.010598
Trial: 591, Time:44.457s
Trial 591: Cell 1 (Static) = 0.009717 | Cell 2 (Plastic) = 0.010630
Trial: 592, Time:44.388s
Trial 592: Cell 1 (Static) = 0.009746 | Cell 2 (Plastic) = 0.010662
Trial: 593, Time:44.605s
Trial 593: Cell 1 (Static) = 0.009775 | Cell 2 (Plastic) = 0.010694
Trial: 594, Time:44.577s
Trial 594: Cell 1 (Static) = 0.009804 | Cell 2 (Plastic) = 0.010726
Trial: 595, Time:44.506s
Trial 595: Cell 1 (Static) = 0.009834 | Cell 2 (Plastic) = 0.010758
Trial: 596, Time:44.502s
Trial 596: Cell 1 (Static) = 0.009863 | Cell 2 (Plastic) = 0.010791
Trial: 597, Time:44.731s
Trial 597: Cell 1 (Static) = 0.009893 | Cell 2 (Plastic) = 0.010823
Trial: 598, Time:44.818s
Trial 598: Cell 1 (Static) = 0.009863 | Cell 2 (Plastic) = 0.010855
Trial: 599, Time:44.954s
Trial 599: Cell 1 (Static) = 0.009834 | Cell 2 (Plastic) = 0.010888
Trial: 600, Time:44.718s
Trial 600: Cell 1 (Static) = 0.009804 | Cell 2 (Plastic) = 0.010921
Trial: 601, Time:44.874s
Trial 601: Cell 1 (Static) = 0.009775 | Cell 2 (Plastic) = 0.010953
Trial: 602, Time:45.947s
Trial 602: Cell 1 (Static) = 0.009804 | Cell 2 (Plastic) = 0.010921
Trial: 603, Time:46.155s
Trial 603: Cell 1 (Static) = 0.009834 | Cell 2 (Plastic) = 0.010953
Trial: 604, Time:46.077s
Trial 604: Cell 1 (Static) = 0.009863 | Cell 2 (Plastic) = 0.010921
Trial: 605, Time:46.110s
Trial 605: Cell 1 (Static) = 0.009893 | Cell 2 (Plastic) = 0.010953
Trial: 606, Time:46.030s
Trial 606: Cell 1 (Static) = 0.009922 | Cell 2 (Plastic) = 0.010986
Trial: 607, Time:45.762s
Trial 607: Cell 1 (Static) = 0.009952 | Cell 2 (Plastic) = 0.011019
Trial: 608, Time:45.726s
Trial 608: Cell 1 (Static) = 0.009982 | Cell 2 (Plastic) = 0.011052
Trial: 609, Time:45.699s
Trial 609: Cell 1 (Static) = 0.010012 | Cell 2 (Plastic) = 0.011019
Trial: 610, Time:45.440s
Trial 610: Cell 1 (Static) = 0.010042 | Cell 2 (Plastic) = 0.010986
Trial: 611, Time:45.352s
Trial 611: Cell 1 (Static) = 0.010072 | Cell 2 (Plastic) = 0.010953
Trial: 612, Time:45.564s
Trial 612: Cell 1 (Static) = 0.010102 | Cell 2 (Plastic) = 0.010921
Trial: 613, Time:45.602s
Trial 613: Cell 1 (Static) = 0.010133 | Cell 2 (Plastic) = 0.010953
Trial: 614, Time:45.389s
Trial 614: Cell 1 (Static) = 0.010163 | Cell 2 (Plastic) = 0.010986
Trial: 615, Time:45.628s
Trial 615: Cell 1 (Static) = 0.010194 | Cell 2 (Plastic) = 0.011019
Trial: 616, Time:45.283s
Trial 616: Cell 1 (Static) = 0.010224 | Cell 2 (Plastic) = 0.011052
Trial: 617, Time:45.445s
Trial 617: Cell 1 (Static) = 0.010255 | Cell 2 (Plastic) = 0.011085
Trial: 618, Time:45.705s
Trial 618: Cell 1 (Static) = 0.010286 | Cell 2 (Plastic) = 0.011119
Trial: 619, Time:45.586s
Trial 619: Cell 1 (Static) = 0.010255 | Cell 2 (Plastic) = 0.011152
Trial: 620, Time:45.847s
Trial 620: Cell 1 (Static) = 0.010224 | Cell 2 (Plastic) = 0.011185
Trial: 621, Time:46.169s
Trial 621: Cell 1 (Static) = 0.010194 | Cell 2 (Plastic) = 0.011219
Trial: 622, Time:46.203s
Trial 622: Cell 1 (Static) = 0.010163 | Cell 2 (Plastic) = 0.011253
Trial: 623, Time:46.068s
Trial 623: Cell 1 (Static) = 0.010133 | Cell 2 (Plastic) = 0.011286
Trial: 624, Time:46.069s
Trial 624: Cell 1 (Static) = 0.010102 | Cell 2 (Plastic) = 0.011320
Trial: 625, Time:45.979s
Trial 625: Cell 1 (Static) = 0.010072 | Cell 2 (Plastic) = 0.011354
Trial: 626, Time:45.826s
Trial 626: Cell 1 (Static) = 0.010042 | Cell 2 (Plastic) = 0.011388
Trial: 627, Time:45.377s
Trial 627: Cell 1 (Static) = 0.010012 | Cell 2 (Plastic) = 0.011422
Trial: 628, Time:45.507s
Trial 628: Cell 1 (Static) = 0.009982 | Cell 2 (Plastic) = 0.011457
Trial: 629, Time:45.693s
Trial 629: Cell 1 (Static) = 0.010012 | Cell 2 (Plastic) = 0.011491
Trial: 630, Time:45.461s
Trial 630: Cell 1 (Static) = 0.010042 | Cell 2 (Plastic) = 0.011526
Trial: 631, Time:45.428s
Trial 631: Cell 1 (Static) = 0.010072 | Cell 2 (Plastic) = 0.011560
Trial: 632, Time:46.236s
Trial 632: Cell 1 (Static) = 0.010102 | Cell 2 (Plastic) = 0.011595
Trial: 633, Time:45.683s
Trial 633: Cell 1 (Static) = 0.010072 | Cell 2 (Plastic) = 0.011630
Trial: 634, Time:46.301s
Trial 634: Cell 1 (Static) = 0.010042 | Cell 2 (Plastic) = 0.011665
Trial: 635, Time:45.781s
Trial 635: Cell 1 (Static) = 0.010072 | Cell 2 (Plastic) = 0.011630
Trial: 636, Time:46.315s
Trial 636: Cell 1 (Static) = 0.010102 | Cell 2 (Plastic) = 0.011595
Trial: 637, Time:45.832s
Trial 637: Cell 1 (Static) = 0.010133 | Cell 2 (Plastic) = 0.011560
Trial: 638, Time:46.357s
Trial 638: Cell 1 (Static) = 0.010163 | Cell 2 (Plastic) = 0.011526
Trial: 639, Time:45.704s
Trial 639: Cell 1 (Static) = 0.010194 | Cell 2 (Plastic) = 0.011491
Trial: 640, Time:45.565s
Trial 640: Cell 1 (Static) = 0.010224 | Cell 2 (Plastic) = 0.011457
Trial: 641, Time:45.733s
Trial 641: Cell 1 (Static) = 0.010255 | Cell 2 (Plastic) = 0.011422
Trial: 642, Time:46.016s
Trial 642: Cell 1 (Static) = 0.010224 | Cell 2 (Plastic) = 0.011388
Trial: 643, Time:46.514s
Trial 643: Cell 1 (Static) = 0.010194 | Cell 2 (Plastic) = 0.011354
Trial: 644, Time:46.652s
Trial 644: Cell 1 (Static) = 0.010163 | Cell 2 (Plastic) = 0.011320
Trial: 645, Time:45.718s
Trial 645: Cell 1 (Static) = 0.010194 | Cell 2 (Plastic) = 0.011354
Trial: 646, Time:45.963s
Trial 646: Cell 1 (Static) = 0.010224 | Cell 2 (Plastic) = 0.011388
Trial: 647, Time:45.989s
Trial 647: Cell 1 (Static) = 0.010255 | Cell 2 (Plastic) = 0.011422
Trial: 648, Time:46.798s
Trial 648: Cell 1 (Static) = 0.010286 | Cell 2 (Plastic) = 0.011457
Trial: 649, Time:46.589s
Trial 649: Cell 1 (Static) = 0.010316 | Cell 2 (Plastic) = 0.011491
Trial: 650, Time:46.874s
Trial 650: Cell 1 (Static) = 0.010347 | Cell 2 (Plastic) = 0.011457
Trial: 651, Time:46.630s
Trial 651: Cell 1 (Static) = 0.010316 | Cell 2 (Plastic) = 0.011422
Trial: 652, Time:47.997s
Trial 652: Cell 1 (Static) = 0.010347 | Cell 2 (Plastic) = 0.011388
Trial: 653, Time:47.939s
Trial 653: Cell 1 (Static) = 0.010347 | Cell 2 (Plastic) = 0.011354
Trial: 654, Time:47.718s
Trial 654: Cell 1 (Static) = 0.010378 | Cell 2 (Plastic) = 0.011320
Trial: 655, Time:47.599s
Trial 655: Cell 1 (Static) = 0.010410 | Cell 2 (Plastic) = 0.011286
Trial: 656, Time:47.655s
Trial 656: Cell 1 (Static) = 0.010441 | Cell 2 (Plastic) = 0.011253
Trial: 657, Time:48.245s
Trial 657: Cell 1 (Static) = 0.010472 | Cell 2 (Plastic) = 0.011219
Trial: 658, Time:47.649s
Trial 658: Cell 1 (Static) = 0.010504 | Cell 2 (Plastic) = 0.011185
Trial: 659, Time:48.268s
Trial 659: Cell 1 (Static) = 0.010535 | Cell 2 (Plastic) = 0.011152
Trial: 660, Time:48.022s
Trial 660: Cell 1 (Static) = 0.010567 | Cell 2 (Plastic) = 0.011119
Trial: 661, Time:47.263s
Trial 661: Cell 1 (Static) = 0.010598 | Cell 2 (Plastic) = 0.011085
Trial: 662, Time:47.061s
Trial 662: Cell 1 (Static) = 0.010630 | Cell 2 (Plastic) = 0.011052
Trial: 663, Time:46.960s
Trial 663: Cell 1 (Static) = 0.010662 | Cell 2 (Plastic) = 0.011019
Trial: 664, Time:47.698s
Trial 664: Cell 1 (Static) = 0.010694 | Cell 2 (Plastic) = 0.010986
Trial: 665, Time:47.789s
Trial 665: Cell 1 (Static) = 0.010662 | Cell 2 (Plastic) = 0.010953
Trial: 666, Time:47.358s
Trial 666: Cell 1 (Static) = 0.010694 | Cell 2 (Plastic) = 0.010921
Trial: 667, Time:47.310s
Trial 667: Cell 1 (Static) = 0.010726 | Cell 2 (Plastic) = 0.010888
Trial: 668, Time:47.118s
Trial 668: Cell 1 (Static) = 0.010758 | Cell 2 (Plastic) = 0.010855
Trial: 669, Time:47.769s
Trial 669: Cell 1 (Static) = 0.010791 | Cell 2 (Plastic) = 0.010823
Trial: 670, Time:46.865s
Trial 670: Cell 1 (Static) = 0.010823 | Cell 2 (Plastic) = 0.010791
Trial: 671, Time:47.007s
Trial 671: Cell 1 (Static) = 0.010855 | Cell 2 (Plastic) = 0.010823
Trial: 672, Time:46.930s
Trial 672: Cell 1 (Static) = 0.010888 | Cell 2 (Plastic) = 0.010855
Trial: 673, Time:47.005s
Trial 673: Cell 1 (Static) = 0.010921 | Cell 2 (Plastic) = 0.010888
Trial: 674, Time:46.959s
Trial 674: Cell 1 (Static) = 0.010953 | Cell 2 (Plastic) = 0.010921
Trial: 675, Time:47.476s
Trial 675: Cell 1 (Static) = 0.010986 | Cell 2 (Plastic) = 0.010953
Trial: 676, Time:47.021s
Trial 676: Cell 1 (Static) = 0.011019 | Cell 2 (Plastic) = 0.010986
Trial: 677, Time:47.122s
Trial 677: Cell 1 (Static) = 0.011052 | Cell 2 (Plastic) = 0.011019
Trial: 678, Time:47.165s
Trial 678: Cell 1 (Static) = 0.011085 | Cell 2 (Plastic) = 0.011052
Trial: 679, Time:47.096s
Trial 679: Cell 1 (Static) = 0.011119 | Cell 2 (Plastic) = 0.011085
Trial: 680, Time:47.250s
Trial 680: Cell 1 (Static) = 0.011152 | Cell 2 (Plastic) = 0.011119
Trial: 681, Time:47.242s
Trial 681: Cell 1 (Static) = 0.011119 | Cell 2 (Plastic) = 0.011085
Trial: 682, Time:47.911s
Trial 682: Cell 1 (Static) = 0.011085 | Cell 2 (Plastic) = 0.011052
Trial: 683, Time:47.451s
Trial 683: Cell 1 (Static) = 0.011052 | Cell 2 (Plastic) = 0.011019
Trial: 684, Time:47.499s
Trial 684: Cell 1 (Static) = 0.011019 | Cell 2 (Plastic) = 0.010986
Trial: 685, Time:47.676s
Trial 685: Cell 1 (Static) = 0.010986 | Cell 2 (Plastic) = 0.010953
Trial: 686, Time:47.497s
Trial 686: Cell 1 (Static) = 0.010953 | Cell 2 (Plastic) = 0.010921
Trial: 687, Time:47.753s
Trial 687: Cell 1 (Static) = 0.010921 | Cell 2 (Plastic) = 0.010888
Trial: 688, Time:47.612s
Trial 688: Cell 1 (Static) = 0.010888 | Cell 2 (Plastic) = 0.010855
Trial: 689, Time:47.482s
Trial 689: Cell 1 (Static) = 0.010921 | Cell 2 (Plastic) = 0.010823
Trial: 690, Time:48.181s
Trial 690: Cell 1 (Static) = 0.010953 | Cell 2 (Plastic) = 0.010855
Trial: 691, Time:48.146s
Trial 691: Cell 1 (Static) = 0.010986 | Cell 2 (Plastic) = 0.010823
Trial: 692, Time:47.542s
Trial 692: Cell 1 (Static) = 0.011019 | Cell 2 (Plastic) = 0.010791
Trial: 693, Time:48.082s
Trial 693: Cell 1 (Static) = 0.010986 | Cell 2 (Plastic) = 0.010758
Trial: 694, Time:47.400s
Trial 694: Cell 1 (Static) = 0.011019 | Cell 2 (Plastic) = 0.010791
Trial: 695, Time:47.282s
Trial 695: Cell 1 (Static) = 0.011052 | Cell 2 (Plastic) = 0.010823
Trial: 696, Time:47.318s
Trial 696: Cell 1 (Static) = 0.011085 | Cell 2 (Plastic) = 0.010855
Trial: 697, Time:47.281s
Trial 697: Cell 1 (Static) = 0.011119 | Cell 2 (Plastic) = 0.010888
Trial: 698, Time:47.242s
Trial 698: Cell 1 (Static) = 0.011152 | Cell 2 (Plastic) = 0.010921
Trial: 699, Time:47.315s
Trial 699: Cell 1 (Static) = 0.011185 | Cell 2 (Plastic) = 0.010953
Trial: 700, Time:47.342s
Trial 700: Cell 1 (Static) = 0.011219 | Cell 2 (Plastic) = 0.010986
Trial: 701, Time:47.266s
Trial 701: Cell 1 (Static) = 0.011253 | Cell 2 (Plastic) = 0.011019
Trial: 702, Time:48.411s
Trial 702: Cell 1 (Static) = 0.011219 | Cell 2 (Plastic) = 0.011052
Trial: 703, Time:48.217s
Trial 703: Cell 1 (Static) = 0.011185 | Cell 2 (Plastic) = 0.011085
Trial: 704, Time:48.251s
Trial 704: Cell 1 (Static) = 0.011152 | Cell 2 (Plastic) = 0.011119
Trial: 705, Time:48.216s
Trial 705: Cell 1 (Static) = 0.011119 | Cell 2 (Plastic) = 0.011152
Trial: 706, Time:48.157s
Trial 706: Cell 1 (Static) = 0.011085 | Cell 2 (Plastic) = 0.011185
Trial: 707, Time:48.066s
Trial 707: Cell 1 (Static) = 0.011119 | Cell 2 (Plastic) = 0.011219
Trial: 708, Time:48.098s
Trial 708: Cell 1 (Static) = 0.011152 | Cell 2 (Plastic) = 0.011253
Trial: 709, Time:48.116s
Trial 709: Cell 1 (Static) = 0.011185 | Cell 2 (Plastic) = 0.011286
Trial: 710, Time:47.990s
Trial 710: Cell 1 (Static) = 0.011219 | Cell 2 (Plastic) = 0.011320
Trial: 711, Time:48.171s
Trial 711: Cell 1 (Static) = 0.011253 | Cell 2 (Plastic) = 0.011354
Trial: 712, Time:48.156s
Trial 712: Cell 1 (Static) = 0.011286 | Cell 2 (Plastic) = 0.011388
Trial: 713, Time:47.859s
Trial 713: Cell 1 (Static) = 0.011320 | Cell 2 (Plastic) = 0.011422
Trial: 714, Time:47.972s
Trial 714: Cell 1 (Static) = 0.011354 | Cell 2 (Plastic) = 0.011457
Trial: 715, Time:47.947s
Trial 715: Cell 1 (Static) = 0.011388 | Cell 2 (Plastic) = 0.011491
Trial: 716, Time:47.902s
Trial 716: Cell 1 (Static) = 0.011354 | Cell 2 (Plastic) = 0.011526
Trial: 717, Time:480.082s
Trial 717: Cell 1 (Static) = 0.011320 | Cell 2 (Plastic) = 0.011560
Trial: 718, Time:792.593s
Trial 718: Cell 1 (Static) = 0.011286 | Cell 2 (Plastic) = 0.011595
Trial: 719, Time:48.257s
Trial 719: Cell 1 (Static) = 0.011253 | Cell 2 (Plastic) = 0.011630
Trial: 720, Time:47.731s
Trial 720: Cell 1 (Static) = 0.011219 | Cell 2 (Plastic) = 0.011665
Trial: 721, Time:47.835s
Trial 721: Cell 1 (Static) = 0.011185 | Cell 2 (Plastic) = 0.011630
Trial: 722, Time:48.091s
Trial 722: Cell 1 (Static) = 0.011152 | Cell 2 (Plastic) = 0.011595
Trial: 723, Time:47.946s
Trial 723: Cell 1 (Static) = 0.011119 | Cell 2 (Plastic) = 0.011560
Trial: 724, Time:47.905s
Trial 724: Cell 1 (Static) = 0.011152 | Cell 2 (Plastic) = 0.011595
Trial: 725, Time:47.949s
Trial 725: Cell 1 (Static) = 0.011185 | Cell 2 (Plastic) = 0.011630
Trial: 726, Time:48.099s
Trial 726: Cell 1 (Static) = 0.011219 | Cell 2 (Plastic) = 0.011665
Trial: 727, Time:48.020s
Trial 727: Cell 1 (Static) = 0.011253 | Cell 2 (Plastic) = 0.011700
Trial: 728, Time:48.211s
Trial 728: Cell 1 (Static) = 0.011286 | Cell 2 (Plastic) = 0.011735
Trial: 729, Time:48.211s
Trial 729: Cell 1 (Static) = 0.011320 | Cell 2 (Plastic) = 0.011770
Trial: 730, Time:48.096s
Trial 730: Cell 1 (Static) = 0.011354 | Cell 2 (Plastic) = 0.011805
Trial: 731, Time:47.889s
Trial 731: Cell 1 (Static) = 0.011388 | Cell 2 (Plastic) = 0.011841
Trial: 732, Time:48.068s
Trial 732: Cell 1 (Static) = 0.011422 | Cell 2 (Plastic) = 0.011876
Trial: 733, Time:48.246s
Trial 733: Cell 1 (Static) = 0.011457 | Cell 2 (Plastic) = 0.011912
Trial: 734, Time:48.005s
Trial 734: Cell 1 (Static) = 0.011491 | Cell 2 (Plastic) = 0.011947
Trial: 735, Time:47.902s
Trial 735: Cell 1 (Static) = 0.011526 | Cell 2 (Plastic) = 0.011912
Trial: 736, Time:47.983s
Trial 736: Cell 1 (Static) = 0.011560 | Cell 2 (Plastic) = 0.011876
Trial: 737, Time:51.856s
Trial 737: Cell 1 (Static) = 0.011595 | Cell 2 (Plastic) = 0.011841
Trial: 738, Time:1083.102s
Trial 738: Cell 1 (Static) = 0.011560 | Cell 2 (Plastic) = 0.011805
Trial: 739, Time:15090.640s
Trial 739: Cell 1 (Static) = 0.011595 | Cell 2 (Plastic) = 0.011770
Trial: 740, Time:891.956s
Trial 740: Cell 1 (Static) = 0.011630 | Cell 2 (Plastic) = 0.011735
Trial: 741, Time:46.440s
Trial 741: Cell 1 (Static) = 0.011665 | Cell 2 (Plastic) = 0.011770
Trial: 742, Time:46.484s
Trial 742: Cell 1 (Static) = 0.011700 | Cell 2 (Plastic) = 0.011735
Trial: 743, Time:46.430s
Trial 743: Cell 1 (Static) = 0.011735 | Cell 2 (Plastic) = 0.011700
Trial: 744, Time:46.680s
Trial 744: Cell 1 (Static) = 0.011770 | Cell 2 (Plastic) = 0.011665
Trial: 745, Time:46.805s
Trial 745: Cell 1 (Static) = 0.011805 | Cell 2 (Plastic) = 0.011630
Trial: 746, Time:47.020s
Trial 746: Cell 1 (Static) = 0.011841 | Cell 2 (Plastic) = 0.011595
Trial: 747, Time:47.036s
Trial 747: Cell 1 (Static) = 0.011876 | Cell 2 (Plastic) = 0.011630
Trial: 748, Time:47.101s
Trial 748: Cell 1 (Static) = 0.011912 | Cell 2 (Plastic) = 0.011665
Trial: 749, Time:47.240s
Trial 749: Cell 1 (Static) = 0.011947 | Cell 2 (Plastic) = 0.011700
Trial: 750, Time:47.274s
Trial 750: Cell 1 (Static) = 0.011983 | Cell 2 (Plastic) = 0.011735
Trial: 751, Time:47.258s
Trial 751: Cell 1 (Static) = 0.011947 | Cell 2 (Plastic) = 0.011770
Trial: 752, Time:47.860s
Trial 752: Cell 1 (Static) = 0.011912 | Cell 2 (Plastic) = 0.011805
Trial: 753, Time:47.870s
Trial 753: Cell 1 (Static) = 0.011876 | Cell 2 (Plastic) = 0.011841
Trial: 754, Time:47.823s
Trial 754: Cell 1 (Static) = 0.011841 | Cell 2 (Plastic) = 0.011876
Trial: 755, Time:47.719s
Trial 755: Cell 1 (Static) = 0.011805 | Cell 2 (Plastic) = 0.011912
Trial: 756, Time:47.779s
Trial 756: Cell 1 (Static) = 0.011770 | Cell 2 (Plastic) = 0.011947
Trial: 757, Time:47.627s
Trial 757: Cell 1 (Static) = 0.011735 | Cell 2 (Plastic) = 0.011983
Trial: 758, Time:47.448s
Trial 758: Cell 1 (Static) = 0.011700 | Cell 2 (Plastic) = 0.012019
Trial: 759, Time:47.365s
Trial 759: Cell 1 (Static) = 0.011665 | Cell 2 (Plastic) = 0.012055
Trial: 760, Time:47.504s
Trial 760: Cell 1 (Static) = 0.011630 | Cell 2 (Plastic) = 0.012091
Trial: 761, Time:47.453s
Trial 761: Cell 1 (Static) = 0.011595 | Cell 2 (Plastic) = 0.012055
Trial: 762, Time:47.336s
Trial 762: Cell 1 (Static) = 0.011560 | Cell 2 (Plastic) = 0.012019
Trial: 763, Time:47.442s
Trial 763: Cell 1 (Static) = 0.011526 | Cell 2 (Plastic) = 0.011983
Trial: 764, Time:47.657s
Trial 764: Cell 1 (Static) = 0.011491 | Cell 2 (Plastic) = 0.011947
Trial: 765, Time:47.413s
Trial 765: Cell 1 (Static) = 0.011457 | Cell 2 (Plastic) = 0.011912
Trial: 766, Time:47.546s
Trial 766: Cell 1 (Static) = 0.011491 | Cell 2 (Plastic) = 0.011876
Trial: 767, Time:47.413s
Trial 767: Cell 1 (Static) = 0.011526 | Cell 2 (Plastic) = 0.011841
Trial: 768, Time:47.443s
Trial 768: Cell 1 (Static) = 0.011560 | Cell 2 (Plastic) = 0.011876
Trial: 769, Time:47.364s
Trial 769: Cell 1 (Static) = 0.011595 | Cell 2 (Plastic) = 0.011912
Trial: 770, Time:47.673s
Trial 770: Cell 1 (Static) = 0.011560 | Cell 2 (Plastic) = 0.011876
Trial: 771, Time:47.522s
Trial 771: Cell 1 (Static) = 0.011526 | Cell 2 (Plastic) = 0.011841
Trial: 772, Time:47.692s
Trial 772: Cell 1 (Static) = 0.011491 | Cell 2 (Plastic) = 0.011805
Trial: 773, Time:47.632s
Trial 773: Cell 1 (Static) = 0.011457 | Cell 2 (Plastic) = 0.011770
Trial: 774, Time:47.453s
Trial 774: Cell 1 (Static) = 0.011422 | Cell 2 (Plastic) = 0.011805
Trial: 775, Time:47.677s
Trial 775: Cell 1 (Static) = 0.011388 | Cell 2 (Plastic) = 0.011841
Trial: 776, Time:47.724s
Trial 776: Cell 1 (Static) = 0.011354 | Cell 2 (Plastic) = 0.011805
Trial: 777, Time:47.716s
Trial 777: Cell 1 (Static) = 0.011320 | Cell 2 (Plastic) = 0.011841
Trial: 778, Time:47.909s
Trial 778: Cell 1 (Static) = 0.011286 | Cell 2 (Plastic) = 0.011876
Trial: 779, Time:47.677s
Trial 779: Cell 1 (Static) = 0.011253 | Cell 2 (Plastic) = 0.011912
Trial: 780, Time:47.852s
Trial 780: Cell 1 (Static) = 0.011219 | Cell 2 (Plastic) = 0.011947
Trial: 781, Time:47.811s
Trial 781: Cell 1 (Static) = 0.011185 | Cell 2 (Plastic) = 0.011983
Trial: 782, Time:47.891s
Trial 782: Cell 1 (Static) = 0.011152 | Cell 2 (Plastic) = 0.012019
Trial: 783, Time:47.745s
Trial 783: Cell 1 (Static) = 0.011119 | Cell 2 (Plastic) = 0.012055
Trial: 784, Time:48.004s
Trial 784: Cell 1 (Static) = 0.011085 | Cell 2 (Plastic) = 0.012091
Trial: 785, Time:48.008s
Trial 785: Cell 1 (Static) = 0.011052 | Cell 2 (Plastic) = 0.012055
Trial: 786, Time:47.770s
Trial 786: Cell 1 (Static) = 0.011019 | Cell 2 (Plastic) = 0.012019
Trial: 787, Time:47.807s
Trial 787: Cell 1 (Static) = 0.011052 | Cell 2 (Plastic) = 0.011983
Trial: 788, Time:47.876s
Trial 788: Cell 1 (Static) = 0.011085 | Cell 2 (Plastic) = 0.012019
Trial: 789, Time:48.012s
Trial 789: Cell 1 (Static) = 0.011119 | Cell 2 (Plastic) = 0.012055
Trial: 790, Time:48.199s
Trial 790: Cell 1 (Static) = 0.011152 | Cell 2 (Plastic) = 0.012019
Trial: 791, Time:48.048s
Trial 791: Cell 1 (Static) = 0.011185 | Cell 2 (Plastic) = 0.011983
Trial: 792, Time:48.049s
Trial 792: Cell 1 (Static) = 0.011219 | Cell 2 (Plastic) = 0.011947
Trial: 793, Time:47.960s
Trial 793: Cell 1 (Static) = 0.011253 | Cell 2 (Plastic) = 0.011912
Trial: 794, Time:47.784s
Trial 794: Cell 1 (Static) = 0.011286 | Cell 2 (Plastic) = 0.011947
Trial: 795, Time:47.785s
Trial 795: Cell 1 (Static) = 0.011320 | Cell 2 (Plastic) = 0.011983
Trial: 796, Time:47.909s
Trial 796: Cell 1 (Static) = 0.011354 | Cell 2 (Plastic) = 0.012019
Trial: 797, Time:47.852s
Trial 797: Cell 1 (Static) = 0.011388 | Cell 2 (Plastic) = 0.012055
Trial: 798, Time:47.880s
Trial 798: Cell 1 (Static) = 0.011422 | Cell 2 (Plastic) = 0.012019
Trial: 799, Time:48.220s
Trial 799: Cell 1 (Static) = 0.011457 | Cell 2 (Plastic) = 0.011983
Trial: 800, Time:48.103s
Trial 800: Cell 1 (Static) = 0.011491 | Cell 2 (Plastic) = 0.011947
Trial: 801, Time:48.248s
Trial 801: Cell 1 (Static) = 0.011526 | Cell 2 (Plastic) = 0.011912
Trial: 802, Time:49.053s
Trial 802: Cell 1 (Static) = 0.011560 | Cell 2 (Plastic) = 0.011876
Trial: 803, Time:49.084s
Trial 803: Cell 1 (Static) = 0.011595 | Cell 2 (Plastic) = 0.011841
Trial: 804, Time:48.950s
Trial 804: Cell 1 (Static) = 0.011560 | Cell 2 (Plastic) = 0.011805
Trial: 805, Time:48.940s
Trial 805: Cell 1 (Static) = 0.011595 | Cell 2 (Plastic) = 0.011770
Trial: 806, Time:48.705s
Trial 806: Cell 1 (Static) = 0.011560 | Cell 2 (Plastic) = 0.011735
Trial: 807, Time:48.834s
Trial 807: Cell 1 (Static) = 0.011526 | Cell 2 (Plastic) = 0.011700
Trial: 808, Time:48.959s
Trial 808: Cell 1 (Static) = 0.011560 | Cell 2 (Plastic) = 0.011665
Trial: 809, Time:48.666s
Trial 809: Cell 1 (Static) = 0.011595 | Cell 2 (Plastic) = 0.011630
Trial: 810, Time:48.798s
Trial 810: Cell 1 (Static) = 0.011630 | Cell 2 (Plastic) = 0.011665
Trial: 811, Time:48.642s
Trial 811: Cell 1 (Static) = 0.011665 | Cell 2 (Plastic) = 0.011700
Trial: 812, Time:48.591s
Trial 812: Cell 1 (Static) = 0.011700 | Cell 2 (Plastic) = 0.011735
Trial: 813, Time:48.571s
Trial 813: Cell 1 (Static) = 0.011735 | Cell 2 (Plastic) = 0.011770
Trial: 814, Time:48.498s
Trial 814: Cell 1 (Static) = 0.011770 | Cell 2 (Plastic) = 0.011805
Trial: 815, Time:48.346s
Trial 815: Cell 1 (Static) = 0.011805 | Cell 2 (Plastic) = 0.011841
Trial: 816, Time:48.712s
Trial 816: Cell 1 (Static) = 0.011841 | Cell 2 (Plastic) = 0.011876
Trial: 817, Time:48.491s
Trial 817: Cell 1 (Static) = 0.011876 | Cell 2 (Plastic) = 0.011912
Trial: 818, Time:48.507s
Trial 818: Cell 1 (Static) = 0.011912 | Cell 2 (Plastic) = 0.011947
Trial: 819, Time:48.591s
Trial 819: Cell 1 (Static) = 0.011947 | Cell 2 (Plastic) = 0.011983
Trial: 820, Time:48.463s
Trial 820: Cell 1 (Static) = 0.011983 | Cell 2 (Plastic) = 0.012019
Trial: 821, Time:48.392s
Trial 821: Cell 1 (Static) = 0.012019 | Cell 2 (Plastic) = 0.012055
Trial: 822, Time:48.442s
Trial 822: Cell 1 (Static) = 0.012055 | Cell 2 (Plastic) = 0.012091
Trial: 823, Time:48.244s
Trial 823: Cell 1 (Static) = 0.012091 | Cell 2 (Plastic) = 0.012128
Trial: 824, Time:48.395s
Trial 824: Cell 1 (Static) = 0.012055 | Cell 2 (Plastic) = 0.012091
Trial: 825, Time:48.517s
Trial 825: Cell 1 (Static) = 0.012019 | Cell 2 (Plastic) = 0.012055
Trial: 826, Time:48.616s
Trial 826: Cell 1 (Static) = 0.011983 | Cell 2 (Plastic) = 0.012019
Trial: 827, Time:48.614s
Trial 827: Cell 1 (Static) = 0.011947 | Cell 2 (Plastic) = 0.011983
Trial: 828, Time:48.647s
Trial 828: Cell 1 (Static) = 0.011912 | Cell 2 (Plastic) = 0.011947
Trial: 829, Time:48.547s
Trial 829: Cell 1 (Static) = 0.011876 | Cell 2 (Plastic) = 0.011912
Trial: 830, Time:48.651s
Trial 830: Cell 1 (Static) = 0.011841 | Cell 2 (Plastic) = 0.011876
Trial: 831, Time:48.559s
Trial 831: Cell 1 (Static) = 0.011805 | Cell 2 (Plastic) = 0.011841
Trial: 832, Time:48.383s
Trial 832: Cell 1 (Static) = 0.011770 | Cell 2 (Plastic) = 0.011805
Trial: 833, Time:48.588s
Trial 833: Cell 1 (Static) = 0.011735 | Cell 2 (Plastic) = 0.011770
Trial: 834, Time:48.763s
Trial 834: Cell 1 (Static) = 0.011700 | Cell 2 (Plastic) = 0.011735
Trial: 835, Time:48.623s
Trial 835: Cell 1 (Static) = 0.011665 | Cell 2 (Plastic) = 0.011700
Trial: 836, Time:48.596s
Trial 836: Cell 1 (Static) = 0.011630 | Cell 2 (Plastic) = 0.011665
Trial: 837, Time:48.478s
Trial 837: Cell 1 (Static) = 0.011595 | Cell 2 (Plastic) = 0.011630
Trial: 838, Time:48.421s
Trial 838: Cell 1 (Static) = 0.011560 | Cell 2 (Plastic) = 0.011595
Trial: 839, Time:48.505s
Trial 839: Cell 1 (Static) = 0.011595 | Cell 2 (Plastic) = 0.011560
Trial: 840, Time:48.554s
Trial 840: Cell 1 (Static) = 0.011630 | Cell 2 (Plastic) = 0.011595
Trial: 841, Time:48.620s
Trial 841: Cell 1 (Static) = 0.011665 | Cell 2 (Plastic) = 0.011630
Trial: 842, Time:48.534s
Trial 842: Cell 1 (Static) = 0.011700 | Cell 2 (Plastic) = 0.011665
Trial: 843, Time:48.647s
Trial 843: Cell 1 (Static) = 0.011735 | Cell 2 (Plastic) = 0.011700
Trial: 844, Time:48.715s
Trial 844: Cell 1 (Static) = 0.011770 | Cell 2 (Plastic) = 0.011735
Trial: 845, Time:48.546s
Trial 845: Cell 1 (Static) = 0.011805 | Cell 2 (Plastic) = 0.011770
Trial: 846, Time:48.763s
Trial 846: Cell 1 (Static) = 0.011841 | Cell 2 (Plastic) = 0.011805
Trial: 847, Time:48.659s
Trial 847: Cell 1 (Static) = 0.011876 | Cell 2 (Plastic) = 0.011841
Trial: 848, Time:48.798s
Trial 848: Cell 1 (Static) = 0.011912 | Cell 2 (Plastic) = 0.011876
Trial: 849, Time:48.984s
Trial 849: Cell 1 (Static) = 0.011947 | Cell 2 (Plastic) = 0.011912
Trial: 850, Time:48.983s
Trial 850: Cell 1 (Static) = 0.011983 | Cell 2 (Plastic) = 0.011947
Trial: 851, Time:48.905s
Trial 851: Cell 1 (Static) = 0.011947 | Cell 2 (Plastic) = 0.011912
Trial: 852, Time:49.709s
Trial 852: Cell 1 (Static) = 0.011912 | Cell 2 (Plastic) = 0.011876
Trial: 853, Time:49.870s
Trial 853: Cell 1 (Static) = 0.011876 | Cell 2 (Plastic) = 0.011841
Trial: 854, Time:49.804s
Trial 854: Cell 1 (Static) = 0.011841 | Cell 2 (Plastic) = 0.011805
Trial: 855, Time:49.819s
Trial 855: Cell 1 (Static) = 0.011805 | Cell 2 (Plastic) = 0.011770
Trial: 856, Time:49.751s
Trial 856: Cell 1 (Static) = 0.011770 | Cell 2 (Plastic) = 0.011735
Trial: 857, Time:49.884s
Trial 857: Cell 1 (Static) = 0.011735 | Cell 2 (Plastic) = 0.011700
Trial: 858, Time:49.837s
Trial 858: Cell 1 (Static) = 0.011700 | Cell 2 (Plastic) = 0.011665
Trial: 859, Time:49.872s
Trial 859: Cell 1 (Static) = 0.011665 | Cell 2 (Plastic) = 0.011630
Trial: 860, Time:49.819s
Trial 860: Cell 1 (Static) = 0.011630 | Cell 2 (Plastic) = 0.011595
Trial: 861, Time:49.854s
Trial 861: Cell 1 (Static) = 0.011595 | Cell 2 (Plastic) = 0.011560
Trial: 862, Time:49.640s
Trial 862: Cell 1 (Static) = 0.011560 | Cell 2 (Plastic) = 0.011526
Trial: 863, Time:49.622s
Trial 863: Cell 1 (Static) = 0.011526 | Cell 2 (Plastic) = 0.011491
Trial: 864, Time:49.227s
Trial 864: Cell 1 (Static) = 0.011491 | Cell 2 (Plastic) = 0.011457
Trial: 865, Time:49.264s
Trial 865: Cell 1 (Static) = 0.011457 | Cell 2 (Plastic) = 0.011422
Trial: 866, Time:49.235s
Trial 866: Cell 1 (Static) = 0.011491 | Cell 2 (Plastic) = 0.011388
Trial: 867, Time:49.326s
Trial 867: Cell 1 (Static) = 0.011526 | Cell 2 (Plastic) = 0.011354
Trial: 868, Time:48.948s
Trial 868: Cell 1 (Static) = 0.011560 | Cell 2 (Plastic) = 0.011320
Trial: 869, Time:49.023s
Trial 869: Cell 1 (Static) = 0.011526 | Cell 2 (Plastic) = 0.011286
Trial: 870, Time:48.846s
Trial 870: Cell 1 (Static) = 0.011491 | Cell 2 (Plastic) = 0.011253
Trial: 871, Time:48.934s
Trial 871: Cell 1 (Static) = 0.011457 | Cell 2 (Plastic) = 0.011219
Trial: 872, Time:49.227s
Trial 872: Cell 1 (Static) = 0.011491 | Cell 2 (Plastic) = 0.011185
Trial: 873, Time:49.214s
Trial 873: Cell 1 (Static) = 0.011526 | Cell 2 (Plastic) = 0.011152
Trial: 874, Time:49.168s
Trial 874: Cell 1 (Static) = 0.011491 | Cell 2 (Plastic) = 0.011119
Trial: 875, Time:49.095s
Trial 875: Cell 1 (Static) = 0.011457 | Cell 2 (Plastic) = 0.011085
Trial: 876, Time:48.956s
Trial 876: Cell 1 (Static) = 0.011422 | Cell 2 (Plastic) = 0.011119
Trial: 877, Time:49.191s
Trial 877: Cell 1 (Static) = 0.011388 | Cell 2 (Plastic) = 0.011152
Trial: 878, Time:49.183s
Trial 878: Cell 1 (Static) = 0.011354 | Cell 2 (Plastic) = 0.011119
Trial: 879, Time:49.310s
Trial 879: Cell 1 (Static) = 0.011320 | Cell 2 (Plastic) = 0.011085
Trial: 880, Time:49.019s
Trial 880: Cell 1 (Static) = 0.011286 | Cell 2 (Plastic) = 0.011052
Trial: 881, Time:49.197s
Trial 881: Cell 1 (Static) = 0.011320 | Cell 2 (Plastic) = 0.011019
Trial: 882, Time:49.167s
Trial 882: Cell 1 (Static) = 0.011286 | Cell 2 (Plastic) = 0.010986
Trial: 883, Time:49.009s
Trial 883: Cell 1 (Static) = 0.011253 | Cell 2 (Plastic) = 0.010953
Trial: 884, Time:49.209s
Trial 884: Cell 1 (Static) = 0.011219 | Cell 2 (Plastic) = 0.010986
Trial: 885, Time:48.989s
Trial 885: Cell 1 (Static) = 0.011253 | Cell 2 (Plastic) = 0.011019
Trial: 886, Time:49.053s
Trial 886: Cell 1 (Static) = 0.011286 | Cell 2 (Plastic) = 0.011052
Trial: 887, Time:49.240s
Trial 887: Cell 1 (Static) = 0.011253 | Cell 2 (Plastic) = 0.011085
Trial: 888, Time:49.328s
Trial 888: Cell 1 (Static) = 0.011286 | Cell 2 (Plastic) = 0.011119
Trial: 889, Time:49.312s
Trial 889: Cell 1 (Static) = 0.011320 | Cell 2 (Plastic) = 0.011152
Trial: 890, Time:49.330s
Trial 890: Cell 1 (Static) = 0.011354 | Cell 2 (Plastic) = 0.011185
Trial: 891, Time:49.378s
Trial 891: Cell 1 (Static) = 0.011388 | Cell 2 (Plastic) = 0.011219
Trial: 892, Time:49.498s
Trial 892: Cell 1 (Static) = 0.011422 | Cell 2 (Plastic) = 0.011253
Trial: 893, Time:49.639s
Trial 893: Cell 1 (Static) = 0.011457 | Cell 2 (Plastic) = 0.011286
Trial: 894, Time:49.408s
Trial 894: Cell 1 (Static) = 0.011491 | Cell 2 (Plastic) = 0.011320
Trial: 895, Time:49.532s
Trial 895: Cell 1 (Static) = 0.011526 | Cell 2 (Plastic) = 0.011354
Trial: 896, Time:49.338s
Trial 896: Cell 1 (Static) = 0.011491 | Cell 2 (Plastic) = 0.011388
Trial: 897, Time:49.299s
Trial 897: Cell 1 (Static) = 0.011457 | Cell 2 (Plastic) = 0.011422
Trial: 898, Time:49.415s
Trial 898: Cell 1 (Static) = 0.011422 | Cell 2 (Plastic) = 0.011457
Trial: 899, Time:49.370s
Trial 899: Cell 1 (Static) = 0.011388 | Cell 2 (Plastic) = 0.011422
Trial: 900, Time:49.424s
Trial 900: Cell 1 (Static) = 0.011354 | Cell 2 (Plastic) = 0.011388
Trial: 901, Time:49.405s
Trial 901: Cell 1 (Static) = 0.011320 | Cell 2 (Plastic) = 0.011354
Trial: 902, Time:50.780s
Trial 902: Cell 1 (Static) = 0.011354 | Cell 2 (Plastic) = 0.011320
Trial: 903, Time:51.088s
Trial 903: Cell 1 (Static) = 0.011320 | Cell 2 (Plastic) = 0.011286
Trial: 904, Time:50.921s
Trial 904: Cell 1 (Static) = 0.011286 | Cell 2 (Plastic) = 0.011253
Trial: 905, Time:50.622s
Trial 905: Cell 1 (Static) = 0.011253 | Cell 2 (Plastic) = 0.011219
Trial: 906, Time:50.518s
Trial 906: Cell 1 (Static) = 0.011219 | Cell 2 (Plastic) = 0.011185
Trial: 907, Time:50.500s
Trial 907: Cell 1 (Static) = 0.011185 | Cell 2 (Plastic) = 0.011152
Trial: 908, Time:50.527s
Trial 908: Cell 1 (Static) = 0.011152 | Cell 2 (Plastic) = 0.011119
Trial: 909, Time:50.367s
Trial 909: Cell 1 (Static) = 0.011119 | Cell 2 (Plastic) = 0.011085
Trial: 910, Time:50.284s
Trial 910: Cell 1 (Static) = 0.011085 | Cell 2 (Plastic) = 0.011052
Trial: 911, Time:50.118s
Trial 911: Cell 1 (Static) = 0.011052 | Cell 2 (Plastic) = 0.011019
Trial: 912, Time:50.041s
Trial 912: Cell 1 (Static) = 0.011019 | Cell 2 (Plastic) = 0.010986
Trial: 913, Time:50.197s
Trial 913: Cell 1 (Static) = 0.010986 | Cell 2 (Plastic) = 0.010953
Trial: 914, Time:50.177s
Trial 914: Cell 1 (Static) = 0.010953 | Cell 2 (Plastic) = 0.010921
Trial: 915, Time:49.848s
Trial 915: Cell 1 (Static) = 0.010921 | Cell 2 (Plastic) = 0.010888
Trial: 916, Time:49.998s
Trial 916: Cell 1 (Static) = 0.010888 | Cell 2 (Plastic) = 0.010855
Trial: 917, Time:49.853s
Trial 917: Cell 1 (Static) = 0.010855 | Cell 2 (Plastic) = 0.010888
Trial: 918, Time:49.909s
Trial 918: Cell 1 (Static) = 0.010823 | Cell 2 (Plastic) = 0.010855
Trial: 919, Time:49.954s
Trial 919: Cell 1 (Static) = 0.010791 | Cell 2 (Plastic) = 0.010823
Trial: 920, Time:49.879s
Trial 920: Cell 1 (Static) = 0.010758 | Cell 2 (Plastic) = 0.010791
Trial: 921, Time:50.008s
Trial 921: Cell 1 (Static) = 0.010726 | Cell 2 (Plastic) = 0.010758
Trial: 922, Time:50.020s
Trial 922: Cell 1 (Static) = 0.010694 | Cell 2 (Plastic) = 0.010791
Trial: 923, Time:49.961s
Trial 923: Cell 1 (Static) = 0.010662 | Cell 2 (Plastic) = 0.010823
Trial: 924, Time:50.013s
Trial 924: Cell 1 (Static) = 0.010630 | Cell 2 (Plastic) = 0.010791
Trial: 925, Time:49.964s
Trial 925: Cell 1 (Static) = 0.010598 | Cell 2 (Plastic) = 0.010823
Trial: 926, Time:49.846s
Trial 926: Cell 1 (Static) = 0.010567 | Cell 2 (Plastic) = 0.010855
Trial: 927, Time:49.830s
Trial 927: Cell 1 (Static) = 0.010535 | Cell 2 (Plastic) = 0.010823
Trial: 928, Time:49.887s
Trial 928: Cell 1 (Static) = 0.010567 | Cell 2 (Plastic) = 0.010791
Trial: 929, Time:49.926s
Trial 929: Cell 1 (Static) = 0.010598 | Cell 2 (Plastic) = 0.010758
Trial: 930, Time:49.973s
Trial 930: Cell 1 (Static) = 0.010630 | Cell 2 (Plastic) = 0.010791
Trial: 931, Time:50.047s
Trial 931: Cell 1 (Static) = 0.010662 | Cell 2 (Plastic) = 0.010823
Trial: 932, Time:50.083s
Trial 932: Cell 1 (Static) = 0.010694 | Cell 2 (Plastic) = 0.010791
Trial: 933, Time:50.100s
Trial 933: Cell 1 (Static) = 0.010726 | Cell 2 (Plastic) = 0.010758
Trial: 934, Time:50.072s
Trial 934: Cell 1 (Static) = 0.010758 | Cell 2 (Plastic) = 0.010791
Trial: 935, Time:50.078s
Trial 935: Cell 1 (Static) = 0.010726 | Cell 2 (Plastic) = 0.010823
Trial: 936, Time:50.211s
Trial 936: Cell 1 (Static) = 0.010694 | Cell 2 (Plastic) = 0.010855
Trial: 937, Time:50.309s
Trial 937: Cell 1 (Static) = 0.010662 | Cell 2 (Plastic) = 0.010888
Trial: 938, Time:50.408s
Trial 938: Cell 1 (Static) = 0.010630 | Cell 2 (Plastic) = 0.010921
Trial: 939, Time:50.207s
Trial 939: Cell 1 (Static) = 0.010598 | Cell 2 (Plastic) = 0.010953
Trial: 940, Time:50.203s
Trial 940: Cell 1 (Static) = 0.010567 | Cell 2 (Plastic) = 0.010986
Trial: 941, Time:50.007s
Trial 941: Cell 1 (Static) = 0.010535 | Cell 2 (Plastic) = 0.011019
Trial: 942, Time:50.031s
Trial 942: Cell 1 (Static) = 0.010504 | Cell 2 (Plastic) = 0.011052
Trial: 943, Time:49.980s
Trial 943: Cell 1 (Static) = 0.010472 | Cell 2 (Plastic) = 0.011085
Trial: 944, Time:50.125s
Trial 944: Cell 1 (Static) = 0.010441 | Cell 2 (Plastic) = 0.011119
Trial: 945, Time:50.032s
Trial 945: Cell 1 (Static) = 0.010410 | Cell 2 (Plastic) = 0.011085
Trial: 946, Time:49.934s
Trial 946: Cell 1 (Static) = 0.010378 | Cell 2 (Plastic) = 0.011052
Trial: 947, Time:50.028s
Trial 947: Cell 1 (Static) = 0.010347 | Cell 2 (Plastic) = 0.011085
Trial: 948, Time:50.303s
Trial 948: Cell 1 (Static) = 0.010316 | Cell 2 (Plastic) = 0.011052
Trial: 949, Time:50.312s
Trial 949: Cell 1 (Static) = 0.010286 | Cell 2 (Plastic) = 0.011085
Trial: 950, Time:50.285s
Trial 950: Cell 1 (Static) = 0.010255 | Cell 2 (Plastic) = 0.011119
Trial: 951, Time:50.001s
Trial 951: Cell 1 (Static) = 0.010286 | Cell 2 (Plastic) = 0.011152
Trial: 952, Time:50.955s
Trial 952: Cell 1 (Static) = 0.010316 | Cell 2 (Plastic) = 0.011185
Trial: 953, Time:50.963s
Trial 953: Cell 1 (Static) = 0.010347 | Cell 2 (Plastic) = 0.011219
Trial: 954, Time:51.012s
Trial 954: Cell 1 (Static) = 0.010378 | Cell 2 (Plastic) = 0.011253
Trial: 955, Time:50.812s
Trial 955: Cell 1 (Static) = 0.010410 | Cell 2 (Plastic) = 0.011286
Trial: 956, Time:50.677s
Trial 956: Cell 1 (Static) = 0.010441 | Cell 2 (Plastic) = 0.011320
Trial: 957, Time:50.735s
Trial 957: Cell 1 (Static) = 0.010472 | Cell 2 (Plastic) = 0.011354
Trial: 958, Time:50.692s
Trial 958: Cell 1 (Static) = 0.010504 | Cell 2 (Plastic) = 0.011388
Trial: 959, Time:50.574s
Trial 959: Cell 1 (Static) = 0.010535 | Cell 2 (Plastic) = 0.011422
Trial: 960, Time:50.738s
Trial 960: Cell 1 (Static) = 0.010567 | Cell 2 (Plastic) = 0.011457
Trial: 961, Time:50.666s
Trial 961: Cell 1 (Static) = 0.010598 | Cell 2 (Plastic) = 0.011491
Trial: 962, Time:50.775s
Trial 962: Cell 1 (Static) = 0.010630 | Cell 2 (Plastic) = 0.011526
Trial: 963, Time:50.694s
Trial 963: Cell 1 (Static) = 0.010662 | Cell 2 (Plastic) = 0.011560
Trial: 964, Time:50.711s
Trial 964: Cell 1 (Static) = 0.010694 | Cell 2 (Plastic) = 0.011595
Trial: 965, Time:50.681s
Trial 965: Cell 1 (Static) = 0.010726 | Cell 2 (Plastic) = 0.011630
Trial: 966, Time:50.843s
Trial 966: Cell 1 (Static) = 0.010758 | Cell 2 (Plastic) = 0.011665
Trial: 967, Time:50.592s
Trial 967: Cell 1 (Static) = 0.010791 | Cell 2 (Plastic) = 0.011700
Trial: 968, Time:50.623s
Trial 968: Cell 1 (Static) = 0.010823 | Cell 2 (Plastic) = 0.011735
Trial: 969, Time:50.608s
Trial 969: Cell 1 (Static) = 0.010855 | Cell 2 (Plastic) = 0.011770
Trial: 970, Time:50.600s
Trial 970: Cell 1 (Static) = 0.010888 | Cell 2 (Plastic) = 0.011805
Trial: 971, Time:50.593s
Trial 971: Cell 1 (Static) = 0.010921 | Cell 2 (Plastic) = 0.011841
Trial: 972, Time:50.390s
Trial 972: Cell 1 (Static) = 0.010953 | Cell 2 (Plastic) = 0.011876
Trial: 973, Time:50.317s
Trial 973: Cell 1 (Static) = 0.010986 | Cell 2 (Plastic) = 0.011912
Trial: 974, Time:50.425s
Trial 974: Cell 1 (Static) = 0.011019 | Cell 2 (Plastic) = 0.011947
Trial: 975, Time:50.513s
Trial 975: Cell 1 (Static) = 0.011052 | Cell 2 (Plastic) = 0.011983
Trial: 976, Time:50.449s
Trial 976: Cell 1 (Static) = 0.011085 | Cell 2 (Plastic) = 0.012019
Trial: 977, Time:50.345s
Trial 977: Cell 1 (Static) = 0.011119 | Cell 2 (Plastic) = 0.012055
Trial: 978, Time:50.338s
Trial 978: Cell 1 (Static) = 0.011152 | Cell 2 (Plastic) = 0.012091
Trial: 979, Time:50.208s
Trial 979: Cell 1 (Static) = 0.011185 | Cell 2 (Plastic) = 0.012091
Trial: 980, Time:50.442s
Trial 980: Cell 1 (Static) = 0.011219 | Cell 2 (Plastic) = 0.012055
Trial: 981, Time:50.711s
Trial 981: Cell 1 (Static) = 0.011253 | Cell 2 (Plastic) = 0.012019
Trial: 982, Time:50.652s
Trial 982: Cell 1 (Static) = 0.011286 | Cell 2 (Plastic) = 0.011983
Trial: 983, Time:50.542s
Trial 983: Cell 1 (Static) = 0.011320 | Cell 2 (Plastic) = 0.012019
Trial: 984, Time:50.546s
Trial 984: Cell 1 (Static) = 0.011354 | Cell 2 (Plastic) = 0.012055
Trial: 985, Time:50.518s
Trial 985: Cell 1 (Static) = 0.011388 | Cell 2 (Plastic) = 0.012091
Trial: 986, Time:50.607s
Trial 986: Cell 1 (Static) = 0.011422 | Cell 2 (Plastic) = 0.012128
Trial: 987, Time:50.459s
Trial 987: Cell 1 (Static) = 0.011457 | Cell 2 (Plastic) = 0.012164
Trial: 988, Time:50.696s
Trial 988: Cell 1 (Static) = 0.011491 | Cell 2 (Plastic) = 0.012201
Trial: 989, Time:51.112s
Trial 989: Cell 1 (Static) = 0.011526 | Cell 2 (Plastic) = 0.012237
Trial: 990, Time:50.965s
Trial 990: Cell 1 (Static) = 0.011560 | Cell 2 (Plastic) = 0.012274
Trial: 991, Time:50.756s
Trial 991: Cell 1 (Static) = 0.011595 | Cell 2 (Plastic) = 0.012311
Trial: 992, Time:50.695s
Trial 992: Cell 1 (Static) = 0.011630 | Cell 2 (Plastic) = 0.012348
Trial: 993, Time:50.719s
Trial 993: Cell 1 (Static) = 0.011665 | Cell 2 (Plastic) = 0.012385
Trial: 994, Time:50.751s
Trial 994: Cell 1 (Static) = 0.011700 | Cell 2 (Plastic) = 0.012422
Trial: 995, Time:50.737s
Trial 995: Cell 1 (Static) = 0.011735 | Cell 2 (Plastic) = 0.012459
Trial: 996, Time:50.765s
Trial 996: Cell 1 (Static) = 0.011770 | Cell 2 (Plastic) = 0.012497
Trial: 997, Time:50.727s
Trial 997: Cell 1 (Static) = 0.011805 | Cell 2 (Plastic) = 0.012534
Trial: 998, Time:51.285s
Trial 998: Cell 1 (Static) = 0.011841 | Cell 2 (Plastic) = 0.012572
Trial: 999, Time:50.971s
Trial 999: Cell 1 (Static) = 0.011876 | Cell 2 (Plastic) = 0.012609
Trial: 1000, Time:50.855s
Raster array saved to '/home/data/einez/homeostat_SS/MFGoGr_SS_shuffleMF50_noCS_yesGoGo_yesgrGo_mfgoplast__allcell_1000_trial/MFGoGr_SS_shuffleMF50_noCS_yesGoGo_yesgrGo_mfgoplast__allcell_1000_trial_GOrasters.npy'
Raster array saved to '/home/data/einez/homeostat_SS/MFGoGr_SS_shuffleMF50_noCS_yesGoGo_yesgrGo_mfgoplast__allcell_1000_trial/MFGoGr_SS_shuffleMF50_noCS_yesGoGo_yesgrGo_mfgoplast__allcell_1000_trial_gogoW.npy'
Raster array saved to '/home/data/einez/homeostat_SS/MFGoGr_SS_shuffleMF50_noCS_yesGoGo_yesgrGo_mfgoplast__allcell_1000_trial/MFGoGr_SS_shuffleMF50_noCS_yesGoGo_yesgrGo_mfgoplast__allcell_1000_trial_grgoW.npy'
Raster array saved to '/home/data/einez/homeostat_SS/MFGoGr_SS_shuffleMF50_noCS_yesGoGo_yesgrGo_mfgoplast__allcell_1000_trial/MFGoGr_SS_shuffleMF50_noCS_yesGoGo_yesgrGo_mfgoplast__allcell_1000_trial_mfgoW.npy'
