nohup: ignoring input
Starting Session for GoGo Conv: 25 W: 0.05 ...
Initializing objects...
Objects initialized.
Loading connectivity arrays...
MFGO Connectivity Array Loaded.
MFGR Connectivity Array Loaded.
GOGR Connectivity Array Loaded.
GRGO Connectivity Array Loaded.
GOGO Connectivity Array Loaded.
Connectivity Arrays Loaded
Trial: 1, Time:15.533s
Trial: 2, Time:15.007s
Trial: 3, Time:15.119s
Trial: 4, Time:15.092s
Trial: 5, Time:15.687s
Trial: 6, Time:15.798s
Trial: 7, Time:15.806s
Trial: 8, Time:15.760s
Trial: 9, Time:15.779s
Trial: 10, Time:15.792s
Trial: 11, Time:15.750s
Trial: 12, Time:15.849s
Trial: 13, Time:15.821s
Trial: 14, Time:15.752s
Trial: 15, Time:15.750s
Trial: 16, Time:15.802s
Trial: 17, Time:15.764s
Trial: 18, Time:15.774s
Trial: 19, Time:15.799s
Trial: 20, Time:15.757s
Trial: 21, Time:15.730s
Trial: 22, Time:15.783s
Trial: 23, Time:15.849s
Trial: 24, Time:15.816s
Trial: 25, Time:15.903s
Trial: 26, Time:15.796s
Trial: 27, Time:15.809s
Trial: 28, Time:15.768s
Trial: 29, Time:15.764s
Trial: 30, Time:15.799s
Trial: 31, Time:15.819s
Trial: 32, Time:15.778s
Trial: 33, Time:15.829s
Trial: 34, Time:15.747s
Trial: 35, Time:15.788s
Trial: 36, Time:15.765s
Trial: 37, Time:15.762s
Trial: 38, Time:15.684s
Trial: 39, Time:15.701s
Trial: 40, Time:15.719s
Trial: 41, Time:15.739s
Trial: 42, Time:15.716s
Trial: 43, Time:15.685s
Trial: 44, Time:15.699s
Trial: 45, Time:15.718s
Trial: 46, Time:15.715s
Trial: 47, Time:15.650s
Trial: 48, Time:15.662s
Trial: 49, Time:15.669s
Trial: 50, Time:15.723s
Trial: 51, Time:15.664s
Trial: 52, Time:15.331s
Trial: 53, Time:15.384s
Trial: 54, Time:15.388s
Trial: 55, Time:15.368s
Trial: 56, Time:15.316s
Trial: 57, Time:15.402s
Trial: 58, Time:15.395s
Trial: 59, Time:15.301s
Trial: 60, Time:15.336s
Trial: 61, Time:15.409s
Trial: 62, Time:15.433s
Trial: 63, Time:15.423s
Trial: 64, Time:15.403s
Trial: 65, Time:15.371s
Trial: 66, Time:15.343s
Trial: 67, Time:15.408s
Trial: 68, Time:15.384s
Trial: 69, Time:15.441s
Trial: 70, Time:15.390s
Trial: 71, Time:15.398s
Trial: 72, Time:15.307s
Trial: 73, Time:15.334s
Trial: 74, Time:15.295s
Trial: 75, Time:15.316s
Trial: 76, Time:15.299s
Trial: 77, Time:15.300s
Trial: 78, Time:15.338s
Trial: 79, Time:15.338s
Trial: 80, Time:15.279s
Trial: 81, Time:15.292s
Trial: 82, Time:15.256s
Trial: 83, Time:15.236s
Trial: 84, Time:15.207s
Trial: 85, Time:15.179s
Trial: 86, Time:15.172s
Trial: 87, Time:15.195s
Trial: 88, Time:15.155s
Trial: 89, Time:15.161s
Trial: 90, Time:15.175s
Trial: 91, Time:15.200s
Trial: 92, Time:15.187s
Trial: 93, Time:15.167s
Trial: 94, Time:15.131s
Trial: 95, Time:15.183s
Trial: 96, Time:15.149s
Trial: 97, Time:15.160s
Trial: 98, Time:15.161s
Trial: 99, Time:15.137s
Trial: 100, Time:15.126s
Trial: 101, Time:15.162s
Trial: 102, Time:14.797s
Trial: 103, Time:14.773s
Trial: 104, Time:14.825s
Trial: 105, Time:14.780s
Trial: 106, Time:14.814s
Trial: 107, Time:14.829s
Trial: 108, Time:14.754s
Trial: 109, Time:14.754s
Trial: 110, Time:14.735s
Trial: 111, Time:14.703s
Trial: 112, Time:14.710s
Trial: 113, Time:14.747s
Trial: 114, Time:14.742s
Trial: 115, Time:14.718s
Trial: 116, Time:14.736s
Trial: 117, Time:14.723s
Trial: 118, Time:14.772s
Trial: 119, Time:14.753s
Trial: 120, Time:14.780s
Trial: 121, Time:14.710s
Trial: 122, Time:14.694s
Trial: 123, Time:14.660s
Trial: 124, Time:14.700s
Trial: 125, Time:14.668s
Trial: 126, Time:14.693s
Trial: 127, Time:14.695s
Trial: 128, Time:14.658s
Trial: 129, Time:14.654s
Trial: 130, Time:14.691s
Trial: 131, Time:14.701s
Trial: 132, Time:14.656s
Trial: 133, Time:14.713s
Trial: 134, Time:14.734s
Trial: 135, Time:14.655s
Trial: 136, Time:14.668s
Trial: 137, Time:14.649s
Trial: 138, Time:14.668s
Trial: 139, Time:14.690s
Trial: 140, Time:14.638s
Trial: 141, Time:14.709s
Trial: 142, Time:14.642s
Trial: 143, Time:14.677s
Trial: 144, Time:14.701s
Trial: 145, Time:14.715s
Trial: 146, Time:14.711s
Trial: 147, Time:14.701s
Trial: 148, Time:14.694s
Trial: 149, Time:14.686s
Trial: 150, Time:14.720s
Trial: 151, Time:14.696s
Trial: 152, Time:15.106s
Trial: 153, Time:15.147s
Trial: 154, Time:15.118s
Trial: 155, Time:15.116s
Trial: 156, Time:15.207s
Trial: 157, Time:15.184s
Trial: 158, Time:15.179s
Trial: 159, Time:15.147s
Trial: 160, Time:15.175s
Trial: 161, Time:15.185s
Trial: 162, Time:15.143s
Trial: 163, Time:15.142s
Trial: 164, Time:15.078s
Trial: 165, Time:15.106s
Trial: 166, Time:15.151s
Trial: 167, Time:15.120s
Trial: 168, Time:15.049s
Trial: 169, Time:15.081s
Trial: 170, Time:15.103s
Trial: 171, Time:15.066s
Trial: 172, Time:15.076s
Trial: 173, Time:14.993s
Trial: 174, Time:15.091s
Trial: 175, Time:15.076s
Trial: 176, Time:15.056s
Trial: 177, Time:15.067s
Trial: 178, Time:15.082s
Trial: 179, Time:15.083s
Trial: 180, Time:15.058s
Trial: 181, Time:15.094s
Trial: 182, Time:15.035s
Trial: 183, Time:15.089s
Trial: 184, Time:14.754s
Trial: 185, Time:14.562s
Trial: 186, Time:14.551s
Trial: 187, Time:14.927s
Trial: 188, Time:15.067s
Trial: 189, Time:15.060s
Trial: 190, Time:15.121s
Trial: 191, Time:15.156s
Trial: 192, Time:15.119s
Trial: 193, Time:15.164s
Trial: 194, Time:15.151s
Trial: 195, Time:15.136s
Trial: 196, Time:15.064s
Trial: 197, Time:15.077s
Trial: 198, Time:15.088s
Trial: 199, Time:15.157s
Trial: 200, Time:15.121s
Trial: 201, Time:15.090s
Trial: 202, Time:14.737s
Trial: 203, Time:14.742s
Trial: 204, Time:14.736s
Trial: 205, Time:14.779s
Trial: 206, Time:14.784s
Trial: 207, Time:14.747s
Trial: 208, Time:14.756s
Trial: 209, Time:14.710s
Trial: 210, Time:14.769s
Trial: 211, Time:14.748s
Trial: 212, Time:14.755s
Trial: 213, Time:14.766s
Trial: 214, Time:14.744s
Trial: 215, Time:14.776s
Trial: 216, Time:14.792s
Trial: 217, Time:14.769s
Trial: 218, Time:14.708s
Trial: 219, Time:14.749s
Trial: 220, Time:14.766s
Trial: 221, Time:14.792s
Trial: 222, Time:14.797s
Trial: 223, Time:14.802s
Trial: 224, Time:14.785s
Trial: 225, Time:14.770s
Trial: 226, Time:14.754s
Trial: 227, Time:14.731s
Trial: 228, Time:14.760s
Trial: 229, Time:14.795s
Trial: 230, Time:14.732s
Trial: 231, Time:14.745s
Trial: 232, Time:14.761s
Trial: 233, Time:14.720s
Trial: 234, Time:14.786s
Trial: 235, Time:14.758s
Trial: 236, Time:14.650s
Trial: 237, Time:14.734s
Trial: 238, Time:14.722s
Trial: 239, Time:14.793s
Trial: 240, Time:14.772s
Trial: 241, Time:14.752s
Trial: 242, Time:14.767s
Trial: 243, Time:14.752s
Trial: 244, Time:14.769s
Trial: 245, Time:14.715s
Trial: 246, Time:14.721s
Trial: 247, Time:14.747s
Trial: 248, Time:14.725s
Trial: 249, Time:14.699s
Trial: 250, Time:14.752s
Trial: 251, Time:14.757s
Trial: 252, Time:15.265s
Trial: 253, Time:15.312s
Trial: 254, Time:15.312s
Trial: 255, Time:15.330s
Trial: 256, Time:15.324s
Trial: 257, Time:15.325s
Trial: 258, Time:15.353s
Trial: 259, Time:15.316s
Trial: 260, Time:15.297s
Trial: 261, Time:15.340s
Trial: 262, Time:15.309s
Trial: 263, Time:15.298s
Trial: 264, Time:15.262s
Trial: 265, Time:15.300s
Trial: 266, Time:15.305s
Trial: 267, Time:15.313s
Trial: 268, Time:15.296s
Trial: 269, Time:15.332s
Trial: 270, Time:15.271s
Trial: 271, Time:15.289s
Trial: 272, Time:15.322s
Trial: 273, Time:15.287s
Trial: 274, Time:15.255s
Trial: 275, Time:15.322s
Trial: 276, Time:15.336s
Trial: 277, Time:15.336s
Trial: 278, Time:15.306s
Trial: 279, Time:15.280s
Trial: 280, Time:15.270s
Trial: 281, Time:15.215s
Trial: 282, Time:15.233s
Trial: 283, Time:15.236s
Trial: 284, Time:15.264s
Trial: 285, Time:15.264s
Trial: 286, Time:15.911s
Trial: 287, Time:15.232s
Trial: 288, Time:15.237s
Trial: 289, Time:15.198s
Trial: 290, Time:15.187s
Trial: 291, Time:15.237s
Trial: 292, Time:15.252s
Trial: 293, Time:15.934s
Trial: 294, Time:15.325s
Trial: 295, Time:15.923s
Trial: 296, Time:15.230s
Trial: 297, Time:15.247s
Trial: 298, Time:15.209s
Trial: 299, Time:15.205s
Trial: 300, Time:15.211s
Trial: 301, Time:15.208s
Trial: 302, Time:15.153s
Trial: 303, Time:15.130s
Trial: 304, Time:15.109s
Trial: 305, Time:15.122s
Trial: 306, Time:15.171s
Trial: 307, Time:15.113s
Trial: 308, Time:15.138s
Trial: 309, Time:15.089s
Trial: 310, Time:15.094s
Trial: 311, Time:15.185s
Trial: 312, Time:15.192s
Trial: 313, Time:15.096s
Trial: 314, Time:15.154s
Trial: 315, Time:15.124s
Trial: 316, Time:15.075s
Trial: 317, Time:15.117s
Trial: 318, Time:15.120s
Trial: 319, Time:15.098s
Trial: 320, Time:15.074s
Trial: 321, Time:15.078s
Trial: 322, Time:15.072s
Trial: 323, Time:15.077s
Trial: 324, Time:15.102s
Trial: 325, Time:15.153s
Trial: 326, Time:15.110s
Trial: 327, Time:15.136s
Trial: 328, Time:15.052s
Trial: 329, Time:15.070s
Trial: 330, Time:15.119s
Trial: 331, Time:15.160s
Trial: 332, Time:15.115s
Trial: 333, Time:15.070s
Trial: 334, Time:15.038s
Trial: 335, Time:15.074s
Trial: 336, Time:15.085s
Trial: 337, Time:15.082s
Trial: 338, Time:15.108s
Trial: 339, Time:15.038s
Trial: 340, Time:15.050s
Trial: 341, Time:15.071s
Trial: 342, Time:15.114s
Trial: 343, Time:15.049s
Trial: 344, Time:15.115s
Trial: 345, Time:15.366s
Trial: 346, Time:15.121s
Trial: 347, Time:15.802s
Trial: 348, Time:15.199s
Trial: 349, Time:15.157s
Trial: 350, Time:15.119s
Trial: 351, Time:15.151s
Trial: 352, Time:15.144s
Trial: 353, Time:15.136s
Trial: 354, Time:15.160s
Trial: 355, Time:15.103s
Trial: 356, Time:15.156s
Trial: 357, Time:15.181s
Trial: 358, Time:15.171s
Trial: 359, Time:15.188s
Trial: 360, Time:15.095s
Trial: 361, Time:15.115s
Trial: 362, Time:15.131s
Trial: 363, Time:15.104s
Trial: 364, Time:15.085s
Trial: 365, Time:15.109s
Trial: 366, Time:15.117s
Trial: 367, Time:15.103s
Trial: 368, Time:15.030s
Trial: 369, Time:15.077s
Trial: 370, Time:15.054s
Trial: 371, Time:15.113s
Trial: 372, Time:15.162s
Trial: 373, Time:15.090s
Trial: 374, Time:15.143s
Trial: 375, Time:15.252s
Trial: 376, Time:15.288s
Trial: 377, Time:15.253s
Trial: 378, Time:15.829s
Trial: 379, Time:15.125s
Trial: 380, Time:15.812s
Trial: 381, Time:15.099s
Trial: 382, Time:15.745s
Trial: 383, Time:15.078s
Trial: 384, Time:15.656s
Trial: 385, Time:15.098s
Trial: 386, Time:15.182s
Trial: 387, Time:15.190s
Trial: 388, Time:15.231s
Trial: 389, Time:15.239s
Trial: 390, Time:15.266s
Trial: 391, Time:15.273s
Trial: 392, Time:15.223s
Trial: 393, Time:15.152s
Trial: 394, Time:15.176s
Trial: 395, Time:15.181s
Trial: 396, Time:15.128s
Trial: 397, Time:15.030s
Trial: 398, Time:14.997s
Trial: 399, Time:14.970s
Trial: 400, Time:15.507s
Trial: 401, Time:15.016s
Trial: 402, Time:14.729s
Trial: 403, Time:14.708s
Trial: 404, Time:14.788s
Trial: 405, Time:14.810s
Trial: 406, Time:14.801s
Trial: 407, Time:14.876s
Trial: 408, Time:14.806s
Trial: 409, Time:14.811s
Trial: 410, Time:14.856s
Trial: 411, Time:14.832s
Trial: 412, Time:14.840s
Trial: 413, Time:14.879s
Trial: 414, Time:14.805s
Trial: 415, Time:14.805s
Trial: 416, Time:14.828s
Trial: 417, Time:14.804s
Trial: 418, Time:14.783s
Trial: 419, Time:14.783s
Trial: 420, Time:80.450s
Trial: 421, Time:1484.040s
Trial: 422, Time:14.028s
Trial: 423, Time:14.028s
Trial: 424, Time:14.037s
Trial: 425, Time:14.028s
Trial: 426, Time:14.020s
Trial: 427, Time:14.020s
Trial: 428, Time:14.001s
Trial: 429, Time:14.034s
Trial: 430, Time:14.038s
Trial: 431, Time:14.082s
Trial: 432, Time:14.036s
Trial: 433, Time:14.060s
Trial: 434, Time:14.014s
Trial: 435, Time:14.034s
Trial: 436, Time:14.060s
Trial: 437, Time:14.060s
Trial: 438, Time:14.049s
Trial: 439, Time:14.042s
Trial: 440, Time:14.038s
Trial: 441, Time:14.010s
Trial: 442, Time:13.975s
Trial: 443, Time:13.994s
Trial: 444, Time:14.011s
Trial: 445, Time:14.009s
Trial: 446, Time:14.009s
Trial: 447, Time:13.997s
Trial: 448, Time:13.970s
Trial: 449, Time:14.023s
Trial: 450, Time:13.987s
Trial: 451, Time:14.002s
Trial: 452, Time:13.891s
Trial: 453, Time:13.948s
Trial: 454, Time:13.968s
Trial: 455, Time:13.943s
Trial: 456, Time:13.977s
Trial: 457, Time:13.958s
Trial: 458, Time:13.972s
Trial: 459, Time:13.991s
Trial: 460, Time:14.019s
Trial: 461, Time:13.968s
Trial: 462, Time:13.990s
Trial: 463, Time:13.986s
Trial: 464, Time:13.992s
Trial: 465, Time:13.979s
Trial: 466, Time:13.951s
Trial: 467, Time:13.966s
Trial: 468, Time:13.953s
Trial: 469, Time:13.942s
Trial: 470, Time:13.901s
Trial: 471, Time:13.923s
Trial: 472, Time:13.890s
Trial: 473, Time:13.916s
Trial: 474, Time:13.915s
Trial: 475, Time:13.885s
Trial: 476, Time:13.899s
Trial: 477, Time:13.847s
Trial: 478, Time:13.869s
Trial: 479, Time:13.873s
Trial: 480, Time:13.888s
Trial: 481, Time:13.910s
Trial: 482, Time:13.920s
Trial: 483, Time:13.907s
Trial: 484, Time:13.913s
Trial: 485, Time:13.896s
Trial: 486, Time:13.931s
Trial: 487, Time:13.976s
Trial: 488, Time:13.923s
Trial: 489, Time:13.945s
Trial: 490, Time:13.896s
Trial: 491, Time:13.883s
Trial: 492, Time:13.888s
Trial: 493, Time:13.886s
Trial: 494, Time:13.906s
Trial: 495, Time:13.887s
Trial: 496, Time:13.942s
Trial: 497, Time:13.886s
Trial: 498, Time:13.926s
Trial: 499, Time:13.935s
Trial: 500, Time:13.878s
Trial: 501, Time:13.939s
Trial: 502, Time:14.401s
Trial: 503, Time:14.390s
Trial: 504, Time:14.393s
Trial: 505, Time:14.338s
Trial: 506, Time:14.366s
Trial: 507, Time:14.367s
Trial: 508, Time:14.383s
Trial: 509, Time:14.401s
Trial: 510, Time:14.404s
Trial: 511, Time:14.387s
Trial: 512, Time:14.377s
Trial: 513, Time:14.351s
Trial: 514, Time:14.351s
Trial: 515, Time:14.314s
Trial: 516, Time:14.338s
Trial: 517, Time:14.362s
Trial: 518, Time:14.299s
Trial: 519, Time:14.332s
Trial: 520, Time:14.295s
Trial: 521, Time:14.347s
Trial: 522, Time:14.290s
Trial: 523, Time:14.240s
Trial: 524, Time:14.320s
Trial: 525, Time:14.339s
Trial: 526, Time:14.334s
Trial: 527, Time:14.281s
Trial: 528, Time:14.288s
Trial: 529, Time:14.271s
Trial: 530, Time:14.302s
Trial: 531, Time:14.273s
Trial: 532, Time:14.305s
Trial: 533, Time:14.300s
Trial: 534, Time:14.318s
Trial: 535, Time:14.306s
Trial: 536, Time:14.283s
Trial: 537, Time:14.260s
Trial: 538, Time:14.320s
Trial: 539, Time:14.333s
Trial: 540, Time:14.332s
Trial: 541, Time:14.345s
Trial: 542, Time:14.271s
Trial: 543, Time:14.282s
Trial: 544, Time:14.276s
Trial: 545, Time:14.283s
Trial: 546, Time:14.310s
Trial: 547, Time:14.263s
Trial: 548, Time:14.315s
Trial: 549, Time:14.323s
Trial: 550, Time:14.309s
Trial: 551, Time:14.265s
Trial: 552, Time:13.893s
Trial: 553, Time:13.884s
Trial: 554, Time:13.854s
Trial: 555, Time:13.852s
Trial: 556, Time:13.862s
Trial: 557, Time:13.852s
Trial: 558, Time:13.849s
Trial: 559, Time:13.865s
Trial: 560, Time:13.819s
Trial: 561, Time:13.893s
Trial: 562, Time:13.893s
Trial: 563, Time:13.905s
Trial: 564, Time:13.883s
Trial: 565, Time:13.868s
Trial: 566, Time:13.883s
Trial: 567, Time:13.922s
Trial: 568, Time:13.844s
Trial: 569, Time:13.843s
Trial: 570, Time:13.904s
Trial: 571, Time:13.886s
Trial: 572, Time:13.842s
Trial: 573, Time:13.913s
Trial: 574, Time:13.875s
Trial: 575, Time:13.907s
Trial: 576, Time:13.878s
Trial: 577, Time:13.845s
Trial: 578, Time:13.809s
Trial: 579, Time:13.878s
Trial: 580, Time:13.840s
Trial: 581, Time:13.869s
Trial: 582, Time:13.861s
Trial: 583, Time:13.830s
Trial: 584, Time:13.849s
Trial: 585, Time:13.887s
Trial: 586, Time:13.876s
Trial: 587, Time:13.882s
Trial: 588, Time:13.862s
Trial: 589, Time:13.904s
Trial: 590, Time:13.867s
Trial: 591, Time:13.859s
Trial: 592, Time:13.896s
Trial: 593, Time:13.902s
Trial: 594, Time:13.838s
Trial: 595, Time:13.886s
Trial: 596, Time:13.841s
Trial: 597, Time:13.872s
Trial: 598, Time:13.883s
Trial: 599, Time:13.882s
Trial: 600, Time:13.887s
Trial: 601, Time:13.851s
Trial: 602, Time:14.134s
Trial: 603, Time:14.144s
Trial: 604, Time:14.124s
Trial: 605, Time:14.080s
Trial: 606, Time:14.127s
Trial: 607, Time:14.145s
Trial: 608, Time:14.228s
Trial: 609, Time:14.158s
Trial: 610, Time:14.170s
Trial: 611, Time:14.155s
Trial: 612, Time:14.160s
Trial: 613, Time:14.161s
Trial: 614, Time:14.131s
Trial: 615, Time:14.158s
Trial: 616, Time:14.173s
Trial: 617, Time:14.161s
Trial: 618, Time:14.136s
Trial: 619, Time:14.155s
Trial: 620, Time:14.196s
Trial: 621, Time:14.173s
Trial: 622, Time:14.183s
Trial: 623, Time:14.130s
Trial: 624, Time:14.142s
Trial: 625, Time:14.169s
Trial: 626, Time:14.125s
Trial: 627, Time:14.174s
Trial: 628, Time:14.169s
Trial: 629, Time:14.194s
Trial: 630, Time:14.219s
Trial: 631, Time:14.150s
Trial: 632, Time:14.061s
Trial: 633, Time:14.157s
Trial: 634, Time:14.143s
Trial: 635, Time:14.164s
Trial: 636, Time:14.215s
Trial: 637, Time:14.193s
Trial: 638, Time:14.169s
Trial: 639, Time:14.153s
Trial: 640, Time:14.191s
Trial: 641, Time:14.210s
Trial: 642, Time:14.115s
Trial: 643, Time:14.113s
Trial: 644, Time:14.117s
Trial: 645, Time:14.085s
Trial: 646, Time:14.104s
