nohup: ignoring input
Starting Session for GoGo Conv: 25 W: 0.05 ...
Initializing objects...
Objects initialized.
Loading connectivity arrays...
MFGO Connectivity Array Loaded.
MFGR Connectivity Array Loaded.
GOGR Connectivity Array Loaded.
GRGO Connectivity Array Loaded.
GOGO Connectivity Array Loaded.
Connectivity Arrays Loaded
Trial 0: Cell 1 (Static) = 0.004213 | Cell 2 (Plastic) = 0.004213
Trial: 1, Time:18.210s
Trial 1: Cell 1 (Static) = 0.004225 | Cell 2 (Plastic) = 0.004225
Trial: 2, Time:18.532s
Trial 2: Cell 1 (Static) = 0.004238 | Cell 2 (Plastic) = 0.004238
Trial: 3, Time:19.289s
Trial 3: Cell 1 (Static) = 0.004251 | Cell 2 (Plastic) = 0.004251
Trial: 4, Time:19.462s
Trial 4: Cell 1 (Static) = 0.004263 | Cell 2 (Plastic) = 0.004263
Trial: 5, Time:19.331s
Trial 5: Cell 1 (Static) = 0.004276 | Cell 2 (Plastic) = 0.004276
Trial: 6, Time:19.026s
Trial 6: Cell 1 (Static) = 0.004289 | Cell 2 (Plastic) = 0.004289
Trial: 7, Time:18.763s
Trial 7: Cell 1 (Static) = 0.004302 | Cell 2 (Plastic) = 0.004302
Trial: 8, Time:18.947s
Trial 8: Cell 1 (Static) = 0.004315 | Cell 2 (Plastic) = 0.004315
Trial: 9, Time:19.041s
Trial 9: Cell 1 (Static) = 0.004328 | Cell 2 (Plastic) = 0.004328
Trial: 10, Time:18.920s
Trial 10: Cell 1 (Static) = 0.004341 | Cell 2 (Plastic) = 0.004341
Trial: 11, Time:18.750s
Trial 11: Cell 1 (Static) = 0.004354 | Cell 2 (Plastic) = 0.004354
Trial: 12, Time:18.903s
Trial 12: Cell 1 (Static) = 0.004367 | Cell 2 (Plastic) = 0.004367
Trial: 13, Time:18.885s
Trial 13: Cell 1 (Static) = 0.004380 | Cell 2 (Plastic) = 0.004354
Trial: 14, Time:19.066s
Trial 14: Cell 1 (Static) = 0.004393 | Cell 2 (Plastic) = 0.004367
Trial: 15, Time:19.004s
Trial 15: Cell 1 (Static) = 0.004406 | Cell 2 (Plastic) = 0.004380
Trial: 16, Time:18.995s
Trial 16: Cell 1 (Static) = 0.004419 | Cell 2 (Plastic) = 0.004367
Trial: 17, Time:19.031s
Trial 17: Cell 1 (Static) = 0.004433 | Cell 2 (Plastic) = 0.004380
Trial: 18, Time:18.963s
Trial 18: Cell 1 (Static) = 0.004446 | Cell 2 (Plastic) = 0.004393
Trial: 19, Time:19.032s
Trial 19: Cell 1 (Static) = 0.004459 | Cell 2 (Plastic) = 0.004406
Trial: 20, Time:18.745s
Trial 20: Cell 1 (Static) = 0.004473 | Cell 2 (Plastic) = 0.004419
Trial: 21, Time:19.054s
Trial 21: Cell 1 (Static) = 0.004486 | Cell 2 (Plastic) = 0.004433
Trial: 22, Time:19.191s
Trial 22: Cell 1 (Static) = 0.004500 | Cell 2 (Plastic) = 0.004446
Trial: 23, Time:19.388s
Trial 23: Cell 1 (Static) = 0.004513 | Cell 2 (Plastic) = 0.004459
Trial: 24, Time:19.167s
Trial 24: Cell 1 (Static) = 0.004527 | Cell 2 (Plastic) = 0.004473
Trial: 25, Time:19.437s
Trial 25: Cell 1 (Static) = 0.004540 | Cell 2 (Plastic) = 0.004486
Trial: 26, Time:19.978s
Trial 26: Cell 1 (Static) = 0.004554 | Cell 2 (Plastic) = 0.004500
Trial: 27, Time:19.543s
Trial 27: Cell 1 (Static) = 0.004567 | Cell 2 (Plastic) = 0.004513
Trial: 28, Time:19.408s
Trial 28: Cell 1 (Static) = 0.004581 | Cell 2 (Plastic) = 0.004500
Trial: 29, Time:19.220s
Trial 29: Cell 1 (Static) = 0.004595 | Cell 2 (Plastic) = 0.004486
Trial: 30, Time:19.405s
Trial 30: Cell 1 (Static) = 0.004609 | Cell 2 (Plastic) = 0.004473
Trial: 31, Time:19.447s
Trial 31: Cell 1 (Static) = 0.004623 | Cell 2 (Plastic) = 0.004459
Trial: 32, Time:19.460s
Trial 32: Cell 1 (Static) = 0.004636 | Cell 2 (Plastic) = 0.004473
Trial: 33, Time:19.528s
Trial 33: Cell 1 (Static) = 0.004650 | Cell 2 (Plastic) = 0.004486
Trial: 34, Time:19.705s
Trial 34: Cell 1 (Static) = 0.004664 | Cell 2 (Plastic) = 0.004500
Trial: 35, Time:20.007s
Trial 35: Cell 1 (Static) = 0.004678 | Cell 2 (Plastic) = 0.004486
Trial: 36, Time:20.109s
Trial 36: Cell 1 (Static) = 0.004692 | Cell 2 (Plastic) = 0.004473
Trial: 37, Time:20.054s
Trial 37: Cell 1 (Static) = 0.004706 | Cell 2 (Plastic) = 0.004459
Trial: 38, Time:19.738s
Trial 38: Cell 1 (Static) = 0.004720 | Cell 2 (Plastic) = 0.004473
Trial: 39, Time:19.887s
Trial 39: Cell 1 (Static) = 0.004735 | Cell 2 (Plastic) = 0.004486
Trial: 40, Time:19.964s
Trial 40: Cell 1 (Static) = 0.004749 | Cell 2 (Plastic) = 0.004500
Trial: 41, Time:19.825s
Trial 41: Cell 1 (Static) = 0.004763 | Cell 2 (Plastic) = 0.004513
Trial: 42, Time:19.956s
Trial 42: Cell 1 (Static) = 0.004777 | Cell 2 (Plastic) = 0.004527
Trial: 43, Time:20.141s
Trial 43: Cell 1 (Static) = 0.004792 | Cell 2 (Plastic) = 0.004540
Trial: 44, Time:20.425s
Trial 44: Cell 1 (Static) = 0.004806 | Cell 2 (Plastic) = 0.004554
Trial: 45, Time:20.545s
Trial 45: Cell 1 (Static) = 0.004821 | Cell 2 (Plastic) = 0.004567
Trial: 46, Time:20.587s
Trial 46: Cell 1 (Static) = 0.004835 | Cell 2 (Plastic) = 0.004581
Trial: 47, Time:20.328s
Trial 47: Cell 1 (Static) = 0.004849 | Cell 2 (Plastic) = 0.004595
Trial: 48, Time:20.492s
Trial 48: Cell 1 (Static) = 0.004864 | Cell 2 (Plastic) = 0.004609
Trial: 49, Time:20.621s
Trial 49: Cell 1 (Static) = 0.004879 | Cell 2 (Plastic) = 0.004595
Trial: 50, Time:20.583s
Trial 50: Cell 1 (Static) = 0.004893 | Cell 2 (Plastic) = 0.004581
Trial: 51, Time:20.696s
Trial 51: Cell 1 (Static) = 0.004908 | Cell 2 (Plastic) = 0.004595
Trial: 52, Time:23.004s
Trial 52: Cell 1 (Static) = 0.004923 | Cell 2 (Plastic) = 0.004609
Trial: 53, Time:23.034s
Trial 53: Cell 1 (Static) = 0.004937 | Cell 2 (Plastic) = 0.004623
Trial: 54, Time:23.255s
Trial 54: Cell 1 (Static) = 0.004952 | Cell 2 (Plastic) = 0.004636
Trial: 55, Time:23.444s
Trial 55: Cell 1 (Static) = 0.004967 | Cell 2 (Plastic) = 0.004650
Trial: 56, Time:23.211s
Trial 56: Cell 1 (Static) = 0.004982 | Cell 2 (Plastic) = 0.004664
Trial: 57, Time:23.424s
Trial 57: Cell 1 (Static) = 0.004997 | Cell 2 (Plastic) = 0.004678
Trial: 58, Time:23.432s
Trial 58: Cell 1 (Static) = 0.005012 | Cell 2 (Plastic) = 0.004692
Trial: 59, Time:22.897s
Trial 59: Cell 1 (Static) = 0.005027 | Cell 2 (Plastic) = 0.004706
Trial: 60, Time:22.840s
Trial 60: Cell 1 (Static) = 0.005042 | Cell 2 (Plastic) = 0.004720
Trial: 61, Time:22.863s
Trial 61: Cell 1 (Static) = 0.005057 | Cell 2 (Plastic) = 0.004735
Trial: 62, Time:22.742s
Trial 62: Cell 1 (Static) = 0.005072 | Cell 2 (Plastic) = 0.004749
Trial: 63, Time:22.683s
Trial 63: Cell 1 (Static) = 0.005088 | Cell 2 (Plastic) = 0.004763
Trial: 64, Time:22.747s
Trial 64: Cell 1 (Static) = 0.005103 | Cell 2 (Plastic) = 0.004777
Trial: 65, Time:22.332s
Trial 65: Cell 1 (Static) = 0.005118 | Cell 2 (Plastic) = 0.004792
Trial: 66, Time:23.043s
Trial 66: Cell 1 (Static) = 0.005133 | Cell 2 (Plastic) = 0.004806
Trial: 67, Time:23.280s
Trial 67: Cell 1 (Static) = 0.005149 | Cell 2 (Plastic) = 0.004821
Trial: 68, Time:22.863s
Trial 68: Cell 1 (Static) = 0.005164 | Cell 2 (Plastic) = 0.004835
Trial: 69, Time:22.873s
Trial 69: Cell 1 (Static) = 0.005180 | Cell 2 (Plastic) = 0.004849
Trial: 70, Time:22.947s
Trial 70: Cell 1 (Static) = 0.005195 | Cell 2 (Plastic) = 0.004864
Trial: 71, Time:22.847s
Trial 71: Cell 1 (Static) = 0.005211 | Cell 2 (Plastic) = 0.004879
Trial: 72, Time:22.898s
Trial 72: Cell 1 (Static) = 0.005227 | Cell 2 (Plastic) = 0.004893
Trial: 73, Time:23.035s
Trial 73: Cell 1 (Static) = 0.005242 | Cell 2 (Plastic) = 0.004908
Trial: 74, Time:22.781s
Trial 74: Cell 1 (Static) = 0.005258 | Cell 2 (Plastic) = 0.004923
Trial: 75, Time:22.907s
Trial 75: Cell 1 (Static) = 0.005274 | Cell 2 (Plastic) = 0.004937
Trial: 76, Time:23.073s
Trial 76: Cell 1 (Static) = 0.005290 | Cell 2 (Plastic) = 0.004952
Trial: 77, Time:23.070s
Trial 77: Cell 1 (Static) = 0.005305 | Cell 2 (Plastic) = 0.004967
Trial: 78, Time:23.259s
Trial 78: Cell 1 (Static) = 0.005321 | Cell 2 (Plastic) = 0.004982
Trial: 79, Time:23.173s
Trial 79: Cell 1 (Static) = 0.005337 | Cell 2 (Plastic) = 0.004997
Trial: 80, Time:23.179s
Trial 80: Cell 1 (Static) = 0.005353 | Cell 2 (Plastic) = 0.005012
Trial: 81, Time:23.198s
Trial 81: Cell 1 (Static) = 0.005369 | Cell 2 (Plastic) = 0.005027
Trial: 82, Time:23.281s
Trial 82: Cell 1 (Static) = 0.005386 | Cell 2 (Plastic) = 0.005042
Trial: 83, Time:23.092s
Trial 83: Cell 1 (Static) = 0.005402 | Cell 2 (Plastic) = 0.005057
Trial: 84, Time:23.302s
Trial 84: Cell 1 (Static) = 0.005418 | Cell 2 (Plastic) = 0.005072
Trial: 85, Time:23.404s
Trial 85: Cell 1 (Static) = 0.005434 | Cell 2 (Plastic) = 0.005088
Trial: 86, Time:23.520s
Trial 86: Cell 1 (Static) = 0.005450 | Cell 2 (Plastic) = 0.005103
Trial: 87, Time:23.826s
Trial 87: Cell 1 (Static) = 0.005467 | Cell 2 (Plastic) = 0.005118
Trial: 88, Time:23.933s
Trial 88: Cell 1 (Static) = 0.005483 | Cell 2 (Plastic) = 0.005133
Trial: 89, Time:23.708s
Trial 89: Cell 1 (Static) = 0.005500 | Cell 2 (Plastic) = 0.005149
Trial: 90, Time:23.731s
Trial 90: Cell 1 (Static) = 0.005516 | Cell 2 (Plastic) = 0.005164
Trial: 91, Time:23.629s
Trial 91: Cell 1 (Static) = 0.005533 | Cell 2 (Plastic) = 0.005180
Trial: 92, Time:23.493s
Trial 92: Cell 1 (Static) = 0.005549 | Cell 2 (Plastic) = 0.005195
Trial: 93, Time:23.715s
Trial 93: Cell 1 (Static) = 0.005566 | Cell 2 (Plastic) = 0.005211
Trial: 94, Time:23.673s
Trial 94: Cell 1 (Static) = 0.005583 | Cell 2 (Plastic) = 0.005227
Trial: 95, Time:23.759s
Trial 95: Cell 1 (Static) = 0.005599 | Cell 2 (Plastic) = 0.005242
Trial: 96, Time:23.721s
Trial 96: Cell 1 (Static) = 0.005616 | Cell 2 (Plastic) = 0.005258
Trial: 97, Time:23.672s
Trial 97: Cell 1 (Static) = 0.005633 | Cell 2 (Plastic) = 0.005274
Trial: 98, Time:23.739s
Trial 98: Cell 1 (Static) = 0.005650 | Cell 2 (Plastic) = 0.005290
Trial: 99, Time:23.893s
Trial 99: Cell 1 (Static) = 0.005667 | Cell 2 (Plastic) = 0.005305
Trial: 100, Time:24.014s
Trial 100: Cell 1 (Static) = 0.005684 | Cell 2 (Plastic) = 0.005321
Trial: 101, Time:23.806s
Trial 101: Cell 1 (Static) = 0.005701 | Cell 2 (Plastic) = 0.005305
Trial: 102, Time:25.855s
Trial 102: Cell 1 (Static) = 0.005718 | Cell 2 (Plastic) = 0.005290
Trial: 103, Time:26.015s
Trial 103: Cell 1 (Static) = 0.005735 | Cell 2 (Plastic) = 0.005274
Trial: 104, Time:25.956s
Trial 104: Cell 1 (Static) = 0.005752 | Cell 2 (Plastic) = 0.005258
Trial: 105, Time:25.891s
Trial 105: Cell 1 (Static) = 0.005770 | Cell 2 (Plastic) = 0.005242
Trial: 106, Time:25.824s
Trial 106: Cell 1 (Static) = 0.005787 | Cell 2 (Plastic) = 0.005227
Trial: 107, Time:25.772s
Trial 107: Cell 1 (Static) = 0.005804 | Cell 2 (Plastic) = 0.005211
Trial: 108, Time:25.780s
Trial 108: Cell 1 (Static) = 0.005822 | Cell 2 (Plastic) = 0.005195
Trial: 109, Time:25.870s
Trial 109: Cell 1 (Static) = 0.005839 | Cell 2 (Plastic) = 0.005180
Trial: 110, Time:25.516s
Trial 110: Cell 1 (Static) = 0.005857 | Cell 2 (Plastic) = 0.005164
Trial: 111, Time:25.715s
Trial 111: Cell 1 (Static) = 0.005874 | Cell 2 (Plastic) = 0.005149
Trial: 112, Time:25.848s
Trial 112: Cell 1 (Static) = 0.005892 | Cell 2 (Plastic) = 0.005133
Trial: 113, Time:25.815s
Trial 113: Cell 1 (Static) = 0.005910 | Cell 2 (Plastic) = 0.005118
Trial: 114, Time:25.818s
Trial 114: Cell 1 (Static) = 0.005927 | Cell 2 (Plastic) = 0.005103
Trial: 115, Time:25.784s
Trial 115: Cell 1 (Static) = 0.005945 | Cell 2 (Plastic) = 0.005088
Trial: 116, Time:25.778s
Trial 116: Cell 1 (Static) = 0.005963 | Cell 2 (Plastic) = 0.005072
Trial: 117, Time:25.817s
Trial 117: Cell 1 (Static) = 0.005981 | Cell 2 (Plastic) = 0.005057
Trial: 118, Time:25.727s
Trial 118: Cell 1 (Static) = 0.005999 | Cell 2 (Plastic) = 0.005042
Trial: 119, Time:25.552s
Trial 119: Cell 1 (Static) = 0.006017 | Cell 2 (Plastic) = 0.005027
Trial: 120, Time:25.829s
Trial 120: Cell 1 (Static) = 0.006035 | Cell 2 (Plastic) = 0.005012
Trial: 121, Time:25.747s
Trial 121: Cell 1 (Static) = 0.006053 | Cell 2 (Plastic) = 0.004997
Trial: 122, Time:25.808s
Trial 122: Cell 1 (Static) = 0.006071 | Cell 2 (Plastic) = 0.004982
Trial: 123, Time:25.807s
Trial 123: Cell 1 (Static) = 0.006089 | Cell 2 (Plastic) = 0.004967
Trial: 124, Time:25.829s
Trial 124: Cell 1 (Static) = 0.006108 | Cell 2 (Plastic) = 0.004952
Trial: 125, Time:25.872s
Trial 125: Cell 1 (Static) = 0.006126 | Cell 2 (Plastic) = 0.004937
Trial: 126, Time:25.946s
Trial 126: Cell 1 (Static) = 0.006144 | Cell 2 (Plastic) = 0.004923
Trial: 127, Time:26.058s
Trial 127: Cell 1 (Static) = 0.006163 | Cell 2 (Plastic) = 0.004908
Trial: 128, Time:25.880s
Trial 128: Cell 1 (Static) = 0.006181 | Cell 2 (Plastic) = 0.004893
Trial: 129, Time:26.115s
Trial 129: Cell 1 (Static) = 0.006200 | Cell 2 (Plastic) = 0.004879
Trial: 130, Time:26.099s
Trial 130: Cell 1 (Static) = 0.006218 | Cell 2 (Plastic) = 0.004864
Trial: 131, Time:26.108s
Trial 131: Cell 1 (Static) = 0.006237 | Cell 2 (Plastic) = 0.004849
Trial: 132, Time:26.088s
Trial 132: Cell 1 (Static) = 0.006256 | Cell 2 (Plastic) = 0.004835
Trial: 133, Time:25.964s
Trial 133: Cell 1 (Static) = 0.006274 | Cell 2 (Plastic) = 0.004821
Trial: 134, Time:26.248s
Trial 134: Cell 1 (Static) = 0.006293 | Cell 2 (Plastic) = 0.004806
Trial: 135, Time:26.232s
Trial 135: Cell 1 (Static) = 0.006312 | Cell 2 (Plastic) = 0.004821
Trial: 136, Time:26.487s
Trial 136: Cell 1 (Static) = 0.006331 | Cell 2 (Plastic) = 0.004835
Trial: 137, Time:26.326s
Trial 137: Cell 1 (Static) = 0.006350 | Cell 2 (Plastic) = 0.004849
Trial: 138, Time:26.492s
Trial 138: Cell 1 (Static) = 0.006369 | Cell 2 (Plastic) = 0.004864
Trial: 139, Time:26.543s
Trial 139: Cell 1 (Static) = 0.006388 | Cell 2 (Plastic) = 0.004849
Trial: 140, Time:26.513s
Trial 140: Cell 1 (Static) = 0.006407 | Cell 2 (Plastic) = 0.004864
Trial: 141, Time:26.617s
Trial 141: Cell 1 (Static) = 0.006427 | Cell 2 (Plastic) = 0.004879
Trial: 142, Time:26.640s
Trial 142: Cell 1 (Static) = 0.006446 | Cell 2 (Plastic) = 0.004893
Trial: 143, Time:26.608s
Trial 143: Cell 1 (Static) = 0.006465 | Cell 2 (Plastic) = 0.004908
Trial: 144, Time:26.768s
Trial 144: Cell 1 (Static) = 0.006485 | Cell 2 (Plastic) = 0.004923
Trial: 145, Time:26.726s
Trial 145: Cell 1 (Static) = 0.006504 | Cell 2 (Plastic) = 0.004937
Trial: 146, Time:26.352s
Trial 146: Cell 1 (Static) = 0.006524 | Cell 2 (Plastic) = 0.004923
Trial: 147, Time:26.686s
Trial 147: Cell 1 (Static) = 0.006543 | Cell 2 (Plastic) = 0.004908
Trial: 148, Time:26.727s
Trial 148: Cell 1 (Static) = 0.006563 | Cell 2 (Plastic) = 0.004893
Trial: 149, Time:26.812s
Trial 149: Cell 1 (Static) = 0.006582 | Cell 2 (Plastic) = 0.004908
Trial: 150, Time:26.958s
Trial 150: Cell 1 (Static) = 0.006602 | Cell 2 (Plastic) = 0.004923
Trial: 151, Time:27.066s
Trial 151: Cell 1 (Static) = 0.006622 | Cell 2 (Plastic) = 0.004937
Trial: 152, Time:28.625s
Trial 152: Cell 1 (Static) = 0.006642 | Cell 2 (Plastic) = 0.004952
Trial: 153, Time:28.833s
Trial 153: Cell 1 (Static) = 0.006662 | Cell 2 (Plastic) = 0.004967
Trial: 154, Time:29.082s
Trial 154: Cell 1 (Static) = 0.006682 | Cell 2 (Plastic) = 0.004982
Trial: 155, Time:28.624s
Trial 155: Cell 1 (Static) = 0.006702 | Cell 2 (Plastic) = 0.004997
Trial: 156, Time:28.909s
Trial 156: Cell 1 (Static) = 0.006722 | Cell 2 (Plastic) = 0.005012
Trial: 157, Time:28.774s
Trial 157: Cell 1 (Static) = 0.006742 | Cell 2 (Plastic) = 0.005027
Trial: 158, Time:28.624s
Trial 158: Cell 1 (Static) = 0.006762 | Cell 2 (Plastic) = 0.005042
Trial: 159, Time:28.598s
Trial 159: Cell 1 (Static) = 0.006783 | Cell 2 (Plastic) = 0.005057
Trial: 160, Time:28.562s
Trial 160: Cell 1 (Static) = 0.006803 | Cell 2 (Plastic) = 0.005072
Trial: 161, Time:28.600s
Trial 161: Cell 1 (Static) = 0.006823 | Cell 2 (Plastic) = 0.005088
Trial: 162, Time:28.636s
Trial 162: Cell 1 (Static) = 0.006844 | Cell 2 (Plastic) = 0.005103
Trial: 163, Time:28.540s
Trial 163: Cell 1 (Static) = 0.006864 | Cell 2 (Plastic) = 0.005118
Trial: 164, Time:28.218s
Trial 164: Cell 1 (Static) = 0.006885 | Cell 2 (Plastic) = 0.005133
Trial: 165, Time:28.569s
Trial 165: Cell 1 (Static) = 0.006906 | Cell 2 (Plastic) = 0.005149
Trial: 166, Time:28.461s
Trial 166: Cell 1 (Static) = 0.006926 | Cell 2 (Plastic) = 0.005164
Trial: 167, Time:28.465s
Trial 167: Cell 1 (Static) = 0.006906 | Cell 2 (Plastic) = 0.005180
Trial: 168, Time:28.641s
Trial 168: Cell 1 (Static) = 0.006885 | Cell 2 (Plastic) = 0.005195
Trial: 169, Time:28.690s
Trial 169: Cell 1 (Static) = 0.006864 | Cell 2 (Plastic) = 0.005211
Trial: 170, Time:28.763s
Trial 170: Cell 1 (Static) = 0.006885 | Cell 2 (Plastic) = 0.005227
Trial: 171, Time:28.803s
Trial 171: Cell 1 (Static) = 0.006906 | Cell 2 (Plastic) = 0.005242
Trial: 172, Time:28.863s
Trial 172: Cell 1 (Static) = 0.006926 | Cell 2 (Plastic) = 0.005258
Trial: 173, Time:28.660s
Trial 173: Cell 1 (Static) = 0.006947 | Cell 2 (Plastic) = 0.005274
Trial: 174, Time:28.953s
Trial 174: Cell 1 (Static) = 0.006968 | Cell 2 (Plastic) = 0.005290
Trial: 175, Time:28.889s
Trial 175: Cell 1 (Static) = 0.006989 | Cell 2 (Plastic) = 0.005305
Trial: 176, Time:28.970s
Trial 176: Cell 1 (Static) = 0.007010 | Cell 2 (Plastic) = 0.005321
Trial: 177, Time:29.166s
Trial 177: Cell 1 (Static) = 0.007031 | Cell 2 (Plastic) = 0.005337
Trial: 178, Time:29.139s
Trial 178: Cell 1 (Static) = 0.007052 | Cell 2 (Plastic) = 0.005353
Trial: 179, Time:28.977s
Trial 179: Cell 1 (Static) = 0.007073 | Cell 2 (Plastic) = 0.005369
Trial: 180, Time:28.976s
Trial 180: Cell 1 (Static) = 0.007094 | Cell 2 (Plastic) = 0.005386
Trial: 181, Time:28.929s
Trial 181: Cell 1 (Static) = 0.007116 | Cell 2 (Plastic) = 0.005402
Trial: 182, Time:28.621s
Trial 182: Cell 1 (Static) = 0.007137 | Cell 2 (Plastic) = 0.005418
Trial: 183, Time:29.022s
Trial 183: Cell 1 (Static) = 0.007158 | Cell 2 (Plastic) = 0.005434
Trial: 184, Time:28.874s
Trial 184: Cell 1 (Static) = 0.007180 | Cell 2 (Plastic) = 0.005450
Trial: 185, Time:28.990s
Trial 185: Cell 1 (Static) = 0.007201 | Cell 2 (Plastic) = 0.005467
Trial: 186, Time:29.042s
Trial 186: Cell 1 (Static) = 0.007223 | Cell 2 (Plastic) = 0.005483
Trial: 187, Time:29.126s
Trial 187: Cell 1 (Static) = 0.007245 | Cell 2 (Plastic) = 0.005500
Trial: 188, Time:29.380s
Trial 188: Cell 1 (Static) = 0.007223 | Cell 2 (Plastic) = 0.005516
Trial: 189, Time:29.434s
Trial 189: Cell 1 (Static) = 0.007201 | Cell 2 (Plastic) = 0.005533
Trial: 190, Time:29.378s
Trial 190: Cell 1 (Static) = 0.007180 | Cell 2 (Plastic) = 0.005549
Trial: 191, Time:29.191s
Trial 191: Cell 1 (Static) = 0.007201 | Cell 2 (Plastic) = 0.005566
Trial: 192, Time:29.353s
Trial 192: Cell 1 (Static) = 0.007223 | Cell 2 (Plastic) = 0.005583
Trial: 193, Time:29.211s
Trial 193: Cell 1 (Static) = 0.007245 | Cell 2 (Plastic) = 0.005599
Trial: 194, Time:29.361s
Trial 194: Cell 1 (Static) = 0.007266 | Cell 2 (Plastic) = 0.005616
Trial: 195, Time:29.306s
Trial 195: Cell 1 (Static) = 0.007288 | Cell 2 (Plastic) = 0.005633
Trial: 196, Time:29.349s
Trial 196: Cell 1 (Static) = 0.007310 | Cell 2 (Plastic) = 0.005650
Trial: 197, Time:29.587s
Trial 197: Cell 1 (Static) = 0.007288 | Cell 2 (Plastic) = 0.005667
Trial: 198, Time:29.753s
Trial 198: Cell 1 (Static) = 0.007266 | Cell 2 (Plastic) = 0.005684
Trial: 199, Time:29.831s
Trial 199: Cell 1 (Static) = 0.007288 | Cell 2 (Plastic) = 0.005701
Trial: 200, Time:29.608s
Trial 200: Cell 1 (Static) = 0.007310 | Cell 2 (Plastic) = 0.005718
Trial: 201, Time:29.900s
Trial 201: Cell 1 (Static) = 0.007288 | Cell 2 (Plastic) = 0.005735
Trial: 202, Time:31.525s
Trial 202: Cell 1 (Static) = 0.007266 | Cell 2 (Plastic) = 0.005752
Trial: 203, Time:31.858s
Trial 203: Cell 1 (Static) = 0.007245 | Cell 2 (Plastic) = 0.005770
Trial: 204, Time:31.880s
Trial 204: Cell 1 (Static) = 0.007223 | Cell 2 (Plastic) = 0.005787
Trial: 205, Time:31.812s
Trial 205: Cell 1 (Static) = 0.007201 | Cell 2 (Plastic) = 0.005804
Trial: 206, Time:31.767s
Trial 206: Cell 1 (Static) = 0.007180 | Cell 2 (Plastic) = 0.005822
Trial: 207, Time:31.563s
Trial 207: Cell 1 (Static) = 0.007158 | Cell 2 (Plastic) = 0.005839
Trial: 208, Time:31.507s
Trial 208: Cell 1 (Static) = 0.007137 | Cell 2 (Plastic) = 0.005857
Trial: 209, Time:31.267s
Trial 209: Cell 1 (Static) = 0.007116 | Cell 2 (Plastic) = 0.005874
Trial: 210, Time:31.397s
Trial 210: Cell 1 (Static) = 0.007094 | Cell 2 (Plastic) = 0.005892
Trial: 211, Time:31.440s
Trial 211: Cell 1 (Static) = 0.007073 | Cell 2 (Plastic) = 0.005910
Trial: 212, Time:31.391s
Trial 212: Cell 1 (Static) = 0.007052 | Cell 2 (Plastic) = 0.005927
Trial: 213, Time:31.373s
Trial 213: Cell 1 (Static) = 0.007031 | Cell 2 (Plastic) = 0.005945
Trial: 214, Time:31.370s
Trial 214: Cell 1 (Static) = 0.007010 | Cell 2 (Plastic) = 0.005963
Trial: 215, Time:31.370s
Trial 215: Cell 1 (Static) = 0.006989 | Cell 2 (Plastic) = 0.005981
Trial: 216, Time:31.439s
Trial 216: Cell 1 (Static) = 0.006968 | Cell 2 (Plastic) = 0.005999
Trial: 217, Time:31.447s
Trial 217: Cell 1 (Static) = 0.006947 | Cell 2 (Plastic) = 0.006017
Trial: 218, Time:31.393s
Trial 218: Cell 1 (Static) = 0.006926 | Cell 2 (Plastic) = 0.005999
Trial: 219, Time:31.662s
Trial 219: Cell 1 (Static) = 0.006906 | Cell 2 (Plastic) = 0.005981
Trial: 220, Time:31.667s
Trial 220: Cell 1 (Static) = 0.006885 | Cell 2 (Plastic) = 0.005963
Trial: 221, Time:31.823s
Trial 221: Cell 1 (Static) = 0.006906 | Cell 2 (Plastic) = 0.005981
Trial: 222, Time:31.834s
Trial 222: Cell 1 (Static) = 0.006926 | Cell 2 (Plastic) = 0.005999
Trial: 223, Time:31.631s
Trial 223: Cell 1 (Static) = 0.006947 | Cell 2 (Plastic) = 0.006017
Trial: 224, Time:31.706s
Trial 224: Cell 1 (Static) = 0.006968 | Cell 2 (Plastic) = 0.006035
Trial: 225, Time:31.773s
Trial 225: Cell 1 (Static) = 0.006989 | Cell 2 (Plastic) = 0.006053
Trial: 226, Time:31.879s
Trial 226: Cell 1 (Static) = 0.007010 | Cell 2 (Plastic) = 0.006071
Trial: 227, Time:31.664s
Trial 227: Cell 1 (Static) = 0.007031 | Cell 2 (Plastic) = 0.006089
Trial: 228, Time:31.857s
Trial 228: Cell 1 (Static) = 0.007052 | Cell 2 (Plastic) = 0.006108
Trial: 229, Time:31.747s
Trial 229: Cell 1 (Static) = 0.007073 | Cell 2 (Plastic) = 0.006126
Trial: 230, Time:31.770s
Trial 230: Cell 1 (Static) = 0.007052 | Cell 2 (Plastic) = 0.006144
Trial: 231, Time:31.891s
Trial 231: Cell 1 (Static) = 0.007031 | Cell 2 (Plastic) = 0.006163
Trial: 232, Time:31.879s
Trial 232: Cell 1 (Static) = 0.007010 | Cell 2 (Plastic) = 0.006181
Trial: 233, Time:31.849s
Trial 233: Cell 1 (Static) = 0.006989 | Cell 2 (Plastic) = 0.006200
Trial: 234, Time:32.143s
Trial 234: Cell 1 (Static) = 0.006968 | Cell 2 (Plastic) = 0.006218
Trial: 235, Time:32.139s
Trial 235: Cell 1 (Static) = 0.006947 | Cell 2 (Plastic) = 0.006237
Trial: 236, Time:31.975s
Trial 236: Cell 1 (Static) = 0.006926 | Cell 2 (Plastic) = 0.006256
Trial: 237, Time:32.217s
Trial 237: Cell 1 (Static) = 0.006906 | Cell 2 (Plastic) = 0.006274
Trial: 238, Time:32.228s
Trial 238: Cell 1 (Static) = 0.006885 | Cell 2 (Plastic) = 0.006293
Trial: 239, Time:32.162s
Trial 239: Cell 1 (Static) = 0.006864 | Cell 2 (Plastic) = 0.006312
Trial: 240, Time:32.162s
Trial 240: Cell 1 (Static) = 0.006844 | Cell 2 (Plastic) = 0.006331
Trial: 241, Time:32.106s
Trial 241: Cell 1 (Static) = 0.006823 | Cell 2 (Plastic) = 0.006350
Trial: 242, Time:32.300s
Trial 242: Cell 1 (Static) = 0.006803 | Cell 2 (Plastic) = 0.006369
Trial: 243, Time:32.404s
Trial 243: Cell 1 (Static) = 0.006823 | Cell 2 (Plastic) = 0.006388
Trial: 244, Time:32.436s
Trial 244: Cell 1 (Static) = 0.006844 | Cell 2 (Plastic) = 0.006407
Trial: 245, Time:32.316s
Trial 245: Cell 1 (Static) = 0.006823 | Cell 2 (Plastic) = 0.006427
Trial: 246, Time:32.449s
Trial 246: Cell 1 (Static) = 0.006803 | Cell 2 (Plastic) = 0.006446
Trial: 247, Time:32.215s
Trial 247: Cell 1 (Static) = 0.006823 | Cell 2 (Plastic) = 0.006465
Trial: 248, Time:32.288s
Trial 248: Cell 1 (Static) = 0.006844 | Cell 2 (Plastic) = 0.006485
Trial: 249, Time:32.414s
Trial 249: Cell 1 (Static) = 0.006864 | Cell 2 (Plastic) = 0.006465
Trial: 250, Time:32.319s
Trial 250: Cell 1 (Static) = 0.006844 | Cell 2 (Plastic) = 0.006485
Trial: 251, Time:32.382s
Trial 251: Cell 1 (Static) = 0.006864 | Cell 2 (Plastic) = 0.006465
Trial: 252, Time:33.198s
Trial 252: Cell 1 (Static) = 0.006885 | Cell 2 (Plastic) = 0.006446
Trial: 253, Time:33.335s
Trial 253: Cell 1 (Static) = 0.006906 | Cell 2 (Plastic) = 0.006427
Trial: 254, Time:33.260s
Trial 254: Cell 1 (Static) = 0.006926 | Cell 2 (Plastic) = 0.006407
Trial: 255, Time:33.374s
Trial 255: Cell 1 (Static) = 0.006947 | Cell 2 (Plastic) = 0.006388
Trial: 256, Time:33.246s
Trial 256: Cell 1 (Static) = 0.006968 | Cell 2 (Plastic) = 0.006369
Trial: 257, Time:33.104s
Trial 257: Cell 1 (Static) = 0.006989 | Cell 2 (Plastic) = 0.006350
Trial: 258, Time:33.088s
Trial 258: Cell 1 (Static) = 0.007010 | Cell 2 (Plastic) = 0.006331
Trial: 259, Time:33.060s
Trial 259: Cell 1 (Static) = 0.007031 | Cell 2 (Plastic) = 0.006312
Trial: 260, Time:33.222s
Trial 260: Cell 1 (Static) = 0.007052 | Cell 2 (Plastic) = 0.006293
Trial: 261, Time:33.024s
Trial 261: Cell 1 (Static) = 0.007073 | Cell 2 (Plastic) = 0.006274
Trial: 262, Time:33.065s
Trial 262: Cell 1 (Static) = 0.007094 | Cell 2 (Plastic) = 0.006256
Trial: 263, Time:32.869s
Trial 263: Cell 1 (Static) = 0.007116 | Cell 2 (Plastic) = 0.006237
Trial: 264, Time:33.291s
Trial 264: Cell 1 (Static) = 0.007137 | Cell 2 (Plastic) = 0.006218
Trial: 265, Time:33.265s
Trial 265: Cell 1 (Static) = 0.007158 | Cell 2 (Plastic) = 0.006200
Trial: 266, Time:33.095s
Trial 266: Cell 1 (Static) = 0.007180 | Cell 2 (Plastic) = 0.006218
Trial: 267, Time:33.284s
Trial 267: Cell 1 (Static) = 0.007201 | Cell 2 (Plastic) = 0.006200
Trial: 268, Time:33.366s
Trial 268: Cell 1 (Static) = 0.007223 | Cell 2 (Plastic) = 0.006181
Trial: 269, Time:33.483s
Trial 269: Cell 1 (Static) = 0.007245 | Cell 2 (Plastic) = 0.006163
Trial: 270, Time:33.404s
Trial 270: Cell 1 (Static) = 0.007266 | Cell 2 (Plastic) = 0.006144
Trial: 271, Time:33.335s
Trial 271: Cell 1 (Static) = 0.007288 | Cell 2 (Plastic) = 0.006163
Trial: 272, Time:33.252s
Trial 272: Cell 1 (Static) = 0.007310 | Cell 2 (Plastic) = 0.006144
Trial: 273, Time:33.394s
Trial 273: Cell 1 (Static) = 0.007332 | Cell 2 (Plastic) = 0.006126
Trial: 274, Time:33.305s
Trial 274: Cell 1 (Static) = 0.007354 | Cell 2 (Plastic) = 0.006108
Trial: 275, Time:33.377s
Trial 275: Cell 1 (Static) = 0.007332 | Cell 2 (Plastic) = 0.006089
Trial: 276, Time:33.476s
Trial 276: Cell 1 (Static) = 0.007354 | Cell 2 (Plastic) = 0.006071
Trial: 277, Time:33.464s
Trial 277: Cell 1 (Static) = 0.007376 | Cell 2 (Plastic) = 0.006089
Trial: 278, Time:33.545s
Trial 278: Cell 1 (Static) = 0.007398 | Cell 2 (Plastic) = 0.006108
Trial: 279, Time:33.517s
Trial 279: Cell 1 (Static) = 0.007420 | Cell 2 (Plastic) = 0.006126
Trial: 280, Time:33.504s
Trial 280: Cell 1 (Static) = 0.007443 | Cell 2 (Plastic) = 0.006144
Trial: 281, Time:33.513s
Trial 281: Cell 1 (Static) = 0.007465 | Cell 2 (Plastic) = 0.006163
Trial: 282, Time:33.737s
Trial 282: Cell 1 (Static) = 0.007487 | Cell 2 (Plastic) = 0.006181
Trial: 283, Time:33.607s
Trial 283: Cell 1 (Static) = 0.007510 | Cell 2 (Plastic) = 0.006200
Trial: 284, Time:33.656s
Trial 284: Cell 1 (Static) = 0.007532 | Cell 2 (Plastic) = 0.006218
Trial: 285, Time:33.773s
Trial 285: Cell 1 (Static) = 0.007555 | Cell 2 (Plastic) = 0.006237
Trial: 286, Time:33.789s
Trial 286: Cell 1 (Static) = 0.007578 | Cell 2 (Plastic) = 0.006256
Trial: 287, Time:33.860s
Trial 287: Cell 1 (Static) = 0.007600 | Cell 2 (Plastic) = 0.006274
Trial: 288, Time:33.856s
Trial 288: Cell 1 (Static) = 0.007623 | Cell 2 (Plastic) = 0.006293
Trial: 289, Time:33.888s
Trial 289: Cell 1 (Static) = 0.007646 | Cell 2 (Plastic) = 0.006274
Trial: 290, Time:33.778s
Trial 290: Cell 1 (Static) = 0.007669 | Cell 2 (Plastic) = 0.006256
Trial: 291, Time:33.943s
Trial 291: Cell 1 (Static) = 0.007692 | Cell 2 (Plastic) = 0.006237
Trial: 292, Time:33.767s
Trial 292: Cell 1 (Static) = 0.007669 | Cell 2 (Plastic) = 0.006218
Trial: 293, Time:33.635s
Trial 293: Cell 1 (Static) = 0.007646 | Cell 2 (Plastic) = 0.006237
Trial: 294, Time:33.806s
Trial 294: Cell 1 (Static) = 0.007623 | Cell 2 (Plastic) = 0.006256
Trial: 295, Time:33.662s
Trial 295: Cell 1 (Static) = 0.007600 | Cell 2 (Plastic) = 0.006274
Trial: 296, Time:33.571s
Trial 296: Cell 1 (Static) = 0.007578 | Cell 2 (Plastic) = 0.006293
Trial: 297, Time:33.898s
Trial 297: Cell 1 (Static) = 0.007555 | Cell 2 (Plastic) = 0.006312
Trial: 298, Time:33.995s
Trial 298: Cell 1 (Static) = 0.007532 | Cell 2 (Plastic) = 0.006331
Trial: 299, Time:33.986s
Trial 299: Cell 1 (Static) = 0.007510 | Cell 2 (Plastic) = 0.006350
Trial: 300, Time:34.186s
Trial 300: Cell 1 (Static) = 0.007487 | Cell 2 (Plastic) = 0.006369
Trial: 301, Time:34.189s
Trial 301: Cell 1 (Static) = 0.007465 | Cell 2 (Plastic) = 0.006388
Trial: 302, Time:35.395s
Trial 302: Cell 1 (Static) = 0.007443 | Cell 2 (Plastic) = 0.006407
Trial: 303, Time:35.517s
Trial 303: Cell 1 (Static) = 0.007420 | Cell 2 (Plastic) = 0.006427
Trial: 304, Time:35.502s
Trial 304: Cell 1 (Static) = 0.007398 | Cell 2 (Plastic) = 0.006446
Trial: 305, Time:35.417s
Trial 305: Cell 1 (Static) = 0.007376 | Cell 2 (Plastic) = 0.006465
Trial: 306, Time:35.427s
Trial 306: Cell 1 (Static) = 0.007398 | Cell 2 (Plastic) = 0.006485
Trial: 307, Time:35.405s
Trial 307: Cell 1 (Static) = 0.007420 | Cell 2 (Plastic) = 0.006504
Trial: 308, Time:35.175s
Trial 308: Cell 1 (Static) = 0.007443 | Cell 2 (Plastic) = 0.006524
Trial: 309, Time:35.404s
Trial 309: Cell 1 (Static) = 0.007465 | Cell 2 (Plastic) = 0.006543
Trial: 310, Time:35.301s
Trial 310: Cell 1 (Static) = 0.007487 | Cell 2 (Plastic) = 0.006563
Trial: 311, Time:35.339s
Trial 311: Cell 1 (Static) = 0.007510 | Cell 2 (Plastic) = 0.006582
Trial: 312, Time:35.397s
Trial 312: Cell 1 (Static) = 0.007532 | Cell 2 (Plastic) = 0.006602
Trial: 313, Time:35.150s
Trial 313: Cell 1 (Static) = 0.007555 | Cell 2 (Plastic) = 0.006622
Trial: 314, Time:35.106s
Trial 314: Cell 1 (Static) = 0.007578 | Cell 2 (Plastic) = 0.006602
Trial: 315, Time:34.986s
Trial 315: Cell 1 (Static) = 0.007555 | Cell 2 (Plastic) = 0.006582
Trial: 316, Time:34.966s
Trial 316: Cell 1 (Static) = 0.007532 | Cell 2 (Plastic) = 0.006563
Trial: 317, Time:34.826s
Trial 317: Cell 1 (Static) = 0.007510 | Cell 2 (Plastic) = 0.006543
Trial: 318, Time:35.482s
Trial 318: Cell 1 (Static) = 0.007487 | Cell 2 (Plastic) = 0.006524
Trial: 319, Time:35.431s
Trial 319: Cell 1 (Static) = 0.007465 | Cell 2 (Plastic) = 0.006504
Trial: 320, Time:35.325s
Trial 320: Cell 1 (Static) = 0.007443 | Cell 2 (Plastic) = 0.006485
Trial: 321, Time:35.217s
Trial 321: Cell 1 (Static) = 0.007465 | Cell 2 (Plastic) = 0.006465
Trial: 322, Time:35.357s
Trial 322: Cell 1 (Static) = 0.007487 | Cell 2 (Plastic) = 0.006446
Trial: 323, Time:35.453s
Trial 323: Cell 1 (Static) = 0.007510 | Cell 2 (Plastic) = 0.006427
Trial: 324, Time:35.516s
Trial 324: Cell 1 (Static) = 0.007532 | Cell 2 (Plastic) = 0.006407
Trial: 325, Time:35.368s
Trial 325: Cell 1 (Static) = 0.007555 | Cell 2 (Plastic) = 0.006388
Trial: 326, Time:34.957s
Trial 326: Cell 1 (Static) = 0.007578 | Cell 2 (Plastic) = 0.006369
Trial: 327, Time:35.124s
Trial 327: Cell 1 (Static) = 0.007600 | Cell 2 (Plastic) = 0.006350
Trial: 328, Time:35.858s
Trial 328: Cell 1 (Static) = 0.007578 | Cell 2 (Plastic) = 0.006331
Trial: 329, Time:35.549s
Trial 329: Cell 1 (Static) = 0.007555 | Cell 2 (Plastic) = 0.006350
Trial: 330, Time:35.497s
Trial 330: Cell 1 (Static) = 0.007532 | Cell 2 (Plastic) = 0.006369
Trial: 331, Time:35.592s
Trial 331: Cell 1 (Static) = 0.007510 | Cell 2 (Plastic) = 0.006388
Trial: 332, Time:35.783s
Trial 332: Cell 1 (Static) = 0.007487 | Cell 2 (Plastic) = 0.006407
Trial: 333, Time:35.878s
Trial 333: Cell 1 (Static) = 0.007465 | Cell 2 (Plastic) = 0.006427
Trial: 334, Time:35.729s
Trial 334: Cell 1 (Static) = 0.007443 | Cell 2 (Plastic) = 0.006446
Trial: 335, Time:35.420s
Trial 335: Cell 1 (Static) = 0.007420 | Cell 2 (Plastic) = 0.006465
Trial: 336, Time:35.875s
Trial 336: Cell 1 (Static) = 0.007398 | Cell 2 (Plastic) = 0.006485
Trial: 337, Time:35.927s
Trial 337: Cell 1 (Static) = 0.007376 | Cell 2 (Plastic) = 0.006504
Trial: 338, Time:36.058s
Trial 338: Cell 1 (Static) = 0.007398 | Cell 2 (Plastic) = 0.006524
Trial: 339, Time:36.190s
Trial 339: Cell 1 (Static) = 0.007420 | Cell 2 (Plastic) = 0.006543
Trial: 340, Time:36.331s
Trial 340: Cell 1 (Static) = 0.007443 | Cell 2 (Plastic) = 0.006563
Trial: 341, Time:36.198s
Trial 341: Cell 1 (Static) = 0.007465 | Cell 2 (Plastic) = 0.006582
Trial: 342, Time:36.276s
Trial 342: Cell 1 (Static) = 0.007487 | Cell 2 (Plastic) = 0.006563
Trial: 343, Time:36.142s
Trial 343: Cell 1 (Static) = 0.007510 | Cell 2 (Plastic) = 0.006543
Trial: 344, Time:36.116s
Trial 344: Cell 1 (Static) = 0.007532 | Cell 2 (Plastic) = 0.006524
Trial: 345, Time:36.533s
Trial 345: Cell 1 (Static) = 0.007555 | Cell 2 (Plastic) = 0.006504
Trial: 346, Time:36.436s
Trial 346: Cell 1 (Static) = 0.007578 | Cell 2 (Plastic) = 0.006485
Trial: 347, Time:36.161s
Trial 347: Cell 1 (Static) = 0.007555 | Cell 2 (Plastic) = 0.006465
Trial: 348, Time:36.303s
Trial 348: Cell 1 (Static) = 0.007532 | Cell 2 (Plastic) = 0.006446
Trial: 349, Time:36.364s
Trial 349: Cell 1 (Static) = 0.007510 | Cell 2 (Plastic) = 0.006427
Trial: 350, Time:36.333s
Trial 350: Cell 1 (Static) = 0.007487 | Cell 2 (Plastic) = 0.006407
Trial: 351, Time:36.394s
Trial 351: Cell 1 (Static) = 0.007510 | Cell 2 (Plastic) = 0.006388
Trial: 352, Time:38.471s
Trial 352: Cell 1 (Static) = 0.007532 | Cell 2 (Plastic) = 0.006369
Trial: 353, Time:38.586s
Trial 353: Cell 1 (Static) = 0.007555 | Cell 2 (Plastic) = 0.006350
Trial: 354, Time:38.720s
Trial 354: Cell 1 (Static) = 0.007578 | Cell 2 (Plastic) = 0.006331
Trial: 355, Time:38.514s
Trial 355: Cell 1 (Static) = 0.007600 | Cell 2 (Plastic) = 0.006312
Trial: 356, Time:38.460s
Trial 356: Cell 1 (Static) = 0.007623 | Cell 2 (Plastic) = 0.006293
Trial: 357, Time:38.504s
Trial 357: Cell 1 (Static) = 0.007646 | Cell 2 (Plastic) = 0.006274
Trial: 358, Time:38.411s
Trial 358: Cell 1 (Static) = 0.007669 | Cell 2 (Plastic) = 0.006293
Trial: 359, Time:38.426s
Trial 359: Cell 1 (Static) = 0.007692 | Cell 2 (Plastic) = 0.006274
Trial: 360, Time:38.281s
Trial 360: Cell 1 (Static) = 0.007715 | Cell 2 (Plastic) = 0.006256
Trial: 361, Time:38.203s
Trial 361: Cell 1 (Static) = 0.007692 | Cell 2 (Plastic) = 0.006237
Trial: 362, Time:38.068s
Trial 362: Cell 1 (Static) = 0.007669 | Cell 2 (Plastic) = 0.006256
Trial: 363, Time:38.224s
Trial 363: Cell 1 (Static) = 0.007646 | Cell 2 (Plastic) = 0.006237
Trial: 364, Time:38.369s
Trial 364: Cell 1 (Static) = 0.007669 | Cell 2 (Plastic) = 0.006256
Trial: 365, Time:38.600s
Trial 365: Cell 1 (Static) = 0.007692 | Cell 2 (Plastic) = 0.006274
Trial: 366, Time:38.424s
Trial 366: Cell 1 (Static) = 0.007715 | Cell 2 (Plastic) = 0.006293
Trial: 367, Time:38.396s
Trial 367: Cell 1 (Static) = 0.007738 | Cell 2 (Plastic) = 0.006274
Trial: 368, Time:38.275s
Trial 368: Cell 1 (Static) = 0.007715 | Cell 2 (Plastic) = 0.006256
Trial: 369, Time:38.274s
Trial 369: Cell 1 (Static) = 0.007692 | Cell 2 (Plastic) = 0.006237
Trial: 370, Time:38.239s
Trial 370: Cell 1 (Static) = 0.007669 | Cell 2 (Plastic) = 0.006218
Trial: 371, Time:38.009s
Trial 371: Cell 1 (Static) = 0.007646 | Cell 2 (Plastic) = 0.006200
Trial: 372, Time:38.201s
Trial 372: Cell 1 (Static) = 0.007623 | Cell 2 (Plastic) = 0.006218
Trial: 373, Time:38.276s
Trial 373: Cell 1 (Static) = 0.007600 | Cell 2 (Plastic) = 0.006237
Trial: 374, Time:38.286s
Trial 374: Cell 1 (Static) = 0.007578 | Cell 2 (Plastic) = 0.006218
Trial: 375, Time:38.258s
Trial 375: Cell 1 (Static) = 0.007555 | Cell 2 (Plastic) = 0.006200
Trial: 376, Time:38.095s
Trial 376: Cell 1 (Static) = 0.007578 | Cell 2 (Plastic) = 0.006181
Trial: 377, Time:38.322s
Trial 377: Cell 1 (Static) = 0.007600 | Cell 2 (Plastic) = 0.006163
Trial: 378, Time:38.330s
Trial 378: Cell 1 (Static) = 0.007623 | Cell 2 (Plastic) = 0.006181
Trial: 379, Time:38.357s
Trial 379: Cell 1 (Static) = 0.007646 | Cell 2 (Plastic) = 0.006200
Trial: 380, Time:38.216s
Trial 380: Cell 1 (Static) = 0.007669 | Cell 2 (Plastic) = 0.006218
Trial: 381, Time:38.462s
Trial 381: Cell 1 (Static) = 0.007692 | Cell 2 (Plastic) = 0.006237
Trial: 382, Time:38.400s
Trial 382: Cell 1 (Static) = 0.007669 | Cell 2 (Plastic) = 0.006256
Trial: 383, Time:38.475s
Trial 383: Cell 1 (Static) = 0.007646 | Cell 2 (Plastic) = 0.006274
Trial: 384, Time:38.542s
Trial 384: Cell 1 (Static) = 0.007623 | Cell 2 (Plastic) = 0.006293
Trial: 385, Time:38.562s
Trial 385: Cell 1 (Static) = 0.007600 | Cell 2 (Plastic) = 0.006312
Trial: 386, Time:38.612s
Trial 386: Cell 1 (Static) = 0.007578 | Cell 2 (Plastic) = 0.006331
Trial: 387, Time:38.627s
Trial 387: Cell 1 (Static) = 0.007600 | Cell 2 (Plastic) = 0.006350
Trial: 388, Time:38.786s
Trial 388: Cell 1 (Static) = 0.007623 | Cell 2 (Plastic) = 0.006369
Trial: 389, Time:38.579s
Trial 389: Cell 1 (Static) = 0.007646 | Cell 2 (Plastic) = 0.006388
Trial: 390, Time:38.635s
Trial 390: Cell 1 (Static) = 0.007669 | Cell 2 (Plastic) = 0.006407
Trial: 391, Time:38.621s
Trial 391: Cell 1 (Static) = 0.007692 | Cell 2 (Plastic) = 0.006427
Trial: 392, Time:38.713s
Trial 392: Cell 1 (Static) = 0.007715 | Cell 2 (Plastic) = 0.006446
Trial: 393, Time:38.809s
Trial 393: Cell 1 (Static) = 0.007738 | Cell 2 (Plastic) = 0.006465
Trial: 394, Time:38.840s
Trial 394: Cell 1 (Static) = 0.007761 | Cell 2 (Plastic) = 0.006485
Trial: 395, Time:38.857s
Trial 395: Cell 1 (Static) = 0.007785 | Cell 2 (Plastic) = 0.006504
Trial: 396, Time:38.755s
Trial 396: Cell 1 (Static) = 0.007808 | Cell 2 (Plastic) = 0.006524
Trial: 397, Time:38.750s
Trial 397: Cell 1 (Static) = 0.007831 | Cell 2 (Plastic) = 0.006543
Trial: 398, Time:38.515s
Trial 398: Cell 1 (Static) = 0.007855 | Cell 2 (Plastic) = 0.006563
Trial: 399, Time:38.758s
Trial 399: Cell 1 (Static) = 0.007831 | Cell 2 (Plastic) = 0.006543
Trial: 400, Time:38.827s
Trial 400: Cell 1 (Static) = 0.007808 | Cell 2 (Plastic) = 0.006524
Trial: 401, Time:38.876s
Trial 401: Cell 1 (Static) = 0.007785 | Cell 2 (Plastic) = 0.006543
Trial: 402, Time:40.197s
Trial 402: Cell 1 (Static) = 0.007761 | Cell 2 (Plastic) = 0.006563
Trial: 403, Time:40.286s
Trial 403: Cell 1 (Static) = 0.007738 | Cell 2 (Plastic) = 0.006582
Trial: 404, Time:40.128s
Trial 404: Cell 1 (Static) = 0.007715 | Cell 2 (Plastic) = 0.006602
Trial: 405, Time:40.019s
Trial 405: Cell 1 (Static) = 0.007692 | Cell 2 (Plastic) = 0.006622
Trial: 406, Time:39.945s
Trial 406: Cell 1 (Static) = 0.007715 | Cell 2 (Plastic) = 0.006642
Trial: 407, Time:40.001s
Trial 407: Cell 1 (Static) = 0.007738 | Cell 2 (Plastic) = 0.006662
Trial: 408, Time:39.987s
Trial 408: Cell 1 (Static) = 0.007761 | Cell 2 (Plastic) = 0.006682
Trial: 409, Time:39.945s
Trial 409: Cell 1 (Static) = 0.007738 | Cell 2 (Plastic) = 0.006702
Trial: 410, Time:39.856s
Trial 410: Cell 1 (Static) = 0.007715 | Cell 2 (Plastic) = 0.006722
Trial: 411, Time:39.791s
Trial 411: Cell 1 (Static) = 0.007692 | Cell 2 (Plastic) = 0.006742
Trial: 412, Time:39.771s
Trial 412: Cell 1 (Static) = 0.007669 | Cell 2 (Plastic) = 0.006762
Trial: 413, Time:39.771s
Trial 413: Cell 1 (Static) = 0.007646 | Cell 2 (Plastic) = 0.006783
Trial: 414, Time:39.802s
Trial 414: Cell 1 (Static) = 0.007623 | Cell 2 (Plastic) = 0.006803
Trial: 415, Time:39.801s
Trial 415: Cell 1 (Static) = 0.007600 | Cell 2 (Plastic) = 0.006823
Trial: 416, Time:39.698s
Trial 416: Cell 1 (Static) = 0.007578 | Cell 2 (Plastic) = 0.006844
Trial: 417, Time:39.949s
Trial 417: Cell 1 (Static) = 0.007555 | Cell 2 (Plastic) = 0.006864
Trial: 418, Time:39.817s
Trial 418: Cell 1 (Static) = 0.007532 | Cell 2 (Plastic) = 0.006885
Trial: 419, Time:39.670s
Trial 419: Cell 1 (Static) = 0.007510 | Cell 2 (Plastic) = 0.006906
Trial: 420, Time:39.726s
Trial 420: Cell 1 (Static) = 0.007487 | Cell 2 (Plastic) = 0.006926
Trial: 421, Time:39.738s
Trial 421: Cell 1 (Static) = 0.007465 | Cell 2 (Plastic) = 0.006947
Trial: 422, Time:39.998s
Trial 422: Cell 1 (Static) = 0.007443 | Cell 2 (Plastic) = 0.006968
Trial: 423, Time:39.950s
Trial 423: Cell 1 (Static) = 0.007420 | Cell 2 (Plastic) = 0.006989
Trial: 424, Time:39.996s
Trial 424: Cell 1 (Static) = 0.007398 | Cell 2 (Plastic) = 0.007010
Trial: 425, Time:39.844s
Trial 425: Cell 1 (Static) = 0.007376 | Cell 2 (Plastic) = 0.007031
Trial: 426, Time:39.891s
Trial 426: Cell 1 (Static) = 0.007354 | Cell 2 (Plastic) = 0.007052
Trial: 427, Time:39.896s
Trial 427: Cell 1 (Static) = 0.007376 | Cell 2 (Plastic) = 0.007073
Trial: 428, Time:39.813s
Trial 428: Cell 1 (Static) = 0.007398 | Cell 2 (Plastic) = 0.007094
Trial: 429, Time:39.925s
Trial 429: Cell 1 (Static) = 0.007420 | Cell 2 (Plastic) = 0.007116
Trial: 430, Time:39.831s
Trial 430: Cell 1 (Static) = 0.007443 | Cell 2 (Plastic) = 0.007137
Trial: 431, Time:39.614s
Trial 431: Cell 1 (Static) = 0.007465 | Cell 2 (Plastic) = 0.007158
Trial: 432, Time:39.556s
Trial 432: Cell 1 (Static) = 0.007487 | Cell 2 (Plastic) = 0.007180
Trial: 433, Time:39.761s
Trial 433: Cell 1 (Static) = 0.007510 | Cell 2 (Plastic) = 0.007201
Trial: 434, Time:39.543s
Trial 434: Cell 1 (Static) = 0.007532 | Cell 2 (Plastic) = 0.007223
Trial: 435, Time:39.683s
Trial 435: Cell 1 (Static) = 0.007555 | Cell 2 (Plastic) = 0.007245
Trial: 436, Time:39.669s
Trial 436: Cell 1 (Static) = 0.007532 | Cell 2 (Plastic) = 0.007266
Trial: 437, Time:39.726s
Trial 437: Cell 1 (Static) = 0.007510 | Cell 2 (Plastic) = 0.007288
Trial: 438, Time:39.751s
Trial 438: Cell 1 (Static) = 0.007487 | Cell 2 (Plastic) = 0.007310
Trial: 439, Time:39.786s
Trial 439: Cell 1 (Static) = 0.007465 | Cell 2 (Plastic) = 0.007332
Trial: 440, Time:39.701s
Trial 440: Cell 1 (Static) = 0.007443 | Cell 2 (Plastic) = 0.007354
Trial: 441, Time:39.734s
Trial 441: Cell 1 (Static) = 0.007420 | Cell 2 (Plastic) = 0.007376
Trial: 442, Time:39.726s
Trial 442: Cell 1 (Static) = 0.007398 | Cell 2 (Plastic) = 0.007398
Trial: 443, Time:39.586s
Trial 443: Cell 1 (Static) = 0.007376 | Cell 2 (Plastic) = 0.007420
Trial: 444, Time:39.821s
Trial 444: Cell 1 (Static) = 0.007354 | Cell 2 (Plastic) = 0.007443
Trial: 445, Time:39.986s
Trial 445: Cell 1 (Static) = 0.007332 | Cell 2 (Plastic) = 0.007465
Trial: 446, Time:39.955s
Trial 446: Cell 1 (Static) = 0.007310 | Cell 2 (Plastic) = 0.007487
Trial: 447, Time:40.116s
Trial 447: Cell 1 (Static) = 0.007288 | Cell 2 (Plastic) = 0.007510
Trial: 448, Time:40.306s
Trial 448: Cell 1 (Static) = 0.007266 | Cell 2 (Plastic) = 0.007532
Trial: 449, Time:40.533s
Trial 449: Cell 1 (Static) = 0.007245 | Cell 2 (Plastic) = 0.007555
Trial: 450, Time:40.646s
Trial 450: Cell 1 (Static) = 0.007223 | Cell 2 (Plastic) = 0.007578
Trial: 451, Time:40.504s
Trial 451: Cell 1 (Static) = 0.007245 | Cell 2 (Plastic) = 0.007555
Trial: 452, Time:41.940s
Trial 452: Cell 1 (Static) = 0.007266 | Cell 2 (Plastic) = 0.007532
Trial: 453, Time:42.218s
Trial 453: Cell 1 (Static) = 0.007288 | Cell 2 (Plastic) = 0.007510
Trial: 454, Time:42.328s
Trial 454: Cell 1 (Static) = 0.007310 | Cell 2 (Plastic) = 0.007487
Trial: 455, Time:42.064s
Trial 455: Cell 1 (Static) = 0.007332 | Cell 2 (Plastic) = 0.007465
Trial: 456, Time:42.009s
Trial 456: Cell 1 (Static) = 0.007354 | Cell 2 (Plastic) = 0.007443
Trial: 457, Time:41.935s
Trial 457: Cell 1 (Static) = 0.007376 | Cell 2 (Plastic) = 0.007420
Trial: 458, Time:41.751s
Trial 458: Cell 1 (Static) = 0.007398 | Cell 2 (Plastic) = 0.007398
Trial: 459, Time:41.684s
Trial 459: Cell 1 (Static) = 0.007420 | Cell 2 (Plastic) = 0.007376
Trial: 460, Time:41.653s
Trial 460: Cell 1 (Static) = 0.007443 | Cell 2 (Plastic) = 0.007354
Trial: 461, Time:41.269s
Trial 461: Cell 1 (Static) = 0.007465 | Cell 2 (Plastic) = 0.007332
Trial: 462, Time:41.300s
Trial 462: Cell 1 (Static) = 0.007487 | Cell 2 (Plastic) = 0.007310
Trial: 463, Time:41.173s
Trial 463: Cell 1 (Static) = 0.007510 | Cell 2 (Plastic) = 0.007288
Trial: 464, Time:41.125s
Trial 464: Cell 1 (Static) = 0.007532 | Cell 2 (Plastic) = 0.007266
Trial: 465, Time:41.171s
Trial 465: Cell 1 (Static) = 0.007555 | Cell 2 (Plastic) = 0.007288
Trial: 466, Time:41.303s
Trial 466: Cell 1 (Static) = 0.007578 | Cell 2 (Plastic) = 0.007266
Trial: 467, Time:41.187s
Trial 467: Cell 1 (Static) = 0.007600 | Cell 2 (Plastic) = 0.007288
Trial: 468, Time:41.293s
Trial 468: Cell 1 (Static) = 0.007623 | Cell 2 (Plastic) = 0.007266
Trial: 469, Time:41.526s
Trial 469: Cell 1 (Static) = 0.007646 | Cell 2 (Plastic) = 0.007245
Trial: 470, Time:41.379s
Trial 470: Cell 1 (Static) = 0.007669 | Cell 2 (Plastic) = 0.007223
Trial: 471, Time:41.606s
Trial 471: Cell 1 (Static) = 0.007692 | Cell 2 (Plastic) = 0.007201
Trial: 472, Time:41.768s
Trial 472: Cell 1 (Static) = 0.007715 | Cell 2 (Plastic) = 0.007180
Trial: 473, Time:41.567s
Trial 473: Cell 1 (Static) = 0.007738 | Cell 2 (Plastic) = 0.007158
Trial: 474, Time:41.444s
Trial 474: Cell 1 (Static) = 0.007761 | Cell 2 (Plastic) = 0.007137
Trial: 475, Time:41.352s
Trial 475: Cell 1 (Static) = 0.007785 | Cell 2 (Plastic) = 0.007116
Trial: 476, Time:41.767s
Trial 476: Cell 1 (Static) = 0.007808 | Cell 2 (Plastic) = 0.007094
Trial: 477, Time:41.754s
Trial 477: Cell 1 (Static) = 0.007831 | Cell 2 (Plastic) = 0.007073
Trial: 478, Time:41.839s
Trial 478: Cell 1 (Static) = 0.007855 | Cell 2 (Plastic) = 0.007052
Trial: 479, Time:41.559s
Trial 479: Cell 1 (Static) = 0.007879 | Cell 2 (Plastic) = 0.007031
Trial: 480, Time:41.413s
Trial 480: Cell 1 (Static) = 0.007902 | Cell 2 (Plastic) = 0.007010
Trial: 481, Time:41.394s
Trial 481: Cell 1 (Static) = 0.007926 | Cell 2 (Plastic) = 0.006989
Trial: 482, Time:41.550s
Trial 482: Cell 1 (Static) = 0.007902 | Cell 2 (Plastic) = 0.006968
Trial: 483, Time:41.671s
Trial 483: Cell 1 (Static) = 0.007926 | Cell 2 (Plastic) = 0.006989
Trial: 484, Time:41.846s
Trial 484: Cell 1 (Static) = 0.007950 | Cell 2 (Plastic) = 0.007010
Trial: 485, Time:41.865s
Trial 485: Cell 1 (Static) = 0.007973 | Cell 2 (Plastic) = 0.007031
Trial: 486, Time:41.850s
Trial 486: Cell 1 (Static) = 0.007997 | Cell 2 (Plastic) = 0.007052
Trial: 487, Time:41.819s
Trial 487: Cell 1 (Static) = 0.008021 | Cell 2 (Plastic) = 0.007073
Trial: 488, Time:42.065s
Trial 488: Cell 1 (Static) = 0.008045 | Cell 2 (Plastic) = 0.007094
Trial: 489, Time:42.054s
Trial 489: Cell 1 (Static) = 0.008070 | Cell 2 (Plastic) = 0.007116
Trial: 490, Time:42.142s
Trial 490: Cell 1 (Static) = 0.008094 | Cell 2 (Plastic) = 0.007137
Trial: 491, Time:42.123s
Trial 491: Cell 1 (Static) = 0.008118 | Cell 2 (Plastic) = 0.007158
Trial: 492, Time:42.337s
Trial 492: Cell 1 (Static) = 0.008142 | Cell 2 (Plastic) = 0.007180
Trial: 493, Time:42.308s
Trial 493: Cell 1 (Static) = 0.008167 | Cell 2 (Plastic) = 0.007201
Trial: 494, Time:42.268s
Trial 494: Cell 1 (Static) = 0.008191 | Cell 2 (Plastic) = 0.007223
Trial: 495, Time:42.143s
Trial 495: Cell 1 (Static) = 0.008216 | Cell 2 (Plastic) = 0.007245
Trial: 496, Time:42.028s
Trial 496: Cell 1 (Static) = 0.008241 | Cell 2 (Plastic) = 0.007223
Trial: 497, Time:42.003s
Trial 497: Cell 1 (Static) = 0.008216 | Cell 2 (Plastic) = 0.007201
Trial: 498, Time:42.162s
Trial 498: Cell 1 (Static) = 0.008191 | Cell 2 (Plastic) = 0.007180
Trial: 499, Time:42.236s
Trial 499: Cell 1 (Static) = 0.008167 | Cell 2 (Plastic) = 0.007158
Trial: 500, Time:42.292s
Trial 500: Cell 1 (Static) = 0.008191 | Cell 2 (Plastic) = 0.007137
Trial: 501, Time:42.373s
Trial 501: Cell 1 (Static) = 0.008216 | Cell 2 (Plastic) = 0.007158
Trial: 502, Time:43.578s
Trial 502: Cell 1 (Static) = 0.008241 | Cell 2 (Plastic) = 0.007180
Trial: 503, Time:43.645s
Trial 503: Cell 1 (Static) = 0.008265 | Cell 2 (Plastic) = 0.007201
Trial: 504, Time:43.513s
Trial 504: Cell 1 (Static) = 0.008290 | Cell 2 (Plastic) = 0.007223
Trial: 505, Time:43.371s
Trial 505: Cell 1 (Static) = 0.008315 | Cell 2 (Plastic) = 0.007245
Trial: 506, Time:43.219s
Trial 506: Cell 1 (Static) = 0.008340 | Cell 2 (Plastic) = 0.007266
Trial: 507, Time:43.327s
Trial 507: Cell 1 (Static) = 0.008365 | Cell 2 (Plastic) = 0.007288
Trial: 508, Time:43.189s
Trial 508: Cell 1 (Static) = 0.008390 | Cell 2 (Plastic) = 0.007310
Trial: 509, Time:43.220s
Trial 509: Cell 1 (Static) = 0.008415 | Cell 2 (Plastic) = 0.007332
Trial: 510, Time:42.986s
Trial 510: Cell 1 (Static) = 0.008440 | Cell 2 (Plastic) = 0.007354
Trial: 511, Time:42.917s
Trial 511: Cell 1 (Static) = 0.008466 | Cell 2 (Plastic) = 0.007376
Trial: 512, Time:43.093s
Trial 512: Cell 1 (Static) = 0.008491 | Cell 2 (Plastic) = 0.007398
Trial: 513, Time:42.997s
Trial 513: Cell 1 (Static) = 0.008466 | Cell 2 (Plastic) = 0.007420
Trial: 514, Time:42.981s
Trial 514: Cell 1 (Static) = 0.008440 | Cell 2 (Plastic) = 0.007443
Trial: 515, Time:42.755s
Trial 515: Cell 1 (Static) = 0.008415 | Cell 2 (Plastic) = 0.007465
Trial: 516, Time:42.868s
Trial 516: Cell 1 (Static) = 0.008390 | Cell 2 (Plastic) = 0.007487
Trial: 517, Time:42.717s
Trial 517: Cell 1 (Static) = 0.008365 | Cell 2 (Plastic) = 0.007510
Trial: 518, Time:42.774s
Trial 518: Cell 1 (Static) = 0.008340 | Cell 2 (Plastic) = 0.007532
Trial: 519, Time:42.674s
Trial 519: Cell 1 (Static) = 0.008315 | Cell 2 (Plastic) = 0.007555
Trial: 520, Time:42.758s
Trial 520: Cell 1 (Static) = 0.008290 | Cell 2 (Plastic) = 0.007578
Trial: 521, Time:42.893s
Trial 521: Cell 1 (Static) = 0.008265 | Cell 2 (Plastic) = 0.007600
Trial: 522, Time:42.759s
Trial 522: Cell 1 (Static) = 0.008241 | Cell 2 (Plastic) = 0.007623
Trial: 523, Time:42.858s
Trial 523: Cell 1 (Static) = 0.008216 | Cell 2 (Plastic) = 0.007646
Trial: 524, Time:42.745s
Trial 524: Cell 1 (Static) = 0.008191 | Cell 2 (Plastic) = 0.007669
Trial: 525, Time:43.236s
Trial 525: Cell 1 (Static) = 0.008216 | Cell 2 (Plastic) = 0.007692
Trial: 526, Time:43.273s
Trial 526: Cell 1 (Static) = 0.008241 | Cell 2 (Plastic) = 0.007715
Trial: 527, Time:43.227s
Trial 527: Cell 1 (Static) = 0.008265 | Cell 2 (Plastic) = 0.007738
Trial: 528, Time:43.132s
Trial 528: Cell 1 (Static) = 0.008290 | Cell 2 (Plastic) = 0.007761
Trial: 529, Time:43.329s
Trial 529: Cell 1 (Static) = 0.008315 | Cell 2 (Plastic) = 0.007785
Trial: 530, Time:43.471s
Trial 530: Cell 1 (Static) = 0.008340 | Cell 2 (Plastic) = 0.007808
Trial: 531, Time:43.340s
Trial 531: Cell 1 (Static) = 0.008315 | Cell 2 (Plastic) = 0.007831
Trial: 532, Time:43.197s
Trial 532: Cell 1 (Static) = 0.008340 | Cell 2 (Plastic) = 0.007855
Trial: 533, Time:43.131s
Trial 533: Cell 1 (Static) = 0.008315 | Cell 2 (Plastic) = 0.007879
Trial: 534, Time:43.184s
Trial 534: Cell 1 (Static) = 0.008290 | Cell 2 (Plastic) = 0.007902
Trial: 535, Time:43.482s
Trial 535: Cell 1 (Static) = 0.008265 | Cell 2 (Plastic) = 0.007926
Trial: 536, Time:43.270s
Trial 536: Cell 1 (Static) = 0.008241 | Cell 2 (Plastic) = 0.007950
Trial: 537, Time:43.381s
Trial 537: Cell 1 (Static) = 0.008216 | Cell 2 (Plastic) = 0.007973
Trial: 538, Time:43.622s
Trial 538: Cell 1 (Static) = 0.008191 | Cell 2 (Plastic) = 0.007997
Trial: 539, Time:43.614s
Trial 539: Cell 1 (Static) = 0.008216 | Cell 2 (Plastic) = 0.008021
Trial: 540, Time:43.534s
Trial 540: Cell 1 (Static) = 0.008241 | Cell 2 (Plastic) = 0.008045
Trial: 541, Time:43.611s
Trial 541: Cell 1 (Static) = 0.008265 | Cell 2 (Plastic) = 0.008070
Trial: 542, Time:43.417s
Trial 542: Cell 1 (Static) = 0.008290 | Cell 2 (Plastic) = 0.008094
Trial: 543, Time:43.384s
Trial 543: Cell 1 (Static) = 0.008315 | Cell 2 (Plastic) = 0.008118
Trial: 544, Time:43.650s
Trial 544: Cell 1 (Static) = 0.008340 | Cell 2 (Plastic) = 0.008142
Trial: 545, Time:43.719s
Trial 545: Cell 1 (Static) = 0.008365 | Cell 2 (Plastic) = 0.008167
Trial: 546, Time:43.523s
Trial 546: Cell 1 (Static) = 0.008390 | Cell 2 (Plastic) = 0.008191
Trial: 547, Time:43.401s
Trial 547: Cell 1 (Static) = 0.008415 | Cell 2 (Plastic) = 0.008216
Trial: 548, Time:43.318s
Trial 548: Cell 1 (Static) = 0.008440 | Cell 2 (Plastic) = 0.008191
Trial: 549, Time:43.499s
Trial 549: Cell 1 (Static) = 0.008466 | Cell 2 (Plastic) = 0.008167
Trial: 550, Time:43.556s
Trial 550: Cell 1 (Static) = 0.008491 | Cell 2 (Plastic) = 0.008142
Trial: 551, Time:43.461s
Trial 551: Cell 1 (Static) = 0.008517 | Cell 2 (Plastic) = 0.008167
Trial: 552, Time:44.437s
Trial 552: Cell 1 (Static) = 0.008542 | Cell 2 (Plastic) = 0.008191
Trial: 553, Time:44.541s
Trial 553: Cell 1 (Static) = 0.008568 | Cell 2 (Plastic) = 0.008216
Trial: 554, Time:44.438s
Trial 554: Cell 1 (Static) = 0.008594 | Cell 2 (Plastic) = 0.008241
Trial: 555, Time:44.235s
Trial 555: Cell 1 (Static) = 0.008619 | Cell 2 (Plastic) = 0.008265
Trial: 556, Time:44.242s
Trial 556: Cell 1 (Static) = 0.008645 | Cell 2 (Plastic) = 0.008290
Trial: 557, Time:44.209s
Trial 557: Cell 1 (Static) = 0.008671 | Cell 2 (Plastic) = 0.008315
Trial: 558, Time:44.048s
Trial 558: Cell 1 (Static) = 0.008697 | Cell 2 (Plastic) = 0.008340
Trial: 559, Time:43.681s
Trial 559: Cell 1 (Static) = 0.008723 | Cell 2 (Plastic) = 0.008365
Trial: 560, Time:43.492s
Trial 560: Cell 1 (Static) = 0.008749 | Cell 2 (Plastic) = 0.008390
Trial: 561, Time:43.521s
Trial 561: Cell 1 (Static) = 0.008776 | Cell 2 (Plastic) = 0.008415
Trial: 562, Time:43.575s
Trial 562: Cell 1 (Static) = 0.008802 | Cell 2 (Plastic) = 0.008440
Trial: 563, Time:43.520s
Trial 563: Cell 1 (Static) = 0.008828 | Cell 2 (Plastic) = 0.008466
Trial: 564, Time:43.518s
Trial 564: Cell 1 (Static) = 0.008855 | Cell 2 (Plastic) = 0.008491
Trial: 565, Time:43.517s
Trial 565: Cell 1 (Static) = 0.008881 | Cell 2 (Plastic) = 0.008517
Trial: 566, Time:43.474s
Trial 566: Cell 1 (Static) = 0.008908 | Cell 2 (Plastic) = 0.008542
Trial: 567, Time:43.441s
Trial 567: Cell 1 (Static) = 0.008935 | Cell 2 (Plastic) = 0.008568
Trial: 568, Time:43.374s
Trial 568: Cell 1 (Static) = 0.008962 | Cell 2 (Plastic) = 0.008594
Trial: 569, Time:43.349s
Trial 569: Cell 1 (Static) = 0.008988 | Cell 2 (Plastic) = 0.008619
Trial: 570, Time:43.484s
Trial 570: Cell 1 (Static) = 0.009015 | Cell 2 (Plastic) = 0.008645
Trial: 571, Time:43.593s
Trial 571: Cell 1 (Static) = 0.009042 | Cell 2 (Plastic) = 0.008671
Trial: 572, Time:43.691s
Trial 572: Cell 1 (Static) = 0.009070 | Cell 2 (Plastic) = 0.008697
Trial: 573, Time:43.611s
Trial 573: Cell 1 (Static) = 0.009097 | Cell 2 (Plastic) = 0.008723
Trial: 574, Time:43.562s
Trial 574: Cell 1 (Static) = 0.009070 | Cell 2 (Plastic) = 0.008749
Trial: 575, Time:43.621s
Trial 575: Cell 1 (Static) = 0.009042 | Cell 2 (Plastic) = 0.008776
Trial: 576, Time:43.660s
Trial 576: Cell 1 (Static) = 0.009015 | Cell 2 (Plastic) = 0.008802
Trial: 577, Time:43.742s
Trial 577: Cell 1 (Static) = 0.009042 | Cell 2 (Plastic) = 0.008776
Trial: 578, Time:43.582s
Trial 578: Cell 1 (Static) = 0.009070 | Cell 2 (Plastic) = 0.008749
Trial: 579, Time:43.585s
Trial 579: Cell 1 (Static) = 0.009097 | Cell 2 (Plastic) = 0.008723
Trial: 580, Time:43.409s
Trial 580: Cell 1 (Static) = 0.009124 | Cell 2 (Plastic) = 0.008697
Trial: 581, Time:43.530s
Trial 581: Cell 1 (Static) = 0.009151 | Cell 2 (Plastic) = 0.008671
Trial: 582, Time:43.620s
Trial 582: Cell 1 (Static) = 0.009179 | Cell 2 (Plastic) = 0.008697
Trial: 583, Time:43.752s
Trial 583: Cell 1 (Static) = 0.009206 | Cell 2 (Plastic) = 0.008723
Trial: 584, Time:43.656s
Trial 584: Cell 1 (Static) = 0.009234 | Cell 2 (Plastic) = 0.008697
Trial: 585, Time:43.722s
Trial 585: Cell 1 (Static) = 0.009262 | Cell 2 (Plastic) = 0.008723
Trial: 586, Time:43.822s
Trial 586: Cell 1 (Static) = 0.009290 | Cell 2 (Plastic) = 0.008697
Trial: 587, Time:43.728s
Trial 587: Cell 1 (Static) = 0.009317 | Cell 2 (Plastic) = 0.008671
Trial: 588, Time:44.215s
Trial 588: Cell 1 (Static) = 0.009345 | Cell 2 (Plastic) = 0.008645
Trial: 589, Time:44.071s
Trial 589: Cell 1 (Static) = 0.009373 | Cell 2 (Plastic) = 0.008619
Trial: 590, Time:44.237s
Trial 590: Cell 1 (Static) = 0.009402 | Cell 2 (Plastic) = 0.008594
Trial: 591, Time:44.134s
Trial 591: Cell 1 (Static) = 0.009430 | Cell 2 (Plastic) = 0.008568
Trial: 592, Time:44.179s
Trial 592: Cell 1 (Static) = 0.009458 | Cell 2 (Plastic) = 0.008594
Trial: 593, Time:44.121s
Trial 593: Cell 1 (Static) = 0.009486 | Cell 2 (Plastic) = 0.008619
Trial: 594, Time:44.698s
Trial 594: Cell 1 (Static) = 0.009515 | Cell 2 (Plastic) = 0.008645
Trial: 595, Time:44.275s
Trial 595: Cell 1 (Static) = 0.009543 | Cell 2 (Plastic) = 0.008671
Trial: 596, Time:44.164s
Trial 596: Cell 1 (Static) = 0.009572 | Cell 2 (Plastic) = 0.008697
Trial: 597, Time:44.223s
Trial 597: Cell 1 (Static) = 0.009601 | Cell 2 (Plastic) = 0.008723
Trial: 598, Time:44.065s
Trial 598: Cell 1 (Static) = 0.009630 | Cell 2 (Plastic) = 0.008749
Trial: 599, Time:44.275s
Trial 599: Cell 1 (Static) = 0.009658 | Cell 2 (Plastic) = 0.008776
Trial: 600, Time:45.034s
Trial 600: Cell 1 (Static) = 0.009687 | Cell 2 (Plastic) = 0.008802
Trial: 601, Time:44.400s
Trial 601: Cell 1 (Static) = 0.009658 | Cell 2 (Plastic) = 0.008828
Trial: 602, Time:45.497s
Trial 602: Cell 1 (Static) = 0.009630 | Cell 2 (Plastic) = 0.008855
Trial: 603, Time:45.678s
Trial 603: Cell 1 (Static) = 0.009601 | Cell 2 (Plastic) = 0.008881
Trial: 604, Time:45.523s
Trial 604: Cell 1 (Static) = 0.009572 | Cell 2 (Plastic) = 0.008908
Trial: 605, Time:45.166s
Trial 605: Cell 1 (Static) = 0.009543 | Cell 2 (Plastic) = 0.008935
Trial: 606, Time:45.211s
Trial 606: Cell 1 (Static) = 0.009515 | Cell 2 (Plastic) = 0.008962
Trial: 607, Time:45.163s
Trial 607: Cell 1 (Static) = 0.009486 | Cell 2 (Plastic) = 0.008988
Trial: 608, Time:45.119s
Trial 608: Cell 1 (Static) = 0.009458 | Cell 2 (Plastic) = 0.009015
Trial: 609, Time:45.103s
Trial 609: Cell 1 (Static) = 0.009430 | Cell 2 (Plastic) = 0.009042
Trial: 610, Time:45.004s
Trial 610: Cell 1 (Static) = 0.009402 | Cell 2 (Plastic) = 0.009015
Trial: 611, Time:45.585s
Trial 611: Cell 1 (Static) = 0.009373 | Cell 2 (Plastic) = 0.008988
Trial: 612, Time:44.924s
Trial 612: Cell 1 (Static) = 0.009345 | Cell 2 (Plastic) = 0.008962
Trial: 613, Time:44.909s
Trial 613: Cell 1 (Static) = 0.009317 | Cell 2 (Plastic) = 0.008935
Trial: 614, Time:44.666s
Trial 614: Cell 1 (Static) = 0.009290 | Cell 2 (Plastic) = 0.008962
Trial: 615, Time:45.094s
Trial 615: Cell 1 (Static) = 0.009262 | Cell 2 (Plastic) = 0.008988
Trial: 616, Time:45.137s
Trial 616: Cell 1 (Static) = 0.009234 | Cell 2 (Plastic) = 0.009015
Trial: 617, Time:45.364s
Trial 617: Cell 1 (Static) = 0.009206 | Cell 2 (Plastic) = 0.009042
Trial: 618, Time:45.159s
Trial 618: Cell 1 (Static) = 0.009179 | Cell 2 (Plastic) = 0.009070
Trial: 619, Time:45.102s
Trial 619: Cell 1 (Static) = 0.009151 | Cell 2 (Plastic) = 0.009097
Trial: 620, Time:45.056s
Trial 620: Cell 1 (Static) = 0.009124 | Cell 2 (Plastic) = 0.009124
Trial: 621, Time:45.227s
Trial 621: Cell 1 (Static) = 0.009097 | Cell 2 (Plastic) = 0.009151
Trial: 622, Time:45.962s
Trial 622: Cell 1 (Static) = 0.009070 | Cell 2 (Plastic) = 0.009179
Trial: 623, Time:45.357s
Trial 623: Cell 1 (Static) = 0.009042 | Cell 2 (Plastic) = 0.009206
Trial: 624, Time:45.248s
Trial 624: Cell 1 (Static) = 0.009015 | Cell 2 (Plastic) = 0.009234
Trial: 625, Time:45.289s
Trial 625: Cell 1 (Static) = 0.008988 | Cell 2 (Plastic) = 0.009262
Trial: 626, Time:45.196s
Trial 626: Cell 1 (Static) = 0.008962 | Cell 2 (Plastic) = 0.009290
Trial: 627, Time:45.241s
Trial 627: Cell 1 (Static) = 0.008935 | Cell 2 (Plastic) = 0.009317
Trial: 628, Time:45.662s
Trial 628: Cell 1 (Static) = 0.008908 | Cell 2 (Plastic) = 0.009345
Trial: 629, Time:45.143s
Trial 629: Cell 1 (Static) = 0.008881 | Cell 2 (Plastic) = 0.009317
Trial: 630, Time:45.184s
Trial 630: Cell 1 (Static) = 0.008855 | Cell 2 (Plastic) = 0.009290
Trial: 631, Time:45.206s
Trial 631: Cell 1 (Static) = 0.008828 | Cell 2 (Plastic) = 0.009290
Trial: 632, Time:45.221s
Trial 632: Cell 1 (Static) = 0.008855 | Cell 2 (Plastic) = 0.009317
Trial: 633, Time:45.346s
Trial 633: Cell 1 (Static) = 0.008881 | Cell 2 (Plastic) = 0.009345
Trial: 634, Time:45.204s
Trial 634: Cell 1 (Static) = 0.008908 | Cell 2 (Plastic) = 0.009373
Trial: 635, Time:45.256s
Trial 635: Cell 1 (Static) = 0.008935 | Cell 2 (Plastic) = 0.009402
Trial: 636, Time:45.269s
Trial 636: Cell 1 (Static) = 0.008962 | Cell 2 (Plastic) = 0.009430
Trial: 637, Time:45.138s
Trial 637: Cell 1 (Static) = 0.008988 | Cell 2 (Plastic) = 0.009458
Trial: 638, Time:45.392s
Trial 638: Cell 1 (Static) = 0.009015 | Cell 2 (Plastic) = 0.009486
Trial: 639, Time:46.136s
Trial 639: Cell 1 (Static) = 0.009042 | Cell 2 (Plastic) = 0.009458
Trial: 640, Time:45.601s
Trial 640: Cell 1 (Static) = 0.009070 | Cell 2 (Plastic) = 0.009430
Trial: 641, Time:45.439s
Trial 641: Cell 1 (Static) = 0.009042 | Cell 2 (Plastic) = 0.009402
Trial: 642, Time:45.471s
Trial 642: Cell 1 (Static) = 0.009015 | Cell 2 (Plastic) = 0.009430
Trial: 643, Time:45.549s
Trial 643: Cell 1 (Static) = 0.008988 | Cell 2 (Plastic) = 0.009458
Trial: 644, Time:45.555s
Trial 644: Cell 1 (Static) = 0.008962 | Cell 2 (Plastic) = 0.009486
Trial: 645, Time:45.679s
Trial 645: Cell 1 (Static) = 0.008935 | Cell 2 (Plastic) = 0.009515
Trial: 646, Time:45.588s
Trial 646: Cell 1 (Static) = 0.008908 | Cell 2 (Plastic) = 0.009543
Trial: 647, Time:45.746s
Trial 647: Cell 1 (Static) = 0.008881 | Cell 2 (Plastic) = 0.009515
Trial: 648, Time:45.785s
Trial 648: Cell 1 (Static) = 0.008908 | Cell 2 (Plastic) = 0.009486
Trial: 649, Time:45.825s
Trial 649: Cell 1 (Static) = 0.008935 | Cell 2 (Plastic) = 0.009458
Trial: 650, Time:45.553s
Trial 650: Cell 1 (Static) = 0.008962 | Cell 2 (Plastic) = 0.009430
Trial: 651, Time:45.559s
Trial 651: Cell 1 (Static) = 0.008935 | Cell 2 (Plastic) = 0.009458
Trial: 652, Time:46.107s
Trial 652: Cell 1 (Static) = 0.008908 | Cell 2 (Plastic) = 0.009486
Trial: 653, Time:46.377s
Trial 653: Cell 1 (Static) = 0.008881 | Cell 2 (Plastic) = 0.009515
Trial: 654, Time:46.311s
Trial 654: Cell 1 (Static) = 0.008855 | Cell 2 (Plastic) = 0.009543
Trial: 655, Time:46.071s
Trial 655: Cell 1 (Static) = 0.008828 | Cell 2 (Plastic) = 0.009572
Trial: 656, Time:45.985s
Trial 656: Cell 1 (Static) = 0.008802 | Cell 2 (Plastic) = 0.009601
Trial: 657, Time:45.947s
Trial 657: Cell 1 (Static) = 0.008776 | Cell 2 (Plastic) = 0.009630
Trial: 658, Time:45.784s
Trial 658: Cell 1 (Static) = 0.008749 | Cell 2 (Plastic) = 0.009658
Trial: 659, Time:45.517s
Trial 659: Cell 1 (Static) = 0.008723 | Cell 2 (Plastic) = 0.009687
Trial: 660, Time:45.670s
Trial 660: Cell 1 (Static) = 0.008697 | Cell 2 (Plastic) = 0.009717
Trial: 661, Time:45.666s
Trial 661: Cell 1 (Static) = 0.008671 | Cell 2 (Plastic) = 0.009746
Trial: 662, Time:45.509s
Trial 662: Cell 1 (Static) = 0.008645 | Cell 2 (Plastic) = 0.009775
Trial: 663, Time:45.383s
Trial 663: Cell 1 (Static) = 0.008619 | Cell 2 (Plastic) = 0.009804
Trial: 664, Time:45.419s
Trial 664: Cell 1 (Static) = 0.008594 | Cell 2 (Plastic) = 0.009834
Trial: 665, Time:45.737s
Trial 665: Cell 1 (Static) = 0.008568 | Cell 2 (Plastic) = 0.009863
Trial: 666, Time:45.826s
Trial 666: Cell 1 (Static) = 0.008594 | Cell 2 (Plastic) = 0.009893
Trial: 667, Time:45.831s
Trial 667: Cell 1 (Static) = 0.008619 | Cell 2 (Plastic) = 0.009922
Trial: 668, Time:45.696s
Trial 668: Cell 1 (Static) = 0.008645 | Cell 2 (Plastic) = 0.009952
Trial: 669, Time:45.691s
Trial 669: Cell 1 (Static) = 0.008671 | Cell 2 (Plastic) = 0.009982
Trial: 670, Time:45.634s
Trial 670: Cell 1 (Static) = 0.008697 | Cell 2 (Plastic) = 0.010012
Trial: 671, Time:45.698s
Trial 671: Cell 1 (Static) = 0.008723 | Cell 2 (Plastic) = 0.010042
Trial: 672, Time:45.469s
Trial 672: Cell 1 (Static) = 0.008749 | Cell 2 (Plastic) = 0.010072
Trial: 673, Time:45.486s
Trial 673: Cell 1 (Static) = 0.008776 | Cell 2 (Plastic) = 0.010102
Trial: 674, Time:46.056s
Trial 674: Cell 1 (Static) = 0.008802 | Cell 2 (Plastic) = 0.010133
Trial: 675, Time:45.349s
Trial 675: Cell 1 (Static) = 0.008828 | Cell 2 (Plastic) = 0.010163
Trial: 676, Time:45.330s
Trial 676: Cell 1 (Static) = 0.008802 | Cell 2 (Plastic) = 0.010194
Trial: 677, Time:45.547s
Trial 677: Cell 1 (Static) = 0.008776 | Cell 2 (Plastic) = 0.010224
Trial: 678, Time:45.788s
Trial 678: Cell 1 (Static) = 0.008749 | Cell 2 (Plastic) = 0.010255
Trial: 679, Time:45.690s
Trial 679: Cell 1 (Static) = 0.008723 | Cell 2 (Plastic) = 0.010286
Trial: 680, Time:45.776s
Trial 680: Cell 1 (Static) = 0.008697 | Cell 2 (Plastic) = 0.010255
Trial: 681, Time:45.628s
Trial 681: Cell 1 (Static) = 0.008723 | Cell 2 (Plastic) = 0.010224
Trial: 682, Time:45.662s
Trial 682: Cell 1 (Static) = 0.008749 | Cell 2 (Plastic) = 0.010194
Trial: 683, Time:45.795s
Trial 683: Cell 1 (Static) = 0.008776 | Cell 2 (Plastic) = 0.010163
Trial: 684, Time:45.660s
Trial 684: Cell 1 (Static) = 0.008802 | Cell 2 (Plastic) = 0.010133
Trial: 685, Time:45.620s
Trial 685: Cell 1 (Static) = 0.008828 | Cell 2 (Plastic) = 0.010102
Trial: 686, Time:45.467s
Trial 686: Cell 1 (Static) = 0.008802 | Cell 2 (Plastic) = 0.010072
Trial: 687, Time:46.139s
Trial 687: Cell 1 (Static) = 0.008776 | Cell 2 (Plastic) = 0.010042
Trial: 688, Time:45.666s
Trial 688: Cell 1 (Static) = 0.008802 | Cell 2 (Plastic) = 0.010072
Trial: 689, Time:45.852s
Trial 689: Cell 1 (Static) = 0.008776 | Cell 2 (Plastic) = 0.010102
Trial: 690, Time:45.972s
Trial 690: Cell 1 (Static) = 0.008749 | Cell 2 (Plastic) = 0.010133
Trial: 691, Time:45.970s
Trial 691: Cell 1 (Static) = 0.008776 | Cell 2 (Plastic) = 0.010163
Trial: 692, Time:46.042s
Trial 692: Cell 1 (Static) = 0.008749 | Cell 2 (Plastic) = 0.010194
Trial: 693, Time:45.972s
Trial 693: Cell 1 (Static) = 0.008776 | Cell 2 (Plastic) = 0.010224
Trial: 694, Time:46.027s
Trial 694: Cell 1 (Static) = 0.008802 | Cell 2 (Plastic) = 0.010255
Trial: 695, Time:45.975s
Trial 695: Cell 1 (Static) = 0.008776 | Cell 2 (Plastic) = 0.010286
Trial: 696, Time:46.769s
Trial 696: Cell 1 (Static) = 0.008749 | Cell 2 (Plastic) = 0.010316
Trial: 697, Time:46.218s
Trial 697: Cell 1 (Static) = 0.008723 | Cell 2 (Plastic) = 0.010347
Trial: 698, Time:46.318s
Trial 698: Cell 1 (Static) = 0.008697 | Cell 2 (Plastic) = 0.010378
Trial: 699, Time:46.148s
Trial 699: Cell 1 (Static) = 0.008723 | Cell 2 (Plastic) = 0.010410
Trial: 700, Time:46.082s
Trial 700: Cell 1 (Static) = 0.008749 | Cell 2 (Plastic) = 0.010441
Trial: 701, Time:46.122s
Trial 701: Cell 1 (Static) = 0.008776 | Cell 2 (Plastic) = 0.010472
Trial: 702, Time:47.030s
Trial 702: Cell 1 (Static) = 0.008802 | Cell 2 (Plastic) = 0.010504
Trial: 703, Time:47.636s
Trial 703: Cell 1 (Static) = 0.008828 | Cell 2 (Plastic) = 0.010535
Trial: 704, Time:47.428s
Trial 704: Cell 1 (Static) = 0.008855 | Cell 2 (Plastic) = 0.010567
Trial: 705, Time:47.080s
Trial 705: Cell 1 (Static) = 0.008881 | Cell 2 (Plastic) = 0.010598
Trial: 706, Time:46.949s
Trial 706: Cell 1 (Static) = 0.008908 | Cell 2 (Plastic) = 0.010630
Trial: 707, Time:46.888s
Trial 707: Cell 1 (Static) = 0.008935 | Cell 2 (Plastic) = 0.010662
Trial: 708, Time:46.744s
Trial 708: Cell 1 (Static) = 0.008962 | Cell 2 (Plastic) = 0.010694
Trial: 709, Time:46.947s
Trial 709: Cell 1 (Static) = 0.008988 | Cell 2 (Plastic) = 0.010726
Trial: 710, Time:46.771s
Trial 710: Cell 1 (Static) = 0.009015 | Cell 2 (Plastic) = 0.010758
Trial: 711, Time:47.116s
Trial 711: Cell 1 (Static) = 0.009042 | Cell 2 (Plastic) = 0.010791
Trial: 712, Time:47.057s
Trial 712: Cell 1 (Static) = 0.009070 | Cell 2 (Plastic) = 0.010823
Trial: 713, Time:46.746s
Trial 713: Cell 1 (Static) = 0.009097 | Cell 2 (Plastic) = 0.010855
Trial: 714, Time:46.543s
Trial 714: Cell 1 (Static) = 0.009070 | Cell 2 (Plastic) = 0.010888
Trial: 715, Time:46.634s
Trial 715: Cell 1 (Static) = 0.009097 | Cell 2 (Plastic) = 0.010921
Trial: 716, Time:46.822s
Trial 716: Cell 1 (Static) = 0.009124 | Cell 2 (Plastic) = 0.010953
Trial: 717, Time:46.239s
Trial 717: Cell 1 (Static) = 0.009151 | Cell 2 (Plastic) = 0.010986
Trial: 718, Time:46.335s
Trial 718: Cell 1 (Static) = 0.009179 | Cell 2 (Plastic) = 0.010953
Trial: 719, Time:46.618s
Trial 719: Cell 1 (Static) = 0.009206 | Cell 2 (Plastic) = 0.010921
Trial: 720, Time:46.365s
Trial 720: Cell 1 (Static) = 0.009234 | Cell 2 (Plastic) = 0.010888
Trial: 721, Time:46.319s
Trial 721: Cell 1 (Static) = 0.009262 | Cell 2 (Plastic) = 0.010921
Trial: 722, Time:46.720s
Trial 722: Cell 1 (Static) = 0.009290 | Cell 2 (Plastic) = 0.010953
Trial: 723, Time:46.744s
Trial 723: Cell 1 (Static) = 0.009317 | Cell 2 (Plastic) = 0.010986
Trial: 724, Time:46.753s
Trial 724: Cell 1 (Static) = 0.009345 | Cell 2 (Plastic) = 0.011019
Trial: 725, Time:46.757s
Trial 725: Cell 1 (Static) = 0.009373 | Cell 2 (Plastic) = 0.011052
Trial: 726, Time:46.685s
Trial 726: Cell 1 (Static) = 0.009402 | Cell 2 (Plastic) = 0.011085
Trial: 727, Time:46.651s
Trial 727: Cell 1 (Static) = 0.009430 | Cell 2 (Plastic) = 0.011119
Trial: 728, Time:46.479s
Trial 728: Cell 1 (Static) = 0.009458 | Cell 2 (Plastic) = 0.011152
Trial: 729, Time:46.540s
Trial 729: Cell 1 (Static) = 0.009430 | Cell 2 (Plastic) = 0.011185
Trial: 730, Time:46.501s
Trial 730: Cell 1 (Static) = 0.009402 | Cell 2 (Plastic) = 0.011152
Trial: 731, Time:46.214s
Trial 731: Cell 1 (Static) = 0.009373 | Cell 2 (Plastic) = 0.011185
Trial: 732, Time:46.444s
Trial 732: Cell 1 (Static) = 0.009345 | Cell 2 (Plastic) = 0.011219
Trial: 733, Time:47.211s
Trial 733: Cell 1 (Static) = 0.009317 | Cell 2 (Plastic) = 0.011253
Trial: 734, Time:46.510s
Trial 734: Cell 1 (Static) = 0.009290 | Cell 2 (Plastic) = 0.011286
Trial: 735, Time:46.628s
Trial 735: Cell 1 (Static) = 0.009262 | Cell 2 (Plastic) = 0.011320
Trial: 736, Time:46.668s
Trial 736: Cell 1 (Static) = 0.009234 | Cell 2 (Plastic) = 0.011354
Trial: 737, Time:46.835s
Trial 737: Cell 1 (Static) = 0.009206 | Cell 2 (Plastic) = 0.011320
Trial: 738, Time:46.828s
Trial 738: Cell 1 (Static) = 0.009234 | Cell 2 (Plastic) = 0.011286
Trial: 739, Time:46.790s
Trial 739: Cell 1 (Static) = 0.009262 | Cell 2 (Plastic) = 0.011253
Trial: 740, Time:47.277s
Trial 740: Cell 1 (Static) = 0.009290 | Cell 2 (Plastic) = 0.011219
Trial: 741, Time:47.375s
Trial 741: Cell 1 (Static) = 0.009317 | Cell 2 (Plastic) = 0.011185
Trial: 742, Time:47.397s
Trial 742: Cell 1 (Static) = 0.009290 | Cell 2 (Plastic) = 0.011152
Trial: 743, Time:47.506s
Trial 743: Cell 1 (Static) = 0.009317 | Cell 2 (Plastic) = 0.011119
Trial: 744, Time:46.931s
Trial 744: Cell 1 (Static) = 0.009345 | Cell 2 (Plastic) = 0.011085
Trial: 745, Time:46.913s
Trial 745: Cell 1 (Static) = 0.009373 | Cell 2 (Plastic) = 0.011052
Trial: 746, Time:46.826s
Trial 746: Cell 1 (Static) = 0.009402 | Cell 2 (Plastic) = 0.011085
Trial: 747, Time:47.057s
Trial 747: Cell 1 (Static) = 0.009430 | Cell 2 (Plastic) = 0.011052
Trial: 748, Time:47.086s
Trial 748: Cell 1 (Static) = 0.009458 | Cell 2 (Plastic) = 0.011019
Trial: 749, Time:46.783s
Trial 749: Cell 1 (Static) = 0.009486 | Cell 2 (Plastic) = 0.010986
Trial: 750, Time:46.872s
Trial 750: Cell 1 (Static) = 0.009515 | Cell 2 (Plastic) = 0.010953
Trial: 751, Time:46.918s
Trial 751: Cell 1 (Static) = 0.009486 | Cell 2 (Plastic) = 0.010986
Trial: 752, Time:47.792s
Trial 752: Cell 1 (Static) = 0.009515 | Cell 2 (Plastic) = 0.011019
Trial: 753, Time:48.309s
Trial 753: Cell 1 (Static) = 0.009543 | Cell 2 (Plastic) = 0.011052
Trial: 754, Time:48.602s
Trial 754: Cell 1 (Static) = 0.009572 | Cell 2 (Plastic) = 0.011085
Trial: 755, Time:48.440s
Trial 755: Cell 1 (Static) = 0.009601 | Cell 2 (Plastic) = 0.011119
Trial: 756, Time:48.299s
Trial 756: Cell 1 (Static) = 0.009572 | Cell 2 (Plastic) = 0.011152
Trial: 757, Time:47.651s
Trial 757: Cell 1 (Static) = 0.009543 | Cell 2 (Plastic) = 0.011185
Trial: 758, Time:47.509s
Trial 758: Cell 1 (Static) = 0.009515 | Cell 2 (Plastic) = 0.011219
Trial: 759, Time:47.740s
Trial 759: Cell 1 (Static) = 0.009486 | Cell 2 (Plastic) = 0.011253
Trial: 760, Time:47.496s
Trial 760: Cell 1 (Static) = 0.009458 | Cell 2 (Plastic) = 0.011286
Trial: 761, Time:47.462s
Trial 761: Cell 1 (Static) = 0.009430 | Cell 2 (Plastic) = 0.011320
Trial: 762, Time:47.494s
Trial 762: Cell 1 (Static) = 0.009402 | Cell 2 (Plastic) = 0.011354
Trial: 763, Time:47.304s
Trial 763: Cell 1 (Static) = 0.009430 | Cell 2 (Plastic) = 0.011320
Trial: 764, Time:47.236s
Trial 764: Cell 1 (Static) = 0.009458 | Cell 2 (Plastic) = 0.011286
Trial: 765, Time:47.281s
Trial 765: Cell 1 (Static) = 0.009486 | Cell 2 (Plastic) = 0.011253
Trial: 766, Time:47.354s
Trial 766: Cell 1 (Static) = 0.009515 | Cell 2 (Plastic) = 0.011219
Trial: 767, Time:47.088s
Trial 767: Cell 1 (Static) = 0.009486 | Cell 2 (Plastic) = 0.011185
Trial: 768, Time:47.276s
Trial 768: Cell 1 (Static) = 0.009515 | Cell 2 (Plastic) = 0.011219
Trial: 769, Time:47.369s
Trial 769: Cell 1 (Static) = 0.009543 | Cell 2 (Plastic) = 0.011253
Trial: 770, Time:47.260s
Trial 770: Cell 1 (Static) = 0.009572 | Cell 2 (Plastic) = 0.011286
Trial: 771, Time:47.388s
Trial 771: Cell 1 (Static) = 0.009601 | Cell 2 (Plastic) = 0.011286
Trial: 772, Time:47.314s
Trial 772: Cell 1 (Static) = 0.009630 | Cell 2 (Plastic) = 0.011320
Trial: 773, Time:47.169s
Trial 773: Cell 1 (Static) = 0.009601 | Cell 2 (Plastic) = 0.011286
Trial: 774, Time:47.236s
Trial 774: Cell 1 (Static) = 0.009572 | Cell 2 (Plastic) = 0.011253
Trial: 775, Time:47.380s
Trial 775: Cell 1 (Static) = 0.009543 | Cell 2 (Plastic) = 0.011219
Trial: 776, Time:47.318s
Trial 776: Cell 1 (Static) = 0.009572 | Cell 2 (Plastic) = 0.011185
Trial: 777, Time:47.469s
Trial 777: Cell 1 (Static) = 0.009601 | Cell 2 (Plastic) = 0.011152
Trial: 778, Time:47.382s
Trial 778: Cell 1 (Static) = 0.009572 | Cell 2 (Plastic) = 0.011119
Trial: 779, Time:47.269s
Trial 779: Cell 1 (Static) = 0.009543 | Cell 2 (Plastic) = 0.011085
Trial: 780, Time:47.377s
Trial 780: Cell 1 (Static) = 0.009515 | Cell 2 (Plastic) = 0.011052
Trial: 781, Time:47.489s
Trial 781: Cell 1 (Static) = 0.009543 | Cell 2 (Plastic) = 0.011085
Trial: 782, Time:47.423s
Trial 782: Cell 1 (Static) = 0.009572 | Cell 2 (Plastic) = 0.011119
Trial: 783, Time:47.529s
Trial 783: Cell 1 (Static) = 0.009601 | Cell 2 (Plastic) = 0.011152
Trial: 784, Time:47.519s
Trial 784: Cell 1 (Static) = 0.009630 | Cell 2 (Plastic) = 0.011185
Trial: 785, Time:47.387s
Trial 785: Cell 1 (Static) = 0.009658 | Cell 2 (Plastic) = 0.011219
Trial: 786, Time:47.477s
Trial 786: Cell 1 (Static) = 0.009687 | Cell 2 (Plastic) = 0.011185
Trial: 787, Time:47.562s
Trial 787: Cell 1 (Static) = 0.009658 | Cell 2 (Plastic) = 0.011152
Trial: 788, Time:47.765s
Trial 788: Cell 1 (Static) = 0.009630 | Cell 2 (Plastic) = 0.011185
Trial: 789, Time:47.834s
Trial 789: Cell 1 (Static) = 0.009601 | Cell 2 (Plastic) = 0.011219
Trial: 790, Time:47.839s
Trial 790: Cell 1 (Static) = 0.009572 | Cell 2 (Plastic) = 0.011253
Trial: 791, Time:47.614s
Trial 791: Cell 1 (Static) = 0.009601 | Cell 2 (Plastic) = 0.011219
Trial: 792, Time:47.609s
Trial 792: Cell 1 (Static) = 0.009630 | Cell 2 (Plastic) = 0.011185
Trial: 793, Time:47.735s
Trial 793: Cell 1 (Static) = 0.009658 | Cell 2 (Plastic) = 0.011152
Trial: 794, Time:47.546s
Trial 794: Cell 1 (Static) = 0.009630 | Cell 2 (Plastic) = 0.011119
Trial: 795, Time:47.775s
Trial 795: Cell 1 (Static) = 0.009601 | Cell 2 (Plastic) = 0.011152
Trial: 796, Time:47.516s
Trial 796: Cell 1 (Static) = 0.009572 | Cell 2 (Plastic) = 0.011185
Trial: 797, Time:47.457s
Trial 797: Cell 1 (Static) = 0.009543 | Cell 2 (Plastic) = 0.011219
Trial: 798, Time:47.455s
Trial 798: Cell 1 (Static) = 0.009515 | Cell 2 (Plastic) = 0.011253
Trial: 799, Time:47.534s
Trial 799: Cell 1 (Static) = 0.009486 | Cell 2 (Plastic) = 0.011286
Trial: 800, Time:47.396s
Trial 800: Cell 1 (Static) = 0.009458 | Cell 2 (Plastic) = 0.011320
Trial: 801, Time:47.571s
Trial 801: Cell 1 (Static) = 0.009486 | Cell 2 (Plastic) = 0.011286
Trial: 802, Time:48.869s
Trial 802: Cell 1 (Static) = 0.009515 | Cell 2 (Plastic) = 0.011253
Trial: 803, Time:48.703s
Trial 803: Cell 1 (Static) = 0.009543 | Cell 2 (Plastic) = 0.011219
Trial: 804, Time:48.733s
Trial 804: Cell 1 (Static) = 0.009572 | Cell 2 (Plastic) = 0.011253
Trial: 805, Time:48.506s
Trial 805: Cell 1 (Static) = 0.009601 | Cell 2 (Plastic) = 0.011219
Trial: 806, Time:48.412s
Trial 806: Cell 1 (Static) = 0.009630 | Cell 2 (Plastic) = 0.011185
Trial: 807, Time:48.341s
Trial 807: Cell 1 (Static) = 0.009658 | Cell 2 (Plastic) = 0.011219
Trial: 808, Time:48.304s
Trial 808: Cell 1 (Static) = 0.009687 | Cell 2 (Plastic) = 0.011253
Trial: 809, Time:48.285s
Trial 809: Cell 1 (Static) = 0.009717 | Cell 2 (Plastic) = 0.011286
Trial: 810, Time:47.992s
Trial 810: Cell 1 (Static) = 0.009746 | Cell 2 (Plastic) = 0.011320
Trial: 811, Time:48.058s
Trial 811: Cell 1 (Static) = 0.009775 | Cell 2 (Plastic) = 0.011286
Trial: 812, Time:47.814s
Trial 812: Cell 1 (Static) = 0.009804 | Cell 2 (Plastic) = 0.011253
Trial: 813, Time:47.740s
Trial 813: Cell 1 (Static) = 0.009834 | Cell 2 (Plastic) = 0.011219
Trial: 814, Time:47.722s
Trial 814: Cell 1 (Static) = 0.009863 | Cell 2 (Plastic) = 0.011185
Trial: 815, Time:47.699s
Trial 815: Cell 1 (Static) = 0.009893 | Cell 2 (Plastic) = 0.011152
Trial: 816, Time:47.794s
Trial 816: Cell 1 (Static) = 0.009922 | Cell 2 (Plastic) = 0.011119
Trial: 817, Time:47.760s
Trial 817: Cell 1 (Static) = 0.009952 | Cell 2 (Plastic) = 0.011085
Trial: 818, Time:47.846s
Trial 818: Cell 1 (Static) = 0.009982 | Cell 2 (Plastic) = 0.011052
Trial: 819, Time:47.775s
Trial 819: Cell 1 (Static) = 0.010012 | Cell 2 (Plastic) = 0.011019
Trial: 820, Time:47.716s
Trial 820: Cell 1 (Static) = 0.010042 | Cell 2 (Plastic) = 0.010986
Trial: 821, Time:47.499s
Trial 821: Cell 1 (Static) = 0.010072 | Cell 2 (Plastic) = 0.010953
Trial: 822, Time:47.531s
Trial 822: Cell 1 (Static) = 0.010102 | Cell 2 (Plastic) = 0.010986
Trial: 823, Time:47.595s
Trial 823: Cell 1 (Static) = 0.010133 | Cell 2 (Plastic) = 0.011019
Trial: 824, Time:47.558s
Trial 824: Cell 1 (Static) = 0.010163 | Cell 2 (Plastic) = 0.010986
Trial: 825, Time:47.747s
Trial 825: Cell 1 (Static) = 0.010194 | Cell 2 (Plastic) = 0.010953
Trial: 826, Time:47.862s
Trial 826: Cell 1 (Static) = 0.010224 | Cell 2 (Plastic) = 0.010921
Trial: 827, Time:48.055s
Trial 827: Cell 1 (Static) = 0.010255 | Cell 2 (Plastic) = 0.010888
Trial: 828, Time:48.622s
Trial 828: Cell 1 (Static) = 0.010286 | Cell 2 (Plastic) = 0.010921
Trial: 829, Time:48.183s
Trial 829: Cell 1 (Static) = 0.010316 | Cell 2 (Plastic) = 0.010888
Trial: 830, Time:48.048s
Trial 830: Cell 1 (Static) = 0.010347 | Cell 2 (Plastic) = 0.010855
Trial: 831, Time:48.025s
Trial 831: Cell 1 (Static) = 0.010378 | Cell 2 (Plastic) = 0.010823
Trial: 832, Time:48.113s
Trial 832: Cell 1 (Static) = 0.010410 | Cell 2 (Plastic) = 0.010791
Trial: 833, Time:47.899s
Trial 833: Cell 1 (Static) = 0.010441 | Cell 2 (Plastic) = 0.010758
Trial: 834, Time:47.784s
Trial 834: Cell 1 (Static) = 0.010472 | Cell 2 (Plastic) = 0.010726
Trial: 835, Time:47.769s
Trial 835: Cell 1 (Static) = 0.010504 | Cell 2 (Plastic) = 0.010694
Trial: 836, Time:47.899s
Trial 836: Cell 1 (Static) = 0.010535 | Cell 2 (Plastic) = 0.010662
Trial: 837, Time:47.956s
Trial 837: Cell 1 (Static) = 0.010567 | Cell 2 (Plastic) = 0.010630
Trial: 838, Time:47.860s
Trial 838: Cell 1 (Static) = 0.010598 | Cell 2 (Plastic) = 0.010598
Trial: 839, Time:47.764s
Trial 839: Cell 1 (Static) = 0.010630 | Cell 2 (Plastic) = 0.010567
Trial: 840, Time:48.000s
Trial 840: Cell 1 (Static) = 0.010662 | Cell 2 (Plastic) = 0.010535
Trial: 841, Time:47.800s
Trial 841: Cell 1 (Static) = 0.010694 | Cell 2 (Plastic) = 0.010504
Trial: 842, Time:47.849s
Trial 842: Cell 1 (Static) = 0.010726 | Cell 2 (Plastic) = 0.010472
Trial: 843, Time:47.779s
Trial 843: Cell 1 (Static) = 0.010758 | Cell 2 (Plastic) = 0.010441
Trial: 844, Time:47.685s
Trial 844: Cell 1 (Static) = 0.010791 | Cell 2 (Plastic) = 0.010410
Trial: 845, Time:47.850s
Trial 845: Cell 1 (Static) = 0.010823 | Cell 2 (Plastic) = 0.010378
Trial: 846, Time:47.958s
Trial 846: Cell 1 (Static) = 0.010855 | Cell 2 (Plastic) = 0.010347
Trial: 847, Time:47.839s
Trial 847: Cell 1 (Static) = 0.010888 | Cell 2 (Plastic) = 0.010316
Trial: 848, Time:47.653s
Trial 848: Cell 1 (Static) = 0.010921 | Cell 2 (Plastic) = 0.010286
Trial: 849, Time:47.696s
Trial 849: Cell 1 (Static) = 0.010953 | Cell 2 (Plastic) = 0.010255
Trial: 850, Time:47.743s
Trial 850: Cell 1 (Static) = 0.010986 | Cell 2 (Plastic) = 0.010224
Trial: 851, Time:47.787s
Trial 851: Cell 1 (Static) = 0.010953 | Cell 2 (Plastic) = 0.010255
Trial: 852, Time:49.707s
Trial 852: Cell 1 (Static) = 0.010921 | Cell 2 (Plastic) = 0.010286
Trial: 853, Time:49.668s
Trial 853: Cell 1 (Static) = 0.010888 | Cell 2 (Plastic) = 0.010316
Trial: 854, Time:49.631s
Trial 854: Cell 1 (Static) = 0.010855 | Cell 2 (Plastic) = 0.010347
Trial: 855, Time:49.471s
Trial 855: Cell 1 (Static) = 0.010823 | Cell 2 (Plastic) = 0.010378
Trial: 856, Time:49.178s
Trial 856: Cell 1 (Static) = 0.010791 | Cell 2 (Plastic) = 0.010410
Trial: 857, Time:48.822s
Trial 857: Cell 1 (Static) = 0.010758 | Cell 2 (Plastic) = 0.010441
Trial: 858, Time:48.888s
Trial 858: Cell 1 (Static) = 0.010726 | Cell 2 (Plastic) = 0.010472
Trial: 859, Time:49.530s
Trial 859: Cell 1 (Static) = 0.010694 | Cell 2 (Plastic) = 0.010504
Trial: 860, Time:48.994s
Trial 860: Cell 1 (Static) = 0.010662 | Cell 2 (Plastic) = 0.010535
Trial: 861, Time:48.988s
Trial 861: Cell 1 (Static) = 0.010630 | Cell 2 (Plastic) = 0.010567
Trial: 862, Time:48.752s
Trial 862: Cell 1 (Static) = 0.010598 | Cell 2 (Plastic) = 0.010598
Trial: 863, Time:48.554s
Trial 863: Cell 1 (Static) = 0.010567 | Cell 2 (Plastic) = 0.010567
Trial: 864, Time:48.694s
Trial 864: Cell 1 (Static) = 0.010535 | Cell 2 (Plastic) = 0.010535
Trial: 865, Time:48.636s
Trial 865: Cell 1 (Static) = 0.010504 | Cell 2 (Plastic) = 0.010504
Trial: 866, Time:48.450s
Trial 866: Cell 1 (Static) = 0.010472 | Cell 2 (Plastic) = 0.010472
Trial: 867, Time:48.660s
Trial 867: Cell 1 (Static) = 0.010441 | Cell 2 (Plastic) = 0.010441
Trial: 868, Time:48.687s
Trial 868: Cell 1 (Static) = 0.010410 | Cell 2 (Plastic) = 0.010410
Trial: 869, Time:48.825s
Trial 869: Cell 1 (Static) = 0.010378 | Cell 2 (Plastic) = 0.010441
Trial: 870, Time:48.749s
Trial 870: Cell 1 (Static) = 0.010347 | Cell 2 (Plastic) = 0.010472
Trial: 871, Time:48.702s
Trial 871: Cell 1 (Static) = 0.010316 | Cell 2 (Plastic) = 0.010504
Trial: 872, Time:48.694s
Trial 872: Cell 1 (Static) = 0.010286 | Cell 2 (Plastic) = 0.010535
Trial: 873, Time:48.682s
Trial 873: Cell 1 (Static) = 0.010255 | Cell 2 (Plastic) = 0.010504
Trial: 874, Time:48.623s
Trial 874: Cell 1 (Static) = 0.010224 | Cell 2 (Plastic) = 0.010472
Trial: 875, Time:48.537s
Trial 875: Cell 1 (Static) = 0.010194 | Cell 2 (Plastic) = 0.010441
Trial: 876, Time:48.746s
Trial 876: Cell 1 (Static) = 0.010163 | Cell 2 (Plastic) = 0.010410
Trial: 877, Time:48.867s
Trial 877: Cell 1 (Static) = 0.010133 | Cell 2 (Plastic) = 0.010378
Trial: 878, Time:48.717s
Trial 878: Cell 1 (Static) = 0.010102 | Cell 2 (Plastic) = 0.010347
Trial: 879, Time:48.594s
Trial 879: Cell 1 (Static) = 0.010072 | Cell 2 (Plastic) = 0.010316
Trial: 880, Time:48.607s
Trial 880: Cell 1 (Static) = 0.010042 | Cell 2 (Plastic) = 0.010286
Trial: 881, Time:48.704s
Trial 881: Cell 1 (Static) = 0.010012 | Cell 2 (Plastic) = 0.010255
Trial: 882, Time:48.726s
Trial 882: Cell 1 (Static) = 0.009982 | Cell 2 (Plastic) = 0.010224
Trial: 883, Time:48.611s
Trial 883: Cell 1 (Static) = 0.009952 | Cell 2 (Plastic) = 0.010194
Trial: 884, Time:48.701s
Trial 884: Cell 1 (Static) = 0.009922 | Cell 2 (Plastic) = 0.010163
Trial: 885, Time:48.709s
Trial 885: Cell 1 (Static) = 0.009893 | Cell 2 (Plastic) = 0.010133
Trial: 886, Time:48.558s
Trial 886: Cell 1 (Static) = 0.009863 | Cell 2 (Plastic) = 0.010102
Trial: 887, Time:48.701s
Trial 887: Cell 1 (Static) = 0.009834 | Cell 2 (Plastic) = 0.010072
Trial: 888, Time:48.755s
Trial 888: Cell 1 (Static) = 0.009804 | Cell 2 (Plastic) = 0.010042
Trial: 889, Time:48.973s
Trial 889: Cell 1 (Static) = 0.009775 | Cell 2 (Plastic) = 0.010012
Trial: 890, Time:48.662s
Trial 890: Cell 1 (Static) = 0.009746 | Cell 2 (Plastic) = 0.009982
Trial: 891, Time:48.543s
Trial 891: Cell 1 (Static) = 0.009717 | Cell 2 (Plastic) = 0.009952
Trial: 892, Time:48.685s
Trial 892: Cell 1 (Static) = 0.009687 | Cell 2 (Plastic) = 0.009922
Trial: 893, Time:48.438s
Trial 893: Cell 1 (Static) = 0.009658 | Cell 2 (Plastic) = 0.009952
Trial: 894, Time:48.733s
Trial 894: Cell 1 (Static) = 0.009687 | Cell 2 (Plastic) = 0.009982
Trial: 895, Time:49.045s
Trial 895: Cell 1 (Static) = 0.009717 | Cell 2 (Plastic) = 0.010012
Trial: 896, Time:49.074s
Trial 896: Cell 1 (Static) = 0.009746 | Cell 2 (Plastic) = 0.010042
Trial: 897, Time:48.947s
Trial 897: Cell 1 (Static) = 0.009775 | Cell 2 (Plastic) = 0.010072
Trial: 898, Time:48.966s
Trial 898: Cell 1 (Static) = 0.009804 | Cell 2 (Plastic) = 0.010042
Trial: 899, Time:49.092s
Trial 899: Cell 1 (Static) = 0.009775 | Cell 2 (Plastic) = 0.010012
Trial: 900, Time:49.066s
Trial 900: Cell 1 (Static) = 0.009746 | Cell 2 (Plastic) = 0.009982
Trial: 901, Time:48.793s
Trial 901: Cell 1 (Static) = 0.009717 | Cell 2 (Plastic) = 0.009952
Trial: 902, Time:49.372s
Trial 902: Cell 1 (Static) = 0.009687 | Cell 2 (Plastic) = 0.009922
Trial: 903, Time:49.597s
Trial 903: Cell 1 (Static) = 0.009658 | Cell 2 (Plastic) = 0.009893
Trial: 904, Time:49.583s
Trial 904: Cell 1 (Static) = 0.009630 | Cell 2 (Plastic) = 0.009863
Trial: 905, Time:49.405s
Trial 905: Cell 1 (Static) = 0.009601 | Cell 2 (Plastic) = 0.009834
Trial: 906, Time:49.465s
Trial 906: Cell 1 (Static) = 0.009572 | Cell 2 (Plastic) = 0.009804
Trial: 907, Time:49.275s
Trial 907: Cell 1 (Static) = 0.009543 | Cell 2 (Plastic) = 0.009775
Trial: 908, Time:49.139s
Trial 908: Cell 1 (Static) = 0.009515 | Cell 2 (Plastic) = 0.009746
Trial: 909, Time:48.977s
Trial 909: Cell 1 (Static) = 0.009486 | Cell 2 (Plastic) = 0.009717
Trial: 910, Time:48.901s
Trial 910: Cell 1 (Static) = 0.009458 | Cell 2 (Plastic) = 0.009687
Trial: 911, Time:48.855s
Trial 911: Cell 1 (Static) = 0.009430 | Cell 2 (Plastic) = 0.009658
Trial: 912, Time:49.005s
Trial 912: Cell 1 (Static) = 0.009402 | Cell 2 (Plastic) = 0.009630
Trial: 913, Time:48.793s
Trial 913: Cell 1 (Static) = 0.009373 | Cell 2 (Plastic) = 0.009601
Trial: 914, Time:48.680s
Trial 914: Cell 1 (Static) = 0.009345 | Cell 2 (Plastic) = 0.009572
Trial: 915, Time:49.687s
Trial 915: Cell 1 (Static) = 0.009317 | Cell 2 (Plastic) = 0.009543
Trial: 916, Time:48.933s
Trial 916: Cell 1 (Static) = 0.009290 | Cell 2 (Plastic) = 0.009515
Trial: 917, Time:48.956s
Trial 917: Cell 1 (Static) = 0.009262 | Cell 2 (Plastic) = 0.009486
Trial: 918, Time:48.980s
Trial 918: Cell 1 (Static) = 0.009290 | Cell 2 (Plastic) = 0.009515
Trial: 919, Time:49.138s
Trial 919: Cell 1 (Static) = 0.009317 | Cell 2 (Plastic) = 0.009543
Trial: 920, Time:48.893s
Trial 920: Cell 1 (Static) = 0.009345 | Cell 2 (Plastic) = 0.009572
Trial: 921, Time:49.027s
Trial 921: Cell 1 (Static) = 0.009373 | Cell 2 (Plastic) = 0.009601
Trial: 922, Time:49.030s
Trial 922: Cell 1 (Static) = 0.009345 | Cell 2 (Plastic) = 0.009630
Trial: 923, Time:49.029s
Trial 923: Cell 1 (Static) = 0.009317 | Cell 2 (Plastic) = 0.009658
Trial: 924, Time:49.196s
Trial 924: Cell 1 (Static) = 0.009290 | Cell 2 (Plastic) = 0.009687
Trial: 925, Time:49.299s
Trial 925: Cell 1 (Static) = 0.009262 | Cell 2 (Plastic) = 0.009717
Trial: 926, Time:49.305s
Trial 926: Cell 1 (Static) = 0.009234 | Cell 2 (Plastic) = 0.009746
Trial: 927, Time:49.202s
Trial 927: Cell 1 (Static) = 0.009206 | Cell 2 (Plastic) = 0.009775
Trial: 928, Time:48.988s
Trial 928: Cell 1 (Static) = 0.009179 | Cell 2 (Plastic) = 0.009804
Trial: 929, Time:48.949s
Trial 929: Cell 1 (Static) = 0.009151 | Cell 2 (Plastic) = 0.009834
Trial: 930, Time:49.021s
Trial 930: Cell 1 (Static) = 0.009124 | Cell 2 (Plastic) = 0.009863
Trial: 931, Time:48.944s
Trial 931: Cell 1 (Static) = 0.009097 | Cell 2 (Plastic) = 0.009834
Trial: 932, Time:49.037s
Trial 932: Cell 1 (Static) = 0.009070 | Cell 2 (Plastic) = 0.009804
Trial: 933, Time:49.318s
Trial 933: Cell 1 (Static) = 0.009042 | Cell 2 (Plastic) = 0.009775
Trial: 934, Time:49.571s
Trial 934: Cell 1 (Static) = 0.009015 | Cell 2 (Plastic) = 0.009746
Trial: 935, Time:49.463s
Trial 935: Cell 1 (Static) = 0.008988 | Cell 2 (Plastic) = 0.009717
Trial: 936, Time:49.424s
Trial 936: Cell 1 (Static) = 0.008962 | Cell 2 (Plastic) = 0.009746
Trial: 937, Time:49.643s
Trial 937: Cell 1 (Static) = 0.008988 | Cell 2 (Plastic) = 0.009775
Trial: 938, Time:49.727s
Trial 938: Cell 1 (Static) = 0.009015 | Cell 2 (Plastic) = 0.009804
Trial: 939, Time:50.084s
Trial 939: Cell 1 (Static) = 0.008988 | Cell 2 (Plastic) = 0.009834
Trial: 940, Time:50.096s
Trial 940: Cell 1 (Static) = 0.008962 | Cell 2 (Plastic) = 0.009863
Trial: 941, Time:50.191s
Trial 941: Cell 1 (Static) = 0.008935 | Cell 2 (Plastic) = 0.009893
Trial: 942, Time:50.077s
Trial 942: Cell 1 (Static) = 0.008962 | Cell 2 (Plastic) = 0.009922
Trial: 943, Time:49.961s
Trial 943: Cell 1 (Static) = 0.008988 | Cell 2 (Plastic) = 0.009952
Trial: 944, Time:50.168s
Trial 944: Cell 1 (Static) = 0.009015 | Cell 2 (Plastic) = 0.009982
Trial: 945, Time:49.328s
Trial 945: Cell 1 (Static) = 0.009042 | Cell 2 (Plastic) = 0.010012
Trial: 946, Time:49.355s
Trial 946: Cell 1 (Static) = 0.009015 | Cell 2 (Plastic) = 0.009982
Trial: 947, Time:49.219s
Trial 947: Cell 1 (Static) = 0.008988 | Cell 2 (Plastic) = 0.009952
Trial: 948, Time:49.344s
Trial 948: Cell 1 (Static) = 0.008962 | Cell 2 (Plastic) = 0.009922
Trial: 949, Time:49.339s
Trial 949: Cell 1 (Static) = 0.008988 | Cell 2 (Plastic) = 0.009893
Trial: 950, Time:49.163s
Trial 950: Cell 1 (Static) = 0.009015 | Cell 2 (Plastic) = 0.009922
Trial: 951, Time:49.178s
Trial 951: Cell 1 (Static) = 0.009042 | Cell 2 (Plastic) = 0.009893
Trial: 952, Time:50.268s
Trial 952: Cell 1 (Static) = 0.009070 | Cell 2 (Plastic) = 0.009863
Trial: 953, Time:50.552s
Trial 953: Cell 1 (Static) = 0.009097 | Cell 2 (Plastic) = 0.009834
Trial: 954, Time:50.410s
Trial 954: Cell 1 (Static) = 0.009124 | Cell 2 (Plastic) = 0.009804
Trial: 955, Time:50.237s
Trial 955: Cell 1 (Static) = 0.009151 | Cell 2 (Plastic) = 0.009775
Trial: 956, Time:49.977s
Trial 956: Cell 1 (Static) = 0.009179 | Cell 2 (Plastic) = 0.009746
Trial: 957, Time:49.992s
Trial 957: Cell 1 (Static) = 0.009206 | Cell 2 (Plastic) = 0.009717
Trial: 958, Time:49.845s
Trial 958: Cell 1 (Static) = 0.009234 | Cell 2 (Plastic) = 0.009687
Trial: 959, Time:50.291s
Trial 959: Cell 1 (Static) = 0.009262 | Cell 2 (Plastic) = 0.009658
Trial: 960, Time:49.636s
Trial 960: Cell 1 (Static) = 0.009290 | Cell 2 (Plastic) = 0.009630
Trial: 961, Time:49.531s
Trial 961: Cell 1 (Static) = 0.009262 | Cell 2 (Plastic) = 0.009601
Trial: 962, Time:49.455s
Trial 962: Cell 1 (Static) = 0.009234 | Cell 2 (Plastic) = 0.009572
Trial: 963, Time:49.460s
Trial 963: Cell 1 (Static) = 0.009206 | Cell 2 (Plastic) = 0.009601
Trial: 964, Time:49.591s
Trial 964: Cell 1 (Static) = 0.009234 | Cell 2 (Plastic) = 0.009630
Trial: 965, Time:49.916s
Trial 965: Cell 1 (Static) = 0.009206 | Cell 2 (Plastic) = 0.009658
Trial: 966, Time:49.344s
Trial 966: Cell 1 (Static) = 0.009179 | Cell 2 (Plastic) = 0.009687
Trial: 967, Time:49.386s
Trial 967: Cell 1 (Static) = 0.009206 | Cell 2 (Plastic) = 0.009658
Trial: 968, Time:49.482s
Trial 968: Cell 1 (Static) = 0.009234 | Cell 2 (Plastic) = 0.009630
Trial: 969, Time:49.540s
Trial 969: Cell 1 (Static) = 0.009262 | Cell 2 (Plastic) = 0.009601
Trial: 970, Time:49.478s
Trial 970: Cell 1 (Static) = 0.009290 | Cell 2 (Plastic) = 0.009572
Trial: 971, Time:49.348s
Trial 971: Cell 1 (Static) = 0.009317 | Cell 2 (Plastic) = 0.009601
Trial: 972, Time:49.412s
Trial 972: Cell 1 (Static) = 0.009345 | Cell 2 (Plastic) = 0.009630
Trial: 973, Time:49.917s
Trial 973: Cell 1 (Static) = 0.009373 | Cell 2 (Plastic) = 0.009658
Trial: 974, Time:49.090s
Trial 974: Cell 1 (Static) = 0.009402 | Cell 2 (Plastic) = 0.009687
Trial: 975, Time:49.481s
Trial 975: Cell 1 (Static) = 0.009430 | Cell 2 (Plastic) = 0.009717
Trial: 976, Time:49.545s
Trial 976: Cell 1 (Static) = 0.009458 | Cell 2 (Plastic) = 0.009746
Trial: 977, Time:50.184s
Trial 977: Cell 1 (Static) = 0.009486 | Cell 2 (Plastic) = 0.009775
Trial: 978, Time:49.489s
Trial 978: Cell 1 (Static) = 0.009515 | Cell 2 (Plastic) = 0.009804
Trial: 979, Time:49.577s
Trial 979: Cell 1 (Static) = 0.009543 | Cell 2 (Plastic) = 0.009775
Trial: 980, Time:49.624s
Trial 980: Cell 1 (Static) = 0.009515 | Cell 2 (Plastic) = 0.009746
Trial: 981, Time:49.697s
Trial 981: Cell 1 (Static) = 0.009486 | Cell 2 (Plastic) = 0.009717
Trial: 982, Time:50.093s
Trial 982: Cell 1 (Static) = 0.009515 | Cell 2 (Plastic) = 0.009687
Trial: 983, Time:49.315s
Trial 983: Cell 1 (Static) = 0.009543 | Cell 2 (Plastic) = 0.009658
Trial: 984, Time:49.620s
Trial 984: Cell 1 (Static) = 0.009572 | Cell 2 (Plastic) = 0.009630
Trial: 985, Time:49.692s
Trial 985: Cell 1 (Static) = 0.009601 | Cell 2 (Plastic) = 0.009601
Trial: 986, Time:48.943s
Trial 986: Cell 1 (Static) = 0.009572 | Cell 2 (Plastic) = 0.009572
Trial: 987, Time:48.867s
Trial 987: Cell 1 (Static) = 0.009601 | Cell 2 (Plastic) = 0.009543
Trial: 988, Time:48.251s
Trial 988: Cell 1 (Static) = 0.009572 | Cell 2 (Plastic) = 0.009515
Trial: 989, Time:48.397s
Trial 989: Cell 1 (Static) = 0.009543 | Cell 2 (Plastic) = 0.009486
Trial: 990, Time:48.296s
Trial 990: Cell 1 (Static) = 0.009515 | Cell 2 (Plastic) = 0.009458
Trial: 991, Time:48.332s
Trial 991: Cell 1 (Static) = 0.009543 | Cell 2 (Plastic) = 0.009430
Trial: 992, Time:48.132s
Trial 992: Cell 1 (Static) = 0.009515 | Cell 2 (Plastic) = 0.009402
Trial: 993, Time:48.668s
Trial 993: Cell 1 (Static) = 0.009486 | Cell 2 (Plastic) = 0.009373
Trial: 994, Time:48.691s
Trial 994: Cell 1 (Static) = 0.009458 | Cell 2 (Plastic) = 0.009345
Trial: 995, Time:48.482s
Trial 995: Cell 1 (Static) = 0.009486 | Cell 2 (Plastic) = 0.009317
Trial: 996, Time:48.447s
Trial 996: Cell 1 (Static) = 0.009515 | Cell 2 (Plastic) = 0.009290
Trial: 997, Time:48.573s
Trial 997: Cell 1 (Static) = 0.009543 | Cell 2 (Plastic) = 0.009262
Trial: 998, Time:48.259s
Trial 998: Cell 1 (Static) = 0.009572 | Cell 2 (Plastic) = 0.009290
Trial: 999, Time:48.367s
Trial 999: Cell 1 (Static) = 0.009601 | Cell 2 (Plastic) = 0.009317
Trial: 1000, Time:48.173s
Raster array saved to '/home/data/einez/homeostat_SS/MFGoGr_SS_shuffleMF50_noCS_yesGoGo_yesgrGo_mfgoplast_grgoplast_allcell_1000_trial/MFGoGr_SS_shuffleMF50_noCS_yesGoGo_yesgrGo_mfgoplast_grgoplast_allcell_1000_trial_GOrasters.npy'
Raster array saved to '/home/data/einez/homeostat_SS/MFGoGr_SS_shuffleMF50_noCS_yesGoGo_yesgrGo_mfgoplast_grgoplast_allcell_1000_trial/MFGoGr_SS_shuffleMF50_noCS_yesGoGo_yesgrGo_mfgoplast_grgoplast_allcell_1000_trial_gogoW.npy'
Raster array saved to '/home/data/einez/homeostat_SS/MFGoGr_SS_shuffleMF50_noCS_yesGoGo_yesgrGo_mfgoplast_grgoplast_allcell_1000_trial/MFGoGr_SS_shuffleMF50_noCS_yesGoGo_yesgrGo_mfgoplast_grgoplast_allcell_1000_trial_grgoW.npy'
Raster array saved to '/home/data/einez/homeostat_SS/MFGoGr_SS_shuffleMF50_noCS_yesGoGo_yesgrGo_mfgoplast_grgoplast_allcell_1000_trial/MFGoGr_SS_shuffleMF50_noCS_yesGoGo_yesgrGo_mfgoplast_grgoplast_allcell_1000_trial_mfgoW.npy'
