nohup: ignoring input
Starting Session for GoGo Conv: 25 W: 0.05 ...
Initializing objects...
Objects initialized.
Loading connectivity arrays...
MFGO Connectivity Array Loaded.
MFGR Connectivity Array Loaded.
GOGR Connectivity Array Loaded.
GRGO Connectivity Array Loaded.
GOGO Connectivity Array Loaded.
Connectivity Arrays Loaded
Trial 0: Cell 1 (Static) = 0.004213 | Cell 2 (Plastic) = 0.004213
Trial: 1, Time:59.302s
Trial 1: Cell 1 (Static) = 0.004225 | Cell 2 (Plastic) = 0.004225
Trial: 2, Time:50.879s
Trial 2: Cell 1 (Static) = 0.004238 | Cell 2 (Plastic) = 0.004238
Trial: 3, Time:50.504s
Trial 3: Cell 1 (Static) = 0.004251 | Cell 2 (Plastic) = 0.004251
Trial: 4, Time:50.870s
Trial 4: Cell 1 (Static) = 0.004263 | Cell 2 (Plastic) = 0.004263
Trial: 5, Time:50.587s
Trial 5: Cell 1 (Static) = 0.004276 | Cell 2 (Plastic) = 0.004276
Trial: 6, Time:50.950s
Trial 6: Cell 1 (Static) = 0.004289 | Cell 2 (Plastic) = 0.004289
Trial: 7, Time:50.595s
Trial 7: Cell 1 (Static) = 0.004302 | Cell 2 (Plastic) = 0.004302
Trial: 8, Time:50.147s
Trial 8: Cell 1 (Static) = 0.004315 | Cell 2 (Plastic) = 0.004315
Trial: 9, Time:50.374s
Trial 9: Cell 1 (Static) = 0.004328 | Cell 2 (Plastic) = 0.004328
Trial: 10, Time:49.961s
Trial 10: Cell 1 (Static) = 0.004341 | Cell 2 (Plastic) = 0.004341
Trial: 11, Time:49.986s
Trial 11: Cell 1 (Static) = 0.004354 | Cell 2 (Plastic) = 0.004354
Trial: 12, Time:49.993s
Trial 12: Cell 1 (Static) = 0.004367 | Cell 2 (Plastic) = 0.004367
Trial: 13, Time:50.161s
Trial 13: Cell 1 (Static) = 0.004380 | Cell 2 (Plastic) = 0.004380
Trial: 14, Time:50.415s
Trial 14: Cell 1 (Static) = 0.004393 | Cell 2 (Plastic) = 0.004393
Trial: 15, Time:50.865s
Trial 15: Cell 1 (Static) = 0.004406 | Cell 2 (Plastic) = 0.004406
Trial: 16, Time:50.144s
Trial 16: Cell 1 (Static) = 0.004419 | Cell 2 (Plastic) = 0.004419
Trial: 17, Time:49.997s
Trial 17: Cell 1 (Static) = 0.004433 | Cell 2 (Plastic) = 0.004433
Trial: 18, Time:50.034s
Trial 18: Cell 1 (Static) = 0.004446 | Cell 2 (Plastic) = 0.004446
Trial: 19, Time:50.811s
Trial 19: Cell 1 (Static) = 0.004459 | Cell 2 (Plastic) = 0.004459
Trial: 20, Time:50.503s
Trial 20: Cell 1 (Static) = 0.004473 | Cell 2 (Plastic) = 0.004473
Trial: 21, Time:50.944s
Trial 21: Cell 1 (Static) = 0.004486 | Cell 2 (Plastic) = 0.004486
Trial: 22, Time:51.535s
Trial 22: Cell 1 (Static) = 0.004500 | Cell 2 (Plastic) = 0.004473
Trial: 23, Time:52.072s
Trial 23: Cell 1 (Static) = 0.004513 | Cell 2 (Plastic) = 0.004486
Trial: 24, Time:52.454s
Trial 24: Cell 1 (Static) = 0.004527 | Cell 2 (Plastic) = 0.004500
Trial: 25, Time:52.358s
Trial 25: Cell 1 (Static) = 0.004540 | Cell 2 (Plastic) = 0.004513
Trial: 26, Time:51.980s
Trial 26: Cell 1 (Static) = 0.004554 | Cell 2 (Plastic) = 0.004527
Trial: 27, Time:52.012s
Trial 27: Cell 1 (Static) = 0.004567 | Cell 2 (Plastic) = 0.004540
Trial: 28, Time:51.933s
Trial 28: Cell 1 (Static) = 0.004581 | Cell 2 (Plastic) = 0.004554
Trial: 29, Time:51.313s
Trial 29: Cell 1 (Static) = 0.004595 | Cell 2 (Plastic) = 0.004567
Trial: 30, Time:51.547s
Trial 30: Cell 1 (Static) = 0.004609 | Cell 2 (Plastic) = 0.004581
Trial: 31, Time:51.663s
Trial 31: Cell 1 (Static) = 0.004623 | Cell 2 (Plastic) = 0.004595
Trial: 32, Time:51.809s
Trial 32: Cell 1 (Static) = 0.004636 | Cell 2 (Plastic) = 0.004609
Trial: 33, Time:51.924s
Trial 33: Cell 1 (Static) = 0.004650 | Cell 2 (Plastic) = 0.004623
Trial: 34, Time:51.975s
Trial 34: Cell 1 (Static) = 0.004664 | Cell 2 (Plastic) = 0.004636
Trial: 35, Time:52.214s
Trial 35: Cell 1 (Static) = 0.004678 | Cell 2 (Plastic) = 0.004650
Trial: 36, Time:52.164s
Trial 36: Cell 1 (Static) = 0.004692 | Cell 2 (Plastic) = 0.004664
Trial: 37, Time:52.349s
Trial 37: Cell 1 (Static) = 0.004706 | Cell 2 (Plastic) = 0.004678
Trial: 38, Time:52.616s
Trial 38: Cell 1 (Static) = 0.004720 | Cell 2 (Plastic) = 0.004692
Trial: 39, Time:53.067s
Trial 39: Cell 1 (Static) = 0.004735 | Cell 2 (Plastic) = 0.004706
Trial: 40, Time:52.599s
Trial 40: Cell 1 (Static) = 0.004749 | Cell 2 (Plastic) = 0.004720
Trial: 41, Time:52.436s
Trial 41: Cell 1 (Static) = 0.004763 | Cell 2 (Plastic) = 0.004735
Trial: 42, Time:53.018s
Trial 42: Cell 1 (Static) = 0.004777 | Cell 2 (Plastic) = 0.004749
Trial: 43, Time:52.716s
Trial 43: Cell 1 (Static) = 0.004792 | Cell 2 (Plastic) = 0.004763
Trial: 44, Time:53.220s
Trial 44: Cell 1 (Static) = 0.004806 | Cell 2 (Plastic) = 0.004777
Trial: 45, Time:53.852s
Trial 45: Cell 1 (Static) = 0.004821 | Cell 2 (Plastic) = 0.004792
Trial: 46, Time:53.995s
Trial 46: Cell 1 (Static) = 0.004835 | Cell 2 (Plastic) = 0.004806
Trial: 47, Time:53.606s
Trial 47: Cell 1 (Static) = 0.004849 | Cell 2 (Plastic) = 0.004821
Trial: 48, Time:54.620s
Trial 48: Cell 1 (Static) = 0.004864 | Cell 2 (Plastic) = 0.004835
Trial: 49, Time:54.566s
Trial 49: Cell 1 (Static) = 0.004879 | Cell 2 (Plastic) = 0.004849
Trial: 50, Time:54.002s
Trial 50: Cell 1 (Static) = 0.004893 | Cell 2 (Plastic) = 0.004864
Trial: 51, Time:54.251s
Trial 51: Cell 1 (Static) = 0.004908 | Cell 2 (Plastic) = 0.004879
Trial: 52, Time:53.991s
Trial 52: Cell 1 (Static) = 0.004923 | Cell 2 (Plastic) = 0.004893
Trial: 53, Time:53.412s
Trial 53: Cell 1 (Static) = 0.004937 | Cell 2 (Plastic) = 0.004908
Trial: 54, Time:53.842s
Trial 54: Cell 1 (Static) = 0.004952 | Cell 2 (Plastic) = 0.004923
Trial: 55, Time:53.848s
Trial 55: Cell 1 (Static) = 0.004967 | Cell 2 (Plastic) = 0.004937
Trial: 56, Time:53.505s
Trial 56: Cell 1 (Static) = 0.004982 | Cell 2 (Plastic) = 0.004952
Trial: 57, Time:53.693s
Trial 57: Cell 1 (Static) = 0.004997 | Cell 2 (Plastic) = 0.004967
Trial: 58, Time:53.543s
Trial 58: Cell 1 (Static) = 0.005012 | Cell 2 (Plastic) = 0.004982
Trial: 59, Time:54.184s
Trial 59: Cell 1 (Static) = 0.005027 | Cell 2 (Plastic) = 0.004997
Trial: 60, Time:54.814s
Trial 60: Cell 1 (Static) = 0.005042 | Cell 2 (Plastic) = 0.005012
Trial: 61, Time:54.997s
Trial 61: Cell 1 (Static) = 0.005057 | Cell 2 (Plastic) = 0.005027
Trial: 62, Time:54.652s
Trial 62: Cell 1 (Static) = 0.005072 | Cell 2 (Plastic) = 0.005042
Trial: 63, Time:54.938s
Trial 63: Cell 1 (Static) = 0.005088 | Cell 2 (Plastic) = 0.005057
Trial: 64, Time:55.110s
Trial 64: Cell 1 (Static) = 0.005103 | Cell 2 (Plastic) = 0.005072
Trial: 65, Time:55.257s
Trial 65: Cell 1 (Static) = 0.005118 | Cell 2 (Plastic) = 0.005088
Trial: 66, Time:55.447s
Trial 66: Cell 1 (Static) = 0.005133 | Cell 2 (Plastic) = 0.005103
Trial: 67, Time:55.318s
Trial 67: Cell 1 (Static) = 0.005149 | Cell 2 (Plastic) = 0.005088
Trial: 68, Time:55.034s
Trial 68: Cell 1 (Static) = 0.005164 | Cell 2 (Plastic) = 0.005072
Trial: 69, Time:54.953s
Trial 69: Cell 1 (Static) = 0.005180 | Cell 2 (Plastic) = 0.005057
Trial: 70, Time:54.816s
Trial 70: Cell 1 (Static) = 0.005195 | Cell 2 (Plastic) = 0.005042
Trial: 71, Time:53.956s
Trial 71: Cell 1 (Static) = 0.005211 | Cell 2 (Plastic) = 0.005027
Trial: 72, Time:54.394s
Trial 72: Cell 1 (Static) = 0.005227 | Cell 2 (Plastic) = 0.005012
Trial: 73, Time:54.187s
Trial 73: Cell 1 (Static) = 0.005242 | Cell 2 (Plastic) = 0.004997
Trial: 74, Time:54.209s
Trial 74: Cell 1 (Static) = 0.005258 | Cell 2 (Plastic) = 0.004982
Trial: 75, Time:55.507s
Trial 75: Cell 1 (Static) = 0.005274 | Cell 2 (Plastic) = 0.004997
Trial: 76, Time:54.758s
Trial 76: Cell 1 (Static) = 0.005290 | Cell 2 (Plastic) = 0.005012
Trial: 77, Time:54.948s
Trial 77: Cell 1 (Static) = 0.005305 | Cell 2 (Plastic) = 0.004997
Trial: 78, Time:54.874s
Trial 78: Cell 1 (Static) = 0.005321 | Cell 2 (Plastic) = 0.005012
Trial: 79, Time:55.088s
Trial 79: Cell 1 (Static) = 0.005337 | Cell 2 (Plastic) = 0.005027
Trial: 80, Time:54.885s
Trial 80: Cell 1 (Static) = 0.005353 | Cell 2 (Plastic) = 0.005042
Trial: 81, Time:55.526s
Trial 81: Cell 1 (Static) = 0.005369 | Cell 2 (Plastic) = 0.005027
Trial: 82, Time:55.516s
Trial 82: Cell 1 (Static) = 0.005386 | Cell 2 (Plastic) = 0.005012
Trial: 83, Time:55.595s
Trial 83: Cell 1 (Static) = 0.005402 | Cell 2 (Plastic) = 0.004997
Trial: 84, Time:55.871s
Trial 84: Cell 1 (Static) = 0.005418 | Cell 2 (Plastic) = 0.004982
Trial: 85, Time:55.302s
Trial 85: Cell 1 (Static) = 0.005434 | Cell 2 (Plastic) = 0.004967
Trial: 86, Time:55.203s
Trial 86: Cell 1 (Static) = 0.005450 | Cell 2 (Plastic) = 0.004952
Trial: 87, Time:54.979s
Trial 87: Cell 1 (Static) = 0.005467 | Cell 2 (Plastic) = 0.004937
Trial: 88, Time:55.211s
Trial 88: Cell 1 (Static) = 0.005483 | Cell 2 (Plastic) = 0.004923
Trial: 89, Time:55.456s
Trial 89: Cell 1 (Static) = 0.005500 | Cell 2 (Plastic) = 0.004908
Trial: 90, Time:55.470s
Trial 90: Cell 1 (Static) = 0.005516 | Cell 2 (Plastic) = 0.004893
Trial: 91, Time:55.500s
Trial 91: Cell 1 (Static) = 0.005533 | Cell 2 (Plastic) = 0.004879
Trial: 92, Time:55.361s
Trial 92: Cell 1 (Static) = 0.005549 | Cell 2 (Plastic) = 0.004864
Trial: 93, Time:55.324s
Trial 93: Cell 1 (Static) = 0.005566 | Cell 2 (Plastic) = 0.004849
Trial: 94, Time:55.903s
Trial 94: Cell 1 (Static) = 0.005583 | Cell 2 (Plastic) = 0.004864
Trial: 95, Time:55.444s
Trial 95: Cell 1 (Static) = 0.005599 | Cell 2 (Plastic) = 0.004879
Trial: 96, Time:55.970s
Trial 96: Cell 1 (Static) = 0.005616 | Cell 2 (Plastic) = 0.004893
Trial: 97, Time:55.574s
Trial 97: Cell 1 (Static) = 0.005633 | Cell 2 (Plastic) = 0.004908
Trial: 98, Time:55.883s
Trial 98: Cell 1 (Static) = 0.005650 | Cell 2 (Plastic) = 0.004923
Trial: 99, Time:56.583s
Trial 99: Cell 1 (Static) = 0.005667 | Cell 2 (Plastic) = 0.004908
Trial: 100, Time:55.940s
Trial 100: Cell 1 (Static) = 0.005684 | Cell 2 (Plastic) = 0.004893
Trial: 101, Time:55.710s
Trial 101: Cell 1 (Static) = 0.005701 | Cell 2 (Plastic) = 0.004879
Trial: 102, Time:55.955s
Trial 102: Cell 1 (Static) = 0.005718 | Cell 2 (Plastic) = 0.004864
Trial: 103, Time:56.129s
Trial 103: Cell 1 (Static) = 0.005735 | Cell 2 (Plastic) = 0.004879
Trial: 104, Time:56.001s
Trial 104: Cell 1 (Static) = 0.005752 | Cell 2 (Plastic) = 0.004893
Trial: 105, Time:56.868s
Trial 105: Cell 1 (Static) = 0.005770 | Cell 2 (Plastic) = 0.004908
Trial: 106, Time:57.024s
Trial 106: Cell 1 (Static) = 0.005787 | Cell 2 (Plastic) = 0.004923
Trial: 107, Time:57.397s
Trial 107: Cell 1 (Static) = 0.005804 | Cell 2 (Plastic) = 0.004908
Trial: 108, Time:56.861s
Trial 108: Cell 1 (Static) = 0.005822 | Cell 2 (Plastic) = 0.004893
Trial: 109, Time:57.173s
Trial 109: Cell 1 (Static) = 0.005839 | Cell 2 (Plastic) = 0.004879
Trial: 110, Time:57.007s
Trial 110: Cell 1 (Static) = 0.005857 | Cell 2 (Plastic) = 0.004864
Trial: 111, Time:57.054s
Trial 111: Cell 1 (Static) = 0.005874 | Cell 2 (Plastic) = 0.004849
Trial: 112, Time:56.795s
Trial 112: Cell 1 (Static) = 0.005892 | Cell 2 (Plastic) = 0.004835
Trial: 113, Time:56.436s
Trial 113: Cell 1 (Static) = 0.005910 | Cell 2 (Plastic) = 0.004849
Trial: 114, Time:56.769s
Trial 114: Cell 1 (Static) = 0.005927 | Cell 2 (Plastic) = 0.004864
Trial: 115, Time:56.661s
Trial 115: Cell 1 (Static) = 0.005945 | Cell 2 (Plastic) = 0.004879
Trial: 116, Time:56.468s
Trial 116: Cell 1 (Static) = 0.005963 | Cell 2 (Plastic) = 0.004893
Trial: 117, Time:56.855s
Trial 117: Cell 1 (Static) = 0.005981 | Cell 2 (Plastic) = 0.004908
Trial: 118, Time:56.755s
Trial 118: Cell 1 (Static) = 0.005999 | Cell 2 (Plastic) = 0.004923
Trial: 119, Time:57.093s
Trial 119: Cell 1 (Static) = 0.006017 | Cell 2 (Plastic) = 0.004937
Trial: 120, Time:58.055s
Trial 120: Cell 1 (Static) = 0.006035 | Cell 2 (Plastic) = 0.004952
Trial: 121, Time:57.250s
Trial 121: Cell 1 (Static) = 0.006053 | Cell 2 (Plastic) = 0.004937
Trial: 122, Time:56.998s
Trial 122: Cell 1 (Static) = 0.006071 | Cell 2 (Plastic) = 0.004952
Trial: 123, Time:57.954s
Trial 123: Cell 1 (Static) = 0.006089 | Cell 2 (Plastic) = 0.004967
Trial: 124, Time:57.297s
Trial 124: Cell 1 (Static) = 0.006108 | Cell 2 (Plastic) = 0.004982
Trial: 125, Time:56.804s
Trial 125: Cell 1 (Static) = 0.006126 | Cell 2 (Plastic) = 0.004997
Trial: 126, Time:57.202s
Trial 126: Cell 1 (Static) = 0.006144 | Cell 2 (Plastic) = 0.005012
Trial: 127, Time:57.480s
Trial 127: Cell 1 (Static) = 0.006163 | Cell 2 (Plastic) = 0.005027
Trial: 128, Time:58.001s
Trial 128: Cell 1 (Static) = 0.006181 | Cell 2 (Plastic) = 0.005042
Trial: 129, Time:57.986s
Trial 129: Cell 1 (Static) = 0.006200 | Cell 2 (Plastic) = 0.005057
Trial: 130, Time:58.467s
Trial 130: Cell 1 (Static) = 0.006218 | Cell 2 (Plastic) = 0.005072
Trial: 131, Time:58.042s
Trial 131: Cell 1 (Static) = 0.006237 | Cell 2 (Plastic) = 0.005088
Trial: 132, Time:58.566s
Trial 132: Cell 1 (Static) = 0.006256 | Cell 2 (Plastic) = 0.005072
Trial: 133, Time:58.186s
Trial 133: Cell 1 (Static) = 0.006274 | Cell 2 (Plastic) = 0.005057
Trial: 134, Time:58.016s
Trial 134: Cell 1 (Static) = 0.006293 | Cell 2 (Plastic) = 0.005042
Trial: 135, Time:58.462s
Trial 135: Cell 1 (Static) = 0.006312 | Cell 2 (Plastic) = 0.005027
Trial: 136, Time:58.479s
Trial 136: Cell 1 (Static) = 0.006331 | Cell 2 (Plastic) = 0.005012
Trial: 137, Time:58.285s
Trial 137: Cell 1 (Static) = 0.006350 | Cell 2 (Plastic) = 0.004997
Trial: 138, Time:58.861s
Trial 138: Cell 1 (Static) = 0.006369 | Cell 2 (Plastic) = 0.004982
Trial: 139, Time:58.686s
Trial 139: Cell 1 (Static) = 0.006388 | Cell 2 (Plastic) = 0.004967
Trial: 140, Time:58.737s
Trial 140: Cell 1 (Static) = 0.006407 | Cell 2 (Plastic) = 0.004952
Trial: 141, Time:59.144s
Trial 141: Cell 1 (Static) = 0.006427 | Cell 2 (Plastic) = 0.004937
Trial: 142, Time:58.700s
Trial 142: Cell 1 (Static) = 0.006446 | Cell 2 (Plastic) = 0.004952
Trial: 143, Time:58.744s
Trial 143: Cell 1 (Static) = 0.006465 | Cell 2 (Plastic) = 0.004967
Trial: 144, Time:59.384s
Trial 144: Cell 1 (Static) = 0.006446 | Cell 2 (Plastic) = 0.004982
Trial: 145, Time:59.462s
Trial 145: Cell 1 (Static) = 0.006427 | Cell 2 (Plastic) = 0.004997
Trial: 146, Time:58.933s
Trial 146: Cell 1 (Static) = 0.006446 | Cell 2 (Plastic) = 0.005012
Trial: 147, Time:59.468s
Trial 147: Cell 1 (Static) = 0.006465 | Cell 2 (Plastic) = 0.005027
Trial: 148, Time:59.290s
Trial 148: Cell 1 (Static) = 0.006485 | Cell 2 (Plastic) = 0.005042
Trial: 149, Time:59.313s
Trial 149: Cell 1 (Static) = 0.006504 | Cell 2 (Plastic) = 0.005057
Trial: 150, Time:59.219s
Trial 150: Cell 1 (Static) = 0.006524 | Cell 2 (Plastic) = 0.005072
Trial: 151, Time:59.335s
Trial 151: Cell 1 (Static) = 0.006543 | Cell 2 (Plastic) = 0.005088
Trial: 152, Time:59.483s
Trial 152: Cell 1 (Static) = 0.006563 | Cell 2 (Plastic) = 0.005103
Trial: 153, Time:59.827s
Trial 153: Cell 1 (Static) = 0.006543 | Cell 2 (Plastic) = 0.005118
Trial: 154, Time:59.938s
Trial 154: Cell 1 (Static) = 0.006524 | Cell 2 (Plastic) = 0.005133
Trial: 155, Time:59.577s
Trial 155: Cell 1 (Static) = 0.006504 | Cell 2 (Plastic) = 0.005149
Trial: 156, Time:59.962s
Trial 156: Cell 1 (Static) = 0.006485 | Cell 2 (Plastic) = 0.005164
Trial: 157, Time:59.938s
Trial 157: Cell 1 (Static) = 0.006504 | Cell 2 (Plastic) = 0.005180
Trial: 158, Time:59.831s
Trial 158: Cell 1 (Static) = 0.006524 | Cell 2 (Plastic) = 0.005195
Trial: 159, Time:60.026s
Trial 159: Cell 1 (Static) = 0.006543 | Cell 2 (Plastic) = 0.005180
Trial: 160, Time:59.663s
Trial 160: Cell 1 (Static) = 0.006563 | Cell 2 (Plastic) = 0.005195
Trial: 161, Time:58.859s
Trial 161: Cell 1 (Static) = 0.006582 | Cell 2 (Plastic) = 0.005211
Trial: 162, Time:59.459s
Trial 162: Cell 1 (Static) = 0.006602 | Cell 2 (Plastic) = 0.005227
Trial: 163, Time:58.784s
Trial 163: Cell 1 (Static) = 0.006622 | Cell 2 (Plastic) = 0.005242
Trial: 164, Time:58.221s
Trial 164: Cell 1 (Static) = 0.006642 | Cell 2 (Plastic) = 0.005258
Trial: 165, Time:58.344s
Trial 165: Cell 1 (Static) = 0.006662 | Cell 2 (Plastic) = 0.005274
Trial: 166, Time:58.288s
Trial 166: Cell 1 (Static) = 0.006682 | Cell 2 (Plastic) = 0.005290
Trial: 167, Time:58.400s
Trial 167: Cell 1 (Static) = 0.006702 | Cell 2 (Plastic) = 0.005305
Trial: 168, Time:59.445s
Trial 168: Cell 1 (Static) = 0.006722 | Cell 2 (Plastic) = 0.005321
Trial: 169, Time:59.437s
Trial 169: Cell 1 (Static) = 0.006742 | Cell 2 (Plastic) = 0.005337
Trial: 170, Time:60.114s
Trial 170: Cell 1 (Static) = 0.006762 | Cell 2 (Plastic) = 0.005353
Trial: 171, Time:59.416s
Trial 171: Cell 1 (Static) = 0.006783 | Cell 2 (Plastic) = 0.005369
Trial: 172, Time:59.089s
Trial 172: Cell 1 (Static) = 0.006762 | Cell 2 (Plastic) = 0.005386
Trial: 173, Time:59.699s
Trial 173: Cell 1 (Static) = 0.006742 | Cell 2 (Plastic) = 0.005402
Trial: 174, Time:60.181s
Trial 174: Cell 1 (Static) = 0.006762 | Cell 2 (Plastic) = 0.005418
Trial: 175, Time:60.070s
Trial 175: Cell 1 (Static) = 0.006783 | Cell 2 (Plastic) = 0.005434
Trial: 176, Time:60.304s
Trial 176: Cell 1 (Static) = 0.006803 | Cell 2 (Plastic) = 0.005450
Trial: 177, Time:61.138s
Trial 177: Cell 1 (Static) = 0.006823 | Cell 2 (Plastic) = 0.005467
Trial: 178, Time:61.670s
Trial 178: Cell 1 (Static) = 0.006844 | Cell 2 (Plastic) = 0.005483
Trial: 179, Time:61.291s
Trial 179: Cell 1 (Static) = 0.006864 | Cell 2 (Plastic) = 0.005500
Trial: 180, Time:61.728s
Trial 180: Cell 1 (Static) = 0.006885 | Cell 2 (Plastic) = 0.005516
Trial: 181, Time:61.933s
Trial 181: Cell 1 (Static) = 0.006906 | Cell 2 (Plastic) = 0.005533
Trial: 182, Time:61.451s
Trial 182: Cell 1 (Static) = 0.006885 | Cell 2 (Plastic) = 0.005549
Trial: 183, Time:61.979s
Trial 183: Cell 1 (Static) = 0.006906 | Cell 2 (Plastic) = 0.005566
Trial: 184, Time:61.440s
Trial 184: Cell 1 (Static) = 0.006926 | Cell 2 (Plastic) = 0.005583
Trial: 185, Time:61.326s
Trial 185: Cell 1 (Static) = 0.006947 | Cell 2 (Plastic) = 0.005599
Trial: 186, Time:61.665s
Trial 186: Cell 1 (Static) = 0.006968 | Cell 2 (Plastic) = 0.005616
Trial: 187, Time:61.565s
Trial 187: Cell 1 (Static) = 0.006989 | Cell 2 (Plastic) = 0.005633
Trial: 188, Time:61.256s
Trial 188: Cell 1 (Static) = 0.007010 | Cell 2 (Plastic) = 0.005650
Trial: 189, Time:61.260s
Trial 189: Cell 1 (Static) = 0.007031 | Cell 2 (Plastic) = 0.005667
Trial: 190, Time:61.367s
Trial 190: Cell 1 (Static) = 0.007052 | Cell 2 (Plastic) = 0.005684
Trial: 191, Time:61.424s
Trial 191: Cell 1 (Static) = 0.007073 | Cell 2 (Plastic) = 0.005701
Trial: 192, Time:61.500s
Trial 192: Cell 1 (Static) = 0.007094 | Cell 2 (Plastic) = 0.005718
Trial: 193, Time:61.339s
Trial 193: Cell 1 (Static) = 0.007116 | Cell 2 (Plastic) = 0.005735
Trial: 194, Time:60.557s
Trial 194: Cell 1 (Static) = 0.007137 | Cell 2 (Plastic) = 0.005752
Trial: 195, Time:61.259s
Trial 195: Cell 1 (Static) = 0.007158 | Cell 2 (Plastic) = 0.005770
Trial: 196, Time:61.287s
Trial 196: Cell 1 (Static) = 0.007137 | Cell 2 (Plastic) = 0.005787
Trial: 197, Time:61.291s
Trial 197: Cell 1 (Static) = 0.007116 | Cell 2 (Plastic) = 0.005804
Trial: 198, Time:61.556s
Trial 198: Cell 1 (Static) = 0.007137 | Cell 2 (Plastic) = 0.005822
Trial: 199, Time:61.688s
Trial 199: Cell 1 (Static) = 0.007158 | Cell 2 (Plastic) = 0.005839
Trial: 200, Time:61.493s
Trial 200: Cell 1 (Static) = 0.007180 | Cell 2 (Plastic) = 0.005857
Trial: 201, Time:62.593s
Trial 201: Cell 1 (Static) = 0.007201 | Cell 2 (Plastic) = 0.005874
Trial: 202, Time:62.007s
Trial 202: Cell 1 (Static) = 0.007223 | Cell 2 (Plastic) = 0.005892
Trial: 203, Time:62.435s
Trial 203: Cell 1 (Static) = 0.007245 | Cell 2 (Plastic) = 0.005910
Trial: 204, Time:62.484s
Trial 204: Cell 1 (Static) = 0.007266 | Cell 2 (Plastic) = 0.005927
Trial: 205, Time:62.469s
Trial 205: Cell 1 (Static) = 0.007288 | Cell 2 (Plastic) = 0.005945
Trial: 206, Time:62.698s
Trial 206: Cell 1 (Static) = 0.007266 | Cell 2 (Plastic) = 0.005963
Trial: 207, Time:63.429s
Trial 207: Cell 1 (Static) = 0.007288 | Cell 2 (Plastic) = 0.005945
Trial: 208, Time:62.292s
Trial 208: Cell 1 (Static) = 0.007310 | Cell 2 (Plastic) = 0.005963
Trial: 209, Time:62.517s
Trial 209: Cell 1 (Static) = 0.007332 | Cell 2 (Plastic) = 0.005945
Trial: 210, Time:62.135s
Trial 210: Cell 1 (Static) = 0.007354 | Cell 2 (Plastic) = 0.005927
Trial: 211, Time:61.619s
Trial 211: Cell 1 (Static) = 0.007376 | Cell 2 (Plastic) = 0.005910
Trial: 212, Time:62.424s
Trial 212: Cell 1 (Static) = 0.007398 | Cell 2 (Plastic) = 0.005927
Trial: 213, Time:62.261s
Trial 213: Cell 1 (Static) = 0.007420 | Cell 2 (Plastic) = 0.005945
Trial: 214, Time:63.054s
Trial 214: Cell 1 (Static) = 0.007443 | Cell 2 (Plastic) = 0.005963
Trial: 215, Time:62.576s
Trial 215: Cell 1 (Static) = 0.007465 | Cell 2 (Plastic) = 0.005981
Trial: 216, Time:63.179s
Trial 216: Cell 1 (Static) = 0.007487 | Cell 2 (Plastic) = 0.005999
Trial: 217, Time:62.778s
Trial 217: Cell 1 (Static) = 0.007510 | Cell 2 (Plastic) = 0.006017
Trial: 218, Time:62.387s
Trial 218: Cell 1 (Static) = 0.007532 | Cell 2 (Plastic) = 0.006035
Trial: 219, Time:62.616s
Trial 219: Cell 1 (Static) = 0.007555 | Cell 2 (Plastic) = 0.006053
Trial: 220, Time:63.005s
Trial 220: Cell 1 (Static) = 0.007578 | Cell 2 (Plastic) = 0.006071
Trial: 221, Time:62.460s
Trial 221: Cell 1 (Static) = 0.007600 | Cell 2 (Plastic) = 0.006053
Trial: 222, Time:63.209s
Trial 222: Cell 1 (Static) = 0.007623 | Cell 2 (Plastic) = 0.006035
Trial: 223, Time:63.553s
Trial 223: Cell 1 (Static) = 0.007646 | Cell 2 (Plastic) = 0.006017
Trial: 224, Time:63.453s
Trial 224: Cell 1 (Static) = 0.007669 | Cell 2 (Plastic) = 0.005999
Trial: 225, Time:64.049s
Trial 225: Cell 1 (Static) = 0.007646 | Cell 2 (Plastic) = 0.006017
Trial: 226, Time:64.004s
Trial 226: Cell 1 (Static) = 0.007669 | Cell 2 (Plastic) = 0.005999
Trial: 227, Time:63.322s
Trial 227: Cell 1 (Static) = 0.007646 | Cell 2 (Plastic) = 0.005981
Trial: 228, Time:63.888s
Trial 228: Cell 1 (Static) = 0.007623 | Cell 2 (Plastic) = 0.005999
Trial: 229, Time:64.394s
Trial 229: Cell 1 (Static) = 0.007600 | Cell 2 (Plastic) = 0.006017
Trial: 230, Time:64.193s
Trial 230: Cell 1 (Static) = 0.007578 | Cell 2 (Plastic) = 0.005999
Trial: 231, Time:64.730s
Trial 231: Cell 1 (Static) = 0.007555 | Cell 2 (Plastic) = 0.005981
Trial: 232, Time:64.171s
Trial 232: Cell 1 (Static) = 0.007532 | Cell 2 (Plastic) = 0.005963
Trial: 233, Time:64.328s
Trial 233: Cell 1 (Static) = 0.007510 | Cell 2 (Plastic) = 0.005945
Trial: 234, Time:64.075s
Trial 234: Cell 1 (Static) = 0.007487 | Cell 2 (Plastic) = 0.005927
Trial: 235, Time:64.139s
Trial 235: Cell 1 (Static) = 0.007510 | Cell 2 (Plastic) = 0.005945
Trial: 236, Time:63.621s
Trial 236: Cell 1 (Static) = 0.007532 | Cell 2 (Plastic) = 0.005963
Trial: 237, Time:64.450s
Trial 237: Cell 1 (Static) = 0.007555 | Cell 2 (Plastic) = 0.005981
Trial: 238, Time:64.381s
Trial 238: Cell 1 (Static) = 0.007578 | Cell 2 (Plastic) = 0.005999
Trial: 239, Time:64.317s
Trial 239: Cell 1 (Static) = 0.007600 | Cell 2 (Plastic) = 0.006017
Trial: 240, Time:64.797s
Trial 240: Cell 1 (Static) = 0.007623 | Cell 2 (Plastic) = 0.005999
Trial: 241, Time:64.915s
Trial 241: Cell 1 (Static) = 0.007600 | Cell 2 (Plastic) = 0.005981
Trial: 242, Time:64.293s
Trial 242: Cell 1 (Static) = 0.007623 | Cell 2 (Plastic) = 0.005963
Trial: 243, Time:65.087s
Trial 243: Cell 1 (Static) = 0.007646 | Cell 2 (Plastic) = 0.005945
Trial: 244, Time:64.605s
Trial 244: Cell 1 (Static) = 0.007669 | Cell 2 (Plastic) = 0.005927
Trial: 245, Time:64.371s
Trial 245: Cell 1 (Static) = 0.007692 | Cell 2 (Plastic) = 0.005910
Trial: 246, Time:64.797s
Trial 246: Cell 1 (Static) = 0.007715 | Cell 2 (Plastic) = 0.005892
Trial: 247, Time:64.778s
Trial 247: Cell 1 (Static) = 0.007692 | Cell 2 (Plastic) = 0.005874
Trial: 248, Time:64.327s
Trial 248: Cell 1 (Static) = 0.007669 | Cell 2 (Plastic) = 0.005892
Trial: 249, Time:64.404s
Trial 249: Cell 1 (Static) = 0.007692 | Cell 2 (Plastic) = 0.005874
Trial: 250, Time:64.259s
Trial 250: Cell 1 (Static) = 0.007669 | Cell 2 (Plastic) = 0.005857
Trial: 251, Time:63.900s
Trial 251: Cell 1 (Static) = 0.007646 | Cell 2 (Plastic) = 0.005839
Trial: 252, Time:64.263s
Trial 252: Cell 1 (Static) = 0.007623 | Cell 2 (Plastic) = 0.005857
Trial: 253, Time:63.687s
Trial 253: Cell 1 (Static) = 0.007646 | Cell 2 (Plastic) = 0.005874
Trial: 254, Time:64.804s
Trial 254: Cell 1 (Static) = 0.007669 | Cell 2 (Plastic) = 0.005892
Trial: 255, Time:64.727s
Trial 255: Cell 1 (Static) = 0.007692 | Cell 2 (Plastic) = 0.005910
Trial: 256, Time:65.516s
Trial 256: Cell 1 (Static) = 0.007715 | Cell 2 (Plastic) = 0.005927
Trial: 257, Time:64.655s
Trial 257: Cell 1 (Static) = 0.007738 | Cell 2 (Plastic) = 0.005945
Trial: 258, Time:64.985s
Trial 258: Cell 1 (Static) = 0.007761 | Cell 2 (Plastic) = 0.005963
Trial: 259, Time:65.854s
Trial 259: Cell 1 (Static) = 0.007738 | Cell 2 (Plastic) = 0.005981
Trial: 260, Time:65.650s
Trial 260: Cell 1 (Static) = 0.007761 | Cell 2 (Plastic) = 0.005999
Trial: 261, Time:66.039s
Trial 261: Cell 1 (Static) = 0.007785 | Cell 2 (Plastic) = 0.006017
Trial: 262, Time:65.184s
Trial 262: Cell 1 (Static) = 0.007761 | Cell 2 (Plastic) = 0.006035
Trial: 263, Time:64.834s
Trial 263: Cell 1 (Static) = 0.007785 | Cell 2 (Plastic) = 0.006053
Trial: 264, Time:64.816s
Trial 264: Cell 1 (Static) = 0.007761 | Cell 2 (Plastic) = 0.006071
Trial: 265, Time:64.991s
Trial 265: Cell 1 (Static) = 0.007738 | Cell 2 (Plastic) = 0.006089
Trial: 266, Time:65.120s
Trial 266: Cell 1 (Static) = 0.007715 | Cell 2 (Plastic) = 0.006108
Trial: 267, Time:65.280s
Trial 267: Cell 1 (Static) = 0.007692 | Cell 2 (Plastic) = 0.006126
Trial: 268, Time:65.285s
Trial 268: Cell 1 (Static) = 0.007669 | Cell 2 (Plastic) = 0.006144
Trial: 269, Time:65.221s
Trial 269: Cell 1 (Static) = 0.007646 | Cell 2 (Plastic) = 0.006163
Trial: 270, Time:66.457s
Trial 270: Cell 1 (Static) = 0.007623 | Cell 2 (Plastic) = 0.006181
Trial: 271, Time:65.781s
Trial 271: Cell 1 (Static) = 0.007600 | Cell 2 (Plastic) = 0.006200
Trial: 272, Time:66.507s
Trial 272: Cell 1 (Static) = 0.007623 | Cell 2 (Plastic) = 0.006218
Trial: 273, Time:66.063s
Trial 273: Cell 1 (Static) = 0.007646 | Cell 2 (Plastic) = 0.006237
Trial: 274, Time:66.355s
Trial 274: Cell 1 (Static) = 0.007669 | Cell 2 (Plastic) = 0.006256
Trial: 275, Time:65.870s
Trial 275: Cell 1 (Static) = 0.007692 | Cell 2 (Plastic) = 0.006274
Trial: 276, Time:65.773s
Trial 276: Cell 1 (Static) = 0.007715 | Cell 2 (Plastic) = 0.006293
Trial: 277, Time:65.352s
Trial 277: Cell 1 (Static) = 0.007738 | Cell 2 (Plastic) = 0.006312
Trial: 278, Time:65.898s
Trial 278: Cell 1 (Static) = 0.007761 | Cell 2 (Plastic) = 0.006331
Trial: 279, Time:66.262s
Trial 279: Cell 1 (Static) = 0.007785 | Cell 2 (Plastic) = 0.006350
Trial: 280, Time:65.967s
Trial 280: Cell 1 (Static) = 0.007808 | Cell 2 (Plastic) = 0.006369
Trial: 281, Time:65.973s
Trial 281: Cell 1 (Static) = 0.007831 | Cell 2 (Plastic) = 0.006388
Trial: 282, Time:66.517s
Trial 282: Cell 1 (Static) = 0.007855 | Cell 2 (Plastic) = 0.006407
Trial: 283, Time:66.681s
Trial 283: Cell 1 (Static) = 0.007879 | Cell 2 (Plastic) = 0.006427
Trial: 284, Time:66.756s
Trial 284: Cell 1 (Static) = 0.007902 | Cell 2 (Plastic) = 0.006407
Trial: 285, Time:66.716s
Trial 285: Cell 1 (Static) = 0.007926 | Cell 2 (Plastic) = 0.006427
Trial: 286, Time:66.471s
Trial 286: Cell 1 (Static) = 0.007902 | Cell 2 (Plastic) = 0.006446
Trial: 287, Time:66.539s
Trial 287: Cell 1 (Static) = 0.007926 | Cell 2 (Plastic) = 0.006465
Trial: 288, Time:66.686s
Trial 288: Cell 1 (Static) = 0.007950 | Cell 2 (Plastic) = 0.006485
Trial: 289, Time:66.738s
Trial 289: Cell 1 (Static) = 0.007926 | Cell 2 (Plastic) = 0.006504
Trial: 290, Time:67.105s
Trial 290: Cell 1 (Static) = 0.007902 | Cell 2 (Plastic) = 0.006524
Trial: 291, Time:67.390s
Trial 291: Cell 1 (Static) = 0.007879 | Cell 2 (Plastic) = 0.006543
Trial: 292, Time:67.307s
Trial 292: Cell 1 (Static) = 0.007855 | Cell 2 (Plastic) = 0.006563
Trial: 293, Time:67.125s
Trial 293: Cell 1 (Static) = 0.007879 | Cell 2 (Plastic) = 0.006582
Trial: 294, Time:67.279s
Trial 294: Cell 1 (Static) = 0.007902 | Cell 2 (Plastic) = 0.006602
Trial: 295, Time:67.581s
Trial 295: Cell 1 (Static) = 0.007926 | Cell 2 (Plastic) = 0.006622
Trial: 296, Time:67.536s
Trial 296: Cell 1 (Static) = 0.007950 | Cell 2 (Plastic) = 0.006642
Trial: 297, Time:67.166s
Trial 297: Cell 1 (Static) = 0.007973 | Cell 2 (Plastic) = 0.006662
Trial: 298, Time:68.174s
Trial 298: Cell 1 (Static) = 0.007997 | Cell 2 (Plastic) = 0.006682
Trial: 299, Time:66.845s
Trial 299: Cell 1 (Static) = 0.008021 | Cell 2 (Plastic) = 0.006702
Trial: 300, Time:67.098s
Trial 300: Cell 1 (Static) = 0.008045 | Cell 2 (Plastic) = 0.006722
Trial: 301, Time:67.355s
Trial 301: Cell 1 (Static) = 0.008070 | Cell 2 (Plastic) = 0.006742
Trial: 302, Time:67.187s
Trial 302: Cell 1 (Static) = 0.008094 | Cell 2 (Plastic) = 0.006762
Trial: 303, Time:67.193s
Trial 303: Cell 1 (Static) = 0.008118 | Cell 2 (Plastic) = 0.006783
Trial: 304, Time:67.548s
Trial 304: Cell 1 (Static) = 0.008142 | Cell 2 (Plastic) = 0.006803
Trial: 305, Time:67.545s
Trial 305: Cell 1 (Static) = 0.008167 | Cell 2 (Plastic) = 0.006823
Trial: 306, Time:67.687s
Trial 306: Cell 1 (Static) = 0.008191 | Cell 2 (Plastic) = 0.006803
Trial: 307, Time:67.589s
Trial 307: Cell 1 (Static) = 0.008167 | Cell 2 (Plastic) = 0.006823
Trial: 308, Time:67.353s
Trial 308: Cell 1 (Static) = 0.008142 | Cell 2 (Plastic) = 0.006844
Trial: 309, Time:67.605s
Trial 309: Cell 1 (Static) = 0.008118 | Cell 2 (Plastic) = 0.006864
Trial: 310, Time:67.936s
Trial 310: Cell 1 (Static) = 0.008142 | Cell 2 (Plastic) = 0.006885
Trial: 311, Time:67.581s
Trial 311: Cell 1 (Static) = 0.008167 | Cell 2 (Plastic) = 0.006906
Trial: 312, Time:67.813s
Trial 312: Cell 1 (Static) = 0.008191 | Cell 2 (Plastic) = 0.006926
Trial: 313, Time:718.365s
Trial 313: Cell 1 (Static) = 0.008167 | Cell 2 (Plastic) = 0.006947
Trial: 314, Time:66.610s
Trial 314: Cell 1 (Static) = 0.008142 | Cell 2 (Plastic) = 0.006968
Trial: 315, Time:67.170s
Trial 315: Cell 1 (Static) = 0.008118 | Cell 2 (Plastic) = 0.006989
Trial: 316, Time:67.186s
Trial 316: Cell 1 (Static) = 0.008094 | Cell 2 (Plastic) = 0.007010
Trial: 317, Time:67.115s
Trial 317: Cell 1 (Static) = 0.008070 | Cell 2 (Plastic) = 0.007031
Trial: 318, Time:67.496s
Trial 318: Cell 1 (Static) = 0.008045 | Cell 2 (Plastic) = 0.007052
Trial: 319, Time:67.559s
Trial 319: Cell 1 (Static) = 0.008021 | Cell 2 (Plastic) = 0.007073
Trial: 320, Time:67.053s
Trial 320: Cell 1 (Static) = 0.007997 | Cell 2 (Plastic) = 0.007094
Trial: 321, Time:67.406s
Trial 321: Cell 1 (Static) = 0.007973 | Cell 2 (Plastic) = 0.007116
Trial: 322, Time:67.973s
Trial 322: Cell 1 (Static) = 0.007950 | Cell 2 (Plastic) = 0.007137
Trial: 323, Time:67.643s
Trial 323: Cell 1 (Static) = 0.007926 | Cell 2 (Plastic) = 0.007158
Trial: 324, Time:67.267s
Trial 324: Cell 1 (Static) = 0.007950 | Cell 2 (Plastic) = 0.007180
Trial: 325, Time:67.057s
Trial 325: Cell 1 (Static) = 0.007973 | Cell 2 (Plastic) = 0.007201
Trial: 326, Time:67.412s
Trial 326: Cell 1 (Static) = 0.007997 | Cell 2 (Plastic) = 0.007223
Trial: 327, Time:67.569s
Trial 327: Cell 1 (Static) = 0.008021 | Cell 2 (Plastic) = 0.007245
Trial: 328, Time:67.353s
Trial 328: Cell 1 (Static) = 0.008045 | Cell 2 (Plastic) = 0.007266
Trial: 329, Time:67.396s
Trial 329: Cell 1 (Static) = 0.008070 | Cell 2 (Plastic) = 0.007288
Trial: 330, Time:68.252s
Trial 330: Cell 1 (Static) = 0.008045 | Cell 2 (Plastic) = 0.007310
Trial: 331, Time:68.342s
Trial 331: Cell 1 (Static) = 0.008021 | Cell 2 (Plastic) = 0.007332
Trial: 332, Time:68.231s
Trial 332: Cell 1 (Static) = 0.007997 | Cell 2 (Plastic) = 0.007354
Trial: 333, Time:68.410s
Trial 333: Cell 1 (Static) = 0.007973 | Cell 2 (Plastic) = 0.007376
Trial: 334, Time:68.676s
Trial 334: Cell 1 (Static) = 0.007950 | Cell 2 (Plastic) = 0.007398
Trial: 335, Time:68.328s
Trial 335: Cell 1 (Static) = 0.007926 | Cell 2 (Plastic) = 0.007376
Trial: 336, Time:68.138s
Trial 336: Cell 1 (Static) = 0.007902 | Cell 2 (Plastic) = 0.007354
Trial: 337, Time:67.778s
Trial 337: Cell 1 (Static) = 0.007879 | Cell 2 (Plastic) = 0.007376
Trial: 338, Time:68.037s
Trial 338: Cell 1 (Static) = 0.007855 | Cell 2 (Plastic) = 0.007398
Trial: 339, Time:68.607s
Trial 339: Cell 1 (Static) = 0.007831 | Cell 2 (Plastic) = 0.007420
Trial: 340, Time:68.482s
Trial 340: Cell 1 (Static) = 0.007808 | Cell 2 (Plastic) = 0.007443
Trial: 341, Time:67.961s
Trial 341: Cell 1 (Static) = 0.007785 | Cell 2 (Plastic) = 0.007420
Trial: 342, Time:67.970s
Trial 342: Cell 1 (Static) = 0.007761 | Cell 2 (Plastic) = 0.007398
Trial: 343, Time:67.932s
Trial 343: Cell 1 (Static) = 0.007738 | Cell 2 (Plastic) = 0.007376
Trial: 344, Time:67.690s
Trial 344: Cell 1 (Static) = 0.007715 | Cell 2 (Plastic) = 0.007398
Trial: 345, Time:68.036s
Trial 345: Cell 1 (Static) = 0.007692 | Cell 2 (Plastic) = 0.007420
Trial: 346, Time:68.430s
Trial 346: Cell 1 (Static) = 0.007669 | Cell 2 (Plastic) = 0.007443
Trial: 347, Time:68.180s
Trial 347: Cell 1 (Static) = 0.007646 | Cell 2 (Plastic) = 0.007465
Trial: 348, Time:68.162s
Trial 348: Cell 1 (Static) = 0.007623 | Cell 2 (Plastic) = 0.007487
Trial: 349, Time:68.757s
Trial 349: Cell 1 (Static) = 0.007646 | Cell 2 (Plastic) = 0.007510
Trial: 350, Time:68.699s
Trial 350: Cell 1 (Static) = 0.007623 | Cell 2 (Plastic) = 0.007487
Trial: 351, Time:68.744s
Trial 351: Cell 1 (Static) = 0.007600 | Cell 2 (Plastic) = 0.007510
Trial: 352, Time:68.599s
Trial 352: Cell 1 (Static) = 0.007578 | Cell 2 (Plastic) = 0.007532
Trial: 353, Time:68.436s
Trial 353: Cell 1 (Static) = 0.007555 | Cell 2 (Plastic) = 0.007555
Trial: 354, Time:68.597s
Trial 354: Cell 1 (Static) = 0.007532 | Cell 2 (Plastic) = 0.007578
Trial: 355, Time:68.524s
Trial 355: Cell 1 (Static) = 0.007510 | Cell 2 (Plastic) = 0.007555
Trial: 356, Time:68.243s
Trial 356: Cell 1 (Static) = 0.007487 | Cell 2 (Plastic) = 0.007532
Trial: 357, Time:68.529s
Trial 357: Cell 1 (Static) = 0.007465 | Cell 2 (Plastic) = 0.007510
Trial: 358, Time:68.735s
Trial 358: Cell 1 (Static) = 0.007487 | Cell 2 (Plastic) = 0.007487
Trial: 359, Time:68.364s
Trial 359: Cell 1 (Static) = 0.007510 | Cell 2 (Plastic) = 0.007465
Trial: 360, Time:68.092s
Trial 360: Cell 1 (Static) = 0.007532 | Cell 2 (Plastic) = 0.007443
Trial: 361, Time:67.449s
Trial 361: Cell 1 (Static) = 0.007555 | Cell 2 (Plastic) = 0.007420
Trial: 362, Time:67.887s
Trial 362: Cell 1 (Static) = 0.007578 | Cell 2 (Plastic) = 0.007398
Trial: 363, Time:67.521s
Trial 363: Cell 1 (Static) = 0.007600 | Cell 2 (Plastic) = 0.007376
Trial: 364, Time:67.679s
Trial 364: Cell 1 (Static) = 0.007578 | Cell 2 (Plastic) = 0.007398
Trial: 365, Time:67.834s
Trial 365: Cell 1 (Static) = 0.007555 | Cell 2 (Plastic) = 0.007420
Trial: 366, Time:67.865s
Trial 366: Cell 1 (Static) = 0.007532 | Cell 2 (Plastic) = 0.007443
Trial: 367, Time:67.616s
Trial 367: Cell 1 (Static) = 0.007555 | Cell 2 (Plastic) = 0.007465
Trial: 368, Time:67.970s
Trial 368: Cell 1 (Static) = 0.007578 | Cell 2 (Plastic) = 0.007487
Trial: 369, Time:68.267s
Trial 369: Cell 1 (Static) = 0.007600 | Cell 2 (Plastic) = 0.007510
Trial: 370, Time:67.784s
Trial 370: Cell 1 (Static) = 0.007623 | Cell 2 (Plastic) = 0.007532
Trial: 371, Time:67.408s
Trial 371: Cell 1 (Static) = 0.007646 | Cell 2 (Plastic) = 0.007555
Trial: 372, Time:67.857s
Trial 372: Cell 1 (Static) = 0.007669 | Cell 2 (Plastic) = 0.007578
Trial: 373, Time:68.234s
Trial 373: Cell 1 (Static) = 0.007692 | Cell 2 (Plastic) = 0.007600
Trial: 374, Time:68.290s
Trial 374: Cell 1 (Static) = 0.007715 | Cell 2 (Plastic) = 0.007623
Trial: 375, Time:68.584s
Trial 375: Cell 1 (Static) = 0.007738 | Cell 2 (Plastic) = 0.007646
Trial: 376, Time:68.433s
Trial 376: Cell 1 (Static) = 0.007761 | Cell 2 (Plastic) = 0.007669
Trial: 377, Time:68.579s
Trial 377: Cell 1 (Static) = 0.007785 | Cell 2 (Plastic) = 0.007692
Trial: 378, Time:68.447s
Trial 378: Cell 1 (Static) = 0.007808 | Cell 2 (Plastic) = 0.007715
Trial: 379, Time:68.564s
Trial 379: Cell 1 (Static) = 0.007831 | Cell 2 (Plastic) = 0.007738
Trial: 380, Time:68.207s
Trial 380: Cell 1 (Static) = 0.007855 | Cell 2 (Plastic) = 0.007761
Trial: 381, Time:67.955s
Trial 381: Cell 1 (Static) = 0.007879 | Cell 2 (Plastic) = 0.007785
Trial: 382, Time:67.817s
Trial 382: Cell 1 (Static) = 0.007902 | Cell 2 (Plastic) = 0.007808
Trial: 383, Time:68.420s
Trial 383: Cell 1 (Static) = 0.007926 | Cell 2 (Plastic) = 0.007785
Trial: 384, Time:69.062s
Trial 384: Cell 1 (Static) = 0.007950 | Cell 2 (Plastic) = 0.007761
Trial: 385, Time:69.332s
Trial 385: Cell 1 (Static) = 0.007973 | Cell 2 (Plastic) = 0.007738
Trial: 386, Time:69.043s
Trial 386: Cell 1 (Static) = 0.007997 | Cell 2 (Plastic) = 0.007715
Trial: 387, Time:69.076s
Trial 387: Cell 1 (Static) = 0.008021 | Cell 2 (Plastic) = 0.007692
Trial: 388, Time:69.309s
Trial 388: Cell 1 (Static) = 0.008045 | Cell 2 (Plastic) = 0.007669
Trial: 389, Time:69.507s
Trial 389: Cell 1 (Static) = 0.008070 | Cell 2 (Plastic) = 0.007692
Trial: 390, Time:69.440s
Trial 390: Cell 1 (Static) = 0.008094 | Cell 2 (Plastic) = 0.007715
Trial: 391, Time:69.126s
Trial 391: Cell 1 (Static) = 0.008118 | Cell 2 (Plastic) = 0.007738
Trial: 392, Time:68.852s
Trial 392: Cell 1 (Static) = 0.008142 | Cell 2 (Plastic) = 0.007761
Trial: 393, Time:69.572s
Trial 393: Cell 1 (Static) = 0.008167 | Cell 2 (Plastic) = 0.007785
Trial: 394, Time:69.556s
Trial 394: Cell 1 (Static) = 0.008191 | Cell 2 (Plastic) = 0.007808
Trial: 395, Time:69.415s
Trial 395: Cell 1 (Static) = 0.008216 | Cell 2 (Plastic) = 0.007831
Trial: 396, Time:69.783s
Trial 396: Cell 1 (Static) = 0.008241 | Cell 2 (Plastic) = 0.007855
Trial: 397, Time:70.347s
Trial 397: Cell 1 (Static) = 0.008265 | Cell 2 (Plastic) = 0.007879
Trial: 398, Time:70.426s
Trial 398: Cell 1 (Static) = 0.008290 | Cell 2 (Plastic) = 0.007902
Trial: 399, Time:70.566s
Trial 399: Cell 1 (Static) = 0.008315 | Cell 2 (Plastic) = 0.007926
Trial: 400, Time:70.544s
Trial 400: Cell 1 (Static) = 0.008340 | Cell 2 (Plastic) = 0.007950
Trial: 401, Time:70.534s
Trial 401: Cell 1 (Static) = 0.008365 | Cell 2 (Plastic) = 0.007973
Trial: 402, Time:70.720s
Trial 402: Cell 1 (Static) = 0.008390 | Cell 2 (Plastic) = 0.007997
Trial: 403, Time:70.822s
Trial 403: Cell 1 (Static) = 0.008415 | Cell 2 (Plastic) = 0.007973
Trial: 404, Time:70.505s
Trial 404: Cell 1 (Static) = 0.008440 | Cell 2 (Plastic) = 0.007950
Trial: 405, Time:70.157s
Trial 405: Cell 1 (Static) = 0.008466 | Cell 2 (Plastic) = 0.007926
Trial: 406, Time:70.272s
Trial 406: Cell 1 (Static) = 0.008491 | Cell 2 (Plastic) = 0.007902
Trial: 407, Time:70.078s
Trial 407: Cell 1 (Static) = 0.008517 | Cell 2 (Plastic) = 0.007926
Trial: 408, Time:70.737s
Trial 408: Cell 1 (Static) = 0.008542 | Cell 2 (Plastic) = 0.007950
Trial: 409, Time:70.025s
Trial 409: Cell 1 (Static) = 0.008568 | Cell 2 (Plastic) = 0.007926
Trial: 410, Time:69.474s
Trial 410: Cell 1 (Static) = 0.008594 | Cell 2 (Plastic) = 0.007902
Trial: 411, Time:69.508s
Trial 411: Cell 1 (Static) = 0.008619 | Cell 2 (Plastic) = 0.007879
Trial: 412, Time:69.580s
Trial 412: Cell 1 (Static) = 0.008645 | Cell 2 (Plastic) = 0.007902
Trial: 413, Time:69.647s
Trial 413: Cell 1 (Static) = 0.008671 | Cell 2 (Plastic) = 0.007926
Trial: 414, Time:70.169s
Trial 414: Cell 1 (Static) = 0.008697 | Cell 2 (Plastic) = 0.007950
Trial: 415, Time:69.863s
Trial 415: Cell 1 (Static) = 0.008723 | Cell 2 (Plastic) = 0.007973
Trial: 416, Time:69.938s
Trial 416: Cell 1 (Static) = 0.008749 | Cell 2 (Plastic) = 0.007997
Trial: 417, Time:70.258s
Trial 417: Cell 1 (Static) = 0.008776 | Cell 2 (Plastic) = 0.007973
Trial: 418, Time:70.204s
Trial 418: Cell 1 (Static) = 0.008749 | Cell 2 (Plastic) = 0.007950
Trial: 419, Time:69.750s
Trial 419: Cell 1 (Static) = 0.008723 | Cell 2 (Plastic) = 0.007926
Trial: 420, Time:69.604s
Trial 420: Cell 1 (Static) = 0.008749 | Cell 2 (Plastic) = 0.007902
Trial: 421, Time:69.985s
Trial 421: Cell 1 (Static) = 0.008776 | Cell 2 (Plastic) = 0.007879
Trial: 422, Time:69.334s
Trial 422: Cell 1 (Static) = 0.008802 | Cell 2 (Plastic) = 0.007855
Trial: 423, Time:69.642s
Trial 423: Cell 1 (Static) = 0.008828 | Cell 2 (Plastic) = 0.007831
Trial: 424, Time:70.491s
Trial 424: Cell 1 (Static) = 0.008855 | Cell 2 (Plastic) = 0.007855
Trial: 425, Time:70.315s
Trial 425: Cell 1 (Static) = 0.008881 | Cell 2 (Plastic) = 0.007879
Trial: 426, Time:70.235s
Trial 426: Cell 1 (Static) = 0.008908 | Cell 2 (Plastic) = 0.007902
Trial: 427, Time:70.377s
Trial 427: Cell 1 (Static) = 0.008935 | Cell 2 (Plastic) = 0.007926
Trial: 428, Time:70.396s
Trial 428: Cell 1 (Static) = 0.008962 | Cell 2 (Plastic) = 0.007950
Trial: 429, Time:70.735s
Trial 429: Cell 1 (Static) = 0.008988 | Cell 2 (Plastic) = 0.007973
Trial: 430, Time:71.053s
Trial 430: Cell 1 (Static) = 0.009015 | Cell 2 (Plastic) = 0.007997
Trial: 431, Time:71.075s
Trial 431: Cell 1 (Static) = 0.009042 | Cell 2 (Plastic) = 0.007973
Trial: 432, Time:71.018s
Trial 432: Cell 1 (Static) = 0.009070 | Cell 2 (Plastic) = 0.007997
Trial: 433, Time:71.232s
Trial 433: Cell 1 (Static) = 0.009097 | Cell 2 (Plastic) = 0.008021
Trial: 434, Time:71.380s
Trial 434: Cell 1 (Static) = 0.009124 | Cell 2 (Plastic) = 0.007997
Trial: 435, Time:71.208s
Trial 435: Cell 1 (Static) = 0.009151 | Cell 2 (Plastic) = 0.007973
Trial: 436, Time:71.481s
Trial 436: Cell 1 (Static) = 0.009179 | Cell 2 (Plastic) = 0.007950
Trial: 437, Time:71.735s
Trial 437: Cell 1 (Static) = 0.009151 | Cell 2 (Plastic) = 0.007926
Trial: 438, Time:72.309s
Trial 438: Cell 1 (Static) = 0.009179 | Cell 2 (Plastic) = 0.007902
Trial: 439, Time:71.944s
Trial 439: Cell 1 (Static) = 0.009206 | Cell 2 (Plastic) = 0.007879
Trial: 440, Time:72.103s
Trial 440: Cell 1 (Static) = 0.009234 | Cell 2 (Plastic) = 0.007855
Trial: 441, Time:72.400s
Trial 441: Cell 1 (Static) = 0.009262 | Cell 2 (Plastic) = 0.007831
Trial: 442, Time:72.342s
Trial 442: Cell 1 (Static) = 0.009290 | Cell 2 (Plastic) = 0.007808
Trial: 443, Time:72.211s
Trial 443: Cell 1 (Static) = 0.009262 | Cell 2 (Plastic) = 0.007785
Trial: 444, Time:72.597s
Trial 444: Cell 1 (Static) = 0.009234 | Cell 2 (Plastic) = 0.007808
Trial: 445, Time:72.901s
Trial 445: Cell 1 (Static) = 0.009206 | Cell 2 (Plastic) = 0.007831
Trial: 446, Time:72.546s
Trial 446: Cell 1 (Static) = 0.009179 | Cell 2 (Plastic) = 0.007855
Trial: 447, Time:72.910s
Trial 447: Cell 1 (Static) = 0.009151 | Cell 2 (Plastic) = 0.007879
Trial: 448, Time:73.137s
Trial 448: Cell 1 (Static) = 0.009124 | Cell 2 (Plastic) = 0.007902
Trial: 449, Time:73.023s
Trial 449: Cell 1 (Static) = 0.009097 | Cell 2 (Plastic) = 0.007926
Trial: 450, Time:73.373s
Trial 450: Cell 1 (Static) = 0.009070 | Cell 2 (Plastic) = 0.007950
Trial: 451, Time:73.077s
Trial 451: Cell 1 (Static) = 0.009042 | Cell 2 (Plastic) = 0.007973
Trial: 452, Time:72.775s
Trial 452: Cell 1 (Static) = 0.009015 | Cell 2 (Plastic) = 0.007950
Trial: 453, Time:72.561s
Trial 453: Cell 1 (Static) = 0.008988 | Cell 2 (Plastic) = 0.007926
Trial: 454, Time:72.792s
Trial 454: Cell 1 (Static) = 0.008962 | Cell 2 (Plastic) = 0.007950
Trial: 455, Time:72.560s
Trial 455: Cell 1 (Static) = 0.008935 | Cell 2 (Plastic) = 0.007973
Trial: 456, Time:73.138s
Trial 456: Cell 1 (Static) = 0.008908 | Cell 2 (Plastic) = 0.007997
Trial: 457, Time:72.774s
Trial 457: Cell 1 (Static) = 0.008881 | Cell 2 (Plastic) = 0.007973
Trial: 458, Time:71.807s
Trial 458: Cell 1 (Static) = 0.008855 | Cell 2 (Plastic) = 0.007950
Trial: 459, Time:71.894s
Trial 459: Cell 1 (Static) = 0.008828 | Cell 2 (Plastic) = 0.007926
Trial: 460, Time:71.733s
Trial 460: Cell 1 (Static) = 0.008802 | Cell 2 (Plastic) = 0.007902
Trial: 461, Time:71.517s
Trial 461: Cell 1 (Static) = 0.008776 | Cell 2 (Plastic) = 0.007879
Trial: 462, Time:71.572s
Trial 462: Cell 1 (Static) = 0.008749 | Cell 2 (Plastic) = 0.007855
Trial: 463, Time:71.432s
Trial 463: Cell 1 (Static) = 0.008723 | Cell 2 (Plastic) = 0.007831
Trial: 464, Time:71.312s
Trial 464: Cell 1 (Static) = 0.008749 | Cell 2 (Plastic) = 0.007808
Trial: 465, Time:70.810s
Trial 465: Cell 1 (Static) = 0.008723 | Cell 2 (Plastic) = 0.007785
Trial: 466, Time:71.247s
Trial 466: Cell 1 (Static) = 0.008697 | Cell 2 (Plastic) = 0.007761
Trial: 467, Time:71.736s
Trial 467: Cell 1 (Static) = 0.008671 | Cell 2 (Plastic) = 0.007738
Trial: 468, Time:71.682s
Trial 468: Cell 1 (Static) = 0.008645 | Cell 2 (Plastic) = 0.007715
Trial: 469, Time:71.541s
Trial 469: Cell 1 (Static) = 0.008619 | Cell 2 (Plastic) = 0.007692
Trial: 470, Time:71.401s
Trial 470: Cell 1 (Static) = 0.008594 | Cell 2 (Plastic) = 0.007669
Trial: 471, Time:71.209s
Trial 471: Cell 1 (Static) = 0.008619 | Cell 2 (Plastic) = 0.007646
Trial: 472, Time:72.143s
Trial 472: Cell 1 (Static) = 0.008594 | Cell 2 (Plastic) = 0.007623
Trial: 473, Time:72.535s
Trial 473: Cell 1 (Static) = 0.008568 | Cell 2 (Plastic) = 0.007646
Trial: 474, Time:72.337s
Trial 474: Cell 1 (Static) = 0.008594 | Cell 2 (Plastic) = 0.007669
Trial: 475, Time:72.565s
Trial 475: Cell 1 (Static) = 0.008619 | Cell 2 (Plastic) = 0.007692
Trial: 476, Time:72.812s
Trial 476: Cell 1 (Static) = 0.008645 | Cell 2 (Plastic) = 0.007715
Trial: 477, Time:72.225s
Trial 477: Cell 1 (Static) = 0.008671 | Cell 2 (Plastic) = 0.007738
Trial: 478, Time:72.050s
Trial 478: Cell 1 (Static) = 0.008697 | Cell 2 (Plastic) = 0.007715
Trial: 479, Time:72.130s
Trial 479: Cell 1 (Static) = 0.008723 | Cell 2 (Plastic) = 0.007738
Trial: 480, Time:71.613s
Trial 480: Cell 1 (Static) = 0.008749 | Cell 2 (Plastic) = 0.007761
Trial: 481, Time:71.351s
Trial 481: Cell 1 (Static) = 0.008776 | Cell 2 (Plastic) = 0.007785
Trial: 482, Time:71.253s
Trial 482: Cell 1 (Static) = 0.008802 | Cell 2 (Plastic) = 0.007808
Trial: 483, Time:71.359s
Trial 483: Cell 1 (Static) = 0.008828 | Cell 2 (Plastic) = 0.007785
Trial: 484, Time:72.011s
Trial 484: Cell 1 (Static) = 0.008802 | Cell 2 (Plastic) = 0.007808
Trial: 485, Time:72.127s
Trial 485: Cell 1 (Static) = 0.008828 | Cell 2 (Plastic) = 0.007831
Trial: 486, Time:72.416s
Trial 486: Cell 1 (Static) = 0.008802 | Cell 2 (Plastic) = 0.007855
Trial: 487, Time:72.835s
Trial 487: Cell 1 (Static) = 0.008776 | Cell 2 (Plastic) = 0.007879
Trial: 488, Time:73.020s
Trial 488: Cell 1 (Static) = 0.008749 | Cell 2 (Plastic) = 0.007902
Trial: 489, Time:73.975s
Trial 489: Cell 1 (Static) = 0.008776 | Cell 2 (Plastic) = 0.007926
Trial: 490, Time:74.743s
Trial 490: Cell 1 (Static) = 0.008802 | Cell 2 (Plastic) = 0.007950
Trial: 491, Time:74.757s
Trial 491: Cell 1 (Static) = 0.008828 | Cell 2 (Plastic) = 0.007973
Trial: 492, Time:75.031s
Trial 492: Cell 1 (Static) = 0.008855 | Cell 2 (Plastic) = 0.007997
Trial: 493, Time:74.980s
Trial 493: Cell 1 (Static) = 0.008881 | Cell 2 (Plastic) = 0.008021
Trial: 494, Time:73.722s
Trial 494: Cell 1 (Static) = 0.008908 | Cell 2 (Plastic) = 0.008045
Trial: 495, Time:74.089s
Trial 495: Cell 1 (Static) = 0.008935 | Cell 2 (Plastic) = 0.008070
Trial: 496, Time:74.170s
Trial 496: Cell 1 (Static) = 0.008962 | Cell 2 (Plastic) = 0.008094
Trial: 497, Time:74.211s
Trial 497: Cell 1 (Static) = 0.008988 | Cell 2 (Plastic) = 0.008118
Trial: 498, Time:74.061s
Trial 498: Cell 1 (Static) = 0.009015 | Cell 2 (Plastic) = 0.008142
Trial: 499, Time:73.727s
Trial 499: Cell 1 (Static) = 0.009042 | Cell 2 (Plastic) = 0.008167
Trial: 500, Time:73.868s
Trial 500: Cell 1 (Static) = 0.009070 | Cell 2 (Plastic) = 0.008191
Trial: 501, Time:73.825s
Trial 501: Cell 1 (Static) = 0.009097 | Cell 2 (Plastic) = 0.008216
Trial: 502, Time:73.682s
Trial 502: Cell 1 (Static) = 0.009124 | Cell 2 (Plastic) = 0.008241
Trial: 503, Time:73.064s
Trial 503: Cell 1 (Static) = 0.009151 | Cell 2 (Plastic) = 0.008265
Trial: 504, Time:73.618s
Trial 504: Cell 1 (Static) = 0.009124 | Cell 2 (Plastic) = 0.008290
Trial: 505, Time:253.114s
Trial 505: Cell 1 (Static) = 0.009151 | Cell 2 (Plastic) = 0.008315
Trial: 506, Time:9589.843s
Trial 506: Cell 1 (Static) = 0.009179 | Cell 2 (Plastic) = 0.008340
Trial: 507, Time:72.156s
Trial 507: Cell 1 (Static) = 0.009206 | Cell 2 (Plastic) = 0.008365
Trial: 508, Time:72.290s
Trial 508: Cell 1 (Static) = 0.009234 | Cell 2 (Plastic) = 0.008390
Trial: 509, Time:72.001s
Trial 509: Cell 1 (Static) = 0.009206 | Cell 2 (Plastic) = 0.008365
Trial: 510, Time:72.238s
Trial 510: Cell 1 (Static) = 0.009179 | Cell 2 (Plastic) = 0.008340
Trial: 511, Time:72.548s
Trial 511: Cell 1 (Static) = 0.009151 | Cell 2 (Plastic) = 0.008315
Trial: 512, Time:72.369s
Trial 512: Cell 1 (Static) = 0.009124 | Cell 2 (Plastic) = 0.008290
Trial: 513, Time:72.480s
Trial 513: Cell 1 (Static) = 0.009097 | Cell 2 (Plastic) = 0.008265
Trial: 514, Time:72.416s
Trial 514: Cell 1 (Static) = 0.009070 | Cell 2 (Plastic) = 0.008241
Trial: 515, Time:72.065s
Trial 515: Cell 1 (Static) = 0.009042 | Cell 2 (Plastic) = 0.008216
Trial: 516, Time:72.367s
Trial 516: Cell 1 (Static) = 0.009070 | Cell 2 (Plastic) = 0.008191
Trial: 517, Time:72.669s
Trial 517: Cell 1 (Static) = 0.009097 | Cell 2 (Plastic) = 0.008167
Trial: 518, Time:72.441s
Trial 518: Cell 1 (Static) = 0.009070 | Cell 2 (Plastic) = 0.008142
Trial: 519, Time:72.414s
Trial 519: Cell 1 (Static) = 0.009042 | Cell 2 (Plastic) = 0.008118
Trial: 520, Time:72.695s
Trial 520: Cell 1 (Static) = 0.009015 | Cell 2 (Plastic) = 0.008142
Trial: 521, Time:72.651s
Trial 521: Cell 1 (Static) = 0.008988 | Cell 2 (Plastic) = 0.008167
Trial: 522, Time:72.722s
Trial 522: Cell 1 (Static) = 0.008962 | Cell 2 (Plastic) = 0.008142
Trial: 523, Time:72.749s
Trial 523: Cell 1 (Static) = 0.008935 | Cell 2 (Plastic) = 0.008118
Trial: 524, Time:73.233s
Trial 524: Cell 1 (Static) = 0.008908 | Cell 2 (Plastic) = 0.008142
Trial: 525, Time:73.172s
Trial 525: Cell 1 (Static) = 0.008881 | Cell 2 (Plastic) = 0.008167
Trial: 526, Time:73.017s
Trial 526: Cell 1 (Static) = 0.008855 | Cell 2 (Plastic) = 0.008191
Trial: 527, Time:73.034s
Trial 527: Cell 1 (Static) = 0.008828 | Cell 2 (Plastic) = 0.008216
Trial: 528, Time:72.679s
Trial 528: Cell 1 (Static) = 0.008802 | Cell 2 (Plastic) = 0.008241
Trial: 529, Time:72.966s
Trial 529: Cell 1 (Static) = 0.008776 | Cell 2 (Plastic) = 0.008265
Trial: 530, Time:73.051s
Trial 530: Cell 1 (Static) = 0.008749 | Cell 2 (Plastic) = 0.008290
Trial: 531, Time:73.540s
Trial 531: Cell 1 (Static) = 0.008776 | Cell 2 (Plastic) = 0.008315
Trial: 532, Time:73.624s
Trial 532: Cell 1 (Static) = 0.008776 | Cell 2 (Plastic) = 0.008340
Trial: 533, Time:73.749s
Trial 533: Cell 1 (Static) = 0.008802 | Cell 2 (Plastic) = 0.008365
Trial: 534, Time:73.709s
Trial 534: Cell 1 (Static) = 0.008828 | Cell 2 (Plastic) = 0.008340
Trial: 535, Time:73.680s
Trial 535: Cell 1 (Static) = 0.008855 | Cell 2 (Plastic) = 0.008315
Trial: 536, Time:73.612s
Trial 536: Cell 1 (Static) = 0.008828 | Cell 2 (Plastic) = 0.008340
Trial: 537, Time:73.770s
Trial 537: Cell 1 (Static) = 0.008855 | Cell 2 (Plastic) = 0.008315
Trial: 538, Time:73.786s
Trial 538: Cell 1 (Static) = 0.008881 | Cell 2 (Plastic) = 0.008290
Trial: 539, Time:73.460s
Trial 539: Cell 1 (Static) = 0.008908 | Cell 2 (Plastic) = 0.008265
Trial: 540, Time:73.473s
Trial 540: Cell 1 (Static) = 0.008881 | Cell 2 (Plastic) = 0.008290
Trial: 541, Time:73.153s
Trial 541: Cell 1 (Static) = 0.008881 | Cell 2 (Plastic) = 0.008315
Trial: 542, Time:73.222s
Trial 542: Cell 1 (Static) = 0.008908 | Cell 2 (Plastic) = 0.008340
Trial: 543, Time:73.475s
Trial 543: Cell 1 (Static) = 0.008935 | Cell 2 (Plastic) = 0.008365
Trial: 544, Time:73.129s
Trial 544: Cell 1 (Static) = 0.008962 | Cell 2 (Plastic) = 0.008390
Trial: 545, Time:72.993s
Trial 545: Cell 1 (Static) = 0.008988 | Cell 2 (Plastic) = 0.008415
Trial: 546, Time:72.966s
Trial 546: Cell 1 (Static) = 0.009015 | Cell 2 (Plastic) = 0.008440
Trial: 547, Time:73.414s
Trial 547: Cell 1 (Static) = 0.009042 | Cell 2 (Plastic) = 0.008466
Trial: 548, Time:73.297s
Trial 548: Cell 1 (Static) = 0.009070 | Cell 2 (Plastic) = 0.008491
Trial: 549, Time:73.358s
Trial 549: Cell 1 (Static) = 0.009097 | Cell 2 (Plastic) = 0.008517
Trial: 550, Time:73.161s
Trial 550: Cell 1 (Static) = 0.009124 | Cell 2 (Plastic) = 0.008542
Trial: 551, Time:73.665s
Trial 551: Cell 1 (Static) = 0.009151 | Cell 2 (Plastic) = 0.008568
Trial: 552, Time:73.869s
Trial 552: Cell 1 (Static) = 0.009179 | Cell 2 (Plastic) = 0.008594
Trial: 553, Time:73.459s
Trial 553: Cell 1 (Static) = 0.009206 | Cell 2 (Plastic) = 0.008568
Trial: 554, Time:73.672s
Trial 554: Cell 1 (Static) = 0.009234 | Cell 2 (Plastic) = 0.008542
Trial: 555, Time:73.971s
Trial 555: Cell 1 (Static) = 0.009262 | Cell 2 (Plastic) = 0.008517
Trial: 556, Time:73.506s
Trial 556: Cell 1 (Static) = 0.009290 | Cell 2 (Plastic) = 0.008491
Trial: 557, Time:73.904s
Trial 557: Cell 1 (Static) = 0.009317 | Cell 2 (Plastic) = 0.008466
Trial: 558, Time:73.363s
Trial 558: Cell 1 (Static) = 0.009345 | Cell 2 (Plastic) = 0.008440
Trial: 559, Time:73.382s
Trial 559: Cell 1 (Static) = 0.009373 | Cell 2 (Plastic) = 0.008415
Trial: 560, Time:73.411s
Trial 560: Cell 1 (Static) = 0.009402 | Cell 2 (Plastic) = 0.008390
Trial: 561, Time:73.096s
Trial 561: Cell 1 (Static) = 0.009430 | Cell 2 (Plastic) = 0.008365
Trial: 562, Time:72.992s
Trial 562: Cell 1 (Static) = 0.009458 | Cell 2 (Plastic) = 0.008340
Trial: 563, Time:73.220s
Trial 563: Cell 1 (Static) = 0.009486 | Cell 2 (Plastic) = 0.008315
Trial: 564, Time:73.293s
Trial 564: Cell 1 (Static) = 0.009515 | Cell 2 (Plastic) = 0.008290
Trial: 565, Time:72.852s
Trial 565: Cell 1 (Static) = 0.009543 | Cell 2 (Plastic) = 0.008265
Trial: 566, Time:73.224s
Trial 566: Cell 1 (Static) = 0.009572 | Cell 2 (Plastic) = 0.008290
Trial: 567, Time:73.781s
Trial 567: Cell 1 (Static) = 0.009601 | Cell 2 (Plastic) = 0.008315
Trial: 568, Time:73.687s
Trial 568: Cell 1 (Static) = 0.009630 | Cell 2 (Plastic) = 0.008340
Trial: 569, Time:73.425s
Trial 569: Cell 1 (Static) = 0.009658 | Cell 2 (Plastic) = 0.008365
Trial: 570, Time:73.267s
Trial 570: Cell 1 (Static) = 0.009687 | Cell 2 (Plastic) = 0.008340
Trial: 571, Time:73.668s
Trial 571: Cell 1 (Static) = 0.009717 | Cell 2 (Plastic) = 0.008315
Trial: 572, Time:73.698s
Trial 572: Cell 1 (Static) = 0.009746 | Cell 2 (Plastic) = 0.008290
Trial: 573, Time:73.840s
Trial 573: Cell 1 (Static) = 0.009775 | Cell 2 (Plastic) = 0.008265
Trial: 574, Time:74.197s
Trial 574: Cell 1 (Static) = 0.009804 | Cell 2 (Plastic) = 0.008241
Trial: 575, Time:73.906s
Trial 575: Cell 1 (Static) = 0.009834 | Cell 2 (Plastic) = 0.008216
Trial: 576, Time:73.727s
Trial 576: Cell 1 (Static) = 0.009863 | Cell 2 (Plastic) = 0.008191
Trial: 577, Time:74.028s
Trial 577: Cell 1 (Static) = 0.009834 | Cell 2 (Plastic) = 0.008167
Trial: 578, Time:73.894s
Trial 578: Cell 1 (Static) = 0.009804 | Cell 2 (Plastic) = 0.008142
Trial: 579, Time:73.756s
Trial 579: Cell 1 (Static) = 0.009834 | Cell 2 (Plastic) = 0.008118
Trial: 580, Time:74.030s
Trial 580: Cell 1 (Static) = 0.009863 | Cell 2 (Plastic) = 0.008094
Trial: 581, Time:73.984s
Trial 581: Cell 1 (Static) = 0.009893 | Cell 2 (Plastic) = 0.008070
Trial: 582, Time:74.370s
Trial 582: Cell 1 (Static) = 0.009922 | Cell 2 (Plastic) = 0.008045
Trial: 583, Time:74.212s
Trial 583: Cell 1 (Static) = 0.009952 | Cell 2 (Plastic) = 0.008021
Trial: 584, Time:74.428s
Trial 584: Cell 1 (Static) = 0.009922 | Cell 2 (Plastic) = 0.008045
Trial: 585, Time:74.453s
Trial 585: Cell 1 (Static) = 0.009893 | Cell 2 (Plastic) = 0.008070
Trial: 586, Time:74.331s
Trial 586: Cell 1 (Static) = 0.009863 | Cell 2 (Plastic) = 0.008094
Trial: 587, Time:74.676s
Trial 587: Cell 1 (Static) = 0.009834 | Cell 2 (Plastic) = 0.008118
Trial: 588, Time:74.867s
Trial 588: Cell 1 (Static) = 0.009804 | Cell 2 (Plastic) = 0.008142
Trial: 589, Time:74.498s
Trial 589: Cell 1 (Static) = 0.009775 | Cell 2 (Plastic) = 0.008167
Trial: 590, Time:74.747s
Trial 590: Cell 1 (Static) = 0.009804 | Cell 2 (Plastic) = 0.008191
Trial: 591, Time:74.172s
Trial 591: Cell 1 (Static) = 0.009834 | Cell 2 (Plastic) = 0.008216
Trial: 592, Time:73.896s
Trial 592: Cell 1 (Static) = 0.009863 | Cell 2 (Plastic) = 0.008241
Trial: 593, Time:74.048s
Trial 593: Cell 1 (Static) = 0.009893 | Cell 2 (Plastic) = 0.008265
Trial: 594, Time:74.493s
Trial 594: Cell 1 (Static) = 0.009922 | Cell 2 (Plastic) = 0.008290
Trial: 595, Time:74.348s
Trial 595: Cell 1 (Static) = 0.009952 | Cell 2 (Plastic) = 0.008315
Trial: 596, Time:74.035s
Trial 596: Cell 1 (Static) = 0.009982 | Cell 2 (Plastic) = 0.008340
Trial: 597, Time:74.508s
Trial 597: Cell 1 (Static) = 0.009952 | Cell 2 (Plastic) = 0.008365
Trial: 598, Time:74.455s
Trial 598: Cell 1 (Static) = 0.009922 | Cell 2 (Plastic) = 0.008390
Trial: 599, Time:74.473s
Trial 599: Cell 1 (Static) = 0.009893 | Cell 2 (Plastic) = 0.008415
Trial: 600, Time:74.873s
Trial 600: Cell 1 (Static) = 0.009863 | Cell 2 (Plastic) = 0.008440
Trial: 601, Time:74.805s
Trial 601: Cell 1 (Static) = 0.009893 | Cell 2 (Plastic) = 0.008466
Trial: 602, Time:75.102s
Trial 602: Cell 1 (Static) = 0.009922 | Cell 2 (Plastic) = 0.008491
Trial: 603, Time:74.868s
Trial 603: Cell 1 (Static) = 0.009952 | Cell 2 (Plastic) = 0.008517
Trial: 604, Time:74.854s
Trial 604: Cell 1 (Static) = 0.009982 | Cell 2 (Plastic) = 0.008542
Trial: 605, Time:74.502s
Trial 605: Cell 1 (Static) = 0.010012 | Cell 2 (Plastic) = 0.008568
Trial: 606, Time:75.118s
Trial 606: Cell 1 (Static) = 0.010042 | Cell 2 (Plastic) = 0.008594
Trial: 607, Time:74.798s
Trial 607: Cell 1 (Static) = 0.010072 | Cell 2 (Plastic) = 0.008619
Trial: 608, Time:74.735s
Trial 608: Cell 1 (Static) = 0.010102 | Cell 2 (Plastic) = 0.008645
Trial: 609, Time:74.365s
Trial 609: Cell 1 (Static) = 0.010133 | Cell 2 (Plastic) = 0.008671
Trial: 610, Time:74.554s
Trial 610: Cell 1 (Static) = 0.010163 | Cell 2 (Plastic) = 0.008697
Trial: 611, Time:75.007s
Trial 611: Cell 1 (Static) = 0.010194 | Cell 2 (Plastic) = 0.008723
Trial: 612, Time:74.995s
Trial 612: Cell 1 (Static) = 0.010224 | Cell 2 (Plastic) = 0.008749
Trial: 613, Time:74.720s
Trial 613: Cell 1 (Static) = 0.010255 | Cell 2 (Plastic) = 0.008776
Trial: 614, Time:75.136s
Trial 614: Cell 1 (Static) = 0.010286 | Cell 2 (Plastic) = 0.008802
Trial: 615, Time:74.901s
Trial 615: Cell 1 (Static) = 0.010255 | Cell 2 (Plastic) = 0.008828
Trial: 616, Time:74.891s
Trial 616: Cell 1 (Static) = 0.010224 | Cell 2 (Plastic) = 0.008855
Trial: 617, Time:74.117s
Trial 617: Cell 1 (Static) = 0.010194 | Cell 2 (Plastic) = 0.008881
Trial: 618, Time:74.150s
Trial 618: Cell 1 (Static) = 0.010163 | Cell 2 (Plastic) = 0.008908
Trial: 619, Time:74.377s
Trial 619: Cell 1 (Static) = 0.010133 | Cell 2 (Plastic) = 0.008935
Trial: 620, Time:74.033s
Trial 620: Cell 1 (Static) = 0.010163 | Cell 2 (Plastic) = 0.008962
Trial: 621, Time:74.617s
Trial 621: Cell 1 (Static) = 0.010194 | Cell 2 (Plastic) = 0.008988
Trial: 622, Time:74.726s
Trial 622: Cell 1 (Static) = 0.010163 | Cell 2 (Plastic) = 0.009015
Trial: 623, Time:74.718s
Trial 623: Cell 1 (Static) = 0.010133 | Cell 2 (Plastic) = 0.009042
Trial: 624, Time:75.199s
Trial 624: Cell 1 (Static) = 0.010102 | Cell 2 (Plastic) = 0.009015
Trial: 625, Time:74.943s
Trial 625: Cell 1 (Static) = 0.010072 | Cell 2 (Plastic) = 0.008988
Trial: 626, Time:75.055s
Trial 626: Cell 1 (Static) = 0.010042 | Cell 2 (Plastic) = 0.008962
Trial: 627, Time:74.748s
Trial 627: Cell 1 (Static) = 0.010012 | Cell 2 (Plastic) = 0.008988
Trial: 628, Time:74.483s
Trial 628: Cell 1 (Static) = 0.009982 | Cell 2 (Plastic) = 0.009015
Trial: 629, Time:74.985s
Trial 629: Cell 1 (Static) = 0.010012 | Cell 2 (Plastic) = 0.009042
Trial: 630, Time:75.224s
Trial 630: Cell 1 (Static) = 0.010042 | Cell 2 (Plastic) = 0.009070
Trial: 631, Time:75.177s
Trial 631: Cell 1 (Static) = 0.010072 | Cell 2 (Plastic) = 0.009097
Trial: 632, Time:75.244s
Trial 632: Cell 1 (Static) = 0.010102 | Cell 2 (Plastic) = 0.009124
Trial: 633, Time:75.752s
Trial 633: Cell 1 (Static) = 0.010133 | Cell 2 (Plastic) = 0.009151
Trial: 634, Time:75.764s
Trial 634: Cell 1 (Static) = 0.010163 | Cell 2 (Plastic) = 0.009179
Trial: 635, Time:75.334s
Trial 635: Cell 1 (Static) = 0.010194 | Cell 2 (Plastic) = 0.009151
Trial: 636, Time:75.827s
Trial 636: Cell 1 (Static) = 0.010224 | Cell 2 (Plastic) = 0.009124
Trial: 637, Time:75.877s
Trial 637: Cell 1 (Static) = 0.010255 | Cell 2 (Plastic) = 0.009097
Trial: 638, Time:75.909s
Trial 638: Cell 1 (Static) = 0.010286 | Cell 2 (Plastic) = 0.009070
Trial: 639, Time:75.536s
Trial 639: Cell 1 (Static) = 0.010316 | Cell 2 (Plastic) = 0.009042
Trial: 640, Time:75.993s
Trial 640: Cell 1 (Static) = 0.010347 | Cell 2 (Plastic) = 0.009070
Trial: 641, Time:75.471s
Trial 641: Cell 1 (Static) = 0.010378 | Cell 2 (Plastic) = 0.009097
Trial: 642, Time:75.833s
Trial 642: Cell 1 (Static) = 0.010347 | Cell 2 (Plastic) = 0.009124
Trial: 643, Time:75.686s
Trial 643: Cell 1 (Static) = 0.010378 | Cell 2 (Plastic) = 0.009151
Trial: 644, Time:74.883s
Trial 644: Cell 1 (Static) = 0.010410 | Cell 2 (Plastic) = 0.009124
Trial: 645, Time:75.489s
Trial 645: Cell 1 (Static) = 0.010441 | Cell 2 (Plastic) = 0.009151
Trial: 646, Time:74.996s
Trial 646: Cell 1 (Static) = 0.010410 | Cell 2 (Plastic) = 0.009179
Trial: 647, Time:74.951s
Trial 647: Cell 1 (Static) = 0.010378 | Cell 2 (Plastic) = 0.009206
Trial: 648, Time:74.864s
Trial 648: Cell 1 (Static) = 0.010347 | Cell 2 (Plastic) = 0.009234
Trial: 649, Time:75.184s
Trial 649: Cell 1 (Static) = 0.010378 | Cell 2 (Plastic) = 0.009262
Trial: 650, Time:75.189s
Trial 650: Cell 1 (Static) = 0.010410 | Cell 2 (Plastic) = 0.009234
Trial: 651, Time:75.495s
Trial 651: Cell 1 (Static) = 0.010378 | Cell 2 (Plastic) = 0.009262
Trial: 652, Time:75.445s
Trial 652: Cell 1 (Static) = 0.010410 | Cell 2 (Plastic) = 0.009234
Trial: 653, Time:75.514s
Trial 653: Cell 1 (Static) = 0.010441 | Cell 2 (Plastic) = 0.009206
Trial: 654, Time:75.706s
Trial 654: Cell 1 (Static) = 0.010472 | Cell 2 (Plastic) = 0.009179
Trial: 655, Time:75.669s
Trial 655: Cell 1 (Static) = 0.010504 | Cell 2 (Plastic) = 0.009151
Trial: 656, Time:75.576s
Trial 656: Cell 1 (Static) = 0.010472 | Cell 2 (Plastic) = 0.009124
Trial: 657, Time:75.391s
Trial 657: Cell 1 (Static) = 0.010441 | Cell 2 (Plastic) = 0.009151
Trial: 658, Time:75.264s
Trial 658: Cell 1 (Static) = 0.010472 | Cell 2 (Plastic) = 0.009124
Trial: 659, Time:75.177s
Trial 659: Cell 1 (Static) = 0.010441 | Cell 2 (Plastic) = 0.009097
Trial: 660, Time:75.152s
Trial 660: Cell 1 (Static) = 0.010472 | Cell 2 (Plastic) = 0.009070
Trial: 661, Time:75.702s
Trial 661: Cell 1 (Static) = 0.010504 | Cell 2 (Plastic) = 0.009042
Trial: 662, Time:75.641s
Trial 662: Cell 1 (Static) = 0.010535 | Cell 2 (Plastic) = 0.009015
Trial: 663, Time:75.720s
Trial 663: Cell 1 (Static) = 0.010567 | Cell 2 (Plastic) = 0.008988
Trial: 664, Time:75.145s
Trial 664: Cell 1 (Static) = 0.010598 | Cell 2 (Plastic) = 0.008962
Trial: 665, Time:74.798s
Trial 665: Cell 1 (Static) = 0.010630 | Cell 2 (Plastic) = 0.008935
Trial: 666, Time:75.094s
Trial 666: Cell 1 (Static) = 0.010662 | Cell 2 (Plastic) = 0.008908
Trial: 667, Time:75.710s
Trial 667: Cell 1 (Static) = 0.010694 | Cell 2 (Plastic) = 0.008881
Trial: 668, Time:76.054s
Trial 668: Cell 1 (Static) = 0.010726 | Cell 2 (Plastic) = 0.008855
Trial: 669, Time:75.858s
Trial 669: Cell 1 (Static) = 0.010758 | Cell 2 (Plastic) = 0.008881
Trial: 670, Time:76.091s
Trial 670: Cell 1 (Static) = 0.010791 | Cell 2 (Plastic) = 0.008908
Trial: 671, Time:75.366s
Trial 671: Cell 1 (Static) = 0.010823 | Cell 2 (Plastic) = 0.008935
Trial: 672, Time:75.771s
Trial 672: Cell 1 (Static) = 0.010855 | Cell 2 (Plastic) = 0.008962
Trial: 673, Time:75.848s
Trial 673: Cell 1 (Static) = 0.010888 | Cell 2 (Plastic) = 0.008988
Trial: 674, Time:76.286s
Trial 674: Cell 1 (Static) = 0.010921 | Cell 2 (Plastic) = 0.009015
Trial: 675, Time:76.415s
Trial 675: Cell 1 (Static) = 0.010953 | Cell 2 (Plastic) = 0.009042
Trial: 676, Time:76.596s
Trial 676: Cell 1 (Static) = 0.010986 | Cell 2 (Plastic) = 0.009015
Trial: 677, Time:76.213s
Trial 677: Cell 1 (Static) = 0.011019 | Cell 2 (Plastic) = 0.008988
Trial: 678, Time:76.295s
Trial 678: Cell 1 (Static) = 0.011052 | Cell 2 (Plastic) = 0.008962
Trial: 679, Time:76.287s
Trial 679: Cell 1 (Static) = 0.011019 | Cell 2 (Plastic) = 0.008935
Trial: 680, Time:76.021s
Trial 680: Cell 1 (Static) = 0.010986 | Cell 2 (Plastic) = 0.008908
Trial: 681, Time:76.052s
Trial 681: Cell 1 (Static) = 0.010953 | Cell 2 (Plastic) = 0.008881
Trial: 682, Time:75.993s
Trial 682: Cell 1 (Static) = 0.010921 | Cell 2 (Plastic) = 0.008908
Trial: 683, Time:75.985s
Trial 683: Cell 1 (Static) = 0.010888 | Cell 2 (Plastic) = 0.008935
Trial: 684, Time:76.131s
Trial 684: Cell 1 (Static) = 0.010855 | Cell 2 (Plastic) = 0.008962
Trial: 685, Time:76.259s
Trial 685: Cell 1 (Static) = 0.010823 | Cell 2 (Plastic) = 0.008988
Trial: 686, Time:76.215s
Trial 686: Cell 1 (Static) = 0.010855 | Cell 2 (Plastic) = 0.009015
Trial: 687, Time:75.944s
Trial 687: Cell 1 (Static) = 0.010888 | Cell 2 (Plastic) = 0.009042
Trial: 688, Time:75.967s
Trial 688: Cell 1 (Static) = 0.010921 | Cell 2 (Plastic) = 0.009070
Trial: 689, Time:76.010s
Trial 689: Cell 1 (Static) = 0.010888 | Cell 2 (Plastic) = 0.009097
Trial: 690, Time:76.154s
Trial 690: Cell 1 (Static) = 0.010921 | Cell 2 (Plastic) = 0.009124
Trial: 691, Time:76.051s
Trial 691: Cell 1 (Static) = 0.010953 | Cell 2 (Plastic) = 0.009151
Trial: 692, Time:76.329s
Trial 692: Cell 1 (Static) = 0.010986 | Cell 2 (Plastic) = 0.009179
Trial: 693, Time:76.039s
Trial 693: Cell 1 (Static) = 0.011019 | Cell 2 (Plastic) = 0.009206
Trial: 694, Time:76.079s
Trial 694: Cell 1 (Static) = 0.010986 | Cell 2 (Plastic) = 0.009234
Trial: 695, Time:75.960s
Trial 695: Cell 1 (Static) = 0.011019 | Cell 2 (Plastic) = 0.009262
Trial: 696, Time:76.509s
Trial 696: Cell 1 (Static) = 0.011052 | Cell 2 (Plastic) = 0.009290
Trial: 697, Time:76.806s
Trial 697: Cell 1 (Static) = 0.011085 | Cell 2 (Plastic) = 0.009317
Trial: 698, Time:76.566s
Trial 698: Cell 1 (Static) = 0.011119 | Cell 2 (Plastic) = 0.009345
Trial: 699, Time:76.819s
Trial 699: Cell 1 (Static) = 0.011152 | Cell 2 (Plastic) = 0.009373
Trial: 700, Time:76.379s
Trial 700: Cell 1 (Static) = 0.011185 | Cell 2 (Plastic) = 0.009402
Trial: 701, Time:76.457s
Trial 701: Cell 1 (Static) = 0.011219 | Cell 2 (Plastic) = 0.009430
Trial: 702, Time:76.902s
Trial 702: Cell 1 (Static) = 0.011185 | Cell 2 (Plastic) = 0.009458
Trial: 703, Time:76.908s
Trial 703: Cell 1 (Static) = 0.011152 | Cell 2 (Plastic) = 0.009486
Trial: 704, Time:76.621s
Trial 704: Cell 1 (Static) = 0.011119 | Cell 2 (Plastic) = 0.009458
Trial: 705, Time:76.445s
Trial 705: Cell 1 (Static) = 0.011152 | Cell 2 (Plastic) = 0.009430
Trial: 706, Time:76.409s
Trial 706: Cell 1 (Static) = 0.011185 | Cell 2 (Plastic) = 0.009402
Trial: 707, Time:75.911s
Trial 707: Cell 1 (Static) = 0.011219 | Cell 2 (Plastic) = 0.009373
Trial: 708, Time:75.810s
Trial 708: Cell 1 (Static) = 0.011253 | Cell 2 (Plastic) = 0.009345
Trial: 709, Time:75.437s
Trial 709: Cell 1 (Static) = 0.011286 | Cell 2 (Plastic) = 0.009317
Trial: 710, Time:75.276s
Trial 710: Cell 1 (Static) = 0.011320 | Cell 2 (Plastic) = 0.009290
Trial: 711, Time:75.395s
Trial 711: Cell 1 (Static) = 0.011354 | Cell 2 (Plastic) = 0.009262
Trial: 712, Time:75.429s
Trial 712: Cell 1 (Static) = 0.011320 | Cell 2 (Plastic) = 0.009234
Trial: 713, Time:75.688s
Trial 713: Cell 1 (Static) = 0.011286 | Cell 2 (Plastic) = 0.009206
Trial: 714, Time:75.910s
Trial 714: Cell 1 (Static) = 0.011253 | Cell 2 (Plastic) = 0.009179
Trial: 715, Time:75.952s
Trial 715: Cell 1 (Static) = 0.011219 | Cell 2 (Plastic) = 0.009151
Trial: 716, Time:75.446s
Trial 716: Cell 1 (Static) = 0.011185 | Cell 2 (Plastic) = 0.009124
Trial: 717, Time:75.531s
Trial 717: Cell 1 (Static) = 0.011152 | Cell 2 (Plastic) = 0.009097
Trial: 718, Time:75.475s
Trial 718: Cell 1 (Static) = 0.011119 | Cell 2 (Plastic) = 0.009070
Trial: 719, Time:75.711s
Trial 719: Cell 1 (Static) = 0.011085 | Cell 2 (Plastic) = 0.009042
Trial: 720, Time:75.632s
Trial 720: Cell 1 (Static) = 0.011052 | Cell 2 (Plastic) = 0.009015
Trial: 721, Time:75.714s
Trial 721: Cell 1 (Static) = 0.011019 | Cell 2 (Plastic) = 0.008988
Trial: 722, Time:75.630s
Trial 722: Cell 1 (Static) = 0.010986 | Cell 2 (Plastic) = 0.008962
Trial: 723, Time:76.090s
Trial 723: Cell 1 (Static) = 0.010953 | Cell 2 (Plastic) = 0.008935
Trial: 724, Time:76.117s
Trial 724: Cell 1 (Static) = 0.010921 | Cell 2 (Plastic) = 0.008908
Trial: 725, Time:75.673s
Trial 725: Cell 1 (Static) = 0.010888 | Cell 2 (Plastic) = 0.008881
Trial: 726, Time:76.550s
Trial 726: Cell 1 (Static) = 0.010855 | Cell 2 (Plastic) = 0.008908
Trial: 727, Time:76.121s
Trial 727: Cell 1 (Static) = 0.010823 | Cell 2 (Plastic) = 0.008935
Trial: 728, Time:76.002s
Trial 728: Cell 1 (Static) = 0.010791 | Cell 2 (Plastic) = 0.008962
Trial: 729, Time:76.011s
Trial 729: Cell 1 (Static) = 0.010758 | Cell 2 (Plastic) = 0.008988
Trial: 730, Time:76.364s
Trial 730: Cell 1 (Static) = 0.010726 | Cell 2 (Plastic) = 0.009015
Trial: 731, Time:76.249s
Trial 731: Cell 1 (Static) = 0.010694 | Cell 2 (Plastic) = 0.009042
Trial: 732, Time:76.469s
Trial 732: Cell 1 (Static) = 0.010662 | Cell 2 (Plastic) = 0.009070
Trial: 733, Time:76.262s
Trial 733: Cell 1 (Static) = 0.010630 | Cell 2 (Plastic) = 0.009097
Trial: 734, Time:75.528s
Trial 734: Cell 1 (Static) = 0.010598 | Cell 2 (Plastic) = 0.009124
Trial: 735, Time:76.317s
Trial 735: Cell 1 (Static) = 0.010567 | Cell 2 (Plastic) = 0.009151
Trial: 736, Time:76.075s
Trial 736: Cell 1 (Static) = 0.010535 | Cell 2 (Plastic) = 0.009179
Trial: 737, Time:76.354s
Trial 737: Cell 1 (Static) = 0.010504 | Cell 2 (Plastic) = 0.009206
Trial: 738, Time:76.488s
Trial 738: Cell 1 (Static) = 0.010472 | Cell 2 (Plastic) = 0.009234
Trial: 739, Time:76.147s
Trial 739: Cell 1 (Static) = 0.010441 | Cell 2 (Plastic) = 0.009262
Trial: 740, Time:75.864s
Trial 740: Cell 1 (Static) = 0.010410 | Cell 2 (Plastic) = 0.009290
Trial: 741, Time:75.554s
Trial 741: Cell 1 (Static) = 0.010378 | Cell 2 (Plastic) = 0.009317
Trial: 742, Time:75.531s
Trial 742: Cell 1 (Static) = 0.010347 | Cell 2 (Plastic) = 0.009345
Trial: 743, Time:75.299s
Trial 743: Cell 1 (Static) = 0.010316 | Cell 2 (Plastic) = 0.009373
Trial: 744, Time:75.309s
Trial 744: Cell 1 (Static) = 0.010286 | Cell 2 (Plastic) = 0.009402
Trial: 745, Time:75.732s
Trial 745: Cell 1 (Static) = 0.010255 | Cell 2 (Plastic) = 0.009430
Trial: 746, Time:75.940s
Trial 746: Cell 1 (Static) = 0.010224 | Cell 2 (Plastic) = 0.009458
Trial: 747, Time:75.598s
Trial 747: Cell 1 (Static) = 0.010194 | Cell 2 (Plastic) = 0.009486
Trial: 748, Time:75.763s
Trial 748: Cell 1 (Static) = 0.010163 | Cell 2 (Plastic) = 0.009458
Trial: 749, Time:75.586s
Trial 749: Cell 1 (Static) = 0.010133 | Cell 2 (Plastic) = 0.009486
Trial: 750, Time:75.499s
Trial 750: Cell 1 (Static) = 0.010163 | Cell 2 (Plastic) = 0.009515
Trial: 751, Time:75.491s
Trial 751: Cell 1 (Static) = 0.010194 | Cell 2 (Plastic) = 0.009543
Trial: 752, Time:76.251s
Trial 752: Cell 1 (Static) = 0.010224 | Cell 2 (Plastic) = 0.009572
Trial: 753, Time:76.510s
Trial 753: Cell 1 (Static) = 0.010255 | Cell 2 (Plastic) = 0.009601
Trial: 754, Time:77.026s
Trial 754: Cell 1 (Static) = 0.010286 | Cell 2 (Plastic) = 0.009630
Trial: 755, Time:77.126s
Trial 755: Cell 1 (Static) = 0.010316 | Cell 2 (Plastic) = 0.009658
Trial: 756, Time:77.137s
Trial 756: Cell 1 (Static) = 0.010347 | Cell 2 (Plastic) = 0.009687
Trial: 757, Time:77.316s
Trial 757: Cell 1 (Static) = 0.010378 | Cell 2 (Plastic) = 0.009717
Trial: 758, Time:76.562s
Trial 758: Cell 1 (Static) = 0.010410 | Cell 2 (Plastic) = 0.009746
Trial: 759, Time:76.966s
Trial 759: Cell 1 (Static) = 0.010378 | Cell 2 (Plastic) = 0.009775
Trial: 760, Time:76.580s
Trial 760: Cell 1 (Static) = 0.010410 | Cell 2 (Plastic) = 0.009804
Trial: 761, Time:76.495s
Trial 761: Cell 1 (Static) = 0.010378 | Cell 2 (Plastic) = 0.009834
Trial: 762, Time:76.412s
Trial 762: Cell 1 (Static) = 0.010347 | Cell 2 (Plastic) = 0.009804
Trial: 763, Time:76.408s
Trial 763: Cell 1 (Static) = 0.010316 | Cell 2 (Plastic) = 0.009775
Trial: 764, Time:76.778s
Trial 764: Cell 1 (Static) = 0.010286 | Cell 2 (Plastic) = 0.009746
Trial: 765, Time:76.626s
Trial 765: Cell 1 (Static) = 0.010255 | Cell 2 (Plastic) = 0.009717
Trial: 766, Time:76.588s
Trial 766: Cell 1 (Static) = 0.010224 | Cell 2 (Plastic) = 0.009687
Trial: 767, Time:77.268s
Trial 767: Cell 1 (Static) = 0.010194 | Cell 2 (Plastic) = 0.009717
Trial: 768, Time:77.501s
Trial 768: Cell 1 (Static) = 0.010163 | Cell 2 (Plastic) = 0.009687
Trial: 769, Time:77.326s
Trial 769: Cell 1 (Static) = 0.010133 | Cell 2 (Plastic) = 0.009717
Trial: 770, Time:77.258s
Trial 770: Cell 1 (Static) = 0.010163 | Cell 2 (Plastic) = 0.009746
Trial: 771, Time:76.883s
Trial 771: Cell 1 (Static) = 0.010133 | Cell 2 (Plastic) = 0.009775
Trial: 772, Time:76.804s
Trial 772: Cell 1 (Static) = 0.010102 | Cell 2 (Plastic) = 0.009746
Trial: 773, Time:76.914s
Trial 773: Cell 1 (Static) = 0.010072 | Cell 2 (Plastic) = 0.009717
Trial: 774, Time:77.194s
Trial 774: Cell 1 (Static) = 0.010042 | Cell 2 (Plastic) = 0.009687
Trial: 775, Time:77.058s
Trial 775: Cell 1 (Static) = 0.010012 | Cell 2 (Plastic) = 0.009717
Trial: 776, Time:76.714s
Trial 776: Cell 1 (Static) = 0.010042 | Cell 2 (Plastic) = 0.009746
Trial: 777, Time:76.752s
Trial 777: Cell 1 (Static) = 0.010072 | Cell 2 (Plastic) = 0.009775
Trial: 778, Time:77.164s
Trial 778: Cell 1 (Static) = 0.010102 | Cell 2 (Plastic) = 0.009804
Trial: 779, Time:77.348s
Trial 779: Cell 1 (Static) = 0.010133 | Cell 2 (Plastic) = 0.009834
Trial: 780, Time:77.249s
Trial 780: Cell 1 (Static) = 0.010163 | Cell 2 (Plastic) = 0.009863
Trial: 781, Time:77.385s
Trial 781: Cell 1 (Static) = 0.010194 | Cell 2 (Plastic) = 0.009893
Trial: 782, Time:77.557s
Trial 782: Cell 1 (Static) = 0.010163 | Cell 2 (Plastic) = 0.009922
Trial: 783, Time:77.633s
Trial 783: Cell 1 (Static) = 0.010133 | Cell 2 (Plastic) = 0.009952
Trial: 784, Time:78.119s
Trial 784: Cell 1 (Static) = 0.010163 | Cell 2 (Plastic) = 0.009982
Trial: 785, Time:77.848s
Trial 785: Cell 1 (Static) = 0.010194 | Cell 2 (Plastic) = 0.010012
Trial: 786, Time:78.061s
Trial 786: Cell 1 (Static) = 0.010224 | Cell 2 (Plastic) = 0.010042
Trial: 787, Time:77.866s
Trial 787: Cell 1 (Static) = 0.010255 | Cell 2 (Plastic) = 0.010072
Trial: 788, Time:77.984s
Trial 788: Cell 1 (Static) = 0.010286 | Cell 2 (Plastic) = 0.010102
Trial: 789, Time:78.085s
Trial 789: Cell 1 (Static) = 0.010316 | Cell 2 (Plastic) = 0.010133
Trial: 790, Time:77.948s
Trial 790: Cell 1 (Static) = 0.010286 | Cell 2 (Plastic) = 0.010163
Trial: 791, Time:78.076s
Trial 791: Cell 1 (Static) = 0.010255 | Cell 2 (Plastic) = 0.010133
Trial: 792, Time:78.205s
Trial 792: Cell 1 (Static) = 0.010224 | Cell 2 (Plastic) = 0.010102
Trial: 793, Time:77.408s
Trial 793: Cell 1 (Static) = 0.010194 | Cell 2 (Plastic) = 0.010072
Trial: 794, Time:77.433s
Trial 794: Cell 1 (Static) = 0.010224 | Cell 2 (Plastic) = 0.010102
Trial: 795, Time:77.852s
Trial 795: Cell 1 (Static) = 0.010255 | Cell 2 (Plastic) = 0.010133
Trial: 796, Time:77.917s
Trial 796: Cell 1 (Static) = 0.010286 | Cell 2 (Plastic) = 0.010102
Trial: 797, Time:77.517s
Trial 797: Cell 1 (Static) = 0.010316 | Cell 2 (Plastic) = 0.010072
Trial: 798, Time:78.119s
Trial 798: Cell 1 (Static) = 0.010347 | Cell 2 (Plastic) = 0.010042
Trial: 799, Time:78.086s
Trial 799: Cell 1 (Static) = 0.010378 | Cell 2 (Plastic) = 0.010012
Trial: 800, Time:78.456s
Trial 800: Cell 1 (Static) = 0.010410 | Cell 2 (Plastic) = 0.009982
Trial: 801, Time:78.089s
Trial 801: Cell 1 (Static) = 0.010441 | Cell 2 (Plastic) = 0.010012
Trial: 802, Time:78.607s
Trial 802: Cell 1 (Static) = 0.010472 | Cell 2 (Plastic) = 0.010042
Trial: 803, Time:78.364s
Trial 803: Cell 1 (Static) = 0.010504 | Cell 2 (Plastic) = 0.010072
Trial: 804, Time:78.708s
Trial 804: Cell 1 (Static) = 0.010535 | Cell 2 (Plastic) = 0.010102
Trial: 805, Time:78.201s
Trial 805: Cell 1 (Static) = 0.010567 | Cell 2 (Plastic) = 0.010133
Trial: 806, Time:77.628s
Trial 806: Cell 1 (Static) = 0.010598 | Cell 2 (Plastic) = 0.010163
Trial: 807, Time:78.008s
Trial 807: Cell 1 (Static) = 0.010630 | Cell 2 (Plastic) = 0.010194
Trial: 808, Time:78.377s
Trial 808: Cell 1 (Static) = 0.010662 | Cell 2 (Plastic) = 0.010224
Trial: 809, Time:78.628s
Trial 809: Cell 1 (Static) = 0.010630 | Cell 2 (Plastic) = 0.010255
Trial: 810, Time:78.698s
Trial 810: Cell 1 (Static) = 0.010662 | Cell 2 (Plastic) = 0.010286
Trial: 811, Time:78.280s
Trial 811: Cell 1 (Static) = 0.010630 | Cell 2 (Plastic) = 0.010316
Trial: 812, Time:77.842s
Trial 812: Cell 1 (Static) = 0.010598 | Cell 2 (Plastic) = 0.010347
Trial: 813, Time:78.420s
Trial 813: Cell 1 (Static) = 0.010567 | Cell 2 (Plastic) = 0.010378
Trial: 814, Time:78.603s
Trial 814: Cell 1 (Static) = 0.010535 | Cell 2 (Plastic) = 0.010410
Trial: 815, Time:77.790s
Trial 815: Cell 1 (Static) = 0.010504 | Cell 2 (Plastic) = 0.010441
Trial: 816, Time:77.669s
Trial 816: Cell 1 (Static) = 0.010472 | Cell 2 (Plastic) = 0.010472
Trial: 817, Time:77.314s
Trial 817: Cell 1 (Static) = 0.010504 | Cell 2 (Plastic) = 0.010504
Trial: 818, Time:77.173s
Trial 818: Cell 1 (Static) = 0.010535 | Cell 2 (Plastic) = 0.010535
Trial: 819, Time:77.374s
Trial 819: Cell 1 (Static) = 0.010567 | Cell 2 (Plastic) = 0.010567
Trial: 820, Time:78.019s
Trial 820: Cell 1 (Static) = 0.010535 | Cell 2 (Plastic) = 0.010535
Trial: 821, Time:77.685s
Trial 821: Cell 1 (Static) = 0.010504 | Cell 2 (Plastic) = 0.010504
Trial: 822, Time:77.398s
Trial 822: Cell 1 (Static) = 0.010472 | Cell 2 (Plastic) = 0.010472
Trial: 823, Time:77.423s
Trial 823: Cell 1 (Static) = 0.010441 | Cell 2 (Plastic) = 0.010441
Trial: 824, Time:77.489s
Trial 824: Cell 1 (Static) = 0.010410 | Cell 2 (Plastic) = 0.010410
Trial: 825, Time:78.608s
Trial 825: Cell 1 (Static) = 0.010378 | Cell 2 (Plastic) = 0.010378
Trial: 826, Time:78.244s
Trial 826: Cell 1 (Static) = 0.010347 | Cell 2 (Plastic) = 0.010347
Trial: 827, Time:78.292s
Trial 827: Cell 1 (Static) = 0.010316 | Cell 2 (Plastic) = 0.010316
Trial: 828, Time:78.458s
Trial 828: Cell 1 (Static) = 0.010347 | Cell 2 (Plastic) = 0.010286
Trial: 829, Time:78.927s
Trial 829: Cell 1 (Static) = 0.010316 | Cell 2 (Plastic) = 0.010255
Trial: 830, Time:79.837s
Trial 830: Cell 1 (Static) = 0.010347 | Cell 2 (Plastic) = 0.010224
Trial: 831, Time:79.260s
Trial 831: Cell 1 (Static) = 0.010378 | Cell 2 (Plastic) = 0.010255
Trial: 832, Time:79.719s
Trial 832: Cell 1 (Static) = 0.010410 | Cell 2 (Plastic) = 0.010286
Trial: 833, Time:78.826s
Trial 833: Cell 1 (Static) = 0.010441 | Cell 2 (Plastic) = 0.010255
Trial: 834, Time:79.474s
Trial 834: Cell 1 (Static) = 0.010472 | Cell 2 (Plastic) = 0.010224
Trial: 835, Time:79.864s
Trial 835: Cell 1 (Static) = 0.010504 | Cell 2 (Plastic) = 0.010255
Trial: 836, Time:79.286s
Trial 836: Cell 1 (Static) = 0.010472 | Cell 2 (Plastic) = 0.010224
Trial: 837, Time:79.654s
Trial 837: Cell 1 (Static) = 0.010441 | Cell 2 (Plastic) = 0.010194
Trial: 838, Time:79.517s
Trial 838: Cell 1 (Static) = 0.010410 | Cell 2 (Plastic) = 0.010163
Trial: 839, Time:79.120s
Trial 839: Cell 1 (Static) = 0.010378 | Cell 2 (Plastic) = 0.010133
Trial: 840, Time:79.146s
Trial 840: Cell 1 (Static) = 0.010347 | Cell 2 (Plastic) = 0.010102
Trial: 841, Time:79.462s
Trial 841: Cell 1 (Static) = 0.010316 | Cell 2 (Plastic) = 0.010072
Trial: 842, Time:79.118s
Trial 842: Cell 1 (Static) = 0.010286 | Cell 2 (Plastic) = 0.010042
Trial: 843, Time:79.887s
Trial 843: Cell 1 (Static) = 0.010255 | Cell 2 (Plastic) = 0.010012
Trial: 844, Time:79.825s
Trial 844: Cell 1 (Static) = 0.010224 | Cell 2 (Plastic) = 0.009982
Trial: 845, Time:79.588s
Trial 845: Cell 1 (Static) = 0.010255 | Cell 2 (Plastic) = 0.010012
Trial: 846, Time:80.115s
Trial 846: Cell 1 (Static) = 0.010224 | Cell 2 (Plastic) = 0.009982
Trial: 847, Time:79.577s
Trial 847: Cell 1 (Static) = 0.010194 | Cell 2 (Plastic) = 0.010012
Trial: 848, Time:79.660s
Trial 848: Cell 1 (Static) = 0.010163 | Cell 2 (Plastic) = 0.009982
Trial: 849, Time:79.705s
Trial 849: Cell 1 (Static) = 0.010133 | Cell 2 (Plastic) = 0.009952
Trial: 850, Time:80.245s
Trial 850: Cell 1 (Static) = 0.010102 | Cell 2 (Plastic) = 0.009922
Trial: 851, Time:79.217s
Trial 851: Cell 1 (Static) = 0.010072 | Cell 2 (Plastic) = 0.009893
Trial: 852, Time:80.175s
Trial 852: Cell 1 (Static) = 0.010042 | Cell 2 (Plastic) = 0.009863
Trial: 853, Time:80.536s
Trial 853: Cell 1 (Static) = 0.010012 | Cell 2 (Plastic) = 0.009834
Trial: 854, Time:80.363s
Trial 854: Cell 1 (Static) = 0.009982 | Cell 2 (Plastic) = 0.009804
Trial: 855, Time:80.871s
Trial 855: Cell 1 (Static) = 0.009952 | Cell 2 (Plastic) = 0.009775
Trial: 856, Time:80.226s
Trial 856: Cell 1 (Static) = 0.009922 | Cell 2 (Plastic) = 0.009746
Trial: 857, Time:79.914s
Trial 857: Cell 1 (Static) = 0.009952 | Cell 2 (Plastic) = 0.009717
Trial: 858, Time:79.992s
Trial 858: Cell 1 (Static) = 0.009922 | Cell 2 (Plastic) = 0.009687
Trial: 859, Time:79.825s
Trial 859: Cell 1 (Static) = 0.009893 | Cell 2 (Plastic) = 0.009658
Trial: 860, Time:79.404s
Trial 860: Cell 1 (Static) = 0.009922 | Cell 2 (Plastic) = 0.009687
Trial: 861, Time:78.865s
Trial 861: Cell 1 (Static) = 0.009952 | Cell 2 (Plastic) = 0.009658
Trial: 862, Time:102.092s
Trial 862: Cell 1 (Static) = 0.009982 | Cell 2 (Plastic) = 0.009630
Trial: 863, Time:476.509s
Trial 863: Cell 1 (Static) = 0.010012 | Cell 2 (Plastic) = 0.009601
Trial: 864, Time:78.595s
Trial 864: Cell 1 (Static) = 0.010042 | Cell 2 (Plastic) = 0.009572
Trial: 865, Time:79.962s
Trial 865: Cell 1 (Static) = 0.010072 | Cell 2 (Plastic) = 0.009543
Trial: 866, Time:80.329s
Trial 866: Cell 1 (Static) = 0.010102 | Cell 2 (Plastic) = 0.009515
Trial: 867, Time:79.735s
Trial 867: Cell 1 (Static) = 0.010133 | Cell 2 (Plastic) = 0.009486
Trial: 868, Time:80.154s
Trial 868: Cell 1 (Static) = 0.010163 | Cell 2 (Plastic) = 0.009458
Trial: 869, Time:80.367s
Trial 869: Cell 1 (Static) = 0.010194 | Cell 2 (Plastic) = 0.009430
Trial: 870, Time:79.385s
Trial 870: Cell 1 (Static) = 0.010224 | Cell 2 (Plastic) = 0.009458
Trial: 871, Time:80.000s
Trial 871: Cell 1 (Static) = 0.010194 | Cell 2 (Plastic) = 0.009486
Trial: 872, Time:79.509s
Trial 872: Cell 1 (Static) = 0.010163 | Cell 2 (Plastic) = 0.009515
Trial: 873, Time:80.223s
Trial 873: Cell 1 (Static) = 0.010133 | Cell 2 (Plastic) = 0.009543
Trial: 874, Time:81.754s
Trial 874: Cell 1 (Static) = 0.010102 | Cell 2 (Plastic) = 0.009572
Trial: 875, Time:80.883s
Trial 875: Cell 1 (Static) = 0.010072 | Cell 2 (Plastic) = 0.009601
Trial: 876, Time:80.805s
Trial 876: Cell 1 (Static) = 0.010042 | Cell 2 (Plastic) = 0.009630
Trial: 877, Time:80.502s
Trial 877: Cell 1 (Static) = 0.010012 | Cell 2 (Plastic) = 0.009658
Trial: 878, Time:79.885s
Trial 878: Cell 1 (Static) = 0.009982 | Cell 2 (Plastic) = 0.009687
Trial: 879, Time:80.051s
Trial 879: Cell 1 (Static) = 0.009952 | Cell 2 (Plastic) = 0.009717
Trial: 880, Time:80.039s
Trial 880: Cell 1 (Static) = 0.009922 | Cell 2 (Plastic) = 0.009746
Trial: 881, Time:79.911s
Trial 881: Cell 1 (Static) = 0.009893 | Cell 2 (Plastic) = 0.009775
Trial: 882, Time:79.415s
Trial 882: Cell 1 (Static) = 0.009863 | Cell 2 (Plastic) = 0.009804
Trial: 883, Time:79.665s
Trial 883: Cell 1 (Static) = 0.009893 | Cell 2 (Plastic) = 0.009834
Trial: 884, Time:79.286s
Trial 884: Cell 1 (Static) = 0.009922 | Cell 2 (Plastic) = 0.009863
Trial: 885, Time:78.626s
Trial 885: Cell 1 (Static) = 0.009952 | Cell 2 (Plastic) = 0.009834
Trial: 886, Time:78.869s
Trial 886: Cell 1 (Static) = 0.009922 | Cell 2 (Plastic) = 0.009804
Trial: 887, Time:78.315s
Trial 887: Cell 1 (Static) = 0.009952 | Cell 2 (Plastic) = 0.009775
Trial: 888, Time:78.614s
Trial 888: Cell 1 (Static) = 0.009982 | Cell 2 (Plastic) = 0.009804
Trial: 889, Time:78.456s
Trial 889: Cell 1 (Static) = 0.010012 | Cell 2 (Plastic) = 0.009834
Trial: 890, Time:78.698s
Trial 890: Cell 1 (Static) = 0.009982 | Cell 2 (Plastic) = 0.009863
Trial: 891, Time:79.426s
Trial 891: Cell 1 (Static) = 0.009952 | Cell 2 (Plastic) = 0.009893
Trial: 892, Time:78.743s
Trial 892: Cell 1 (Static) = 0.009922 | Cell 2 (Plastic) = 0.009922
Trial: 893, Time:78.562s
Trial 893: Cell 1 (Static) = 0.009893 | Cell 2 (Plastic) = 0.009952
Trial: 894, Time:79.111s
Trial 894: Cell 1 (Static) = 0.009863 | Cell 2 (Plastic) = 0.009982
Trial: 895, Time:79.580s
Trial 895: Cell 1 (Static) = 0.009893 | Cell 2 (Plastic) = 0.010012
Trial: 896, Time:79.754s
Trial 896: Cell 1 (Static) = 0.009922 | Cell 2 (Plastic) = 0.010042
Trial: 897, Time:79.526s
Trial 897: Cell 1 (Static) = 0.009952 | Cell 2 (Plastic) = 0.010072
Trial: 898, Time:80.180s
Trial 898: Cell 1 (Static) = 0.009982 | Cell 2 (Plastic) = 0.010102
Trial: 899, Time:79.645s
Trial 899: Cell 1 (Static) = 0.010012 | Cell 2 (Plastic) = 0.010133
Trial: 900, Time:79.928s
Trial 900: Cell 1 (Static) = 0.010042 | Cell 2 (Plastic) = 0.010163
Trial: 901, Time:79.623s
Trial 901: Cell 1 (Static) = 0.010072 | Cell 2 (Plastic) = 0.010194
Trial: 902, Time:79.553s
Trial 902: Cell 1 (Static) = 0.010102 | Cell 2 (Plastic) = 0.010224
Trial: 903, Time:79.531s
Trial 903: Cell 1 (Static) = 0.010133 | Cell 2 (Plastic) = 0.010194
Trial: 904, Time:79.063s
Trial 904: Cell 1 (Static) = 0.010163 | Cell 2 (Plastic) = 0.010224
Trial: 905, Time:79.084s
Trial 905: Cell 1 (Static) = 0.010194 | Cell 2 (Plastic) = 0.010255
Trial: 906, Time:79.131s
Trial 906: Cell 1 (Static) = 0.010224 | Cell 2 (Plastic) = 0.010286
Trial: 907, Time:79.655s
Trial 907: Cell 1 (Static) = 0.010255 | Cell 2 (Plastic) = 0.010316
Trial: 908, Time:78.195s
Trial 908: Cell 1 (Static) = 0.010286 | Cell 2 (Plastic) = 0.010347
Trial: 909, Time:77.921s
Trial 909: Cell 1 (Static) = 0.010316 | Cell 2 (Plastic) = 0.010378
Trial: 910, Time:78.216s
Trial 910: Cell 1 (Static) = 0.010347 | Cell 2 (Plastic) = 0.010410
Trial: 911, Time:78.259s
Trial 911: Cell 1 (Static) = 0.010316 | Cell 2 (Plastic) = 0.010441
Trial: 912, Time:78.364s
Trial 912: Cell 1 (Static) = 0.010286 | Cell 2 (Plastic) = 0.010472
Trial: 913, Time:78.378s
Trial 913: Cell 1 (Static) = 0.010255 | Cell 2 (Plastic) = 0.010504
Trial: 914, Time:78.311s
Trial 914: Cell 1 (Static) = 0.010224 | Cell 2 (Plastic) = 0.010535
Trial: 915, Time:78.864s
Trial 915: Cell 1 (Static) = 0.010194 | Cell 2 (Plastic) = 0.010504
Trial: 916, Time:78.702s
Trial 916: Cell 1 (Static) = 0.010163 | Cell 2 (Plastic) = 0.010472
Trial: 917, Time:78.541s
Trial 917: Cell 1 (Static) = 0.010133 | Cell 2 (Plastic) = 0.010504
Trial: 918, Time:78.890s
Trial 918: Cell 1 (Static) = 0.010102 | Cell 2 (Plastic) = 0.010535
Trial: 919, Time:79.000s
Trial 919: Cell 1 (Static) = 0.010072 | Cell 2 (Plastic) = 0.010567
Trial: 920, Time:78.748s
Trial 920: Cell 1 (Static) = 0.010042 | Cell 2 (Plastic) = 0.010598
Trial: 921, Time:78.794s
Trial 921: Cell 1 (Static) = 0.010012 | Cell 2 (Plastic) = 0.010567
Trial: 922, Time:79.134s
Trial 922: Cell 1 (Static) = 0.009982 | Cell 2 (Plastic) = 0.010535
Trial: 923, Time:79.047s
Trial 923: Cell 1 (Static) = 0.009952 | Cell 2 (Plastic) = 0.010504
Trial: 924, Time:79.272s
Trial 924: Cell 1 (Static) = 0.009922 | Cell 2 (Plastic) = 0.010535
Trial: 925, Time:79.231s
Trial 925: Cell 1 (Static) = 0.009893 | Cell 2 (Plastic) = 0.010567
Trial: 926, Time:79.113s
Trial 926: Cell 1 (Static) = 0.009863 | Cell 2 (Plastic) = 0.010598
Trial: 927, Time:79.552s
Trial 927: Cell 1 (Static) = 0.009834 | Cell 2 (Plastic) = 0.010630
Trial: 928, Time:79.547s
Trial 928: Cell 1 (Static) = 0.009804 | Cell 2 (Plastic) = 0.010662
Trial: 929, Time:79.113s
Trial 929: Cell 1 (Static) = 0.009775 | Cell 2 (Plastic) = 0.010694
Trial: 930, Time:79.246s
Trial 930: Cell 1 (Static) = 0.009746 | Cell 2 (Plastic) = 0.010726
Trial: 931, Time:79.572s
Trial 931: Cell 1 (Static) = 0.009717 | Cell 2 (Plastic) = 0.010758
Trial: 932, Time:78.868s
Trial 932: Cell 1 (Static) = 0.009746 | Cell 2 (Plastic) = 0.010791
Trial: 933, Time:78.688s
Trial 933: Cell 1 (Static) = 0.009717 | Cell 2 (Plastic) = 0.010758
Trial: 934, Time:78.812s
Trial 934: Cell 1 (Static) = 0.009687 | Cell 2 (Plastic) = 0.010726
Trial: 935, Time:78.267s
Trial 935: Cell 1 (Static) = 0.009717 | Cell 2 (Plastic) = 0.010694
Trial: 936, Time:78.443s
Trial 936: Cell 1 (Static) = 0.009746 | Cell 2 (Plastic) = 0.010662
Trial: 937, Time:78.886s
Trial 937: Cell 1 (Static) = 0.009775 | Cell 2 (Plastic) = 0.010630
Trial: 938, Time:79.096s
Trial 938: Cell 1 (Static) = 0.009804 | Cell 2 (Plastic) = 0.010598
Trial: 939, Time:79.781s
Trial 939: Cell 1 (Static) = 0.009834 | Cell 2 (Plastic) = 0.010567
Trial: 940, Time:79.556s
Trial 940: Cell 1 (Static) = 0.009863 | Cell 2 (Plastic) = 0.010598
Trial: 941, Time:79.527s
Trial 941: Cell 1 (Static) = 0.009893 | Cell 2 (Plastic) = 0.010630
Trial: 942, Time:79.243s
Trial 942: Cell 1 (Static) = 0.009922 | Cell 2 (Plastic) = 0.010662
Trial: 943, Time:79.039s
Trial 943: Cell 1 (Static) = 0.009952 | Cell 2 (Plastic) = 0.010694
Trial: 944, Time:78.804s
Trial 944: Cell 1 (Static) = 0.009982 | Cell 2 (Plastic) = 0.010726
Trial: 945, Time:79.461s
Trial 945: Cell 1 (Static) = 0.010012 | Cell 2 (Plastic) = 0.010758
Trial: 946, Time:79.318s
Trial 946: Cell 1 (Static) = 0.009982 | Cell 2 (Plastic) = 0.010791
Trial: 947, Time:79.317s
Trial 947: Cell 1 (Static) = 0.009952 | Cell 2 (Plastic) = 0.010823
Trial: 948, Time:78.960s
Trial 948: Cell 1 (Static) = 0.009982 | Cell 2 (Plastic) = 0.010855
Trial: 949, Time:78.887s
Trial 949: Cell 1 (Static) = 0.010012 | Cell 2 (Plastic) = 0.010888
Trial: 950, Time:79.213s
Trial 950: Cell 1 (Static) = 0.010042 | Cell 2 (Plastic) = 0.010855
Trial: 951, Time:79.376s
Trial 951: Cell 1 (Static) = 0.010072 | Cell 2 (Plastic) = 0.010823
Trial: 952, Time:78.814s
Trial 952: Cell 1 (Static) = 0.010042 | Cell 2 (Plastic) = 0.010791
Trial: 953, Time:79.319s
Trial 953: Cell 1 (Static) = 0.010012 | Cell 2 (Plastic) = 0.010823
Trial: 954, Time:79.984s
Trial 954: Cell 1 (Static) = 0.009982 | Cell 2 (Plastic) = 0.010855
Trial: 955, Time:80.190s
Trial 955: Cell 1 (Static) = 0.009952 | Cell 2 (Plastic) = 0.010888
Trial: 956, Time:79.977s
Trial 956: Cell 1 (Static) = 0.009922 | Cell 2 (Plastic) = 0.010855
Trial: 957, Time:80.036s
Trial 957: Cell 1 (Static) = 0.009952 | Cell 2 (Plastic) = 0.010823
Trial: 958, Time:80.552s
Trial 958: Cell 1 (Static) = 0.009982 | Cell 2 (Plastic) = 0.010791
Trial: 959, Time:80.307s
Trial 959: Cell 1 (Static) = 0.010012 | Cell 2 (Plastic) = 0.010758
Trial: 960, Time:80.131s
Trial 960: Cell 1 (Static) = 0.010042 | Cell 2 (Plastic) = 0.010726
Trial: 961, Time:80.400s
Trial 961: Cell 1 (Static) = 0.010072 | Cell 2 (Plastic) = 0.010694
Trial: 962, Time:80.246s
Trial 962: Cell 1 (Static) = 0.010102 | Cell 2 (Plastic) = 0.010662
Trial: 963, Time:81.001s
Trial 963: Cell 1 (Static) = 0.010133 | Cell 2 (Plastic) = 0.010694
Trial: 964, Time:80.897s
Trial 964: Cell 1 (Static) = 0.010163 | Cell 2 (Plastic) = 0.010726
Trial: 965, Time:80.161s
Trial 965: Cell 1 (Static) = 0.010133 | Cell 2 (Plastic) = 0.010758
Trial: 966, Time:80.135s
Trial 966: Cell 1 (Static) = 0.010163 | Cell 2 (Plastic) = 0.010791
Trial: 967, Time:79.889s
Trial 967: Cell 1 (Static) = 0.010194 | Cell 2 (Plastic) = 0.010823
Trial: 968, Time:80.063s
Trial 968: Cell 1 (Static) = 0.010224 | Cell 2 (Plastic) = 0.010855
Trial: 969, Time:79.179s
Trial 969: Cell 1 (Static) = 0.010255 | Cell 2 (Plastic) = 0.010888
Trial: 970, Time:78.969s
Trial 970: Cell 1 (Static) = 0.010286 | Cell 2 (Plastic) = 0.010921
Trial: 971, Time:78.434s
Trial 971: Cell 1 (Static) = 0.010255 | Cell 2 (Plastic) = 0.010953
Trial: 972, Time:79.028s
Trial 972: Cell 1 (Static) = 0.010224 | Cell 2 (Plastic) = 0.010921
Trial: 973, Time:79.541s
Trial 973: Cell 1 (Static) = 0.010255 | Cell 2 (Plastic) = 0.010888
Trial: 974, Time:79.422s
Trial 974: Cell 1 (Static) = 0.010286 | Cell 2 (Plastic) = 0.010855
Trial: 975, Time:79.290s
Trial 975: Cell 1 (Static) = 0.010316 | Cell 2 (Plastic) = 0.010823
Trial: 976, Time:79.901s
Trial 976: Cell 1 (Static) = 0.010347 | Cell 2 (Plastic) = 0.010791
Trial: 977, Time:79.717s
Trial 977: Cell 1 (Static) = 0.010378 | Cell 2 (Plastic) = 0.010758
Trial: 978, Time:79.632s
Trial 978: Cell 1 (Static) = 0.010410 | Cell 2 (Plastic) = 0.010791
Trial: 979, Time:79.508s
Trial 979: Cell 1 (Static) = 0.010378 | Cell 2 (Plastic) = 0.010758
Trial: 980, Time:79.528s
Trial 980: Cell 1 (Static) = 0.010347 | Cell 2 (Plastic) = 0.010726
Trial: 981, Time:80.063s
Trial 981: Cell 1 (Static) = 0.010316 | Cell 2 (Plastic) = 0.010694
Trial: 982, Time:80.637s
Trial 982: Cell 1 (Static) = 0.010286 | Cell 2 (Plastic) = 0.010662
Trial: 983, Time:79.821s
Trial 983: Cell 1 (Static) = 0.010255 | Cell 2 (Plastic) = 0.010630
Trial: 984, Time:79.809s
Trial 984: Cell 1 (Static) = 0.010224 | Cell 2 (Plastic) = 0.010662
Trial: 985, Time:79.311s
Trial 985: Cell 1 (Static) = 0.010194 | Cell 2 (Plastic) = 0.010694
Trial: 986, Time:79.968s
Trial 986: Cell 1 (Static) = 0.010163 | Cell 2 (Plastic) = 0.010726
Trial: 987, Time:79.893s
Trial 987: Cell 1 (Static) = 0.010133 | Cell 2 (Plastic) = 0.010758
Trial: 988, Time:79.415s
Trial 988: Cell 1 (Static) = 0.010102 | Cell 2 (Plastic) = 0.010791
Trial: 989, Time:78.900s
Trial 989: Cell 1 (Static) = 0.010072 | Cell 2 (Plastic) = 0.010823
Trial: 990, Time:78.834s
Trial 990: Cell 1 (Static) = 0.010042 | Cell 2 (Plastic) = 0.010855
Trial: 991, Time:78.548s
Trial 991: Cell 1 (Static) = 0.010012 | Cell 2 (Plastic) = 0.010888
Trial: 992, Time:78.695s
Trial 992: Cell 1 (Static) = 0.009982 | Cell 2 (Plastic) = 0.010921
Trial: 993, Time:78.911s
Trial 993: Cell 1 (Static) = 0.009952 | Cell 2 (Plastic) = 0.010953
Trial: 994, Time:79.549s
Trial 994: Cell 1 (Static) = 0.009922 | Cell 2 (Plastic) = 0.010986
Trial: 995, Time:79.436s
Trial 995: Cell 1 (Static) = 0.009893 | Cell 2 (Plastic) = 0.011019
Trial: 996, Time:80.259s
Trial 996: Cell 1 (Static) = 0.009922 | Cell 2 (Plastic) = 0.011052
Trial: 997, Time:80.305s
Trial 997: Cell 1 (Static) = 0.009952 | Cell 2 (Plastic) = 0.011019
Trial: 998, Time:80.565s
Trial 998: Cell 1 (Static) = 0.009982 | Cell 2 (Plastic) = 0.011052
Trial: 999, Time:81.613s
Trial 999: Cell 1 (Static) = 0.010012 | Cell 2 (Plastic) = 0.011085
Trial: 1000, Time:81.183s
Raster array saved to '/home/data/einez/homeostat_playground/MFGoGr_playground_shuffleMF10percent_noCS_yesGoGo_yesgrGo_mfgoplast_allcell_1000_trial/MFGoGr_playground_shuffleMF10percent_noCS_yesGoGo_yesgrGo_mfgoplast_allcell_1000_trial_GOrasters.npy'
Raster array saved to '/home/data/einez/homeostat_playground/MFGoGr_playground_shuffleMF10percent_noCS_yesGoGo_yesgrGo_mfgoplast_allcell_1000_trial/MFGoGr_playground_shuffleMF10percent_noCS_yesGoGo_yesgrGo_mfgoplast_allcell_1000_trial_GRrasters.npy'
Raster array saved to '/home/data/einez/homeostat_playground/MFGoGr_playground_shuffleMF10percent_noCS_yesGoGo_yesgrGo_mfgoplast_allcell_1000_trial/MFGoGr_playground_shuffleMF10percent_noCS_yesGoGo_yesgrGo_mfgoplast_allcell_1000_trial_gogoW.npy'
Raster array saved to '/home/data/einez/homeostat_playground/MFGoGr_playground_shuffleMF10percent_noCS_yesGoGo_yesgrGo_mfgoplast_allcell_1000_trial/MFGoGr_playground_shuffleMF10percent_noCS_yesGoGo_yesgrGo_mfgoplast_allcell_1000_trial_grgoW.npy'
Raster array saved to '/home/data/einez/homeostat_playground/MFGoGr_playground_shuffleMF10percent_noCS_yesGoGo_yesgrGo_mfgoplast_allcell_1000_trial/MFGoGr_playground_shuffleMF10percent_noCS_yesGoGo_yesgrGo_mfgoplast_allcell_1000_trial_mfgoW.npy'
Raster array saved to '/home/data/einez/homeostat_playground/MFGoGr_playground_shuffleMF10percent_noCS_yesGoGo_yesgrGo_mfgoplast_allcell_1000_trial/MFGoGr_playground_shuffleMF10percent_noCS_yesGoGo_yesgrGo_mfgoplast_allcell_1000_trial_mfgrW.npy'
Raster array saved to '/home/data/einez/homeostat_playground/MFGoGr_playground_shuffleMF10percent_noCS_yesGoGo_yesgrGo_mfgoplast_allcell_1000_trial/MFGoGr_playground_shuffleMF10percent_noCS_yesGoGo_yesgrGo_mfgoplast_allcell_1000_trial_gogrW.npy'
