nohup: ignoring input
Starting Session for GoGo Conv: 25 W: 0.05 ...
Initializing objects...
Objects initialized.
Loading connectivity arrays...
MFGO Connectivity Array Loaded.
MFGR Connectivity Array Loaded.
GOGR Connectivity Array Loaded.
GRGO Connectivity Array Loaded.
GOGO Connectivity Array Loaded.
Connectivity Arrays Loaded
Trial 0: Cell 1 (Static) = 0.004213 | Cell 2 (Plastic) = 0.004213
Trial: 1, Time:28.224s
Trial 1: Cell 1 (Static) = 0.004225 | Cell 2 (Plastic) = 0.004225
Trial: 2, Time:29.313s
Trial 2: Cell 1 (Static) = 0.004238 | Cell 2 (Plastic) = 0.004238
Trial: 3, Time:29.540s
Trial 3: Cell 1 (Static) = 0.004225 | Cell 2 (Plastic) = 0.004251
Trial: 4, Time:29.426s
Trial 4: Cell 1 (Static) = 0.004213 | Cell 2 (Plastic) = 0.004263
Trial: 5, Time:28.347s
Trial 5: Cell 1 (Static) = 0.004200 | Cell 2 (Plastic) = 0.004276
Trial: 6, Time:29.405s
Trial 6: Cell 1 (Static) = 0.004187 | Cell 2 (Plastic) = 0.004289
Trial: 7, Time:29.054s
Trial 7: Cell 1 (Static) = 0.004200 | Cell 2 (Plastic) = 0.004302
Trial: 8, Time:28.626s
Trial 8: Cell 1 (Static) = 0.004200 | Cell 2 (Plastic) = 0.004315
Trial: 9, Time:27.863s
Trial 9: Cell 1 (Static) = 0.004213 | Cell 2 (Plastic) = 0.004328
Trial: 10, Time:28.319s
Trial 10: Cell 1 (Static) = 0.004225 | Cell 2 (Plastic) = 0.004341
Trial: 11, Time:28.130s
Trial 11: Cell 1 (Static) = 0.004238 | Cell 2 (Plastic) = 0.004354
Trial: 12, Time:28.647s
Trial 12: Cell 1 (Static) = 0.004251 | Cell 2 (Plastic) = 0.004367
Trial: 13, Time:29.003s
Trial 13: Cell 1 (Static) = 0.004263 | Cell 2 (Plastic) = 0.004380
Trial: 14, Time:30.042s
Trial 14: Cell 1 (Static) = 0.004276 | Cell 2 (Plastic) = 0.004393
Trial: 15, Time:29.976s
Trial 15: Cell 1 (Static) = 0.004263 | Cell 2 (Plastic) = 0.004406
Trial: 16, Time:29.070s
Trial 16: Cell 1 (Static) = 0.004276 | Cell 2 (Plastic) = 0.004419
Trial: 17, Time:28.319s
Trial 17: Cell 1 (Static) = 0.004289 | Cell 2 (Plastic) = 0.004406
Trial: 18, Time:28.671s
Trial 18: Cell 1 (Static) = 0.004302 | Cell 2 (Plastic) = 0.004393
Trial: 19, Time:28.565s
Trial 19: Cell 1 (Static) = 0.004315 | Cell 2 (Plastic) = 0.004380
Trial: 20, Time:28.828s
Trial 20: Cell 1 (Static) = 0.004328 | Cell 2 (Plastic) = 0.004393
Trial: 21, Time:28.256s
Trial 21: Cell 1 (Static) = 0.004341 | Cell 2 (Plastic) = 0.004380
Trial: 22, Time:29.066s
Trial 22: Cell 1 (Static) = 0.004354 | Cell 2 (Plastic) = 0.004393
Trial: 23, Time:28.130s
Trial 23: Cell 1 (Static) = 0.004367 | Cell 2 (Plastic) = 0.004406
Trial: 24, Time:28.117s
Trial 24: Cell 1 (Static) = 0.004380 | Cell 2 (Plastic) = 0.004419
Trial: 25, Time:28.713s
Trial 25: Cell 1 (Static) = 0.004367 | Cell 2 (Plastic) = 0.004433
Trial: 26, Time:29.213s
Trial 26: Cell 1 (Static) = 0.004354 | Cell 2 (Plastic) = 0.004446
Trial: 27, Time:29.786s
Trial 27: Cell 1 (Static) = 0.004341 | Cell 2 (Plastic) = 0.004459
Trial: 28, Time:31.224s
Trial 28: Cell 1 (Static) = 0.004354 | Cell 2 (Plastic) = 0.004473
Trial: 29, Time:29.803s
Trial 29: Cell 1 (Static) = 0.004367 | Cell 2 (Plastic) = 0.004459
Trial: 30, Time:29.822s
Trial 30: Cell 1 (Static) = 0.004380 | Cell 2 (Plastic) = 0.004446
Trial: 31, Time:29.718s
Trial 31: Cell 1 (Static) = 0.004393 | Cell 2 (Plastic) = 0.004433
Trial: 32, Time:30.124s
Trial 32: Cell 1 (Static) = 0.004380 | Cell 2 (Plastic) = 0.004419
Trial: 33, Time:29.489s
Trial 33: Cell 1 (Static) = 0.004367 | Cell 2 (Plastic) = 0.004406
Trial: 34, Time:29.892s
Trial 34: Cell 1 (Static) = 0.004354 | Cell 2 (Plastic) = 0.004393
Trial: 35, Time:28.561s
Trial 35: Cell 1 (Static) = 0.004341 | Cell 2 (Plastic) = 0.004380
Trial: 36, Time:29.140s
Trial 36: Cell 1 (Static) = 0.004328 | Cell 2 (Plastic) = 0.004367
Trial: 37, Time:29.352s
Trial 37: Cell 1 (Static) = 0.004315 | Cell 2 (Plastic) = 0.004354
Trial: 38, Time:31.081s
Trial 38: Cell 1 (Static) = 0.004302 | Cell 2 (Plastic) = 0.004341
Trial: 39, Time:30.622s
Trial 39: Cell 1 (Static) = 0.004289 | Cell 2 (Plastic) = 0.004328
Trial: 40, Time:30.705s
Trial 40: Cell 1 (Static) = 0.004302 | Cell 2 (Plastic) = 0.004315
Trial: 41, Time:30.015s
Trial 41: Cell 1 (Static) = 0.004315 | Cell 2 (Plastic) = 0.004302
Trial: 42, Time:30.371s
Trial 42: Cell 1 (Static) = 0.004328 | Cell 2 (Plastic) = 0.004289
Trial: 43, Time:30.160s
Trial 43: Cell 1 (Static) = 0.004341 | Cell 2 (Plastic) = 0.004276
Trial: 44, Time:30.062s
Trial 44: Cell 1 (Static) = 0.004354 | Cell 2 (Plastic) = 0.004263
Trial: 45, Time:29.261s
Trial 45: Cell 1 (Static) = 0.004367 | Cell 2 (Plastic) = 0.004251
Trial: 46, Time:31.254s
Trial 46: Cell 1 (Static) = 0.004380 | Cell 2 (Plastic) = 0.004238
Trial: 47, Time:31.285s
Trial 47: Cell 1 (Static) = 0.004393 | Cell 2 (Plastic) = 0.004225
Trial: 48, Time:33.021s
Trial 48: Cell 1 (Static) = 0.004406 | Cell 2 (Plastic) = 0.004213
Trial: 49, Time:32.906s
Trial 49: Cell 1 (Static) = 0.004419 | Cell 2 (Plastic) = 0.004200
Trial: 50, Time:33.569s
Trial 50: Cell 1 (Static) = 0.004433 | Cell 2 (Plastic) = 0.004187
Trial: 51, Time:33.641s
Trial 51: Cell 1 (Static) = 0.004446 | Cell 2 (Plastic) = 0.004175
Trial: 52, Time:32.169s
Trial 52: Cell 1 (Static) = 0.004459 | Cell 2 (Plastic) = 0.004162
Trial: 53, Time:32.322s
Trial 53: Cell 1 (Static) = 0.004473 | Cell 2 (Plastic) = 0.004150
Trial: 54, Time:33.411s
Trial 54: Cell 1 (Static) = 0.004486 | Cell 2 (Plastic) = 0.004138
Trial: 55, Time:33.159s
Trial 55: Cell 1 (Static) = 0.004500 | Cell 2 (Plastic) = 0.004125
Trial: 56, Time:32.098s
Trial 56: Cell 1 (Static) = 0.004513 | Cell 2 (Plastic) = 0.004113
Trial: 57, Time:33.155s
Trial 57: Cell 1 (Static) = 0.004527 | Cell 2 (Plastic) = 0.004101
Trial: 58, Time:33.868s
Trial 58: Cell 1 (Static) = 0.004540 | Cell 2 (Plastic) = 0.004088
Trial: 59, Time:33.971s
Trial 59: Cell 1 (Static) = 0.004527 | Cell 2 (Plastic) = 0.004076
Trial: 60, Time:33.336s
Trial 60: Cell 1 (Static) = 0.004540 | Cell 2 (Plastic) = 0.004088
Trial: 61, Time:33.043s
Trial 61: Cell 1 (Static) = 0.004554 | Cell 2 (Plastic) = 0.004101
Trial: 62, Time:32.719s
Trial 62: Cell 1 (Static) = 0.004567 | Cell 2 (Plastic) = 0.004113
Trial: 63, Time:33.673s
Trial 63: Cell 1 (Static) = 0.004554 | Cell 2 (Plastic) = 0.004101
Trial: 64, Time:32.950s
Trial 64: Cell 1 (Static) = 0.004540 | Cell 2 (Plastic) = 0.004113
Trial: 65, Time:33.264s
Trial 65: Cell 1 (Static) = 0.004527 | Cell 2 (Plastic) = 0.004125
Trial: 66, Time:32.975s
Trial 66: Cell 1 (Static) = 0.004513 | Cell 2 (Plastic) = 0.004138
Trial: 67, Time:33.444s
Trial 67: Cell 1 (Static) = 0.004500 | Cell 2 (Plastic) = 0.004150
Trial: 68, Time:33.076s
Trial 68: Cell 1 (Static) = 0.004486 | Cell 2 (Plastic) = 0.004162
Trial: 69, Time:33.117s
Trial 69: Cell 1 (Static) = 0.004473 | Cell 2 (Plastic) = 0.004175
Trial: 70, Time:32.534s
Trial 70: Cell 1 (Static) = 0.004459 | Cell 2 (Plastic) = 0.004162
Trial: 71, Time:32.402s
Trial 71: Cell 1 (Static) = 0.004446 | Cell 2 (Plastic) = 0.004150
Trial: 72, Time:31.223s
Trial 72: Cell 1 (Static) = 0.004433 | Cell 2 (Plastic) = 0.004138
Trial: 73, Time:31.824s
Trial 73: Cell 1 (Static) = 0.004419 | Cell 2 (Plastic) = 0.004125
Trial: 74, Time:32.524s
Trial 74: Cell 1 (Static) = 0.004406 | Cell 2 (Plastic) = 0.004113
Trial: 75, Time:32.342s
Trial 75: Cell 1 (Static) = 0.004393 | Cell 2 (Plastic) = 0.004101
Trial: 76, Time:32.605s
Trial 76: Cell 1 (Static) = 0.004380 | Cell 2 (Plastic) = 0.004088
Trial: 77, Time:31.770s
Trial 77: Cell 1 (Static) = 0.004367 | Cell 2 (Plastic) = 0.004076
Trial: 78, Time:32.057s
Trial 78: Cell 1 (Static) = 0.004354 | Cell 2 (Plastic) = 0.004088
Trial: 79, Time:32.541s
Trial 79: Cell 1 (Static) = 0.004341 | Cell 2 (Plastic) = 0.004076
Trial: 80, Time:32.373s
Trial 80: Cell 1 (Static) = 0.004328 | Cell 2 (Plastic) = 0.004088
Trial: 81, Time:32.258s
Trial 81: Cell 1 (Static) = 0.004315 | Cell 2 (Plastic) = 0.004076
Trial: 82, Time:31.845s
Trial 82: Cell 1 (Static) = 0.004328 | Cell 2 (Plastic) = 0.004064
Trial: 83, Time:31.543s
Trial 83: Cell 1 (Static) = 0.004341 | Cell 2 (Plastic) = 0.004052
Trial: 84, Time:31.254s
Trial 84: Cell 1 (Static) = 0.004328 | Cell 2 (Plastic) = 0.004040
Trial: 85, Time:31.452s
Trial 85: Cell 1 (Static) = 0.004315 | Cell 2 (Plastic) = 0.004028
Trial: 86, Time:31.553s
Trial 86: Cell 1 (Static) = 0.004302 | Cell 2 (Plastic) = 0.004015
Trial: 87, Time:31.383s
Trial 87: Cell 1 (Static) = 0.004315 | Cell 2 (Plastic) = 0.004003
Trial: 88, Time:32.042s
Trial 88: Cell 1 (Static) = 0.004328 | Cell 2 (Plastic) = 0.003991
Trial: 89, Time:33.133s
Trial 89: Cell 1 (Static) = 0.004341 | Cell 2 (Plastic) = 0.003980
Trial: 90, Time:34.658s
Trial 90: Cell 1 (Static) = 0.004354 | Cell 2 (Plastic) = 0.003968
Trial: 91, Time:33.721s
Trial 91: Cell 1 (Static) = 0.004367 | Cell 2 (Plastic) = 0.003956
Trial: 92, Time:33.482s
Trial 92: Cell 1 (Static) = 0.004380 | Cell 2 (Plastic) = 0.003944
Trial: 93, Time:33.268s
Trial 93: Cell 1 (Static) = 0.004393 | Cell 2 (Plastic) = 0.003932
Trial: 94, Time:34.413s
Trial 94: Cell 1 (Static) = 0.004406 | Cell 2 (Plastic) = 0.003920
Trial: 95, Time:33.711s
Trial 95: Cell 1 (Static) = 0.004419 | Cell 2 (Plastic) = 0.003909
Trial: 96, Time:33.728s
Trial 96: Cell 1 (Static) = 0.004433 | Cell 2 (Plastic) = 0.003920
Trial: 97, Time:32.551s
Trial 97: Cell 1 (Static) = 0.004419 | Cell 2 (Plastic) = 0.003932
Trial: 98, Time:33.200s
Trial 98: Cell 1 (Static) = 0.004406 | Cell 2 (Plastic) = 0.003944
Trial: 99, Time:32.909s
Trial 99: Cell 1 (Static) = 0.004393 | Cell 2 (Plastic) = 0.003956
Trial: 100, Time:32.858s
Trial 100: Cell 1 (Static) = 0.004406 | Cell 2 (Plastic) = 0.003968
Trial: 101, Time:33.061s
Trial 101: Cell 1 (Static) = 0.004393 | Cell 2 (Plastic) = 0.003980
Trial: 102, Time:32.661s
Trial 102: Cell 1 (Static) = 0.004380 | Cell 2 (Plastic) = 0.003991
Trial: 103, Time:32.451s
Trial 103: Cell 1 (Static) = 0.004367 | Cell 2 (Plastic) = 0.004003
Trial: 104, Time:32.369s
Trial 104: Cell 1 (Static) = 0.004354 | Cell 2 (Plastic) = 0.004015
Trial: 105, Time:33.560s
Trial 105: Cell 1 (Static) = 0.004341 | Cell 2 (Plastic) = 0.004028
Trial: 106, Time:33.381s
Trial 106: Cell 1 (Static) = 0.004328 | Cell 2 (Plastic) = 0.004015
Trial: 107, Time:33.496s
Trial 107: Cell 1 (Static) = 0.004315 | Cell 2 (Plastic) = 0.004028
Trial: 108, Time:33.649s
Trial 108: Cell 1 (Static) = 0.004302 | Cell 2 (Plastic) = 0.004040
Trial: 109, Time:33.539s
Trial 109: Cell 1 (Static) = 0.004289 | Cell 2 (Plastic) = 0.004052
Trial: 110, Time:32.645s
Trial 110: Cell 1 (Static) = 0.004276 | Cell 2 (Plastic) = 0.004040
Trial: 111, Time:32.600s
Trial 111: Cell 1 (Static) = 0.004263 | Cell 2 (Plastic) = 0.004028
Trial: 112, Time:31.591s
Trial 112: Cell 1 (Static) = 0.004251 | Cell 2 (Plastic) = 0.004015
Trial: 113, Time:30.692s
Trial 113: Cell 1 (Static) = 0.004238 | Cell 2 (Plastic) = 0.004003
Trial: 114, Time:31.721s
Trial 114: Cell 1 (Static) = 0.004225 | Cell 2 (Plastic) = 0.003991
Trial: 115, Time:31.405s
Trial 115: Cell 1 (Static) = 0.004213 | Cell 2 (Plastic) = 0.004003
Trial: 116, Time:32.139s
Trial 116: Cell 1 (Static) = 0.004200 | Cell 2 (Plastic) = 0.004015
Trial: 117, Time:32.496s
Trial 117: Cell 1 (Static) = 0.004187 | Cell 2 (Plastic) = 0.004028
Trial: 118, Time:31.660s
Trial 118: Cell 1 (Static) = 0.004175 | Cell 2 (Plastic) = 0.004040
Trial: 119, Time:30.580s
Trial 119: Cell 1 (Static) = 0.004187 | Cell 2 (Plastic) = 0.004052
Trial: 120, Time:32.335s
Trial 120: Cell 1 (Static) = 0.004200 | Cell 2 (Plastic) = 0.004064
Trial: 121, Time:32.284s
Trial 121: Cell 1 (Static) = 0.004213 | Cell 2 (Plastic) = 0.004076
Trial: 122, Time:31.995s
Trial 122: Cell 1 (Static) = 0.004225 | Cell 2 (Plastic) = 0.004088
Trial: 123, Time:31.537s
Trial 123: Cell 1 (Static) = 0.004238 | Cell 2 (Plastic) = 0.004101
Trial: 124, Time:32.291s
Trial 124: Cell 1 (Static) = 0.004251 | Cell 2 (Plastic) = 0.004088
Trial: 125, Time:32.480s
Trial 125: Cell 1 (Static) = 0.004263 | Cell 2 (Plastic) = 0.004076
Trial: 126, Time:32.290s
Trial 126: Cell 1 (Static) = 0.004276 | Cell 2 (Plastic) = 0.004064
Trial: 127, Time:31.660s
Trial 127: Cell 1 (Static) = 0.004289 | Cell 2 (Plastic) = 0.004052
Trial: 128, Time:32.025s
Trial 128: Cell 1 (Static) = 0.004302 | Cell 2 (Plastic) = 0.004040
Trial: 129, Time:32.766s
Trial 129: Cell 1 (Static) = 0.004315 | Cell 2 (Plastic) = 0.004028
Trial: 130, Time:32.823s
Trial 130: Cell 1 (Static) = 0.004328 | Cell 2 (Plastic) = 0.004015
Trial: 131, Time:31.969s
Trial 131: Cell 1 (Static) = 0.004341 | Cell 2 (Plastic) = 0.004003
Trial: 132, Time:32.425s
Trial 132: Cell 1 (Static) = 0.004354 | Cell 2 (Plastic) = 0.003991
Trial: 133, Time:33.020s
Trial 133: Cell 1 (Static) = 0.004367 | Cell 2 (Plastic) = 0.003980
Trial: 134, Time:33.581s
Trial 134: Cell 1 (Static) = 0.004380 | Cell 2 (Plastic) = 0.003968
Trial: 135, Time:33.747s
Trial 135: Cell 1 (Static) = 0.004393 | Cell 2 (Plastic) = 0.003980
Trial: 136, Time:33.576s
Trial 136: Cell 1 (Static) = 0.004406 | Cell 2 (Plastic) = 0.003991
Trial: 137, Time:32.830s
Trial 137: Cell 1 (Static) = 0.004419 | Cell 2 (Plastic) = 0.004003
Trial: 138, Time:32.837s
Trial 138: Cell 1 (Static) = 0.004433 | Cell 2 (Plastic) = 0.004015
Trial: 139, Time:33.106s
Trial 139: Cell 1 (Static) = 0.004446 | Cell 2 (Plastic) = 0.004028
Trial: 140, Time:33.127s
Trial 140: Cell 1 (Static) = 0.004459 | Cell 2 (Plastic) = 0.004040
Trial: 141, Time:31.503s
Trial 141: Cell 1 (Static) = 0.004473 | Cell 2 (Plastic) = 0.004052
Trial: 142, Time:30.760s
Trial 142: Cell 1 (Static) = 0.004486 | Cell 2 (Plastic) = 0.004064
Trial: 143, Time:32.485s
Trial 143: Cell 1 (Static) = 0.004500 | Cell 2 (Plastic) = 0.004076
Trial: 144, Time:31.305s
Trial 144: Cell 1 (Static) = 0.004513 | Cell 2 (Plastic) = 0.004088
Trial: 145, Time:32.012s
Trial 145: Cell 1 (Static) = 0.004527 | Cell 2 (Plastic) = 0.004101
Trial: 146, Time:31.548s
Trial 146: Cell 1 (Static) = 0.004540 | Cell 2 (Plastic) = 0.004113
Trial: 147, Time:31.556s
Trial 147: Cell 1 (Static) = 0.004554 | Cell 2 (Plastic) = 0.004125
Trial: 148, Time:32.174s
Trial 148: Cell 1 (Static) = 0.004567 | Cell 2 (Plastic) = 0.004138
Trial: 149, Time:31.909s
Trial 149: Cell 1 (Static) = 0.004554 | Cell 2 (Plastic) = 0.004150
Trial: 150, Time:32.128s
Trial 150: Cell 1 (Static) = 0.004540 | Cell 2 (Plastic) = 0.004162
Trial: 151, Time:32.200s
Trial 151: Cell 1 (Static) = 0.004527 | Cell 2 (Plastic) = 0.004175
Trial: 152, Time:32.924s
Trial 152: Cell 1 (Static) = 0.004513 | Cell 2 (Plastic) = 0.004187
Trial: 153, Time:31.656s
Trial 153: Cell 1 (Static) = 0.004500 | Cell 2 (Plastic) = 0.004200
Trial: 154, Time:32.008s
Trial 154: Cell 1 (Static) = 0.004513 | Cell 2 (Plastic) = 0.004213
Trial: 155, Time:30.586s
Trial 155: Cell 1 (Static) = 0.004527 | Cell 2 (Plastic) = 0.004225
Trial: 156, Time:30.795s
Trial 156: Cell 1 (Static) = 0.004540 | Cell 2 (Plastic) = 0.004238
Trial: 157, Time:31.229s
Trial 157: Cell 1 (Static) = 0.004554 | Cell 2 (Plastic) = 0.004225
Trial: 158, Time:32.102s
Trial 158: Cell 1 (Static) = 0.004567 | Cell 2 (Plastic) = 0.004213
Trial: 159, Time:32.209s
Trial 159: Cell 1 (Static) = 0.004581 | Cell 2 (Plastic) = 0.004225
Trial: 160, Time:34.156s
Trial 160: Cell 1 (Static) = 0.004595 | Cell 2 (Plastic) = 0.004238
Trial: 161, Time:34.502s
Trial 161: Cell 1 (Static) = 0.004609 | Cell 2 (Plastic) = 0.004251
Trial: 162, Time:33.399s
Trial 162: Cell 1 (Static) = 0.004623 | Cell 2 (Plastic) = 0.004238
Trial: 163, Time:32.768s
Trial 163: Cell 1 (Static) = 0.004636 | Cell 2 (Plastic) = 0.004251
Trial: 164, Time:33.211s
Trial 164: Cell 1 (Static) = 0.004623 | Cell 2 (Plastic) = 0.004238
Trial: 165, Time:32.501s
Trial 165: Cell 1 (Static) = 0.004609 | Cell 2 (Plastic) = 0.004225
Trial: 166, Time:32.821s
Trial 166: Cell 1 (Static) = 0.004595 | Cell 2 (Plastic) = 0.004213
Trial: 167, Time:33.281s
Trial 167: Cell 1 (Static) = 0.004581 | Cell 2 (Plastic) = 0.004200
Trial: 168, Time:33.683s
Trial 168: Cell 1 (Static) = 0.004567 | Cell 2 (Plastic) = 0.004187
Trial: 169, Time:33.880s
Trial 169: Cell 1 (Static) = 0.004554 | Cell 2 (Plastic) = 0.004175
Trial: 170, Time:34.568s
Trial 170: Cell 1 (Static) = 0.004540 | Cell 2 (Plastic) = 0.004162
Trial: 171, Time:34.356s
Trial 171: Cell 1 (Static) = 0.004527 | Cell 2 (Plastic) = 0.004150
Trial: 172, Time:33.583s
Trial 172: Cell 1 (Static) = 0.004513 | Cell 2 (Plastic) = 0.004138
Trial: 173, Time:32.599s
Trial 173: Cell 1 (Static) = 0.004500 | Cell 2 (Plastic) = 0.004125
Trial: 174, Time:34.330s
Trial 174: Cell 1 (Static) = 0.004486 | Cell 2 (Plastic) = 0.004113
Trial: 175, Time:34.544s
Trial 175: Cell 1 (Static) = 0.004473 | Cell 2 (Plastic) = 0.004101
Trial: 176, Time:33.809s
Trial 176: Cell 1 (Static) = 0.004459 | Cell 2 (Plastic) = 0.004088
Trial: 177, Time:34.261s
Trial 177: Cell 1 (Static) = 0.004446 | Cell 2 (Plastic) = 0.004101
Trial: 178, Time:33.790s
Trial 178: Cell 1 (Static) = 0.004433 | Cell 2 (Plastic) = 0.004113
Trial: 179, Time:33.806s
Trial 179: Cell 1 (Static) = 0.004419 | Cell 2 (Plastic) = 0.004125
Trial: 180, Time:33.617s
Trial 180: Cell 1 (Static) = 0.004406 | Cell 2 (Plastic) = 0.004113
Trial: 181, Time:32.438s
Trial 181: Cell 1 (Static) = 0.004393 | Cell 2 (Plastic) = 0.004101
Trial: 182, Time:32.165s
Trial 182: Cell 1 (Static) = 0.004380 | Cell 2 (Plastic) = 0.004088
Trial: 183, Time:31.765s
Trial 183: Cell 1 (Static) = 0.004367 | Cell 2 (Plastic) = 0.004076
Trial: 184, Time:31.201s
Trial 184: Cell 1 (Static) = 0.004354 | Cell 2 (Plastic) = 0.004064
Trial: 185, Time:32.247s
Trial 185: Cell 1 (Static) = 0.004341 | Cell 2 (Plastic) = 0.004052
Trial: 186, Time:33.098s
Trial 186: Cell 1 (Static) = 0.004328 | Cell 2 (Plastic) = 0.004040
Trial: 187, Time:32.675s
Trial 187: Cell 1 (Static) = 0.004315 | Cell 2 (Plastic) = 0.004028
Trial: 188, Time:32.213s
Trial 188: Cell 1 (Static) = 0.004302 | Cell 2 (Plastic) = 0.004015
Trial: 189, Time:32.702s
Trial 189: Cell 1 (Static) = 0.004289 | Cell 2 (Plastic) = 0.004028
Trial: 190, Time:32.279s
Trial 190: Cell 1 (Static) = 0.004276 | Cell 2 (Plastic) = 0.004015
Trial: 191, Time:32.683s
Trial 191: Cell 1 (Static) = 0.004263 | Cell 2 (Plastic) = 0.004028
Trial: 192, Time:32.712s
Trial 192: Cell 1 (Static) = 0.004251 | Cell 2 (Plastic) = 0.004015
Trial: 193, Time:32.335s
Trial 193: Cell 1 (Static) = 0.004238 | Cell 2 (Plastic) = 0.004028
Trial: 194, Time:30.846s
Trial 194: Cell 1 (Static) = 0.004225 | Cell 2 (Plastic) = 0.004040
Trial: 195, Time:31.245s
Trial 195: Cell 1 (Static) = 0.004213 | Cell 2 (Plastic) = 0.004052
Trial: 196, Time:30.546s
Trial 196: Cell 1 (Static) = 0.004225 | Cell 2 (Plastic) = 0.004064
Trial: 197, Time:30.196s
Trial 197: Cell 1 (Static) = 0.004238 | Cell 2 (Plastic) = 0.004076
Trial: 198, Time:30.205s
Trial 198: Cell 1 (Static) = 0.004251 | Cell 2 (Plastic) = 0.004088
Trial: 199, Time:29.857s
Trial 199: Cell 1 (Static) = 0.004238 | Cell 2 (Plastic) = 0.004101
Trial: 200, Time:31.004s
Trial 200: Cell 1 (Static) = 0.004225 | Cell 2 (Plastic) = 0.004088
Trial: 201, Time:30.944s
Trial 201: Cell 1 (Static) = 0.004238 | Cell 2 (Plastic) = 0.004076
Trial: 202, Time:30.555s
Trial 202: Cell 1 (Static) = 0.004225 | Cell 2 (Plastic) = 0.004088
Trial: 203, Time:30.250s
Trial 203: Cell 1 (Static) = 0.004238 | Cell 2 (Plastic) = 0.004101
Trial: 204, Time:31.934s
Trial 204: Cell 1 (Static) = 0.004225 | Cell 2 (Plastic) = 0.004113
Trial: 205, Time:32.185s
Trial 205: Cell 1 (Static) = 0.004213 | Cell 2 (Plastic) = 0.004125
Trial: 206, Time:32.305s
Trial 206: Cell 1 (Static) = 0.004225 | Cell 2 (Plastic) = 0.004138
Trial: 207, Time:32.319s
Trial 207: Cell 1 (Static) = 0.004238 | Cell 2 (Plastic) = 0.004150
Trial: 208, Time:32.317s
Trial 208: Cell 1 (Static) = 0.004251 | Cell 2 (Plastic) = 0.004162
Trial: 209, Time:33.481s
Trial 209: Cell 1 (Static) = 0.004238 | Cell 2 (Plastic) = 0.004175
Trial: 210, Time:34.333s
Trial 210: Cell 1 (Static) = 0.004251 | Cell 2 (Plastic) = 0.004187
Trial: 211, Time:34.025s
Trial 211: Cell 1 (Static) = 0.004263 | Cell 2 (Plastic) = 0.004200
Trial: 212, Time:32.521s
Trial 212: Cell 1 (Static) = 0.004276 | Cell 2 (Plastic) = 0.004213
Trial: 213, Time:32.195s
Trial 213: Cell 1 (Static) = 0.004263 | Cell 2 (Plastic) = 0.004225
Trial: 214, Time:32.908s
Trial 214: Cell 1 (Static) = 0.004251 | Cell 2 (Plastic) = 0.004238
Trial: 215, Time:31.926s
Trial 215: Cell 1 (Static) = 0.004238 | Cell 2 (Plastic) = 0.004251
Trial: 216, Time:32.821s
Trial 216: Cell 1 (Static) = 0.004251 | Cell 2 (Plastic) = 0.004263
Trial: 217, Time:32.372s
Trial 217: Cell 1 (Static) = 0.004263 | Cell 2 (Plastic) = 0.004276
Trial: 218, Time:31.933s
Trial 218: Cell 1 (Static) = 0.004276 | Cell 2 (Plastic) = 0.004263
Trial: 219, Time:32.059s
Trial 219: Cell 1 (Static) = 0.004289 | Cell 2 (Plastic) = 0.004251
Trial: 220, Time:32.522s
Trial 220: Cell 1 (Static) = 0.004302 | Cell 2 (Plastic) = 0.004263
Trial: 221, Time:32.271s
Trial 221: Cell 1 (Static) = 0.004315 | Cell 2 (Plastic) = 0.004251
Trial: 222, Time:33.310s
Trial 222: Cell 1 (Static) = 0.004302 | Cell 2 (Plastic) = 0.004238
Trial: 223, Time:32.967s
Trial 223: Cell 1 (Static) = 0.004289 | Cell 2 (Plastic) = 0.004225
Trial: 224, Time:33.846s
Trial 224: Cell 1 (Static) = 0.004276 | Cell 2 (Plastic) = 0.004213
Trial: 225, Time:32.771s
Trial 225: Cell 1 (Static) = 0.004263 | Cell 2 (Plastic) = 0.004200
Trial: 226, Time:32.579s
Trial 226: Cell 1 (Static) = 0.004251 | Cell 2 (Plastic) = 0.004187
Trial: 227, Time:32.360s
Trial 227: Cell 1 (Static) = 0.004238 | Cell 2 (Plastic) = 0.004175
Trial: 228, Time:31.877s
Trial 228: Cell 1 (Static) = 0.004225 | Cell 2 (Plastic) = 0.004162
Trial: 229, Time:31.336s
Trial 229: Cell 1 (Static) = 0.004213 | Cell 2 (Plastic) = 0.004150
Trial: 230, Time:31.184s
Trial 230: Cell 1 (Static) = 0.004200 | Cell 2 (Plastic) = 0.004138
Trial: 231, Time:31.364s
Trial 231: Cell 1 (Static) = 0.004187 | Cell 2 (Plastic) = 0.004125
Trial: 232, Time:32.175s
Trial 232: Cell 1 (Static) = 0.004175 | Cell 2 (Plastic) = 0.004113
Trial: 233, Time:31.958s
Trial 233: Cell 1 (Static) = 0.004162 | Cell 2 (Plastic) = 0.004101
Trial: 234, Time:31.826s
Trial 234: Cell 1 (Static) = 0.004150 | Cell 2 (Plastic) = 0.004088
Trial: 235, Time:31.645s
Trial 235: Cell 1 (Static) = 0.004162 | Cell 2 (Plastic) = 0.004076
Trial: 236, Time:31.101s
Trial 236: Cell 1 (Static) = 0.004175 | Cell 2 (Plastic) = 0.004064
Trial: 237, Time:31.527s
Trial 237: Cell 1 (Static) = 0.004187 | Cell 2 (Plastic) = 0.004052
Trial: 238, Time:32.132s
Trial 238: Cell 1 (Static) = 0.004200 | Cell 2 (Plastic) = 0.004040
Trial: 239, Time:32.040s
Trial 239: Cell 1 (Static) = 0.004187 | Cell 2 (Plastic) = 0.004028
Trial: 240, Time:32.529s
Trial 240: Cell 1 (Static) = 0.004200 | Cell 2 (Plastic) = 0.004040
Trial: 241, Time:33.322s
Trial 241: Cell 1 (Static) = 0.004213 | Cell 2 (Plastic) = 0.004028
Trial: 242, Time:34.584s
Trial 242: Cell 1 (Static) = 0.004225 | Cell 2 (Plastic) = 0.004040
Trial: 243, Time:34.008s
Trial 243: Cell 1 (Static) = 0.004238 | Cell 2 (Plastic) = 0.004052
Trial: 244, Time:33.959s
Trial 244: Cell 1 (Static) = 0.004251 | Cell 2 (Plastic) = 0.004064
Trial: 245, Time:34.244s
Trial 245: Cell 1 (Static) = 0.004263 | Cell 2 (Plastic) = 0.004076
Trial: 246, Time:34.471s
Trial 246: Cell 1 (Static) = 0.004276 | Cell 2 (Plastic) = 0.004088
Trial: 247, Time:34.136s
Trial 247: Cell 1 (Static) = 0.004289 | Cell 2 (Plastic) = 0.004101
Trial: 248, Time:32.888s
Trial 248: Cell 1 (Static) = 0.004302 | Cell 2 (Plastic) = 0.004113
Trial: 249, Time:33.135s
Trial 249: Cell 1 (Static) = 0.004315 | Cell 2 (Plastic) = 0.004125
Trial: 250, Time:34.098s
Trial 250: Cell 1 (Static) = 0.004328 | Cell 2 (Plastic) = 0.004138
Trial: 251, Time:34.016s
Trial 251: Cell 1 (Static) = 0.004341 | Cell 2 (Plastic) = 0.004150
Trial: 252, Time:33.167s
Trial 252: Cell 1 (Static) = 0.004354 | Cell 2 (Plastic) = 0.004162
Trial: 253, Time:33.505s
Trial 253: Cell 1 (Static) = 0.004367 | Cell 2 (Plastic) = 0.004175
Trial: 254, Time:33.487s
Trial 254: Cell 1 (Static) = 0.004380 | Cell 2 (Plastic) = 0.004187
Trial: 255, Time:33.994s
Trial 255: Cell 1 (Static) = 0.004393 | Cell 2 (Plastic) = 0.004200
Trial: 256, Time:33.397s
Trial 256: Cell 1 (Static) = 0.004406 | Cell 2 (Plastic) = 0.004213
Trial: 257, Time:33.927s
Trial 257: Cell 1 (Static) = 0.004419 | Cell 2 (Plastic) = 0.004225
Trial: 258, Time:34.671s
Trial 258: Cell 1 (Static) = 0.004433 | Cell 2 (Plastic) = 0.004238
Trial: 259, Time:34.910s
Trial 259: Cell 1 (Static) = 0.004446 | Cell 2 (Plastic) = 0.004251
Trial: 260, Time:35.393s
Trial 260: Cell 1 (Static) = 0.004459 | Cell 2 (Plastic) = 0.004263
Trial: 261, Time:34.355s
Trial 261: Cell 1 (Static) = 0.004473 | Cell 2 (Plastic) = 0.004276
Trial: 262, Time:35.142s
Trial 262: Cell 1 (Static) = 0.004486 | Cell 2 (Plastic) = 0.004289
Trial: 263, Time:33.725s
Trial 263: Cell 1 (Static) = 0.004500 | Cell 2 (Plastic) = 0.004276
Trial: 264, Time:33.599s
Trial 264: Cell 1 (Static) = 0.004513 | Cell 2 (Plastic) = 0.004289
Trial: 265, Time:34.523s
Trial 265: Cell 1 (Static) = 0.004527 | Cell 2 (Plastic) = 0.004302
Trial: 266, Time:34.989s
Trial 266: Cell 1 (Static) = 0.004540 | Cell 2 (Plastic) = 0.004315
Trial: 267, Time:34.555s
Trial 267: Cell 1 (Static) = 0.004527 | Cell 2 (Plastic) = 0.004328
Trial: 268, Time:33.979s
Trial 268: Cell 1 (Static) = 0.004513 | Cell 2 (Plastic) = 0.004341
Trial: 269, Time:34.889s
Trial 269: Cell 1 (Static) = 0.004500 | Cell 2 (Plastic) = 0.004354
Trial: 270, Time:34.333s
Trial 270: Cell 1 (Static) = 0.004513 | Cell 2 (Plastic) = 0.004341
Trial: 271, Time:35.375s
Trial 271: Cell 1 (Static) = 0.004527 | Cell 2 (Plastic) = 0.004328
Trial: 272, Time:34.447s
Trial 272: Cell 1 (Static) = 0.004513 | Cell 2 (Plastic) = 0.004315
Trial: 273, Time:33.859s
Trial 273: Cell 1 (Static) = 0.004527 | Cell 2 (Plastic) = 0.004328
Trial: 274, Time:32.695s
Trial 274: Cell 1 (Static) = 0.004513 | Cell 2 (Plastic) = 0.004341
Trial: 275, Time:32.682s
Trial 275: Cell 1 (Static) = 0.004500 | Cell 2 (Plastic) = 0.004354
Trial: 276, Time:32.924s
Trial 276: Cell 1 (Static) = 0.004486 | Cell 2 (Plastic) = 0.004367
Trial: 277, Time:33.342s
Trial 277: Cell 1 (Static) = 0.004473 | Cell 2 (Plastic) = 0.004380
Trial: 278, Time:33.523s
Trial 278: Cell 1 (Static) = 0.004459 | Cell 2 (Plastic) = 0.004393
Trial: 279, Time:33.515s
Trial 279: Cell 1 (Static) = 0.004446 | Cell 2 (Plastic) = 0.004406
Trial: 280, Time:33.620s
Trial 280: Cell 1 (Static) = 0.004459 | Cell 2 (Plastic) = 0.004419
Trial: 281, Time:33.565s
Trial 281: Cell 1 (Static) = 0.004473 | Cell 2 (Plastic) = 0.004433
Trial: 282, Time:32.788s
Trial 282: Cell 1 (Static) = 0.004486 | Cell 2 (Plastic) = 0.004446
Trial: 283, Time:33.424s
Trial 283: Cell 1 (Static) = 0.004500 | Cell 2 (Plastic) = 0.004459
Trial: 284, Time:33.018s
Trial 284: Cell 1 (Static) = 0.004513 | Cell 2 (Plastic) = 0.004473
Trial: 285, Time:32.047s
Trial 285: Cell 1 (Static) = 0.004527 | Cell 2 (Plastic) = 0.004486
Trial: 286, Time:33.263s
Trial 286: Cell 1 (Static) = 0.004540 | Cell 2 (Plastic) = 0.004500
Trial: 287, Time:31.529s
Trial 287: Cell 1 (Static) = 0.004554 | Cell 2 (Plastic) = 0.004486
Trial: 288, Time:31.844s
Trial 288: Cell 1 (Static) = 0.004567 | Cell 2 (Plastic) = 0.004473
Trial: 289, Time:31.583s
Trial 289: Cell 1 (Static) = 0.004581 | Cell 2 (Plastic) = 0.004486
Trial: 290, Time:33.368s
Trial 290: Cell 1 (Static) = 0.004595 | Cell 2 (Plastic) = 0.004500
Trial: 291, Time:32.995s
Trial 291: Cell 1 (Static) = 0.004609 | Cell 2 (Plastic) = 0.004513
Trial: 292, Time:33.744s
Trial 292: Cell 1 (Static) = 0.004623 | Cell 2 (Plastic) = 0.004527
Trial: 293, Time:33.604s
Trial 293: Cell 1 (Static) = 0.004636 | Cell 2 (Plastic) = 0.004540
Trial: 294, Time:33.586s
Trial 294: Cell 1 (Static) = 0.004650 | Cell 2 (Plastic) = 0.004554
Trial: 295, Time:33.986s
Trial 295: Cell 1 (Static) = 0.004664 | Cell 2 (Plastic) = 0.004567
Trial: 296, Time:34.168s
Trial 296: Cell 1 (Static) = 0.004678 | Cell 2 (Plastic) = 0.004581
Trial: 297, Time:32.996s
Trial 297: Cell 1 (Static) = 0.004692 | Cell 2 (Plastic) = 0.004595
Trial: 298, Time:33.811s
Trial 298: Cell 1 (Static) = 0.004678 | Cell 2 (Plastic) = 0.004609
Trial: 299, Time:33.076s
Trial 299: Cell 1 (Static) = 0.004692 | Cell 2 (Plastic) = 0.004623
Trial: 300, Time:32.814s
Trial 300: Cell 1 (Static) = 0.004706 | Cell 2 (Plastic) = 0.004636
Trial: 301, Time:33.199s
Trial 301: Cell 1 (Static) = 0.004720 | Cell 2 (Plastic) = 0.004650
Trial: 302, Time:33.329s
Trial 302: Cell 1 (Static) = 0.004735 | Cell 2 (Plastic) = 0.004664
Trial: 303, Time:34.390s
Trial 303: Cell 1 (Static) = 0.004720 | Cell 2 (Plastic) = 0.004678
Trial: 304, Time:34.025s
Trial 304: Cell 1 (Static) = 0.004706 | Cell 2 (Plastic) = 0.004692
Trial: 305, Time:34.160s
Trial 305: Cell 1 (Static) = 0.004720 | Cell 2 (Plastic) = 0.004706
Trial: 306, Time:33.503s
Trial 306: Cell 1 (Static) = 0.004735 | Cell 2 (Plastic) = 0.004720
Trial: 307, Time:32.695s
Trial 307: Cell 1 (Static) = 0.004749 | Cell 2 (Plastic) = 0.004735
Trial: 308, Time:32.190s
Trial 308: Cell 1 (Static) = 0.004763 | Cell 2 (Plastic) = 0.004749
Trial: 309, Time:31.802s
Trial 309: Cell 1 (Static) = 0.004777 | Cell 2 (Plastic) = 0.004763
Trial: 310, Time:31.615s
Trial 310: Cell 1 (Static) = 0.004763 | Cell 2 (Plastic) = 0.004777
Trial: 311, Time:31.147s
Trial 311: Cell 1 (Static) = 0.004749 | Cell 2 (Plastic) = 0.004792
Trial: 312, Time:31.010s
Trial 312: Cell 1 (Static) = 0.004735 | Cell 2 (Plastic) = 0.004806
Trial: 313, Time:31.148s
Trial 313: Cell 1 (Static) = 0.004720 | Cell 2 (Plastic) = 0.004821
Trial: 314, Time:33.086s
Trial 314: Cell 1 (Static) = 0.004735 | Cell 2 (Plastic) = 0.004835
Trial: 315, Time:33.023s
Trial 315: Cell 1 (Static) = 0.004749 | Cell 2 (Plastic) = 0.004849
Trial: 316, Time:32.449s
Trial 316: Cell 1 (Static) = 0.004735 | Cell 2 (Plastic) = 0.004864
Trial: 317, Time:32.795s
Trial 317: Cell 1 (Static) = 0.004720 | Cell 2 (Plastic) = 0.004879
Trial: 318, Time:33.322s
Trial 318: Cell 1 (Static) = 0.004735 | Cell 2 (Plastic) = 0.004893
Trial: 319, Time:32.917s
Trial 319: Cell 1 (Static) = 0.004720 | Cell 2 (Plastic) = 0.004908
Trial: 320, Time:33.484s
Trial 320: Cell 1 (Static) = 0.004706 | Cell 2 (Plastic) = 0.004923
Trial: 321, Time:34.103s
Trial 321: Cell 1 (Static) = 0.004692 | Cell 2 (Plastic) = 0.004937
Trial: 322, Time:33.338s
Trial 322: Cell 1 (Static) = 0.004678 | Cell 2 (Plastic) = 0.004923
Trial: 323, Time:34.428s
Trial 323: Cell 1 (Static) = 0.004664 | Cell 2 (Plastic) = 0.004908
Trial: 324, Time:34.330s
Trial 324: Cell 1 (Static) = 0.004650 | Cell 2 (Plastic) = 0.004893
Trial: 325, Time:33.641s
Trial 325: Cell 1 (Static) = 0.004636 | Cell 2 (Plastic) = 0.004879
Trial: 326, Time:34.109s
Trial 326: Cell 1 (Static) = 0.004623 | Cell 2 (Plastic) = 0.004864
Trial: 327, Time:32.917s
Trial 327: Cell 1 (Static) = 0.004609 | Cell 2 (Plastic) = 0.004849
Trial: 328, Time:32.614s
Trial 328: Cell 1 (Static) = 0.004595 | Cell 2 (Plastic) = 0.004835
Trial: 329, Time:32.207s
Trial 329: Cell 1 (Static) = 0.004581 | Cell 2 (Plastic) = 0.004821
Trial: 330, Time:32.237s
Trial 330: Cell 1 (Static) = 0.004567 | Cell 2 (Plastic) = 0.004806
Trial: 331, Time:31.847s
Trial 331: Cell 1 (Static) = 0.004554 | Cell 2 (Plastic) = 0.004792
Trial: 332, Time:31.739s
Trial 332: Cell 1 (Static) = 0.004540 | Cell 2 (Plastic) = 0.004806
Trial: 333, Time:32.253s
Trial 333: Cell 1 (Static) = 0.004527 | Cell 2 (Plastic) = 0.004821
Trial: 334, Time:31.618s
Trial 334: Cell 1 (Static) = 0.004513 | Cell 2 (Plastic) = 0.004835
Trial: 335, Time:31.968s
Trial 335: Cell 1 (Static) = 0.004500 | Cell 2 (Plastic) = 0.004849
Trial: 336, Time:33.611s
Trial 336: Cell 1 (Static) = 0.004486 | Cell 2 (Plastic) = 0.004835
Trial: 337, Time:33.081s
Trial 337: Cell 1 (Static) = 0.004473 | Cell 2 (Plastic) = 0.004821
Trial: 338, Time:32.717s
Trial 338: Cell 1 (Static) = 0.004459 | Cell 2 (Plastic) = 0.004835
Trial: 339, Time:32.674s
Trial 339: Cell 1 (Static) = 0.004446 | Cell 2 (Plastic) = 0.004849
Trial: 340, Time:33.479s
Trial 340: Cell 1 (Static) = 0.004433 | Cell 2 (Plastic) = 0.004864
Trial: 341, Time:35.012s
Trial 341: Cell 1 (Static) = 0.004419 | Cell 2 (Plastic) = 0.004849
Trial: 342, Time:33.590s
Trial 342: Cell 1 (Static) = 0.004406 | Cell 2 (Plastic) = 0.004864
Trial: 343, Time:32.450s
Trial 343: Cell 1 (Static) = 0.004419 | Cell 2 (Plastic) = 0.004879
Trial: 344, Time:32.718s
Trial 344: Cell 1 (Static) = 0.004433 | Cell 2 (Plastic) = 0.004893
Trial: 345, Time:31.915s
Trial 345: Cell 1 (Static) = 0.004446 | Cell 2 (Plastic) = 0.004908
Trial: 346, Time:31.514s
Trial 346: Cell 1 (Static) = 0.004459 | Cell 2 (Plastic) = 0.004923
Trial: 347, Time:31.986s
Trial 347: Cell 1 (Static) = 0.004473 | Cell 2 (Plastic) = 0.004937
Trial: 348, Time:32.316s
Trial 348: Cell 1 (Static) = 0.004486 | Cell 2 (Plastic) = 0.004952
Trial: 349, Time:32.099s
Trial 349: Cell 1 (Static) = 0.004473 | Cell 2 (Plastic) = 0.004967
Trial: 350, Time:33.143s
Trial 350: Cell 1 (Static) = 0.004459 | Cell 2 (Plastic) = 0.004982
Trial: 351, Time:32.396s
Trial 351: Cell 1 (Static) = 0.004446 | Cell 2 (Plastic) = 0.004997
Trial: 352, Time:33.011s
Trial 352: Cell 1 (Static) = 0.004433 | Cell 2 (Plastic) = 0.005012
Trial: 353, Time:32.260s
Trial 353: Cell 1 (Static) = 0.004419 | Cell 2 (Plastic) = 0.004997
Trial: 354, Time:32.436s
Trial 354: Cell 1 (Static) = 0.004406 | Cell 2 (Plastic) = 0.004982
Trial: 355, Time:33.193s
Trial 355: Cell 1 (Static) = 0.004393 | Cell 2 (Plastic) = 0.004997
Trial: 356, Time:33.316s
Trial 356: Cell 1 (Static) = 0.004380 | Cell 2 (Plastic) = 0.005012
Trial: 357, Time:33.988s
Trial 357: Cell 1 (Static) = 0.004367 | Cell 2 (Plastic) = 0.004997
Trial: 358, Time:34.276s
Trial 358: Cell 1 (Static) = 0.004354 | Cell 2 (Plastic) = 0.004982
Trial: 359, Time:33.629s
Trial 359: Cell 1 (Static) = 0.004341 | Cell 2 (Plastic) = 0.004967
Trial: 360, Time:33.187s
Trial 360: Cell 1 (Static) = 0.004328 | Cell 2 (Plastic) = 0.004952
Trial: 361, Time:33.282s
Trial 361: Cell 1 (Static) = 0.004315 | Cell 2 (Plastic) = 0.004967
Trial: 362, Time:33.625s
Trial 362: Cell 1 (Static) = 0.004302 | Cell 2 (Plastic) = 0.004952
Trial: 363, Time:33.201s
Trial 363: Cell 1 (Static) = 0.004289 | Cell 2 (Plastic) = 0.004937
Trial: 364, Time:33.309s
Trial 364: Cell 1 (Static) = 0.004302 | Cell 2 (Plastic) = 0.004923
Trial: 365, Time:32.995s
Trial 365: Cell 1 (Static) = 0.004315 | Cell 2 (Plastic) = 0.004908
Trial: 366, Time:33.172s
Trial 366: Cell 1 (Static) = 0.004328 | Cell 2 (Plastic) = 0.004893
Trial: 367, Time:32.487s
Trial 367: Cell 1 (Static) = 0.004341 | Cell 2 (Plastic) = 0.004879
Trial: 368, Time:31.800s
Trial 368: Cell 1 (Static) = 0.004354 | Cell 2 (Plastic) = 0.004864
Trial: 369, Time:31.910s
Trial 369: Cell 1 (Static) = 0.004367 | Cell 2 (Plastic) = 0.004849
Trial: 370, Time:32.737s
Trial 370: Cell 1 (Static) = 0.004380 | Cell 2 (Plastic) = 0.004835
Trial: 371, Time:33.245s
Trial 371: Cell 1 (Static) = 0.004393 | Cell 2 (Plastic) = 0.004821
Trial: 372, Time:33.102s
Trial 372: Cell 1 (Static) = 0.004406 | Cell 2 (Plastic) = 0.004821
Trial: 373, Time:33.891s
Trial 373: Cell 1 (Static) = 0.004419 | Cell 2 (Plastic) = 0.004835
Trial: 374, Time:33.322s
Trial 374: Cell 1 (Static) = 0.004433 | Cell 2 (Plastic) = 0.004849
Trial: 375, Time:33.599s
Trial 375: Cell 1 (Static) = 0.004446 | Cell 2 (Plastic) = 0.004835
Trial: 376, Time:32.916s
Trial 376: Cell 1 (Static) = 0.004459 | Cell 2 (Plastic) = 0.004849
Trial: 377, Time:33.084s
Trial 377: Cell 1 (Static) = 0.004473 | Cell 2 (Plastic) = 0.004864
Trial: 378, Time:32.653s
Trial 378: Cell 1 (Static) = 0.004486 | Cell 2 (Plastic) = 0.004879
Trial: 379, Time:32.374s
Trial 379: Cell 1 (Static) = 0.004500 | Cell 2 (Plastic) = 0.004893
Trial: 380, Time:34.237s
Trial 380: Cell 1 (Static) = 0.004486 | Cell 2 (Plastic) = 0.004908
Trial: 381, Time:33.919s
Trial 381: Cell 1 (Static) = 0.004473 | Cell 2 (Plastic) = 0.004923
Trial: 382, Time:33.461s
Trial 382: Cell 1 (Static) = 0.004459 | Cell 2 (Plastic) = 0.004937
Trial: 383, Time:33.422s
Trial 383: Cell 1 (Static) = 0.004446 | Cell 2 (Plastic) = 0.004952
Trial: 384, Time:33.024s
Trial 384: Cell 1 (Static) = 0.004433 | Cell 2 (Plastic) = 0.004967
Trial: 385, Time:32.317s
Trial 385: Cell 1 (Static) = 0.004419 | Cell 2 (Plastic) = 0.004982
Trial: 386, Time:32.461s
Trial 386: Cell 1 (Static) = 0.004433 | Cell 2 (Plastic) = 0.004997
Trial: 387, Time:32.331s
Trial 387: Cell 1 (Static) = 0.004446 | Cell 2 (Plastic) = 0.005012
Trial: 388, Time:32.505s
Trial 388: Cell 1 (Static) = 0.004459 | Cell 2 (Plastic) = 0.005027
Trial: 389, Time:31.949s
Trial 389: Cell 1 (Static) = 0.004473 | Cell 2 (Plastic) = 0.005042
Trial: 390, Time:30.996s
Trial 390: Cell 1 (Static) = 0.004459 | Cell 2 (Plastic) = 0.005057
Trial: 391, Time:32.425s
Trial 391: Cell 1 (Static) = 0.004473 | Cell 2 (Plastic) = 0.005072
Trial: 392, Time:32.092s
Trial 392: Cell 1 (Static) = 0.004486 | Cell 2 (Plastic) = 0.005088
Trial: 393, Time:30.864s
Trial 393: Cell 1 (Static) = 0.004500 | Cell 2 (Plastic) = 0.005103
Trial: 394, Time:30.696s
Trial 394: Cell 1 (Static) = 0.004513 | Cell 2 (Plastic) = 0.005118
Trial: 395, Time:32.946s
Trial 395: Cell 1 (Static) = 0.004527 | Cell 2 (Plastic) = 0.005133
Trial: 396, Time:32.914s
Trial 396: Cell 1 (Static) = 0.004513 | Cell 2 (Plastic) = 0.005118
Trial: 397, Time:33.807s
Trial 397: Cell 1 (Static) = 0.004500 | Cell 2 (Plastic) = 0.005103
Trial: 398, Time:34.399s
Trial 398: Cell 1 (Static) = 0.004486 | Cell 2 (Plastic) = 0.005088
Trial: 399, Time:36.048s
Trial 399: Cell 1 (Static) = 0.004473 | Cell 2 (Plastic) = 0.005072
Trial: 400, Time:36.389s
Trial 400: Cell 1 (Static) = 0.004459 | Cell 2 (Plastic) = 0.005057
Trial: 401, Time:36.656s
Trial 401: Cell 1 (Static) = 0.004446 | Cell 2 (Plastic) = 0.005042
Trial: 402, Time:36.484s
Trial 402: Cell 1 (Static) = 0.004433 | Cell 2 (Plastic) = 0.005027
Trial: 403, Time:35.831s
Trial 403: Cell 1 (Static) = 0.004419 | Cell 2 (Plastic) = 0.005012
Trial: 404, Time:35.256s
Trial 404: Cell 1 (Static) = 0.004406 | Cell 2 (Plastic) = 0.004997
Trial: 405, Time:35.472s
Trial 405: Cell 1 (Static) = 0.004393 | Cell 2 (Plastic) = 0.004982
Trial: 406, Time:34.574s
Trial 406: Cell 1 (Static) = 0.004380 | Cell 2 (Plastic) = 0.004967
Trial: 407, Time:34.612s
Trial 407: Cell 1 (Static) = 0.004367 | Cell 2 (Plastic) = 0.004952
Trial: 408, Time:34.694s
Trial 408: Cell 1 (Static) = 0.004354 | Cell 2 (Plastic) = 0.004937
Trial: 409, Time:35.229s
Trial 409: Cell 1 (Static) = 0.004367 | Cell 2 (Plastic) = 0.004923
Trial: 410, Time:33.191s
Trial 410: Cell 1 (Static) = 0.004380 | Cell 2 (Plastic) = 0.004908
Trial: 411, Time:33.265s
Trial 411: Cell 1 (Static) = 0.004393 | Cell 2 (Plastic) = 0.004893
Trial: 412, Time:33.537s
Trial 412: Cell 1 (Static) = 0.004406 | Cell 2 (Plastic) = 0.004879
Trial: 413, Time:33.852s
Trial 413: Cell 1 (Static) = 0.004393 | Cell 2 (Plastic) = 0.004864
Trial: 414, Time:33.865s
Trial 414: Cell 1 (Static) = 0.004406 | Cell 2 (Plastic) = 0.004849
Trial: 415, Time:34.153s
Trial 415: Cell 1 (Static) = 0.004419 | Cell 2 (Plastic) = 0.004835
Trial: 416, Time:33.388s
Trial 416: Cell 1 (Static) = 0.004406 | Cell 2 (Plastic) = 0.004821
Trial: 417, Time:32.200s
Trial 417: Cell 1 (Static) = 0.004393 | Cell 2 (Plastic) = 0.004806
Trial: 418, Time:32.982s
Trial 418: Cell 1 (Static) = 0.004380 | Cell 2 (Plastic) = 0.004792
Trial: 419, Time:32.076s
Trial 419: Cell 1 (Static) = 0.004367 | Cell 2 (Plastic) = 0.004777
Trial: 420, Time:32.743s
Trial 420: Cell 1 (Static) = 0.004354 | Cell 2 (Plastic) = 0.004763
Trial: 421, Time:31.715s
Trial 421: Cell 1 (Static) = 0.004341 | Cell 2 (Plastic) = 0.004749
Trial: 422, Time:31.240s
Trial 422: Cell 1 (Static) = 0.004328 | Cell 2 (Plastic) = 0.004735
Trial: 423, Time:31.228s
Trial 423: Cell 1 (Static) = 0.004315 | Cell 2 (Plastic) = 0.004720
Trial: 424, Time:31.844s
Trial 424: Cell 1 (Static) = 0.004302 | Cell 2 (Plastic) = 0.004735
Trial: 425, Time:32.115s
Trial 425: Cell 1 (Static) = 0.004289 | Cell 2 (Plastic) = 0.004749
Trial: 426, Time:32.973s
Trial 426: Cell 1 (Static) = 0.004276 | Cell 2 (Plastic) = 0.004763
Trial: 427, Time:33.041s
Trial 427: Cell 1 (Static) = 0.004263 | Cell 2 (Plastic) = 0.004749
Trial: 428, Time:33.733s
Trial 428: Cell 1 (Static) = 0.004251 | Cell 2 (Plastic) = 0.004763
Trial: 429, Time:34.124s
Trial 429: Cell 1 (Static) = 0.004238 | Cell 2 (Plastic) = 0.004749
Trial: 430, Time:34.816s
Trial 430: Cell 1 (Static) = 0.004225 | Cell 2 (Plastic) = 0.004735
Trial: 431, Time:34.043s
Trial 431: Cell 1 (Static) = 0.004213 | Cell 2 (Plastic) = 0.004720
Trial: 432, Time:34.715s
Trial 432: Cell 1 (Static) = 0.004200 | Cell 2 (Plastic) = 0.004706
Trial: 433, Time:34.293s
Trial 433: Cell 1 (Static) = 0.004187 | Cell 2 (Plastic) = 0.004692
Trial: 434, Time:34.687s
Trial 434: Cell 1 (Static) = 0.004175 | Cell 2 (Plastic) = 0.004678
Trial: 435, Time:32.928s
Trial 435: Cell 1 (Static) = 0.004162 | Cell 2 (Plastic) = 0.004664
Trial: 436, Time:33.104s
Trial 436: Cell 1 (Static) = 0.004150 | Cell 2 (Plastic) = 0.004650
Trial: 437, Time:33.669s
Trial 437: Cell 1 (Static) = 0.004138 | Cell 2 (Plastic) = 0.004636
Trial: 438, Time:33.733s
Trial 438: Cell 1 (Static) = 0.004125 | Cell 2 (Plastic) = 0.004623
Trial: 439, Time:34.388s
Trial 439: Cell 1 (Static) = 0.004113 | Cell 2 (Plastic) = 0.004609
Trial: 440, Time:33.654s
Trial 440: Cell 1 (Static) = 0.004101 | Cell 2 (Plastic) = 0.004595
Trial: 441, Time:32.749s
Trial 441: Cell 1 (Static) = 0.004088 | Cell 2 (Plastic) = 0.004581
Trial: 442, Time:33.900s
Trial 442: Cell 1 (Static) = 0.004076 | Cell 2 (Plastic) = 0.004567
Trial: 443, Time:33.854s
Trial 443: Cell 1 (Static) = 0.004064 | Cell 2 (Plastic) = 0.004554
Trial: 444, Time:33.583s
Trial 444: Cell 1 (Static) = 0.004052 | Cell 2 (Plastic) = 0.004540
Trial: 445, Time:33.360s
Trial 445: Cell 1 (Static) = 0.004040 | Cell 2 (Plastic) = 0.004527
Trial: 446, Time:33.884s
Trial 446: Cell 1 (Static) = 0.004028 | Cell 2 (Plastic) = 0.004513
Trial: 447, Time:35.217s
Trial 447: Cell 1 (Static) = 0.004015 | Cell 2 (Plastic) = 0.004500
Trial: 448, Time:34.863s
Trial 448: Cell 1 (Static) = 0.004003 | Cell 2 (Plastic) = 0.004486
Trial: 449, Time:35.359s
Trial 449: Cell 1 (Static) = 0.003991 | Cell 2 (Plastic) = 0.004473
Trial: 450, Time:34.132s
Trial 450: Cell 1 (Static) = 0.003980 | Cell 2 (Plastic) = 0.004459
Trial: 451, Time:33.825s
Trial 451: Cell 1 (Static) = 0.003968 | Cell 2 (Plastic) = 0.004446
Trial: 452, Time:33.491s
Trial 452: Cell 1 (Static) = 0.003956 | Cell 2 (Plastic) = 0.004433
Trial: 453, Time:33.352s
Trial 453: Cell 1 (Static) = 0.003944 | Cell 2 (Plastic) = 0.004419
Trial: 454, Time:32.205s
Trial 454: Cell 1 (Static) = 0.003932 | Cell 2 (Plastic) = 0.004406
Trial: 455, Time:32.017s
Trial 455: Cell 1 (Static) = 0.003920 | Cell 2 (Plastic) = 0.004393
Trial: 456, Time:32.273s
Trial 456: Cell 1 (Static) = 0.003909 | Cell 2 (Plastic) = 0.004380
Trial: 457, Time:31.768s
Trial 457: Cell 1 (Static) = 0.003897 | Cell 2 (Plastic) = 0.004367
Trial: 458, Time:31.724s
Trial 458: Cell 1 (Static) = 0.003885 | Cell 2 (Plastic) = 0.004354
Trial: 459, Time:32.126s
Trial 459: Cell 1 (Static) = 0.003897 | Cell 2 (Plastic) = 0.004341
Trial: 460, Time:32.102s
Trial 460: Cell 1 (Static) = 0.003909 | Cell 2 (Plastic) = 0.004328
Trial: 461, Time:31.925s
Trial 461: Cell 1 (Static) = 0.003920 | Cell 2 (Plastic) = 0.004315
Trial: 462, Time:32.069s
Trial 462: Cell 1 (Static) = 0.003932 | Cell 2 (Plastic) = 0.004302
Trial: 463, Time:31.814s
Trial 463: Cell 1 (Static) = 0.003944 | Cell 2 (Plastic) = 0.004289
Trial: 464, Time:32.979s
Trial 464: Cell 1 (Static) = 0.003956 | Cell 2 (Plastic) = 0.004302
Trial: 465, Time:32.779s
Trial 465: Cell 1 (Static) = 0.003968 | Cell 2 (Plastic) = 0.004315
Trial: 466, Time:32.293s
Trial 466: Cell 1 (Static) = 0.003980 | Cell 2 (Plastic) = 0.004302
Trial: 467, Time:32.015s
Trial 467: Cell 1 (Static) = 0.003991 | Cell 2 (Plastic) = 0.004289
Trial: 468, Time:32.040s
Trial 468: Cell 1 (Static) = 0.004003 | Cell 2 (Plastic) = 0.004276
Trial: 469, Time:32.180s
Trial 469: Cell 1 (Static) = 0.004015 | Cell 2 (Plastic) = 0.004263
Trial: 470, Time:32.775s
Trial 470: Cell 1 (Static) = 0.004028 | Cell 2 (Plastic) = 0.004251
Trial: 471, Time:34.017s
Trial 471: Cell 1 (Static) = 0.004040 | Cell 2 (Plastic) = 0.004263
Trial: 472, Time:33.783s
Trial 472: Cell 1 (Static) = 0.004052 | Cell 2 (Plastic) = 0.004276
Trial: 473, Time:33.744s
Trial 473: Cell 1 (Static) = 0.004064 | Cell 2 (Plastic) = 0.004289
Trial: 474, Time:34.408s
Trial 474: Cell 1 (Static) = 0.004076 | Cell 2 (Plastic) = 0.004302
Trial: 475, Time:33.840s
Trial 475: Cell 1 (Static) = 0.004088 | Cell 2 (Plastic) = 0.004289
Trial: 476, Time:34.135s
Trial 476: Cell 1 (Static) = 0.004101 | Cell 2 (Plastic) = 0.004276
Trial: 477, Time:34.940s
Trial 477: Cell 1 (Static) = 0.004113 | Cell 2 (Plastic) = 0.004263
Trial: 478, Time:35.527s
Trial 478: Cell 1 (Static) = 0.004125 | Cell 2 (Plastic) = 0.004251
Trial: 479, Time:36.174s
Trial 479: Cell 1 (Static) = 0.004138 | Cell 2 (Plastic) = 0.004238
Trial: 480, Time:35.036s
Trial 480: Cell 1 (Static) = 0.004150 | Cell 2 (Plastic) = 0.004225
Trial: 481, Time:35.149s
Trial 481: Cell 1 (Static) = 0.004162 | Cell 2 (Plastic) = 0.004213
Trial: 482, Time:35.450s
Trial 482: Cell 1 (Static) = 0.004150 | Cell 2 (Plastic) = 0.004225
Trial: 483, Time:35.057s
Trial 483: Cell 1 (Static) = 0.004138 | Cell 2 (Plastic) = 0.004238
Trial: 484, Time:33.757s
Trial 484: Cell 1 (Static) = 0.004125 | Cell 2 (Plastic) = 0.004251
Trial: 485, Time:33.397s
Trial 485: Cell 1 (Static) = 0.004113 | Cell 2 (Plastic) = 0.004263
Trial: 486, Time:32.821s
Trial 486: Cell 1 (Static) = 0.004101 | Cell 2 (Plastic) = 0.004276
Trial: 487, Time:32.340s
Trial 487: Cell 1 (Static) = 0.004088 | Cell 2 (Plastic) = 0.004289
Trial: 488, Time:32.475s
Trial 488: Cell 1 (Static) = 0.004076 | Cell 2 (Plastic) = 0.004302
Trial: 489, Time:32.851s
Trial 489: Cell 1 (Static) = 0.004088 | Cell 2 (Plastic) = 0.004315
Trial: 490, Time:33.217s
Trial 490: Cell 1 (Static) = 0.004101 | Cell 2 (Plastic) = 0.004328
Trial: 491, Time:33.227s
Trial 491: Cell 1 (Static) = 0.004113 | Cell 2 (Plastic) = 0.004341
Trial: 492, Time:32.860s
Trial 492: Cell 1 (Static) = 0.004125 | Cell 2 (Plastic) = 0.004354
Trial: 493, Time:31.447s
Trial 493: Cell 1 (Static) = 0.004138 | Cell 2 (Plastic) = 0.004367
Trial: 494, Time:32.354s
Trial 494: Cell 1 (Static) = 0.004150 | Cell 2 (Plastic) = 0.004380
Trial: 495, Time:31.761s
Trial 495: Cell 1 (Static) = 0.004138 | Cell 2 (Plastic) = 0.004367
Trial: 496, Time:32.789s
Trial 496: Cell 1 (Static) = 0.004125 | Cell 2 (Plastic) = 0.004354
Trial: 497, Time:32.977s
Trial 497: Cell 1 (Static) = 0.004113 | Cell 2 (Plastic) = 0.004341
Trial: 498, Time:32.372s
Trial 498: Cell 1 (Static) = 0.004101 | Cell 2 (Plastic) = 0.004328
Trial: 499, Time:33.017s
Trial 499: Cell 1 (Static) = 0.004088 | Cell 2 (Plastic) = 0.004328
Trial: 500, Time:33.783s
Trial 500: Cell 1 (Static) = 0.004101 | Cell 2 (Plastic) = 0.004315
Trial: 501, Time:33.510s
Trial 501: Cell 1 (Static) = 0.004113 | Cell 2 (Plastic) = 0.004302
Trial: 502, Time:33.101s
Trial 502: Cell 1 (Static) = 0.004125 | Cell 2 (Plastic) = 0.004289
Trial: 503, Time:33.721s
Trial 503: Cell 1 (Static) = 0.004113 | Cell 2 (Plastic) = 0.004276
Trial: 504, Time:33.094s
Trial 504: Cell 1 (Static) = 0.004101 | Cell 2 (Plastic) = 0.004263
Trial: 505, Time:33.151s
Trial 505: Cell 1 (Static) = 0.004088 | Cell 2 (Plastic) = 0.004251
Trial: 506, Time:32.346s
Trial 506: Cell 1 (Static) = 0.004101 | Cell 2 (Plastic) = 0.004238
Trial: 507, Time:33.022s
Trial 507: Cell 1 (Static) = 0.004113 | Cell 2 (Plastic) = 0.004225
Trial: 508, Time:33.525s
Trial 508: Cell 1 (Static) = 0.004125 | Cell 2 (Plastic) = 0.004213
Trial: 509, Time:33.576s
Trial 509: Cell 1 (Static) = 0.004138 | Cell 2 (Plastic) = 0.004200
Trial: 510, Time:33.679s
Trial 510: Cell 1 (Static) = 0.004150 | Cell 2 (Plastic) = 0.004187
Trial: 511, Time:33.696s
Trial 511: Cell 1 (Static) = 0.004162 | Cell 2 (Plastic) = 0.004175
Trial: 512, Time:33.648s
Trial 512: Cell 1 (Static) = 0.004175 | Cell 2 (Plastic) = 0.004162
Trial: 513, Time:33.260s
Trial 513: Cell 1 (Static) = 0.004162 | Cell 2 (Plastic) = 0.004150
Trial: 514, Time:33.977s
Trial 514: Cell 1 (Static) = 0.004150 | Cell 2 (Plastic) = 0.004138
Trial: 515, Time:34.800s
Trial 515: Cell 1 (Static) = 0.004162 | Cell 2 (Plastic) = 0.004125
Trial: 516, Time:33.948s
Trial 516: Cell 1 (Static) = 0.004175 | Cell 2 (Plastic) = 0.004113
Trial: 517, Time:33.562s
Trial 517: Cell 1 (Static) = 0.004187 | Cell 2 (Plastic) = 0.004101
Trial: 518, Time:33.903s
Trial 518: Cell 1 (Static) = 0.004200 | Cell 2 (Plastic) = 0.004088
Trial: 519, Time:33.025s
Trial 519: Cell 1 (Static) = 0.004213 | Cell 2 (Plastic) = 0.004076
Trial: 520, Time:31.424s
Trial 520: Cell 1 (Static) = 0.004225 | Cell 2 (Plastic) = 0.004064
Trial: 521, Time:31.813s
Trial 521: Cell 1 (Static) = 0.004213 | Cell 2 (Plastic) = 0.004052
Trial: 522, Time:33.082s
Trial 522: Cell 1 (Static) = 0.004200 | Cell 2 (Plastic) = 0.004040
Trial: 523, Time:31.069s
Trial 523: Cell 1 (Static) = 0.004213 | Cell 2 (Plastic) = 0.004028
Trial: 524, Time:31.575s
Trial 524: Cell 1 (Static) = 0.004200 | Cell 2 (Plastic) = 0.004015
Trial: 525, Time:31.283s
Trial 525: Cell 1 (Static) = 0.004213 | Cell 2 (Plastic) = 0.004003
Trial: 526, Time:31.212s
Trial 526: Cell 1 (Static) = 0.004225 | Cell 2 (Plastic) = 0.004015
Trial: 527, Time:32.058s
Trial 527: Cell 1 (Static) = 0.004238 | Cell 2 (Plastic) = 0.004028
Trial: 528, Time:32.095s
Trial 528: Cell 1 (Static) = 0.004251 | Cell 2 (Plastic) = 0.004015
Trial: 529, Time:32.297s
Trial 529: Cell 1 (Static) = 0.004263 | Cell 2 (Plastic) = 0.004028
Trial: 530, Time:32.037s
Trial 530: Cell 1 (Static) = 0.004276 | Cell 2 (Plastic) = 0.004040
Trial: 531, Time:32.933s
Trial 531: Cell 1 (Static) = 0.004289 | Cell 2 (Plastic) = 0.004052
Trial: 532, Time:32.900s
Trial 532: Cell 1 (Static) = 0.004302 | Cell 2 (Plastic) = 0.004064
Trial: 533, Time:33.067s
Trial 533: Cell 1 (Static) = 0.004315 | Cell 2 (Plastic) = 0.004076
Trial: 534, Time:32.582s
Trial 534: Cell 1 (Static) = 0.004328 | Cell 2 (Plastic) = 0.004088
Trial: 535, Time:32.387s
Trial 535: Cell 1 (Static) = 0.004341 | Cell 2 (Plastic) = 0.004101
Trial: 536, Time:32.572s
Trial 536: Cell 1 (Static) = 0.004328 | Cell 2 (Plastic) = 0.004113
Trial: 537, Time:33.543s
Trial 537: Cell 1 (Static) = 0.004315 | Cell 2 (Plastic) = 0.004125
Trial: 538, Time:35.052s
Trial 538: Cell 1 (Static) = 0.004302 | Cell 2 (Plastic) = 0.004138
Trial: 539, Time:35.179s
Trial 539: Cell 1 (Static) = 0.004289 | Cell 2 (Plastic) = 0.004150
Trial: 540, Time:34.199s
Trial 540: Cell 1 (Static) = 0.004276 | Cell 2 (Plastic) = 0.004162
Trial: 541, Time:34.098s
Trial 541: Cell 1 (Static) = 0.004263 | Cell 2 (Plastic) = 0.004175
Trial: 542, Time:33.674s
Trial 542: Cell 1 (Static) = 0.004251 | Cell 2 (Plastic) = 0.004162
Trial: 543, Time:32.821s
Trial 543: Cell 1 (Static) = 0.004238 | Cell 2 (Plastic) = 0.004150
Trial: 544, Time:32.196s
Trial 544: Cell 1 (Static) = 0.004225 | Cell 2 (Plastic) = 0.004138
Trial: 545, Time:32.007s
Trial 545: Cell 1 (Static) = 0.004213 | Cell 2 (Plastic) = 0.004125
Trial: 546, Time:31.463s
Trial 546: Cell 1 (Static) = 0.004200 | Cell 2 (Plastic) = 0.004113
Trial: 547, Time:30.993s
Trial 547: Cell 1 (Static) = 0.004187 | Cell 2 (Plastic) = 0.004101
Trial: 548, Time:30.269s
Trial 548: Cell 1 (Static) = 0.004175 | Cell 2 (Plastic) = 0.004088
Trial: 549, Time:31.131s
Trial 549: Cell 1 (Static) = 0.004162 | Cell 2 (Plastic) = 0.004076
Trial: 550, Time:32.482s
Trial 550: Cell 1 (Static) = 0.004150 | Cell 2 (Plastic) = 0.004064
Trial: 551, Time:32.103s
Trial 551: Cell 1 (Static) = 0.004138 | Cell 2 (Plastic) = 0.004052
Trial: 552, Time:31.473s
Trial 552: Cell 1 (Static) = 0.004150 | Cell 2 (Plastic) = 0.004040
Trial: 553, Time:31.405s
Trial 553: Cell 1 (Static) = 0.004162 | Cell 2 (Plastic) = 0.004028
Trial: 554, Time:30.682s
Trial 554: Cell 1 (Static) = 0.004175 | Cell 2 (Plastic) = 0.004015
Trial: 555, Time:30.253s
Trial 555: Cell 1 (Static) = 0.004187 | Cell 2 (Plastic) = 0.004003
Trial: 556, Time:30.928s
Trial 556: Cell 1 (Static) = 0.004200 | Cell 2 (Plastic) = 0.003991
Trial: 557, Time:30.603s
Trial 557: Cell 1 (Static) = 0.004213 | Cell 2 (Plastic) = 0.003980
Trial: 558, Time:30.795s
Trial 558: Cell 1 (Static) = 0.004225 | Cell 2 (Plastic) = 0.003968
Trial: 559, Time:30.616s
Trial 559: Cell 1 (Static) = 0.004238 | Cell 2 (Plastic) = 0.003956
Trial: 560, Time:29.973s
Trial 560: Cell 1 (Static) = 0.004251 | Cell 2 (Plastic) = 0.003944
Trial: 561, Time:31.443s
Trial 561: Cell 1 (Static) = 0.004263 | Cell 2 (Plastic) = 0.003932
Trial: 562, Time:31.260s
Trial 562: Cell 1 (Static) = 0.004276 | Cell 2 (Plastic) = 0.003920
Trial: 563, Time:31.221s
Trial 563: Cell 1 (Static) = 0.004289 | Cell 2 (Plastic) = 0.003909
Trial: 564, Time:32.278s
Trial 564: Cell 1 (Static) = 0.004302 | Cell 2 (Plastic) = 0.003897
Trial: 565, Time:32.994s
Trial 565: Cell 1 (Static) = 0.004315 | Cell 2 (Plastic) = 0.003885
Trial: 566, Time:32.810s
Trial 566: Cell 1 (Static) = 0.004328 | Cell 2 (Plastic) = 0.003897
Trial: 567, Time:33.200s
Trial 567: Cell 1 (Static) = 0.004341 | Cell 2 (Plastic) = 0.003909
Trial: 568, Time:32.501s
Trial 568: Cell 1 (Static) = 0.004354 | Cell 2 (Plastic) = 0.003920
Trial: 569, Time:32.706s
Trial 569: Cell 1 (Static) = 0.004367 | Cell 2 (Plastic) = 0.003932
Trial: 570, Time:33.557s
Trial 570: Cell 1 (Static) = 0.004380 | Cell 2 (Plastic) = 0.003944
Trial: 571, Time:33.301s
Trial 571: Cell 1 (Static) = 0.004393 | Cell 2 (Plastic) = 0.003932
Trial: 572, Time:33.568s
Trial 572: Cell 1 (Static) = 0.004406 | Cell 2 (Plastic) = 0.003920
Trial: 573, Time:33.654s
Trial 573: Cell 1 (Static) = 0.004419 | Cell 2 (Plastic) = 0.003932
Trial: 574, Time:32.900s
Trial 574: Cell 1 (Static) = 0.004433 | Cell 2 (Plastic) = 0.003944
Trial: 575, Time:32.137s
Trial 575: Cell 1 (Static) = 0.004446 | Cell 2 (Plastic) = 0.003956
Trial: 576, Time:32.049s
Trial 576: Cell 1 (Static) = 0.004433 | Cell 2 (Plastic) = 0.003944
Trial: 577, Time:31.512s
Trial 577: Cell 1 (Static) = 0.004419 | Cell 2 (Plastic) = 0.003932
Trial: 578, Time:32.696s
Trial 578: Cell 1 (Static) = 0.004433 | Cell 2 (Plastic) = 0.003944
Trial: 579, Time:32.740s
Trial 579: Cell 1 (Static) = 0.004419 | Cell 2 (Plastic) = 0.003956
Trial: 580, Time:32.437s
Trial 580: Cell 1 (Static) = 0.004406 | Cell 2 (Plastic) = 0.003968
Trial: 581, Time:31.765s
Trial 581: Cell 1 (Static) = 0.004419 | Cell 2 (Plastic) = 0.003956
Trial: 582, Time:31.751s
Trial 582: Cell 1 (Static) = 0.004433 | Cell 2 (Plastic) = 0.003944
Trial: 583, Time:31.600s
Trial 583: Cell 1 (Static) = 0.004419 | Cell 2 (Plastic) = 0.003932
Trial: 584, Time:31.686s
Trial 584: Cell 1 (Static) = 0.004406 | Cell 2 (Plastic) = 0.003944
Trial: 585, Time:31.573s
Trial 585: Cell 1 (Static) = 0.004393 | Cell 2 (Plastic) = 0.003956
Trial: 586, Time:31.562s
Trial 586: Cell 1 (Static) = 0.004380 | Cell 2 (Plastic) = 0.003944
Trial: 587, Time:31.734s
Trial 587: Cell 1 (Static) = 0.004393 | Cell 2 (Plastic) = 0.003932
Trial: 588, Time:31.936s
Trial 588: Cell 1 (Static) = 0.004406 | Cell 2 (Plastic) = 0.003944
Trial: 589, Time:33.271s
Trial 589: Cell 1 (Static) = 0.004419 | Cell 2 (Plastic) = 0.003956
Trial: 590, Time:33.970s
Trial 590: Cell 1 (Static) = 0.004433 | Cell 2 (Plastic) = 0.003968
Trial: 591, Time:34.615s
Trial 591: Cell 1 (Static) = 0.004446 | Cell 2 (Plastic) = 0.003980
Trial: 592, Time:34.788s
Trial 592: Cell 1 (Static) = 0.004459 | Cell 2 (Plastic) = 0.003991
Trial: 593, Time:32.240s
Trial 593: Cell 1 (Static) = 0.004473 | Cell 2 (Plastic) = 0.004003
Trial: 594, Time:32.766s
Trial 594: Cell 1 (Static) = 0.004486 | Cell 2 (Plastic) = 0.004015
Trial: 595, Time:31.903s
Trial 595: Cell 1 (Static) = 0.004500 | Cell 2 (Plastic) = 0.004028
Trial: 596, Time:33.144s
Trial 596: Cell 1 (Static) = 0.004513 | Cell 2 (Plastic) = 0.004040
Trial: 597, Time:33.024s
Trial 597: Cell 1 (Static) = 0.004527 | Cell 2 (Plastic) = 0.004052
Trial: 598, Time:32.847s
Trial 598: Cell 1 (Static) = 0.004540 | Cell 2 (Plastic) = 0.004064
Trial: 599, Time:33.332s
Trial 599: Cell 1 (Static) = 0.004527 | Cell 2 (Plastic) = 0.004076
Trial: 600, Time:33.626s
Trial 600: Cell 1 (Static) = 0.004513 | Cell 2 (Plastic) = 0.004088
Trial: 601, Time:33.460s
Trial 601: Cell 1 (Static) = 0.004500 | Cell 2 (Plastic) = 0.004101
Trial: 602, Time:34.149s
Trial 602: Cell 1 (Static) = 0.004486 | Cell 2 (Plastic) = 0.004113
Trial: 603, Time:34.431s
Trial 603: Cell 1 (Static) = 0.004500 | Cell 2 (Plastic) = 0.004125
Trial: 604, Time:34.646s
Trial 604: Cell 1 (Static) = 0.004486 | Cell 2 (Plastic) = 0.004138
Trial: 605, Time:34.921s
Trial 605: Cell 1 (Static) = 0.004473 | Cell 2 (Plastic) = 0.004150
Trial: 606, Time:33.785s
Trial 606: Cell 1 (Static) = 0.004459 | Cell 2 (Plastic) = 0.004162
Trial: 607, Time:33.348s
Trial 607: Cell 1 (Static) = 0.004473 | Cell 2 (Plastic) = 0.004175
Trial: 608, Time:33.282s
Trial 608: Cell 1 (Static) = 0.004486 | Cell 2 (Plastic) = 0.004187
Trial: 609, Time:34.128s
Trial 609: Cell 1 (Static) = 0.004500 | Cell 2 (Plastic) = 0.004200
Trial: 610, Time:34.248s
Trial 610: Cell 1 (Static) = 0.004513 | Cell 2 (Plastic) = 0.004213
Trial: 611, Time:33.507s
Trial 611: Cell 1 (Static) = 0.004527 | Cell 2 (Plastic) = 0.004225
Trial: 612, Time:33.986s
Trial 612: Cell 1 (Static) = 0.004540 | Cell 2 (Plastic) = 0.004238
Trial: 613, Time:33.703s
Trial 613: Cell 1 (Static) = 0.004527 | Cell 2 (Plastic) = 0.004251
Trial: 614, Time:32.910s
Trial 614: Cell 1 (Static) = 0.004513 | Cell 2 (Plastic) = 0.004263
Trial: 615, Time:33.676s
Trial 615: Cell 1 (Static) = 0.004500 | Cell 2 (Plastic) = 0.004276
Trial: 616, Time:33.992s
Trial 616: Cell 1 (Static) = 0.004486 | Cell 2 (Plastic) = 0.004289
Trial: 617, Time:33.444s
Trial 617: Cell 1 (Static) = 0.004473 | Cell 2 (Plastic) = 0.004302
Trial: 618, Time:34.018s
Trial 618: Cell 1 (Static) = 0.004459 | Cell 2 (Plastic) = 0.004315
Trial: 619, Time:33.458s
Trial 619: Cell 1 (Static) = 0.004473 | Cell 2 (Plastic) = 0.004328
Trial: 620, Time:33.575s
Trial 620: Cell 1 (Static) = 0.004486 | Cell 2 (Plastic) = 0.004341
Trial: 621, Time:33.797s
Trial 621: Cell 1 (Static) = 0.004500 | Cell 2 (Plastic) = 0.004354
Trial: 622, Time:32.750s
Trial 622: Cell 1 (Static) = 0.004513 | Cell 2 (Plastic) = 0.004367
Trial: 623, Time:32.947s
Trial 623: Cell 1 (Static) = 0.004500 | Cell 2 (Plastic) = 0.004380
Trial: 624, Time:33.596s
Trial 624: Cell 1 (Static) = 0.004486 | Cell 2 (Plastic) = 0.004393
Trial: 625, Time:32.490s
Trial 625: Cell 1 (Static) = 0.004473 | Cell 2 (Plastic) = 0.004406
Trial: 626, Time:32.718s
Trial 626: Cell 1 (Static) = 0.004486 | Cell 2 (Plastic) = 0.004419
Trial: 627, Time:32.157s
Trial 627: Cell 1 (Static) = 0.004473 | Cell 2 (Plastic) = 0.004406
Trial: 628, Time:31.993s
Trial 628: Cell 1 (Static) = 0.004459 | Cell 2 (Plastic) = 0.004393
Trial: 629, Time:32.988s
Trial 629: Cell 1 (Static) = 0.004446 | Cell 2 (Plastic) = 0.004380
Trial: 630, Time:33.224s
Trial 630: Cell 1 (Static) = 0.004433 | Cell 2 (Plastic) = 0.004367
Trial: 631, Time:32.748s
Trial 631: Cell 1 (Static) = 0.004419 | Cell 2 (Plastic) = 0.004354
Trial: 632, Time:33.481s
Trial 632: Cell 1 (Static) = 0.004406 | Cell 2 (Plastic) = 0.004367
Trial: 633, Time:33.830s
Trial 633: Cell 1 (Static) = 0.004393 | Cell 2 (Plastic) = 0.004380
Trial: 634, Time:32.991s
Trial 634: Cell 1 (Static) = 0.004380 | Cell 2 (Plastic) = 0.004367
Trial: 635, Time:31.391s
Trial 635: Cell 1 (Static) = 0.004367 | Cell 2 (Plastic) = 0.004380
Trial: 636, Time:32.165s
Trial 636: Cell 1 (Static) = 0.004380 | Cell 2 (Plastic) = 0.004393
Trial: 637, Time:31.709s
Trial 637: Cell 1 (Static) = 0.004367 | Cell 2 (Plastic) = 0.004406
Trial: 638, Time:32.332s
Trial 638: Cell 1 (Static) = 0.004354 | Cell 2 (Plastic) = 0.004393
Trial: 639, Time:31.299s
Trial 639: Cell 1 (Static) = 0.004341 | Cell 2 (Plastic) = 0.004380
Trial: 640, Time:32.271s
Trial 640: Cell 1 (Static) = 0.004354 | Cell 2 (Plastic) = 0.004367
Trial: 641, Time:32.538s
Trial 641: Cell 1 (Static) = 0.004367 | Cell 2 (Plastic) = 0.004354
Trial: 642, Time:33.913s
Trial 642: Cell 1 (Static) = 0.004380 | Cell 2 (Plastic) = 0.004341
Trial: 643, Time:34.316s
Trial 643: Cell 1 (Static) = 0.004393 | Cell 2 (Plastic) = 0.004328
Trial: 644, Time:34.108s
Trial 644: Cell 1 (Static) = 0.004406 | Cell 2 (Plastic) = 0.004315
Trial: 645, Time:34.963s
Trial 645: Cell 1 (Static) = 0.004419 | Cell 2 (Plastic) = 0.004302
Trial: 646, Time:36.359s
Trial 646: Cell 1 (Static) = 0.004433 | Cell 2 (Plastic) = 0.004289
Trial: 647, Time:36.577s
Trial 647: Cell 1 (Static) = 0.004446 | Cell 2 (Plastic) = 0.004276
Trial: 648, Time:35.908s
Trial 648: Cell 1 (Static) = 0.004433 | Cell 2 (Plastic) = 0.004263
Trial: 649, Time:34.419s
Trial 649: Cell 1 (Static) = 0.004419 | Cell 2 (Plastic) = 0.004251
Trial: 650, Time:33.794s
Trial 650: Cell 1 (Static) = 0.004406 | Cell 2 (Plastic) = 0.004238
Trial: 651, Time:33.840s
Trial 651: Cell 1 (Static) = 0.004393 | Cell 2 (Plastic) = 0.004225
Trial: 652, Time:32.878s
Trial 652: Cell 1 (Static) = 0.004380 | Cell 2 (Plastic) = 0.004213
Trial: 653, Time:33.588s
Trial 653: Cell 1 (Static) = 0.004367 | Cell 2 (Plastic) = 0.004200
Trial: 654, Time:32.538s
Trial 654: Cell 1 (Static) = 0.004354 | Cell 2 (Plastic) = 0.004187
Trial: 655, Time:32.635s
Trial 655: Cell 1 (Static) = 0.004341 | Cell 2 (Plastic) = 0.004200
Trial: 656, Time:32.555s
Trial 656: Cell 1 (Static) = 0.004354 | Cell 2 (Plastic) = 0.004213
Trial: 657, Time:32.309s
Trial 657: Cell 1 (Static) = 0.004341 | Cell 2 (Plastic) = 0.004200
Trial: 658, Time:32.292s
Trial 658: Cell 1 (Static) = 0.004328 | Cell 2 (Plastic) = 0.004187
Trial: 659, Time:32.631s
Trial 659: Cell 1 (Static) = 0.004315 | Cell 2 (Plastic) = 0.004175
Trial: 660, Time:33.150s
Trial 660: Cell 1 (Static) = 0.004302 | Cell 2 (Plastic) = 0.004162
Trial: 661, Time:32.072s
Trial 661: Cell 1 (Static) = 0.004289 | Cell 2 (Plastic) = 0.004175
Trial: 662, Time:33.496s
Trial 662: Cell 1 (Static) = 0.004276 | Cell 2 (Plastic) = 0.004162
Trial: 663, Time:32.673s
Trial 663: Cell 1 (Static) = 0.004263 | Cell 2 (Plastic) = 0.004150
Trial: 664, Time:32.252s
Trial 664: Cell 1 (Static) = 0.004276 | Cell 2 (Plastic) = 0.004138
Trial: 665, Time:32.903s
Trial 665: Cell 1 (Static) = 0.004289 | Cell 2 (Plastic) = 0.004150
Trial: 666, Time:32.819s
Trial 666: Cell 1 (Static) = 0.004302 | Cell 2 (Plastic) = 0.004162
Trial: 667, Time:32.916s
Trial 667: Cell 1 (Static) = 0.004315 | Cell 2 (Plastic) = 0.004175
Trial: 668, Time:32.630s
Trial 668: Cell 1 (Static) = 0.004328 | Cell 2 (Plastic) = 0.004187
Trial: 669, Time:31.762s
Trial 669: Cell 1 (Static) = 0.004315 | Cell 2 (Plastic) = 0.004200
Trial: 670, Time:32.072s
Trial 670: Cell 1 (Static) = 0.004302 | Cell 2 (Plastic) = 0.004213
Trial: 671, Time:33.144s
Trial 671: Cell 1 (Static) = 0.004289 | Cell 2 (Plastic) = 0.004200
Trial: 672, Time:33.046s
Trial 672: Cell 1 (Static) = 0.004276 | Cell 2 (Plastic) = 0.004187
Trial: 673, Time:32.846s
Trial 673: Cell 1 (Static) = 0.004263 | Cell 2 (Plastic) = 0.004175
Trial: 674, Time:32.844s
Trial 674: Cell 1 (Static) = 0.004251 | Cell 2 (Plastic) = 0.004162
Trial: 675, Time:33.551s
Trial 675: Cell 1 (Static) = 0.004263 | Cell 2 (Plastic) = 0.004150
Trial: 676, Time:32.011s
Trial 676: Cell 1 (Static) = 0.004276 | Cell 2 (Plastic) = 0.004138
Trial: 677, Time:32.693s
Trial 677: Cell 1 (Static) = 0.004289 | Cell 2 (Plastic) = 0.004125
Trial: 678, Time:33.067s
Trial 678: Cell 1 (Static) = 0.004302 | Cell 2 (Plastic) = 0.004138
Trial: 679, Time:33.645s
Trial 679: Cell 1 (Static) = 0.004315 | Cell 2 (Plastic) = 0.004138
Trial: 680, Time:32.898s
Trial 680: Cell 1 (Static) = 0.004328 | Cell 2 (Plastic) = 0.004150
Trial: 681, Time:32.392s
Trial 681: Cell 1 (Static) = 0.004341 | Cell 2 (Plastic) = 0.004162
Trial: 682, Time:34.686s
Trial 682: Cell 1 (Static) = 0.004354 | Cell 2 (Plastic) = 0.004150
Trial: 683, Time:33.763s
Trial 683: Cell 1 (Static) = 0.004367 | Cell 2 (Plastic) = 0.004138
Trial: 684, Time:33.939s
Trial 684: Cell 1 (Static) = 0.004380 | Cell 2 (Plastic) = 0.004125
Trial: 685, Time:33.294s
Trial 685: Cell 1 (Static) = 0.004393 | Cell 2 (Plastic) = 0.004113
Trial: 686, Time:35.059s
Trial 686: Cell 1 (Static) = 0.004406 | Cell 2 (Plastic) = 0.004101
Trial: 687, Time:34.259s
Trial 687: Cell 1 (Static) = 0.004419 | Cell 2 (Plastic) = 0.004088
Trial: 688, Time:34.556s
Trial 688: Cell 1 (Static) = 0.004406 | Cell 2 (Plastic) = 0.004076
Trial: 689, Time:35.065s
Trial 689: Cell 1 (Static) = 0.004393 | Cell 2 (Plastic) = 0.004064
Trial: 690, Time:34.811s
Trial 690: Cell 1 (Static) = 0.004380 | Cell 2 (Plastic) = 0.004052
Trial: 691, Time:34.157s
Trial 691: Cell 1 (Static) = 0.004367 | Cell 2 (Plastic) = 0.004040
Trial: 692, Time:33.851s
Trial 692: Cell 1 (Static) = 0.004380 | Cell 2 (Plastic) = 0.004028
Trial: 693, Time:33.181s
Trial 693: Cell 1 (Static) = 0.004367 | Cell 2 (Plastic) = 0.004015
Trial: 694, Time:33.036s
Trial 694: Cell 1 (Static) = 0.004354 | Cell 2 (Plastic) = 0.004003
Trial: 695, Time:32.564s
Trial 695: Cell 1 (Static) = 0.004341 | Cell 2 (Plastic) = 0.003991
Trial: 696, Time:32.637s
Trial 696: Cell 1 (Static) = 0.004328 | Cell 2 (Plastic) = 0.003980
Trial: 697, Time:32.767s
Trial 697: Cell 1 (Static) = 0.004341 | Cell 2 (Plastic) = 0.003968
Trial: 698, Time:32.845s
Trial 698: Cell 1 (Static) = 0.004354 | Cell 2 (Plastic) = 0.003956
Trial: 699, Time:32.651s
Trial 699: Cell 1 (Static) = 0.004367 | Cell 2 (Plastic) = 0.003944
Trial: 700, Time:33.096s
Trial 700: Cell 1 (Static) = 0.004380 | Cell 2 (Plastic) = 0.003932
Trial: 701, Time:33.616s
Trial 701: Cell 1 (Static) = 0.004393 | Cell 2 (Plastic) = 0.003944
Trial: 702, Time:33.673s
Trial 702: Cell 1 (Static) = 0.004406 | Cell 2 (Plastic) = 0.003956
Trial: 703, Time:33.734s
Trial 703: Cell 1 (Static) = 0.004419 | Cell 2 (Plastic) = 0.003968
Trial: 704, Time:34.093s
Trial 704: Cell 1 (Static) = 0.004406 | Cell 2 (Plastic) = 0.003980
Trial: 705, Time:33.453s
Trial 705: Cell 1 (Static) = 0.004419 | Cell 2 (Plastic) = 0.003968
Trial: 706, Time:33.235s
Trial 706: Cell 1 (Static) = 0.004433 | Cell 2 (Plastic) = 0.003980
Trial: 707, Time:33.376s
Trial 707: Cell 1 (Static) = 0.004419 | Cell 2 (Plastic) = 0.003991
Trial: 708, Time:33.230s
Trial 708: Cell 1 (Static) = 0.004406 | Cell 2 (Plastic) = 0.004003
Trial: 709, Time:33.136s
Trial 709: Cell 1 (Static) = 0.004393 | Cell 2 (Plastic) = 0.004015
Trial: 710, Time:33.159s
Trial 710: Cell 1 (Static) = 0.004380 | Cell 2 (Plastic) = 0.004003
Trial: 711, Time:34.166s
Trial 711: Cell 1 (Static) = 0.004367 | Cell 2 (Plastic) = 0.003991
Trial: 712, Time:32.923s
Trial 712: Cell 1 (Static) = 0.004354 | Cell 2 (Plastic) = 0.004003
Trial: 713, Time:32.589s
Trial 713: Cell 1 (Static) = 0.004341 | Cell 2 (Plastic) = 0.004015
Trial: 714, Time:32.713s
Trial 714: Cell 1 (Static) = 0.004328 | Cell 2 (Plastic) = 0.004028
Trial: 715, Time:33.129s
Trial 715: Cell 1 (Static) = 0.004315 | Cell 2 (Plastic) = 0.004040
Trial: 716, Time:31.376s
Trial 716: Cell 1 (Static) = 0.004302 | Cell 2 (Plastic) = 0.004052
Trial: 717, Time:31.500s
Trial 717: Cell 1 (Static) = 0.004289 | Cell 2 (Plastic) = 0.004064
Trial: 718, Time:31.992s
Trial 718: Cell 1 (Static) = 0.004276 | Cell 2 (Plastic) = 0.004076
Trial: 719, Time:31.295s
Trial 719: Cell 1 (Static) = 0.004263 | Cell 2 (Plastic) = 0.004088
Trial: 720, Time:32.482s
Trial 720: Cell 1 (Static) = 0.004251 | Cell 2 (Plastic) = 0.004101
Trial: 721, Time:32.176s
Trial 721: Cell 1 (Static) = 0.004238 | Cell 2 (Plastic) = 0.004113
Trial: 722, Time:33.321s
Trial 722: Cell 1 (Static) = 0.004225 | Cell 2 (Plastic) = 0.004125
Trial: 723, Time:33.240s
Trial 723: Cell 1 (Static) = 0.004213 | Cell 2 (Plastic) = 0.004138
Trial: 724, Time:33.587s
Trial 724: Cell 1 (Static) = 0.004200 | Cell 2 (Plastic) = 0.004150
Trial: 725, Time:32.711s
Trial 725: Cell 1 (Static) = 0.004187 | Cell 2 (Plastic) = 0.004162
Trial: 726, Time:33.387s
Trial 726: Cell 1 (Static) = 0.004175 | Cell 2 (Plastic) = 0.004175
Trial: 727, Time:33.218s
Trial 727: Cell 1 (Static) = 0.004162 | Cell 2 (Plastic) = 0.004187
Trial: 728, Time:33.973s
Trial 728: Cell 1 (Static) = 0.004150 | Cell 2 (Plastic) = 0.004200
Trial: 729, Time:33.310s
Trial 729: Cell 1 (Static) = 0.004138 | Cell 2 (Plastic) = 0.004213
Trial: 730, Time:35.020s
Trial 730: Cell 1 (Static) = 0.004125 | Cell 2 (Plastic) = 0.004225
Trial: 731, Time:34.557s
Trial 731: Cell 1 (Static) = 0.004113 | Cell 2 (Plastic) = 0.004238
Trial: 732, Time:35.585s
Trial 732: Cell 1 (Static) = 0.004101 | Cell 2 (Plastic) = 0.004251
Trial: 733, Time:34.672s
Trial 733: Cell 1 (Static) = 0.004088 | Cell 2 (Plastic) = 0.004263
Trial: 734, Time:35.211s
Trial 734: Cell 1 (Static) = 0.004076 | Cell 2 (Plastic) = 0.004276
Trial: 735, Time:34.948s
Trial 735: Cell 1 (Static) = 0.004088 | Cell 2 (Plastic) = 0.004289
Trial: 736, Time:35.750s
Trial 736: Cell 1 (Static) = 0.004076 | Cell 2 (Plastic) = 0.004302
Trial: 737, Time:34.699s
Trial 737: Cell 1 (Static) = 0.004064 | Cell 2 (Plastic) = 0.004289
Trial: 738, Time:35.083s
Trial 738: Cell 1 (Static) = 0.004052 | Cell 2 (Plastic) = 0.004276
Trial: 739, Time:34.898s
Trial 739: Cell 1 (Static) = 0.004040 | Cell 2 (Plastic) = 0.004263
Trial: 740, Time:34.801s
Trial 740: Cell 1 (Static) = 0.004028 | Cell 2 (Plastic) = 0.004251
Trial: 741, Time:34.395s
Trial 741: Cell 1 (Static) = 0.004040 | Cell 2 (Plastic) = 0.004238
Trial: 742, Time:34.442s
Trial 742: Cell 1 (Static) = 0.004052 | Cell 2 (Plastic) = 0.004225
Trial: 743, Time:34.870s
Trial 743: Cell 1 (Static) = 0.004040 | Cell 2 (Plastic) = 0.004213
Trial: 744, Time:34.737s
Trial 744: Cell 1 (Static) = 0.004052 | Cell 2 (Plastic) = 0.004200
Trial: 745, Time:34.725s
Trial 745: Cell 1 (Static) = 0.004040 | Cell 2 (Plastic) = 0.004187
Trial: 746, Time:34.320s
Trial 746: Cell 1 (Static) = 0.004028 | Cell 2 (Plastic) = 0.004200
Trial: 747, Time:34.895s
Trial 747: Cell 1 (Static) = 0.004015 | Cell 2 (Plastic) = 0.004213
Trial: 748, Time:33.799s
Trial 748: Cell 1 (Static) = 0.004003 | Cell 2 (Plastic) = 0.004200
Trial: 749, Time:33.759s
Trial 749: Cell 1 (Static) = 0.003991 | Cell 2 (Plastic) = 0.004187
Trial: 750, Time:35.022s
Trial 750: Cell 1 (Static) = 0.003980 | Cell 2 (Plastic) = 0.004175
Trial: 751, Time:34.592s
Trial 751: Cell 1 (Static) = 0.003968 | Cell 2 (Plastic) = 0.004162
Trial: 752, Time:33.568s
Trial 752: Cell 1 (Static) = 0.003956 | Cell 2 (Plastic) = 0.004150
Trial: 753, Time:34.126s
Trial 753: Cell 1 (Static) = 0.003944 | Cell 2 (Plastic) = 0.004162
Trial: 754, Time:33.260s
Trial 754: Cell 1 (Static) = 0.003932 | Cell 2 (Plastic) = 0.004175
Trial: 755, Time:32.851s
Trial 755: Cell 1 (Static) = 0.003920 | Cell 2 (Plastic) = 0.004187
Trial: 756, Time:33.112s
Trial 756: Cell 1 (Static) = 0.003909 | Cell 2 (Plastic) = 0.004175
Trial: 757, Time:34.090s
Trial 757: Cell 1 (Static) = 0.003897 | Cell 2 (Plastic) = 0.004162
Trial: 758, Time:35.104s
Trial 758: Cell 1 (Static) = 0.003885 | Cell 2 (Plastic) = 0.004150
Trial: 759, Time:34.499s
Trial 759: Cell 1 (Static) = 0.003874 | Cell 2 (Plastic) = 0.004138
Trial: 760, Time:33.630s
Trial 760: Cell 1 (Static) = 0.003862 | Cell 2 (Plastic) = 0.004125
Trial: 761, Time:33.655s
Trial 761: Cell 1 (Static) = 0.003851 | Cell 2 (Plastic) = 0.004138
Trial: 762, Time:32.723s
Trial 762: Cell 1 (Static) = 0.003839 | Cell 2 (Plastic) = 0.004150
Trial: 763, Time:32.691s
Trial 763: Cell 1 (Static) = 0.003828 | Cell 2 (Plastic) = 0.004138
Trial: 764, Time:32.929s
Trial 764: Cell 1 (Static) = 0.003816 | Cell 2 (Plastic) = 0.004125
Trial: 765, Time:33.051s
Trial 765: Cell 1 (Static) = 0.003828 | Cell 2 (Plastic) = 0.004113
Trial: 766, Time:33.193s
Trial 766: Cell 1 (Static) = 0.003839 | Cell 2 (Plastic) = 0.004101
Trial: 767, Time:32.501s
Trial 767: Cell 1 (Static) = 0.003851 | Cell 2 (Plastic) = 0.004088
Trial: 768, Time:31.219s
Trial 768: Cell 1 (Static) = 0.003862 | Cell 2 (Plastic) = 0.004076
Trial: 769, Time:30.835s
Trial 769: Cell 1 (Static) = 0.003874 | Cell 2 (Plastic) = 0.004064
Trial: 770, Time:32.096s
Trial 770: Cell 1 (Static) = 0.003885 | Cell 2 (Plastic) = 0.004052
Trial: 771, Time:31.665s
Trial 771: Cell 1 (Static) = 0.003897 | Cell 2 (Plastic) = 0.004040
Trial: 772, Time:32.166s
Trial 772: Cell 1 (Static) = 0.003885 | Cell 2 (Plastic) = 0.004028
Trial: 773, Time:32.219s
Trial 773: Cell 1 (Static) = 0.003874 | Cell 2 (Plastic) = 0.004015
Trial: 774, Time:32.956s
Trial 774: Cell 1 (Static) = 0.003862 | Cell 2 (Plastic) = 0.004003
Trial: 775, Time:33.133s
Trial 775: Cell 1 (Static) = 0.003851 | Cell 2 (Plastic) = 0.003991
Trial: 776, Time:32.538s
Trial 776: Cell 1 (Static) = 0.003839 | Cell 2 (Plastic) = 0.004003
Trial: 777, Time:32.596s
Trial 777: Cell 1 (Static) = 0.003828 | Cell 2 (Plastic) = 0.004015
Trial: 778, Time:33.596s
Trial 778: Cell 1 (Static) = 0.003816 | Cell 2 (Plastic) = 0.004028
Trial: 779, Time:34.876s
Trial 779: Cell 1 (Static) = 0.003805 | Cell 2 (Plastic) = 0.004015
Trial: 780, Time:34.685s
Trial 780: Cell 1 (Static) = 0.003793 | Cell 2 (Plastic) = 0.004003
Trial: 781, Time:36.131s
Trial 781: Cell 1 (Static) = 0.003782 | Cell 2 (Plastic) = 0.003991
Trial: 782, Time:35.841s
Trial 782: Cell 1 (Static) = 0.003771 | Cell 2 (Plastic) = 0.003980
Trial: 783, Time:34.971s
Trial 783: Cell 1 (Static) = 0.003759 | Cell 2 (Plastic) = 0.003968
Trial: 784, Time:35.630s
Trial 784: Cell 1 (Static) = 0.003748 | Cell 2 (Plastic) = 0.003968
Trial: 785, Time:35.363s
Trial 785: Cell 1 (Static) = 0.003759 | Cell 2 (Plastic) = 0.003956
Trial: 786, Time:34.828s
Trial 786: Cell 1 (Static) = 0.003771 | Cell 2 (Plastic) = 0.003944
Trial: 787, Time:34.512s
Trial 787: Cell 1 (Static) = 0.003782 | Cell 2 (Plastic) = 0.003956
Trial: 788, Time:35.291s
Trial 788: Cell 1 (Static) = 0.003793 | Cell 2 (Plastic) = 0.003968
Trial: 789, Time:34.945s
Trial 789: Cell 1 (Static) = 0.003805 | Cell 2 (Plastic) = 0.003980
Trial: 790, Time:35.054s
Trial 790: Cell 1 (Static) = 0.003816 | Cell 2 (Plastic) = 0.003991
Trial: 791, Time:34.259s
Trial 791: Cell 1 (Static) = 0.003828 | Cell 2 (Plastic) = 0.004003
Trial: 792, Time:33.871s
Trial 792: Cell 1 (Static) = 0.003839 | Cell 2 (Plastic) = 0.004015
Trial: 793, Time:32.347s
Trial 793: Cell 1 (Static) = 0.003851 | Cell 2 (Plastic) = 0.004028
Trial: 794, Time:32.862s
Trial 794: Cell 1 (Static) = 0.003862 | Cell 2 (Plastic) = 0.004015
Trial: 795, Time:33.705s
Trial 795: Cell 1 (Static) = 0.003874 | Cell 2 (Plastic) = 0.004003
Trial: 796, Time:33.809s
Trial 796: Cell 1 (Static) = 0.003885 | Cell 2 (Plastic) = 0.003991
Trial: 797, Time:33.239s
Trial 797: Cell 1 (Static) = 0.003897 | Cell 2 (Plastic) = 0.003980
Trial: 798, Time:33.734s
Trial 798: Cell 1 (Static) = 0.003909 | Cell 2 (Plastic) = 0.003968
Trial: 799, Time:32.247s
Trial 799: Cell 1 (Static) = 0.003920 | Cell 2 (Plastic) = 0.003956
Trial: 800, Time:31.847s
Trial 800: Cell 1 (Static) = 0.003920 | Cell 2 (Plastic) = 0.003968
Trial: 801, Time:31.852s
Trial 801: Cell 1 (Static) = 0.003909 | Cell 2 (Plastic) = 0.003956
Trial: 802, Time:31.772s
Trial 802: Cell 1 (Static) = 0.003897 | Cell 2 (Plastic) = 0.003944
Trial: 803, Time:32.477s
Trial 803: Cell 1 (Static) = 0.003909 | Cell 2 (Plastic) = 0.003932
Trial: 804, Time:32.712s
Trial 804: Cell 1 (Static) = 0.003920 | Cell 2 (Plastic) = 0.003920
Trial: 805, Time:32.679s
Trial 805: Cell 1 (Static) = 0.003909 | Cell 2 (Plastic) = 0.003932
Trial: 806, Time:32.313s
Trial 806: Cell 1 (Static) = 0.003897 | Cell 2 (Plastic) = 0.003944
Trial: 807, Time:32.689s
Trial 807: Cell 1 (Static) = 0.003909 | Cell 2 (Plastic) = 0.003932
Trial: 808, Time:31.800s
Trial 808: Cell 1 (Static) = 0.003920 | Cell 2 (Plastic) = 0.003920
Trial: 809, Time:32.615s
Trial 809: Cell 1 (Static) = 0.003909 | Cell 2 (Plastic) = 0.003909
Trial: 810, Time:32.221s
Trial 810: Cell 1 (Static) = 0.003920 | Cell 2 (Plastic) = 0.003897
Trial: 811, Time:32.429s
Trial 811: Cell 1 (Static) = 0.003909 | Cell 2 (Plastic) = 0.003885
Trial: 812, Time:33.361s
Trial 812: Cell 1 (Static) = 0.003897 | Cell 2 (Plastic) = 0.003874
Trial: 813, Time:32.839s
Trial 813: Cell 1 (Static) = 0.003885 | Cell 2 (Plastic) = 0.003862
Trial: 814, Time:34.069s
Trial 814: Cell 1 (Static) = 0.003874 | Cell 2 (Plastic) = 0.003851
Trial: 815, Time:32.557s
Trial 815: Cell 1 (Static) = 0.003862 | Cell 2 (Plastic) = 0.003862
Trial: 816, Time:32.395s
Trial 816: Cell 1 (Static) = 0.003851 | Cell 2 (Plastic) = 0.003874
Trial: 817, Time:33.403s
Trial 817: Cell 1 (Static) = 0.003839 | Cell 2 (Plastic) = 0.003885
Trial: 818, Time:33.154s
Trial 818: Cell 1 (Static) = 0.003851 | Cell 2 (Plastic) = 0.003897
Trial: 819, Time:33.173s
Trial 819: Cell 1 (Static) = 0.003862 | Cell 2 (Plastic) = 0.003909
Trial: 820, Time:33.739s
Trial 820: Cell 1 (Static) = 0.003874 | Cell 2 (Plastic) = 0.003920
Trial: 821, Time:34.099s
Trial 821: Cell 1 (Static) = 0.003885 | Cell 2 (Plastic) = 0.003932
Trial: 822, Time:33.802s
Trial 822: Cell 1 (Static) = 0.003897 | Cell 2 (Plastic) = 0.003944
Trial: 823, Time:34.338s
Trial 823: Cell 1 (Static) = 0.003909 | Cell 2 (Plastic) = 0.003956
Trial: 824, Time:34.317s
Trial 824: Cell 1 (Static) = 0.003920 | Cell 2 (Plastic) = 0.003968
Trial: 825, Time:33.777s
Trial 825: Cell 1 (Static) = 0.003932 | Cell 2 (Plastic) = 0.003980
Trial: 826, Time:32.979s
Trial 826: Cell 1 (Static) = 0.003944 | Cell 2 (Plastic) = 0.003991
Trial: 827, Time:32.962s
Trial 827: Cell 1 (Static) = 0.003956 | Cell 2 (Plastic) = 0.004003
Trial: 828, Time:32.947s
Trial 828: Cell 1 (Static) = 0.003968 | Cell 2 (Plastic) = 0.004015
Trial: 829, Time:33.042s
Trial 829: Cell 1 (Static) = 0.003980 | Cell 2 (Plastic) = 0.004028
Trial: 830, Time:32.954s
Trial 830: Cell 1 (Static) = 0.003991 | Cell 2 (Plastic) = 0.004040
Trial: 831, Time:33.780s
Trial 831: Cell 1 (Static) = 0.004003 | Cell 2 (Plastic) = 0.004052
Trial: 832, Time:32.758s
Trial 832: Cell 1 (Static) = 0.004015 | Cell 2 (Plastic) = 0.004064
Trial: 833, Time:34.627s
Trial 833: Cell 1 (Static) = 0.004028 | Cell 2 (Plastic) = 0.004076
Trial: 834, Time:34.407s
Trial 834: Cell 1 (Static) = 0.004040 | Cell 2 (Plastic) = 0.004088
Trial: 835, Time:34.316s
Trial 835: Cell 1 (Static) = 0.004052 | Cell 2 (Plastic) = 0.004101
Trial: 836, Time:34.195s
Trial 836: Cell 1 (Static) = 0.004064 | Cell 2 (Plastic) = 0.004113
Trial: 837, Time:34.049s
Trial 837: Cell 1 (Static) = 0.004076 | Cell 2 (Plastic) = 0.004125
Trial: 838, Time:32.869s
Trial 838: Cell 1 (Static) = 0.004088 | Cell 2 (Plastic) = 0.004138
Trial: 839, Time:33.670s
Trial 839: Cell 1 (Static) = 0.004101 | Cell 2 (Plastic) = 0.004150
Trial: 840, Time:33.813s
Trial 840: Cell 1 (Static) = 0.004088 | Cell 2 (Plastic) = 0.004162
Trial: 841, Time:33.707s
Trial 841: Cell 1 (Static) = 0.004101 | Cell 2 (Plastic) = 0.004175
Trial: 842, Time:33.425s
Trial 842: Cell 1 (Static) = 0.004088 | Cell 2 (Plastic) = 0.004187
Trial: 843, Time:32.549s
Trial 843: Cell 1 (Static) = 0.004076 | Cell 2 (Plastic) = 0.004200
Trial: 844, Time:32.981s
Trial 844: Cell 1 (Static) = 0.004064 | Cell 2 (Plastic) = 0.004213
Trial: 845, Time:31.250s
Trial 845: Cell 1 (Static) = 0.004076 | Cell 2 (Plastic) = 0.004225
Trial: 846, Time:31.538s
Trial 846: Cell 1 (Static) = 0.004088 | Cell 2 (Plastic) = 0.004238
Trial: 847, Time:31.915s
Trial 847: Cell 1 (Static) = 0.004076 | Cell 2 (Plastic) = 0.004225
Trial: 848, Time:32.108s
Trial 848: Cell 1 (Static) = 0.004088 | Cell 2 (Plastic) = 0.004213
Trial: 849, Time:32.445s
Trial 849: Cell 1 (Static) = 0.004076 | Cell 2 (Plastic) = 0.004200
Trial: 850, Time:32.738s
Trial 850: Cell 1 (Static) = 0.004088 | Cell 2 (Plastic) = 0.004187
Trial: 851, Time:33.728s
Trial 851: Cell 1 (Static) = 0.004101 | Cell 2 (Plastic) = 0.004175
Trial: 852, Time:32.313s
Trial 852: Cell 1 (Static) = 0.004088 | Cell 2 (Plastic) = 0.004162
Trial: 853, Time:32.555s
Trial 853: Cell 1 (Static) = 0.004076 | Cell 2 (Plastic) = 0.004150
Trial: 854, Time:31.960s
Trial 854: Cell 1 (Static) = 0.004088 | Cell 2 (Plastic) = 0.004162
Trial: 855, Time:31.571s
Trial 855: Cell 1 (Static) = 0.004101 | Cell 2 (Plastic) = 0.004150
Trial: 856, Time:32.370s
Trial 856: Cell 1 (Static) = 0.004113 | Cell 2 (Plastic) = 0.004138
Trial: 857, Time:32.212s
Trial 857: Cell 1 (Static) = 0.004101 | Cell 2 (Plastic) = 0.004125
Trial: 858, Time:32.775s
Trial 858: Cell 1 (Static) = 0.004113 | Cell 2 (Plastic) = 0.004113
Trial: 859, Time:32.441s
Trial 859: Cell 1 (Static) = 0.004101 | Cell 2 (Plastic) = 0.004101
Trial: 860, Time:33.271s
Trial 860: Cell 1 (Static) = 0.004088 | Cell 2 (Plastic) = 0.004088
Trial: 861, Time:32.425s
Trial 861: Cell 1 (Static) = 0.004076 | Cell 2 (Plastic) = 0.004076
Trial: 862, Time:32.889s
Trial 862: Cell 1 (Static) = 0.004064 | Cell 2 (Plastic) = 0.004064
Trial: 863, Time:32.987s
Trial 863: Cell 1 (Static) = 0.004052 | Cell 2 (Plastic) = 0.004052
Trial: 864, Time:32.774s
Trial 864: Cell 1 (Static) = 0.004040 | Cell 2 (Plastic) = 0.004040
Trial: 865, Time:33.469s
Trial 865: Cell 1 (Static) = 0.004028 | Cell 2 (Plastic) = 0.004028
Trial: 866, Time:33.644s
Trial 866: Cell 1 (Static) = 0.004015 | Cell 2 (Plastic) = 0.004015
Trial: 867, Time:33.245s
Trial 867: Cell 1 (Static) = 0.004003 | Cell 2 (Plastic) = 0.004028
Trial: 868, Time:32.409s
Trial 868: Cell 1 (Static) = 0.003991 | Cell 2 (Plastic) = 0.004040
Trial: 869, Time:32.386s
Trial 869: Cell 1 (Static) = 0.003980 | Cell 2 (Plastic) = 0.004052
Trial: 870, Time:33.230s
Trial 870: Cell 1 (Static) = 0.003991 | Cell 2 (Plastic) = 0.004064
Trial: 871, Time:33.335s
Trial 871: Cell 1 (Static) = 0.004003 | Cell 2 (Plastic) = 0.004076
Trial: 872, Time:34.192s
Trial 872: Cell 1 (Static) = 0.004015 | Cell 2 (Plastic) = 0.004088
Trial: 873, Time:34.468s
Trial 873: Cell 1 (Static) = 0.004028 | Cell 2 (Plastic) = 0.004101
Trial: 874, Time:32.599s
Trial 874: Cell 1 (Static) = 0.004040 | Cell 2 (Plastic) = 0.004088
Trial: 875, Time:32.994s
Trial 875: Cell 1 (Static) = 0.004052 | Cell 2 (Plastic) = 0.004076
Trial: 876, Time:33.120s
Trial 876: Cell 1 (Static) = 0.004064 | Cell 2 (Plastic) = 0.004064
Trial: 877, Time:32.701s
Trial 877: Cell 1 (Static) = 0.004076 | Cell 2 (Plastic) = 0.004052
Trial: 878, Time:32.979s
Trial 878: Cell 1 (Static) = 0.004088 | Cell 2 (Plastic) = 0.004064
Trial: 879, Time:32.403s
Trial 879: Cell 1 (Static) = 0.004101 | Cell 2 (Plastic) = 0.004052
Trial: 880, Time:31.742s
Trial 880: Cell 1 (Static) = 0.004113 | Cell 2 (Plastic) = 0.004040
Trial: 881, Time:32.745s
Trial 881: Cell 1 (Static) = 0.004125 | Cell 2 (Plastic) = 0.004028
Trial: 882, Time:33.215s
Trial 882: Cell 1 (Static) = 0.004138 | Cell 2 (Plastic) = 0.004015
Trial: 883, Time:33.010s
Trial 883: Cell 1 (Static) = 0.004150 | Cell 2 (Plastic) = 0.004003
Trial: 884, Time:33.303s
Trial 884: Cell 1 (Static) = 0.004162 | Cell 2 (Plastic) = 0.003991
Trial: 885, Time:33.274s
Trial 885: Cell 1 (Static) = 0.004175 | Cell 2 (Plastic) = 0.003980
Trial: 886, Time:33.980s
Trial 886: Cell 1 (Static) = 0.004187 | Cell 2 (Plastic) = 0.003968
Trial: 887, Time:34.162s
Trial 887: Cell 1 (Static) = 0.004200 | Cell 2 (Plastic) = 0.003956
Trial: 888, Time:33.755s
Trial 888: Cell 1 (Static) = 0.004187 | Cell 2 (Plastic) = 0.003944
Trial: 889, Time:33.655s
Trial 889: Cell 1 (Static) = 0.004175 | Cell 2 (Plastic) = 0.003932
Trial: 890, Time:34.296s
Trial 890: Cell 1 (Static) = 0.004162 | Cell 2 (Plastic) = 0.003920
Trial: 891, Time:34.061s
Trial 891: Cell 1 (Static) = 0.004150 | Cell 2 (Plastic) = 0.003909
Trial: 892, Time:33.758s
Trial 892: Cell 1 (Static) = 0.004138 | Cell 2 (Plastic) = 0.003920
Trial: 893, Time:33.836s
Trial 893: Cell 1 (Static) = 0.004125 | Cell 2 (Plastic) = 0.003909
Trial: 894, Time:34.586s
Trial 894: Cell 1 (Static) = 0.004113 | Cell 2 (Plastic) = 0.003920
Trial: 895, Time:35.590s
Trial 895: Cell 1 (Static) = 0.004101 | Cell 2 (Plastic) = 0.003909
Trial: 896, Time:35.307s
Trial 896: Cell 1 (Static) = 0.004088 | Cell 2 (Plastic) = 0.003897
Trial: 897, Time:34.690s
Trial 897: Cell 1 (Static) = 0.004076 | Cell 2 (Plastic) = 0.003885
Trial: 898, Time:35.539s
Trial 898: Cell 1 (Static) = 0.004064 | Cell 2 (Plastic) = 0.003874
Trial: 899, Time:35.402s
Trial 899: Cell 1 (Static) = 0.004052 | Cell 2 (Plastic) = 0.003885
Trial: 900, Time:34.845s
Trial 900: Cell 1 (Static) = 0.004040 | Cell 2 (Plastic) = 0.003897
Trial: 901, Time:33.762s
Trial 901: Cell 1 (Static) = 0.004028 | Cell 2 (Plastic) = 0.003909
Trial: 902, Time:33.754s
Trial 902: Cell 1 (Static) = 0.004040 | Cell 2 (Plastic) = 0.003920
Trial: 903, Time:35.642s
Trial 903: Cell 1 (Static) = 0.004052 | Cell 2 (Plastic) = 0.003932
Trial: 904, Time:34.924s
Trial 904: Cell 1 (Static) = 0.004064 | Cell 2 (Plastic) = 0.003944
Trial: 905, Time:34.928s
Trial 905: Cell 1 (Static) = 0.004076 | Cell 2 (Plastic) = 0.003956
Trial: 906, Time:37.375s
Trial 906: Cell 1 (Static) = 0.004088 | Cell 2 (Plastic) = 0.003968
Trial: 907, Time:37.457s
Trial 907: Cell 1 (Static) = 0.004101 | Cell 2 (Plastic) = 0.003980
Trial: 908, Time:37.855s
Trial 908: Cell 1 (Static) = 0.004113 | Cell 2 (Plastic) = 0.003991
Trial: 909, Time:38.128s
Trial 909: Cell 1 (Static) = 0.004125 | Cell 2 (Plastic) = 0.004003
Trial: 910, Time:36.469s
Trial 910: Cell 1 (Static) = 0.004138 | Cell 2 (Plastic) = 0.004015
Trial: 911, Time:35.862s
Trial 911: Cell 1 (Static) = 0.004150 | Cell 2 (Plastic) = 0.004028
Trial: 912, Time:34.582s
Trial 912: Cell 1 (Static) = 0.004162 | Cell 2 (Plastic) = 0.004040
Trial: 913, Time:34.659s
Trial 913: Cell 1 (Static) = 0.004175 | Cell 2 (Plastic) = 0.004052
Trial: 914, Time:35.591s
Trial 914: Cell 1 (Static) = 0.004187 | Cell 2 (Plastic) = 0.004064
Trial: 915, Time:33.457s
Trial 915: Cell 1 (Static) = 0.004200 | Cell 2 (Plastic) = 0.004076
Trial: 916, Time:34.329s
Trial 916: Cell 1 (Static) = 0.004213 | Cell 2 (Plastic) = 0.004088
Trial: 917, Time:34.992s
Trial 917: Cell 1 (Static) = 0.004225 | Cell 2 (Plastic) = 0.004101
Trial: 918, Time:34.293s
Trial 918: Cell 1 (Static) = 0.004238 | Cell 2 (Plastic) = 0.004113
Trial: 919, Time:33.946s
Trial 919: Cell 1 (Static) = 0.004251 | Cell 2 (Plastic) = 0.004125
Trial: 920, Time:34.358s
Trial 920: Cell 1 (Static) = 0.004263 | Cell 2 (Plastic) = 0.004138
Trial: 921, Time:33.905s
Trial 921: Cell 1 (Static) = 0.004276 | Cell 2 (Plastic) = 0.004150
Trial: 922, Time:33.804s
Trial 922: Cell 1 (Static) = 0.004289 | Cell 2 (Plastic) = 0.004162
Trial: 923, Time:34.458s
Trial 923: Cell 1 (Static) = 0.004276 | Cell 2 (Plastic) = 0.004175
Trial: 924, Time:33.989s
Trial 924: Cell 1 (Static) = 0.004263 | Cell 2 (Plastic) = 0.004187
Trial: 925, Time:32.971s
Trial 925: Cell 1 (Static) = 0.004251 | Cell 2 (Plastic) = 0.004200
Trial: 926, Time:32.602s
Trial 926: Cell 1 (Static) = 0.004238 | Cell 2 (Plastic) = 0.004213
Trial: 927, Time:33.083s
Trial 927: Cell 1 (Static) = 0.004225 | Cell 2 (Plastic) = 0.004225
Trial: 928, Time:33.460s
Trial 928: Cell 1 (Static) = 0.004213 | Cell 2 (Plastic) = 0.004238
Trial: 929, Time:33.819s
Trial 929: Cell 1 (Static) = 0.004200 | Cell 2 (Plastic) = 0.004251
Trial: 930, Time:34.016s
Trial 930: Cell 1 (Static) = 0.004187 | Cell 2 (Plastic) = 0.004263
Trial: 931, Time:33.845s
Trial 931: Cell 1 (Static) = 0.004175 | Cell 2 (Plastic) = 0.004276
Trial: 932, Time:34.546s
Trial 932: Cell 1 (Static) = 0.004162 | Cell 2 (Plastic) = 0.004289
Trial: 933, Time:35.173s
Trial 933: Cell 1 (Static) = 0.004150 | Cell 2 (Plastic) = 0.004302
Trial: 934, Time:34.233s
Trial 934: Cell 1 (Static) = 0.004138 | Cell 2 (Plastic) = 0.004315
Trial: 935, Time:34.798s
Trial 935: Cell 1 (Static) = 0.004125 | Cell 2 (Plastic) = 0.004328
Trial: 936, Time:34.258s
Trial 936: Cell 1 (Static) = 0.004113 | Cell 2 (Plastic) = 0.004341
Trial: 937, Time:34.410s
Trial 937: Cell 1 (Static) = 0.004101 | Cell 2 (Plastic) = 0.004328
Trial: 938, Time:34.300s
Trial 938: Cell 1 (Static) = 0.004088 | Cell 2 (Plastic) = 0.004341
Trial: 939, Time:33.095s
Trial 939: Cell 1 (Static) = 0.004076 | Cell 2 (Plastic) = 0.004354
Trial: 940, Time:32.729s
Trial 940: Cell 1 (Static) = 0.004064 | Cell 2 (Plastic) = 0.004367
Trial: 941, Time:32.521s
Trial 941: Cell 1 (Static) = 0.004052 | Cell 2 (Plastic) = 0.004380
Trial: 942, Time:32.262s
Trial 942: Cell 1 (Static) = 0.004040 | Cell 2 (Plastic) = 0.004393
Trial: 943, Time:32.604s
Trial 943: Cell 1 (Static) = 0.004028 | Cell 2 (Plastic) = 0.004406
Trial: 944, Time:33.027s
Trial 944: Cell 1 (Static) = 0.004015 | Cell 2 (Plastic) = 0.004419
Trial: 945, Time:32.262s
Trial 945: Cell 1 (Static) = 0.004003 | Cell 2 (Plastic) = 0.004433
Trial: 946, Time:31.669s
Trial 946: Cell 1 (Static) = 0.003991 | Cell 2 (Plastic) = 0.004446
Trial: 947, Time:31.717s
Trial 947: Cell 1 (Static) = 0.004003 | Cell 2 (Plastic) = 0.004433
Trial: 948, Time:31.338s
Trial 948: Cell 1 (Static) = 0.003991 | Cell 2 (Plastic) = 0.004419
Trial: 949, Time:32.182s
Trial 949: Cell 1 (Static) = 0.003980 | Cell 2 (Plastic) = 0.004433
Trial: 950, Time:32.708s
Trial 950: Cell 1 (Static) = 0.003968 | Cell 2 (Plastic) = 0.004419
Trial: 951, Time:32.943s
Trial 951: Cell 1 (Static) = 0.003980 | Cell 2 (Plastic) = 0.004406
Trial: 952, Time:33.250s
Trial 952: Cell 1 (Static) = 0.003991 | Cell 2 (Plastic) = 0.004393
Trial: 953, Time:33.275s
Trial 953: Cell 1 (Static) = 0.004003 | Cell 2 (Plastic) = 0.004380
Trial: 954, Time:32.399s
Trial 954: Cell 1 (Static) = 0.004015 | Cell 2 (Plastic) = 0.004367
Trial: 955, Time:32.649s
Trial 955: Cell 1 (Static) = 0.004003 | Cell 2 (Plastic) = 0.004354
Trial: 956, Time:32.135s
Trial 956: Cell 1 (Static) = 0.003991 | Cell 2 (Plastic) = 0.004341
Trial: 957, Time:32.783s
Trial 957: Cell 1 (Static) = 0.003980 | Cell 2 (Plastic) = 0.004354
Trial: 958, Time:32.676s
Trial 958: Cell 1 (Static) = 0.003968 | Cell 2 (Plastic) = 0.004367
Trial: 959, Time:32.775s
Trial 959: Cell 1 (Static) = 0.003956 | Cell 2 (Plastic) = 0.004380
Trial: 960, Time:32.221s
Trial 960: Cell 1 (Static) = 0.003968 | Cell 2 (Plastic) = 0.004393
Trial: 961, Time:31.972s
Trial 961: Cell 1 (Static) = 0.003980 | Cell 2 (Plastic) = 0.004380
Trial: 962, Time:31.361s
Trial 962: Cell 1 (Static) = 0.003991 | Cell 2 (Plastic) = 0.004367
Trial: 963, Time:29.955s
Trial 963: Cell 1 (Static) = 0.004003 | Cell 2 (Plastic) = 0.004380
Trial: 964, Time:31.655s
Trial 964: Cell 1 (Static) = 0.004015 | Cell 2 (Plastic) = 0.004393
Trial: 965, Time:31.227s
Trial 965: Cell 1 (Static) = 0.004028 | Cell 2 (Plastic) = 0.004406
Trial: 966, Time:31.797s
Trial 966: Cell 1 (Static) = 0.004040 | Cell 2 (Plastic) = 0.004419
Trial: 967, Time:31.266s
Trial 967: Cell 1 (Static) = 0.004052 | Cell 2 (Plastic) = 0.004406
Trial: 968, Time:30.058s
Trial 968: Cell 1 (Static) = 0.004064 | Cell 2 (Plastic) = 0.004419
Trial: 969, Time:30.765s
Trial 969: Cell 1 (Static) = 0.004076 | Cell 2 (Plastic) = 0.004433
Trial: 970, Time:29.806s
Trial 970: Cell 1 (Static) = 0.004088 | Cell 2 (Plastic) = 0.004446
Trial: 971, Time:30.986s
Trial 971: Cell 1 (Static) = 0.004101 | Cell 2 (Plastic) = 0.004459
Trial: 972, Time:31.239s
Trial 972: Cell 1 (Static) = 0.004113 | Cell 2 (Plastic) = 0.004446
Trial: 973, Time:32.117s
Trial 973: Cell 1 (Static) = 0.004125 | Cell 2 (Plastic) = 0.004459
Trial: 974, Time:30.895s
Trial 974: Cell 1 (Static) = 0.004113 | Cell 2 (Plastic) = 0.004473
Trial: 975, Time:30.028s
Trial 975: Cell 1 (Static) = 0.004101 | Cell 2 (Plastic) = 0.004459
Trial: 976, Time:30.665s
Trial 976: Cell 1 (Static) = 0.004088 | Cell 2 (Plastic) = 0.004473
Trial: 977, Time:30.174s
Trial 977: Cell 1 (Static) = 0.004076 | Cell 2 (Plastic) = 0.004486
Trial: 978, Time:30.580s
Trial 978: Cell 1 (Static) = 0.004064 | Cell 2 (Plastic) = 0.004500
Trial: 979, Time:30.563s
Trial 979: Cell 1 (Static) = 0.004052 | Cell 2 (Plastic) = 0.004513
Trial: 980, Time:32.071s
Trial 980: Cell 1 (Static) = 0.004040 | Cell 2 (Plastic) = 0.004500
Trial: 981, Time:31.268s
Trial 981: Cell 1 (Static) = 0.004028 | Cell 2 (Plastic) = 0.004486
Trial: 982, Time:30.897s
Trial 982: Cell 1 (Static) = 0.004015 | Cell 2 (Plastic) = 0.004473
Trial: 983, Time:30.548s
Trial 983: Cell 1 (Static) = 0.004003 | Cell 2 (Plastic) = 0.004459
Trial: 984, Time:30.941s
Trial 984: Cell 1 (Static) = 0.003991 | Cell 2 (Plastic) = 0.004446
Trial: 985, Time:30.411s
Trial 985: Cell 1 (Static) = 0.003980 | Cell 2 (Plastic) = 0.004433
Trial: 986, Time:29.917s
Trial 986: Cell 1 (Static) = 0.003991 | Cell 2 (Plastic) = 0.004446
Trial: 987, Time:30.123s
Trial 987: Cell 1 (Static) = 0.004003 | Cell 2 (Plastic) = 0.004433
Trial: 988, Time:29.435s
Trial 988: Cell 1 (Static) = 0.003991 | Cell 2 (Plastic) = 0.004446
Trial: 989, Time:29.782s
Trial 989: Cell 1 (Static) = 0.003980 | Cell 2 (Plastic) = 0.004433
Trial: 990, Time:30.118s
Trial 990: Cell 1 (Static) = 0.003968 | Cell 2 (Plastic) = 0.004419
Trial: 991, Time:31.237s
Trial 991: Cell 1 (Static) = 0.003956 | Cell 2 (Plastic) = 0.004406
Trial: 992, Time:31.521s
Trial 992: Cell 1 (Static) = 0.003944 | Cell 2 (Plastic) = 0.004393
Trial: 993, Time:31.423s
Trial 993: Cell 1 (Static) = 0.003932 | Cell 2 (Plastic) = 0.004380
Trial: 994, Time:31.961s
Trial 994: Cell 1 (Static) = 0.003920 | Cell 2 (Plastic) = 0.004367
Trial: 995, Time:32.330s
Trial 995: Cell 1 (Static) = 0.003909 | Cell 2 (Plastic) = 0.004354
Trial: 996, Time:31.795s
Trial 996: Cell 1 (Static) = 0.003897 | Cell 2 (Plastic) = 0.004341
Trial: 997, Time:31.940s
Trial 997: Cell 1 (Static) = 0.003885 | Cell 2 (Plastic) = 0.004328
Trial: 998, Time:32.330s
Trial 998: Cell 1 (Static) = 0.003874 | Cell 2 (Plastic) = 0.004315
Trial: 999, Time:32.801s
Trial 999: Cell 1 (Static) = 0.003862 | Cell 2 (Plastic) = 0.004302
Trial: 1000, Time:32.506s
Raster array saved to '/home/data/einez/homeostat_SS/MFGoGr_SS_shuffleMF10percent_noCS_noGoGo_yesgrGo_mfgoplast_allcell_1000_trial/MFGoGr_SS_shuffleMF10percent_noCS_noGoGo_yesgrGo_mfgoplast_allcell_1000_trial_GOrasters.npy'
Raster array saved to '/home/data/einez/homeostat_SS/MFGoGr_SS_shuffleMF10percent_noCS_noGoGo_yesgrGo_mfgoplast_allcell_1000_trial/MFGoGr_SS_shuffleMF10percent_noCS_noGoGo_yesgrGo_mfgoplast_allcell_1000_trial_gogoW.npy'
Raster array saved to '/home/data/einez/homeostat_SS/MFGoGr_SS_shuffleMF10percent_noCS_noGoGo_yesgrGo_mfgoplast_allcell_1000_trial/MFGoGr_SS_shuffleMF10percent_noCS_noGoGo_yesgrGo_mfgoplast_allcell_1000_trial_grgoW.npy'
Raster array saved to '/home/data/einez/homeostat_SS/MFGoGr_SS_shuffleMF10percent_noCS_noGoGo_yesgrGo_mfgoplast_allcell_1000_trial/MFGoGr_SS_shuffleMF10percent_noCS_noGoGo_yesgrGo_mfgoplast_allcell_1000_trial_mfgoW.npy'
