nohup: ignoring input
Starting Session for GoGo Conv: 25 W: 0.05 ...
Initializing objects...
Objects initialized.
Loading connectivity arrays...
MFGO Connectivity Array Loaded.
MFGR Connectivity Array Loaded.
GOGR Connectivity Array Loaded.
GRGO Connectivity Array Loaded.
GOGO Connectivity Array Loaded.
Connectivity Arrays Loaded
Trial 0: Cell 1 (Static) = 0.004213 | Cell 2 (Plastic) = 0.004213
Trial: 1, Time:30.719s
Trial 1: Cell 1 (Static) = 0.004225 | Cell 2 (Plastic) = 0.004225
Trial: 2, Time:31.012s
Trial 2: Cell 1 (Static) = 0.004238 | Cell 2 (Plastic) = 0.004238
Trial: 3, Time:30.202s
Trial 3: Cell 1 (Static) = 0.004225 | Cell 2 (Plastic) = 0.004251
Trial: 4, Time:30.729s
Trial 4: Cell 1 (Static) = 0.004213 | Cell 2 (Plastic) = 0.004263
Trial: 5, Time:29.829s
Trial 5: Cell 1 (Static) = 0.004225 | Cell 2 (Plastic) = 0.004276
Trial: 6, Time:30.274s
Trial 6: Cell 1 (Static) = 0.004238 | Cell 2 (Plastic) = 0.004289
Trial: 7, Time:30.927s
Trial 7: Cell 1 (Static) = 0.004225 | Cell 2 (Plastic) = 0.004302
Trial: 8, Time:30.179s
Trial 8: Cell 1 (Static) = 0.004213 | Cell 2 (Plastic) = 0.004315
Trial: 9, Time:29.038s
Trial 9: Cell 1 (Static) = 0.004200 | Cell 2 (Plastic) = 0.004328
Trial: 10, Time:28.335s
Trial 10: Cell 1 (Static) = 0.004187 | Cell 2 (Plastic) = 0.004341
Trial: 11, Time:29.435s
Trial 11: Cell 1 (Static) = 0.004200 | Cell 2 (Plastic) = 0.004354
Trial: 12, Time:30.262s
Trial 12: Cell 1 (Static) = 0.004213 | Cell 2 (Plastic) = 0.004367
Trial: 13, Time:31.359s
Trial 13: Cell 1 (Static) = 0.004200 | Cell 2 (Plastic) = 0.004380
Trial: 14, Time:30.293s
Trial 14: Cell 1 (Static) = 0.004213 | Cell 2 (Plastic) = 0.004393
Trial: 15, Time:30.293s
Trial 15: Cell 1 (Static) = 0.004225 | Cell 2 (Plastic) = 0.004406
Trial: 16, Time:30.450s
Trial 16: Cell 1 (Static) = 0.004238 | Cell 2 (Plastic) = 0.004419
Trial: 17, Time:30.286s
Trial 17: Cell 1 (Static) = 0.004251 | Cell 2 (Plastic) = 0.004433
Trial: 18, Time:30.848s
Trial 18: Cell 1 (Static) = 0.004263 | Cell 2 (Plastic) = 0.004446
Trial: 19, Time:32.567s
Trial 19: Cell 1 (Static) = 0.004276 | Cell 2 (Plastic) = 0.004459
Trial: 20, Time:33.062s
Trial 20: Cell 1 (Static) = 0.004289 | Cell 2 (Plastic) = 0.004446
Trial: 21, Time:34.250s
Trial 21: Cell 1 (Static) = 0.004302 | Cell 2 (Plastic) = 0.004433
Trial: 22, Time:33.924s
Trial 22: Cell 1 (Static) = 0.004315 | Cell 2 (Plastic) = 0.004419
Trial: 23, Time:34.353s
Trial 23: Cell 1 (Static) = 0.004328 | Cell 2 (Plastic) = 0.004406
Trial: 24, Time:34.046s
Trial 24: Cell 1 (Static) = 0.004341 | Cell 2 (Plastic) = 0.004393
Trial: 25, Time:34.470s
Trial 25: Cell 1 (Static) = 0.004354 | Cell 2 (Plastic) = 0.004380
Trial: 26, Time:33.371s
Trial 26: Cell 1 (Static) = 0.004367 | Cell 2 (Plastic) = 0.004367
Trial: 27, Time:34.371s
Trial 27: Cell 1 (Static) = 0.004380 | Cell 2 (Plastic) = 0.004354
Trial: 28, Time:35.342s
Trial 28: Cell 1 (Static) = 0.004367 | Cell 2 (Plastic) = 0.004341
Trial: 29, Time:35.887s
Trial 29: Cell 1 (Static) = 0.004354 | Cell 2 (Plastic) = 0.004354
Trial: 30, Time:34.308s
Trial 30: Cell 1 (Static) = 0.004341 | Cell 2 (Plastic) = 0.004354
Trial: 31, Time:35.675s
Trial 31: Cell 1 (Static) = 0.004354 | Cell 2 (Plastic) = 0.004367
Trial: 32, Time:35.487s
Trial 32: Cell 1 (Static) = 0.004367 | Cell 2 (Plastic) = 0.004380
Trial: 33, Time:34.962s
Trial 33: Cell 1 (Static) = 0.004354 | Cell 2 (Plastic) = 0.004367
Trial: 34, Time:35.083s
Trial 34: Cell 1 (Static) = 0.004354 | Cell 2 (Plastic) = 0.004354
Trial: 35, Time:34.786s
Trial 35: Cell 1 (Static) = 0.004367 | Cell 2 (Plastic) = 0.004341
Trial: 36, Time:34.044s
Trial 36: Cell 1 (Static) = 0.004354 | Cell 2 (Plastic) = 0.004328
Trial: 37, Time:34.717s
Trial 37: Cell 1 (Static) = 0.004341 | Cell 2 (Plastic) = 0.004315
Trial: 38, Time:33.760s
Trial 38: Cell 1 (Static) = 0.004328 | Cell 2 (Plastic) = 0.004302
Trial: 39, Time:33.927s
Trial 39: Cell 1 (Static) = 0.004315 | Cell 2 (Plastic) = 0.004289
Trial: 40, Time:33.295s
Trial 40: Cell 1 (Static) = 0.004302 | Cell 2 (Plastic) = 0.004276
Trial: 41, Time:31.489s
Trial 41: Cell 1 (Static) = 0.004315 | Cell 2 (Plastic) = 0.004263
Trial: 42, Time:32.062s
Trial 42: Cell 1 (Static) = 0.004302 | Cell 2 (Plastic) = 0.004251
Trial: 43, Time:31.931s
Trial 43: Cell 1 (Static) = 0.004315 | Cell 2 (Plastic) = 0.004238
Trial: 44, Time:31.537s
Trial 44: Cell 1 (Static) = 0.004328 | Cell 2 (Plastic) = 0.004225
Trial: 45, Time:31.553s
Trial 45: Cell 1 (Static) = 0.004341 | Cell 2 (Plastic) = 0.004213
Trial: 46, Time:32.513s
Trial 46: Cell 1 (Static) = 0.004354 | Cell 2 (Plastic) = 0.004200
Trial: 47, Time:31.991s
Trial 47: Cell 1 (Static) = 0.004367 | Cell 2 (Plastic) = 0.004187
Trial: 48, Time:31.528s
Trial 48: Cell 1 (Static) = 0.004380 | Cell 2 (Plastic) = 0.004175
Trial: 49, Time:31.580s
Trial 49: Cell 1 (Static) = 0.004367 | Cell 2 (Plastic) = 0.004162
Trial: 50, Time:32.750s
Trial 50: Cell 1 (Static) = 0.004380 | Cell 2 (Plastic) = 0.004150
Trial: 51, Time:32.230s
Trial 51: Cell 1 (Static) = 0.004393 | Cell 2 (Plastic) = 0.004138
Trial: 52, Time:34.198s
Trial 52: Cell 1 (Static) = 0.004406 | Cell 2 (Plastic) = 0.004125
Trial: 53, Time:33.256s
Trial 53: Cell 1 (Static) = 0.004419 | Cell 2 (Plastic) = 0.004125
Trial: 54, Time:32.899s
Trial 54: Cell 1 (Static) = 0.004433 | Cell 2 (Plastic) = 0.004113
Trial: 55, Time:32.495s
Trial 55: Cell 1 (Static) = 0.004446 | Cell 2 (Plastic) = 0.004125
Trial: 56, Time:32.430s
Trial 56: Cell 1 (Static) = 0.004459 | Cell 2 (Plastic) = 0.004138
Trial: 57, Time:32.953s
Trial 57: Cell 1 (Static) = 0.004473 | Cell 2 (Plastic) = 0.004150
Trial: 58, Time:32.018s
Trial 58: Cell 1 (Static) = 0.004486 | Cell 2 (Plastic) = 0.004162
Trial: 59, Time:32.365s
Trial 59: Cell 1 (Static) = 0.004473 | Cell 2 (Plastic) = 0.004175
Trial: 60, Time:32.190s
Trial 60: Cell 1 (Static) = 0.004459 | Cell 2 (Plastic) = 0.004187
Trial: 61, Time:32.871s
Trial 61: Cell 1 (Static) = 0.004459 | Cell 2 (Plastic) = 0.004200
Trial: 62, Time:32.312s
Trial 62: Cell 1 (Static) = 0.004473 | Cell 2 (Plastic) = 0.004213
Trial: 63, Time:31.970s
Trial 63: Cell 1 (Static) = 0.004486 | Cell 2 (Plastic) = 0.004225
Trial: 64, Time:32.766s
Trial 64: Cell 1 (Static) = 0.004500 | Cell 2 (Plastic) = 0.004238
Trial: 65, Time:32.458s
Trial 65: Cell 1 (Static) = 0.004513 | Cell 2 (Plastic) = 0.004251
Trial: 66, Time:33.333s
Trial 66: Cell 1 (Static) = 0.004527 | Cell 2 (Plastic) = 0.004238
Trial: 67, Time:34.036s
Trial 67: Cell 1 (Static) = 0.004540 | Cell 2 (Plastic) = 0.004251
Trial: 68, Time:33.512s
Trial 68: Cell 1 (Static) = 0.004527 | Cell 2 (Plastic) = 0.004263
Trial: 69, Time:33.111s
Trial 69: Cell 1 (Static) = 0.004513 | Cell 2 (Plastic) = 0.004276
Trial: 70, Time:33.509s
Trial 70: Cell 1 (Static) = 0.004500 | Cell 2 (Plastic) = 0.004289
Trial: 71, Time:33.049s
Trial 71: Cell 1 (Static) = 0.004486 | Cell 2 (Plastic) = 0.004302
Trial: 72, Time:33.524s
Trial 72: Cell 1 (Static) = 0.004473 | Cell 2 (Plastic) = 0.004315
Trial: 73, Time:33.280s
Trial 73: Cell 1 (Static) = 0.004459 | Cell 2 (Plastic) = 0.004302
Trial: 74, Time:32.735s
Trial 74: Cell 1 (Static) = 0.004446 | Cell 2 (Plastic) = 0.004289
Trial: 75, Time:32.597s
Trial 75: Cell 1 (Static) = 0.004433 | Cell 2 (Plastic) = 0.004276
Trial: 76, Time:33.305s
Trial 76: Cell 1 (Static) = 0.004419 | Cell 2 (Plastic) = 0.004263
Trial: 77, Time:32.327s
Trial 77: Cell 1 (Static) = 0.004406 | Cell 2 (Plastic) = 0.004276
Trial: 78, Time:31.987s
Trial 78: Cell 1 (Static) = 0.004393 | Cell 2 (Plastic) = 0.004263
Trial: 79, Time:32.710s
Trial 79: Cell 1 (Static) = 0.004406 | Cell 2 (Plastic) = 0.004251
Trial: 80, Time:31.544s
Trial 80: Cell 1 (Static) = 0.004406 | Cell 2 (Plastic) = 0.004238
Trial: 81, Time:31.944s
Trial 81: Cell 1 (Static) = 0.004393 | Cell 2 (Plastic) = 0.004225
Trial: 82, Time:33.731s
Trial 82: Cell 1 (Static) = 0.004380 | Cell 2 (Plastic) = 0.004213
Trial: 83, Time:34.069s
Trial 83: Cell 1 (Static) = 0.004367 | Cell 2 (Plastic) = 0.004200
Trial: 84, Time:33.479s
Trial 84: Cell 1 (Static) = 0.004354 | Cell 2 (Plastic) = 0.004187
Trial: 85, Time:33.421s
Trial 85: Cell 1 (Static) = 0.004341 | Cell 2 (Plastic) = 0.004175
Trial: 86, Time:34.364s
Trial 86: Cell 1 (Static) = 0.004354 | Cell 2 (Plastic) = 0.004162
Trial: 87, Time:34.307s
Trial 87: Cell 1 (Static) = 0.004367 | Cell 2 (Plastic) = 0.004150
Trial: 88, Time:33.991s
Trial 88: Cell 1 (Static) = 0.004367 | Cell 2 (Plastic) = 0.004162
Trial: 89, Time:34.420s
Trial 89: Cell 1 (Static) = 0.004354 | Cell 2 (Plastic) = 0.004150
Trial: 90, Time:34.760s
Trial 90: Cell 1 (Static) = 0.004367 | Cell 2 (Plastic) = 0.004138
Trial: 91, Time:33.347s
Trial 91: Cell 1 (Static) = 0.004354 | Cell 2 (Plastic) = 0.004125
Trial: 92, Time:34.698s
Trial 92: Cell 1 (Static) = 0.004367 | Cell 2 (Plastic) = 0.004113
Trial: 93, Time:35.613s
Trial 93: Cell 1 (Static) = 0.004380 | Cell 2 (Plastic) = 0.004101
Trial: 94, Time:35.305s
Trial 94: Cell 1 (Static) = 0.004393 | Cell 2 (Plastic) = 0.004088
Trial: 95, Time:35.232s
Trial 95: Cell 1 (Static) = 0.004406 | Cell 2 (Plastic) = 0.004076
Trial: 96, Time:34.311s
Trial 96: Cell 1 (Static) = 0.004419 | Cell 2 (Plastic) = 0.004064
Trial: 97, Time:33.562s
Trial 97: Cell 1 (Static) = 0.004433 | Cell 2 (Plastic) = 0.004052
Trial: 98, Time:33.878s
Trial 98: Cell 1 (Static) = 0.004446 | Cell 2 (Plastic) = 0.004064
Trial: 99, Time:34.090s
Trial 99: Cell 1 (Static) = 0.004459 | Cell 2 (Plastic) = 0.004076
Trial: 100, Time:33.291s
Trial 100: Cell 1 (Static) = 0.004473 | Cell 2 (Plastic) = 0.004088
Trial: 101, Time:33.310s
Trial 101: Cell 1 (Static) = 0.004486 | Cell 2 (Plastic) = 0.004101
Trial: 102, Time:33.548s
Trial 102: Cell 1 (Static) = 0.004500 | Cell 2 (Plastic) = 0.004113
Trial: 103, Time:34.576s
Trial 103: Cell 1 (Static) = 0.004513 | Cell 2 (Plastic) = 0.004101
Trial: 104, Time:33.954s
Trial 104: Cell 1 (Static) = 0.004527 | Cell 2 (Plastic) = 0.004113
Trial: 105, Time:34.263s
Trial 105: Cell 1 (Static) = 0.004540 | Cell 2 (Plastic) = 0.004125
Trial: 106, Time:35.016s
Trial 106: Cell 1 (Static) = 0.004554 | Cell 2 (Plastic) = 0.004138
Trial: 107, Time:33.637s
Trial 107: Cell 1 (Static) = 0.004567 | Cell 2 (Plastic) = 0.004150
Trial: 108, Time:34.173s
Trial 108: Cell 1 (Static) = 0.004581 | Cell 2 (Plastic) = 0.004138
Trial: 109, Time:33.769s
Trial 109: Cell 1 (Static) = 0.004595 | Cell 2 (Plastic) = 0.004125
Trial: 110, Time:32.878s
Trial 110: Cell 1 (Static) = 0.004609 | Cell 2 (Plastic) = 0.004113
Trial: 111, Time:32.907s
Trial 111: Cell 1 (Static) = 0.004623 | Cell 2 (Plastic) = 0.004125
Trial: 112, Time:33.170s
Trial 112: Cell 1 (Static) = 0.004636 | Cell 2 (Plastic) = 0.004138
Trial: 113, Time:32.932s
Trial 113: Cell 1 (Static) = 0.004623 | Cell 2 (Plastic) = 0.004150
Trial: 114, Time:32.961s
Trial 114: Cell 1 (Static) = 0.004636 | Cell 2 (Plastic) = 0.004162
Trial: 115, Time:34.612s
Trial 115: Cell 1 (Static) = 0.004623 | Cell 2 (Plastic) = 0.004175
Trial: 116, Time:33.869s
Trial 116: Cell 1 (Static) = 0.004609 | Cell 2 (Plastic) = 0.004187
Trial: 117, Time:34.814s
Trial 117: Cell 1 (Static) = 0.004595 | Cell 2 (Plastic) = 0.004175
Trial: 118, Time:35.197s
Trial 118: Cell 1 (Static) = 0.004581 | Cell 2 (Plastic) = 0.004187
Trial: 119, Time:35.092s
Trial 119: Cell 1 (Static) = 0.004567 | Cell 2 (Plastic) = 0.004200
Trial: 120, Time:34.556s
Trial 120: Cell 1 (Static) = 0.004554 | Cell 2 (Plastic) = 0.004213
Trial: 121, Time:34.039s
Trial 121: Cell 1 (Static) = 0.004540 | Cell 2 (Plastic) = 0.004200
Trial: 122, Time:35.613s
Trial 122: Cell 1 (Static) = 0.004527 | Cell 2 (Plastic) = 0.004187
Trial: 123, Time:36.033s
Trial 123: Cell 1 (Static) = 0.004513 | Cell 2 (Plastic) = 0.004200
Trial: 124, Time:35.907s
Trial 124: Cell 1 (Static) = 0.004500 | Cell 2 (Plastic) = 0.004187
Trial: 125, Time:36.581s
Trial 125: Cell 1 (Static) = 0.004486 | Cell 2 (Plastic) = 0.004200
Trial: 126, Time:35.797s
Trial 126: Cell 1 (Static) = 0.004473 | Cell 2 (Plastic) = 0.004213
Trial: 127, Time:36.199s
Trial 127: Cell 1 (Static) = 0.004459 | Cell 2 (Plastic) = 0.004225
Trial: 128, Time:35.735s
Trial 128: Cell 1 (Static) = 0.004446 | Cell 2 (Plastic) = 0.004238
Trial: 129, Time:35.972s
Trial 129: Cell 1 (Static) = 0.004433 | Cell 2 (Plastic) = 0.004251
Trial: 130, Time:35.686s
Trial 130: Cell 1 (Static) = 0.004446 | Cell 2 (Plastic) = 0.004263
Trial: 131, Time:34.645s
Trial 131: Cell 1 (Static) = 0.004459 | Cell 2 (Plastic) = 0.004276
Trial: 132, Time:34.815s
Trial 132: Cell 1 (Static) = 0.004446 | Cell 2 (Plastic) = 0.004289
Trial: 133, Time:32.891s
Trial 133: Cell 1 (Static) = 0.004433 | Cell 2 (Plastic) = 0.004302
Trial: 134, Time:32.965s
Trial 134: Cell 1 (Static) = 0.004419 | Cell 2 (Plastic) = 0.004315
Trial: 135, Time:32.735s
Trial 135: Cell 1 (Static) = 0.004433 | Cell 2 (Plastic) = 0.004302
Trial: 136, Time:33.197s
Trial 136: Cell 1 (Static) = 0.004446 | Cell 2 (Plastic) = 0.004289
Trial: 137, Time:34.735s
Trial 137: Cell 1 (Static) = 0.004459 | Cell 2 (Plastic) = 0.004302
Trial: 138, Time:34.280s
Trial 138: Cell 1 (Static) = 0.004473 | Cell 2 (Plastic) = 0.004289
Trial: 139, Time:33.462s
Trial 139: Cell 1 (Static) = 0.004459 | Cell 2 (Plastic) = 0.004302
Trial: 140, Time:33.484s
Trial 140: Cell 1 (Static) = 0.004446 | Cell 2 (Plastic) = 0.004289
Trial: 141, Time:34.189s
Trial 141: Cell 1 (Static) = 0.004433 | Cell 2 (Plastic) = 0.004302
Trial: 142, Time:34.806s
Trial 142: Cell 1 (Static) = 0.004419 | Cell 2 (Plastic) = 0.004315
Trial: 143, Time:35.562s
Trial 143: Cell 1 (Static) = 0.004406 | Cell 2 (Plastic) = 0.004328
Trial: 144, Time:34.931s
Trial 144: Cell 1 (Static) = 0.004393 | Cell 2 (Plastic) = 0.004341
Trial: 145, Time:34.653s
Trial 145: Cell 1 (Static) = 0.004380 | Cell 2 (Plastic) = 0.004354
Trial: 146, Time:33.813s
Trial 146: Cell 1 (Static) = 0.004367 | Cell 2 (Plastic) = 0.004367
Trial: 147, Time:34.680s
Trial 147: Cell 1 (Static) = 0.004354 | Cell 2 (Plastic) = 0.004380
Trial: 148, Time:33.658s
Trial 148: Cell 1 (Static) = 0.004341 | Cell 2 (Plastic) = 0.004393
Trial: 149, Time:34.560s
Trial 149: Cell 1 (Static) = 0.004328 | Cell 2 (Plastic) = 0.004406
Trial: 150, Time:34.960s
Trial 150: Cell 1 (Static) = 0.004315 | Cell 2 (Plastic) = 0.004419
Trial: 151, Time:36.451s
Trial 151: Cell 1 (Static) = 0.004302 | Cell 2 (Plastic) = 0.004433
Trial: 152, Time:36.314s
Trial 152: Cell 1 (Static) = 0.004289 | Cell 2 (Plastic) = 0.004419
Trial: 153, Time:35.228s
Trial 153: Cell 1 (Static) = 0.004276 | Cell 2 (Plastic) = 0.004406
Trial: 154, Time:35.375s
Trial 154: Cell 1 (Static) = 0.004263 | Cell 2 (Plastic) = 0.004393
Trial: 155, Time:34.661s
Trial 155: Cell 1 (Static) = 0.004251 | Cell 2 (Plastic) = 0.004380
Trial: 156, Time:34.966s
Trial 156: Cell 1 (Static) = 0.004263 | Cell 2 (Plastic) = 0.004367
Trial: 157, Time:34.863s
Trial 157: Cell 1 (Static) = 0.004276 | Cell 2 (Plastic) = 0.004380
Trial: 158, Time:35.609s
Trial 158: Cell 1 (Static) = 0.004289 | Cell 2 (Plastic) = 0.004367
Trial: 159, Time:37.111s
Trial 159: Cell 1 (Static) = 0.004302 | Cell 2 (Plastic) = 0.004354
Trial: 160, Time:37.433s
Trial 160: Cell 1 (Static) = 0.004315 | Cell 2 (Plastic) = 0.004341
Trial: 161, Time:36.697s
Trial 161: Cell 1 (Static) = 0.004328 | Cell 2 (Plastic) = 0.004328
Trial: 162, Time:36.926s
Trial 162: Cell 1 (Static) = 0.004341 | Cell 2 (Plastic) = 0.004315
Trial: 163, Time:36.455s
Trial 163: Cell 1 (Static) = 0.004354 | Cell 2 (Plastic) = 0.004302
Trial: 164, Time:36.057s
Trial 164: Cell 1 (Static) = 0.004367 | Cell 2 (Plastic) = 0.004289
Trial: 165, Time:35.480s
Trial 165: Cell 1 (Static) = 0.004380 | Cell 2 (Plastic) = 0.004276
Trial: 166, Time:35.470s
Trial 166: Cell 1 (Static) = 0.004393 | Cell 2 (Plastic) = 0.004289
Trial: 167, Time:34.457s
Trial 167: Cell 1 (Static) = 0.004406 | Cell 2 (Plastic) = 0.004302
Trial: 168, Time:34.380s
Trial 168: Cell 1 (Static) = 0.004419 | Cell 2 (Plastic) = 0.004289
Trial: 169, Time:34.923s
Trial 169: Cell 1 (Static) = 0.004406 | Cell 2 (Plastic) = 0.004276
Trial: 170, Time:35.539s
Trial 170: Cell 1 (Static) = 0.004419 | Cell 2 (Plastic) = 0.004263
Trial: 171, Time:35.647s
Trial 171: Cell 1 (Static) = 0.004433 | Cell 2 (Plastic) = 0.004251
Trial: 172, Time:34.706s
Trial 172: Cell 1 (Static) = 0.004446 | Cell 2 (Plastic) = 0.004238
Trial: 173, Time:35.189s
Trial 173: Cell 1 (Static) = 0.004433 | Cell 2 (Plastic) = 0.004251
Trial: 174, Time:35.171s
Trial 174: Cell 1 (Static) = 0.004419 | Cell 2 (Plastic) = 0.004238
Trial: 175, Time:34.498s
Trial 175: Cell 1 (Static) = 0.004406 | Cell 2 (Plastic) = 0.004225
Trial: 176, Time:35.159s
Trial 176: Cell 1 (Static) = 0.004393 | Cell 2 (Plastic) = 0.004213
Trial: 177, Time:36.807s
Trial 177: Cell 1 (Static) = 0.004380 | Cell 2 (Plastic) = 0.004200
Trial: 178, Time:35.658s
Trial 178: Cell 1 (Static) = 0.004393 | Cell 2 (Plastic) = 0.004187
Trial: 179, Time:35.474s
Trial 179: Cell 1 (Static) = 0.004406 | Cell 2 (Plastic) = 0.004200
Trial: 180, Time:35.202s
Trial 180: Cell 1 (Static) = 0.004419 | Cell 2 (Plastic) = 0.004213
Trial: 181, Time:34.856s
Trial 181: Cell 1 (Static) = 0.004433 | Cell 2 (Plastic) = 0.004225
Trial: 182, Time:34.108s
Trial 182: Cell 1 (Static) = 0.004446 | Cell 2 (Plastic) = 0.004238
Trial: 183, Time:33.704s
Trial 183: Cell 1 (Static) = 0.004459 | Cell 2 (Plastic) = 0.004251
Trial: 184, Time:34.454s
Trial 184: Cell 1 (Static) = 0.004473 | Cell 2 (Plastic) = 0.004263
Trial: 185, Time:33.375s
Trial 185: Cell 1 (Static) = 0.004486 | Cell 2 (Plastic) = 0.004276
Trial: 186, Time:33.270s
Trial 186: Cell 1 (Static) = 0.004500 | Cell 2 (Plastic) = 0.004289
Trial: 187, Time:33.697s
Trial 187: Cell 1 (Static) = 0.004513 | Cell 2 (Plastic) = 0.004302
Trial: 188, Time:34.690s
Trial 188: Cell 1 (Static) = 0.004500 | Cell 2 (Plastic) = 0.004315
Trial: 189, Time:34.850s
Trial 189: Cell 1 (Static) = 0.004486 | Cell 2 (Plastic) = 0.004328
Trial: 190, Time:35.127s
Trial 190: Cell 1 (Static) = 0.004473 | Cell 2 (Plastic) = 0.004341
Trial: 191, Time:35.178s
Trial 191: Cell 1 (Static) = 0.004459 | Cell 2 (Plastic) = 0.004354
Trial: 192, Time:35.293s
Trial 192: Cell 1 (Static) = 0.004446 | Cell 2 (Plastic) = 0.004367
Trial: 193, Time:33.308s
Trial 193: Cell 1 (Static) = 0.004433 | Cell 2 (Plastic) = 0.004380
Trial: 194, Time:34.348s
Trial 194: Cell 1 (Static) = 0.004419 | Cell 2 (Plastic) = 0.004393
Trial: 195, Time:34.456s
Trial 195: Cell 1 (Static) = 0.004406 | Cell 2 (Plastic) = 0.004406
Trial: 196, Time:33.792s
Trial 196: Cell 1 (Static) = 0.004419 | Cell 2 (Plastic) = 0.004419
Trial: 197, Time:33.903s
Trial 197: Cell 1 (Static) = 0.004406 | Cell 2 (Plastic) = 0.004433
Trial: 198, Time:33.227s
Trial 198: Cell 1 (Static) = 0.004393 | Cell 2 (Plastic) = 0.004446
Trial: 199, Time:34.420s
Trial 199: Cell 1 (Static) = 0.004406 | Cell 2 (Plastic) = 0.004459
Trial: 200, Time:34.140s
Trial 200: Cell 1 (Static) = 0.004419 | Cell 2 (Plastic) = 0.004473
Trial: 201, Time:34.808s
Trial 201: Cell 1 (Static) = 0.004433 | Cell 2 (Plastic) = 0.004486
Trial: 202, Time:34.437s
Trial 202: Cell 1 (Static) = 0.004446 | Cell 2 (Plastic) = 0.004473
Trial: 203, Time:34.195s
Trial 203: Cell 1 (Static) = 0.004459 | Cell 2 (Plastic) = 0.004459
Trial: 204, Time:34.637s
Trial 204: Cell 1 (Static) = 0.004473 | Cell 2 (Plastic) = 0.004446
Trial: 205, Time:35.401s
Trial 205: Cell 1 (Static) = 0.004486 | Cell 2 (Plastic) = 0.004459
Trial: 206, Time:35.311s
Trial 206: Cell 1 (Static) = 0.004500 | Cell 2 (Plastic) = 0.004473
Trial: 207, Time:36.086s
Trial 207: Cell 1 (Static) = 0.004513 | Cell 2 (Plastic) = 0.004486
Trial: 208, Time:36.370s
Trial 208: Cell 1 (Static) = 0.004527 | Cell 2 (Plastic) = 0.004500
Trial: 209, Time:35.090s
Trial 209: Cell 1 (Static) = 0.004513 | Cell 2 (Plastic) = 0.004513
Trial: 210, Time:36.529s
Trial 210: Cell 1 (Static) = 0.004500 | Cell 2 (Plastic) = 0.004527
Trial: 211, Time:36.989s
Trial 211: Cell 1 (Static) = 0.004486 | Cell 2 (Plastic) = 0.004540
Trial: 212, Time:36.013s
Trial 212: Cell 1 (Static) = 0.004473 | Cell 2 (Plastic) = 0.004554
Trial: 213, Time:36.056s
Trial 213: Cell 1 (Static) = 0.004459 | Cell 2 (Plastic) = 0.004540
Trial: 214, Time:35.106s
Trial 214: Cell 1 (Static) = 0.004446 | Cell 2 (Plastic) = 0.004527
Trial: 215, Time:33.619s
Trial 215: Cell 1 (Static) = 0.004433 | Cell 2 (Plastic) = 0.004513
Trial: 216, Time:35.051s
Trial 216: Cell 1 (Static) = 0.004419 | Cell 2 (Plastic) = 0.004527
Trial: 217, Time:34.722s
Trial 217: Cell 1 (Static) = 0.004406 | Cell 2 (Plastic) = 0.004513
Trial: 218, Time:36.456s
Trial 218: Cell 1 (Static) = 0.004393 | Cell 2 (Plastic) = 0.004500
Trial: 219, Time:35.756s
Trial 219: Cell 1 (Static) = 0.004406 | Cell 2 (Plastic) = 0.004486
Trial: 220, Time:35.882s
Trial 220: Cell 1 (Static) = 0.004419 | Cell 2 (Plastic) = 0.004473
Trial: 221, Time:35.467s
Trial 221: Cell 1 (Static) = 0.004433 | Cell 2 (Plastic) = 0.004486
Trial: 222, Time:35.172s
Trial 222: Cell 1 (Static) = 0.004446 | Cell 2 (Plastic) = 0.004473
Trial: 223, Time:36.632s
Trial 223: Cell 1 (Static) = 0.004459 | Cell 2 (Plastic) = 0.004459
Trial: 224, Time:36.156s
Trial 224: Cell 1 (Static) = 0.004473 | Cell 2 (Plastic) = 0.004446
Trial: 225, Time:36.826s
Trial 225: Cell 1 (Static) = 0.004486 | Cell 2 (Plastic) = 0.004433
Trial: 226, Time:37.493s
Trial 226: Cell 1 (Static) = 0.004473 | Cell 2 (Plastic) = 0.004419
Trial: 227, Time:36.898s
Trial 227: Cell 1 (Static) = 0.004459 | Cell 2 (Plastic) = 0.004406
Trial: 228, Time:36.028s
Trial 228: Cell 1 (Static) = 0.004446 | Cell 2 (Plastic) = 0.004393
Trial: 229, Time:36.245s
Trial 229: Cell 1 (Static) = 0.004459 | Cell 2 (Plastic) = 0.004380
Trial: 230, Time:36.184s
Trial 230: Cell 1 (Static) = 0.004473 | Cell 2 (Plastic) = 0.004393
Trial: 231, Time:37.067s
Trial 231: Cell 1 (Static) = 0.004486 | Cell 2 (Plastic) = 0.004406
Trial: 232, Time:37.320s
Trial 232: Cell 1 (Static) = 0.004500 | Cell 2 (Plastic) = 0.004419
Trial: 233, Time:35.582s
Trial 233: Cell 1 (Static) = 0.004513 | Cell 2 (Plastic) = 0.004433
Trial: 234, Time:36.181s
Trial 234: Cell 1 (Static) = 0.004527 | Cell 2 (Plastic) = 0.004446
Trial: 235, Time:35.014s
Trial 235: Cell 1 (Static) = 0.004513 | Cell 2 (Plastic) = 0.004433
Trial: 236, Time:36.309s
Trial 236: Cell 1 (Static) = 0.004500 | Cell 2 (Plastic) = 0.004419
Trial: 237, Time:36.211s
Trial 237: Cell 1 (Static) = 0.004486 | Cell 2 (Plastic) = 0.004406
Trial: 238, Time:35.657s
Trial 238: Cell 1 (Static) = 0.004473 | Cell 2 (Plastic) = 0.004419
Trial: 239, Time:33.814s
Trial 239: Cell 1 (Static) = 0.004459 | Cell 2 (Plastic) = 0.004406
Trial: 240, Time:34.531s
Trial 240: Cell 1 (Static) = 0.004446 | Cell 2 (Plastic) = 0.004419
Trial: 241, Time:34.393s
Trial 241: Cell 1 (Static) = 0.004433 | Cell 2 (Plastic) = 0.004433
Trial: 242, Time:33.185s
Trial 242: Cell 1 (Static) = 0.004419 | Cell 2 (Plastic) = 0.004446
Trial: 243, Time:33.891s
Trial 243: Cell 1 (Static) = 0.004406 | Cell 2 (Plastic) = 0.004459
Trial: 244, Time:33.871s
Trial 244: Cell 1 (Static) = 0.004393 | Cell 2 (Plastic) = 0.004473
Trial: 245, Time:33.896s
Trial 245: Cell 1 (Static) = 0.004380 | Cell 2 (Plastic) = 0.004486
Trial: 246, Time:33.734s
Trial 246: Cell 1 (Static) = 0.004367 | Cell 2 (Plastic) = 0.004500
Trial: 247, Time:32.524s
Trial 247: Cell 1 (Static) = 0.004354 | Cell 2 (Plastic) = 0.004513
Trial: 248, Time:32.835s
Trial 248: Cell 1 (Static) = 0.004341 | Cell 2 (Plastic) = 0.004513
Trial: 249, Time:33.557s
Trial 249: Cell 1 (Static) = 0.004328 | Cell 2 (Plastic) = 0.004527
Trial: 250, Time:33.220s
Trial 250: Cell 1 (Static) = 0.004315 | Cell 2 (Plastic) = 0.004540
Trial: 251, Time:33.110s
Trial 251: Cell 1 (Static) = 0.004302 | Cell 2 (Plastic) = 0.004554
Trial: 252, Time:33.241s
Trial 252: Cell 1 (Static) = 0.004289 | Cell 2 (Plastic) = 0.004567
Trial: 253, Time:32.102s
Trial 253: Cell 1 (Static) = 0.004276 | Cell 2 (Plastic) = 0.004554
Trial: 254, Time:33.128s
Trial 254: Cell 1 (Static) = 0.004263 | Cell 2 (Plastic) = 0.004540
Trial: 255, Time:32.638s
Trial 255: Cell 1 (Static) = 0.004251 | Cell 2 (Plastic) = 0.004554
Trial: 256, Time:32.637s
Trial 256: Cell 1 (Static) = 0.004238 | Cell 2 (Plastic) = 0.004567
Trial: 257, Time:33.485s
Trial 257: Cell 1 (Static) = 0.004225 | Cell 2 (Plastic) = 0.004554
Trial: 258, Time:34.415s
Trial 258: Cell 1 (Static) = 0.004213 | Cell 2 (Plastic) = 0.004540
Trial: 259, Time:34.683s
Trial 259: Cell 1 (Static) = 0.004225 | Cell 2 (Plastic) = 0.004527
Trial: 260, Time:35.486s
Trial 260: Cell 1 (Static) = 0.004238 | Cell 2 (Plastic) = 0.004540
Trial: 261, Time:33.741s
Trial 261: Cell 1 (Static) = 0.004225 | Cell 2 (Plastic) = 0.004554
Trial: 262, Time:35.092s
Trial 262: Cell 1 (Static) = 0.004238 | Cell 2 (Plastic) = 0.004567
Trial: 263, Time:35.145s
Trial 263: Cell 1 (Static) = 0.004251 | Cell 2 (Plastic) = 0.004581
Trial: 264, Time:33.805s
Trial 264: Cell 1 (Static) = 0.004263 | Cell 2 (Plastic) = 0.004595
Trial: 265, Time:33.512s
Trial 265: Cell 1 (Static) = 0.004276 | Cell 2 (Plastic) = 0.004609
Trial: 266, Time:32.701s
Trial 266: Cell 1 (Static) = 0.004289 | Cell 2 (Plastic) = 0.004595
Trial: 267, Time:32.771s
Trial 267: Cell 1 (Static) = 0.004302 | Cell 2 (Plastic) = 0.004581
Trial: 268, Time:33.322s
Trial 268: Cell 1 (Static) = 0.004315 | Cell 2 (Plastic) = 0.004567
Trial: 269, Time:34.849s
Trial 269: Cell 1 (Static) = 0.004302 | Cell 2 (Plastic) = 0.004554
Trial: 270, Time:34.518s
Trial 270: Cell 1 (Static) = 0.004315 | Cell 2 (Plastic) = 0.004567
Trial: 271, Time:33.746s
Trial 271: Cell 1 (Static) = 0.004328 | Cell 2 (Plastic) = 0.004554
Trial: 272, Time:33.862s
Trial 272: Cell 1 (Static) = 0.004341 | Cell 2 (Plastic) = 0.004567
Trial: 273, Time:34.458s
Trial 273: Cell 1 (Static) = 0.004328 | Cell 2 (Plastic) = 0.004554
Trial: 274, Time:34.356s
Trial 274: Cell 1 (Static) = 0.004341 | Cell 2 (Plastic) = 0.004567
Trial: 275, Time:35.929s
Trial 275: Cell 1 (Static) = 0.004354 | Cell 2 (Plastic) = 0.004554
Trial: 276, Time:35.380s
Trial 276: Cell 1 (Static) = 0.004367 | Cell 2 (Plastic) = 0.004567
Trial: 277, Time:34.839s
Trial 277: Cell 1 (Static) = 0.004380 | Cell 2 (Plastic) = 0.004581
Trial: 278, Time:34.770s
Trial 278: Cell 1 (Static) = 0.004393 | Cell 2 (Plastic) = 0.004595
Trial: 279, Time:34.458s
Trial 279: Cell 1 (Static) = 0.004406 | Cell 2 (Plastic) = 0.004609
Trial: 280, Time:34.257s
Trial 280: Cell 1 (Static) = 0.004419 | Cell 2 (Plastic) = 0.004623
Trial: 281, Time:34.020s
Trial 281: Cell 1 (Static) = 0.004433 | Cell 2 (Plastic) = 0.004609
Trial: 282, Time:33.843s
Trial 282: Cell 1 (Static) = 0.004446 | Cell 2 (Plastic) = 0.004595
Trial: 283, Time:33.646s
Trial 283: Cell 1 (Static) = 0.004433 | Cell 2 (Plastic) = 0.004581
Trial: 284, Time:34.305s
Trial 284: Cell 1 (Static) = 0.004419 | Cell 2 (Plastic) = 0.004567
Trial: 285, Time:34.388s
Trial 285: Cell 1 (Static) = 0.004406 | Cell 2 (Plastic) = 0.004554
Trial: 286, Time:33.710s
Trial 286: Cell 1 (Static) = 0.004393 | Cell 2 (Plastic) = 0.004540
Trial: 287, Time:33.939s
Trial 287: Cell 1 (Static) = 0.004380 | Cell 2 (Plastic) = 0.004527
Trial: 288, Time:34.709s
Trial 288: Cell 1 (Static) = 0.004367 | Cell 2 (Plastic) = 0.004513
Trial: 289, Time:34.751s
Trial 289: Cell 1 (Static) = 0.004354 | Cell 2 (Plastic) = 0.004527
Trial: 290, Time:34.560s
Trial 290: Cell 1 (Static) = 0.004341 | Cell 2 (Plastic) = 0.004540
Trial: 291, Time:34.746s
Trial 291: Cell 1 (Static) = 0.004328 | Cell 2 (Plastic) = 0.004554
Trial: 292, Time:33.824s
Trial 292: Cell 1 (Static) = 0.004315 | Cell 2 (Plastic) = 0.004567
Trial: 293, Time:34.129s
Trial 293: Cell 1 (Static) = 0.004302 | Cell 2 (Plastic) = 0.004581
Trial: 294, Time:33.684s
Trial 294: Cell 1 (Static) = 0.004289 | Cell 2 (Plastic) = 0.004595
Trial: 295, Time:33.093s
Trial 295: Cell 1 (Static) = 0.004276 | Cell 2 (Plastic) = 0.004609
Trial: 296, Time:32.366s
Trial 296: Cell 1 (Static) = 0.004263 | Cell 2 (Plastic) = 0.004623
Trial: 297, Time:33.030s
Trial 297: Cell 1 (Static) = 0.004251 | Cell 2 (Plastic) = 0.004636
Trial: 298, Time:32.794s
Trial 298: Cell 1 (Static) = 0.004238 | Cell 2 (Plastic) = 0.004650
Trial: 299, Time:32.585s
Trial 299: Cell 1 (Static) = 0.004225 | Cell 2 (Plastic) = 0.004664
Trial: 300, Time:34.348s
Trial 300: Cell 1 (Static) = 0.004213 | Cell 2 (Plastic) = 0.004678
Trial: 301, Time:35.495s
Trial 301: Cell 1 (Static) = 0.004200 | Cell 2 (Plastic) = 0.004692
Trial: 302, Time:36.072s
Trial 302: Cell 1 (Static) = 0.004187 | Cell 2 (Plastic) = 0.004678
Trial: 303, Time:35.778s
Trial 303: Cell 1 (Static) = 0.004175 | Cell 2 (Plastic) = 0.004664
Trial: 304, Time:34.462s
Trial 304: Cell 1 (Static) = 0.004162 | Cell 2 (Plastic) = 0.004650
Trial: 305, Time:34.441s
Trial 305: Cell 1 (Static) = 0.004150 | Cell 2 (Plastic) = 0.004636
Trial: 306, Time:33.765s
Trial 306: Cell 1 (Static) = 0.004138 | Cell 2 (Plastic) = 0.004623
Trial: 307, Time:34.667s
Trial 307: Cell 1 (Static) = 0.004125 | Cell 2 (Plastic) = 0.004609
Trial: 308, Time:34.436s
Trial 308: Cell 1 (Static) = 0.004113 | Cell 2 (Plastic) = 0.004623
Trial: 309, Time:34.516s
Trial 309: Cell 1 (Static) = 0.004101 | Cell 2 (Plastic) = 0.004609
Trial: 310, Time:35.571s
Trial 310: Cell 1 (Static) = 0.004088 | Cell 2 (Plastic) = 0.004595
Trial: 311, Time:36.108s
Trial 311: Cell 1 (Static) = 0.004076 | Cell 2 (Plastic) = 0.004581
Trial: 312, Time:35.680s
Trial 312: Cell 1 (Static) = 0.004064 | Cell 2 (Plastic) = 0.004567
Trial: 313, Time:36.747s
Trial 313: Cell 1 (Static) = 0.004052 | Cell 2 (Plastic) = 0.004554
Trial: 314, Time:36.157s
Trial 314: Cell 1 (Static) = 0.004040 | Cell 2 (Plastic) = 0.004540
Trial: 315, Time:36.472s
Trial 315: Cell 1 (Static) = 0.004028 | Cell 2 (Plastic) = 0.004527
Trial: 316, Time:36.680s
Trial 316: Cell 1 (Static) = 0.004040 | Cell 2 (Plastic) = 0.004513
Trial: 317, Time:35.710s
Trial 317: Cell 1 (Static) = 0.004052 | Cell 2 (Plastic) = 0.004500
Trial: 318, Time:34.859s
Trial 318: Cell 1 (Static) = 0.004064 | Cell 2 (Plastic) = 0.004486
Trial: 319, Time:36.762s
Trial 319: Cell 1 (Static) = 0.004052 | Cell 2 (Plastic) = 0.004473
Trial: 320, Time:36.766s
Trial 320: Cell 1 (Static) = 0.004040 | Cell 2 (Plastic) = 0.004486
Trial: 321, Time:36.660s
Trial 321: Cell 1 (Static) = 0.004028 | Cell 2 (Plastic) = 0.004500
Trial: 322, Time:34.728s
Trial 322: Cell 1 (Static) = 0.004015 | Cell 2 (Plastic) = 0.004513
Trial: 323, Time:35.585s
Trial 323: Cell 1 (Static) = 0.004003 | Cell 2 (Plastic) = 0.004527
Trial: 324, Time:35.489s
Trial 324: Cell 1 (Static) = 0.003991 | Cell 2 (Plastic) = 0.004540
Trial: 325, Time:34.502s
Trial 325: Cell 1 (Static) = 0.003980 | Cell 2 (Plastic) = 0.004554
Trial: 326, Time:34.173s
Trial 326: Cell 1 (Static) = 0.003968 | Cell 2 (Plastic) = 0.004567
Trial: 327, Time:35.527s
Trial 327: Cell 1 (Static) = 0.003956 | Cell 2 (Plastic) = 0.004581
Trial: 328, Time:35.214s
Trial 328: Cell 1 (Static) = 0.003944 | Cell 2 (Plastic) = 0.004595
Trial: 329, Time:35.344s
Trial 329: Cell 1 (Static) = 0.003956 | Cell 2 (Plastic) = 0.004609
Trial: 330, Time:35.004s
Trial 330: Cell 1 (Static) = 0.003968 | Cell 2 (Plastic) = 0.004595
Trial: 331, Time:36.274s
Trial 331: Cell 1 (Static) = 0.003980 | Cell 2 (Plastic) = 0.004581
Trial: 332, Time:36.819s
Trial 332: Cell 1 (Static) = 0.003991 | Cell 2 (Plastic) = 0.004567
Trial: 333, Time:36.758s
Trial 333: Cell 1 (Static) = 0.004003 | Cell 2 (Plastic) = 0.004554
Trial: 334, Time:35.977s
Trial 334: Cell 1 (Static) = 0.004015 | Cell 2 (Plastic) = 0.004540
Trial: 335, Time:35.558s
Trial 335: Cell 1 (Static) = 0.004028 | Cell 2 (Plastic) = 0.004527
Trial: 336, Time:36.149s
Trial 336: Cell 1 (Static) = 0.004040 | Cell 2 (Plastic) = 0.004513
Trial: 337, Time:34.706s
Trial 337: Cell 1 (Static) = 0.004052 | Cell 2 (Plastic) = 0.004500
Trial: 338, Time:35.032s
Trial 338: Cell 1 (Static) = 0.004064 | Cell 2 (Plastic) = 0.004486
Trial: 339, Time:35.749s
Trial 339: Cell 1 (Static) = 0.004076 | Cell 2 (Plastic) = 0.004473
Trial: 340, Time:35.079s
Trial 340: Cell 1 (Static) = 0.004088 | Cell 2 (Plastic) = 0.004459
Trial: 341, Time:34.181s
Trial 341: Cell 1 (Static) = 0.004101 | Cell 2 (Plastic) = 0.004446
Trial: 342, Time:34.329s
Trial 342: Cell 1 (Static) = 0.004113 | Cell 2 (Plastic) = 0.004433
Trial: 343, Time:35.303s
Trial 343: Cell 1 (Static) = 0.004101 | Cell 2 (Plastic) = 0.004419
Trial: 344, Time:35.603s
Trial 344: Cell 1 (Static) = 0.004088 | Cell 2 (Plastic) = 0.004406
Trial: 345, Time:34.552s
Trial 345: Cell 1 (Static) = 0.004101 | Cell 2 (Plastic) = 0.004393
Trial: 346, Time:33.875s
Trial 346: Cell 1 (Static) = 0.004113 | Cell 2 (Plastic) = 0.004380
Trial: 347, Time:34.674s
Trial 347: Cell 1 (Static) = 0.004125 | Cell 2 (Plastic) = 0.004367
Trial: 348, Time:34.658s
Trial 348: Cell 1 (Static) = 0.004138 | Cell 2 (Plastic) = 0.004354
Trial: 349, Time:36.108s
Trial 349: Cell 1 (Static) = 0.004150 | Cell 2 (Plastic) = 0.004341
Trial: 350, Time:35.082s
Trial 350: Cell 1 (Static) = 0.004162 | Cell 2 (Plastic) = 0.004328
Trial: 351, Time:35.236s
Trial 351: Cell 1 (Static) = 0.004175 | Cell 2 (Plastic) = 0.004315
Trial: 352, Time:34.639s
Trial 352: Cell 1 (Static) = 0.004187 | Cell 2 (Plastic) = 0.004302
Trial: 353, Time:34.769s
Trial 353: Cell 1 (Static) = 0.004200 | Cell 2 (Plastic) = 0.004289
Trial: 354, Time:33.696s
Trial 354: Cell 1 (Static) = 0.004213 | Cell 2 (Plastic) = 0.004276
Trial: 355, Time:35.194s
Trial 355: Cell 1 (Static) = 0.004225 | Cell 2 (Plastic) = 0.004289
Trial: 356, Time:34.313s
Trial 356: Cell 1 (Static) = 0.004238 | Cell 2 (Plastic) = 0.004276
Trial: 357, Time:36.009s
Trial 357: Cell 1 (Static) = 0.004251 | Cell 2 (Plastic) = 0.004263
Trial: 358, Time:36.049s
Trial 358: Cell 1 (Static) = 0.004263 | Cell 2 (Plastic) = 0.004251
Trial: 359, Time:36.122s
Trial 359: Cell 1 (Static) = 0.004276 | Cell 2 (Plastic) = 0.004238
Trial: 360, Time:36.066s
Trial 360: Cell 1 (Static) = 0.004289 | Cell 2 (Plastic) = 0.004225
Trial: 361, Time:36.023s
Trial 361: Cell 1 (Static) = 0.004302 | Cell 2 (Plastic) = 0.004213
Trial: 362, Time:36.913s
Trial 362: Cell 1 (Static) = 0.004315 | Cell 2 (Plastic) = 0.004200
Trial: 363, Time:37.259s
Trial 363: Cell 1 (Static) = 0.004328 | Cell 2 (Plastic) = 0.004187
Trial: 364, Time:36.863s
Trial 364: Cell 1 (Static) = 0.004341 | Cell 2 (Plastic) = 0.004175
Trial: 365, Time:35.783s
Trial 365: Cell 1 (Static) = 0.004328 | Cell 2 (Plastic) = 0.004187
Trial: 366, Time:35.626s
Trial 366: Cell 1 (Static) = 0.004315 | Cell 2 (Plastic) = 0.004200
Trial: 367, Time:36.129s
Trial 367: Cell 1 (Static) = 0.004302 | Cell 2 (Plastic) = 0.004213
Trial: 368, Time:36.564s
Trial 368: Cell 1 (Static) = 0.004289 | Cell 2 (Plastic) = 0.004225
Trial: 369, Time:38.061s
Trial 369: Cell 1 (Static) = 0.004276 | Cell 2 (Plastic) = 0.004213
Trial: 370, Time:37.056s
Trial 370: Cell 1 (Static) = 0.004263 | Cell 2 (Plastic) = 0.004200
Trial: 371, Time:37.493s
Trial 371: Cell 1 (Static) = 0.004276 | Cell 2 (Plastic) = 0.004187
Trial: 372, Time:36.390s
Trial 372: Cell 1 (Static) = 0.004289 | Cell 2 (Plastic) = 0.004175
Trial: 373, Time:37.069s
Trial 373: Cell 1 (Static) = 0.004276 | Cell 2 (Plastic) = 0.004162
Trial: 374, Time:37.292s
Trial 374: Cell 1 (Static) = 0.004263 | Cell 2 (Plastic) = 0.004150
Trial: 375, Time:37.310s
Trial 375: Cell 1 (Static) = 0.004276 | Cell 2 (Plastic) = 0.004138
Trial: 376, Time:38.239s
Trial 376: Cell 1 (Static) = 0.004289 | Cell 2 (Plastic) = 0.004150
Trial: 377, Time:38.751s
Trial 377: Cell 1 (Static) = 0.004276 | Cell 2 (Plastic) = 0.004162
Trial: 378, Time:37.990s
Trial 378: Cell 1 (Static) = 0.004289 | Cell 2 (Plastic) = 0.004175
Trial: 379, Time:36.765s
Trial 379: Cell 1 (Static) = 0.004302 | Cell 2 (Plastic) = 0.004187
Trial: 380, Time:37.110s
Trial 380: Cell 1 (Static) = 0.004315 | Cell 2 (Plastic) = 0.004200
Trial: 381, Time:35.801s
Trial 381: Cell 1 (Static) = 0.004302 | Cell 2 (Plastic) = 0.004213
Trial: 382, Time:35.726s
Trial 382: Cell 1 (Static) = 0.004315 | Cell 2 (Plastic) = 0.004225
Trial: 383, Time:35.600s
Trial 383: Cell 1 (Static) = 0.004328 | Cell 2 (Plastic) = 0.004238
Trial: 384, Time:35.208s
Trial 384: Cell 1 (Static) = 0.004341 | Cell 2 (Plastic) = 0.004251
Trial: 385, Time:34.974s
Trial 385: Cell 1 (Static) = 0.004354 | Cell 2 (Plastic) = 0.004263
Trial: 386, Time:34.758s
Trial 386: Cell 1 (Static) = 0.004367 | Cell 2 (Plastic) = 0.004276
Trial: 387, Time:34.248s
Trial 387: Cell 1 (Static) = 0.004380 | Cell 2 (Plastic) = 0.004289
Trial: 388, Time:33.574s
Trial 388: Cell 1 (Static) = 0.004393 | Cell 2 (Plastic) = 0.004302
Trial: 389, Time:33.328s
Trial 389: Cell 1 (Static) = 0.004406 | Cell 2 (Plastic) = 0.004315
Trial: 390, Time:34.084s
Trial 390: Cell 1 (Static) = 0.004419 | Cell 2 (Plastic) = 0.004328
Trial: 391, Time:34.122s
Trial 391: Cell 1 (Static) = 0.004433 | Cell 2 (Plastic) = 0.004341
Trial: 392, Time:34.766s
Trial 392: Cell 1 (Static) = 0.004446 | Cell 2 (Plastic) = 0.004354
Trial: 393, Time:36.028s
Trial 393: Cell 1 (Static) = 0.004459 | Cell 2 (Plastic) = 0.004367
Trial: 394, Time:35.467s
Trial 394: Cell 1 (Static) = 0.004473 | Cell 2 (Plastic) = 0.004380
Trial: 395, Time:35.040s
Trial 395: Cell 1 (Static) = 0.004486 | Cell 2 (Plastic) = 0.004393
Trial: 396, Time:35.063s
Trial 396: Cell 1 (Static) = 0.004500 | Cell 2 (Plastic) = 0.004406
Trial: 397, Time:35.263s
Trial 397: Cell 1 (Static) = 0.004513 | Cell 2 (Plastic) = 0.004419
Trial: 398, Time:34.706s
Trial 398: Cell 1 (Static) = 0.004500 | Cell 2 (Plastic) = 0.004433
Trial: 399, Time:35.311s
Trial 399: Cell 1 (Static) = 0.004486 | Cell 2 (Plastic) = 0.004446
Trial: 400, Time:35.948s
Trial 400: Cell 1 (Static) = 0.004473 | Cell 2 (Plastic) = 0.004459
Trial: 401, Time:34.308s
Trial 401: Cell 1 (Static) = 0.004486 | Cell 2 (Plastic) = 0.004473
Trial: 402, Time:34.704s
Trial 402: Cell 1 (Static) = 0.004473 | Cell 2 (Plastic) = 0.004486
Trial: 403, Time:35.998s
Trial 403: Cell 1 (Static) = 0.004459 | Cell 2 (Plastic) = 0.004500
Trial: 404, Time:35.317s
Trial 404: Cell 1 (Static) = 0.004446 | Cell 2 (Plastic) = 0.004513
Trial: 405, Time:35.232s
Trial 405: Cell 1 (Static) = 0.004459 | Cell 2 (Plastic) = 0.004527
Trial: 406, Time:35.756s
Trial 406: Cell 1 (Static) = 0.004473 | Cell 2 (Plastic) = 0.004540
Trial: 407, Time:35.653s
Trial 407: Cell 1 (Static) = 0.004486 | Cell 2 (Plastic) = 0.004554
Trial: 408, Time:35.981s
Trial 408: Cell 1 (Static) = 0.004500 | Cell 2 (Plastic) = 0.004567
Trial: 409, Time:36.307s
Trial 409: Cell 1 (Static) = 0.004513 | Cell 2 (Plastic) = 0.004581
Trial: 410, Time:36.632s
Trial 410: Cell 1 (Static) = 0.004527 | Cell 2 (Plastic) = 0.004595
Trial: 411, Time:36.743s
Trial 411: Cell 1 (Static) = 0.004513 | Cell 2 (Plastic) = 0.004609
Trial: 412, Time:34.914s
Trial 412: Cell 1 (Static) = 0.004500 | Cell 2 (Plastic) = 0.004623
Trial: 413, Time:35.080s
Trial 413: Cell 1 (Static) = 0.004486 | Cell 2 (Plastic) = 0.004636
Trial: 414, Time:35.097s
Trial 414: Cell 1 (Static) = 0.004473 | Cell 2 (Plastic) = 0.004650
Trial: 415, Time:35.895s
Trial 415: Cell 1 (Static) = 0.004486 | Cell 2 (Plastic) = 0.004664
Trial: 416, Time:35.633s
Trial 416: Cell 1 (Static) = 0.004500 | Cell 2 (Plastic) = 0.004678
Trial: 417, Time:35.441s
Trial 417: Cell 1 (Static) = 0.004513 | Cell 2 (Plastic) = 0.004692
Trial: 418, Time:34.861s
Trial 418: Cell 1 (Static) = 0.004527 | Cell 2 (Plastic) = 0.004706
Trial: 419, Time:33.154s
Trial 419: Cell 1 (Static) = 0.004540 | Cell 2 (Plastic) = 0.004720
Trial: 420, Time:34.865s
Trial 420: Cell 1 (Static) = 0.004554 | Cell 2 (Plastic) = 0.004735
Trial: 421, Time:35.094s
Trial 421: Cell 1 (Static) = 0.004567 | Cell 2 (Plastic) = 0.004749
Trial: 422, Time:34.897s
Trial 422: Cell 1 (Static) = 0.004581 | Cell 2 (Plastic) = 0.004763
Trial: 423, Time:35.276s
Trial 423: Cell 1 (Static) = 0.004595 | Cell 2 (Plastic) = 0.004749
Trial: 424, Time:35.432s
Trial 424: Cell 1 (Static) = 0.004609 | Cell 2 (Plastic) = 0.004763
Trial: 425, Time:34.328s
Trial 425: Cell 1 (Static) = 0.004623 | Cell 2 (Plastic) = 0.004777
Trial: 426, Time:34.366s
Trial 426: Cell 1 (Static) = 0.004636 | Cell 2 (Plastic) = 0.004792
Trial: 427, Time:34.689s
Trial 427: Cell 1 (Static) = 0.004650 | Cell 2 (Plastic) = 0.004777
Trial: 428, Time:34.012s
Trial 428: Cell 1 (Static) = 0.004664 | Cell 2 (Plastic) = 0.004763
Trial: 429, Time:33.208s
Trial 429: Cell 1 (Static) = 0.004650 | Cell 2 (Plastic) = 0.004749
Trial: 430, Time:33.411s
Trial 430: Cell 1 (Static) = 0.004664 | Cell 2 (Plastic) = 0.004735
Trial: 431, Time:34.571s
Trial 431: Cell 1 (Static) = 0.004678 | Cell 2 (Plastic) = 0.004720
Trial: 432, Time:34.271s
Trial 432: Cell 1 (Static) = 0.004692 | Cell 2 (Plastic) = 0.004706
Trial: 433, Time:33.872s
Trial 433: Cell 1 (Static) = 0.004706 | Cell 2 (Plastic) = 0.004706
Trial: 434, Time:33.782s
Trial 434: Cell 1 (Static) = 0.004720 | Cell 2 (Plastic) = 0.004720
Trial: 435, Time:34.051s
Trial 435: Cell 1 (Static) = 0.004735 | Cell 2 (Plastic) = 0.004735
Trial: 436, Time:34.018s
Trial 436: Cell 1 (Static) = 0.004749 | Cell 2 (Plastic) = 0.004720
Trial: 437, Time:35.116s
Trial 437: Cell 1 (Static) = 0.004763 | Cell 2 (Plastic) = 0.004706
Trial: 438, Time:34.181s
Trial 438: Cell 1 (Static) = 0.004749 | Cell 2 (Plastic) = 0.004692
Trial: 439, Time:34.064s
Trial 439: Cell 1 (Static) = 0.004735 | Cell 2 (Plastic) = 0.004678
Trial: 440, Time:33.402s
Trial 440: Cell 1 (Static) = 0.004720 | Cell 2 (Plastic) = 0.004664
Trial: 441, Time:34.443s
Trial 441: Cell 1 (Static) = 0.004706 | Cell 2 (Plastic) = 0.004650
Trial: 442, Time:33.588s
Trial 442: Cell 1 (Static) = 0.004692 | Cell 2 (Plastic) = 0.004664
Trial: 443, Time:34.556s
Trial 443: Cell 1 (Static) = 0.004678 | Cell 2 (Plastic) = 0.004678
Trial: 444, Time:35.454s
Trial 444: Cell 1 (Static) = 0.004664 | Cell 2 (Plastic) = 0.004692
Trial: 445, Time:35.113s
Trial 445: Cell 1 (Static) = 0.004650 | Cell 2 (Plastic) = 0.004706
Trial: 446, Time:35.527s
Trial 446: Cell 1 (Static) = 0.004636 | Cell 2 (Plastic) = 0.004720
Trial: 447, Time:35.431s
Trial 447: Cell 1 (Static) = 0.004623 | Cell 2 (Plastic) = 0.004735
Trial: 448, Time:34.845s
Trial 448: Cell 1 (Static) = 0.004609 | Cell 2 (Plastic) = 0.004749
Trial: 449, Time:35.080s
Trial 449: Cell 1 (Static) = 0.004595 | Cell 2 (Plastic) = 0.004763
Trial: 450, Time:33.079s
Trial 450: Cell 1 (Static) = 0.004581 | Cell 2 (Plastic) = 0.004777
Trial: 451, Time:33.207s
Trial 451: Cell 1 (Static) = 0.004567 | Cell 2 (Plastic) = 0.004792
Trial: 452, Time:32.919s
Trial 452: Cell 1 (Static) = 0.004554 | Cell 2 (Plastic) = 0.004806
Trial: 453, Time:33.882s
Trial 453: Cell 1 (Static) = 0.004540 | Cell 2 (Plastic) = 0.004821
Trial: 454, Time:34.211s
Trial 454: Cell 1 (Static) = 0.004527 | Cell 2 (Plastic) = 0.004835
Trial: 455, Time:34.886s
Trial 455: Cell 1 (Static) = 0.004513 | Cell 2 (Plastic) = 0.004849
Trial: 456, Time:35.579s
Trial 456: Cell 1 (Static) = 0.004500 | Cell 2 (Plastic) = 0.004864
Trial: 457, Time:34.694s
Trial 457: Cell 1 (Static) = 0.004513 | Cell 2 (Plastic) = 0.004849
Trial: 458, Time:34.665s
Trial 458: Cell 1 (Static) = 0.004527 | Cell 2 (Plastic) = 0.004835
Trial: 459, Time:34.229s
Trial 459: Cell 1 (Static) = 0.004540 | Cell 2 (Plastic) = 0.004821
Trial: 460, Time:34.291s
Trial 460: Cell 1 (Static) = 0.004554 | Cell 2 (Plastic) = 0.004806
Trial: 461, Time:33.048s
Trial 461: Cell 1 (Static) = 0.004567 | Cell 2 (Plastic) = 0.004792
Trial: 462, Time:32.477s
Trial 462: Cell 1 (Static) = 0.004581 | Cell 2 (Plastic) = 0.004777
Trial: 463, Time:32.376s
Trial 463: Cell 1 (Static) = 0.004595 | Cell 2 (Plastic) = 0.004763
Trial: 464, Time:33.456s
Trial 464: Cell 1 (Static) = 0.004609 | Cell 2 (Plastic) = 0.004749
Trial: 465, Time:33.406s
Trial 465: Cell 1 (Static) = 0.004595 | Cell 2 (Plastic) = 0.004735
Trial: 466, Time:33.170s
Trial 466: Cell 1 (Static) = 0.004609 | Cell 2 (Plastic) = 0.004720
Trial: 467, Time:32.644s
Trial 467: Cell 1 (Static) = 0.004623 | Cell 2 (Plastic) = 0.004706
Trial: 468, Time:32.636s
Trial 468: Cell 1 (Static) = 0.004609 | Cell 2 (Plastic) = 0.004692
Trial: 469, Time:32.411s
Trial 469: Cell 1 (Static) = 0.004595 | Cell 2 (Plastic) = 0.004692
Trial: 470, Time:32.660s
Trial 470: Cell 1 (Static) = 0.004581 | Cell 2 (Plastic) = 0.004706
Trial: 471, Time:33.519s
Trial 471: Cell 1 (Static) = 0.004567 | Cell 2 (Plastic) = 0.004720
Trial: 472, Time:33.724s
Trial 472: Cell 1 (Static) = 0.004554 | Cell 2 (Plastic) = 0.004706
Trial: 473, Time:33.749s
Trial 473: Cell 1 (Static) = 0.004540 | Cell 2 (Plastic) = 0.004692
Trial: 474, Time:34.991s
Trial 474: Cell 1 (Static) = 0.004527 | Cell 2 (Plastic) = 0.004678
Trial: 475, Time:35.147s
Trial 475: Cell 1 (Static) = 0.004513 | Cell 2 (Plastic) = 0.004664
Trial: 476, Time:35.893s
Trial 476: Cell 1 (Static) = 0.004500 | Cell 2 (Plastic) = 0.004678
Trial: 477, Time:35.680s
Trial 477: Cell 1 (Static) = 0.004486 | Cell 2 (Plastic) = 0.004692
Trial: 478, Time:37.174s
Trial 478: Cell 1 (Static) = 0.004473 | Cell 2 (Plastic) = 0.004706
Trial: 479, Time:37.379s
Trial 479: Cell 1 (Static) = 0.004459 | Cell 2 (Plastic) = 0.004720
Trial: 480, Time:37.285s
Trial 480: Cell 1 (Static) = 0.004446 | Cell 2 (Plastic) = 0.004735
Trial: 481, Time:37.523s
Trial 481: Cell 1 (Static) = 0.004433 | Cell 2 (Plastic) = 0.004749
Trial: 482, Time:36.544s
Trial 482: Cell 1 (Static) = 0.004446 | Cell 2 (Plastic) = 0.004763
Trial: 483, Time:37.004s
Trial 483: Cell 1 (Static) = 0.004459 | Cell 2 (Plastic) = 0.004777
Trial: 484, Time:36.954s
Trial 484: Cell 1 (Static) = 0.004473 | Cell 2 (Plastic) = 0.004792
Trial: 485, Time:34.799s
Trial 485: Cell 1 (Static) = 0.004459 | Cell 2 (Plastic) = 0.004777
Trial: 486, Time:34.742s
Trial 486: Cell 1 (Static) = 0.004446 | Cell 2 (Plastic) = 0.004792
Trial: 487, Time:34.742s
Trial 487: Cell 1 (Static) = 0.004459 | Cell 2 (Plastic) = 0.004777
Trial: 488, Time:34.919s
Trial 488: Cell 1 (Static) = 0.004473 | Cell 2 (Plastic) = 0.004792
Trial: 489, Time:34.674s
Trial 489: Cell 1 (Static) = 0.004486 | Cell 2 (Plastic) = 0.004806
Trial: 490, Time:34.580s
Trial 490: Cell 1 (Static) = 0.004500 | Cell 2 (Plastic) = 0.004792
Trial: 491, Time:35.118s
Trial 491: Cell 1 (Static) = 0.004513 | Cell 2 (Plastic) = 0.004777
Trial: 492, Time:34.686s
Trial 492: Cell 1 (Static) = 0.004527 | Cell 2 (Plastic) = 0.004763
Trial: 493, Time:34.359s
Trial 493: Cell 1 (Static) = 0.004540 | Cell 2 (Plastic) = 0.004749
Trial: 494, Time:35.849s
Trial 494: Cell 1 (Static) = 0.004554 | Cell 2 (Plastic) = 0.004735
Trial: 495, Time:36.185s
Trial 495: Cell 1 (Static) = 0.004567 | Cell 2 (Plastic) = 0.004720
Trial: 496, Time:36.486s
Trial 496: Cell 1 (Static) = 0.004581 | Cell 2 (Plastic) = 0.004706
Trial: 497, Time:36.835s
Trial 497: Cell 1 (Static) = 0.004595 | Cell 2 (Plastic) = 0.004692
Trial: 498, Time:35.966s
Trial 498: Cell 1 (Static) = 0.004609 | Cell 2 (Plastic) = 0.004678
Trial: 499, Time:35.120s
Trial 499: Cell 1 (Static) = 0.004595 | Cell 2 (Plastic) = 0.004664
Trial: 500, Time:35.289s
Trial 500: Cell 1 (Static) = 0.004581 | Cell 2 (Plastic) = 0.004650
Trial: 501, Time:34.628s
Trial 501: Cell 1 (Static) = 0.004567 | Cell 2 (Plastic) = 0.004636
Trial: 502, Time:34.078s
Trial 502: Cell 1 (Static) = 0.004554 | Cell 2 (Plastic) = 0.004623
Trial: 503, Time:34.601s
Trial 503: Cell 1 (Static) = 0.004567 | Cell 2 (Plastic) = 0.004609
Trial: 504, Time:35.749s
Trial 504: Cell 1 (Static) = 0.004554 | Cell 2 (Plastic) = 0.004595
Trial: 505, Time:34.429s
Trial 505: Cell 1 (Static) = 0.004540 | Cell 2 (Plastic) = 0.004581
Trial: 506, Time:35.097s
Trial 506: Cell 1 (Static) = 0.004527 | Cell 2 (Plastic) = 0.004567
Trial: 507, Time:35.809s
Trial 507: Cell 1 (Static) = 0.004513 | Cell 2 (Plastic) = 0.004554
Trial: 508, Time:35.940s
Trial 508: Cell 1 (Static) = 0.004500 | Cell 2 (Plastic) = 0.004540
Trial: 509, Time:34.807s
Trial 509: Cell 1 (Static) = 0.004486 | Cell 2 (Plastic) = 0.004527
Trial: 510, Time:36.128s
Trial 510: Cell 1 (Static) = 0.004473 | Cell 2 (Plastic) = 0.004513
Trial: 511, Time:36.608s
Trial 511: Cell 1 (Static) = 0.004459 | Cell 2 (Plastic) = 0.004500
Trial: 512, Time:35.511s
Trial 512: Cell 1 (Static) = 0.004446 | Cell 2 (Plastic) = 0.004486
Trial: 513, Time:35.926s
Trial 513: Cell 1 (Static) = 0.004433 | Cell 2 (Plastic) = 0.004473
Trial: 514, Time:35.304s
Trial 514: Cell 1 (Static) = 0.004419 | Cell 2 (Plastic) = 0.004459
Trial: 515, Time:35.685s
Trial 515: Cell 1 (Static) = 0.004406 | Cell 2 (Plastic) = 0.004446
Trial: 516, Time:35.030s
Trial 516: Cell 1 (Static) = 0.004393 | Cell 2 (Plastic) = 0.004433
Trial: 517, Time:34.426s
Trial 517: Cell 1 (Static) = 0.004380 | Cell 2 (Plastic) = 0.004419
Trial: 518, Time:33.675s
Trial 518: Cell 1 (Static) = 0.004367 | Cell 2 (Plastic) = 0.004406
Trial: 519, Time:33.809s
Trial 519: Cell 1 (Static) = 0.004354 | Cell 2 (Plastic) = 0.004393
Trial: 520, Time:35.055s
Trial 520: Cell 1 (Static) = 0.004341 | Cell 2 (Plastic) = 0.004380
Trial: 521, Time:35.789s
Trial 521: Cell 1 (Static) = 0.004354 | Cell 2 (Plastic) = 0.004393
Trial: 522, Time:34.327s
Trial 522: Cell 1 (Static) = 0.004341 | Cell 2 (Plastic) = 0.004380
Trial: 523, Time:34.433s
Trial 523: Cell 1 (Static) = 0.004328 | Cell 2 (Plastic) = 0.004367
Trial: 524, Time:35.813s
Trial 524: Cell 1 (Static) = 0.004341 | Cell 2 (Plastic) = 0.004354
Trial: 525, Time:35.254s
Trial 525: Cell 1 (Static) = 0.004354 | Cell 2 (Plastic) = 0.004367
Trial: 526, Time:35.658s
Trial 526: Cell 1 (Static) = 0.004367 | Cell 2 (Plastic) = 0.004380
Trial: 527, Time:35.149s
Trial 527: Cell 1 (Static) = 0.004354 | Cell 2 (Plastic) = 0.004393
Trial: 528, Time:35.931s
Trial 528: Cell 1 (Static) = 0.004341 | Cell 2 (Plastic) = 0.004406
Trial: 529, Time:36.112s
Trial 529: Cell 1 (Static) = 0.004328 | Cell 2 (Plastic) = 0.004393
Trial: 530, Time:36.179s
Trial 530: Cell 1 (Static) = 0.004315 | Cell 2 (Plastic) = 0.004380
Trial: 531, Time:35.575s
Trial 531: Cell 1 (Static) = 0.004302 | Cell 2 (Plastic) = 0.004367
Trial: 532, Time:36.468s
Trial 532: Cell 1 (Static) = 0.004289 | Cell 2 (Plastic) = 0.004354
Trial: 533, Time:35.820s
Trial 533: Cell 1 (Static) = 0.004276 | Cell 2 (Plastic) = 0.004341
Trial: 534, Time:35.422s
Trial 534: Cell 1 (Static) = 0.004263 | Cell 2 (Plastic) = 0.004328
Trial: 535, Time:36.629s
Trial 535: Cell 1 (Static) = 0.004251 | Cell 2 (Plastic) = 0.004315
Trial: 536, Time:36.614s
Trial 536: Cell 1 (Static) = 0.004238 | Cell 2 (Plastic) = 0.004302
Trial: 537, Time:37.475s
Trial 537: Cell 1 (Static) = 0.004225 | Cell 2 (Plastic) = 0.004289
Trial: 538, Time:36.303s
Trial 538: Cell 1 (Static) = 0.004213 | Cell 2 (Plastic) = 0.004276
Trial: 539, Time:37.260s
Trial 539: Cell 1 (Static) = 0.004200 | Cell 2 (Plastic) = 0.004263
Trial: 540, Time:36.020s
Trial 540: Cell 1 (Static) = 0.004187 | Cell 2 (Plastic) = 0.004251
Trial: 541, Time:36.224s
Trial 541: Cell 1 (Static) = 0.004175 | Cell 2 (Plastic) = 0.004238
Trial: 542, Time:36.408s
Trial 542: Cell 1 (Static) = 0.004162 | Cell 2 (Plastic) = 0.004225
Trial: 543, Time:36.159s
Trial 543: Cell 1 (Static) = 0.004150 | Cell 2 (Plastic) = 0.004213
Trial: 544, Time:37.060s
Trial 544: Cell 1 (Static) = 0.004138 | Cell 2 (Plastic) = 0.004200
Trial: 545, Time:36.869s
Trial 545: Cell 1 (Static) = 0.004150 | Cell 2 (Plastic) = 0.004187
Trial: 546, Time:36.858s
Trial 546: Cell 1 (Static) = 0.004162 | Cell 2 (Plastic) = 0.004200
Trial: 547, Time:36.079s
Trial 547: Cell 1 (Static) = 0.004175 | Cell 2 (Plastic) = 0.004213
Trial: 548, Time:35.364s
Trial 548: Cell 1 (Static) = 0.004187 | Cell 2 (Plastic) = 0.004225
Trial: 549, Time:35.752s
Trial 549: Cell 1 (Static) = 0.004200 | Cell 2 (Plastic) = 0.004238
Trial: 550, Time:34.872s
Trial 550: Cell 1 (Static) = 0.004213 | Cell 2 (Plastic) = 0.004251
Trial: 551, Time:34.141s
Trial 551: Cell 1 (Static) = 0.004200 | Cell 2 (Plastic) = 0.004263
Trial: 552, Time:34.396s
Trial 552: Cell 1 (Static) = 0.004187 | Cell 2 (Plastic) = 0.004276
Trial: 553, Time:34.532s
Trial 553: Cell 1 (Static) = 0.004200 | Cell 2 (Plastic) = 0.004289
Trial: 554, Time:34.346s
Trial 554: Cell 1 (Static) = 0.004213 | Cell 2 (Plastic) = 0.004302
Trial: 555, Time:34.538s
Trial 555: Cell 1 (Static) = 0.004225 | Cell 2 (Plastic) = 0.004315
Trial: 556, Time:34.176s
Trial 556: Cell 1 (Static) = 0.004238 | Cell 2 (Plastic) = 0.004328
Trial: 557, Time:34.811s
Trial 557: Cell 1 (Static) = 0.004251 | Cell 2 (Plastic) = 0.004341
Trial: 558, Time:35.435s
Trial 558: Cell 1 (Static) = 0.004263 | Cell 2 (Plastic) = 0.004354
Trial: 559, Time:34.097s
Trial 559: Cell 1 (Static) = 0.004276 | Cell 2 (Plastic) = 0.004367
Trial: 560, Time:33.727s
Trial 560: Cell 1 (Static) = 0.004289 | Cell 2 (Plastic) = 0.004380
Trial: 561, Time:34.011s
Trial 561: Cell 1 (Static) = 0.004276 | Cell 2 (Plastic) = 0.004393
Trial: 562, Time:34.239s
Trial 562: Cell 1 (Static) = 0.004263 | Cell 2 (Plastic) = 0.004406
Trial: 563, Time:33.903s
Trial 563: Cell 1 (Static) = 0.004251 | Cell 2 (Plastic) = 0.004419
Trial: 564, Time:33.821s
Trial 564: Cell 1 (Static) = 0.004238 | Cell 2 (Plastic) = 0.004433
Trial: 565, Time:33.650s
Trial 565: Cell 1 (Static) = 0.004225 | Cell 2 (Plastic) = 0.004446
Trial: 566, Time:34.159s
Trial 566: Cell 1 (Static) = 0.004213 | Cell 2 (Plastic) = 0.004459
Trial: 567, Time:34.701s
Trial 567: Cell 1 (Static) = 0.004200 | Cell 2 (Plastic) = 0.004473
Trial: 568, Time:34.191s
Trial 568: Cell 1 (Static) = 0.004187 | Cell 2 (Plastic) = 0.004486
Trial: 569, Time:34.753s
Trial 569: Cell 1 (Static) = 0.004175 | Cell 2 (Plastic) = 0.004500
Trial: 570, Time:33.899s
Trial 570: Cell 1 (Static) = 0.004162 | Cell 2 (Plastic) = 0.004513
Trial: 571, Time:33.981s
Trial 571: Cell 1 (Static) = 0.004150 | Cell 2 (Plastic) = 0.004527
Trial: 572, Time:33.148s
Trial 572: Cell 1 (Static) = 0.004138 | Cell 2 (Plastic) = 0.004540
Trial: 573, Time:34.315s
Trial 573: Cell 1 (Static) = 0.004125 | Cell 2 (Plastic) = 0.004554
Trial: 574, Time:34.966s
Trial 574: Cell 1 (Static) = 0.004113 | Cell 2 (Plastic) = 0.004567
Trial: 575, Time:35.120s
Trial 575: Cell 1 (Static) = 0.004125 | Cell 2 (Plastic) = 0.004581
Trial: 576, Time:33.543s
Trial 576: Cell 1 (Static) = 0.004138 | Cell 2 (Plastic) = 0.004595
Trial: 577, Time:33.569s
Trial 577: Cell 1 (Static) = 0.004125 | Cell 2 (Plastic) = 0.004609
Trial: 578, Time:34.544s
Trial 578: Cell 1 (Static) = 0.004113 | Cell 2 (Plastic) = 0.004623
Trial: 579, Time:33.878s
Trial 579: Cell 1 (Static) = 0.004125 | Cell 2 (Plastic) = 0.004636
Trial: 580, Time:33.843s
Trial 580: Cell 1 (Static) = 0.004113 | Cell 2 (Plastic) = 0.004623
Trial: 581, Time:34.263s
Trial 581: Cell 1 (Static) = 0.004101 | Cell 2 (Plastic) = 0.004609
Trial: 582, Time:32.510s
Trial 582: Cell 1 (Static) = 0.004088 | Cell 2 (Plastic) = 0.004623
Trial: 583, Time:33.518s
Trial 583: Cell 1 (Static) = 0.004076 | Cell 2 (Plastic) = 0.004636
Trial: 584, Time:33.231s
Trial 584: Cell 1 (Static) = 0.004064 | Cell 2 (Plastic) = 0.004650
Trial: 585, Time:32.451s
Trial 585: Cell 1 (Static) = 0.004052 | Cell 2 (Plastic) = 0.004636
Trial: 586, Time:32.782s
Trial 586: Cell 1 (Static) = 0.004040 | Cell 2 (Plastic) = 0.004623
Trial: 587, Time:34.046s
Trial 587: Cell 1 (Static) = 0.004028 | Cell 2 (Plastic) = 0.004609
Trial: 588, Time:33.707s
Trial 588: Cell 1 (Static) = 0.004040 | Cell 2 (Plastic) = 0.004595
Trial: 589, Time:34.861s
Trial 589: Cell 1 (Static) = 0.004052 | Cell 2 (Plastic) = 0.004581
Trial: 590, Time:34.354s
Trial 590: Cell 1 (Static) = 0.004064 | Cell 2 (Plastic) = 0.004567
Trial: 591, Time:34.486s
Trial 591: Cell 1 (Static) = 0.004076 | Cell 2 (Plastic) = 0.004554
Trial: 592, Time:33.565s
Trial 592: Cell 1 (Static) = 0.004088 | Cell 2 (Plastic) = 0.004540
Trial: 593, Time:33.465s
Trial 593: Cell 1 (Static) = 0.004101 | Cell 2 (Plastic) = 0.004527
Trial: 594, Time:33.405s
Trial 594: Cell 1 (Static) = 0.004113 | Cell 2 (Plastic) = 0.004513
Trial: 595, Time:32.885s
Trial 595: Cell 1 (Static) = 0.004125 | Cell 2 (Plastic) = 0.004500
Trial: 596, Time:34.099s
Trial 596: Cell 1 (Static) = 0.004113 | Cell 2 (Plastic) = 0.004486
Trial: 597, Time:34.781s
Trial 597: Cell 1 (Static) = 0.004101 | Cell 2 (Plastic) = 0.004473
Trial: 598, Time:35.488s
Trial 598: Cell 1 (Static) = 0.004088 | Cell 2 (Plastic) = 0.004459
Trial: 599, Time:34.332s
Trial 599: Cell 1 (Static) = 0.004076 | Cell 2 (Plastic) = 0.004446
Trial: 600, Time:32.819s
Trial 600: Cell 1 (Static) = 0.004064 | Cell 2 (Plastic) = 0.004433
Trial: 601, Time:32.742s
Trial 601: Cell 1 (Static) = 0.004052 | Cell 2 (Plastic) = 0.004419
Trial: 602, Time:34.123s
Trial 602: Cell 1 (Static) = 0.004040 | Cell 2 (Plastic) = 0.004406
Trial: 603, Time:33.824s
Trial 603: Cell 1 (Static) = 0.004028 | Cell 2 (Plastic) = 0.004393
Trial: 604, Time:32.829s
Trial 604: Cell 1 (Static) = 0.004015 | Cell 2 (Plastic) = 0.004393
Trial: 605, Time:31.734s
Trial 605: Cell 1 (Static) = 0.004003 | Cell 2 (Plastic) = 0.004380
Trial: 606, Time:31.676s
Trial 606: Cell 1 (Static) = 0.003991 | Cell 2 (Plastic) = 0.004367
Trial: 607, Time:33.022s
Trial 607: Cell 1 (Static) = 0.003980 | Cell 2 (Plastic) = 0.004354
Trial: 608, Time:32.696s
Trial 608: Cell 1 (Static) = 0.003968 | Cell 2 (Plastic) = 0.004341
Trial: 609, Time:33.130s
Trial 609: Cell 1 (Static) = 0.003956 | Cell 2 (Plastic) = 0.004328
Trial: 610, Time:33.294s
Trial 610: Cell 1 (Static) = 0.003968 | Cell 2 (Plastic) = 0.004315
Trial: 611, Time:33.266s
Trial 611: Cell 1 (Static) = 0.003956 | Cell 2 (Plastic) = 0.004302
Trial: 612, Time:32.975s
Trial 612: Cell 1 (Static) = 0.003968 | Cell 2 (Plastic) = 0.004289
Trial: 613, Time:33.344s
Trial 613: Cell 1 (Static) = 0.003980 | Cell 2 (Plastic) = 0.004276
Trial: 614, Time:34.693s
Trial 614: Cell 1 (Static) = 0.003991 | Cell 2 (Plastic) = 0.004263
Trial: 615, Time:34.980s
Trial 615: Cell 1 (Static) = 0.004003 | Cell 2 (Plastic) = 0.004251
Trial: 616, Time:35.609s
Trial 616: Cell 1 (Static) = 0.004015 | Cell 2 (Plastic) = 0.004238
Trial: 617, Time:35.028s
Trial 617: Cell 1 (Static) = 0.004028 | Cell 2 (Plastic) = 0.004225
Trial: 618, Time:34.597s
Trial 618: Cell 1 (Static) = 0.004040 | Cell 2 (Plastic) = 0.004213
Trial: 619, Time:34.584s
Trial 619: Cell 1 (Static) = 0.004052 | Cell 2 (Plastic) = 0.004200
Trial: 620, Time:35.035s
Trial 620: Cell 1 (Static) = 0.004064 | Cell 2 (Plastic) = 0.004187
Trial: 621, Time:35.118s
Trial 621: Cell 1 (Static) = 0.004076 | Cell 2 (Plastic) = 0.004175
Trial: 622, Time:35.318s
Trial 622: Cell 1 (Static) = 0.004088 | Cell 2 (Plastic) = 0.004187
Trial: 623, Time:34.803s
Trial 623: Cell 1 (Static) = 0.004076 | Cell 2 (Plastic) = 0.004175
Trial: 624, Time:34.387s
Trial 624: Cell 1 (Static) = 0.004064 | Cell 2 (Plastic) = 0.004162
Trial: 625, Time:34.102s
Trial 625: Cell 1 (Static) = 0.004052 | Cell 2 (Plastic) = 0.004150
Trial: 626, Time:34.612s
Trial 626: Cell 1 (Static) = 0.004040 | Cell 2 (Plastic) = 0.004138
Trial: 627, Time:34.346s
Trial 627: Cell 1 (Static) = 0.004028 | Cell 2 (Plastic) = 0.004125
Trial: 628, Time:35.811s
Trial 628: Cell 1 (Static) = 0.004040 | Cell 2 (Plastic) = 0.004113
Trial: 629, Time:35.230s
Trial 629: Cell 1 (Static) = 0.004052 | Cell 2 (Plastic) = 0.004101
Trial: 630, Time:35.402s
Trial 630: Cell 1 (Static) = 0.004064 | Cell 2 (Plastic) = 0.004088
Trial: 631, Time:36.085s
Trial 631: Cell 1 (Static) = 0.004052 | Cell 2 (Plastic) = 0.004076
Trial: 632, Time:35.142s
Trial 632: Cell 1 (Static) = 0.004040 | Cell 2 (Plastic) = 0.004064
Trial: 633, Time:34.851s
Trial 633: Cell 1 (Static) = 0.004028 | Cell 2 (Plastic) = 0.004052
Trial: 634, Time:35.401s
Trial 634: Cell 1 (Static) = 0.004015 | Cell 2 (Plastic) = 0.004040
Trial: 635, Time:34.019s
Trial 635: Cell 1 (Static) = 0.004003 | Cell 2 (Plastic) = 0.004028
Trial: 636, Time:34.190s
Trial 636: Cell 1 (Static) = 0.003991 | Cell 2 (Plastic) = 0.004015
Trial: 637, Time:34.391s
Trial 637: Cell 1 (Static) = 0.003980 | Cell 2 (Plastic) = 0.004003
Trial: 638, Time:35.288s
Trial 638: Cell 1 (Static) = 0.003991 | Cell 2 (Plastic) = 0.004015
Trial: 639, Time:34.110s
Trial 639: Cell 1 (Static) = 0.003980 | Cell 2 (Plastic) = 0.004028
Trial: 640, Time:33.781s
Trial 640: Cell 1 (Static) = 0.003991 | Cell 2 (Plastic) = 0.004040
Trial: 641, Time:34.007s
Trial 641: Cell 1 (Static) = 0.004003 | Cell 2 (Plastic) = 0.004052
Trial: 642, Time:34.610s
Trial 642: Cell 1 (Static) = 0.003991 | Cell 2 (Plastic) = 0.004064
Trial: 643, Time:35.304s
Trial 643: Cell 1 (Static) = 0.003980 | Cell 2 (Plastic) = 0.004076
Trial: 644, Time:35.427s
Trial 644: Cell 1 (Static) = 0.003968 | Cell 2 (Plastic) = 0.004088
Trial: 645, Time:35.592s
Trial 645: Cell 1 (Static) = 0.003980 | Cell 2 (Plastic) = 0.004101
Trial: 646, Time:35.462s
Trial 646: Cell 1 (Static) = 0.003991 | Cell 2 (Plastic) = 0.004113
Trial: 647, Time:35.087s
Trial 647: Cell 1 (Static) = 0.004003 | Cell 2 (Plastic) = 0.004125
Trial: 648, Time:34.597s
Trial 648: Cell 1 (Static) = 0.004015 | Cell 2 (Plastic) = 0.004138
Trial: 649, Time:33.865s
Trial 649: Cell 1 (Static) = 0.004028 | Cell 2 (Plastic) = 0.004150
Trial: 650, Time:33.539s
Trial 650: Cell 1 (Static) = 0.004040 | Cell 2 (Plastic) = 0.004138
Trial: 651, Time:34.778s
Trial 651: Cell 1 (Static) = 0.004052 | Cell 2 (Plastic) = 0.004150
Trial: 652, Time:33.588s
Trial 652: Cell 1 (Static) = 0.004064 | Cell 2 (Plastic) = 0.004162
Trial: 653, Time:33.351s
Trial 653: Cell 1 (Static) = 0.004076 | Cell 2 (Plastic) = 0.004175
Trial: 654, Time:32.774s
Trial 654: Cell 1 (Static) = 0.004088 | Cell 2 (Plastic) = 0.004187
Trial: 655, Time:32.028s
Trial 655: Cell 1 (Static) = 0.004101 | Cell 2 (Plastic) = 0.004200
Trial: 656, Time:32.572s
Trial 656: Cell 1 (Static) = 0.004113 | Cell 2 (Plastic) = 0.004213
Trial: 657, Time:32.384s
Trial 657: Cell 1 (Static) = 0.004125 | Cell 2 (Plastic) = 0.004225
Trial: 658, Time:32.483s
Trial 658: Cell 1 (Static) = 0.004138 | Cell 2 (Plastic) = 0.004238
Trial: 659, Time:32.914s
Trial 659: Cell 1 (Static) = 0.004150 | Cell 2 (Plastic) = 0.004251
Trial: 660, Time:33.214s
Trial 660: Cell 1 (Static) = 0.004162 | Cell 2 (Plastic) = 0.004263
Trial: 661, Time:34.177s
Trial 661: Cell 1 (Static) = 0.004150 | Cell 2 (Plastic) = 0.004251
Trial: 662, Time:34.741s
Trial 662: Cell 1 (Static) = 0.004162 | Cell 2 (Plastic) = 0.004238
Trial: 663, Time:34.659s
Trial 663: Cell 1 (Static) = 0.004175 | Cell 2 (Plastic) = 0.004225
Trial: 664, Time:34.595s
Trial 664: Cell 1 (Static) = 0.004187 | Cell 2 (Plastic) = 0.004238
Trial: 665, Time:34.439s
Trial 665: Cell 1 (Static) = 0.004200 | Cell 2 (Plastic) = 0.004225
Trial: 666, Time:34.510s
Trial 666: Cell 1 (Static) = 0.004213 | Cell 2 (Plastic) = 0.004213
Trial: 667, Time:36.914s
Trial 667: Cell 1 (Static) = 0.004200 | Cell 2 (Plastic) = 0.004200
Trial: 668, Time:36.411s
Trial 668: Cell 1 (Static) = 0.004213 | Cell 2 (Plastic) = 0.004187
Trial: 669, Time:36.809s
Trial 669: Cell 1 (Static) = 0.004225 | Cell 2 (Plastic) = 0.004175
Trial: 670, Time:38.118s
Trial 670: Cell 1 (Static) = 0.004238 | Cell 2 (Plastic) = 0.004162
Trial: 671, Time:36.584s
Trial 671: Cell 1 (Static) = 0.004251 | Cell 2 (Plastic) = 0.004150
Trial: 672, Time:36.593s
Trial 672: Cell 1 (Static) = 0.004263 | Cell 2 (Plastic) = 0.004138
Trial: 673, Time:36.389s
Trial 673: Cell 1 (Static) = 0.004276 | Cell 2 (Plastic) = 0.004125
Trial: 674, Time:37.786s
Trial 674: Cell 1 (Static) = 0.004289 | Cell 2 (Plastic) = 0.004113
Trial: 675, Time:37.266s
Trial 675: Cell 1 (Static) = 0.004302 | Cell 2 (Plastic) = 0.004125
Trial: 676, Time:36.540s
Trial 676: Cell 1 (Static) = 0.004315 | Cell 2 (Plastic) = 0.004138
Trial: 677, Time:36.395s
Trial 677: Cell 1 (Static) = 0.004328 | Cell 2 (Plastic) = 0.004150
Trial: 678, Time:35.861s
Trial 678: Cell 1 (Static) = 0.004341 | Cell 2 (Plastic) = 0.004162
Trial: 679, Time:35.021s
Trial 679: Cell 1 (Static) = 0.004354 | Cell 2 (Plastic) = 0.004175
Trial: 680, Time:33.922s
Trial 680: Cell 1 (Static) = 0.004367 | Cell 2 (Plastic) = 0.004187
Trial: 681, Time:34.056s
Trial 681: Cell 1 (Static) = 0.004380 | Cell 2 (Plastic) = 0.004200
Trial: 682, Time:34.816s
Trial 682: Cell 1 (Static) = 0.004393 | Cell 2 (Plastic) = 0.004213
Trial: 683, Time:34.110s
Trial 683: Cell 1 (Static) = 0.004406 | Cell 2 (Plastic) = 0.004225
Trial: 684, Time:33.843s
Trial 684: Cell 1 (Static) = 0.004419 | Cell 2 (Plastic) = 0.004238
Trial: 685, Time:33.761s
Trial 685: Cell 1 (Static) = 0.004433 | Cell 2 (Plastic) = 0.004251
Trial: 686, Time:32.244s
Trial 686: Cell 1 (Static) = 0.004446 | Cell 2 (Plastic) = 0.004263
Trial: 687, Time:32.036s
Trial 687: Cell 1 (Static) = 0.004459 | Cell 2 (Plastic) = 0.004276
Trial: 688, Time:33.647s
Trial 688: Cell 1 (Static) = 0.004473 | Cell 2 (Plastic) = 0.004289
Trial: 689, Time:34.050s
Trial 689: Cell 1 (Static) = 0.004486 | Cell 2 (Plastic) = 0.004302
Trial: 690, Time:34.260s
Trial 690: Cell 1 (Static) = 0.004500 | Cell 2 (Plastic) = 0.004315
Trial: 691, Time:33.566s
Trial 691: Cell 1 (Static) = 0.004513 | Cell 2 (Plastic) = 0.004328
Trial: 692, Time:34.441s
Trial 692: Cell 1 (Static) = 0.004527 | Cell 2 (Plastic) = 0.004341
Trial: 693, Time:35.076s
Trial 693: Cell 1 (Static) = 0.004540 | Cell 2 (Plastic) = 0.004354
Trial: 694, Time:35.506s
Trial 694: Cell 1 (Static) = 0.004554 | Cell 2 (Plastic) = 0.004367
Trial: 695, Time:35.716s
Trial 695: Cell 1 (Static) = 0.004567 | Cell 2 (Plastic) = 0.004380
Trial: 696, Time:35.051s
Trial 696: Cell 1 (Static) = 0.004581 | Cell 2 (Plastic) = 0.004393
Trial: 697, Time:34.545s
Trial 697: Cell 1 (Static) = 0.004567 | Cell 2 (Plastic) = 0.004406
Trial: 698, Time:35.397s
Trial 698: Cell 1 (Static) = 0.004554 | Cell 2 (Plastic) = 0.004393
Trial: 699, Time:33.711s
Trial 699: Cell 1 (Static) = 0.004540 | Cell 2 (Plastic) = 0.004380
Trial: 700, Time:34.002s
Trial 700: Cell 1 (Static) = 0.004527 | Cell 2 (Plastic) = 0.004367
Trial: 701, Time:33.943s
Trial 701: Cell 1 (Static) = 0.004513 | Cell 2 (Plastic) = 0.004354
Trial: 702, Time:34.965s
Trial 702: Cell 1 (Static) = 0.004500 | Cell 2 (Plastic) = 0.004341
Trial: 703, Time:34.371s
Trial 703: Cell 1 (Static) = 0.004486 | Cell 2 (Plastic) = 0.004328
Trial: 704, Time:34.844s
Trial 704: Cell 1 (Static) = 0.004473 | Cell 2 (Plastic) = 0.004315
Trial: 705, Time:34.483s
Trial 705: Cell 1 (Static) = 0.004459 | Cell 2 (Plastic) = 0.004302
Trial: 706, Time:34.217s
Trial 706: Cell 1 (Static) = 0.004446 | Cell 2 (Plastic) = 0.004289
Trial: 707, Time:34.445s
Trial 707: Cell 1 (Static) = 0.004433 | Cell 2 (Plastic) = 0.004276
Trial: 708, Time:34.182s
Trial 708: Cell 1 (Static) = 0.004419 | Cell 2 (Plastic) = 0.004263
Trial: 709, Time:34.505s
Trial 709: Cell 1 (Static) = 0.004406 | Cell 2 (Plastic) = 0.004276
Trial: 710, Time:34.999s
Trial 710: Cell 1 (Static) = 0.004393 | Cell 2 (Plastic) = 0.004289
Trial: 711, Time:35.714s
Trial 711: Cell 1 (Static) = 0.004380 | Cell 2 (Plastic) = 0.004302
Trial: 712, Time:34.487s
Trial 712: Cell 1 (Static) = 0.004367 | Cell 2 (Plastic) = 0.004315
Trial: 713, Time:36.682s
Trial 713: Cell 1 (Static) = 0.004354 | Cell 2 (Plastic) = 0.004328
Trial: 714, Time:35.424s
Trial 714: Cell 1 (Static) = 0.004341 | Cell 2 (Plastic) = 0.004341
Trial: 715, Time:36.004s
Trial 715: Cell 1 (Static) = 0.004328 | Cell 2 (Plastic) = 0.004354
Trial: 716, Time:35.823s
Trial 716: Cell 1 (Static) = 0.004315 | Cell 2 (Plastic) = 0.004367
Trial: 717, Time:35.198s
Trial 717: Cell 1 (Static) = 0.004302 | Cell 2 (Plastic) = 0.004380
Trial: 718, Time:34.266s
Trial 718: Cell 1 (Static) = 0.004289 | Cell 2 (Plastic) = 0.004393
Trial: 719, Time:34.275s
Trial 719: Cell 1 (Static) = 0.004302 | Cell 2 (Plastic) = 0.004406
Trial: 720, Time:34.352s
Trial 720: Cell 1 (Static) = 0.004315 | Cell 2 (Plastic) = 0.004419
Trial: 721, Time:34.223s
Trial 721: Cell 1 (Static) = 0.004302 | Cell 2 (Plastic) = 0.004406
Trial: 722, Time:33.742s
Trial 722: Cell 1 (Static) = 0.004289 | Cell 2 (Plastic) = 0.004419
Trial: 723, Time:35.144s
Trial 723: Cell 1 (Static) = 0.004276 | Cell 2 (Plastic) = 0.004433
Trial: 724, Time:35.362s
Trial 724: Cell 1 (Static) = 0.004263 | Cell 2 (Plastic) = 0.004446
Trial: 725, Time:36.797s
Trial 725: Cell 1 (Static) = 0.004251 | Cell 2 (Plastic) = 0.004459
Trial: 726, Time:38.084s
Trial 726: Cell 1 (Static) = 0.004238 | Cell 2 (Plastic) = 0.004473
Trial: 727, Time:38.546s
Trial 727: Cell 1 (Static) = 0.004225 | Cell 2 (Plastic) = 0.004486
Trial: 728, Time:37.521s
Trial 728: Cell 1 (Static) = 0.004213 | Cell 2 (Plastic) = 0.004500
Trial: 729, Time:37.560s
Trial 729: Cell 1 (Static) = 0.004200 | Cell 2 (Plastic) = 0.004513
Trial: 730, Time:37.463s
Trial 730: Cell 1 (Static) = 0.004187 | Cell 2 (Plastic) = 0.004527
Trial: 731, Time:36.908s
Trial 731: Cell 1 (Static) = 0.004175 | Cell 2 (Plastic) = 0.004540
Trial: 732, Time:37.295s
Trial 732: Cell 1 (Static) = 0.004162 | Cell 2 (Plastic) = 0.004554
Trial: 733, Time:36.083s
Trial 733: Cell 1 (Static) = 0.004150 | Cell 2 (Plastic) = 0.004567
Trial: 734, Time:35.356s
Trial 734: Cell 1 (Static) = 0.004138 | Cell 2 (Plastic) = 0.004581
Trial: 735, Time:36.206s
Trial 735: Cell 1 (Static) = 0.004125 | Cell 2 (Plastic) = 0.004595
Trial: 736, Time:35.675s
Trial 736: Cell 1 (Static) = 0.004113 | Cell 2 (Plastic) = 0.004581
Trial: 737, Time:34.915s
Trial 737: Cell 1 (Static) = 0.004101 | Cell 2 (Plastic) = 0.004567
Trial: 738, Time:36.233s
Trial 738: Cell 1 (Static) = 0.004088 | Cell 2 (Plastic) = 0.004554
Trial: 739, Time:35.171s
Trial 739: Cell 1 (Static) = 0.004076 | Cell 2 (Plastic) = 0.004540
Trial: 740, Time:35.531s
Trial 740: Cell 1 (Static) = 0.004064 | Cell 2 (Plastic) = 0.004527
Trial: 741, Time:35.278s
Trial 741: Cell 1 (Static) = 0.004052 | Cell 2 (Plastic) = 0.004513
Trial: 742, Time:36.507s
Trial 742: Cell 1 (Static) = 0.004040 | Cell 2 (Plastic) = 0.004500
Trial: 743, Time:37.600s
Trial 743: Cell 1 (Static) = 0.004028 | Cell 2 (Plastic) = 0.004486
Trial: 744, Time:36.973s
Trial 744: Cell 1 (Static) = 0.004015 | Cell 2 (Plastic) = 0.004473
Trial: 745, Time:38.879s
Trial 745: Cell 1 (Static) = 0.004003 | Cell 2 (Plastic) = 0.004459
Trial: 746, Time:38.408s
Trial 746: Cell 1 (Static) = 0.003991 | Cell 2 (Plastic) = 0.004446
Trial: 747, Time:37.889s
Trial 747: Cell 1 (Static) = 0.003980 | Cell 2 (Plastic) = 0.004433
Trial: 748, Time:37.126s
Trial 748: Cell 1 (Static) = 0.003980 | Cell 2 (Plastic) = 0.004419
Trial: 749, Time:36.885s
Trial 749: Cell 1 (Static) = 0.003991 | Cell 2 (Plastic) = 0.004433
Trial: 750, Time:36.825s
Trial 750: Cell 1 (Static) = 0.004003 | Cell 2 (Plastic) = 0.004446
Trial: 751, Time:37.743s
Trial 751: Cell 1 (Static) = 0.004015 | Cell 2 (Plastic) = 0.004433
Trial: 752, Time:38.059s
Trial 752: Cell 1 (Static) = 0.004028 | Cell 2 (Plastic) = 0.004419
Trial: 753, Time:37.718s
Trial 753: Cell 1 (Static) = 0.004040 | Cell 2 (Plastic) = 0.004419
Trial: 754, Time:37.798s
Trial 754: Cell 1 (Static) = 0.004052 | Cell 2 (Plastic) = 0.004433
Trial: 755, Time:35.862s
Trial 755: Cell 1 (Static) = 0.004064 | Cell 2 (Plastic) = 0.004446
Trial: 756, Time:36.914s
Trial 756: Cell 1 (Static) = 0.004076 | Cell 2 (Plastic) = 0.004459
Trial: 757, Time:36.862s
Trial 757: Cell 1 (Static) = 0.004088 | Cell 2 (Plastic) = 0.004473
Trial: 758, Time:35.531s
Trial 758: Cell 1 (Static) = 0.004101 | Cell 2 (Plastic) = 0.004486
Trial: 759, Time:35.173s
Trial 759: Cell 1 (Static) = 0.004113 | Cell 2 (Plastic) = 0.004500
Trial: 760, Time:34.602s
Trial 760: Cell 1 (Static) = 0.004125 | Cell 2 (Plastic) = 0.004513
Trial: 761, Time:34.232s
Trial 761: Cell 1 (Static) = 0.004113 | Cell 2 (Plastic) = 0.004527
Trial: 762, Time:34.185s
Trial 762: Cell 1 (Static) = 0.004125 | Cell 2 (Plastic) = 0.004540
Trial: 763, Time:35.380s
Trial 763: Cell 1 (Static) = 0.004138 | Cell 2 (Plastic) = 0.004554
Trial: 764, Time:36.417s
Trial 764: Cell 1 (Static) = 0.004150 | Cell 2 (Plastic) = 0.004567
Trial: 765, Time:36.529s
Trial 765: Cell 1 (Static) = 0.004162 | Cell 2 (Plastic) = 0.004581
Trial: 766, Time:35.662s
Trial 766: Cell 1 (Static) = 0.004175 | Cell 2 (Plastic) = 0.004595
Trial: 767, Time:36.121s
Trial 767: Cell 1 (Static) = 0.004162 | Cell 2 (Plastic) = 0.004609
Trial: 768, Time:37.369s
Trial 768: Cell 1 (Static) = 0.004175 | Cell 2 (Plastic) = 0.004623
Trial: 769, Time:36.857s
Trial 769: Cell 1 (Static) = 0.004187 | Cell 2 (Plastic) = 0.004636
Trial: 770, Time:35.804s
Trial 770: Cell 1 (Static) = 0.004175 | Cell 2 (Plastic) = 0.004650
Trial: 771, Time:35.680s
Trial 771: Cell 1 (Static) = 0.004162 | Cell 2 (Plastic) = 0.004664
Trial: 772, Time:35.487s
Trial 772: Cell 1 (Static) = 0.004150 | Cell 2 (Plastic) = 0.004678
Trial: 773, Time:36.452s
Trial 773: Cell 1 (Static) = 0.004138 | Cell 2 (Plastic) = 0.004692
Trial: 774, Time:37.399s
Trial 774: Cell 1 (Static) = 0.004150 | Cell 2 (Plastic) = 0.004706
Trial: 775, Time:36.303s
Trial 775: Cell 1 (Static) = 0.004162 | Cell 2 (Plastic) = 0.004720
Trial: 776, Time:35.878s
Trial 776: Cell 1 (Static) = 0.004175 | Cell 2 (Plastic) = 0.004735
Trial: 777, Time:35.706s
Trial 777: Cell 1 (Static) = 0.004187 | Cell 2 (Plastic) = 0.004749
Trial: 778, Time:35.437s
Trial 778: Cell 1 (Static) = 0.004175 | Cell 2 (Plastic) = 0.004763
Trial: 779, Time:35.788s
Trial 779: Cell 1 (Static) = 0.004162 | Cell 2 (Plastic) = 0.004777
Trial: 780, Time:35.081s
Trial 780: Cell 1 (Static) = 0.004150 | Cell 2 (Plastic) = 0.004792
Trial: 781, Time:34.602s
Trial 781: Cell 1 (Static) = 0.004162 | Cell 2 (Plastic) = 0.004806
Trial: 782, Time:892.255s
Trial 782: Cell 1 (Static) = 0.004150 | Cell 2 (Plastic) = 0.004821
Trial: 783, Time:959.476s
Trial 783: Cell 1 (Static) = 0.004138 | Cell 2 (Plastic) = 0.004835
Trial: 784, Time:4366.137s
Trial 784: Cell 1 (Static) = 0.004125 | Cell 2 (Plastic) = 0.004821
Trial: 785, Time:32.749s
Trial 785: Cell 1 (Static) = 0.004113 | Cell 2 (Plastic) = 0.004806
Trial: 786, Time:31.306s
Trial 786: Cell 1 (Static) = 0.004125 | Cell 2 (Plastic) = 0.004792
Trial: 787, Time:31.778s
Trial 787: Cell 1 (Static) = 0.004113 | Cell 2 (Plastic) = 0.004777
Trial: 788, Time:33.288s
Trial 788: Cell 1 (Static) = 0.004125 | Cell 2 (Plastic) = 0.004763
Trial: 789, Time:33.312s
Trial 789: Cell 1 (Static) = 0.004138 | Cell 2 (Plastic) = 0.004749
Trial: 790, Time:34.334s
Trial 790: Cell 1 (Static) = 0.004125 | Cell 2 (Plastic) = 0.004735
Trial: 791, Time:34.390s
Trial 791: Cell 1 (Static) = 0.004113 | Cell 2 (Plastic) = 0.004720
Trial: 792, Time:34.468s
Trial 792: Cell 1 (Static) = 0.004125 | Cell 2 (Plastic) = 0.004706
Trial: 793, Time:34.403s
Trial 793: Cell 1 (Static) = 0.004113 | Cell 2 (Plastic) = 0.004692
Trial: 794, Time:34.397s
Trial 794: Cell 1 (Static) = 0.004101 | Cell 2 (Plastic) = 0.004678
Trial: 795, Time:34.354s
Trial 795: Cell 1 (Static) = 0.004088 | Cell 2 (Plastic) = 0.004664
Trial: 796, Time:33.531s
Trial 796: Cell 1 (Static) = 0.004101 | Cell 2 (Plastic) = 0.004650
Trial: 797, Time:33.497s
Trial 797: Cell 1 (Static) = 0.004113 | Cell 2 (Plastic) = 0.004636
Trial: 798, Time:33.118s
Trial 798: Cell 1 (Static) = 0.004125 | Cell 2 (Plastic) = 0.004623
Trial: 799, Time:32.609s
Trial 799: Cell 1 (Static) = 0.004138 | Cell 2 (Plastic) = 0.004609
Trial: 800, Time:32.178s
Trial 800: Cell 1 (Static) = 0.004150 | Cell 2 (Plastic) = 0.004595
Trial: 801, Time:33.344s
Trial 801: Cell 1 (Static) = 0.004162 | Cell 2 (Plastic) = 0.004581
Trial: 802, Time:33.337s
Trial 802: Cell 1 (Static) = 0.004150 | Cell 2 (Plastic) = 0.004567
Trial: 803, Time:33.199s
Trial 803: Cell 1 (Static) = 0.004162 | Cell 2 (Plastic) = 0.004554
Trial: 804, Time:32.203s
Trial 804: Cell 1 (Static) = 0.004150 | Cell 2 (Plastic) = 0.004540
Trial: 805, Time:31.484s
Trial 805: Cell 1 (Static) = 0.004162 | Cell 2 (Plastic) = 0.004527
Trial: 806, Time:31.315s
Trial 806: Cell 1 (Static) = 0.004175 | Cell 2 (Plastic) = 0.004513
Trial: 807, Time:31.912s
Trial 807: Cell 1 (Static) = 0.004187 | Cell 2 (Plastic) = 0.004500
Trial: 808, Time:32.551s
Trial 808: Cell 1 (Static) = 0.004200 | Cell 2 (Plastic) = 0.004513
Trial: 809, Time:32.066s
Trial 809: Cell 1 (Static) = 0.004187 | Cell 2 (Plastic) = 0.004527
Trial: 810, Time:33.229s
Trial 810: Cell 1 (Static) = 0.004200 | Cell 2 (Plastic) = 0.004540
Trial: 811, Time:33.498s
Trial 811: Cell 1 (Static) = 0.004213 | Cell 2 (Plastic) = 0.004554
Trial: 812, Time:34.348s
Trial 812: Cell 1 (Static) = 0.004200 | Cell 2 (Plastic) = 0.004567
Trial: 813, Time:33.628s
Trial 813: Cell 1 (Static) = 0.004213 | Cell 2 (Plastic) = 0.004581
Trial: 814, Time:33.704s
Trial 814: Cell 1 (Static) = 0.004225 | Cell 2 (Plastic) = 0.004595
Trial: 815, Time:33.623s
Trial 815: Cell 1 (Static) = 0.004213 | Cell 2 (Plastic) = 0.004609
Trial: 816, Time:32.570s
Trial 816: Cell 1 (Static) = 0.004200 | Cell 2 (Plastic) = 0.004623
Trial: 817, Time:32.700s
Trial 817: Cell 1 (Static) = 0.004213 | Cell 2 (Plastic) = 0.004636
Trial: 818, Time:33.677s
Trial 818: Cell 1 (Static) = 0.004225 | Cell 2 (Plastic) = 0.004650
Trial: 819, Time:34.351s
Trial 819: Cell 1 (Static) = 0.004213 | Cell 2 (Plastic) = 0.004664
Trial: 820, Time:34.026s
Trial 820: Cell 1 (Static) = 0.004225 | Cell 2 (Plastic) = 0.004678
Trial: 821, Time:33.643s
Trial 821: Cell 1 (Static) = 0.004238 | Cell 2 (Plastic) = 0.004692
Trial: 822, Time:33.690s
Trial 822: Cell 1 (Static) = 0.004251 | Cell 2 (Plastic) = 0.004706
Trial: 823, Time:34.161s
Trial 823: Cell 1 (Static) = 0.004263 | Cell 2 (Plastic) = 0.004720
Trial: 824, Time:33.902s
Trial 824: Cell 1 (Static) = 0.004251 | Cell 2 (Plastic) = 0.004735
Trial: 825, Time:34.150s
Trial 825: Cell 1 (Static) = 0.004263 | Cell 2 (Plastic) = 0.004749
Trial: 826, Time:34.335s
Trial 826: Cell 1 (Static) = 0.004251 | Cell 2 (Plastic) = 0.004735
Trial: 827, Time:34.281s
Trial 827: Cell 1 (Static) = 0.004263 | Cell 2 (Plastic) = 0.004720
Trial: 828, Time:34.729s
Trial 828: Cell 1 (Static) = 0.004251 | Cell 2 (Plastic) = 0.004735
Trial: 829, Time:33.093s
Trial 829: Cell 1 (Static) = 0.004263 | Cell 2 (Plastic) = 0.004749
Trial: 830, Time:34.396s
Trial 830: Cell 1 (Static) = 0.004251 | Cell 2 (Plastic) = 0.004735
Trial: 831, Time:35.112s
Trial 831: Cell 1 (Static) = 0.004238 | Cell 2 (Plastic) = 0.004720
Trial: 832, Time:34.075s
Trial 832: Cell 1 (Static) = 0.004225 | Cell 2 (Plastic) = 0.004706
Trial: 833, Time:33.827s
Trial 833: Cell 1 (Static) = 0.004213 | Cell 2 (Plastic) = 0.004692
Trial: 834, Time:32.808s
Trial 834: Cell 1 (Static) = 0.004225 | Cell 2 (Plastic) = 0.004678
Trial: 835, Time:32.428s
Trial 835: Cell 1 (Static) = 0.004238 | Cell 2 (Plastic) = 0.004664
Trial: 836, Time:31.985s
Trial 836: Cell 1 (Static) = 0.004251 | Cell 2 (Plastic) = 0.004650
Trial: 837, Time:32.670s
Trial 837: Cell 1 (Static) = 0.004263 | Cell 2 (Plastic) = 0.004636
Trial: 838, Time:33.586s
Trial 838: Cell 1 (Static) = 0.004276 | Cell 2 (Plastic) = 0.004623
Trial: 839, Time:33.529s
Trial 839: Cell 1 (Static) = 0.004289 | Cell 2 (Plastic) = 0.004609
Trial: 840, Time:32.402s
Trial 840: Cell 1 (Static) = 0.004302 | Cell 2 (Plastic) = 0.004595
Trial: 841, Time:33.607s
Trial 841: Cell 1 (Static) = 0.004315 | Cell 2 (Plastic) = 0.004581
Trial: 842, Time:34.436s
Trial 842: Cell 1 (Static) = 0.004328 | Cell 2 (Plastic) = 0.004595
Trial: 843, Time:33.197s
Trial 843: Cell 1 (Static) = 0.004341 | Cell 2 (Plastic) = 0.004581
Trial: 844, Time:33.968s
Trial 844: Cell 1 (Static) = 0.004328 | Cell 2 (Plastic) = 0.004581
Trial: 845, Time:33.753s
Trial 845: Cell 1 (Static) = 0.004341 | Cell 2 (Plastic) = 0.004595
Trial: 846, Time:34.496s
Trial 846: Cell 1 (Static) = 0.004354 | Cell 2 (Plastic) = 0.004609
Trial: 847, Time:34.087s
Trial 847: Cell 1 (Static) = 0.004367 | Cell 2 (Plastic) = 0.004595
Trial: 848, Time:33.782s
Trial 848: Cell 1 (Static) = 0.004380 | Cell 2 (Plastic) = 0.004581
Trial: 849, Time:34.151s
Trial 849: Cell 1 (Static) = 0.004367 | Cell 2 (Plastic) = 0.004567
Trial: 850, Time:35.097s
Trial 850: Cell 1 (Static) = 0.004380 | Cell 2 (Plastic) = 0.004554
Trial: 851, Time:35.788s
Trial 851: Cell 1 (Static) = 0.004393 | Cell 2 (Plastic) = 0.004540
Trial: 852, Time:35.300s
Trial 852: Cell 1 (Static) = 0.004406 | Cell 2 (Plastic) = 0.004527
Trial: 853, Time:34.985s
Trial 853: Cell 1 (Static) = 0.004419 | Cell 2 (Plastic) = 0.004513
Trial: 854, Time:34.427s
Trial 854: Cell 1 (Static) = 0.004433 | Cell 2 (Plastic) = 0.004500
Trial: 855, Time:35.047s
Trial 855: Cell 1 (Static) = 0.004446 | Cell 2 (Plastic) = 0.004486
Trial: 856, Time:35.466s
Trial 856: Cell 1 (Static) = 0.004459 | Cell 2 (Plastic) = 0.004473
Trial: 857, Time:36.309s
Trial 857: Cell 1 (Static) = 0.004473 | Cell 2 (Plastic) = 0.004459
Trial: 858, Time:36.164s
Trial 858: Cell 1 (Static) = 0.004459 | Cell 2 (Plastic) = 0.004446
Trial: 859, Time:35.272s
Trial 859: Cell 1 (Static) = 0.004446 | Cell 2 (Plastic) = 0.004433
Trial: 860, Time:35.985s
Trial 860: Cell 1 (Static) = 0.004433 | Cell 2 (Plastic) = 0.004419
Trial: 861, Time:36.594s
Trial 861: Cell 1 (Static) = 0.004419 | Cell 2 (Plastic) = 0.004406
Trial: 862, Time:35.767s
Trial 862: Cell 1 (Static) = 0.004406 | Cell 2 (Plastic) = 0.004393
Trial: 863, Time:36.796s
Trial 863: Cell 1 (Static) = 0.004419 | Cell 2 (Plastic) = 0.004380
Trial: 864, Time:35.722s
Trial 864: Cell 1 (Static) = 0.004433 | Cell 2 (Plastic) = 0.004367
Trial: 865, Time:35.114s
Trial 865: Cell 1 (Static) = 0.004446 | Cell 2 (Plastic) = 0.004354
Trial: 866, Time:35.420s
Trial 866: Cell 1 (Static) = 0.004459 | Cell 2 (Plastic) = 0.004341
Trial: 867, Time:35.737s
Trial 867: Cell 1 (Static) = 0.004473 | Cell 2 (Plastic) = 0.004328
Trial: 868, Time:34.986s
Trial 868: Cell 1 (Static) = 0.004486 | Cell 2 (Plastic) = 0.004315
Trial: 869, Time:35.275s
Trial 869: Cell 1 (Static) = 0.004500 | Cell 2 (Plastic) = 0.004302
Trial: 870, Time:34.545s
Trial 870: Cell 1 (Static) = 0.004513 | Cell 2 (Plastic) = 0.004289
Trial: 871, Time:34.376s
Trial 871: Cell 1 (Static) = 0.004527 | Cell 2 (Plastic) = 0.004276
Trial: 872, Time:34.771s
Trial 872: Cell 1 (Static) = 0.004513 | Cell 2 (Plastic) = 0.004289
Trial: 873, Time:35.246s
Trial 873: Cell 1 (Static) = 0.004527 | Cell 2 (Plastic) = 0.004302
Trial: 874, Time:34.508s
Trial 874: Cell 1 (Static) = 0.004513 | Cell 2 (Plastic) = 0.004315
Trial: 875, Time:35.913s
Trial 875: Cell 1 (Static) = 0.004527 | Cell 2 (Plastic) = 0.004302
Trial: 876, Time:36.414s
Trial 876: Cell 1 (Static) = 0.004540 | Cell 2 (Plastic) = 0.004289
Trial: 877, Time:35.846s
Trial 877: Cell 1 (Static) = 0.004554 | Cell 2 (Plastic) = 0.004302
Trial: 878, Time:34.235s
Trial 878: Cell 1 (Static) = 0.004540 | Cell 2 (Plastic) = 0.004315
Trial: 879, Time:34.731s
Trial 879: Cell 1 (Static) = 0.004554 | Cell 2 (Plastic) = 0.004328
Trial: 880, Time:34.996s
Trial 880: Cell 1 (Static) = 0.004567 | Cell 2 (Plastic) = 0.004341
Trial: 881, Time:34.192s
Trial 881: Cell 1 (Static) = 0.004581 | Cell 2 (Plastic) = 0.004354
Trial: 882, Time:34.908s
Trial 882: Cell 1 (Static) = 0.004595 | Cell 2 (Plastic) = 0.004367
Trial: 883, Time:33.661s
Trial 883: Cell 1 (Static) = 0.004581 | Cell 2 (Plastic) = 0.004380
Trial: 884, Time:32.691s
Trial 884: Cell 1 (Static) = 0.004567 | Cell 2 (Plastic) = 0.004393
Trial: 885, Time:32.883s
Trial 885: Cell 1 (Static) = 0.004581 | Cell 2 (Plastic) = 0.004406
Trial: 886, Time:32.390s
Trial 886: Cell 1 (Static) = 0.004595 | Cell 2 (Plastic) = 0.004419
Trial: 887, Time:32.490s
Trial 887: Cell 1 (Static) = 0.004609 | Cell 2 (Plastic) = 0.004433
Trial: 888, Time:32.467s
Trial 888: Cell 1 (Static) = 0.004623 | Cell 2 (Plastic) = 0.004446
Trial: 889, Time:31.668s
Trial 889: Cell 1 (Static) = 0.004636 | Cell 2 (Plastic) = 0.004459
Trial: 890, Time:32.098s
Trial 890: Cell 1 (Static) = 0.004650 | Cell 2 (Plastic) = 0.004473
Trial: 891, Time:33.010s
Trial 891: Cell 1 (Static) = 0.004636 | Cell 2 (Plastic) = 0.004459
Trial: 892, Time:32.705s
Trial 892: Cell 1 (Static) = 0.004650 | Cell 2 (Plastic) = 0.004446
Trial: 893, Time:32.455s
Trial 893: Cell 1 (Static) = 0.004664 | Cell 2 (Plastic) = 0.004433
Trial: 894, Time:34.439s
Trial 894: Cell 1 (Static) = 0.004678 | Cell 2 (Plastic) = 0.004419
Trial: 895, Time:34.373s
Trial 895: Cell 1 (Static) = 0.004692 | Cell 2 (Plastic) = 0.004406
Trial: 896, Time:35.252s
Trial 896: Cell 1 (Static) = 0.004706 | Cell 2 (Plastic) = 0.004393
Trial: 897, Time:34.661s
Trial 897: Cell 1 (Static) = 0.004720 | Cell 2 (Plastic) = 0.004380
Trial: 898, Time:34.673s
Trial 898: Cell 1 (Static) = 0.004735 | Cell 2 (Plastic) = 0.004367
Trial: 899, Time:35.470s
Trial 899: Cell 1 (Static) = 0.004749 | Cell 2 (Plastic) = 0.004354
Trial: 900, Time:34.691s
Trial 900: Cell 1 (Static) = 0.004763 | Cell 2 (Plastic) = 0.004341
Trial: 901, Time:33.855s
Trial 901: Cell 1 (Static) = 0.004777 | Cell 2 (Plastic) = 0.004328
Trial: 902, Time:32.555s
Trial 902: Cell 1 (Static) = 0.004792 | Cell 2 (Plastic) = 0.004315
Trial: 903, Time:32.256s
Trial 903: Cell 1 (Static) = 0.004777 | Cell 2 (Plastic) = 0.004302
Trial: 904, Time:31.983s
Trial 904: Cell 1 (Static) = 0.004763 | Cell 2 (Plastic) = 0.004315
Trial: 905, Time:33.587s
Trial 905: Cell 1 (Static) = 0.004749 | Cell 2 (Plastic) = 0.004328
Trial: 906, Time:32.856s
Trial 906: Cell 1 (Static) = 0.004735 | Cell 2 (Plastic) = 0.004341
Trial: 907, Time:33.322s
Trial 907: Cell 1 (Static) = 0.004720 | Cell 2 (Plastic) = 0.004354
Trial: 908, Time:33.776s
Trial 908: Cell 1 (Static) = 0.004706 | Cell 2 (Plastic) = 0.004367
Trial: 909, Time:33.810s
Trial 909: Cell 1 (Static) = 0.004692 | Cell 2 (Plastic) = 0.004380
Trial: 910, Time:33.469s
Trial 910: Cell 1 (Static) = 0.004678 | Cell 2 (Plastic) = 0.004393
Trial: 911, Time:33.651s
Trial 911: Cell 1 (Static) = 0.004664 | Cell 2 (Plastic) = 0.004406
Trial: 912, Time:33.242s
Trial 912: Cell 1 (Static) = 0.004650 | Cell 2 (Plastic) = 0.004419
Trial: 913, Time:32.378s
Trial 913: Cell 1 (Static) = 0.004636 | Cell 2 (Plastic) = 0.004433
Trial: 914, Time:32.931s
Trial 914: Cell 1 (Static) = 0.004623 | Cell 2 (Plastic) = 0.004419
Trial: 915, Time:33.814s
Trial 915: Cell 1 (Static) = 0.004609 | Cell 2 (Plastic) = 0.004406
Trial: 916, Time:34.738s
Trial 916: Cell 1 (Static) = 0.004595 | Cell 2 (Plastic) = 0.004393
Trial: 917, Time:35.161s
Trial 917: Cell 1 (Static) = 0.004581 | Cell 2 (Plastic) = 0.004380
Trial: 918, Time:34.464s
Trial 918: Cell 1 (Static) = 0.004567 | Cell 2 (Plastic) = 0.004393
Trial: 919, Time:34.631s
Trial 919: Cell 1 (Static) = 0.004581 | Cell 2 (Plastic) = 0.004406
Trial: 920, Time:35.426s
Trial 920: Cell 1 (Static) = 0.004567 | Cell 2 (Plastic) = 0.004419
Trial: 921, Time:34.545s
Trial 921: Cell 1 (Static) = 0.004581 | Cell 2 (Plastic) = 0.004433
Trial: 922, Time:34.251s
Trial 922: Cell 1 (Static) = 0.004595 | Cell 2 (Plastic) = 0.004446
Trial: 923, Time:34.694s
Trial 923: Cell 1 (Static) = 0.004581 | Cell 2 (Plastic) = 0.004459
Trial: 924, Time:34.451s
Trial 924: Cell 1 (Static) = 0.004567 | Cell 2 (Plastic) = 0.004473
Trial: 925, Time:33.249s
Trial 925: Cell 1 (Static) = 0.004581 | Cell 2 (Plastic) = 0.004486
Trial: 926, Time:34.434s
Trial 926: Cell 1 (Static) = 0.004567 | Cell 2 (Plastic) = 0.004500
Trial: 927, Time:33.715s
Trial 927: Cell 1 (Static) = 0.004554 | Cell 2 (Plastic) = 0.004513
Trial: 928, Time:33.907s
Trial 928: Cell 1 (Static) = 0.004540 | Cell 2 (Plastic) = 0.004527
Trial: 929, Time:32.662s
Trial 929: Cell 1 (Static) = 0.004527 | Cell 2 (Plastic) = 0.004540
Trial: 930, Time:33.549s
Trial 930: Cell 1 (Static) = 0.004513 | Cell 2 (Plastic) = 0.004554
Trial: 931, Time:34.667s
Trial 931: Cell 1 (Static) = 0.004500 | Cell 2 (Plastic) = 0.004567
Trial: 932, Time:33.817s
Trial 932: Cell 1 (Static) = 0.004486 | Cell 2 (Plastic) = 0.004581
Trial: 933, Time:33.972s
Trial 933: Cell 1 (Static) = 0.004473 | Cell 2 (Plastic) = 0.004595
Trial: 934, Time:34.143s
Trial 934: Cell 1 (Static) = 0.004459 | Cell 2 (Plastic) = 0.004581
Trial: 935, Time:34.859s
Trial 935: Cell 1 (Static) = 0.004446 | Cell 2 (Plastic) = 0.004567
Trial: 936, Time:35.975s
Trial 936: Cell 1 (Static) = 0.004433 | Cell 2 (Plastic) = 0.004581
Trial: 937, Time:35.637s
Trial 937: Cell 1 (Static) = 0.004419 | Cell 2 (Plastic) = 0.004567
Trial: 938, Time:35.744s
Trial 938: Cell 1 (Static) = 0.004406 | Cell 2 (Plastic) = 0.004554
Trial: 939, Time:34.827s
Trial 939: Cell 1 (Static) = 0.004393 | Cell 2 (Plastic) = 0.004540
Trial: 940, Time:35.823s
Trial 940: Cell 1 (Static) = 0.004380 | Cell 2 (Plastic) = 0.004527
Trial: 941, Time:36.320s
Trial 941: Cell 1 (Static) = 0.004367 | Cell 2 (Plastic) = 0.004513
Trial: 942, Time:36.638s
Trial 942: Cell 1 (Static) = 0.004354 | Cell 2 (Plastic) = 0.004500
Trial: 943, Time:35.074s
Trial 943: Cell 1 (Static) = 0.004341 | Cell 2 (Plastic) = 0.004486
Trial: 944, Time:34.587s
Trial 944: Cell 1 (Static) = 0.004328 | Cell 2 (Plastic) = 0.004473
Trial: 945, Time:34.208s
Trial 945: Cell 1 (Static) = 0.004315 | Cell 2 (Plastic) = 0.004459
Trial: 946, Time:35.182s
Trial 946: Cell 1 (Static) = 0.004302 | Cell 2 (Plastic) = 0.004446
Trial: 947, Time:35.000s
Trial 947: Cell 1 (Static) = 0.004289 | Cell 2 (Plastic) = 0.004433
Trial: 948, Time:35.002s
Trial 948: Cell 1 (Static) = 0.004276 | Cell 2 (Plastic) = 0.004419
Trial: 949, Time:35.223s
Trial 949: Cell 1 (Static) = 0.004289 | Cell 2 (Plastic) = 0.004406
Trial: 950, Time:32.774s
Trial 950: Cell 1 (Static) = 0.004276 | Cell 2 (Plastic) = 0.004419
Trial: 951, Time:31.528s
Trial 951: Cell 1 (Static) = 0.004263 | Cell 2 (Plastic) = 0.004433
Trial: 952, Time:31.810s
Trial 952: Cell 1 (Static) = 0.004251 | Cell 2 (Plastic) = 0.004446
Trial: 953, Time:33.478s
Trial 953: Cell 1 (Static) = 0.004238 | Cell 2 (Plastic) = 0.004433
Trial: 954, Time:32.010s
Trial 954: Cell 1 (Static) = 0.004225 | Cell 2 (Plastic) = 0.004419
Trial: 955, Time:32.952s
Trial 955: Cell 1 (Static) = 0.004213 | Cell 2 (Plastic) = 0.004406
Trial: 956, Time:33.276s
Trial 956: Cell 1 (Static) = 0.004200 | Cell 2 (Plastic) = 0.004393
Trial: 957, Time:33.602s
Trial 957: Cell 1 (Static) = 0.004187 | Cell 2 (Plastic) = 0.004380
Trial: 958, Time:34.202s
Trial 958: Cell 1 (Static) = 0.004175 | Cell 2 (Plastic) = 0.004367
Trial: 959, Time:34.642s
Trial 959: Cell 1 (Static) = 0.004162 | Cell 2 (Plastic) = 0.004354
Trial: 960, Time:33.928s
Trial 960: Cell 1 (Static) = 0.004175 | Cell 2 (Plastic) = 0.004341
Trial: 961, Time:33.293s
Trial 961: Cell 1 (Static) = 0.004187 | Cell 2 (Plastic) = 0.004328
Trial: 962, Time:32.959s
Trial 962: Cell 1 (Static) = 0.004200 | Cell 2 (Plastic) = 0.004341
Trial: 963, Time:33.065s
Trial 963: Cell 1 (Static) = 0.004213 | Cell 2 (Plastic) = 0.004354
Trial: 964, Time:34.095s
Trial 964: Cell 1 (Static) = 0.004225 | Cell 2 (Plastic) = 0.004341
Trial: 965, Time:35.418s
Trial 965: Cell 1 (Static) = 0.004238 | Cell 2 (Plastic) = 0.004341
Trial: 966, Time:34.858s
Trial 966: Cell 1 (Static) = 0.004251 | Cell 2 (Plastic) = 0.004328
Trial: 967, Time:34.902s
Trial 967: Cell 1 (Static) = 0.004263 | Cell 2 (Plastic) = 0.004315
Trial: 968, Time:34.664s
Trial 968: Cell 1 (Static) = 0.004276 | Cell 2 (Plastic) = 0.004302
Trial: 969, Time:34.603s
Trial 969: Cell 1 (Static) = 0.004289 | Cell 2 (Plastic) = 0.004289
Trial: 970, Time:35.121s
Trial 970: Cell 1 (Static) = 0.004302 | Cell 2 (Plastic) = 0.004276
Trial: 971, Time:34.945s
Trial 971: Cell 1 (Static) = 0.004315 | Cell 2 (Plastic) = 0.004263
Trial: 972, Time:35.560s
Trial 972: Cell 1 (Static) = 0.004328 | Cell 2 (Plastic) = 0.004251
Trial: 973, Time:35.955s
Trial 973: Cell 1 (Static) = 0.004341 | Cell 2 (Plastic) = 0.004238
Trial: 974, Time:35.919s
Trial 974: Cell 1 (Static) = 0.004354 | Cell 2 (Plastic) = 0.004225
Trial: 975, Time:36.659s
Trial 975: Cell 1 (Static) = 0.004341 | Cell 2 (Plastic) = 0.004213
Trial: 976, Time:35.702s
Trial 976: Cell 1 (Static) = 0.004354 | Cell 2 (Plastic) = 0.004200
Trial: 977, Time:35.525s
Trial 977: Cell 1 (Static) = 0.004367 | Cell 2 (Plastic) = 0.004187
Trial: 978, Time:35.295s
Trial 978: Cell 1 (Static) = 0.004380 | Cell 2 (Plastic) = 0.004175
Trial: 979, Time:34.972s
Trial 979: Cell 1 (Static) = 0.004367 | Cell 2 (Plastic) = 0.004162
Trial: 980, Time:34.996s
Trial 980: Cell 1 (Static) = 0.004354 | Cell 2 (Plastic) = 0.004150
Trial: 981, Time:34.529s
Trial 981: Cell 1 (Static) = 0.004367 | Cell 2 (Plastic) = 0.004138
Trial: 982, Time:34.918s
Trial 982: Cell 1 (Static) = 0.004380 | Cell 2 (Plastic) = 0.004150
Trial: 983, Time:33.176s
Trial 983: Cell 1 (Static) = 0.004367 | Cell 2 (Plastic) = 0.004162
Trial: 984, Time:34.247s
Trial 984: Cell 1 (Static) = 0.004380 | Cell 2 (Plastic) = 0.004175
Trial: 985, Time:33.740s
Trial 985: Cell 1 (Static) = 0.004393 | Cell 2 (Plastic) = 0.004187
Trial: 986, Time:33.303s
Trial 986: Cell 1 (Static) = 0.004406 | Cell 2 (Plastic) = 0.004175
Trial: 987, Time:33.688s
Trial 987: Cell 1 (Static) = 0.004419 | Cell 2 (Plastic) = 0.004162
Trial: 988, Time:35.190s
Trial 988: Cell 1 (Static) = 0.004433 | Cell 2 (Plastic) = 0.004150
Trial: 989, Time:35.101s
Trial 989: Cell 1 (Static) = 0.004446 | Cell 2 (Plastic) = 0.004138
Trial: 990, Time:35.020s
Trial 990: Cell 1 (Static) = 0.004459 | Cell 2 (Plastic) = 0.004125
Trial: 991, Time:35.883s
Trial 991: Cell 1 (Static) = 0.004473 | Cell 2 (Plastic) = 0.004113
Trial: 992, Time:35.786s
Trial 992: Cell 1 (Static) = 0.004486 | Cell 2 (Plastic) = 0.004101
Trial: 993, Time:36.021s
Trial 993: Cell 1 (Static) = 0.004500 | Cell 2 (Plastic) = 0.004088
Trial: 994, Time:35.527s
Trial 994: Cell 1 (Static) = 0.004513 | Cell 2 (Plastic) = 0.004076
Trial: 995, Time:34.633s
Trial 995: Cell 1 (Static) = 0.004527 | Cell 2 (Plastic) = 0.004064
Trial: 996, Time:35.311s
Trial 996: Cell 1 (Static) = 0.004540 | Cell 2 (Plastic) = 0.004052
Trial: 997, Time:33.845s
Trial 997: Cell 1 (Static) = 0.004527 | Cell 2 (Plastic) = 0.004040
Trial: 998, Time:32.944s
Trial 998: Cell 1 (Static) = 0.004513 | Cell 2 (Plastic) = 0.004028
Trial: 999, Time:33.772s
Trial 999: Cell 1 (Static) = 0.004500 | Cell 2 (Plastic) = 0.004015
Trial: 1000, Time:34.286s
Raster array saved to '/home/data/einez/homeostat_SS/MFGoGr_SS_shuffleMF10percent_noCS_noGoGo_nogrGo_mfgoplast_allcell_1000_trial/MFGoGr_SS_shuffleMF10percent_noCS_noGoGo_nogrGo_mfgoplast_allcell_1000_trial_GOrasters.npy'
Raster array saved to '/home/data/einez/homeostat_SS/MFGoGr_SS_shuffleMF10percent_noCS_noGoGo_nogrGo_mfgoplast_allcell_1000_trial/MFGoGr_SS_shuffleMF10percent_noCS_noGoGo_nogrGo_mfgoplast_allcell_1000_trial_gogoW.npy'
Raster array saved to '/home/data/einez/homeostat_SS/MFGoGr_SS_shuffleMF10percent_noCS_noGoGo_nogrGo_mfgoplast_allcell_1000_trial/MFGoGr_SS_shuffleMF10percent_noCS_noGoGo_nogrGo_mfgoplast_allcell_1000_trial_grgoW.npy'
Raster array saved to '/home/data/einez/homeostat_SS/MFGoGr_SS_shuffleMF10percent_noCS_noGoGo_nogrGo_mfgoplast_allcell_1000_trial/MFGoGr_SS_shuffleMF10percent_noCS_noGoGo_nogrGo_mfgoplast_allcell_1000_trial_mfgoW.npy'
