nohup: ignoring input
Starting Session for GoGo Conv: 25 W: 0.05 ...
Initializing objects...
Objects initialized.
Loading connectivity arrays...
MFGO Connectivity Array Loaded.
MFGR Connectivity Array Loaded.
GOGR Connectivity Array Loaded.
GRGO Connectivity Array Loaded.
GOGO Connectivity Array Loaded.
Connectivity Arrays Loaded
40212344
Trial: 1, Time:220.400s
42046581
Trial: 2, Time:227.819s
41115245
Trial: 3, Time:224.559s
40425835
Trial: 4, Time:221.526s
41782239
Trial: 5, Time:227.315s
42145117
Trial: 6, Time:228.693s
41020329
Trial: 7, Time:223.509s
40543663
Trial: 8, Time:221.856s
39641179
Trial: 9, Time:217.522s
39738633
Trial: 10, Time:219.929s
39510606
Trial: 11, Time:217.899s
38529367
Trial: 12, Time:213.859s
38644435
Trial: 13, Time:213.994s
38797381
Trial: 14, Time:215.359s
38874163
Trial: 15, Time:214.857s
39632788
Trial: 16, Time:218.020s
39608818
Trial: 17, Time:217.904s
39477397
Trial: 18, Time:216.928s
39771612
Trial: 19, Time:218.033s
40116733
Trial: 20, Time:219.382s
39844286
Trial: 21, Time:217.316s
38974528
Trial: 22, Time:213.725s
40660640
Trial: 23, Time:219.260s
40077577
Trial: 24, Time:216.702s
39588878
Trial: 25, Time:215.166s
39908859
Trial: 26, Time:216.686s
40212371
Trial: 27, Time:221.101s
40946350
Trial: 28, Time:223.408s
41507877
Trial: 29, Time:225.831s
40827573
Trial: 30, Time:222.999s
39661364
Trial: 31, Time:218.275s
39705206
Trial: 32, Time:217.740s
40701863
Trial: 33, Time:220.239s
40602459
Trial: 34, Time:220.830s
40811730
Trial: 35, Time:221.389s
42390233
Trial: 36, Time:228.199s
41506342
Trial: 37, Time:224.625s
41633016
Trial: 38, Time:223.477s
42270541
Trial: 39, Time:224.446s
41918875
Trial: 40, Time:224.280s
42068122
Trial: 41, Time:225.573s
42224517
Trial: 42, Time:225.790s
41727730
Trial: 43, Time:223.591s
41502826
Trial: 44, Time:223.445s
41430125
Trial: 45, Time:223.097s
41598120
Trial: 46, Time:223.415s
41687118
Trial: 47, Time:223.982s
41350102
Trial: 48, Time:224.201s
41510471
Trial: 49, Time:224.602s
42396570
Trial: 50, Time:227.722s
41688576
Trial: 51, Time:225.851s
42502081
Trial: 52, Time:228.534s
42372080
Trial: 53, Time:227.324s
41956227
Trial: 54, Time:225.487s
42268411
Trial: 55, Time:229.570s
42466586
Trial: 56, Time:230.140s
43594575
Trial: 57, Time:236.185s
42902013
Trial: 58, Time:233.234s
43698409
Trial: 59, Time:237.621s
43765733
Trial: 60, Time:239.279s
44532132
Trial: 61, Time:241.914s
44671114
Trial: 62, Time:241.790s
44583121
Trial: 63, Time:241.502s
43571117
Trial: 64, Time:237.000s
43366642
Trial: 65, Time:235.443s
43739226
Trial: 66, Time:237.510s
43336880
Trial: 67, Time:235.811s
43315221
Trial: 68, Time:235.806s
43305361
Trial: 69, Time:236.488s
43125591
Trial: 70, Time:234.906s
42528442
Trial: 71, Time:232.844s
42267066
Trial: 72, Time:228.990s
40740680
Trial: 73, Time:221.957s
40931130
Trial: 74, Time:224.005s
39883091
Trial: 75, Time:221.218s
39975517
Trial: 76, Time:221.938s
39686569
Trial: 77, Time:221.252s
39479523
Trial: 78, Time:220.080s
40524674
Trial: 79, Time:224.870s
41162725
Trial: 80, Time:228.193s
41610056
Trial: 81, Time:230.605s
41386880
Trial: 82, Time:228.477s
41542183
Trial: 83, Time:229.110s
41328213
Trial: 84, Time:228.574s
40626714
Trial: 85, Time:225.485s
40494305
Trial: 86, Time:225.523s
40818517
Trial: 87, Time:226.228s
40657415
Trial: 88, Time:227.044s
40887211
Trial: 89, Time:227.170s
40792708
Trial: 90, Time:226.374s
41109578
Trial: 91, Time:228.053s
41928023
Trial: 92, Time:231.203s
42084209
Trial: 93, Time:231.414s
41967901
Trial: 94, Time:231.944s
41879203
Trial: 95, Time:232.676s
41777093
Trial: 96, Time:231.455s
41306436
Trial: 97, Time:228.325s
41710155
Trial: 98, Time:229.178s
43151474
Trial: 99, Time:235.728s
41815338
Trial: 100, Time:230.333s
41807432
Trial: 101, Time:232.009s
42427216
Trial: 102, Time:235.498s
42044928
Trial: 103, Time:231.205s
41915180
Trial: 104, Time:229.907s
42310291
Trial: 105, Time:232.057s
42106745
Trial: 106, Time:231.504s
42098320
Trial: 107, Time:231.592s
42057236
Trial: 108, Time:231.776s
42309143
Trial: 109, Time:232.806s
41569982
Trial: 110, Time:229.565s
40663945
Trial: 111, Time:225.014s
40086109
Trial: 112, Time:223.158s
40717490
Trial: 113, Time:223.953s
40956938
Trial: 114, Time:225.288s
39524542
Trial: 115, Time:221.107s
40431938
Trial: 116, Time:223.857s
40283324
Trial: 117, Time:223.831s
39640234
Trial: 118, Time:219.694s
40180816
Trial: 119, Time:222.131s
39374946
Trial: 120, Time:218.693s
40278731
Trial: 121, Time:222.699s
40358066
Trial: 122, Time:221.749s
40671446
Trial: 123, Time:223.589s
40162628
Trial: 124, Time:222.025s
40508349
Trial: 125, Time:223.929s
40777589
Trial: 126, Time:225.157s
39878731
Trial: 127, Time:221.790s
40223120
Trial: 128, Time:222.215s
39349871
Trial: 129, Time:218.839s
40437867
Trial: 130, Time:223.262s
40841793
Trial: 131, Time:226.431s
40238879
Trial: 132, Time:223.158s
40186620
Trial: 133, Time:224.605s
39520841
Trial: 134, Time:221.717s
40059730
Trial: 135, Time:224.742s
39611963
Trial: 136, Time:222.454s
40745683
Trial: 137, Time:226.220s
41894130
Trial: 138, Time:230.602s
41618615
Trial: 139, Time:229.292s
41769047
Trial: 140, Time:229.889s
41734560
Trial: 141, Time:230.185s
40814144
Trial: 142, Time:225.402s
41041955
Trial: 143, Time:225.443s
40900220
Trial: 144, Time:224.256s
40981267
Trial: 145, Time:226.087s
40678985
Trial: 146, Time:224.110s
40275776
Trial: 147, Time:220.054s
40935318
Trial: 148, Time:222.965s
40017600
Trial: 149, Time:221.273s
40039769
Trial: 150, Time:221.374s
40678596
Trial: 151, Time:223.161s
41152854
Trial: 152, Time:225.428s
41228481
Trial: 153, Time:226.283s
41090574
Trial: 154, Time:225.199s
41837944
Trial: 155, Time:227.110s
41539521
Trial: 156, Time:224.975s
41552055
Trial: 157, Time:226.206s
41910166
Trial: 158, Time:228.512s
41903691
Trial: 159, Time:229.057s
41224233
Trial: 160, Time:225.441s
42476987
Trial: 161, Time:230.359s
42034829
Trial: 162, Time:229.109s
42565760
Trial: 163, Time:230.998s
41426333
Trial: 164, Time:226.293s
41041161
Trial: 165, Time:223.908s
41787942
Trial: 166, Time:226.764s
41434220
Trial: 167, Time:225.788s
41121405
Trial: 168, Time:224.219s
42421313
Trial: 169, Time:229.053s
41564751
Trial: 170, Time:224.500s
42066750
Trial: 171, Time:228.037s
42359166
Trial: 172, Time:228.942s
42274415
Trial: 173, Time:229.316s
41218555
Trial: 174, Time:224.980s
40954919
Trial: 175, Time:223.584s
41151028
Trial: 176, Time:224.405s
39657286
Trial: 177, Time:219.672s
40650877
Trial: 178, Time:222.704s
41043167
Trial: 179, Time:224.251s
40520626
Trial: 180, Time:222.263s
40719086
Trial: 181, Time:223.965s
40970583
Trial: 182, Time:224.299s
40899281
Trial: 183, Time:224.015s
39839609
Trial: 184, Time:219.812s
39313630
Trial: 185, Time:217.424s
39940048
Trial: 186, Time:218.988s
40247364
Trial: 187, Time:221.019s
40044101
Trial: 188, Time:219.364s
40672738
Trial: 189, Time:223.186s
40792973
Trial: 190, Time:223.110s
40902679
Trial: 191, Time:223.799s
41064509
Trial: 192, Time:223.082s
40934187
Trial: 193, Time:223.020s
40699827
Trial: 194, Time:221.373s
40211275
Trial: 195, Time:220.439s
39598811
Trial: 196, Time:219.322s
39822254
Trial: 197, Time:220.200s
39618620
Trial: 198, Time:219.346s
39644539
Trial: 199, Time:219.708s
40220488
Trial: 200, Time:221.304s
39690857
Trial: 201, Time:219.715s
39496018
Trial: 202, Time:218.493s
39510674
Trial: 203, Time:219.016s
40090645
Trial: 204, Time:220.633s
39705584
Trial: 205, Time:219.478s
40134295
Trial: 206, Time:220.650s
40891519
Trial: 207, Time:224.294s
40821271
Trial: 208, Time:223.300s
41220496
Trial: 209, Time:224.657s
41489332
Trial: 210, Time:224.851s
41072075
Trial: 211, Time:223.855s
41195950
Trial: 212, Time:223.045s
41068976
Trial: 213, Time:222.608s
41534325
Trial: 214, Time:224.866s
41417153
Trial: 215, Time:225.464s
40874493
Trial: 216, Time:223.648s
40356849
Trial: 217, Time:220.862s
39928569
Trial: 218, Time:218.403s
40339946
Trial: 219, Time:219.658s
39128229
Trial: 220, Time:213.341s
39762721
Trial: 221, Time:215.974s
39818558
Trial: 222, Time:215.309s
38954751
Trial: 223, Time:211.000s
39482584
Trial: 224, Time:213.360s
38631275
Trial: 225, Time:210.445s
39888077
Trial: 226, Time:215.119s
39100447
Trial: 227, Time:212.050s
37986097
Trial: 228, Time:207.990s
37983840
Trial: 229, Time:208.141s
38770836
Trial: 230, Time:211.471s
39020666
Trial: 231, Time:212.695s
40155361
Trial: 232, Time:216.469s
40667563
Trial: 233, Time:219.417s
40107236
Trial: 234, Time:217.411s
38987614
Trial: 235, Time:213.114s
39961907
Trial: 236, Time:216.678s
40362385
Trial: 237, Time:217.931s
40046785
Trial: 238, Time:217.472s
39852135
Trial: 239, Time:216.599s
39287903
Trial: 240, Time:213.941s
39697619
Trial: 241, Time:215.938s
41208169
Trial: 242, Time:222.164s
40711362
Trial: 243, Time:221.584s
40507259
Trial: 244, Time:221.559s
40365306
Trial: 245, Time:221.652s
41684144
Trial: 246, Time:225.387s
41736834
Trial: 247, Time:226.713s
41223720
Trial: 248, Time:224.738s
41091491
Trial: 249, Time:224.531s
40505844
Trial: 250, Time:221.437s
41396052
Trial: 251, Time:225.987s
41398598
Trial: 252, Time:226.614s
42298688
Trial: 253, Time:230.490s
42956923
Trial: 254, Time:232.136s
42233154
Trial: 255, Time:228.569s
43603920
Trial: 256, Time:234.186s
43260472
Trial: 257, Time:232.078s
42564017
Trial: 258, Time:228.005s
42655041
Trial: 259, Time:228.914s
42328870
Trial: 260, Time:227.499s
42551266
Trial: 261, Time:227.512s
42719454
Trial: 262, Time:228.176s
43505700
Trial: 263, Time:232.474s
41797363
Trial: 264, Time:225.103s
41795428
Trial: 265, Time:224.229s
41694423
Trial: 266, Time:224.684s
40949385
Trial: 267, Time:221.555s
40061113
Trial: 268, Time:219.155s
40861097
Trial: 269, Time:223.088s
40527539
Trial: 270, Time:221.381s
39757452
Trial: 271, Time:218.128s
39438846
Trial: 272, Time:216.396s
38982461
Trial: 273, Time:215.199s
40200550
Trial: 274, Time:221.111s
40086528
Trial: 275, Time:222.437s
39649342
Trial: 276, Time:220.698s
39521989
Trial: 277, Time:221.123s
39801658
Trial: 278, Time:221.981s
38897171
Trial: 279, Time:217.718s
39887925
Trial: 280, Time:222.329s
38840793
Trial: 281, Time:217.029s
39333583
Trial: 282, Time:219.053s
40542646
Trial: 283, Time:224.159s
40531789
Trial: 284, Time:222.793s
40440339
Trial: 285, Time:221.698s
39822572
Trial: 286, Time:219.517s
39984454
Trial: 287, Time:220.641s
39771030
Trial: 288, Time:220.055s
39731724
Trial: 289, Time:220.533s
39187900
Trial: 290, Time:218.734s
39056954
Trial: 291, Time:217.939s
39638490
Trial: 292, Time:219.258s
39439169
Trial: 293, Time:218.685s
38502474
Trial: 294, Time:213.829s
38884959
Trial: 295, Time:215.679s
38752680
Trial: 296, Time:214.488s
38977079
Trial: 297, Time:213.370s
38084522
Trial: 298, Time:210.256s
38998628
Trial: 299, Time:212.878s
39557101
Trial: 300, Time:215.575s
40351981
Trial: 301, Time:219.072s
39496312
Trial: 302, Time:215.175s
39588481
Trial: 303, Time:216.379s
39248245
Trial: 304, Time:212.914s
39066826
Trial: 305, Time:211.722s
38783349
Trial: 306, Time:210.455s
38167197
Trial: 307, Time:209.083s
38300501
Trial: 308, Time:209.705s
38453053
Trial: 309, Time:209.950s
39379344
Trial: 310, Time:214.838s
38236380
Trial: 311, Time:210.469s
38266597
Trial: 312, Time:210.168s
37356746
Trial: 313, Time:206.841s
37828338
Trial: 314, Time:207.318s
38595925
Trial: 315, Time:210.819s
39178533
Trial: 316, Time:212.458s
39703397
Trial: 317, Time:215.367s
39419882
Trial: 318, Time:213.599s
39800275
Trial: 319, Time:217.088s
38742424
Trial: 320, Time:212.719s
39517042
Trial: 321, Time:215.891s
39280700
Trial: 322, Time:214.486s
40228065
Trial: 323, Time:218.609s
40009388
Trial: 324, Time:218.724s
40181832
Trial: 325, Time:220.899s
39876563
Trial: 326, Time:219.225s
39485153
Trial: 327, Time:216.479s
40262105
Trial: 328, Time:219.342s
39771558
Trial: 329, Time:217.755s
40007332
Trial: 330, Time:218.346s
39834756
Trial: 331, Time:218.754s
40592675
Trial: 332, Time:221.371s
40895015
Trial: 333, Time:222.707s
41060316
Trial: 334, Time:224.872s
39585379
Trial: 335, Time:217.190s
39639528
Trial: 336, Time:216.604s
40997870
Trial: 337, Time:221.984s
41214028
Trial: 338, Time:222.384s
41347821
Trial: 339, Time:224.038s
41052309
Trial: 340, Time:223.383s
40849646
Trial: 341, Time:222.380s
40694764
Trial: 342, Time:220.377s
40504550
Trial: 343, Time:218.851s
40385107
Trial: 344, Time:219.113s
40614373
Trial: 345, Time:221.376s
40955794
Trial: 346, Time:223.467s
39687443
Trial: 347, Time:218.341s
39486735
Trial: 348, Time:217.732s
39419751
Trial: 349, Time:218.327s
38147800
Trial: 350, Time:212.982s
37895914
Trial: 351, Time:211.900s
38612177
Trial: 352, Time:214.924s
38517829
Trial: 353, Time:213.571s
38107164
Trial: 354, Time:210.997s
37733841
Trial: 355, Time:209.992s
38163731
Trial: 356, Time:212.273s
38707227
Trial: 357, Time:213.635s
37843107
Trial: 358, Time:210.912s
36949068
Trial: 359, Time:208.115s
36424877
Trial: 360, Time:204.991s
36904697
Trial: 361, Time:204.974s
37515976
Trial: 362, Time:208.326s
38266106
Trial: 363, Time:211.272s
37571967
Trial: 364, Time:208.096s
38276216
Trial: 365, Time:212.225s
38502360
Trial: 366, Time:213.471s
37661494
Trial: 367, Time:210.135s
37556751
Trial: 368, Time:209.748s
38086677
Trial: 369, Time:211.601s
38396647
Trial: 370, Time:212.039s
38760188
Trial: 371, Time:214.101s
39183187
Trial: 372, Time:215.204s
39759236
Trial: 373, Time:216.821s
40970042
Trial: 374, Time:221.962s
39694651
Trial: 375, Time:217.255s
39192045
Trial: 376, Time:215.751s
39273961
Trial: 377, Time:215.814s
38687962
Trial: 378, Time:213.599s
39030223
Trial: 379, Time:213.962s
40281584
Trial: 380, Time:218.522s
40418220
Trial: 381, Time:220.661s
40637413
Trial: 382, Time:221.820s
40011491
Trial: 383, Time:219.438s
40270563
Trial: 384, Time:219.274s
40596597
Trial: 385, Time:219.416s
40484937
Trial: 386, Time:218.329s
40308116
Trial: 387, Time:218.047s
41101133
Trial: 388, Time:222.017s
40919949
Trial: 389, Time:221.109s
41041828
Trial: 390, Time:222.367s
40005292
Trial: 391, Time:219.333s
38806799
Trial: 392, Time:212.456s
39196478
Trial: 393, Time:212.028s
39640814
Trial: 394, Time:214.208s
39280128
Trial: 395, Time:213.697s
38802746
Trial: 396, Time:211.542s
39647092
Trial: 397, Time:215.882s
40284461
Trial: 398, Time:218.105s
39830104
Trial: 399, Time:217.802s
40395766
Trial: 400, Time:220.090s
40039706
Trial: 401, Time:218.650s
42403540
Trial: 402, Time:227.992s
41357602
Trial: 403, Time:223.550s
40576821
Trial: 404, Time:221.873s
40957314
Trial: 405, Time:222.881s
39600273
Trial: 406, Time:216.139s
39805166
Trial: 407, Time:217.517s
40483108
Trial: 408, Time:220.254s
40446739
Trial: 409, Time:219.502s
40318788
Trial: 410, Time:218.339s
40465136
Trial: 411, Time:218.950s
41208420
Trial: 412, Time:222.003s
41140116
Trial: 413, Time:222.427s
40583168
Trial: 414, Time:219.987s
40481850
Trial: 415, Time:220.027s
40370669
Trial: 416, Time:218.628s
40293097
Trial: 417, Time:220.312s
40443024
Trial: 418, Time:220.168s
40320540
Trial: 419, Time:220.839s
41089546
Trial: 420, Time:224.915s
40866996
Trial: 421, Time:223.712s
40509969
Trial: 422, Time:221.965s
40841962
Trial: 423, Time:223.703s
40210239
Trial: 424, Time:221.617s
39553198
Trial: 425, Time:219.411s
39781376
Trial: 426, Time:218.999s
39297648
Trial: 427, Time:217.970s
39768395
Trial: 428, Time:218.501s
39076062
Trial: 429, Time:215.937s
39915041
Trial: 430, Time:219.724s
39926397
Trial: 431, Time:219.976s
40013742
Trial: 432, Time:218.950s
40329902
Trial: 433, Time:218.375s
39486128
Trial: 434, Time:215.825s
39639812
Trial: 435, Time:217.325s
39889197
Trial: 436, Time:218.068s
39521396
Trial: 437, Time:216.975s
39844248
Trial: 438, Time:218.955s
39158151
Trial: 439, Time:215.782s
39632804
Trial: 440, Time:218.067s
39307216
Trial: 441, Time:216.725s
39812269
Trial: 442, Time:218.770s
39009368
Trial: 443, Time:214.105s
40069558
Trial: 444, Time:218.520s
40089380
Trial: 445, Time:219.395s
39897891
Trial: 446, Time:219.024s
40560933
Trial: 447, Time:221.105s
39584974
Trial: 448, Time:216.956s
38367259
Trial: 449, Time:212.729s
38222868
Trial: 450, Time:211.250s
38018808
Trial: 451, Time:210.903s
38179266
Trial: 452, Time:210.770s
38245447
Trial: 453, Time:211.582s
38706381
Trial: 454, Time:215.751s
38553808
Trial: 455, Time:215.064s
38371351
Trial: 456, Time:214.220s
38169296
Trial: 457, Time:212.974s
38299804
Trial: 458, Time:213.131s
38568973
Trial: 459, Time:214.201s
39248438
Trial: 460, Time:216.838s
39576491
Trial: 461, Time:217.794s
39799768
Trial: 462, Time:218.569s
40291965
Trial: 463, Time:219.957s
41019153
Trial: 464, Time:223.510s
40172441
Trial: 465, Time:220.404s
41489835
Trial: 466, Time:225.919s
41376362
Trial: 467, Time:226.229s
40203934
Trial: 468, Time:221.087s
40034236
Trial: 469, Time:220.487s
41067843
Trial: 470, Time:225.091s
41950137
Trial: 471, Time:229.363s
41950013
Trial: 472, Time:227.741s
42482723
Trial: 473, Time:231.341s
41847113
Trial: 474, Time:228.625s
42120584
Trial: 475, Time:229.404s
41953094
Trial: 476, Time:226.842s
42278301
Trial: 477, Time:230.116s
42686396
Trial: 478, Time:231.579s
42540447
Trial: 479, Time:231.845s
44046133
Trial: 480, Time:239.737s
43412776
Trial: 481, Time:236.329s
43111292
Trial: 482, Time:236.155s
42911507
Trial: 483, Time:235.874s
42685649
Trial: 484, Time:235.367s
41835682
Trial: 485, Time:231.915s
41512676
Trial: 486, Time:229.511s
41682394
Trial: 487, Time:230.062s
41263655
Trial: 488, Time:227.983s
41405002
Trial: 489, Time:227.987s
40571076
Trial: 490, Time:224.089s
41255875
Trial: 491, Time:226.651s
41239779
Trial: 492, Time:226.576s
41139694
Trial: 493, Time:225.180s
40569407
Trial: 494, Time:223.371s
40838318
Trial: 495, Time:222.878s
41222048
Trial: 496, Time:224.377s
40932456
Trial: 497, Time:223.454s
40387686
Trial: 498, Time:220.237s
40269049
Trial: 499, Time:219.782s
40461076
Trial: 500, Time:221.132s
39646065
Trial: 501, Time:218.541s
39903654
Trial: 502, Time:219.244s
39137020
Trial: 503, Time:216.192s
39728624
Trial: 504, Time:217.625s
40346381
Trial: 505, Time:221.111s
39698571
Trial: 506, Time:217.829s
38851292
Trial: 507, Time:214.345s
39425555
Trial: 508, Time:216.811s
40421707
Trial: 509, Time:221.274s
40441597
Trial: 510, Time:221.449s
40050543
Trial: 511, Time:220.091s
40478445
Trial: 512, Time:222.037s
39967457
Trial: 513, Time:220.132s
40377525
Trial: 514, Time:220.244s
41034452
Trial: 515, Time:223.138s
40514616
Trial: 516, Time:220.226s
39331838
Trial: 517, Time:215.721s
38992605
Trial: 518, Time:214.099s
38981620
Trial: 519, Time:213.876s
38359704
Trial: 520, Time:212.232s
38545295
Trial: 521, Time:212.622s
38800152
Trial: 522, Time:214.099s
38804767
Trial: 523, Time:214.668s
38764059
Trial: 524, Time:214.610s
38540447
Trial: 525, Time:214.226s
38003741
Trial: 526, Time:213.749s
37822690
Trial: 527, Time:212.900s
38186289
Trial: 528, Time:214.651s
38636923
Trial: 529, Time:217.747s
38669709
Trial: 530, Time:216.951s
39068282
Trial: 531, Time:218.607s
39919277
Trial: 532, Time:222.788s
39497647
Trial: 533, Time:222.190s
38845947
Trial: 534, Time:219.741s
39336443
Trial: 535, Time:221.439s
38954592
Trial: 536, Time:217.979s
39227305
Trial: 537, Time:218.974s
40010504
Trial: 538, Time:222.201s
40249898
Trial: 539, Time:222.811s
39841120
Trial: 540, Time:221.144s
39982523
Trial: 541, Time:222.065s
39963414
Trial: 542, Time:221.334s
40134842
Trial: 543, Time:222.474s
39644892
Trial: 544, Time:219.510s
38799091
Trial: 545, Time:216.001s
38958700
Trial: 546, Time:217.021s
38657902
Trial: 547, Time:216.161s
39345171
Trial: 548, Time:217.332s
39291262
Trial: 549, Time:217.168s
40342547
Trial: 550, Time:220.006s
40357115
Trial: 551, Time:219.841s
40373172
Trial: 552, Time:218.617s
41259531
Trial: 553, Time:223.899s
40064061
Trial: 554, Time:218.751s
39659631
Trial: 555, Time:216.309s
40208753
Trial: 556, Time:219.353s
38795282
Trial: 557, Time:214.293s
38744542
Trial: 558, Time:213.309s
39920822
Trial: 559, Time:218.161s
40620799
Trial: 560, Time:221.325s
40991734
Trial: 561, Time:223.148s
41648670
Trial: 562, Time:225.008s
42470796
Trial: 563, Time:228.411s
43089206
Trial: 564, Time:232.130s
43188204
Trial: 565, Time:232.275s
42388123
Trial: 566, Time:229.339s
42336943
Trial: 567, Time:230.120s
42142171
Trial: 568, Time:227.226s
42659544
Trial: 569, Time:228.681s
42073164
Trial: 570, Time:224.793s
41599206
Trial: 571, Time:223.847s
41915957
Trial: 572, Time:224.694s
41371358
Trial: 573, Time:224.043s
42751490
Trial: 574, Time:229.756s
42771388
Trial: 575, Time:230.217s
42484115
Trial: 576, Time:228.134s
43244891
Trial: 577, Time:231.824s
42227757
Trial: 578, Time:228.055s
43523224
Trial: 579, Time:233.948s
42642472
Trial: 580, Time:229.969s
42030686
Trial: 581, Time:228.465s
42516347
Trial: 582, Time:230.048s
41774901
Trial: 583, Time:226.889s
41752422
Trial: 584, Time:227.274s
42703313
Trial: 585, Time:232.097s
41501778
Trial: 586, Time:225.812s
41297975
Trial: 587, Time:225.725s
40321438
Trial: 588, Time:220.959s
40891194
Trial: 589, Time:222.255s
40773713
Trial: 590, Time:220.446s
41251827
Trial: 591, Time:224.175s
42051043
Trial: 592, Time:226.363s
40856877
Trial: 593, Time:221.171s
40495401
Trial: 594, Time:219.679s
39980459
Trial: 595, Time:218.154s
40366135
Trial: 596, Time:219.325s
39819938
Trial: 597, Time:218.517s
39445242
Trial: 598, Time:218.265s
39676566
Trial: 599, Time:218.966s
40104054
Trial: 600, Time:221.310s
40852399
Trial: 601, Time:224.563s
40738161
Trial: 602, Time:224.139s
40655956
Trial: 603, Time:224.435s
40412719
Trial: 604, Time:223.196s
40139469
Trial: 605, Time:221.647s
40180692
Trial: 606, Time:220.140s
40598934
Trial: 607, Time:223.300s
40274299
Trial: 608, Time:222.608s
40864618
Trial: 609, Time:224.757s
40768719
Trial: 610, Time:224.535s
40553685
Trial: 611, Time:223.557s
41127622
Trial: 612, Time:224.711s
40868051
Trial: 613, Time:222.274s
41766972
Trial: 614, Time:224.640s
41046276
Trial: 615, Time:221.981s
40721265
Trial: 616, Time:221.102s
41059538
Trial: 617, Time:223.046s
41056374
Trial: 618, Time:223.977s
41798899
Trial: 619, Time:226.891s
40921998
Trial: 620, Time:223.072s
40831446
Trial: 621, Time:221.767s
41380924
Trial: 622, Time:223.179s
40525568
Trial: 623, Time:219.861s
40311515
Trial: 624, Time:219.438s
40710812
Trial: 625, Time:221.439s
40827384
Trial: 626, Time:222.219s
40770149
Trial: 627, Time:221.774s
41412394
Trial: 628, Time:223.766s
39836128
Trial: 629, Time:217.666s
41122349
Trial: 630, Time:222.093s
41179647
Trial: 631, Time:221.770s
41017957
Trial: 632, Time:220.035s
40530054
Trial: 633, Time:218.775s
40045676
Trial: 634, Time:217.335s
40295273
Trial: 635, Time:219.994s
40146489
Trial: 636, Time:218.386s
39487259
Trial: 637, Time:217.521s
39752289
Trial: 638, Time:217.916s
39130434
Trial: 639, Time:215.868s
40710576
Trial: 640, Time:223.040s
40196506
Trial: 641, Time:220.166s
39683564
Trial: 642, Time:218.751s
39800141
Trial: 643, Time:219.433s
39801253
Trial: 644, Time:221.508s
39251332
Trial: 645, Time:219.841s
38587353
Trial: 646, Time:216.004s
38591872
Trial: 647, Time:215.040s
39023833
Trial: 648, Time:216.397s
38890183
Trial: 649, Time:215.617s
39172566
Trial: 650, Time:216.296s
38947432
Trial: 651, Time:215.028s
38397923
Trial: 652, Time:211.713s
38711564
Trial: 653, Time:212.656s
38587024
Trial: 654, Time:212.825s
37774470
Trial: 655, Time:208.742s
38807986
Trial: 656, Time:213.794s
38227230
Trial: 657, Time:211.608s
39712343
Trial: 658, Time:218.093s
39886232
Trial: 659, Time:219.087s
40114550
Trial: 660, Time:220.227s
40419534
Trial: 661, Time:222.105s
41475435
Trial: 662, Time:226.618s
41333099
Trial: 663, Time:226.858s
40990898
Trial: 664, Time:226.514s
42032540
Trial: 665, Time:230.055s
41405842
Trial: 666, Time:226.644s
40930619
Trial: 667, Time:225.739s
40991294
Trial: 668, Time:227.100s
41579806
Trial: 669, Time:228.110s
42483777
Trial: 670, Time:231.142s
42261946
Trial: 671, Time:229.607s
41756224
Trial: 672, Time:227.216s
41661035
Trial: 673, Time:227.676s
42454401
Trial: 674, Time:230.230s
41525325
Trial: 675, Time:228.160s
40798889
Trial: 676, Time:225.208s
40454752
Trial: 677, Time:225.008s
40218299
Trial: 678, Time:224.176s
40429409
Trial: 679, Time:224.730s
41694859
Trial: 680, Time:228.202s
41460332
Trial: 681, Time:226.603s
41547771
Trial: 682, Time:226.769s
41123027
Trial: 683, Time:225.440s
39779756
Trial: 684, Time:219.712s
40067801
Trial: 685, Time:219.788s
40156778
Trial: 686, Time:219.790s
40681274
Trial: 687, Time:221.089s
41561987
Trial: 688, Time:224.357s
41407798
Trial: 689, Time:224.044s
40602264
Trial: 690, Time:220.496s
41000284
Trial: 691, Time:222.245s
40803271
Trial: 692, Time:220.532s
40919846
Trial: 693, Time:222.054s
40885652
Trial: 694, Time:222.210s
40850680
Trial: 695, Time:222.435s
41310840
Trial: 696, Time:225.705s
40974318
Trial: 697, Time:225.786s
40105729
Trial: 698, Time:221.704s
39877851
Trial: 699, Time:219.821s
39811375
Trial: 700, Time:220.079s
40380911
Trial: 701, Time:224.066s
40791501
Trial: 702, Time:225.391s
41394128
Trial: 703, Time:227.163s
40497819
Trial: 704, Time:221.521s
41861641
Trial: 705, Time:226.253s
41033190
Trial: 706, Time:222.740s
41790665
Trial: 707, Time:226.415s
41341734
Trial: 708, Time:223.976s
42379059
Trial: 709, Time:229.649s
41930923
Trial: 710, Time:227.130s
41767622
Trial: 711, Time:227.249s
41188068
Trial: 712, Time:225.357s
41502857
Trial: 713, Time:226.178s
40833630
Trial: 714, Time:223.548s
40028451
Trial: 715, Time:220.098s
39857649
Trial: 716, Time:220.150s
39408091
Trial: 717, Time:218.597s
39966867
Trial: 718, Time:220.037s
39968245
Trial: 719, Time:221.189s
39801199
Trial: 720, Time:219.204s
39531285
Trial: 721, Time:218.524s
39779326
Trial: 722, Time:220.261s
39459124
Trial: 723, Time:219.406s
39623126
Trial: 724, Time:219.636s
40063781
Trial: 725, Time:222.063s
41012152
Trial: 726, Time:224.472s
40991038
Trial: 727, Time:224.310s
40470425
Trial: 728, Time:222.732s
40419647
Trial: 729, Time:223.041s
40988003
Trial: 730, Time:225.023s
40218274
Trial: 731, Time:222.359s
39857561
Trial: 732, Time:220.038s
40954952
Trial: 733, Time:223.251s
40925686
Trial: 734, Time:222.235s
40536092
Trial: 735, Time:219.740s
41014278
Trial: 736, Time:224.595s
41919294
Trial: 737, Time:228.118s
40637260
Trial: 738, Time:223.139s
41379585
Trial: 739, Time:227.375s
40881451
Trial: 740, Time:226.194s
41844218
Trial: 741, Time:230.328s
42761042
Trial: 742, Time:232.428s
42057490
Trial: 743, Time:230.181s
41773973
Trial: 744, Time:229.396s
40763245
Trial: 745, Time:226.384s
40825478
Trial: 746, Time:225.284s
41335841
Trial: 747, Time:227.420s
41713215
Trial: 748, Time:227.216s
41825925
Trial: 749, Time:228.759s
40923587
Trial: 750, Time:224.393s
41284541
Trial: 751, Time:224.389s
41766326
Trial: 752, Time:225.178s
42335829
Trial: 753, Time:228.724s
42049298
Trial: 754, Time:226.856s
42090513
Trial: 755, Time:227.848s
41925364
Trial: 756, Time:226.864s
41653531
Trial: 757, Time:227.062s
41428346
Trial: 758, Time:226.034s
39867320
Trial: 759, Time:220.207s
40540864
Trial: 760, Time:223.267s
39186276
Trial: 761, Time:217.588s
38908158
Trial: 762, Time:216.171s
38063158
Trial: 763, Time:213.072s
38353053
Trial: 764, Time:213.569s
38689970
Trial: 765, Time:215.343s
38282227
Trial: 766, Time:213.743s
38333744
Trial: 767, Time:215.538s
38101839
Trial: 768, Time:213.319s
37994907
Trial: 769, Time:212.637s
38683780
Trial: 770, Time:215.182s
38444125
Trial: 771, Time:214.795s
39124147
Trial: 772, Time:216.626s
39741846
Trial: 773, Time:218.115s
39161614
Trial: 774, Time:214.454s
38744328
Trial: 775, Time:212.647s
39859697
Trial: 776, Time:217.368s
39490119
Trial: 777, Time:215.228s
39943150
Trial: 778, Time:217.959s
39244446
Trial: 779, Time:216.001s
39312855
Trial: 780, Time:216.896s
39692933
Trial: 781, Time:219.217s
38766827
Trial: 782, Time:214.633s
38829725
Trial: 783, Time:214.622s
38124296
Trial: 784, Time:210.793s
38766325
Trial: 785, Time:213.219s
39455058
Trial: 786, Time:216.247s
38086437
Trial: 787, Time:211.069s
38473603
Trial: 788, Time:212.278s
39169956
Trial: 789, Time:216.036s
38924431
Trial: 790, Time:215.631s
39041928
Trial: 791, Time:216.108s
38909392
Trial: 792, Time:216.845s
39409795
Trial: 793, Time:218.814s
39145961
Trial: 794, Time:216.444s
38991900
Trial: 795, Time:215.828s
39245243
Trial: 796, Time:217.774s
39688012
Trial: 797, Time:220.326s
40323516
Trial: 798, Time:222.360s
39869968
Trial: 799, Time:220.740s
39755206
Trial: 800, Time:218.676s
40164438
Trial: 801, Time:220.747s
39876615
Trial: 802, Time:219.780s
40286158
Trial: 803, Time:221.134s
39546857
Trial: 804, Time:218.115s
39467012
Trial: 805, Time:217.369s
40036316
Trial: 806, Time:220.171s
40067491
Trial: 807, Time:221.280s
39565475
Trial: 808, Time:219.416s
37984600
Trial: 809, Time:212.559s
38849021
Trial: 810, Time:216.715s
39313197
Trial: 811, Time:218.431s
39145449
Trial: 812, Time:216.372s
38276784
Trial: 813, Time:213.598s
38233388
Trial: 814, Time:213.444s
38718082
Trial: 815, Time:214.545s
38684037
Trial: 816, Time:214.471s
38670742
Trial: 817, Time:214.534s
38889659
Trial: 818, Time:216.714s
38508169
Trial: 819, Time:214.567s
39118314
Trial: 820, Time:216.570s
39340484
Trial: 821, Time:217.771s
40020527
Trial: 822, Time:219.624s
39611344
Trial: 823, Time:218.498s
40315669
Trial: 824, Time:220.930s
39641770
Trial: 825, Time:217.483s
40337347
Trial: 826, Time:221.169s
40504608
Trial: 827, Time:221.414s
40600924
Trial: 828, Time:222.342s
39974154
Trial: 829, Time:219.278s
39128143
Trial: 830, Time:215.115s
40364846
Trial: 831, Time:220.024s
40456965
Trial: 832, Time:220.610s
40914719
Trial: 833, Time:222.817s
40907839
Trial: 834, Time:221.859s
40643448
Trial: 835, Time:221.421s
39981954
Trial: 836, Time:217.828s
39724316
Trial: 837, Time:216.850s
39497568
Trial: 838, Time:216.852s
39529672
Trial: 839, Time:218.087s
39227155
Trial: 840, Time:215.860s
39742980
Trial: 841, Time:218.249s
39607973
Trial: 842, Time:218.122s
39548567
Trial: 843, Time:217.889s
39198596
Trial: 844, Time:216.751s
37845004
Trial: 845, Time:210.632s
38269406
Trial: 846, Time:212.136s
37644219
Trial: 847, Time:210.532s
37737034
Trial: 848, Time:211.133s
37857048
Trial: 849, Time:210.627s
37663320
Trial: 850, Time:209.859s
37963567
Trial: 851, Time:211.560s
37957908
Trial: 852, Time:211.497s
38381060
Trial: 853, Time:213.325s
39242620
Trial: 854, Time:217.567s
39234210
Trial: 855, Time:218.735s
39453844
Trial: 856, Time:218.076s
40281076
Trial: 857, Time:222.291s
40193028
Trial: 858, Time:222.163s
39953405
Trial: 859, Time:219.561s
40165419
Trial: 860, Time:219.817s
40451233
Trial: 861, Time:220.274s
40457673
Trial: 862, Time:219.413s
41578984
Trial: 863, Time:224.317s
40688520
Trial: 864, Time:222.310s
41020781
Trial: 865, Time:223.208s
40373406
Trial: 866, Time:221.458s
39595739
Trial: 867, Time:218.600s
38733681
Trial: 868, Time:215.737s
39278200
Trial: 869, Time:217.922s
39268181
Trial: 870, Time:218.098s
39373518
Trial: 871, Time:218.627s
39230550
Trial: 872, Time:217.802s
39694883
Trial: 873, Time:218.186s
40548343
Trial: 874, Time:221.818s
39075430
Trial: 875, Time:214.892s
38704185
Trial: 876, Time:213.092s
38765742
Trial: 877, Time:213.765s
38355416
Trial: 878, Time:212.216s
38507279
Trial: 879, Time:210.951s
39105413
Trial: 880, Time:213.642s
39459261
Trial: 881, Time:214.716s
39292216
Trial: 882, Time:213.520s
39574758
Trial: 883, Time:214.670s
39776765
Trial: 884, Time:215.619s
39590666
Trial: 885, Time:215.050s
40126275
Trial: 886, Time:217.687s
40136833
Trial: 887, Time:217.719s
39859287
Trial: 888, Time:217.765s
39194407
Trial: 889, Time:214.429s
38893194
Trial: 890, Time:213.380s
39748775
Trial: 891, Time:216.609s
40007549
Trial: 892, Time:217.729s
39265240
Trial: 893, Time:216.323s
39042809
Trial: 894, Time:216.171s
39847218
Trial: 895, Time:219.353s
39557302
Trial: 896, Time:218.472s
39716774
Trial: 897, Time:217.647s
39553317
Trial: 898, Time:218.011s
38320266
Trial: 899, Time:212.765s
40231391
Trial: 900, Time:220.727s
40826604
Trial: 901, Time:223.220s
40007034
Trial: 902, Time:219.203s
40496173
Trial: 903, Time:222.158s
40344405
Trial: 904, Time:220.162s
40731555
Trial: 905, Time:223.862s
39771371
Trial: 906, Time:220.910s
39358043
Trial: 907, Time:219.891s
40416466
Trial: 908, Time:224.075s
40395446
Trial: 909, Time:223.985s
39703268
Trial: 910, Time:220.555s
40246036
Trial: 911, Time:223.537s
39492607
Trial: 912, Time:218.729s
39837219
Trial: 913, Time:220.410s
39059082
Trial: 914, Time:216.437s
39051244
Trial: 915, Time:216.467s
39545543
Trial: 916, Time:218.255s
40204818
Trial: 917, Time:221.108s
39865261
Trial: 918, Time:220.911s
39829520
Trial: 919, Time:220.200s
39313960
Trial: 920, Time:218.031s
39284397
Trial: 921, Time:217.124s
39494121
Trial: 922, Time:218.719s
38901514
Trial: 923, Time:216.231s
39056596
Trial: 924, Time:216.384s
39327807
Trial: 925, Time:218.196s
39878280
Trial: 926, Time:219.656s
39651180
Trial: 927, Time:217.948s
39263917
Trial: 928, Time:216.485s
39936398
Trial: 929, Time:219.326s
40378153
Trial: 930, Time:221.291s
40214536
Trial: 931, Time:220.086s
40396760
Trial: 932, Time:221.214s
40377186
Trial: 933, Time:220.771s
40223004
Trial: 934, Time:220.694s
40973069
Trial: 935, Time:224.785s
41351694
Trial: 936, Time:226.718s
41523235
Trial: 937, Time:227.481s
41169040
Trial: 938, Time:225.398s
41635428
Trial: 939, Time:226.532s
41115732
Trial: 940, Time:223.993s
40046102
Trial: 941, Time:219.321s
40257164
Trial: 942, Time:220.999s
40081406
Trial: 943, Time:218.277s
40252131
Trial: 944, Time:218.724s
40118659
Trial: 945, Time:219.913s
39839854
Trial: 946, Time:218.506s
40162586
Trial: 947, Time:220.240s
39332263
Trial: 948, Time:215.756s
40958101
Trial: 949, Time:223.938s
41738730
Trial: 950, Time:226.609s
40448338
Trial: 951, Time:221.528s
40588312
Trial: 952, Time:222.641s
39069789
Trial: 953, Time:216.174s
39109649
Trial: 954, Time:215.344s
39860973
Trial: 955, Time:219.611s
39287274
Trial: 956, Time:216.750s
38195472
Trial: 957, Time:211.472s
37824940
Trial: 958, Time:210.069s
37862476
Trial: 959, Time:210.236s
37839409
Trial: 960, Time:210.330s
37223313
Trial: 961, Time:209.375s
38288296
Trial: 962, Time:213.423s
38851900
Trial: 963, Time:215.839s
39503463
Trial: 964, Time:219.503s
39632587
Trial: 965, Time:220.292s
40820054
Trial: 966, Time:225.504s
40290105
Trial: 967, Time:223.465s
40234927
Trial: 968, Time:222.542s
39950812
Trial: 969, Time:220.752s
40004376
Trial: 970, Time:220.873s
39978200
Trial: 971, Time:220.353s
40326335
Trial: 972, Time:222.843s
39595387
Trial: 973, Time:219.105s
39528997
Trial: 974, Time:219.189s
39989429
Trial: 975, Time:221.175s
39506471
Trial: 976, Time:218.771s
40357908
Trial: 977, Time:222.826s
41315726
Trial: 978, Time:226.226s
41022056
Trial: 979, Time:224.563s
40434377
Trial: 980, Time:223.320s
39818121
Trial: 981, Time:220.137s
39121665
Trial: 982, Time:217.503s
39368636
Trial: 983, Time:217.742s
39338888
Trial: 984, Time:217.033s
38486017
Trial: 985, Time:212.714s
38692830
Trial: 986, Time:214.426s
38829679
Trial: 987, Time:214.496s
39500517
Trial: 988, Time:216.515s
39402922
Trial: 989, Time:216.054s
40307042
Trial: 990, Time:220.194s
39989410
Trial: 991, Time:219.013s
40218495
Trial: 992, Time:218.677s
40192419
Trial: 993, Time:218.708s
40207894
Trial: 994, Time:219.071s
40761412
Trial: 995, Time:221.351s
41289053
Trial: 996, Time:222.664s
41237626
Trial: 997, Time:223.375s
41132790
Trial: 998, Time:223.273s
41733049
Trial: 999, Time:226.386s
42315663
Trial: 1000, Time:229.183s
Raster array saved to '/home/data/einez/homeostat_SS/MFGoGr_SS_shuffleMF10percent_noCS_yesGoGo_yesgrGo_mfgrplast_allcell_1000_trial/MFGoGr_SS_shuffleMF10percent_noCS_yesGoGo_yesgrGo_mfgrplast_allcell_1000_trial_GOrasters.npy'
Raster array saved to '/home/data/einez/homeostat_SS/MFGoGr_SS_shuffleMF10percent_noCS_yesGoGo_yesgrGo_mfgrplast_allcell_1000_trial/MFGoGr_SS_shuffleMF10percent_noCS_yesGoGo_yesgrGo_mfgrplast_allcell_1000_trial_GRrasters.npy'
Raster array saved to '/home/data/einez/homeostat_SS/MFGoGr_SS_shuffleMF10percent_noCS_yesGoGo_yesgrGo_mfgrplast_allcell_1000_trial/MFGoGr_SS_shuffleMF10percent_noCS_yesGoGo_yesgrGo_mfgrplast_allcell_1000_trial_MFrasters.npy'
Raster array saved to '/home/data/einez/homeostat_SS/MFGoGr_SS_shuffleMF10percent_noCS_yesGoGo_yesgrGo_mfgrplast_allcell_1000_trial/MFGoGr_SS_shuffleMF10percent_noCS_yesGoGo_yesgrGo_mfgrplast_allcell_1000_trial_gogoW.npy'
Raster array saved to '/home/data/einez/homeostat_SS/MFGoGr_SS_shuffleMF10percent_noCS_yesGoGo_yesgrGo_mfgrplast_allcell_1000_trial/MFGoGr_SS_shuffleMF10percent_noCS_yesGoGo_yesgrGo_mfgrplast_allcell_1000_trial_grgoW.npy'
Raster array saved to '/home/data/einez/homeostat_SS/MFGoGr_SS_shuffleMF10percent_noCS_yesGoGo_yesgrGo_mfgrplast_allcell_1000_trial/MFGoGr_SS_shuffleMF10percent_noCS_yesGoGo_yesgrGo_mfgrplast_allcell_1000_trial_mfgoW.npy'
